<?xml version="1.0" encoding="UTF-8"?>
<!DOCTYPE coverage SYSTEM "https://raw.githubusercontent.com/cobertura/cobertura/master/cobertura/src/site/htdocs/xml/coverage-04.dtd">
<coverage line-rate="0.926348547717842" branch-rate="0" lines-covered="893" lines-valid="964" branches-covered="0" branches-valid="0" complexity="0" version="3.6.2" timestamp="2023-07-18 10:03:00.738182">
  <sources>
    <source>/__w/jmpost/jmpost/jmpost</source>
  </sources>
  <packages>
    <package name="jmpost" line-rate="0.926348547717842" branch-rate="0" complexity="0">
      <classes>
        <class name="DataJoint.R" filename="R/DataJoint.R" line-rate="1" branch-rate="0" complexity="0">
          <methods>
            <method name="DataJoint" signature="" line-rate="1" branch-rate="0" complexity="0">
              <lines>
                <line number="40" hits="5" branch="false"/>
                <line number="41" hits="5" branch="false"/>
                <line number="42" hits="5" branch="false"/>
                <line number="43" hits="5" branch="false"/>
                <line number="72" hits="3" branch="false"/>
                <line number="73" hits="3" branch="false"/>
                <line number="74" hits="3" branch="false"/>
                <line number="75" hits="3" branch="false"/>
              </lines>
            </method>
          </methods>
          <lines>
            <line number="40" hits="5" branch="false"/>
            <line number="41" hits="5" branch="false"/>
            <line number="42" hits="5" branch="false"/>
            <line number="43" hits="5" branch="false"/>
            <line number="72" hits="3" branch="false"/>
            <line number="73" hits="3" branch="false"/>
            <line number="74" hits="3" branch="false"/>
            <line number="75" hits="3" branch="false"/>
          </lines>
        </class>
        <class name="DataLongitudinal.R" filename="R/DataLongitudinal.R" line-rate="0.987341772151899" branch-rate="0" complexity="0">
          <methods>
            <method name="DataLongitudinal" signature="" line-rate="0.987341772151899" branch-rate="0" complexity="0">
              <lines>
                <line number="65" hits="5" branch="false"/>
                <line number="66" hits="5" branch="false"/>
                <line number="67" hits="5" branch="false"/>
                <line number="68" hits="5" branch="false"/>
                <line number="69" hits="5" branch="false"/>
                <line number="70" hits="5" branch="false"/>
                <line number="71" hits="5" branch="false"/>
                <line number="113" hits="10" branch="false"/>
                <line number="114" hits="10" branch="false"/>
                <line number="115" hits="10" branch="false"/>
                <line number="116" hits="10" branch="false"/>
                <line number="127" hits="20" branch="false"/>
                <line number="128" hits="20" branch="false"/>
                <line number="129" hits="20" branch="false"/>
                <line number="130" hits="20" branch="false"/>
                <line number="131" hits="20" branch="false"/>
                <line number="132" hits="20" branch="false"/>
                <line number="133" hits="20" branch="false"/>
                <line number="145" hits="4" branch="false"/>
                <line number="146" hits="4" branch="false"/>
                <line number="148" hits="4" branch="false"/>
                <line number="149" hits="4" branch="false"/>
                <line number="150" hits="4" branch="false"/>
                <line number="151" hits="4" branch="false"/>
                <line number="152" hits="4" branch="false"/>
                <line number="155" hits="4" branch="false"/>
                <line number="156" hits="2" branch="false"/>
                <line number="157" hits="4" branch="false"/>
                <line number="158" hits="2" branch="false"/>
                <line number="159" hits="4" branch="false"/>
                <line number="161" hits="4" branch="false"/>
                <line number="162" hits="4" branch="false"/>
                <line number="164" hits="4" branch="false"/>
                <line number="165" hits="4" branch="false"/>
                <line number="166" hits="4" branch="false"/>
                <line number="168" hits="4" branch="false"/>
                <line number="169" hits="4" branch="false"/>
                <line number="170" hits="4" branch="false"/>
                <line number="171" hits="0" branch="false"/>
                <line number="172" hits="4" branch="false"/>
                <line number="173" hits="4" branch="false"/>
                <line number="174" hits="4" branch="false"/>
                <line number="175" hits="4" branch="false"/>
                <line number="176" hits="4" branch="false"/>
                <line number="177" hits="4" branch="false"/>
                <line number="180" hits="4" branch="false"/>
                <line number="181" hits="4" branch="false"/>
                <line number="184" hits="4" branch="false"/>
                <line number="185" hits="4" branch="false"/>
                <line number="186" hits="4" branch="false"/>
                <line number="187" hits="4" branch="false"/>
                <line number="191" hits="4" branch="false"/>
                <line number="192" hits="4" branch="false"/>
                <line number="193" hits="4" branch="false"/>
                <line number="194" hits="4" branch="false"/>
                <line number="195" hits="4" branch="false"/>
                <line number="196" hits="4" branch="false"/>
                <line number="197" hits="4" branch="false"/>
                <line number="198" hits="4" branch="false"/>
                <line number="201" hits="4" branch="false"/>
                <line number="202" hits="4" branch="false"/>
                <line number="203" hits="4" branch="false"/>
                <line number="204" hits="4" branch="false"/>
                <line number="205" hits="4" branch="false"/>
                <line number="206" hits="4" branch="false"/>
                <line number="207" hits="4" branch="false"/>
                <line number="208" hits="4" branch="false"/>
                <line number="211" hits="4" branch="false"/>
                <line number="212" hits="4" branch="false"/>
                <line number="213" hits="4" branch="false"/>
                <line number="214" hits="4" branch="false"/>
                <line number="215" hits="4" branch="false"/>
                <line number="216" hits="4" branch="false"/>
                <line number="217" hits="4" branch="false"/>
                <line number="218" hits="4" branch="false"/>
                <line number="221" hits="4" branch="false"/>
                <line number="222" hits="4" branch="false"/>
                <line number="223" hits="4" branch="false"/>
                <line number="225" hits="4" branch="false"/>
              </lines>
            </method>
          </methods>
          <lines>
            <line number="65" hits="5" branch="false"/>
            <line number="66" hits="5" branch="false"/>
            <line number="67" hits="5" branch="false"/>
            <line number="68" hits="5" branch="false"/>
            <line number="69" hits="5" branch="false"/>
            <line number="70" hits="5" branch="false"/>
            <line number="71" hits="5" branch="false"/>
            <line number="113" hits="10" branch="false"/>
            <line number="114" hits="10" branch="false"/>
            <line number="115" hits="10" branch="false"/>
            <line number="116" hits="10" branch="false"/>
            <line number="127" hits="20" branch="false"/>
            <line number="128" hits="20" branch="false"/>
            <line number="129" hits="20" branch="false"/>
            <line number="130" hits="20" branch="false"/>
            <line number="131" hits="20" branch="false"/>
            <line number="132" hits="20" branch="false"/>
            <line number="133" hits="20" branch="false"/>
            <line number="145" hits="4" branch="false"/>
            <line number="146" hits="4" branch="false"/>
            <line number="148" hits="4" branch="false"/>
            <line number="149" hits="4" branch="false"/>
            <line number="150" hits="4" branch="false"/>
            <line number="151" hits="4" branch="false"/>
            <line number="152" hits="4" branch="false"/>
            <line number="155" hits="4" branch="false"/>
            <line number="156" hits="2" branch="false"/>
            <line number="157" hits="4" branch="false"/>
            <line number="158" hits="2" branch="false"/>
            <line number="159" hits="4" branch="false"/>
            <line number="161" hits="4" branch="false"/>
            <line number="162" hits="4" branch="false"/>
            <line number="164" hits="4" branch="false"/>
            <line number="165" hits="4" branch="false"/>
            <line number="166" hits="4" branch="false"/>
            <line number="168" hits="4" branch="false"/>
            <line number="169" hits="4" branch="false"/>
            <line number="170" hits="4" branch="false"/>
            <line number="171" hits="0" branch="false"/>
            <line number="172" hits="4" branch="false"/>
            <line number="173" hits="4" branch="false"/>
            <line number="174" hits="4" branch="false"/>
            <line number="175" hits="4" branch="false"/>
            <line number="176" hits="4" branch="false"/>
            <line number="177" hits="4" branch="false"/>
            <line number="180" hits="4" branch="false"/>
            <line number="181" hits="4" branch="false"/>
            <line number="184" hits="4" branch="false"/>
            <line number="185" hits="4" branch="false"/>
            <line number="186" hits="4" branch="false"/>
            <line number="187" hits="4" branch="false"/>
            <line number="191" hits="4" branch="false"/>
            <line number="192" hits="4" branch="false"/>
            <line number="193" hits="4" branch="false"/>
            <line number="194" hits="4" branch="false"/>
            <line number="195" hits="4" branch="false"/>
            <line number="196" hits="4" branch="false"/>
            <line number="197" hits="4" branch="false"/>
            <line number="198" hits="4" branch="false"/>
            <line number="201" hits="4" branch="false"/>
            <line number="202" hits="4" branch="false"/>
            <line number="203" hits="4" branch="false"/>
            <line number="204" hits="4" branch="false"/>
            <line number="205" hits="4" branch="false"/>
            <line number="206" hits="4" branch="false"/>
            <line number="207" hits="4" branch="false"/>
            <line number="208" hits="4" branch="false"/>
            <line number="211" hits="4" branch="false"/>
            <line number="212" hits="4" branch="false"/>
            <line number="213" hits="4" branch="false"/>
            <line number="214" hits="4" branch="false"/>
            <line number="215" hits="4" branch="false"/>
            <line number="216" hits="4" branch="false"/>
            <line number="217" hits="4" branch="false"/>
            <line number="218" hits="4" branch="false"/>
            <line number="221" hits="4" branch="false"/>
            <line number="222" hits="4" branch="false"/>
            <line number="223" hits="4" branch="false"/>
            <line number="225" hits="4" branch="false"/>
          </lines>
        </class>
        <class name="DataSurvival.R" filename="R/DataSurvival.R" line-rate="0.98780487804878" branch-rate="0" complexity="0">
          <methods>
            <method name="DataSurvival" signature="" line-rate="0.979591836734694" branch-rate="0" complexity="0">
              <lines>
                <line number="60" hits="6" branch="false"/>
                <line number="61" hits="6" branch="false"/>
                <line number="62" hits="6" branch="false"/>
                <line number="63" hits="6" branch="false"/>
                <line number="64" hits="6" branch="false"/>
                <line number="65" hits="6" branch="false"/>
                <line number="66" hits="6" branch="false"/>
                <line number="67" hits="6" branch="false"/>
                <line number="138" hits="26" branch="false"/>
                <line number="139" hits="26" branch="false"/>
                <line number="140" hits="26" branch="false"/>
                <line number="141" hits="26" branch="false"/>
                <line number="142" hits="26" branch="false"/>
                <line number="143" hits="26" branch="false"/>
                <line number="144" hits="26" branch="false"/>
                <line number="145" hits="26" branch="false"/>
                <line number="156" hits="6" branch="false"/>
                <line number="188" hits="4" branch="false"/>
                <line number="189" hits="4" branch="false"/>
                <line number="191" hits="4" branch="false"/>
                <line number="192" hits="4" branch="false"/>
                <line number="193" hits="4" branch="false"/>
                <line number="196" hits="4" branch="false"/>
                <line number="198" hits="4" branch="false"/>
                <line number="199" hits="4" branch="false"/>
                <line number="200" hits="4" branch="false"/>
                <line number="201" hits="0" branch="false"/>
                <line number="202" hits="4" branch="false"/>
                <line number="204" hits="4" branch="false"/>
                <line number="205" hits="4" branch="false"/>
                <line number="206" hits="4" branch="false"/>
                <line number="207" hits="4" branch="false"/>
                <line number="208" hits="4" branch="false"/>
                <line number="209" hits="4" branch="false"/>
                <line number="210" hits="4" branch="false"/>
                <line number="211" hits="4" branch="false"/>
                <line number="212" hits="4" branch="false"/>
                <line number="213" hits="4" branch="false"/>
                <line number="214" hits="4" branch="false"/>
                <line number="215" hits="4" branch="false"/>
                <line number="216" hits="4" branch="false"/>
                <line number="217" hits="4" branch="false"/>
                <line number="218" hits="4" branch="false"/>
                <line number="220" hits="4" branch="false"/>
                <line number="221" hits="4" branch="false"/>
                <line number="222" hits="4" branch="false"/>
                <line number="223" hits="4" branch="false"/>
                <line number="224" hits="4" branch="false"/>
                <line number="226" hits="4" branch="false"/>
              </lines>
            </method>
            <method name="DataSurvival#data.frame" signature="" line-rate="1" branch-rate="0" complexity="0">
              <lines>
                <line number="170" hits="10" branch="false"/>
                <line number="171" hits="10" branch="false"/>
                <line number="172" hits="10" branch="false"/>
                <line number="173" hits="10" branch="false"/>
                <line number="174" hits="10" branch="false"/>
                <line number="175" hits="10" branch="false"/>
                <line number="176" hits="10" branch="false"/>
              </lines>
            </method>
            <method name="get_arm_study_data" signature="" line-rate="1" branch-rate="0" complexity="0">
              <lines>
                <line number="250" hits="4" branch="false"/>
                <line number="251" hits="4" branch="false"/>
                <line number="252" hits="4" branch="false"/>
                <line number="253" hits="4" branch="false"/>
                <line number="254" hits="4" branch="false"/>
                <line number="256" hits="4" branch="false"/>
                <line number="259" hits="4" branch="false"/>
                <line number="260" hits="4" branch="false"/>
                <line number="261" hits="4" branch="false"/>
                <line number="262" hits="4" branch="false"/>
                <line number="263" hits="4" branch="false"/>
                <line number="265" hits="4" branch="false"/>
                <line number="267" hits="4" branch="false"/>
                <line number="268" hits="4" branch="false"/>
                <line number="270" hits="4" branch="false"/>
                <line number="271" hits="4" branch="false"/>
                <line number="272" hits="8" branch="false"/>
                <line number="273" hits="8" branch="false"/>
                <line number="274" hits="8" branch="false"/>
                <line number="277" hits="4" branch="false"/>
                <line number="278" hits="4" branch="false"/>
                <line number="279" hits="4" branch="false"/>
                <line number="280" hits="4" branch="false"/>
                <line number="281" hits="4" branch="false"/>
                <line number="282" hits="4" branch="false"/>
                <line number="283" hits="4" branch="false"/>
              </lines>
            </method>
          </methods>
          <lines>
            <line number="60" hits="6" branch="false"/>
            <line number="61" hits="6" branch="false"/>
            <line number="62" hits="6" branch="false"/>
            <line number="63" hits="6" branch="false"/>
            <line number="64" hits="6" branch="false"/>
            <line number="65" hits="6" branch="false"/>
            <line number="66" hits="6" branch="false"/>
            <line number="67" hits="6" branch="false"/>
            <line number="138" hits="26" branch="false"/>
            <line number="139" hits="26" branch="false"/>
            <line number="140" hits="26" branch="false"/>
            <line number="141" hits="26" branch="false"/>
            <line number="142" hits="26" branch="false"/>
            <line number="143" hits="26" branch="false"/>
            <line number="144" hits="26" branch="false"/>
            <line number="145" hits="26" branch="false"/>
            <line number="156" hits="6" branch="false"/>
            <line number="170" hits="10" branch="false"/>
            <line number="171" hits="10" branch="false"/>
            <line number="172" hits="10" branch="false"/>
            <line number="173" hits="10" branch="false"/>
            <line number="174" hits="10" branch="false"/>
            <line number="175" hits="10" branch="false"/>
            <line number="176" hits="10" branch="false"/>
            <line number="188" hits="4" branch="false"/>
            <line number="189" hits="4" branch="false"/>
            <line number="191" hits="4" branch="false"/>
            <line number="192" hits="4" branch="false"/>
            <line number="193" hits="4" branch="false"/>
            <line number="196" hits="4" branch="false"/>
            <line number="198" hits="4" branch="false"/>
            <line number="199" hits="4" branch="false"/>
            <line number="200" hits="4" branch="false"/>
            <line number="201" hits="0" branch="false"/>
            <line number="202" hits="4" branch="false"/>
            <line number="204" hits="4" branch="false"/>
            <line number="205" hits="4" branch="false"/>
            <line number="206" hits="4" branch="false"/>
            <line number="207" hits="4" branch="false"/>
            <line number="208" hits="4" branch="false"/>
            <line number="209" hits="4" branch="false"/>
            <line number="210" hits="4" branch="false"/>
            <line number="211" hits="4" branch="false"/>
            <line number="212" hits="4" branch="false"/>
            <line number="213" hits="4" branch="false"/>
            <line number="214" hits="4" branch="false"/>
            <line number="215" hits="4" branch="false"/>
            <line number="216" hits="4" branch="false"/>
            <line number="217" hits="4" branch="false"/>
            <line number="218" hits="4" branch="false"/>
            <line number="220" hits="4" branch="false"/>
            <line number="221" hits="4" branch="false"/>
            <line number="222" hits="4" branch="false"/>
            <line number="223" hits="4" branch="false"/>
            <line number="224" hits="4" branch="false"/>
            <line number="226" hits="4" branch="false"/>
            <line number="250" hits="4" branch="false"/>
            <line number="251" hits="4" branch="false"/>
            <line number="252" hits="4" branch="false"/>
            <line number="253" hits="4" branch="false"/>
            <line number="254" hits="4" branch="false"/>
            <line number="256" hits="4" branch="false"/>
            <line number="259" hits="4" branch="false"/>
            <line number="260" hits="4" branch="false"/>
            <line number="261" hits="4" branch="false"/>
            <line number="262" hits="4" branch="false"/>
            <line number="263" hits="4" branch="false"/>
            <line number="265" hits="4" branch="false"/>
            <line number="267" hits="4" branch="false"/>
            <line number="268" hits="4" branch="false"/>
            <line number="270" hits="4" branch="false"/>
            <line number="271" hits="4" branch="false"/>
            <line number="272" hits="8" branch="false"/>
            <line number="273" hits="8" branch="false"/>
            <line number="274" hits="8" branch="false"/>
            <line number="277" hits="4" branch="false"/>
            <line number="278" hits="4" branch="false"/>
            <line number="279" hits="4" branch="false"/>
            <line number="280" hits="4" branch="false"/>
            <line number="281" hits="4" branch="false"/>
            <line number="282" hits="4" branch="false"/>
            <line number="283" hits="4" branch="false"/>
          </lines>
        </class>
        <class name="defaults.R" filename="R/defaults.R" line-rate="0" branch-rate="0" complexity="0">
          <methods>
            <method name="LongitudinalModel#NULL" signature="" line-rate="0" branch-rate="0" complexity="0">
              <lines>
                <line number="18" hits="0" branch="false"/>
              </lines>
            </method>
            <method name="NULL#Link" signature="" line-rate="0" branch-rate="0" complexity="0">
              <lines>
                <line number="27" hits="0" branch="false"/>
              </lines>
            </method>
            <method name="NULL#NULL" signature="" line-rate="0" branch-rate="0" complexity="0">
              <lines>
                <line number="36" hits="0" branch="false"/>
                <line number="111" hits="0" branch="false"/>
              </lines>
            </method>
            <method name="NULL" signature="" line-rate="0" branch-rate="0" complexity="0">
              <lines>
                <line number="46" hits="0" branch="false"/>
              </lines>
            </method>
            <method name="StanModel#NULL" signature="" line-rate="0" branch-rate="0" complexity="0">
              <lines>
                <line number="57" hits="0" branch="false"/>
              </lines>
            </method>
            <method name="NULL#StanModel" signature="" line-rate="0" branch-rate="0" complexity="0">
              <lines>
                <line number="66" hits="0" branch="false"/>
              </lines>
            </method>
            <method name="StanModule#NULL" signature="" line-rate="0" branch-rate="0" complexity="0">
              <lines>
                <line number="75" hits="0" branch="false"/>
              </lines>
            </method>
            <method name="NULL#StanModule" signature="" line-rate="0" branch-rate="0" complexity="0">
              <lines>
                <line number="84" hits="0" branch="false"/>
              </lines>
            </method>
            <method name="ParameterList#NULL" signature="" line-rate="0" branch-rate="0" complexity="0">
              <lines>
                <line number="93" hits="0" branch="false"/>
              </lines>
            </method>
            <method name="NULL#ParameterList" signature="" line-rate="0" branch-rate="0" complexity="0">
              <lines>
                <line number="102" hits="0" branch="false"/>
              </lines>
            </method>
          </methods>
          <lines>
            <line number="18" hits="0" branch="false"/>
            <line number="27" hits="0" branch="false"/>
            <line number="36" hits="0" branch="false"/>
            <line number="46" hits="0" branch="false"/>
            <line number="57" hits="0" branch="false"/>
            <line number="66" hits="0" branch="false"/>
            <line number="75" hits="0" branch="false"/>
            <line number="84" hits="0" branch="false"/>
            <line number="93" hits="0" branch="false"/>
            <line number="102" hits="0" branch="false"/>
            <line number="111" hits="0" branch="false"/>
          </lines>
        </class>
        <class name="generics.R" filename="R/generics.R" line-rate="0.909090909090909" branch-rate="0" complexity="0">
          <methods>
            <method name="addLink" signature="" line-rate="1" branch-rate="0" complexity="0">
              <lines>
                <line number="141" hits="2" branch="false"/>
              </lines>
            </method>
            <method name="write_stan" signature="" line-rate="0" branch-rate="0" complexity="0">
              <lines>
                <line number="157" hits="0" branch="false"/>
              </lines>
            </method>
            <method name="compileStanModel" signature="" line-rate="1" branch-rate="0" complexity="0">
              <lines>
                <line number="173" hits="3" branch="false"/>
              </lines>
            </method>
            <method name="sampleStanModel" signature="" line-rate="1" branch-rate="0" complexity="0">
              <lines>
                <line number="190" hits="1" branch="false"/>
              </lines>
            </method>
            <method name="as.StanModule" signature="" line-rate="1" branch-rate="0" complexity="0">
              <lines>
                <line number="204" hits="3" branch="false"/>
              </lines>
            </method>
            <method name="getParameters" signature="" line-rate="1" branch-rate="0" complexity="0">
              <lines>
                <line number="218" hits="4" branch="false"/>
              </lines>
            </method>
            <method name="extractVariableNames" signature="" line-rate="1" branch-rate="0" complexity="0">
              <lines>
                <line number="233" hits="46" branch="false"/>
              </lines>
            </method>
            <method name="initialValues" signature="" line-rate="1" branch-rate="0" complexity="0">
              <lines>
                <line number="247" hits="53" branch="false"/>
              </lines>
            </method>
            <method name="size" signature="" line-rate="1" branch-rate="0" complexity="0">
              <lines>
                <line number="261" hits="19" branch="false"/>
              </lines>
            </method>
            <method name="longitudinal" signature="" line-rate="1" branch-rate="0" complexity="0">
              <lines>
                <line number="276" hits="3" branch="false"/>
              </lines>
            </method>
            <method name="survival" signature="" line-rate="1" branch-rate="0" complexity="0">
              <lines>
                <line number="291" hits="5" branch="false"/>
              </lines>
            </method>
          </methods>
          <lines>
            <line number="141" hits="2" branch="false"/>
            <line number="157" hits="0" branch="false"/>
            <line number="173" hits="3" branch="false"/>
            <line number="190" hits="1" branch="false"/>
            <line number="204" hits="3" branch="false"/>
            <line number="218" hits="4" branch="false"/>
            <line number="233" hits="46" branch="false"/>
            <line number="247" hits="53" branch="false"/>
            <line number="261" hits="19" branch="false"/>
            <line number="276" hits="3" branch="false"/>
            <line number="291" hits="5" branch="false"/>
          </lines>
        </class>
        <class name="JointModel.R" filename="R/JointModel.R" line-rate="0.875" branch-rate="0" complexity="0">
          <methods>
            <method name="JointModel" signature="" line-rate="0.869565217391304" branch-rate="0" complexity="0">
              <lines>
                <line number="39" hits="2" branch="false"/>
                <line number="41" hits="2" branch="false"/>
                <line number="42" hits="2" branch="false"/>
                <line number="43" hits="2" branch="false"/>
                <line number="44" hits="2" branch="false"/>
                <line number="46" hits="2" branch="false"/>
                <line number="48" hits="2" branch="false"/>
                <line number="49" hits="2" branch="false"/>
                <line number="50" hits="2" branch="false"/>
                <line number="51" hits="2" branch="false"/>
                <line number="52" hits="2" branch="false"/>
                <line number="53" hits="2" branch="false"/>
                <line number="54" hits="2" branch="false"/>
                <line number="56" hits="2" branch="false"/>
                <line number="57" hits="2" branch="false"/>
                <line number="58" hits="2" branch="false"/>
                <line number="59" hits="2" branch="false"/>
                <line number="61" hits="2" branch="false"/>
                <line number="62" hits="2" branch="false"/>
                <line number="63" hits="2" branch="false"/>
                <line number="64" hits="2" branch="false"/>
                <line number="74" hits="1" branch="false"/>
                <line number="85" hits="0" branch="false"/>
                <line number="86" hits="0" branch="false"/>
                <line number="87" hits="0" branch="false"/>
                <line number="114" hits="1" branch="false"/>
                <line number="116" hits="1" branch="false"/>
                <line number="117" hits="1" branch="false"/>
                <line number="118" hits="0" branch="false"/>
                <line number="119" hits="0" branch="false"/>
                <line number="121" hits="0" branch="false"/>
                <line number="124" hits="1" branch="false"/>
                <line number="125" hits="1" branch="false"/>
                <line number="126" hits="1" branch="false"/>
                <line number="127" hits="1" branch="false"/>
                <line number="128" hits="1" branch="false"/>
                <line number="129" hits="1" branch="false"/>
                <line number="132" hits="1" branch="false"/>
                <line number="133" hits="1" branch="false"/>
                <line number="135" hits="1" branch="false"/>
                <line number="136" hits="1" branch="false"/>
                <line number="137" hits="1" branch="false"/>
                <line number="138" hits="1" branch="false"/>
                <line number="139" hits="1" branch="false"/>
                <line number="140" hits="1" branch="false"/>
                <line number="151" hits="1" branch="false"/>
              </lines>
            </method>
            <method name="JointModel#ANY" signature="" line-rate="1" branch-rate="0" complexity="0">
              <lines>
                <line number="98" hits="1" branch="false"/>
                <line number="99" hits="1" branch="false"/>
              </lines>
            </method>
          </methods>
          <lines>
            <line number="39" hits="2" branch="false"/>
            <line number="41" hits="2" branch="false"/>
            <line number="42" hits="2" branch="false"/>
            <line number="43" hits="2" branch="false"/>
            <line number="44" hits="2" branch="false"/>
            <line number="46" hits="2" branch="false"/>
            <line number="48" hits="2" branch="false"/>
            <line number="49" hits="2" branch="false"/>
            <line number="50" hits="2" branch="false"/>
            <line number="51" hits="2" branch="false"/>
            <line number="52" hits="2" branch="false"/>
            <line number="53" hits="2" branch="false"/>
            <line number="54" hits="2" branch="false"/>
            <line number="56" hits="2" branch="false"/>
            <line number="57" hits="2" branch="false"/>
            <line number="58" hits="2" branch="false"/>
            <line number="59" hits="2" branch="false"/>
            <line number="61" hits="2" branch="false"/>
            <line number="62" hits="2" branch="false"/>
            <line number="63" hits="2" branch="false"/>
            <line number="64" hits="2" branch="false"/>
            <line number="74" hits="1" branch="false"/>
            <line number="85" hits="0" branch="false"/>
            <line number="86" hits="0" branch="false"/>
            <line number="87" hits="0" branch="false"/>
            <line number="98" hits="1" branch="false"/>
            <line number="99" hits="1" branch="false"/>
            <line number="114" hits="1" branch="false"/>
            <line number="116" hits="1" branch="false"/>
            <line number="117" hits="1" branch="false"/>
            <line number="118" hits="0" branch="false"/>
            <line number="119" hits="0" branch="false"/>
            <line number="121" hits="0" branch="false"/>
            <line number="124" hits="1" branch="false"/>
            <line number="125" hits="1" branch="false"/>
            <line number="126" hits="1" branch="false"/>
            <line number="127" hits="1" branch="false"/>
            <line number="128" hits="1" branch="false"/>
            <line number="129" hits="1" branch="false"/>
            <line number="132" hits="1" branch="false"/>
            <line number="133" hits="1" branch="false"/>
            <line number="135" hits="1" branch="false"/>
            <line number="136" hits="1" branch="false"/>
            <line number="137" hits="1" branch="false"/>
            <line number="138" hits="1" branch="false"/>
            <line number="139" hits="1" branch="false"/>
            <line number="140" hits="1" branch="false"/>
            <line number="151" hits="1" branch="false"/>
          </lines>
        </class>
        <class name="JointModelSamples.R" filename="R/JointModelSamples.R" line-rate="1" branch-rate="0" complexity="0">
          <methods>
            <method name="JointModelSamples" signature="" line-rate="1" branch-rate="0" complexity="0">
              <lines>
                <line number="40" hits="3" branch="false"/>
                <line number="41" hits="1" branch="false"/>
                <line number="42" hits="3" branch="false"/>
                <line number="43" hits="3" branch="false"/>
                <line number="44" hits="3" branch="false"/>
                <line number="45" hits="3" branch="false"/>
                <line number="46" hits="3" branch="false"/>
                <line number="47" hits="3" branch="false"/>
                <line number="48" hits="3" branch="false"/>
                <line number="49" hits="3" branch="false"/>
                <line number="50" hits="136" branch="false"/>
                <line number="52" hits="136" branch="false"/>
                <line number="53" hits="136" branch="false"/>
                <line number="54" hits="136" branch="false"/>
                <line number="56" hits="136" branch="false"/>
                <line number="57" hits="136" branch="false"/>
                <line number="59" hits="136" branch="false"/>
                <line number="60" hits="136" branch="false"/>
                <line number="61" hits="136" branch="false"/>
                <line number="62" hits="136" branch="false"/>
                <line number="63" hits="136" branch="false"/>
                <line number="65" hits="136" branch="false"/>
                <line number="67" hits="3" branch="false"/>
                <line number="84" hits="5" branch="false"/>
                <line number="85" hits="1" branch="false"/>
                <line number="86" hits="5" branch="false"/>
                <line number="87" hits="5" branch="false"/>
                <line number="88" hits="5" branch="false"/>
                <line number="89" hits="5" branch="false"/>
                <line number="90" hits="5" branch="false"/>
                <line number="91" hits="5" branch="false"/>
                <line number="92" hits="5" branch="false"/>
                <line number="93" hits="5" branch="false"/>
                <line number="94" hits="140" branch="false"/>
                <line number="96" hits="140" branch="false"/>
                <line number="97" hits="140" branch="false"/>
                <line number="98" hits="140" branch="false"/>
                <line number="100" hits="140" branch="false"/>
                <line number="101" hits="140" branch="false"/>
                <line number="103" hits="140" branch="false"/>
                <line number="104" hits="140" branch="false"/>
                <line number="105" hits="140" branch="false"/>
                <line number="106" hits="140" branch="false"/>
                <line number="107" hits="140" branch="false"/>
                <line number="109" hits="140" branch="false"/>
                <line number="111" hits="5" branch="false"/>
              </lines>
            </method>
          </methods>
          <lines>
            <line number="40" hits="3" branch="false"/>
            <line number="41" hits="1" branch="false"/>
            <line number="42" hits="3" branch="false"/>
            <line number="43" hits="3" branch="false"/>
            <line number="44" hits="3" branch="false"/>
            <line number="45" hits="3" branch="false"/>
            <line number="46" hits="3" branch="false"/>
            <line number="47" hits="3" branch="false"/>
            <line number="48" hits="3" branch="false"/>
            <line number="49" hits="3" branch="false"/>
            <line number="50" hits="136" branch="false"/>
            <line number="52" hits="136" branch="false"/>
            <line number="53" hits="136" branch="false"/>
            <line number="54" hits="136" branch="false"/>
            <line number="56" hits="136" branch="false"/>
            <line number="57" hits="136" branch="false"/>
            <line number="59" hits="136" branch="false"/>
            <line number="60" hits="136" branch="false"/>
            <line number="61" hits="136" branch="false"/>
            <line number="62" hits="136" branch="false"/>
            <line number="63" hits="136" branch="false"/>
            <line number="65" hits="136" branch="false"/>
            <line number="67" hits="3" branch="false"/>
            <line number="84" hits="5" branch="false"/>
            <line number="85" hits="1" branch="false"/>
            <line number="86" hits="5" branch="false"/>
            <line number="87" hits="5" branch="false"/>
            <line number="88" hits="5" branch="false"/>
            <line number="89" hits="5" branch="false"/>
            <line number="90" hits="5" branch="false"/>
            <line number="91" hits="5" branch="false"/>
            <line number="92" hits="5" branch="false"/>
            <line number="93" hits="5" branch="false"/>
            <line number="94" hits="140" branch="false"/>
            <line number="96" hits="140" branch="false"/>
            <line number="97" hits="140" branch="false"/>
            <line number="98" hits="140" branch="false"/>
            <line number="100" hits="140" branch="false"/>
            <line number="101" hits="140" branch="false"/>
            <line number="103" hits="140" branch="false"/>
            <line number="104" hits="140" branch="false"/>
            <line number="105" hits="140" branch="false"/>
            <line number="106" hits="140" branch="false"/>
            <line number="107" hits="140" branch="false"/>
            <line number="109" hits="140" branch="false"/>
            <line number="111" hits="5" branch="false"/>
          </lines>
        </class>
        <class name="Link.R" filename="R/Link.R" line-rate="1" branch-rate="0" complexity="0">
          <methods>
            <method name="Link" signature="" line-rate="1" branch-rate="0" complexity="0">
              <lines>
                <line number="33" hits="5" branch="false"/>
                <line number="56" hits="1" branch="false"/>
                <line number="67" hits="1" branch="false"/>
              </lines>
            </method>
            <method name="LongitudinalModel#Link" signature="" line-rate="1" branch-rate="0" complexity="0">
              <lines>
                <line number="43" hits="2" branch="false"/>
                <line number="44" hits="2" branch="false"/>
                <line number="45" hits="2" branch="false"/>
              </lines>
            </method>
          </methods>
          <lines>
            <line number="33" hits="5" branch="false"/>
            <line number="43" hits="2" branch="false"/>
            <line number="44" hits="2" branch="false"/>
            <line number="45" hits="2" branch="false"/>
            <line number="56" hits="1" branch="false"/>
            <line number="67" hits="1" branch="false"/>
          </lines>
        </class>
        <class name="LinkGSF.R" filename="R/LinkGSF.R" line-rate="0.764705882352941" branch-rate="0" complexity="0">
          <methods>
            <method name="LinkGSF" signature="" line-rate="1" branch-rate="0" complexity="0">
              <lines>
                <line number="32" hits="2" branch="false"/>
                <line number="33" hits="2" branch="false"/>
                <line number="34" hits="2" branch="false"/>
                <line number="35" hits="2" branch="false"/>
                <line number="36" hits="2" branch="false"/>
                <line number="37" hits="2" branch="false"/>
                <line number="38" hits="2" branch="false"/>
                <line number="39" hits="2" branch="false"/>
                <line number="40" hits="2" branch="false"/>
                <line number="42" hits="2" branch="false"/>
                <line number="43" hits="2" branch="false"/>
                <line number="44" hits="2" branch="false"/>
                <line number="45" hits="2" branch="false"/>
                <line number="47" hits="2" branch="false"/>
                <line number="48" hits="2" branch="false"/>
                <line number="49" hits="2" branch="false"/>
                <line number="50" hits="4" branch="false"/>
                <line number="51" hits="4" branch="false"/>
                <line number="54" hits="2" branch="false"/>
                <line number="55" hits="2" branch="false"/>
                <line number="56" hits="2" branch="false"/>
                <line number="57" hits="2" branch="false"/>
                <line number="59" hits="2" branch="false"/>
                <line number="60" hits="2" branch="false"/>
                <line number="61" hits="2" branch="false"/>
                <line number="62" hits="2" branch="false"/>
                <line number="64" hits="2" branch="false"/>
              </lines>
            </method>
            <method name="link_gsf_abstract" signature="" line-rate="0" branch-rate="0" complexity="0">
              <lines>
                <line number="107" hits="0" branch="false"/>
                <line number="108" hits="0" branch="false"/>
                <line number="109" hits="0" branch="false"/>
                <line number="110" hits="0" branch="false"/>
                <line number="111" hits="0" branch="false"/>
                <line number="112" hits="0" branch="false"/>
                <line number="113" hits="0" branch="false"/>
                <line number="114" hits="0" branch="false"/>
                <line number="115" hits="0" branch="false"/>
                <line number="116" hits="0" branch="false"/>
                <line number="117" hits="0" branch="false"/>
                <line number="118" hits="0" branch="false"/>
              </lines>
            </method>
            <method name="link_gsf_ttg" signature="" line-rate="1" branch-rate="0" complexity="0">
              <lines>
                <line number="145" hits="3" branch="false"/>
                <line number="146" hits="3" branch="false"/>
                <line number="147" hits="3" branch="false"/>
                <line number="148" hits="3" branch="false"/>
                <line number="149" hits="3" branch="false"/>
                <line number="150" hits="3" branch="false"/>
              </lines>
            </method>
            <method name="link_gsf_dsld" signature="" line-rate="1" branch-rate="0" complexity="0">
              <lines>
                <line number="178" hits="3" branch="false"/>
                <line number="179" hits="3" branch="false"/>
                <line number="180" hits="3" branch="false"/>
                <line number="181" hits="3" branch="false"/>
                <line number="182" hits="3" branch="false"/>
                <line number="183" hits="3" branch="false"/>
              </lines>
            </method>
          </methods>
          <lines>
            <line number="32" hits="2" branch="false"/>
            <line number="33" hits="2" branch="false"/>
            <line number="34" hits="2" branch="false"/>
            <line number="35" hits="2" branch="false"/>
            <line number="36" hits="2" branch="false"/>
            <line number="37" hits="2" branch="false"/>
            <line number="38" hits="2" branch="false"/>
            <line number="39" hits="2" branch="false"/>
            <line number="40" hits="2" branch="false"/>
            <line number="42" hits="2" branch="false"/>
            <line number="43" hits="2" branch="false"/>
            <line number="44" hits="2" branch="false"/>
            <line number="45" hits="2" branch="false"/>
            <line number="47" hits="2" branch="false"/>
            <line number="48" hits="2" branch="false"/>
            <line number="49" hits="2" branch="false"/>
            <line number="50" hits="4" branch="false"/>
            <line number="51" hits="4" branch="false"/>
            <line number="54" hits="2" branch="false"/>
            <line number="55" hits="2" branch="false"/>
            <line number="56" hits="2" branch="false"/>
            <line number="57" hits="2" branch="false"/>
            <line number="59" hits="2" branch="false"/>
            <line number="60" hits="2" branch="false"/>
            <line number="61" hits="2" branch="false"/>
            <line number="62" hits="2" branch="false"/>
            <line number="64" hits="2" branch="false"/>
            <line number="107" hits="0" branch="false"/>
            <line number="108" hits="0" branch="false"/>
            <line number="109" hits="0" branch="false"/>
            <line number="110" hits="0" branch="false"/>
            <line number="111" hits="0" branch="false"/>
            <line number="112" hits="0" branch="false"/>
            <line number="113" hits="0" branch="false"/>
            <line number="114" hits="0" branch="false"/>
            <line number="115" hits="0" branch="false"/>
            <line number="116" hits="0" branch="false"/>
            <line number="117" hits="0" branch="false"/>
            <line number="118" hits="0" branch="false"/>
            <line number="145" hits="3" branch="false"/>
            <line number="146" hits="3" branch="false"/>
            <line number="147" hits="3" branch="false"/>
            <line number="148" hits="3" branch="false"/>
            <line number="149" hits="3" branch="false"/>
            <line number="150" hits="3" branch="false"/>
            <line number="178" hits="3" branch="false"/>
            <line number="179" hits="3" branch="false"/>
            <line number="180" hits="3" branch="false"/>
            <line number="181" hits="3" branch="false"/>
            <line number="182" hits="3" branch="false"/>
            <line number="183" hits="3" branch="false"/>
          </lines>
        </class>
        <class name="LinkNone.R" filename="R/LinkNone.R" line-rate="0.666666666666667" branch-rate="0" complexity="0">
          <methods>
            <method name="LinkNone" signature="" line-rate="1" branch-rate="0" complexity="0">
              <lines>
                <line number="25" hits="1" branch="false"/>
                <line number="26" hits="1" branch="false"/>
              </lines>
            </method>
            <method name="LongitudinalModel#LinkNone" signature="" line-rate="0" branch-rate="0" complexity="0">
              <lines>
                <line number="36" hits="0" branch="false"/>
              </lines>
            </method>
          </methods>
          <lines>
            <line number="25" hits="1" branch="false"/>
            <line number="26" hits="1" branch="false"/>
            <line number="36" hits="0" branch="false"/>
          </lines>
        </class>
        <class name="LinkRandomSlope.R" filename="R/LinkRandomSlope.R" line-rate="1" branch-rate="0" complexity="0">
          <methods>
            <method name="LinkRandomSlope" signature="" line-rate="1" branch-rate="0" complexity="0">
              <lines>
                <line number="29" hits="2" branch="false"/>
                <line number="30" hits="2" branch="false"/>
                <line number="31" hits="2" branch="false"/>
                <line number="32" hits="2" branch="false"/>
                <line number="33" hits="2" branch="false"/>
                <line number="34" hits="2" branch="false"/>
                <line number="35" hits="2" branch="false"/>
                <line number="36" hits="2" branch="false"/>
                <line number="37" hits="2" branch="false"/>
                <line number="38" hits="2" branch="false"/>
              </lines>
            </method>
          </methods>
          <lines>
            <line number="29" hits="2" branch="false"/>
            <line number="30" hits="2" branch="false"/>
            <line number="31" hits="2" branch="false"/>
            <line number="32" hits="2" branch="false"/>
            <line number="33" hits="2" branch="false"/>
            <line number="34" hits="2" branch="false"/>
            <line number="35" hits="2" branch="false"/>
            <line number="36" hits="2" branch="false"/>
            <line number="37" hits="2" branch="false"/>
            <line number="38" hits="2" branch="false"/>
          </lines>
        </class>
        <class name="LongitudinalGSF.R" filename="R/LongitudinalGSF.R" line-rate="1" branch-rate="0" complexity="0">
          <methods>
            <method name="LongitudinalGSF" signature="" line-rate="1" branch-rate="0" complexity="0">
              <lines>
                <line number="57" hits="2" branch="false"/>
                <line number="58" hits="2" branch="false"/>
                <line number="59" hits="2" branch="false"/>
                <line number="60" hits="2" branch="false"/>
                <line number="61" hits="2" branch="false"/>
                <line number="62" hits="2" branch="false"/>
                <line number="63" hits="2" branch="false"/>
                <line number="64" hits="2" branch="false"/>
                <line number="65" hits="2" branch="false"/>
                <line number="66" hits="2" branch="false"/>
                <line number="67" hits="2" branch="false"/>
                <line number="68" hits="2" branch="false"/>
                <line number="69" hits="2" branch="false"/>
                <line number="70" hits="2" branch="false"/>
                <line number="71" hits="2" branch="false"/>
                <line number="72" hits="2" branch="false"/>
                <line number="73" hits="2" branch="false"/>
                <line number="74" hits="2" branch="false"/>
                <line number="75" hits="2" branch="false"/>
                <line number="76" hits="2" branch="false"/>
                <line number="77" hits="2" branch="false"/>
                <line number="78" hits="2" branch="false"/>
                <line number="79" hits="2" branch="false"/>
              </lines>
            </method>
          </methods>
          <lines>
            <line number="57" hits="2" branch="false"/>
            <line number="58" hits="2" branch="false"/>
            <line number="59" hits="2" branch="false"/>
            <line number="60" hits="2" branch="false"/>
            <line number="61" hits="2" branch="false"/>
            <line number="62" hits="2" branch="false"/>
            <line number="63" hits="2" branch="false"/>
            <line number="64" hits="2" branch="false"/>
            <line number="65" hits="2" branch="false"/>
            <line number="66" hits="2" branch="false"/>
            <line number="67" hits="2" branch="false"/>
            <line number="68" hits="2" branch="false"/>
            <line number="69" hits="2" branch="false"/>
            <line number="70" hits="2" branch="false"/>
            <line number="71" hits="2" branch="false"/>
            <line number="72" hits="2" branch="false"/>
            <line number="73" hits="2" branch="false"/>
            <line number="74" hits="2" branch="false"/>
            <line number="75" hits="2" branch="false"/>
            <line number="76" hits="2" branch="false"/>
            <line number="77" hits="2" branch="false"/>
            <line number="78" hits="2" branch="false"/>
            <line number="79" hits="2" branch="false"/>
          </lines>
        </class>
        <class name="LongitudinalModel.R" filename="R/LongitudinalModel.R" line-rate="1" branch-rate="0" complexity="0">
          <methods>
            <method name="LongitudinalModel" signature="" line-rate="1" branch-rate="0" complexity="0">
              <lines>
                <line number="28" hits="3" branch="false"/>
                <line number="29" hits="3" branch="false"/>
                <line number="30" hits="3" branch="false"/>
                <line number="32" hits="3" branch="false"/>
                <line number="33" hits="3" branch="false"/>
                <line number="34" hits="3" branch="false"/>
                <line number="35" hits="3" branch="false"/>
                <line number="36" hits="3" branch="false"/>
                <line number="37" hits="3" branch="false"/>
                <line number="38" hits="3" branch="false"/>
              </lines>
            </method>
          </methods>
          <lines>
            <line number="28" hits="3" branch="false"/>
            <line number="29" hits="3" branch="false"/>
            <line number="30" hits="3" branch="false"/>
            <line number="32" hits="3" branch="false"/>
            <line number="33" hits="3" branch="false"/>
            <line number="34" hits="3" branch="false"/>
            <line number="35" hits="3" branch="false"/>
            <line number="36" hits="3" branch="false"/>
            <line number="37" hits="3" branch="false"/>
            <line number="38" hits="3" branch="false"/>
          </lines>
        </class>
        <class name="LongitudinalRandomSlope.R" filename="R/LongitudinalRandomSlope.R" line-rate="0.941176470588235" branch-rate="0" complexity="0">
          <methods>
            <method name="LongitudinalRandomSlope" signature="" line-rate="0.941176470588235" branch-rate="0" complexity="0">
              <lines>
                <line number="43" hits="1" branch="false"/>
                <line number="44" hits="1" branch="false"/>
                <line number="45" hits="1" branch="false"/>
                <line number="47" hits="1" branch="false"/>
                <line number="48" hits="0" branch="false"/>
                <line number="51" hits="1" branch="false"/>
                <line number="52" hits="1" branch="false"/>
                <line number="53" hits="1" branch="false"/>
                <line number="54" hits="1" branch="false"/>
                <line number="55" hits="1" branch="false"/>
                <line number="56" hits="1" branch="false"/>
                <line number="57" hits="1" branch="false"/>
                <line number="58" hits="1" branch="false"/>
                <line number="59" hits="1" branch="false"/>
                <line number="60" hits="1" branch="false"/>
                <line number="61" hits="1" branch="false"/>
                <line number="62" hits="1" branch="false"/>
              </lines>
            </method>
          </methods>
          <lines>
            <line number="43" hits="1" branch="false"/>
            <line number="44" hits="1" branch="false"/>
            <line number="45" hits="1" branch="false"/>
            <line number="47" hits="1" branch="false"/>
            <line number="48" hits="0" branch="false"/>
            <line number="51" hits="1" branch="false"/>
            <line number="52" hits="1" branch="false"/>
            <line number="53" hits="1" branch="false"/>
            <line number="54" hits="1" branch="false"/>
            <line number="55" hits="1" branch="false"/>
            <line number="56" hits="1" branch="false"/>
            <line number="57" hits="1" branch="false"/>
            <line number="58" hits="1" branch="false"/>
            <line number="59" hits="1" branch="false"/>
            <line number="60" hits="1" branch="false"/>
            <line number="61" hits="1" branch="false"/>
            <line number="62" hits="1" branch="false"/>
          </lines>
        </class>
        <class name="LongitudinalSamples.R" filename="R/LongitudinalSamples.R" line-rate="1" branch-rate="0" complexity="0">
          <methods>
            <method name="LongitudinalSamples#ANY#ANY#ANY" signature="" line-rate="1" branch-rate="0" complexity="0">
              <lines>
                <line number="34" hits="1" branch="false"/>
                <line number="35" hits="1" branch="false"/>
              </lines>
            </method>
            <method name="LongitudinalSamples" signature="" line-rate="1" branch-rate="0" complexity="0">
              <lines>
                <line number="46" hits="1" branch="false"/>
                <line number="47" hits="1" branch="false"/>
                <line number="48" hits="1" branch="false"/>
                <line number="50" hits="1" branch="false"/>
                <line number="51" hits="1" branch="false"/>
                <line number="52" hits="1" branch="false"/>
                <line number="54" hits="1" branch="false"/>
                <line number="55" hits="1" branch="false"/>
                <line number="56" hits="1" branch="false"/>
                <line number="57" hits="1" branch="false"/>
                <line number="58" hits="1" branch="false"/>
                <line number="59" hits="1" branch="false"/>
                <line number="60" hits="1" branch="false"/>
              </lines>
            </method>
          </methods>
          <lines>
            <line number="34" hits="1" branch="false"/>
            <line number="35" hits="1" branch="false"/>
            <line number="46" hits="1" branch="false"/>
            <line number="47" hits="1" branch="false"/>
            <line number="48" hits="1" branch="false"/>
            <line number="50" hits="1" branch="false"/>
            <line number="51" hits="1" branch="false"/>
            <line number="52" hits="1" branch="false"/>
            <line number="54" hits="1" branch="false"/>
            <line number="55" hits="1" branch="false"/>
            <line number="56" hits="1" branch="false"/>
            <line number="57" hits="1" branch="false"/>
            <line number="58" hits="1" branch="false"/>
            <line number="59" hits="1" branch="false"/>
            <line number="60" hits="1" branch="false"/>
          </lines>
        </class>
        <class name="Parameter.R" filename="R/Parameter.R" line-rate="1" branch-rate="0" complexity="0">
          <methods>
            <method name="Parameter" signature="" line-rate="1" branch-rate="0" complexity="0">
              <lines>
                <line number="40" hits="49" branch="false"/>
                <line number="41" hits="49" branch="false"/>
                <line number="42" hits="49" branch="false"/>
                <line number="43" hits="49" branch="false"/>
                <line number="44" hits="49" branch="false"/>
                <line number="70" hits="29" branch="false"/>
                <line number="96" hits="43" branch="false"/>
                <line number="105" hits="23" branch="false"/>
                <line number="114" hits="18" branch="false"/>
              </lines>
            </method>
            <method name="Parameter#character" signature="" line-rate="1" branch-rate="0" complexity="0">
              <lines>
                <line number="83" hits="29" branch="false"/>
                <line number="84" hits="1" branch="false"/>
                <line number="86" hits="28" branch="false"/>
              </lines>
            </method>
          </methods>
          <lines>
            <line number="40" hits="49" branch="false"/>
            <line number="41" hits="49" branch="false"/>
            <line number="42" hits="49" branch="false"/>
            <line number="43" hits="49" branch="false"/>
            <line number="44" hits="49" branch="false"/>
            <line number="70" hits="29" branch="false"/>
            <line number="83" hits="29" branch="false"/>
            <line number="84" hits="1" branch="false"/>
            <line number="86" hits="28" branch="false"/>
            <line number="96" hits="43" branch="false"/>
            <line number="105" hits="23" branch="false"/>
            <line number="114" hits="18" branch="false"/>
          </lines>
        </class>
        <class name="ParameterList.R" filename="R/ParameterList.R" line-rate="1" branch-rate="0" complexity="0">
          <methods>
            <method name="ParameterList" signature="" line-rate="1" branch-rate="0" complexity="0">
              <lines>
                <line number="30" hits="25" branch="false"/>
                <line number="74" hits="1" branch="false"/>
                <line number="85" hits="2" branch="false"/>
                <line number="86" hits="2" branch="false"/>
                <line number="87" hits="2" branch="false"/>
                <line number="88" hits="2" branch="false"/>
                <line number="89" hits="2" branch="false"/>
                <line number="90" hits="2" branch="false"/>
                <line number="91" hits="2" branch="false"/>
                <line number="114" hits="2" branch="false"/>
                <line number="125" hits="3" branch="false"/>
                <line number="126" hits="3" branch="false"/>
                <line number="127" hits="3" branch="false"/>
                <line number="128" hits="3" branch="false"/>
                <line number="139" hits="2" branch="false"/>
                <line number="150" hits="1" branch="false"/>
                <line number="151" hits="1" branch="false"/>
                <line number="152" hits="1" branch="false"/>
              </lines>
            </method>
            <method name="ParameterList#character" signature="" line-rate="1" branch-rate="0" complexity="0">
              <lines>
                <line number="56" hits="3" branch="false"/>
                <line number="57" hits="3" branch="false"/>
                <line number="58" hits="3" branch="false"/>
                <line number="59" hits="3" branch="false"/>
                <line number="60" hits="3" branch="false"/>
                <line number="61" hits="3" branch="false"/>
                <line number="62" hits="3" branch="false"/>
                <line number="63" hits="3" branch="false"/>
              </lines>
            </method>
            <method name="ParameterList#ParameterList" signature="" line-rate="1" branch-rate="0" complexity="0">
              <lines>
                <line number="102" hits="8" branch="false"/>
                <line number="103" hits="8" branch="false"/>
              </lines>
            </method>
          </methods>
          <lines>
            <line number="30" hits="25" branch="false"/>
            <line number="56" hits="3" branch="false"/>
            <line number="57" hits="3" branch="false"/>
            <line number="58" hits="3" branch="false"/>
            <line number="59" hits="3" branch="false"/>
            <line number="60" hits="3" branch="false"/>
            <line number="61" hits="3" branch="false"/>
            <line number="62" hits="3" branch="false"/>
            <line number="63" hits="3" branch="false"/>
            <line number="74" hits="1" branch="false"/>
            <line number="85" hits="2" branch="false"/>
            <line number="86" hits="2" branch="false"/>
            <line number="87" hits="2" branch="false"/>
            <line number="88" hits="2" branch="false"/>
            <line number="89" hits="2" branch="false"/>
            <line number="90" hits="2" branch="false"/>
            <line number="91" hits="2" branch="false"/>
            <line number="102" hits="8" branch="false"/>
            <line number="103" hits="8" branch="false"/>
            <line number="114" hits="2" branch="false"/>
            <line number="125" hits="3" branch="false"/>
            <line number="126" hits="3" branch="false"/>
            <line number="127" hits="3" branch="false"/>
            <line number="128" hits="3" branch="false"/>
            <line number="139" hits="2" branch="false"/>
            <line number="150" hits="1" branch="false"/>
            <line number="151" hits="1" branch="false"/>
            <line number="152" hits="1" branch="false"/>
          </lines>
        </class>
        <class name="Prior.R" filename="R/Prior.R" line-rate="0.868421052631579" branch-rate="0" complexity="0">
          <methods>
            <method name="Prior" signature="" line-rate="1" branch-rate="0" complexity="0">
              <lines>
                <line number="30" hits="32" branch="false"/>
                <line number="54" hits="25" branch="false"/>
              </lines>
            </method>
            <method name="Prior#character" signature="" line-rate="1" branch-rate="0" complexity="0">
              <lines>
                <line number="44" hits="60" branch="false"/>
              </lines>
            </method>
            <method name="prior_normal" signature="" line-rate="1" branch-rate="0" complexity="0">
              <lines>
                <line number="69" hits="15" branch="false"/>
                <line number="70" hits="15" branch="false"/>
                <line number="71" hits="15" branch="false"/>
                <line number="72" hits="15" branch="false"/>
                <line number="73" hits="15" branch="false"/>
              </lines>
            </method>
            <method name="prior_std_normal" signature="" line-rate="1" branch-rate="0" complexity="0">
              <lines>
                <line number="82" hits="2" branch="false"/>
                <line number="83" hits="2" branch="false"/>
                <line number="84" hits="2" branch="false"/>
                <line number="85" hits="2" branch="false"/>
                <line number="86" hits="2" branch="false"/>
              </lines>
            </method>
            <method name="prior_cauchy" signature="" line-rate="0" branch-rate="0" complexity="0">
              <lines>
                <line number="99" hits="0" branch="false"/>
                <line number="100" hits="0" branch="false"/>
                <line number="101" hits="0" branch="false"/>
                <line number="102" hits="0" branch="false"/>
                <line number="103" hits="0" branch="false"/>
              </lines>
            </method>
            <method name="prior_gamma" signature="" line-rate="1" branch-rate="0" complexity="0">
              <lines>
                <line number="116" hits="5" branch="false"/>
                <line number="117" hits="5" branch="false"/>
                <line number="118" hits="5" branch="false"/>
                <line number="119" hits="5" branch="false"/>
                <line number="120" hits="5" branch="false"/>
              </lines>
            </method>
            <method name="prior_lognormal" signature="" line-rate="1" branch-rate="0" complexity="0">
              <lines>
                <line number="133" hits="18" branch="false"/>
                <line number="134" hits="18" branch="false"/>
                <line number="135" hits="18" branch="false"/>
                <line number="136" hits="18" branch="false"/>
                <line number="137" hits="18" branch="false"/>
              </lines>
            </method>
            <method name="prior_beta" signature="" line-rate="1" branch-rate="0" complexity="0">
              <lines>
                <line number="150" hits="4" branch="false"/>
                <line number="151" hits="4" branch="false"/>
                <line number="152" hits="4" branch="false"/>
                <line number="153" hits="4" branch="false"/>
                <line number="154" hits="4" branch="false"/>
              </lines>
            </method>
            <method name="prior_none" signature="" line-rate="1" branch-rate="0" complexity="0">
              <lines>
                <line number="163" hits="1" branch="false"/>
                <line number="164" hits="1" branch="false"/>
                <line number="165" hits="1" branch="false"/>
                <line number="166" hits="1" branch="false"/>
                <line number="167" hits="1" branch="false"/>
              </lines>
            </method>
          </methods>
          <lines>
            <line number="30" hits="32" branch="false"/>
            <line number="44" hits="60" branch="false"/>
            <line number="54" hits="25" branch="false"/>
            <line number="69" hits="15" branch="false"/>
            <line number="70" hits="15" branch="false"/>
            <line number="71" hits="15" branch="false"/>
            <line number="72" hits="15" branch="false"/>
            <line number="73" hits="15" branch="false"/>
            <line number="82" hits="2" branch="false"/>
            <line number="83" hits="2" branch="false"/>
            <line number="84" hits="2" branch="false"/>
            <line number="85" hits="2" branch="false"/>
            <line number="86" hits="2" branch="false"/>
            <line number="99" hits="0" branch="false"/>
            <line number="100" hits="0" branch="false"/>
            <line number="101" hits="0" branch="false"/>
            <line number="102" hits="0" branch="false"/>
            <line number="103" hits="0" branch="false"/>
            <line number="116" hits="5" branch="false"/>
            <line number="117" hits="5" branch="false"/>
            <line number="118" hits="5" branch="false"/>
            <line number="119" hits="5" branch="false"/>
            <line number="120" hits="5" branch="false"/>
            <line number="133" hits="18" branch="false"/>
            <line number="134" hits="18" branch="false"/>
            <line number="135" hits="18" branch="false"/>
            <line number="136" hits="18" branch="false"/>
            <line number="137" hits="18" branch="false"/>
            <line number="150" hits="4" branch="false"/>
            <line number="151" hits="4" branch="false"/>
            <line number="152" hits="4" branch="false"/>
            <line number="153" hits="4" branch="false"/>
            <line number="154" hits="4" branch="false"/>
            <line number="163" hits="1" branch="false"/>
            <line number="164" hits="1" branch="false"/>
            <line number="165" hits="1" branch="false"/>
            <line number="166" hits="1" branch="false"/>
            <line number="167" hits="1" branch="false"/>
          </lines>
        </class>
        <class name="simulations.R" filename="R/simulations.R" line-rate="0.964497041420118" branch-rate="0" complexity="0">
          <methods>
            <method name="gsf_sld" signature="" line-rate="1" branch-rate="0" complexity="0">
              <lines>
                <line number="25" hits="2" branch="false"/>
              </lines>
            </method>
            <method name="gsf_ttg" signature="" line-rate="1" branch-rate="0" complexity="0">
              <lines>
                <line number="33" hits="2" branch="false"/>
                <line number="34" hits="2" branch="false"/>
                <line number="35" hits="2" branch="false"/>
              </lines>
            </method>
            <method name="gsf_dsld" signature="" line-rate="1" branch-rate="0" complexity="0">
              <lines>
                <line number="43" hits="2" branch="false"/>
                <line number="44" hits="2" branch="false"/>
                <line number="45" hits="2" branch="false"/>
              </lines>
            </method>
            <method name="sim_lm_gsf" signature="" line-rate="1" branch-rate="0" complexity="0">
              <lines>
                <line number="94" hits="2" branch="false"/>
                <line number="96" hits="2" branch="false"/>
                <line number="97" hits="2" branch="false"/>
                <line number="98" hits="2" branch="false"/>
                <line number="99" hits="2" branch="false"/>
                <line number="100" hits="2" branch="false"/>
                <line number="101" hits="2" branch="false"/>
                <line number="102" hits="2" branch="false"/>
                <line number="103" hits="2" branch="false"/>
                <line number="104" hits="2" branch="false"/>
                <line number="106" hits="2" branch="false"/>
                <line number="107" hits="2" branch="false"/>
                <line number="108" hits="2" branch="false"/>
                <line number="109" hits="2" branch="false"/>
                <line number="110" hits="2" branch="false"/>
                <line number="111" hits="2" branch="false"/>
                <line number="112" hits="2" branch="false"/>
                <line number="113" hits="2" branch="false"/>
                <line number="114" hits="2" branch="false"/>
                <line number="115" hits="2" branch="false"/>
                <line number="116" hits="2" branch="false"/>
                <line number="118" hits="2" branch="false"/>
                <line number="119" hits="2" branch="false"/>
                <line number="120" hits="2" branch="false"/>
                <line number="121" hits="2" branch="false"/>
                <line number="122" hits="2" branch="false"/>
                <line number="123" hits="2" branch="false"/>
                <line number="124" hits="2" branch="false"/>
                <line number="125" hits="2" branch="false"/>
                <line number="127" hits="2" branch="false"/>
                <line number="128" hits="2" branch="false"/>
                <line number="129" hits="2" branch="false"/>
                <line number="130" hits="2" branch="false"/>
                <line number="131" hits="2" branch="false"/>
              </lines>
            </method>
            <method name="sim_lm_random_slope" signature="" line-rate="0.958333333333333" branch-rate="0" complexity="0">
              <lines>
                <line number="164" hits="3" branch="false"/>
                <line number="166" hits="3" branch="false"/>
                <line number="167" hits="3" branch="false"/>
                <line number="168" hits="3" branch="false"/>
                <line number="169" hits="3" branch="false"/>
                <line number="171" hits="3" branch="false"/>
                <line number="172" hits="0" branch="false"/>
                <line number="173" hits="3" branch="false"/>
                <line number="175" hits="3" branch="false"/>
                <line number="176" hits="3" branch="false"/>
                <line number="177" hits="3" branch="false"/>
                <line number="178" hits="3" branch="false"/>
                <line number="179" hits="3" branch="false"/>
                <line number="180" hits="3" branch="false"/>
                <line number="182" hits="3" branch="false"/>
                <line number="183" hits="3" branch="false"/>
                <line number="184" hits="3" branch="false"/>
                <line number="185" hits="3" branch="false"/>
                <line number="186" hits="3" branch="false"/>
                <line number="188" hits="3" branch="false"/>
                <line number="189" hits="3" branch="false"/>
                <line number="190" hits="3" branch="false"/>
                <line number="191" hits="3" branch="false"/>
                <line number="192" hits="3" branch="false"/>
              </lines>
            </method>
            <method name="sim_os_weibull" signature="" line-rate="1" branch-rate="0" complexity="0">
              <lines>
                <line number="207" hits="2" branch="false"/>
                <line number="208" hits="2" branch="false"/>
                <line number="209" hits="2" branch="false"/>
              </lines>
            </method>
            <method name="sim_os_exponential" signature="" line-rate="1" branch-rate="0" complexity="0">
              <lines>
                <line number="220" hits="1" branch="false"/>
                <line number="221" hits="1" branch="false"/>
                <line number="222" hits="1" branch="false"/>
              </lines>
            </method>
            <method name="sim_os_loglogistic" signature="" line-rate="0" branch-rate="0" complexity="0">
              <lines>
                <line number="235" hits="0" branch="false"/>
                <line number="236" hits="0" branch="false"/>
                <line number="237" hits="0" branch="false"/>
                <line number="238" hits="0" branch="false"/>
                <line number="239" hits="0" branch="false"/>
              </lines>
            </method>
            <method name="get_timepoints" signature="" line-rate="1" branch-rate="0" complexity="0">
              <lines>
                <line number="252" hits="3" branch="false"/>
                <line number="253" hits="3" branch="false"/>
                <line number="254" hits="3" branch="false"/>
                <line number="256" hits="3" branch="false"/>
                <line number="257" hits="3" branch="false"/>
                <line number="258" hits="3" branch="false"/>
                <line number="259" hits="3" branch="false"/>
                <line number="260" hits="3" branch="false"/>
                <line number="261" hits="3" branch="false"/>
                <line number="262" hits="3" branch="false"/>
                <line number="263" hits="3" branch="false"/>
                <line number="264" hits="3" branch="false"/>
                <line number="265" hits="3" branch="false"/>
              </lines>
            </method>
            <method name="simulate_joint_data" signature="" line-rate="1" branch-rate="0" complexity="0">
              <lines>
                <line number="297" hits="3" branch="false"/>
                <line number="298" hits="3" branch="false"/>
                <line number="299" hits="3" branch="false"/>
                <line number="301" hits="3" branch="false"/>
[...]
          <methods>
            <method name="SurvivalModel" signature="" line-rate="1" branch-rate="0" complexity="0">
              <lines>
                <line number="27" hits="2" branch="false"/>
                <line number="28" hits="2" branch="false"/>
                <line number="29" hits="2" branch="false"/>
                <line number="30" hits="2" branch="false"/>
                <line number="31" hits="2" branch="false"/>
                <line number="32" hits="2" branch="false"/>
                <line number="33" hits="2" branch="false"/>
                <line number="34" hits="2" branch="false"/>
                <line number="35" hits="2" branch="false"/>
                <line number="36" hits="2" branch="false"/>
                <line number="37" hits="2" branch="false"/>
                <line number="38" hits="2" branch="false"/>
              </lines>
            </method>
          </methods>
          <lines>
            <line number="27" hits="2" branch="false"/>
            <line number="28" hits="2" branch="false"/>
            <line number="29" hits="2" branch="false"/>
            <line number="30" hits="2" branch="false"/>
            <line number="31" hits="2" branch="false"/>
            <line number="32" hits="2" branch="false"/>
            <line number="33" hits="2" branch="false"/>
            <line number="34" hits="2" branch="false"/>
            <line number="35" hits="2" branch="false"/>
            <line number="36" hits="2" branch="false"/>
            <line number="37" hits="2" branch="false"/>
            <line number="38" hits="2" branch="false"/>
          </lines>
        </class>
        <class name="SurvivalSamples.R" filename="R/SurvivalSamples.R" line-rate="1" branch-rate="0" complexity="0">
          <methods>
            <method name="SurvivalSamples#ANY#ANY#ANY" signature="" line-rate="1" branch-rate="0" complexity="0">
              <lines>
                <line number="34" hits="1" branch="false"/>
                <line number="35" hits="1" branch="false"/>
              </lines>
            </method>
            <method name="SurvivalSamples" signature="" line-rate="1" branch-rate="0" complexity="0">
              <lines>
                <line number="50" hits="1" branch="false"/>
                <line number="51" hits="1" branch="false"/>
                <line number="52" hits="1" branch="false"/>
                <line number="53" hits="1" branch="false"/>
                <line number="54" hits="1" branch="false"/>
                <line number="55" hits="1" branch="false"/>
                <line number="56" hits="1" branch="false"/>
                <line number="57" hits="1" branch="false"/>
                <line number="58" hits="1" branch="false"/>
                <line number="59" hits="1" branch="false"/>
                <line number="60" hits="1" branch="false"/>
                <line number="61" hits="2" branch="false"/>
                <line number="62" hits="2" branch="false"/>
                <line number="64" hits="2" branch="false"/>
                <line number="65" hits="2" branch="false"/>
                <line number="66" hits="2" branch="false"/>
                <line number="68" hits="2" branch="false"/>
                <line number="69" hits="2" branch="false"/>
                <line number="71" hits="2" branch="false"/>
                <line number="72" hits="2" branch="false"/>
                <line number="74" hits="2" branch="false"/>
                <line number="76" hits="1" branch="false"/>
                <line number="90" hits="3" branch="false"/>
                <line number="92" hits="3" branch="false"/>
                <line number="93" hits="3" branch="false"/>
                <line number="94" hits="3" branch="false"/>
                <line number="96" hits="3" branch="false"/>
                <line number="97" hits="3" branch="false"/>
                <line number="98" hits="3" branch="false"/>
                <line number="100" hits="3" branch="false"/>
                <line number="102" hits="3" branch="false"/>
                <line number="103" hits="3" branch="false"/>
                <line number="104" hits="3" branch="false"/>
                <line number="105" hits="3" branch="false"/>
                <line number="106" hits="3" branch="false"/>
                <line number="107" hits="3" branch="false"/>
                <line number="108" hits="3" branch="false"/>
                <line number="109" hits="2" branch="false"/>
                <line number="110" hits="2" branch="false"/>
                <line number="111" hits="2" branch="false"/>
                <line number="113" hits="3" branch="false"/>
              </lines>
            </method>
          </methods>
          <lines>
            <line number="34" hits="1" branch="false"/>
            <line number="35" hits="1" branch="false"/>
            <line number="50" hits="1" branch="false"/>
            <line number="51" hits="1" branch="false"/>
            <line number="52" hits="1" branch="false"/>
            <line number="53" hits="1" branch="false"/>
            <line number="54" hits="1" branch="false"/>
            <line number="55" hits="1" branch="false"/>
            <line number="56" hits="1" branch="false"/>
            <line number="57" hits="1" branch="false"/>
            <line number="58" hits="1" branch="false"/>
            <line number="59" hits="1" branch="false"/>
            <line number="60" hits="1" branch="false"/>
            <line number="61" hits="2" branch="false"/>
            <line number="62" hits="2" branch="false"/>
            <line number="64" hits="2" branch="false"/>
            <line number="65" hits="2" branch="false"/>
            <line number="66" hits="2" branch="false"/>
            <line number="68" hits="2" branch="false"/>
            <line number="69" hits="2" branch="false"/>
            <line number="71" hits="2" branch="false"/>
            <line number="72" hits="2" branch="false"/>
            <line number="74" hits="2" branch="false"/>
            <line number="76" hits="1" branch="false"/>
            <line number="90" hits="3" branch="false"/>
            <line number="92" hits="3" branch="false"/>
            <line number="93" hits="3" branch="false"/>
            <line number="94" hits="3" branch="false"/>
            <line number="96" hits="3" branch="false"/>
            <line number="97" hits="3" branch="false"/>
            <line number="98" hits="3" branch="false"/>
            <line number="100" hits="3" branch="false"/>
            <line number="102" hits="3" branch="false"/>
            <line number="103" hits="3" branch="false"/>
            <line number="104" hits="3" branch="false"/>
            <line number="105" hits="3" branch="false"/>
            <line number="106" hits="3" branch="false"/>
            <line number="107" hits="3" branch="false"/>
            <line number="108" hits="3" branch="false"/>
            <line number="109" hits="2" branch="false"/>
            <line number="110" hits="2" branch="false"/>
            <line number="111" hits="2" branch="false"/>
            <line number="113" hits="3" branch="false"/>
          </lines>
        </class>
        <class name="SurvivalWeibullPH.R" filename="R/SurvivalWeibullPH.R" line-rate="1" branch-rate="0" complexity="0">
          <methods>
            <method name="SurvivalWeibullPH" signature="" line-rate="1" branch-rate="0" complexity="0">
              <lines>
                <line number="34" hits="2" branch="false"/>
                <line number="35" hits="2" branch="false"/>
                <line number="36" hits="2" branch="false"/>
                <line number="37" hits="2" branch="false"/>
                <line number="38" hits="2" branch="false"/>
                <line number="39" hits="2" branch="false"/>
                <line number="40" hits="2" branch="false"/>
                <line number="41" hits="2" branch="false"/>
                <line number="42" hits="2" branch="false"/>
                <line number="43" hits="2" branch="false"/>
              </lines>
            </method>
          </methods>
          <lines>
            <line number="34" hits="2" branch="false"/>
            <line number="35" hits="2" branch="false"/>
            <line number="36" hits="2" branch="false"/>
            <line number="37" hits="2" branch="false"/>
            <line number="38" hits="2" branch="false"/>
            <line number="39" hits="2" branch="false"/>
            <line number="40" hits="2" branch="false"/>
            <line number="41" hits="2" branch="false"/>
            <line number="42" hits="2" branch="false"/>
            <line number="43" hits="2" branch="false"/>
          </lines>
        </class>
        <class name="utilities.R" filename="R/utilities.R" line-rate="0.987951807228916" branch-rate="0" complexity="0">
          <methods>
            <method name="get_missing_rownumbers" signature="" line-rate="0.75" branch-rate="0" complexity="0">
              <lines>
                <line number="13" hits="13" branch="false"/>
                <line number="14" hits="0" branch="false"/>
                <line number="16" hits="13" branch="false"/>
                <line number="17" hits="13" branch="false"/>
              </lines>
            </method>
            <method name="remove_missing_rows" signature="" line-rate="1" branch-rate="0" complexity="0">
              <lines>
                <line number="39" hits="12" branch="false"/>
                <line number="40" hits="12" branch="false"/>
                <line number="41" hits="12" branch="false"/>
                <line number="43" hits="12" branch="false"/>
                <line number="45" hits="12" branch="false"/>
                <line number="46" hits="9" branch="false"/>
                <line number="48" hits="3" branch="false"/>
                <line number="49" hits="3" branch="false"/>
                <line number="50" hits="3" branch="false"/>
                <line number="51" hits="3" branch="false"/>
                <line number="52" hits="3" branch="false"/>
              </lines>
            </method>
            <method name="expand_initial_values" signature="" line-rate="1" branch-rate="0" complexity="0">
              <lines>
                <line number="73" hits="2" branch="false"/>
                <line number="74" hits="2" branch="false"/>
                <line number="75" hits="2" branch="false"/>
                <line number="76" hits="2" branch="false"/>
                <line number="77" hits="2" branch="false"/>
                <line number="78" hits="2" branch="false"/>
                <line number="79" hits="2" branch="false"/>
                <line number="80" hits="2" branch="false"/>
                <line number="81" hits="2" branch="false"/>
                <line number="82" hits="2" branch="false"/>
                <line number="83" hits="2" branch="false"/>
                <line number="84" hits="2" branch="false"/>
                <line number="85" hits="2" branch="false"/>
                <line number="87" hits="2" branch="false"/>
                <line number="89" hits="22" branch="false"/>
                <line number="90" hits="21" branch="false"/>
                <line number="93" hits="22" branch="false"/>
                <line number="94" hits="22" branch="false"/>
                <line number="95" hits="22" branch="false"/>
                <line number="96" hits="22" branch="false"/>
                <line number="97" hits="22" branch="false"/>
                <line number="98" hits="22" branch="false"/>
                <line number="99" hits="12" branch="false"/>
                <line number="104" hits="2" branch="false"/>
                <line number="105" hits="22" branch="false"/>
                <line number="106" hits="22" branch="false"/>
                <line number="107" hits="22" branch="false"/>
                <line number="108" hits="22" branch="false"/>
                <line number="111" hits="2" branch="false"/>
              </lines>
            </method>
            <method name="replace_with_lookup" signature="" line-rate="1" branch-rate="0" complexity="0">
              <lines>
                <line number="136" hits="4" branch="false"/>
                <line number="137" hits="4" branch="false"/>
                <line number="139" hits="4" branch="false"/>
                <line number="140" hits="30" branch="false"/>
                <line number="141" hits="30" branch="false"/>
                <line number="142" hits="15" branch="false"/>
                <line number="143" hits="15" branch="false"/>
                <line number="144" hits="15" branch="false"/>
                <line number="145" hits="15" branch="false"/>
                <line number="146" hits="15" branch="false"/>
                <line number="147" hits="15" branch="false"/>
                <line number="148" hits="15" branch="false"/>
                <line number="149" hits="15" branch="false"/>
                <line number="150" hits="15" branch="false"/>
                <line number="151" hits="15" branch="false"/>
                <line number="152" hits="15" branch="false"/>
                <line number="153" hits="15" branch="false"/>
                <line number="154" hits="15" branch="false"/>
                <line number="155" hits="14" branch="false"/>
                <line number="157" hits="15" branch="false"/>
                <line number="158" hits="15" branch="false"/>
                <line number="159" hits="15" branch="false"/>
                <line number="160" hits="15" branch="false"/>
                <line number="161" hits="14" branch="false"/>
                <line number="164" hits="2" branch="false"/>
              </lines>
            </method>
            <method name="samples_median_ci" signature="" line-rate="1" branch-rate="0" complexity="0">
              <lines>
                <line number="182" hits="556" branch="false"/>
                <line number="183" hits="556" branch="false"/>
                <line number="185" hits="556" branch="false"/>
                <line number="186" hits="556" branch="false"/>
                <line number="187" hits="556" branch="false"/>
                <line number="188" hits="556" branch="false"/>
                <line number="189" hits="556" branch="false"/>
                <line number="190" hits="556" branch="false"/>
                <line number="191" hits="556" branch="false"/>
                <line number="192" hits="556" branch="false"/>
              </lines>
            </method>
            <method name="pt_2_factor" signature="" line-rate="1" branch-rate="0" complexity="0">
              <lines>
                <line number="209" hits="20" branch="false"/>
                <line number="210" hits="20" branch="false"/>
                <line number="211" hits="20" branch="false"/>
                <line number="212" hits="20" branch="false"/>
              </lines>
            </method>
          </methods>
          <lines>
            <line number="13" hits="13" branch="false"/>
            <line number="14" hits="0" branch="false"/>
            <line number="16" hits="13" branch="false"/>
            <line number="17" hits="13" branch="false"/>
            <line number="39" hits="12" branch="false"/>
            <line number="40" hits="12" branch="false"/>
            <line number="41" hits="12" branch="false"/>
            <line number="43" hits="12" branch="false"/>
            <line number="45" hits="12" branch="false"/>
            <line number="46" hits="9" branch="false"/>
            <line number="48" hits="3" branch="false"/>
            <line number="49" hits="3" branch="false"/>
            <line number="50" hits="3" branch="false"/>
            <line number="51" hits="3" branch="false"/>
            <line number="52" hits="3" branch="false"/>
            <line number="73" hits="2" branch="false"/>
            <line number="74" hits="2" branch="false"/>
            <line number="75" hits="2" branch="false"/>
            <line number="76" hits="2" branch="false"/>
            <line number="77" hits="2" branch="false"/>
            <line number="78" hits="2" branch="false"/>
            <line number="79" hits="2" branch="false"/>
            <line number="80" hits="2" branch="false"/>
            <line number="81" hits="2" branch="false"/>
            <line number="82" hits="2" branch="false"/>
            <line number="83" hits="2" branch="false"/>
            <line number="84" hits="2" branch="false"/>
            <line number="85" hits="2" branch="false"/>
            <line number="87" hits="2" branch="false"/>
            <line number="89" hits="22" branch="false"/>
            <line number="90" hits="21" branch="false"/>
            <line number="93" hits="22" branch="false"/>
            <line number="94" hits="22" branch="false"/>
            <line number="95" hits="22" branch="false"/>
            <line number="96" hits="22" branch="false"/>
            <line number="97" hits="22" branch="false"/>
            <line number="98" hits="22" branch="false"/>
            <line number="99" hits="12" branch="false"/>
            <line number="104" hits="2" branch="false"/>
            <line number="105" hits="22" branch="false"/>
            <line number="106" hits="22" branch="false"/>
            <line number="107" hits="22" branch="false"/>
            <line number="108" hits="22" branch="false"/>
            <line number="111" hits="2" branch="false"/>
            <line number="136" hits="4" branch="false"/>
            <line number="137" hits="4" branch="false"/>
            <line number="139" hits="4" branch="false"/>
            <line number="140" hits="30" branch="false"/>
            <line number="141" hits="30" branch="false"/>
            <line number="142" hits="15" branch="false"/>
            <line number="143" hits="15" branch="false"/>
            <line number="144" hits="15" branch="false"/>
            <line number="145" hits="15" branch="false"/>
            <line number="146" hits="15" branch="false"/>
            <line number="147" hits="15" branch="false"/>
            <line number="148" hits="15" branch="false"/>
            <line number="149" hits="15" branch="false"/>
            <line number="150" hits="15" branch="false"/>
            <line number="151" hits="15" branch="false"/>
            <line number="152" hits="15" branch="false"/>
            <line number="153" hits="15" branch="false"/>
            <line number="154" hits="15" branch="false"/>
            <line number="155" hits="14" branch="false"/>
            <line number="157" hits="15" branch="false"/>
            <line number="158" hits="15" branch="false"/>
            <line number="159" hits="15" branch="false"/>
            <line number="160" hits="15" branch="false"/>
            <line number="161" hits="14" branch="false"/>
            <line number="164" hits="2" branch="false"/>
            <line number="182" hits="556" branch="false"/>
            <line number="183" hits="556" branch="false"/>
            <line number="185" hits="556" branch="false"/>
            <line number="186" hits="556" branch="false"/>
            <line number="187" hits="556" branch="false"/>
            <line number="188" hits="556" branch="false"/>
            <line number="189" hits="556" branch="false"/>
            <line number="190" hits="556" branch="false"/>
            <line number="191" hits="556" branch="false"/>
            <line number="192" hits="556" branch="false"/>
            <line number="209" hits="20" branch="false"/>
            <line number="210" hits="20" branch="false"/>
            <line number="211" hits="20" branch="false"/>
            <line number="212" hits="20" branch="false"/>
          </lines>
        </class>
      </classes>
    </package>
  </packages>
</coverage>
