<?xml version="1.0" encoding="UTF-8"?>
<testsuites>
  <testsuite name="DataJoint" timestamp="2023-08-16T16:22:26Z" hostname="c7d822c65aee" tests="4" skipped="0" failures="0" errors="0" time="0.887">
    <testcase time="0.76" classname="DataJoint" name="DataJoint_errors_if_subjects_don_t_allign_after"/>
    <testcase time="0.0759999999999996" classname="DataJoint" name="DataJoint_errors_if_subjects_don_t_allign_after"/>
    <testcase time="0.0389999999999997" classname="DataJoint" name="DataJoint_errors_if_subjects_don_t_allign_after"/>
    <testcase time="0.0120000000000005" classname="DataJoint" name="DataJoint_errors_if_subjects_don_t_allign_after"/>
  </testsuite>
  <testsuite name="DataLongitudinal" timestamp="2023-08-16T16:22:27Z" hostname="c7d822c65aee" tests="15" skipped="0" failures="0" errors="0" time="0.154">
    <testcase time="0.0419999999999998" classname="DataLongitudinal" name="DataLongitudinal_being_rendered_to_list_is_as_expected_for_simple_inputs"/>
    <testcase time="0.00600000000000023" classname="DataLongitudinal" name="DataLongitudinal_being_rendered_to_list_is_as_expected_for_simple_inputs"/>
    <testcase time="0.00600000000000023" classname="DataLongitudinal" name="DataLongitudinal_being_rendered_to_list_is_as_expected_for_simple_inputs"/>
    <testcase time="0.00599999999999934" classname="DataLongitudinal" name="DataLongitudinal_being_rendered_to_list_is_as_expected_for_simple_inputs"/>
    <testcase time="0.00700000000000056" classname="DataLongitudinal" name="DataLongitudinal_being_rendered_to_list_is_as_expected_for_simple_inputs"/>
    <testcase time="0.00599999999999934" classname="DataLongitudinal" name="DataLongitudinal_being_rendered_to_list_is_as_expected_for_simple_inputs"/>
    <testcase time="0.00700000000000056" classname="DataLongitudinal" name="DataLongitudinal_being_rendered_to_list_is_as_expected_for_simple_inputs"/>
    <testcase time="0.00499999999999989" classname="DataLongitudinal" name="DataLongitudinal_being_rendered_to_list_is_as_expected_for_simple_inputs"/>
    <testcase time="0.00600000000000023" classname="DataLongitudinal" name="DataLongitudinal_being_rendered_to_list_is_as_expected_for_simple_inputs"/>
    <testcase time="0.000999999999999446" classname="DataLongitudinal" name="DataLongitudinal_being_rendered_to_list_is_as_expected_for_simple_inputs"/>
    <testcase time="0.0140000000000002" classname="DataLongitudinal" name="time_grid_is_rejected_if_in_an_invalid_format"/>
    <testcase time="0.0119999999999996" classname="DataLongitudinal" name="time_grid_is_rejected_if_in_an_invalid_format"/>
    <testcase time="0.0140000000000002" classname="DataLongitudinal" name="time_grid_is_rejected_if_in_an_invalid_format"/>
    <testcase time="0.0110000000000001" classname="DataLongitudinal" name="time_grid_is_rejected_if_in_an_invalid_format"/>
    <testcase time="0.0110000000000001" classname="DataLongitudinal" name="time_grid_is_rejected_if_in_an_invalid_format"/>
  </testsuite>
  <testsuite name="DataSurvival" timestamp="2023-08-16T16:22:27Z" hostname="c7d822c65aee" tests="17" skipped="0" failures="0" errors="0" time="0.21">
    <testcase time="0.0579999999999998" classname="DataSurvival" name="Error_Handling"/>
    <testcase time="0.0190000000000001" classname="DataSurvival" name="DataSurvival_being_rendered_to_list_is_as_expected_for_simple_inputs"/>
    <testcase time="0.00900000000000034" classname="DataSurvival" name="DataSurvival_being_rendered_to_list_is_as_expected_for_simple_inputs"/>
    <testcase time="0.00699999999999967" classname="DataSurvival" name="DataSurvival_being_rendered_to_list_is_as_expected_for_simple_inputs"/>
    <testcase time="0.00600000000000023" classname="DataSurvival" name="DataSurvival_being_rendered_to_list_is_as_expected_for_simple_inputs"/>
    <testcase time="0.00600000000000023" classname="DataSurvival" name="DataSurvival_being_rendered_to_list_is_as_expected_for_simple_inputs"/>
    <testcase time="0.00499999999999989" classname="DataSurvival" name="DataSurvival_being_rendered_to_list_is_as_expected_for_simple_inputs"/>
    <testcase time="0.00600000000000023" classname="DataSurvival" name="DataSurvival_being_rendered_to_list_is_as_expected_for_simple_inputs"/>
    <testcase time="0.00599999999999934" classname="DataSurvival" name="DataSurvival_being_rendered_to_list_is_as_expected_for_simple_inputs"/>
    <testcase time="0.00600000000000023" classname="DataSurvival" name="DataSurvival_being_rendered_to_list_is_as_expected_for_simple_inputs"/>
    <testcase time="0.00600000000000023" classname="DataSurvival" name="DataSurvival_being_rendered_to_list_is_as_expected_for_simple_inputs"/>
    <testcase time="0.00600000000000023" classname="DataSurvival" name="DataSurvival_being_rendered_to_list_is_as_expected_for_simple_inputs"/>
    <testcase time="0.0129999999999999" classname="DataSurvival" name="time_grid_is_rejected_if_in_an_invalid_format"/>
    <testcase time="0.0129999999999999" classname="DataSurvival" name="time_grid_is_rejected_if_in_an_invalid_format"/>
    <testcase time="0.016" classname="DataSurvival" name="time_grid_is_rejected_if_in_an_invalid_format"/>
    <testcase time="0.016" classname="DataSurvival" name="time_grid_is_rejected_if_in_an_invalid_format"/>
    <testcase time="0.0120000000000005" classname="DataSurvival" name="time_grid_is_rejected_if_in_an_invalid_format"/>
  </testsuite>
  <testsuite name="JointModel" timestamp="2023-08-16T16:22:28Z" hostname="c7d822c65aee" tests="2" skipped="0" failures="0" errors="0" time="0.694">
    <testcase time="0.689" classname="JointModel" name="JointModel_smoke_tests"/>
    <testcase time="0.00499999999999989" classname="JointModel" name="JointModel_smoke_tests"/>
  </testsuite>
  <testsuite name="JointModelSamples" timestamp="2023-08-16T16:22:28Z" hostname="c7d822c65aee" tests="34" skipped="0" failures="0" errors="0" time="19.05">
    <testcase time="0.0149999999999997" classname="JointModelSamples" name="longitudinal_works_as_expected_for_JointModelSamples"/>
    <testcase time="8.905" classname="JointModelSamples" name="longitudinal_works_as_expected_for_JointModelSamples"/>
    <testcase time="0.000999999999999446" classname="JointModelSamples" name="longitudinal_works_as_expected_for_JointModelSamples"/>
    <testcase time="0.00200000000000067" classname="JointModelSamples" name="longitudinal_works_as_expected_for_JointModelSamples"/>
    <testcase time="0.00499999999999901" classname="JointModelSamples" name="longitudinal_works_as_expected_for_JointModelSamples"/>
    <testcase time="0.00200000000000067" classname="JointModelSamples" name="longitudinal_works_as_expected_for_JointModelSamples"/>
    <testcase time="0.000999999999999446" classname="JointModelSamples" name="longitudinal_works_as_expected_for_JointModelSamples"/>
    <testcase time="0.00600000000000023" classname="JointModelSamples" name="longitudinal_works_as_expected_for_JointModelSamples"/>
    <testcase time="0.00200000000000067" classname="JointModelSamples" name="longitudinal_works_as_expected_for_JointModelSamples"/>
    <testcase time="0.00499999999999901" classname="JointModelSamples" name="longitudinal_works_as_expected_for_JointModelSamples"/>
    <testcase time="0.00200000000000067" classname="JointModelSamples" name="longitudinal_works_as_expected_for_JointModelSamples"/>
    <testcase time="0.00499999999999901" classname="JointModelSamples" name="longitudinal_works_as_expected_for_JointModelSamples"/>
    <testcase time="0.00500000000000078" classname="JointModelSamples" name="longitudinal_works_as_expected_for_JointModelSamples"/>
    <testcase time="0.708" classname="JointModelSamples" name="longitudinal_allows_to_subset_patients"/>
    <testcase time="0.00199999999999889" classname="JointModelSamples" name="longitudinal_allows_to_subset_patients"/>
    <testcase time="0.00100000000000122" classname="JointModelSamples" name="longitudinal_allows_to_subset_patients"/>
    <testcase time="0.00600000000000023" classname="JointModelSamples" name="longitudinal_allows_to_subset_patients"/>
    <testcase time="0.00899999999999856" classname="JointModelSamples" name="survival_works_as_expected_for_JointModelSamples"/>
    <testcase time="8.831" classname="JointModelSamples" name="survival_works_as_expected_for_JointModelSamples"/>
    <testcase time="0.00100000000000122" classname="JointModelSamples" name="survival_works_as_expected_for_JointModelSamples"/>
    <testcase time="0.00199999999999889" classname="JointModelSamples" name="survival_works_as_expected_for_JointModelSamples"/>
    <testcase time="0.00600000000000023" classname="JointModelSamples" name="survival_works_as_expected_for_JointModelSamples"/>
    <testcase time="0.00100000000000122" classname="JointModelSamples" name="survival_works_as_expected_for_JointModelSamples"/>
    <testcase time="0.00199999999999889" classname="JointModelSamples" name="survival_works_as_expected_for_JointModelSamples"/>
    <testcase time="0.00500000000000256" classname="JointModelSamples" name="survival_works_as_expected_for_JointModelSamples"/>
    <testcase time="0.000999999999997669" classname="JointModelSamples" name="survival_works_as_expected_for_JointModelSamples"/>
    <testcase time="0.00499999999999901" classname="JointModelSamples" name="survival_works_as_expected_for_JointModelSamples"/>
    <testcase time="0.00199999999999889" classname="JointModelSamples" name="survival_works_as_expected_for_JointModelSamples"/>
    <testcase time="0.00500000000000256" classname="JointModelSamples" name="survival_works_as_expected_for_JointModelSamples"/>
    <testcase time="0.00600000000000023" classname="JointModelSamples" name="survival_works_as_expected_for_JointModelSamples"/>
    <testcase time="0.491" classname="JointModelSamples" name="survival_allows_to_subset_patients"/>
    <testcase time="0.00199999999999889" classname="JointModelSamples" name="survival_allows_to_subset_patients"/>
    <testcase time="0.00199999999999889" classname="JointModelSamples" name="survival_allows_to_subset_patients"/>
    <testcase time="0.00600000000000023" classname="JointModelSamples" name="survival_allows_to_subset_patients"/>
  </testsuite>
  <testsuite name="LinkGSF" timestamp="2023-08-16T16:22:47Z" hostname="c7d822c65aee" tests="13" skipped="0" failures="0" errors="0" time="0.518">
    <testcase time="0.0190000000000019" classname="LinkGSF" name="LinkGSF_class_initialization_works_as_expected"/>
    <testcase time="0.00199999999999889" classname="LinkGSF" name="LinkGSF_class_initialization_works_as_expected"/>
    <testcase time="0.137" classname="LinkGSF" name="LinkGSF_user_constructor_works_as_expected_with_defaults"/>
    <testcase time="0.00199999999999889" classname="LinkGSF" name="LinkGSF_user_constructor_works_as_expected_with_defaults"/>
    <testcase time="0.0199999999999996" classname="LinkGSF" name="link_gsf_ttg_user_constructor_works_as_expected_with_defaults"/>
    <testcase time="0.00200000000000244" classname="LinkGSF" name="link_gsf_ttg_user_constructor_works_as_expected_with_defaults"/>
    <testcase time="0.0239999999999974" classname="LinkGSF" name="link_gsf_dsld_user_constructor_works_as_expected_with_defaults"/>
    <testcase time="0.00200000000000244" classname="LinkGSF" name="link_gsf_dsld_user_constructor_works_as_expected_with_defaults"/>
    <testcase time="0.0249999999999986" classname="LinkGSF" name="link_gsf_identity_user_constructor_works_as_expected_with_defaults"/>
    <testcase time="0.00199999999999889" classname="LinkGSF" name="link_gsf_identity_user_constructor_works_as_expected_with_defaults"/>
    <testcase time="0.129000000000001" classname="LinkGSF" name="LinkGSF_returns_correct_defaults_when_no_arguments_are_supplied"/>
    <testcase time="0.0659999999999989" classname="LinkGSF" name="LinkGSF_returns_correct_defaults_when_no_arguments_are_supplied"/>
    <testcase time="0.088000000000001" classname="LinkGSF" name="LinkGSF_returns_correct_defaults_when_no_arguments_are_supplied"/>
  </testsuite>
  <testsuite name="LinkNone" timestamp="2023-08-16T16:22:48Z" hostname="c7d822c65aee" tests="5" skipped="0" failures="0" errors="0" time="0.051">
    <testcase time="0.0199999999999996" classname="LinkNone" name="LinkNone_object_is_generated_without_unexpected_input"/>
    <testcase time="0.00900000000000034" classname="LinkNone" name="LinkNone_object_is_generated_without_unexpected_input"/>
    <testcase time="0.0100000000000016" classname="LinkNone" name="LinkNone_object_is_generated_without_unexpected_input"/>
    <testcase time="0.00600000000000023" classname="LinkNone" name="LinkNone_object_is_generated_without_unexpected_input"/>
    <testcase time="0.00600000000000023" classname="LinkNone" name="LinkNone_object_is_generated_without_unexpected_input"/>
  </testsuite>
  <testsuite name="LinkRandomSlope" timestamp="2023-08-16T16:22:48Z" hostname="c7d822c65aee" tests="3" skipped="0" failures="0" errors="0" time="0.062">
    <testcase time="0.0489999999999995" classname="LinkRandomSlope" name="LinkRandomSlope_smoke_tests"/>
    <testcase time="0.00500000000000256" classname="LinkRandomSlope" name="LinkRandomSlope_smoke_tests"/>
    <testcase time="0.00799999999999912" classname="LinkRandomSlope" name="LinkRandomSlope_smoke_tests"/>
  </testsuite>
  <testsuite name="LongitudinalGSF" timestamp="2023-08-16T16:22:48Z" hostname="c7d822c65aee" tests="3" skipped="0" failures="0" errors="1" time="61.157">
    <testcase time="0.184999999999999" classname="LongitudinalGSF" name="LongitudinalGSF_works_as_expected_with_default_arguments"/>
    <testcase time="0.00200000000000244" classname="LongitudinalGSF" name="LongitudinalGSF_works_as_expected_with_default_arguments"/>
    <testcase time="60.97" classname="LongitudinalGSF" name="LongitudinalGSF_works_as_expected_with_a_single_study">
      <error type="error" message="Error in `(function (data = NULL, seed = NULL, refresh = NULL, init = NULL,  ('test-LongitudinalGSF.R:46:5')">Error in `(function (data = NULL, seed = NULL, refresh = NULL, init = NULL, 
    save_latent_dynamics = FALSE, output_dir = NULL, output_basename = NULL, 
    sig_figs = NULL, chains = 4, parallel_chains = getOption("mc.cores", 
        1), chain_ids = seq_len(chains), threads_per_chain = NULL, 
    opencl_ids = NULL, iter_warmup = NULL, iter_sampling = NULL, 
    save_warmup = FALSE, thin = NULL, max_treedepth = NULL, adapt_engaged = TRUE, 
    adapt_delta = NULL, step_size = NULL, metric = NULL, metric_file = NULL, 
    inv_metric = NULL, init_buffer = NULL, term_buffer = NULL, 
    window = NULL, fixed_param = FALSE, show_messages = TRUE, 
    show_exceptions = TRUE, diagnostics = c("divergences", "treedepth", 
        "ebfmi"), cores = NULL, num_cores = NULL, num_chains = NULL, 
    num_warmup = NULL, num_samples = NULL, validate_csv = NULL, 
    save_extra_diagnostics = NULL, max_depth = NULL, stepsize = NULL) 
{
    if (!is.null(cores)) {
        warning("'cores' is deprecated. Please use 'parallel_chains' instead.")
        parallel_chains &lt;- cores
    }
    if (!is.null(num_cores)) {
        warning("'num_cores' is deprecated. Please use 'parallel_chains' instead.")
        parallel_chains &lt;- num_cores
    }
    if (!is.null(num_chains)) {
        warning("'num_chains' is deprecated. Please use 'chains' instead.")
        chains &lt;- num_chains
    }
    if (!is.null(num_warmup)) {
        warning("'num_warmup' is deprecated. Please use 'iter_warmup' instead.")
        iter_warmup &lt;- num_warmup
    }
    if (!is.null(num_samples)) {
        warning("'num_samples' is deprecated. Please use 'iter_sampling' instead.")
        iter_sampling &lt;- num_samples
    }
    if (!is.null(max_depth)) {
        warning("'max_depth' is deprecated. Please use 'max_treedepth' instead.")
        max_treedepth &lt;- max_depth
    }
    if (!is.null(stepsize)) {
        warning("'stepsize' is deprecated. Please use 'step_size' instead.")
        step_size &lt;- stepsize
    }
    if (!is.null(save_extra_diagnostics)) {
        warning("'save_extra_diagnostics' is deprecated. Please use 'save_latent_dynamics' instead.")
        save_latent_dynamics &lt;- save_extra_diagnostics
    }
    if (!is.null(validate_csv)) {
        warning("'validate_csv' is deprecated. Please use 'diagnostics' instead.")
        if (is.logical(validate_csv)) {
            if (validate_csv) {
                diagnostics &lt;- c("divergences", "treedepth", 
                  "ebfmi")
            }
            else {
                diagnostics &lt;- NULL
            }
        }
    }
    if (cmdstan_version() &gt;= "2.27.0" &amp;&amp; !fixed_param) {
        if (self$has_stan_file() &amp;&amp; file.exists(self$stan_file())) {
            if (!is.null(self$variables()) &amp;&amp; length(self$variables()$parameters) == 
                0) {
                stop("Model contains no parameters. Please use 'fixed_param = TRUE'.", 
                  call. = FALSE)
            }
        }
    }
    if (fixed_param) {
        save_warmup &lt;- FALSE
    }
    procs &lt;- CmdStanMCMCProcs$new(num_procs = checkmate::assert_integerish(chains, 
        lower = 1, len = 1), parallel_procs = checkmate::assert_integerish(parallel_chains, 
        lower = 1, null.ok = TRUE), threads_per_proc = assert_valid_threads(threads_per_chain, 
        self$cpp_options(), multiple_chains = TRUE), show_stderr_messages = show_exceptions, 
        show_stdout_messages = show_messages)
    model_variables &lt;- NULL
    if (is_variables_method_supported(self)) {
        model_variables &lt;- self$variables()
    }
    sample_args &lt;- SampleArgs$new(iter_warmup = iter_warmup, 
        iter_sampling = iter_sampling, save_warmup = save_warmup, 
        thin = thin, max_treedepth = max_treedepth, adapt_engaged = adapt_engaged, 
        adapt_delta = adapt_delta, step_size = step_size, metric = metric, 
        metric_file = metric_file, inv_metric = inv_metric, init_buffer = init_buffer, 
        term_buffer = term_buffer, window = window, fixed_param = fixed_param, 
        diagnostics = diagnostics)
    args &lt;- CmdStanArgs$new(method_args = sample_args, stan_file = self$stan_file(), 
        stan_code = suppressWarnings(self$code()), model_methods_env = private$model_methods_env_, 
        standalone_env = self$functions, model_name = self$model_name(), 
        exe_file = self$exe_file(), proc_ids = checkmate::assert_integerish(chain_ids, 
            lower = 1, len = chains, unique = TRUE, null.ok = FALSE), 
        data_file = process_data(data, model_variables), save_latent_dynamics = save_latent_dynamics, 
        seed = seed, init = init, refresh = refresh, output_dir = output_dir, 
        output_basename = output_basename, sig_figs = sig_figs, 
        opencl_ids = assert_valid_opencl(opencl_ids, self$cpp_options()), 
        model_variables = model_variables)
    runset &lt;- CmdStanRun$new(args, procs)
    runset$run_cmdstan()
    CmdStanMCMC$new(runset)
})(iter_sampling = 75, iter_warmup = 75, chains = 1, parallel_chains = 1, 
    exe_file = "/tmp/RtmpcfZE6k/gsf_joint_model_with_link_single_study", 
    data = list(Nind = 130L, Nind_dead = 1, dead_ind_index = 80L, 
        Times = c(7.14871950596016, 0.800945994144711, 3.01061032979254, 
        6.07741195497043, 0.416295975912362, 1.1015094869704, 
        0.994410855229944, 0.179354751482606, 0.0590573963709176, 
        10.5000200432943, 9.89792472073689, 0.418135386340543, 
        0.901569002307951, 0.922600094228983, 3.82248667894367, 
        1.87382897129282, 0.282140505965799, 1.15058409132984, 
        0.524768202099949, 3.55384441276735, 4.03910643874172, 
        10.9231117827104, 0.400404496584088, 3.76972118816705, 
        3.49419291491125, 0.314698880548125, 1.00023094704375, 
        0.126393083392936, 0.183746318877949, 0.0502237784676254, 
        3.12938150937173, 0.0664831315830069, 1.1189421066083, 
        4.52067225950198, 1.80857750214636, 4.66965247479208, 
        1.93630434991792, 3.0514154852039, 3.56947419593546, 
        0.778472542762756, 7.87674429043572, 11.6200010490822, 
        1.21426669347871, 1.52919272147119, 0.0918012470097658, 
        1.65244554821402, 3.60123854397301, 9.36013884046927, 
        3.4523745215169, 2.36445677919749, 0.633143766299634, 
        1.55481203645468, 2.06900774594396, 2.29586698106081, 
        5.72270118752171, 1.91373229958117, 4.09276676258508, 
        0.56303095864132, 1.79294134676456, 0.187819494139774, 
        0.754461822565645, 1.47381730377674, 7.33649057670872, 
        2.68565287614677, 0.687372943852097, 1.5175923476927, 
        0.989295365009874, 1.41972207650542, 0.117243541627438, 
        0.0174498246051371, 3.28597881818626, 2.07333673769608, 
        1.83861098298803, 6.7275524618877, 6.83624868243377, 
        0.326821304631077, 5.32330899101622, 11.2514174741911, 
        0.12788307806477, 2, 2.47546969434682, 4.12466035398159, 
        0.523668745066971, 1.84016657760367, 6.00676809598632, 
        3.01132894927923, 1.28852886334062, 1.98733187327161, 
        1.14497528496985, 0.134014596696943, 5.2556412105722, 
        2.16216305084647, 0.808803058695048, 0.237365484237671, 
        4.52136828166373, 2.48398286370996, 0.498183571267873, 
        5.11950449620314, 7.86077793836038, 2.81922692039956, 
        2.20103122560743, 11.8409502071546, 0.695756105870413, 
        0.278557552490383, 3.59677545993093, 5.61983544540532, 
        3.16250276353989, 0.95772802317515, 1.3761655879207, 
        2.08710267757461, 0.224344460428884, 1.26402589006555, 
        1.27423945797364, 11.7853069317745, 4.08241613755438, 
        1.34612027604112, 5.29228538808353, 2.86919501131836, 
        1.82553767552599, 0.00247792159382373, 4.71934048619993, 
        10.0567386964883, 0.584120895713568, 2.93538286338065, 
        0.16757400194183, 1.77253212220967, 6.54708927273195, 
        1.17012418387458, 0.518626414110354, 4.98533460658915
        ), p_os_cov_design = 3L, os_cov_design = structure(c(1, 
        0, 1, 0, 1, 0, 0, 0, 0, 0, 0, 1, 0, 1, 0, 0, 0, 0, 1, 
        0, 0, 0, 1, 0, 0, 0, 0, 0, 0, 1, 1, 1, 0, 0, 1, 1, 0, 
        1, 0, 0, 1, 0, 0, 0, 0, 1, 0, 1, 1, 1, 0, 0, 0, 0, 0, 
        0, 0, 1, 0, 1, 1, 0, 0, 0, 0, 0, 0, 0, 0, 1, 1, 0, 1, 
        0, 0, 0, 0, 0, 0, 0, 0, 0, 0, 0, 1, 0, 0, 0, 1, 0, 1, 
        0, 0, 0, 0, 1, 1, 0, 0, 0, 0, 1, 0, 1, 1, 1, 1, 0, 0, 
        0, 0, 0, 0, 0, 0, 1, 0, 0, 0, 0, 0, 0, 1, 0, 1, 0, 1, 
        1, 1, 0, 0, 1, 0, 1, 0, 1, 0, 0, 0, 0, 1, 0, 0, 0, 0, 
        1, 1, 0, 0, 1, 0, 1, 0, 0, 0, 0, 0, 0, 1, 0, 0, 0, 1, 
        0, 0, 0, 0, 0, 0, 0, 0, 1, 0, 1, 0, 0, 0, 0, 0, 0, 1, 
        0, 0, 0, 0, 1, 0, 0, 0, 0, 0, 0, 0, 0, 0, 1, 0, 0, 0, 
        0, 0, 1, 0, 1, 0, 0, 0, 0, 0, 1, 0, 0, 1, 1, 0, 0, 0, 
        0, 0, 0, 0, 0, 0, 1, 1, 0, 0, 0, 1, 0, 0, 0, 0, 0, 0, 
        0, 0, 1, 1, 1, 1, 0, 1, 1, 1, 0, 1, 1, 1, 0, 0, 1, 0, 
        1, 0, 0, 0, 0, 0, 0, -0.560475646552213, -0.23017748948328, 
        1.55870831414912, 0.070508391424576, 0.129287735160946, 
        1.71506498688328, 0.460916205989202, -1.26506123460653, 
        -0.686852851893526, -0.445661970099958, 1.22408179743946, 
        0.359813827057364, 0.400771450594052, 0.11068271594512, 
        -0.555841134754075, 1.78691313680308, 0.497850478229239, 
        -1.96661715662964, 0.701355901563686, -0.472791407727934, 
        -1.06782370598685, -0.217974914658295, -1.02600444830724, 
        -0.72889122929114, -0.625039267849257, -1.68669331074241, 
        0.837787044494525, 0.153373117836515, -1.13813693701195, 
        1.25381492106993, 0.426464221476814, -0.295071482992271, 
        0.895125661045022, 0.878133487533042, 0.821581081637487, 
        0.688640254100091, 0.553917653537589, -0.0619117105767217, 
        -0.305962663739917, -0.380471001012383, -0.694706978920513, 
        -0.207917278019599, -1.26539635156826, 2.16895596533851, 
        1.20796199830499, -1.12310858320335, -0.402884835299076, 
        -0.466655353623219, 0.779965118336318, -0.0833690664718293, 
        0.253318513994755, -0.028546755348703, -0.0428704572913161, 
        1.36860228401446, -0.225770985659268, 1.51647060442954, 
        -1.54875280423022, 0.584613749636069, 0.123854243844614, 
        0.215941568743973, 0.379639482759882, -0.502323453109302, 
        -0.33320738366942, -1.01857538310709, -1.07179122647558, 
        0.303528641404258, 0.448209778629426, 0.0530042267305041, 
        0.922267467879738, 2.05008468562714, -0.491031166056535, 
        -2.30916887564081, 1.00573852446226, -0.709200762582393, 
        -0.688008616467358, 1.0255713696967, -0.284773007051009, 
        -1.22071771225454, 0.18130347974915, -0.138891362439045, 
        0.00576418589988693, 0.38528040112633, -0.370660031792409, 
        0.644376548518833, -0.220486561818751, 0.331781963915697, 
        1.09683901314935, 0.435181490833803, -0.325931585531227, 
        1.14880761845109, 0.993503855962119, 0.54839695950807, 
        0.238731735111441, -0.627906076039371, 1.36065244853001, 
        -0.600259587147127, 2.18733299301658, 1.53261062618519, 
        -0.235700359100477, -1.02642090030678, -0.710406563699301, 
        0.25688370915653, -0.246691878462374, -0.347542599397733, 
        -0.951618567265016, -0.0450277248089203, -0.784904469457076, 
        -1.66794193658814, -0.380226520287762, 0.918996609060766, 
        -0.575346962608392, 0.607964322225033, -1.61788270828916, 
        -0.0555619655245394, 0.519407203943462, 0.301153362166714, 
        0.105676194148943, -0.640706008305376, -0.849704346033582, 
        -1.02412879060491, 0.117646597100126, -0.947474614184802, 
        -0.490557443700668, -0.256092192198247, 1.84386200523221, 
        -0.651949901695459, 0.235386572284857, 0.0779608495637108, 
        -0.961856634130129, -0.0713080861235987), dim = c(130L, 
        3L), dimnames = list(c("1", "2", "3", "4", "5", "6", 
        "7", "8", "9", "10", "11", "12", "13", "14", "15", "16", 
        "17", "18", "19", "20", "21", "22", "23", "24", "25", 
        "26", "27", "28", "29", "30", "31", "32", "33", "34", 
        "35", "36", "37", "38", "39", "40", "41", "42", "43", 
        "44", "45", "46", "47", "48", "49", "50", "51", "52", 
        "53", "54", "55", "56", "57", "58", "59", "60", "61", 
        "62", "63", "64", "65", "66", "67", "68", "69", "70", 
        "71", "72", "73", "74", "75", "76", "77", "78", "79", 
        "80", "81", "82", "83", "84", "85", "86", "87", "88", 
        "89", "90", "91", "92", "93", "94", "95", "96", "97", 
        "98", "99", "100", "101", "102", "103", "104", "105", 
        "106", "107", "108", "109", "110", "111", "112", "113", 
        "114", "115", "116", "117", "118", "119", "120", "121", 
        "122", "123", "124", "125", "126", "127", "128", "129", 
        "130"), c("cov_catB", "cov_catC", "cov_cont"))), n_nodes = 15L, 
        nodes = c(-0.987992518020485, -0.937273392400706, -0.848206583410427, 
        -0.72441773136017, -0.570972172608539, -0.394151347077563, 
        -0.201194093997434, 7.76897533334697e-17, 0.201194093997435, 
        0.394151347077563, 0.570972172608539, 0.72441773136017, 
        0.848206583410427, 0.937273392400706, 0.987992518020485
        ), weights = c(0.0307532419961173, 0.0703660474881082, 
        0.107159220467172, 0.139570677926155, 0.166269205816994, 
        0.186161000015562, 0.198431485327112, 0.202578241925561, 
        0.19843148532711, 0.186161000015563, 0.166269205816993, 
        0.139570677926154, 0.107159220467173, 0.0703660474881077, 
        0.0307532419961179), study_index = c(1, 1, 1, 1, 1, 1, 
        1, 1, 1, 1, 1, 1, 1, 1, 1, 1, 1, 1, 1, 1, 1, 1, 1, 1, 
        1, 1, 1, 1, 1, 1, 1, 1, 1, 1, 1, 1, 1, 1, 1, 1, 1, 1, 
        1, 1, 1, 1, 1, 1, 1, 1, 1, 1, 1, 1, 1, 1, 1, 1, 1, 1, 
        1, 1, 1, 1, 1, 1, 1, 1, 1, 1, 1, 1, 1, 1, 1, 1, 1, 1, 
        1, 1, 1, 1, 1, 1, 1, 1, 1, 1, 1, 1, 1, 1, 1, 1, 1, 1, 
        1, 1, 1, 1, 1, 1, 1, 1, 1, 1, 1, 1, 1, 1, 1, 1, 1, 1, 
        1, 1, 1, 1, 1, 1, 1, 1, 1, 1, 1, 1, 1, 1, 1, 1), arm_index = c(1, 
        1, 1, 1, 1, 1, 1, 1, 1, 1, 1, 1, 1, 1, 1, 1, 1, 1, 1, 
        1, 1, 1, 1, 1, 1, 1, 1, 1, 1, 1, 1, 1, 1, 1, 1, 1, 1, 
        1, 1, 1, 1, 1, 1, 1, 1, 1, 1, 1, 1, 1, 2, 2, 2, 2, 2, 
        2, 2, 2, 2, 2, 2, 2, 2, 2, 2, 2, 2, 2, 2, 2, 2, 2, 2, 
        2, 2, 2, 2, 2, 2, 2, 2, 2, 2, 2, 2, 2, 2, 2, 2, 2, 2, 
        2, 2, 2, 2, 2, 2, 2, 2, 2, 2, 2, 2, 2, 2, 2, 2, 2, 2, 
        2, 2, 2, 2, 2, 2, 2, 2, 2, 2, 2, 2, 2, 2, 2, 2, 2, 2, 
        2, 2, 2), sm_time_grid = c(1, 50, 100), n_sm_time_grid = 3L, 
        index_per_arm = c(1, 2, 3, 4, 5, 6, 7, 8, 9, 10, 11, 
        12, 13, 14, 15, 16, 17, 18, 19, 20, 21, 22, 23, 24, 25, 
        26, 27, 28, 29, 30, 31, 32, 33, 34, 35, 36, 37, 38, 39, 
        40, 41, 42, 43, 44, 45, 46, 47, 48, 49, 50, 51, 52, 53, 
        54, 55, 56, 57, 58, 59, 60, 61, 62, 63, 64, 65, 66, 67, 
        68, 69, 70, 71, 72, 73, 74, 75, 76, 77, 78, 79, 80, 81, 
        82, 83, 84, 85, 86, 87, 88, 89, 90, 91, 92, 93, 94, 95, 
        96, 97, 98, 99, 100, 101, 102, 103, 104, 105, 106, 107, 
        108, 109, 110, 111, 112, 113, 114, 115, 116, 117, 118, 
        119, 120, 121, 122, 123, 124, 125, 126, 127, 128, 129, 
        130), n_index_per_arm = c(50, 80), n_arms = 2L, arm_to_study_index = c(1, 
        1), n_studies = 1L, Nta_total = 130L, Yobs = c(50.0350831998615, 
        54.0940009045424, 50.1395192287771, 52.2348818717516, 
        47.6642125489075, 49.7867741065944, 49.2829449527336, 
        52.0889594631656, 44.1865379521365, 52.4919006774154, 
        51.0429752490759, 50.9091458215137, 51.1836084856176, 
        50.0552729105262, 51.1518216177172, 46.0467021614938, 
        48.7370201708394, 49.5299297994442, 49.4291942213049, 
        50.9212641860803, 49.1533628591818, 48.3841964785226, 
        50.9413469844516, 50.3672100363078, 51.6100014655075, 
        48.7663988372586, 45.9076200040447, 50.126620860594, 
        50.5796004971612, 47.2687344525121, 53.638835128646, 
        47.2951944289522, 49.0289449993172, 47.849999124515, 
        52.61600788045, 50.6276566013889, 46.8979543659449, 49.3114165406637, 
        49.0216934510119, 51.6686545255063, 49.285284988866, 
        50.8156430502022, 51.4848900592487, 47.5489326812696, 
        52.7236795821516, 51.4844054262395, 48.1509342765395, 
        50.7484755165271, 51.0938558399601, 51.5613309225125, 
        50.2120871895701, 49.582338800239, 48.6619725833888, 
        49.0939280992888, 50.8197816096441, 50.5940480615587, 
        47.0917292389269, 49.8893536009017, 50.3283874121961, 
        53.0711142593983, 45.2768557853279, 50.4595366809086, 
        45.0931937936755, 49.0246801174773, 50.903154727779, 
        49.6387929126589, 48.2952338617345, 51.7585918357559, 
        54.1462835324476, 49.0728368400867, 50.3336715735644, 
        53.3408218365233, 51.8491948605964, 47.8147650645688, 
        50.851189190409, 51.2615561912193, 50.0454388154264, 
        47.6889674874205, 50.8084019579023, 50.2470398652551, 
        51.0121934598273, 48.4382996351037, 50.3163337219945, 
        50.2936840394042, 52.2692290170982, 49.6428452466926, 
        49.2387395142962, 50.8507717223277, 48.4344402987504, 
        49.3077546600616, 50.7921626345234, 50.775627248385, 
        52.5787502630293, 51.7452807448193, 51.7347358508405, 
        49.2435568024325, 48.9384461976453, 47.3120898201097, 
        48.6399889513862, 49.6211468861976, 51.4718204505637, 
        46.7857481823016, 53.2837508971526, 49.0113610397295, 
        50.2661639377343, 52.263548998457, 45.8739022702587, 
        51.0740879662134, 50.4980623121898, 50.2385693117047, 
        51.7393236294029, 49.7998178233831, 52.0473851419057, 
        48.5189740946782, 50.6022992449529, 53.1227108866651, 
        50.7357711018904, 51.6032736420659, 52.8819502214703, 
        51.809938461558, 50.1665545305123, 51.8221620028694, 
        50.6440867522251, 47.9706844678419, 50.0687728350479, 
        49.8382588690572, 48.8742632255708, 50.7963417075494, 
        48.6073900832144, 53.8347147016592), Tobs = c(0, 0, 0, 
        0, 0, 0, 0, 0, 0, 0, 0, 0, 0, 0, 0, 0, 0, 0, 0, 0, 0, 
        0, 0, 0, 0, 0, 0, 0, 0, 0, 0, 0, 0, 0, 0, 0, 0, 0, 0, 
        0, 0, 0, 0, 0, 0, 0, 0, 0, 0, 0, 0, 0, 0, 0, 0, 0, 0, 
        0, 0, 0, 0, 0, 0, 0, 0, 0, 0, 0, 0, 0, 0, 0, 0, 0, 0, 
        0, 0, 0, 0, 0, 0, 0, 0, 0, 0, 0, 0, 0, 0, 0, 0, 0, 0, 
        0, 0, 0, 0, 0, 0, 0, 0, 0, 0, 0, 0, 0, 0, 0, 0, 0, 0, 
        0, 0, 0, 0, 0, 0, 0, 0, 0, 0, 0, 0, 0, 0, 0, 0, 0, 0, 
        0), Ythreshold = 5, Nta_obs_y = 130L, Nta_cens_y = 0L, 
        ind_index = c(1, 2, 3, 4, 5, 6, 7, 8, 9, 10, 11, 12, 
        13, 14, 15, 16, 17, 18, 19, 20, 21, 22, 23, 24, 25, 26, 
        27, 28, 29, 30, 31, 32, 33, 34, 35, 36, 37, 38, 39, 40, 
        41, 42, 43, 44, 45, 46, 47, 48, 49, 50, 51, 52, 53, 54, 
        55, 56, 57, 58, 59, 60, 61, 62, 63, 64, 65, 66, 67, 68, 
        69, 70, 71, 72, 73, 74, 75, 76, 77, 78, 79, 80, 81, 82, 
        83, 84, 85, 86, 87, 88, 89, 90, 91, 92, 93, 94, 95, 96, 
        97, 98, 99, 100, 101, 102, 103, 104, 105, 106, 107, 108, 
        109, 110, 111, 112, 113, 114, 115, 116, 117, 118, 119, 
        120, 121, 122, 123, 124, 125, 126, 127, 128, 129, 130
        ), pt_to_ind = structure(1:130, names = c("pt_00001", 
        "pt_00002", "pt_00003", "pt_00004", "pt_00005", "pt_00006", 
        "pt_00007", "pt_00008", "pt_00009", "pt_00010", "pt_00011", 
        "pt_00012", "pt_00013", "pt_00014", "pt_00015", "pt_00016", 
        "pt_00017", "pt_00018", "pt_00019", "pt_00020", "pt_00021", 
        "pt_00022", "pt_00023", "pt_00024", "pt_00025", "pt_00026", 
        "pt_00027", "pt_00028", "pt_00029", "pt_00030", "pt_00031", 
        "pt_00032", "pt_00033", "pt_00034", "pt_00035", "pt_00036", 
        "pt_00037", "pt_00038", "pt_00039", "pt_00040", "pt_00041", 
        "pt_00042", "pt_00043", "pt_00044", "pt_00045", "pt_00046", 
        "pt_00047", "pt_00048", "pt_00049", "pt_00050", "pt_00051", 
        "pt_00052", "pt_00053", "pt_00054", "pt_00055", "pt_00056", 
        "pt_00057", "pt_00058", "pt_00059", "pt_00060", "pt_00061", 
        "pt_00062", "pt_00063", "pt_00064", "pt_00065", "pt_00066", 
        "pt_00067", "pt_00068", "pt_00069", "pt_00070", "pt_00071", 
        "pt_00072", "pt_00073", "pt_00074", "pt_00075", "pt_00076", 
        "pt_00077", "pt_00078", "pt_00079", "pt_00080", "pt_00081", 
        "pt_00082", "pt_00083", "pt_00084", "pt_00085", "pt_00086", 
        "pt_00087", "pt_00088", "pt_00089", "pt_00090", "pt_00091", 
        "pt_00092", "pt_00093", "pt_00094", "pt_00095", "pt_00096", 
        "pt_00097", "pt_00098", "pt_00099", "pt_00100", "pt_00101", 
        "pt_00102", "pt_00103", "pt_00104", "pt_00105", "pt_00106", 
        "pt_00107", "pt_00108", "pt_00109", "pt_00110", "pt_00111", 
        "pt_00112", "pt_00113", "pt_00114", "pt_00115", "pt_00116", 
        "pt_00117", "pt_00118", "pt_00119", "pt_00120", "pt_00121", 
        "pt_00122", "pt_00123", "pt_00124", "pt_00125", "pt_00126", 
        "pt_00127", "pt_00128", "pt_00129", "pt_00130")), obs_y_index = 1:130, 
        cens_y_index = integer(0), n_mat_inds_obs_y = c(259L, 
        259L, 131L), w_mat_inds_obs_y = c(1, 1, 1, 1, 1, 1, 1, 
        1, 1, 1, 1, 1, 1, 1, 1, 1, 1, 1, 1, 1, 1, 1, 1, 1, 1, 
        1, 1, 1, 1, 1, 1, 1, 1, 1, 1, 1, 1, 1, 1, 1, 1, 1, 1, 
        1, 1, 1, 1, 1, 1, 1, 1, 1, 1, 1, 1, 1, 1, 1, 1, 1, 1, 
        1, 1, 1, 1, 1, 1, 1, 1, 1, 1, 1, 1, 1, 1, 1, 1, 1, 1, 
        1, 1, 1, 1, 1, 1, 1, 1, 1, 1, 1, 1, 1, 1, 1, 1, 1, 1, 
        1, 1, 1, 1, 1, 1, 1, 1, 1, 1, 1, 1, 1, 1, 1, 1, 1, 1, 
        1, 1, 1, 1, 1, 1, 1, 1, 1, 1, 1, 1, 1, 1, 1, 1, 1, 1, 
        1, 1, 1, 1, 1, 1, 1, 1, 1, 1, 1, 1, 1, 1, 1, 1, 1, 1, 
        1, 1, 1, 1, 1, 1, 1, 1, 1, 1, 1, 1, 1, 1, 1, 1, 1, 1, 
        1, 1, 1, 1, 1, 1, 1, 1, 1, 1, 1, 1, 1, 1, 1, 1, 1, 1, 
        1, 1, 1, 1, 1, 1, 1, 1, 1, 1, 1, 1, 1, 1, 1, 1, 1, 1, 
        1, 1, 1, 1, 1, 1, 1, 1, 1, 1, 1, 1, 1, 1, 1, 1, 1, 1, 
        1, 1, 1, 1, 1, 1, 1, 1, 1, 1, 1, 1, 1, 1, 1, 1, 1, 1, 
        1, 1, 1, 1, 1, 1, 1, 1, 1, 1, 1, 1, 1, 1, 1, 1, 1, 1), 
        v_mat_inds_obs_y = c(1L, 2L, 3L, 4L, 5L, 6L, 7L, 8L, 
        9L, 10L, 11L, 12L, 13L, 14L, 15L, 16L, 17L, 18L, 19L, 
        20L, 21L, 22L, 23L, 24L, 25L, 26L, 27L, 28L, 29L, 30L, 
        31L, 32L, 33L, 34L, 35L, 36L, 37L, 38L, 39L, 40L, 41L, 
        42L, 43L, 44L, 45L, 46L, 47L, 48L, 49L, 50L, 51L, 52L, 
        53L, 54L, 55L, 56L, 57L, 58L, 59L, 60L, 61L, 62L, 63L, 
        64L, 65L, 66L, 67L, 68L, 69L, 70L, 71L, 72L, 73L, 74L, 
        75L, 76L, 77L, 78L, 79L, 80L, 81L, 82L, 83L, 84L, 85L, 
        86L, 87L, 88L, 89L, 90L, 91L, 92L, 93L, 94L, 95L, 96L, 
        97L, 98L, 99L, 100L, 101L, 102L, 103L, 104L, 105L, 106L, 
        107L, 108L, 109L, 110L, 111L, 112L, 113L, 114L, 115L, 
        116L, 117L, 118L, 119L, 120L, 121L, 122L, 123L, 124L, 
        125L, 126L, 127L, 128L, 129L, 130L, 2L, 3L, 4L, 5L, 6L, 
        7L, 8L, 9L, 10L, 11L, 12L, 13L, 14L, 15L, 16L, 17L, 18L, 
        19L, 20L, 21L, 22L, 23L, 24L, 25L, 26L, 27L, 28L, 29L, 
        30L, 31L, 32L, 33L, 34L, 35L, 36L, 37L, 38L, 39L, 40L, 
        41L, 42L, 43L, 44L, 45L, 46L, 47L, 48L, 49L, 50L, 51L, 
        52L, 53L, 54L, 55L, 56L, 57L, 58L, 59L, 60L, 61L, 62L, 
        63L, 64L, 65L, 66L, 67L, 68L, 69L, 70L, 71L, 72L, 73L, 
        74L, 75L, 76L, 77L, 78L, 79L, 80L, 81L, 82L, 83L, 84L, 
        85L, 86L, 87L, 88L, 89L, 90L, 91L, 92L, 93L, 94L, 95L, 
        96L, 97L, 98L, 99L, 100L, 101L, 102L, 103L, 104L, 105L, 
        106L, 107L, 108L, 109L, 110L, 111L, 112L, 113L, 114L, 
        115L, 116L, 117L, 118L, 119L, 120L, 121L, 122L, 123L, 
        124L, 125L, 126L, 127L, 128L, 129L, 130L), u_mat_inds_obs_y = c(1L, 
        131L, 132L, 133L, 134L, 135L, 136L, 137L, 138L, 139L, 
        140L, 141L, 142L, 143L, 144L, 145L, 146L, 147L, 148L, 
        149L, 150L, 151L, 152L, 153L, 154L, 155L, 156L, 157L, 
        158L, 159L, 160L, 161L, 162L, 163L, 164L, 165L, 166L, 
        167L, 168L, 169L, 170L, 171L, 172L, 173L, 174L, 175L, 
        176L, 177L, 178L, 179L, 180L, 181L, 182L, 183L, 184L, 
        185L, 186L, 187L, 188L, 189L, 190L, 191L, 192L, 193L, 
        194L, 195L, 196L, 197L, 198L, 199L, 200L, 201L, 202L, 
        203L, 204L, 205L, 206L, 207L, 208L, 209L, 210L, 211L, 
        212L, 213L, 214L, 215L, 216L, 217L, 218L, 219L, 220L, 
        221L, 222L, 223L, 224L, 225L, 226L, 227L, 228L, 229L, 
        230L, 231L, 232L, 233L, 234L, 235L, 236L, 237L, 238L, 
        239L, 240L, 241L, 242L, 243L, 244L, 245L, 246L, 247L, 
        248L, 249L, 250L, 251L, 252L, 253L, 254L, 255L, 256L, 
        257L, 258L, 259L, 260L), n_mat_inds_cens_y = c(0L, 0L, 
        131L), w_mat_inds_cens_y = numeric(0), v_mat_inds_cens_y = integer(0), 
        u_mat_inds_cens_y = c(1L, 1L, 1L, 1L, 1L, 1L, 1L, 1L, 
        1L, 1L, 1L, 1L, 1L, 1L, 1L, 1L, 1L, 1L, 1L, 1L, 1L, 1L, 
        1L, 1L, 1L, 1L, 1L, 1L, 1L, 1L, 1L, 1L, 1L, 1L, 1L, 1L, 
        1L, 1L, 1L, 1L, 1L, 1L, 1L, 1L, 1L, 1L, 1L, 1L, 1L, 1L, 
        1L, 1L, 1L, 1L, 1L, 1L, 1L, 1L, 1L, 1L, 1L, 1L, 1L, 1L, 
        1L, 1L, 1L, 1L, 1L, 1L, 1L, 1L, 1L, 1L, 1L, 1L, 1L, 1L, 
        1L, 1L, 1L, 1L, 1L, 1L, 1L, 1L, 1L, 1L, 1L, 1L, 1L, 1L, 
        1L, 1L, 1L, 1L, 1L, 1L, 1L, 1L, 1L, 1L, 1L, 1L, 1L, 1L, 
        1L, 1L, 1L, 1L, 1L, 1L, 1L, 1L, 1L, 1L, 1L, 1L, 1L, 1L, 
        1L, 1L, 1L, 1L, 1L, 1L, 1L, 1L, 1L, 1L, 1L), n_mat_inds_all_y = c(259L, 
        259L, 131L), w_mat_inds_all_y = c(1, 1, 1, 1, 1, 1, 1, 
        1, 1, 1, 1, 1, 1, 1, 1, 1, 1, 1, 1, 1, 1, 1, 1, 1, 1, 
        1, 1, 1, 1, 1, 1, 1, 1, 1, 1, 1, 1, 1, 1, 1, 1, 1, 1, 
        1, 1, 1, 1, 1, 1, 1, 1, 1, 1, 1, 1, 1, 1, 1, 1, 1, 1, 
        1, 1, 1, 1, 1, 1, 1, 1, 1, 1, 1, 1, 1, 1, 1, 1, 1, 1, 
        1, 1, 1, 1, 1, 1, 1, 1, 1, 1, 1, 1, 1, 1, 1, 1, 1, 1, 
        1, 1, 1, 1, 1, 1, 1, 1, 1, 1, 1, 1, 1, 1, 1, 1, 1, 1, 
        1, 1, 1, 1, 1, 1, 1, 1, 1, 1, 1, 1, 1, 1, 1, 1, 1, 1, 
        1, 1, 1, 1, 1, 1, 1, 1, 1, 1, 1, 1, 1, 1, 1, 1, 1, 1, 
        1, 1, 1, 1, 1, 1, 1, 1, 1, 1, 1, 1, 1, 1, 1, 1, 1, 1, 
        1, 1, 1, 1, 1, 1, 1, 1, 1, 1, 1, 1, 1, 1, 1, 1, 1, 1, 
        1, 1, 1, 1, 1, 1, 1, 1, 1, 1, 1, 1, 1, 1, 1, 1, 1, 1, 
        1, 1, 1, 1, 1, 1, 1, 1, 1, 1, 1, 1, 1, 1, 1, 1, 1, 1, 
        1, 1, 1, 1, 1, 1, 1, 1, 1, 1, 1, 1, 1, 1, 1, 1, 1, 1, 
        1, 1, 1, 1, 1, 1, 1, 1, 1, 1, 1, 1, 1, 1, 1, 1, 1, 1), 
        v_mat_inds_all_y = c(1L, 2L, 3L, 4L, 5L, 6L, 7L, 8L, 
        9L, 10L, 11L, 12L, 13L, 14L, 15L, 16L, 17L, 18L, 19L, 
        20L, 21L, 22L, 23L, 24L, 25L, 26L, 27L, 28L, 29L, 30L, 
        31L, 32L, 33L, 34L, 35L, 36L, 37L, 38L, 39L, 40L, 41L, 
        42L, 43L, 44L, 45L, 46L, 47L, 48L, 49L, 50L, 51L, 52L, 
        53L, 54L, 55L, 56L, 57L, 58L, 59L, 60L, 61L, 62L, 63L, 
        64L, 65L, 66L, 67L, 68L, 69L, 70L, 71L, 72L, 73L, 74L, 
        75L, 76L, 77L, 78L, 79L, 80L, 81L, 82L, 83L, 84L, 85L, 
        86L, 87L, 88L, 89L, 90L, 91L, 92L, 93L, 94L, 95L, 96L, 
        97L, 98L, 99L, 100L, 101L, 102L, 103L, 104L, 105L, 106L, 
        107L, 108L, 109L, 110L, 111L, 112L, 113L, 114L, 115L, 
        116L, 117L, 118L, 119L, 120L, 121L, 122L, 123L, 124L, 
        125L, 126L, 127L, 128L, 129L, 130L, 2L, 3L, 4L, 5L, 6L, 
        7L, 8L, 9L, 10L, 11L, 12L, 13L, 14L, 15L, 16L, 17L, 18L, 
        19L, 20L, 21L, 22L, 23L, 24L, 25L, 26L, 27L, 28L, 29L, 
        30L, 31L, 32L, 33L, 34L, 35L, 36L, 37L, 38L, 39L, 40L, 
        41L, 42L, 43L, 44L, 45L, 46L, 47L, 48L, 49L, 50L, 51L, 
        52L, 53L, 54L, 55L, 56L, 57L, 58L, 59L, 60L, 61L, 62L, 
        63L, 64L, 65L, 66L, 67L, 68L, 69L, 70L, 71L, 72L, 73L, 
        74L, 75L, 76L, 77L, 78L, 79L, 80L, 81L, 82L, 83L, 84L, 
        85L, 86L, 87L, 88L, 89L, 90L, 91L, 92L, 93L, 94L, 95L, 
        96L, 97L, 98L, 99L, 100L, 101L, 102L, 103L, 104L, 105L, 
        106L, 107L, 108L, 109L, 110L, 111L, 112L, 113L, 114L, 
        115L, 116L, 117L, 118L, 119L, 120L, 121L, 122L, 123L, 
        124L, 125L, 126L, 127L, 128L, 129L, 130L), u_mat_inds_all_y = c(1L, 
        131L, 132L, 133L, 134L, 135L, 136L, 137L, 138L, 139L, 
        140L, 141L, 142L, 143L, 144L, 145L, 146L, 147L, 148L, 
        149L, 150L, 151L, 152L, 153L, 154L, 155L, 156L, 157L, 
        158L, 159L, 160L, 161L, 162L, 163L, 164L, 165L, 166L, 
        167L, 168L, 169L, 170L, 171L, 172L, 173L, 174L, 175L, 
        176L, 177L, 178L, 179L, 180L, 181L, 182L, 183L, 184L, 
        185L, 186L, 187L, 188L, 189L, 190L, 191L, 192L, 193L, 
        194L, 195L, 196L, 197L, 198L, 199L, 200L, 201L, 202L, 
        203L, 204L, 205L, 206L, 207L, 208L, 209L, 210L, 211L, 
        212L, 213L, 214L, 215L, 216L, 217L, 218L, 219L, 220L, 
        221L, 222L, 223L, 224L, 225L, 226L, 227L, 228L, 229L, 
        230L, 231L, 232L, 233L, 234L, 235L, 236L, 237L, 238L, 
        239L, 240L, 241L, 242L, 243L, 244L, 245L, 246L, 247L, 
        248L, 249L, 250L, 251L, 252L, 253L, 254L, 255L, 256L, 
        257L, 258L, 259L, 260L), lm_time_grid = c(1, 50, 100), 
        n_lm_time_grid = 3L), init = function () 
    values_initial_expanded)`: unused argument (exe_file = "/tmp/RtmpcfZE6k/gsf_joint_model_with_link_single_study")
Backtrace:
    x
 1. +-base::suppressWarnings(...) at test-LongitudinalGSF.R:46:4
 2. | \-base::withCallingHandlers(...)
 3. +-jmpost::sampleStanModel(...)
 4. \-jmpost::sampleStanModel(...)
 5.   \-jmpost (local) .local(object, ..., exe_dir = exe_dir)
 6.     \-base::do.call(model$sample, args)</error>
    </testcase>
  </testsuite>
  <testsuite name="LongitudinalSamples" timestamp="2023-08-16T16:23:49Z" hostname="c7d822c65aee" tests="17" skipped="0" failures="0" errors="0" time="0.667">
    <testcase time="0.0559999999999974" classname="LongitudinalSamples" name="LongitudinalSamples_can_be_initialized"/>
    <testcase time="0.00600000000000023" classname="LongitudinalSamples" name="LongitudinalSamples_can_be_initialized"/>
    <testcase time="0.01400000000001" classname="LongitudinalSamples" name="subsetting_works_as_expected_for_LongitudinalSamples"/>
    <testcase time="0.000999999999990564" classname="LongitudinalSamples" name="subsetting_works_as_expected_for_LongitudinalSamples"/>
    <testcase time="0.00600000000000023" classname="LongitudinalSamples" name="subsetting_works_as_expected_for_LongitudinalSamples"/>
    <testcase time="0.301000000000002" classname="LongitudinalSamples" name="autoplot_works_as_expected_for_LongitudinalSamples"/>
    <testcase time="0.0970000000000084" classname="LongitudinalSamples" name="autoplot_works_as_expected_for_LongitudinalSamples"/>
    <testcase time="0.00699999999999079" classname="LongitudinalSamples" name="autoplot_works_as_expected_for_LongitudinalSamples"/>
    <testcase time="0.00600000000000023" classname="LongitudinalSamples" name="autoplot_works_as_expected_for_LongitudinalSamples"/>
    <testcase time="0.00600000000000023" classname="LongitudinalSamples" name="autoplot_works_as_expected_for_LongitudinalSamples"/>
    <testcase time="0.0870000000000033" classname="LongitudinalSamples" name="autoplot_works_as_expected_for_LongitudinalSamples"/>
    <testcase time="0.00600000000000023" classname="LongitudinalSamples" name="autoplot_works_as_expected_for_LongitudinalSamples"/>
    <testcase time="0.00499999999999545" classname="LongitudinalSamples" name="autoplot_works_as_expected_for_LongitudinalSamples"/>
    <testcase time="0.00500000000000966" classname="LongitudinalSamples" name="autoplot_works_as_expected_for_LongitudinalSamples"/>
    <testcase time="0.00600000000000023" classname="LongitudinalSamples" name="autoplot_works_as_expected_for_LongitudinalSamples"/>
    <testcase time="0.0519999999999925" classname="LongitudinalSamples" name="autoplot_works_as_expected_for_LongitudinalSamples"/>
    <testcase time="0.00600000000000023" classname="LongitudinalSamples" name="autoplot_works_as_expected_for_LongitudinalSamples"/>
  </testsuite>
  <testsuite name="ParameterList" timestamp="2023-08-16T16:23:50Z" hostname="c7d822c65aee" tests="3" skipped="0" failures="0" errors="0" time="0.033">
    <testcase time="0.019999999999996" classname="ParameterList" name="ParameterList_smoke_tests"/>
    <testcase time="0.00500000000000966" classname="ParameterList" name="ParameterList_smoke_tests"/>
    <testcase time="0.00799999999999557" classname="ParameterList" name="ParameterList_smoke_tests"/>
  </testsuite>
  <testsuite name="Parameters" timestamp="2023-08-16T16:23:50Z" hostname="c7d822c65aee" tests="4" skipped="0" failures="0" errors="0" time="0.034">
    <testcase time="0.0180000000000007" classname="Parameters" name="Parameters_smoke_tests"/>
    <testcase time="0.00499999999999545" classname="Parameters" name="Parameters_smoke_tests"/>
    <testcase time="0.00600000000000023" classname="Parameters" name="Parameters_smoke_tests"/>
    <testcase time="0.00500000000000966" classname="Parameters" name="Parameters_smoke_tests"/>
  </testsuite>
  <testsuite name="Prior" timestamp="2023-08-16T16:23:50Z" hostname="c7d822c65aee" tests="11" skipped="0" failures="0" errors="0" time="0.109">
    <testcase time="0.0189999999999912" classname="Prior" name="Priors_work_as_expected"/>
    <testcase time="0.00600000000000023" classname="Prior" name="Priors_work_as_expected"/>
    <testcase time="0.00600000000000023" classname="Prior" name="Priors_work_as_expected"/>
    <testcase time="0.00600000000000023" classname="Prior" name="Priors_work_as_expected"/>
    <testcase time="0.0220000000000056" classname="Prior" name="Invalid_prior_parameters_are_rejected"/>
    <testcase time="0.0120000000000005" classname="Prior" name="Invalid_prior_parameters_are_rejected"/>
    <testcase time="0.0109999999999957" classname="Prior" name="Invalid_prior_parameters_are_rejected"/>
    <testcase time="0.0109999999999957" classname="Prior" name="Invalid_prior_parameters_are_rejected"/>
    <testcase time="0.0110000000000099" classname="Prior" name="Invalid_prior_parameters_are_rejected"/>
    <testcase time="0.00300000000000011" classname="Prior" name="Invalid_prior_parameters_are_rejected"/>
    <testcase time="0.00199999999999534" classname="Prior" name="Invalid_prior_parameters_are_rejected"/>
  </testsuite>
  <testsuite name="SurvivalExponential" timestamp="2023-08-16T16:23:50Z" hostname="c7d822c65aee" tests="2" skipped="0" failures="0" errors="2" time="34.96">
    <testcase time="32.782" classname="SurvivalExponential" name="SurvivalExponential_can_recover_true_parameter_no_covariates_">
      <error type="error" message="Error in `(function (data = NULL, seed = NULL, refresh = NULL, init = NULL,  ('test-SurvivalExponential.R:42:5')">Error in `(function (data = NULL, seed = NULL, refresh = NULL, init = NULL, 
    save_latent_dynamics = FALSE, output_dir = NULL, output_basename = NULL, 
    sig_figs = NULL, chains = 4, parallel_chains = getOption("mc.cores", 
        1), chain_ids = seq_len(chains), threads_per_chain = NULL, 
    opencl_ids = NULL, iter_warmup = NULL, iter_sampling = NULL, 
    save_warmup = FALSE, thin = NULL, max_treedepth = NULL, adapt_engaged = TRUE, 
    adapt_delta = NULL, step_size = NULL, metric = NULL, metric_file = NULL, 
    inv_metric = NULL, init_buffer = NULL, term_buffer = NULL, 
    window = NULL, fixed_param = FALSE, show_messages = TRUE, 
    show_exceptions = TRUE, diagnostics = c("divergences", "treedepth", 
        "ebfmi"), cores = NULL, num_cores = NULL, num_chains = NULL, 
    num_warmup = NULL, num_samples = NULL, validate_csv = NULL, 
    save_extra_diagnostics = NULL, max_depth = NULL, stepsize = NULL) 
{
    if (!is.null(cores)) {
        warning("'cores' is deprecated. Please use 'parallel_chains' instead.")
        parallel_chains &lt;- cores
    }
    if (!is.null(num_cores)) {
        warning("'num_cores' is deprecated. Please use 'parallel_chains' instead.")
        parallel_chains &lt;- num_cores
    }
    if (!is.null(num_chains)) {
        warning("'num_chains' is deprecated. Please use 'chains' instead.")
        chains &lt;- num_chains
    }
    if (!is.null(num_warmup)) {
        warning("'num_warmup' is deprecated. Please use 'iter_warmup' instead.")
        iter_warmup &lt;- num_warmup
    }
    if (!is.null(num_samples)) {
        warning("'num_samples' is deprecated. Please use 'iter_sampling' instead.")
        iter_sampling &lt;- num_samples
    }
    if (!is.null(max_depth)) {
        warning("'max_depth' is deprecated. Please use 'max_treedepth' instead.")
        max_treedepth &lt;- max_depth
    }
    if (!is.null(stepsize)) {
        warning("'stepsize' is deprecated. Please use 'step_size' instead.")
        step_size &lt;- stepsize
    }
    if (!is.null(save_extra_diagnostics)) {
        warning("'save_extra_diagnostics' is deprecated. Please use 'save_latent_dynamics' instead.")
        save_latent_dynamics &lt;- save_extra_diagnostics
    }
    if (!is.null(validate_csv)) {
        warning("'validate_csv' is deprecated. Please use 'diagnostics' instead.")
        if (is.logical(validate_csv)) {
            if (validate_csv) {
                diagnostics &lt;- c("divergences", "treedepth", 
                  "ebfmi")
            }
            else {
                diagnostics &lt;- NULL
            }
        }
    }
    if (cmdstan_version() &gt;= "2.27.0" &amp;&amp; !fixed_param) {
        if (self$has_stan_file() &amp;&amp; file.exists(self$stan_file())) {
            if (!is.null(self$variables()) &amp;&amp; length(self$variables()$parameters) == 
                0) {
                stop("Model contains no parameters. Please use 'fixed_param = TRUE'.", 
                  call. = FALSE)
            }
        }
    }
    if (fixed_param) {
        save_warmup &lt;- FALSE
    }
    procs &lt;- CmdStanMCMCProcs$new(num_procs = checkmate::assert_integerish(chains, 
        lower = 1, len = 1), parallel_procs = checkmate::assert_integerish(parallel_chains, 
        lower = 1, null.ok = TRUE), threads_per_proc = assert_valid_threads(threads_per_chain, 
        self$cpp_options(), multiple_chains = TRUE), show_stderr_messages = show_exceptions, 
        show_stdout_messages = show_messages)
    model_variables &lt;- NULL
    if (is_variables_method_supported(self)) {
        model_variables &lt;- self$variables()
    }
    sample_args &lt;- SampleArgs$new(iter_warmup = iter_warmup, 
        iter_sampling = iter_sampling, save_warmup = save_warmup, 
        thin = thin, max_treedepth = max_treedepth, adapt_engaged = adapt_engaged, 
        adapt_delta = adapt_delta, step_size = step_size, metric = metric, 
        metric_file = metric_file, inv_metric = inv_metric, init_buffer = init_buffer, 
        term_buffer = term_buffer, window = window, fixed_param = fixed_param, 
        diagnostics = diagnostics)
    args &lt;- CmdStanArgs$new(method_args = sample_args, stan_file = self$stan_file(), 
        stan_code = suppressWarnings(self$code()), model_methods_env = private$model_methods_env_, 
        standalone_env = self$functions, model_name = self$model_name(), 
        exe_file = self$exe_file(), proc_ids = checkmate::assert_integerish(chain_ids, 
            lower = 1, len = chains, unique = TRUE, null.ok = FALSE), 
        data_file = process_data(data, model_variables), save_latent_dynamics = save_latent_dynamics, 
        seed = seed, init = init, refresh = refresh, output_dir = output_dir, 
        output_basename = output_basename, sig_figs = sig_figs, 
        opencl_ids = assert_valid_opencl(opencl_ids, self$cpp_options()), 
        model_variables = model_variables)
    runset &lt;- CmdStanRun$new(args, procs)
    runset$run_cmdstan()
    CmdStanMCMC$new(runset)
})(iter_sampling = 200, iter_warmup = 200, chains = 1, parallel_chains = 1, 
    exe_file = "/tmp/RtmpcfZE6k/Survival_Exponential_No_Covariates", 
    data = list(Nind = 500L, Nind_dead = 494, dead_ind_index = c(1L, 
    2L, 3L, 4L, 5L, 6L, 7L, 8L, 9L, 10L, 11L, 12L, 13L, 14L, 
    15L, 16L, 17L, 18L, 19L, 20L, 21L, 22L, 23L, 24L, 25L, 26L, 
    27L, 28L, 29L, 30L, 31L, 32L, 33L, 34L, 35L, 36L, 37L, 38L, 
    39L, 40L, 41L, 42L, 43L, 44L, 45L, 46L, 47L, 48L, 49L, 50L, 
    51L, 52L, 53L, 54L, 56L, 57L, 58L, 59L, 60L, 61L, 62L, 63L, 
    64L, 65L, 66L, 67L, 68L, 69L, 70L, 71L, 72L, 73L, 74L, 75L, 
    76L, 77L, 78L, 79L, 80L, 81L, 82L, 83L, 84L, 85L, 86L, 87L, 
    88L, 89L, 90L, 91L, 92L, 93L, 94L, 95L, 96L, 97L, 98L, 99L, 
    100L, 101L, 102L, 103L, 104L, 105L, 106L, 107L, 108L, 109L, 
    110L, 111L, 112L, 113L, 114L, 115L, 116L, 117L, 118L, 119L, 
    120L, 121L, 122L, 123L, 124L, 125L, 126L, 128L, 129L, 130L, 
    131L, 132L, 133L, 134L, 135L, 136L, 137L, 138L, 139L, 140L, 
    141L, 142L, 143L, 144L, 145L, 146L, 147L, 148L, 149L, 150L, 
    151L, 152L, 153L, 154L, 155L, 156L, 158L, 159L, 160L, 161L, 
    162L, 163L, 164L, 165L, 166L, 167L, 168L, 169L, 170L, 171L, 
    172L, 173L, 174L, 175L, 176L, 177L, 178L, 179L, 180L, 181L, 
    182L, 183L, 184L, 185L, 186L, 187L, 188L, 189L, 190L, 191L, 
    192L, 193L, 194L, 195L, 196L, 197L, 198L, 199L, 200L, 201L, 
    202L, 203L, 204L, 205L, 206L, 207L, 208L, 209L, 210L, 211L, 
    212L, 213L, 214L, 215L, 216L, 217L, 218L, 219L, 220L, 221L, 
    222L, 223L, 224L, 225L, 226L, 227L, 228L, 229L, 230L, 231L, 
    232L, 233L, 234L, 235L, 236L, 237L, 238L, 239L, 240L, 241L, 
    242L, 243L, 244L, 245L, 246L, 247L, 248L, 249L, 250L, 251L, 
    252L, 253L, 254L, 255L, 256L, 258L, 259L, 260L, 261L, 262L, 
    263L, 264L, 265L, 266L, 267L, 268L, 269L, 270L, 271L, 272L, 
    273L, 274L, 275L, 276L, 277L, 278L, 279L, 280L, 281L, 282L, 
    283L, 284L, 285L, 286L, 287L, 288L, 289L, 290L, 291L, 292L, 
    293L, 294L, 295L, 296L, 297L, 298L, 299L, 300L, 301L, 302L, 
    303L, 304L, 305L, 306L, 307L, 308L, 309L, 310L, 311L, 312L, 
    313L, 314L, 315L, 316L, 317L, 318L, 319L, 320L, 321L, 322L, 
    323L, 324L, 325L, 326L, 327L, 328L, 329L, 330L, 331L, 332L, 
    333L, 334L, 335L, 336L, 337L, 338L, 339L, 340L, 341L, 342L, 
    343L, 344L, 345L, 346L, 347L, 348L, 349L, 350L, 351L, 352L, 
    353L, 354L, 355L, 356L, 357L, 358L, 359L, 360L, 361L, 362L, 
    363L, 364L, 365L, 366L, 367L, 368L, 369L, 370L, 371L, 372L, 
    373L, 374L, 375L, 376L, 377L, 378L, 380L, 381L, 382L, 383L, 
    384L, 385L, 386L, 387L, 388L, 389L, 390L, 391L, 392L, 393L, 
    394L, 395L, 396L, 397L, 398L, 399L, 400L, 401L, 402L, 403L, 
    404L, 405L, 406L, 407L, 408L, 409L, 410L, 411L, 412L, 413L, 
    414L, 415L, 416L, 417L, 418L, 419L, 420L, 421L, 422L, 423L, 
    424L, 425L, 426L, 427L, 428L, 429L, 430L, 431L, 432L, 433L, 
    434L, 435L, 436L, 437L, 438L, 439L, 440L, 441L, 442L, 443L, 
    444L, 445L, 446L, 447L, 448L, 449L, 450L, 451L, 452L, 453L, 
    454L, 455L, 456L, 457L, 458L, 459L, 460L, 461L, 462L, 463L, 
    464L, 465L, 466L, 467L, 468L, 469L, 470L, 471L, 472L, 473L, 
    474L, 476L, 477L, 478L, 479L, 480L, 481L, 482L, 483L, 484L, 
    485L, 486L, 487L, 488L, 489L, 490L, 491L, 492L, 493L, 494L, 
    495L, 496L, 497L, 498L, 499L, 500L), Times = c(228, 312, 
    4.5, 167, 21, 18, 78, 174.5, 123.5, 178, 209, 30, 264, 187.5, 
    110, 34, 66, 56, 35.5, 66, 151.5, 46, 198.5, 111.5, 18.5, 
    40.5, 106.5, 55, 48.5, 12, 43, 39, 159, 8.5, 27, 5, 150.5, 
    228, 137, 251, 120.5, 95, 88, 153, 49.5, 136, 10, 209, 44, 
    94, 92, 72.5, 207, 281.5, 86.8978137150407, 106, 135.5, 9, 
    56, 19, 79.5, 37, 1.5, 29.5, 106, 261.5, 153, 3.5, 34.5, 
    381.5, 61, 13.5, 33.5, 80.5, 12.5, 8.5, 48.5, 78, 35.5, 319.5, 
    81, 97, 63.5, 18, 100.5, 7, 78.5, 61.5, 25.5, 55, 84.5, 84, 
    16, 166, 19, 34.5, 215.5, 142, 7, 14.5, 32.5, 74.5, 120.5, 
    65, 229.5, 7, 117, 201, 145, 9, 9.5, 26, 14.5, 20.5, 90, 
    80.5, 62, 51, 48, 19, 40, 402, 28.5, 59.5, 90.5, 58, 52.1598667837679, 
    103, 22.5, 122.5, 79, 146, 69.5, 55.5, 259.5, 69.5, 146.5, 
    66, 276, 21, 39, 30, 37.5, 7, 362.5, 229, 101.5, 55, 123.5, 
    74, 45, 56.5, 47, 12, 108, 42.5, 40.934023543256, 20.5, 81, 
    14.5, 91, 20, 101, 7.5, 55.5, 117, 74.5, 93, 7, 56.5, 43, 
    68.5, 6.5, 153, 4, 17, 11.5, 132.5, 40.5, 49, 20.5, 214.5, 
    129.5, 130, 28.5, 137, 20, 134, 20.5, 21.5, 145.5, 26.5, 
    45.5, 442, 113.5, 35.5, 188, 58.5, 3.5, 38, 81, 8, 1.5, 244, 
    80, 294.5, 29.5, 192, 75, 35.5, 88.5, 138.5, 128.5, 80, 253, 
    84.5, 177, 97.5, 46, 13, 14, 17, 74, 249, 305, 56, 135, 135.5, 
    127.5, 87, 1.5, 39.5, 8, 11.5, 56, 105, 6, 185.5, 221.5, 
    72.5, 15.5, 28, 179.5, 134.5, 79.5, 145, 112, 151.5, 91, 
    10, 28.5, 264, 74, 185.5, 48, 201.5, 91.6350935585797, 110, 
    4.5, 39.5, 136, 34, 29, 167.5, 96.5, 21.5, 281.5, 25.5, 27, 
    26, 25.5, 248, 248, 32.5, 102.5, 39, 159.5, 35.5, 89, 4, 
    11.5, 15.5, 61, 41, 347.5, 83, 74, 15, 51, 196.5, 25.5, 216, 
    122.5, 29.5, 17, 77, 123.5, 14, 279.5, 67, 104.5, 47.5, 91, 
    9, 59, 9, 16, 50, 67, 219, 191, 24, 65, 98, 51.5, 5, 123.5, 
    13.5, 22, 13.5, 37.5, 23, 6.5, 60.5, 12, 14.5, 28, 28.5, 
    51, 231, 21.5, 478, 149, 82.5, 354, 235.5, 1, 179.5, 58.5, 
    27.5, 37.5, 10.5, 20, 1, 120, 6.5, 172, 25, 18, 86, 202.5, 
    37, 370, 78, 64, 81, 72, 8.5, 118, 218, 86.5, 92, 10, 41.5, 
    86.5, 28, 92.5, 148, 47.5, 53, 110.5, 4.5, 143, 23, 21.5, 
    29.5, 245.5, 78, 56.6648924723268, 84, 357.5, 26, 160, 197, 
    116.5, 110.5, 44, 2.5, 54.5, 13, 8, 7, 28.5, 79, 86, 50, 
    44.5, 20.5, 394, 116.5, 5.5, 44, 124, 117, 66, 23, 92.5, 
    7, 47.5, 243, 59, 74.5, 38, 69.5, 91, 121, 138.5, 88.5, 17.5, 
    2, 33.5, 140.5, 337, 192, 161, 95, 40.5, 88.5, 79.5, 114, 
    61, 53, 132, 35.5, 95.5, 31, 7.5, 22.5, 13, 17, 233.5, 8.5, 
    28.5, 27.5, 82.5, 161, 71.5, 7, 14.5, 112.5, 12, 148.5, 86.5, 
    52.5, 279, 171, 7, 38, 43, 270.5, 61, 255, 73, 121.5, 141, 
    1.5, 306, 186.5, 8, 94, 15, 9.5, 43.5, 96.5, 179.848673287779, 
    25.5, 3.5, 109, 291.5, 553.5, 50, 157.5, 131, 57.5, 31.5, 
    128, 87.5, 165, 45, 82, 264.5, 216, 89.5, 42.5, 2.5, 16.5, 
    140.5, 2, 8, 57.5), p_os_cov_design = 0L, os_cov_design = structure(numeric(0), dim = c(500L, 
    0L), dimnames = list(c("1", "2", "3", "4", "5", "6", "7", 
    "8", "9", "10", "11", "12", "13", "14", "15", "16", "17", 
    "18", "19", "20", "21", "22", "23", "24", "25", "26", "27", 
    "28", "29", "30", "31", "32", "33", "34", "35", "36", "37", 
    "38", "39", "40", "41", "42", "43", "44", "45", "46", "47", 
    "48", "49", "50", "51", "52", "53", "54", "55", "56", "57", 
    "58", "59", "60", "61", "62", "63", "64", "65", "66", "67", 
    "68", "69", "70", "71", "72", "73", "74", "75", "76", "77", 
    "78", "79", "80", "81", "82", "83", "84", "85", "86", "87", 
    "88", "89", "90", "91", "92", "93", "94", "95", "96", "97", 
    "98", "99", "100", "101", "102", "103", "104", "105", "106", 
    "107", "108", "109", "110", "111", "112", "113", "114", "115", 
    "116", "117", "118", "119", "120", "121", "122", "123", "124", 
    "125", "126", "127", "128", "129", "130", "131", "132", "133", 
    "134", "135", "136", "137", "138", "139", "140", "141", "142", 
    "143", "144", "145", "146", "147", "148", "149", "150", "151", 
    "152", "153", "154", "155", "156", "157", "158", "159", "160", 
    "161", "162", "163", "164", "165", "166", "167", "168", "169", 
    "170", "171", "172", "173", "174", "175", "176", "177", "178", 
    "179", "180", "181", "182", "183", "184", "185", "186", "187", 
    "188", "189", "190", "191", "192", "193", "194", "195", "196", 
    "197", "198", "199", "200", "201", "202", "203", "204", "205", 
    "206", "207", "208", "209", "210", "211", "212", "213", "214", 
    "215", "216", "217", "218", "219", "220", "221", "222", "223", 
    "224", "225", "226", "227", "228", "229", "230", "231", "232", 
    "233", "234", "235", "236", "237", "238", "239", "240", "241", 
    "242", "243", "244", "245", "246", "247", "248", "249", "250", 
    "251", "252", "253", "254", "255", "256", "257", "258", "259", 
    "260", "261", "262", "263", "264", "265", "266", "267", "268", 
    "269", "270", "271", "272", "273", "274", "275", "276", "277", 
    "278", "279", "280", "281", "282", "283", "284", "285", "286", 
    "287", "288", "289", "290", "291", "292", "293", "294", "295", 
    "296", "297", "298", "299", "300", "301", "302", "303", "304", 
    "305", "306", "307", "308", "309", "310", "311", "312", "313", 
    "314", "315", "316", "317", "318", "319", "320", "321", "322", 
    "323", "324", "325", "326", "327", "328", "329", "330", "331", 
    "332", "333", "334", "335", "336", "337", "338", "339", "340", 
    "341", "342", "343", "344", "345", "346", "347", "348", "349", 
    "350", "351", "352", "353", "354", "355", "356", "357", "358", 
    "359", "360", "361", "362", "363", "364", "365", "366", "367", 
    "368", "369", "370", "371", "372", "373", "374", "375", "376", 
    "377", "378", "379", "380", "381", "382", "383", "384", "385", 
    "386", "387", "388", "389", "390", "391", "392", "393", "394", 
    "395", "396", "397", "398", "399", "400", "401", "402", "403", 
    "404", "405", "406", "407", "408", "409", "410", "411", "412", 
    "413", "414", "415", "416", "417", "418", "419", "420", "421", 
    "422", "423", "424", "425", "426", "427", "428", "429", "430", 
    "431", "432", "433", "434", "435", "436", "437", "438", "439", 
    "440", "441", "442", "443", "444", "445", "446", "447", "448", 
    "449", "450", "451", "452", "453", "454", "455", "456", "457", 
    "458", "459", "460", "461", "462", "463", "464", "465", "466", 
    "467", "468", "469", "470", "471", "472", "473", "474", "475", 
    "476", "477", "478", "479", "480", "481", "482", "483", "484", 
    "485", "486", "487", "488", "489", "490", "491", "492", "493", 
    "494", "495", "496", "497", "498", "499", "500"), NULL)), 
        n_nodes = 15L, nodes = c(-0.987992518020485, -0.937273392400706, 
        -0.848206583410427, -0.72441773136017, -0.570972172608539, 
        -0.394151347077563, -0.201194093997434, 7.76897533334697e-17, 
        0.201194093997435, 0.394151347077563, 0.570972172608539, 
        0.72441773136017, 0.848206583410427, 0.937273392400706, 
        0.987992518020485), weights = c(0.0307532419961173, 0.0703660474881082, 
        0.107159220467172, 0.139570677926155, 0.166269205816994, 
        0.186161000015562, 0.198431485327112, 0.202578241925561, 
        0.19843148532711, 0.186161000015563, 0.166269205816993, 
        0.139570677926154, 0.107159220467173, 0.0703660474881077, 
        0.0307532419961179), study_index = c(1, 1, 1, 1, 1, 1, 
        1, 1, 1, 1, 1, 1, 1, 1, 1, 1, 1, 1, 1, 1, 1, 1, 1, 1, 
        1, 1, 1, 1, 1, 1, 1, 1, 1, 1, 1, 1, 1, 1, 1, 1, 1, 1, 
        1, 1, 1, 1, 1, 1, 1, 1, 1, 1, 1, 1, 1, 1, 1, 1, 1, 1, 
        1, 1, 1, 1, 1, 1, 1, 1, 1, 1, 1, 1, 1, 1, 1, 1, 1, 1, 
        1, 1, 1, 1, 1, 1, 1, 1, 1, 1, 1, 1, 1, 1, 1, 1, 1, 1, 
        1, 1, 1, 1, 1, 1, 1, 1, 1, 1, 1, 1, 1, 1, 1, 1, 1, 1, 
        1, 1, 1, 1, 1, 1, 1, 1, 1, 1, 1, 1, 1, 1, 1, 1, 1, 1, 
        1, 1, 1, 1, 1, 1, 1, 1, 1, 1, 1, 1, 1, 1, 1, 1, 1, 1, 
        1, 1, 1, 1, 1, 1, 1, 1, 1, 1, 1, 1, 1, 1, 1, 1, 1, 1, 
        1, 1, 1, 1, 1, 1, 1, 1, 1, 1, 1, 1, 1, 1, 1, 1, 1, 1, 
        1, 1, 1, 1, 1, 1, 1, 1, 1, 1, 1, 1, 1, 1, 1, 1, 1, 1, 
        1, 1, 1, 1, 1, 1, 1, 1, 1, 1, 1, 1, 1, 1, 1, 1, 1, 1, 
        1, 1, 1, 1, 1, 1, 1, 1, 1, 1, 1, 1, 1, 1, 1, 1, 1, 1, 
        1, 1, 1, 1, 1, 1, 1, 1, 1, 1, 1, 1, 1, 1, 1, 1, 1, 1, 
        1, 1, 1, 1, 1, 1, 1, 1, 1, 1, 1, 1, 1, 1, 1, 1, 1, 1, 
        1, 1, 1, 1, 1, 1, 1, 1, 1, 1, 1, 1, 1, 1, 1, 1, 1, 1, 
        1, 1, 1, 1, 1, 1, 1, 1, 1, 1, 1, 1, 1, 1, 1, 1, 1, 1, 
        1, 1, 1, 1, 1, 1, 1, 1, 1, 1, 1, 1, 1, 1, 1, 1, 1, 1, 
        1, 1, 1, 1, 1, 1, 1, 1, 1, 1, 1, 1, 1, 1, 1, 1, 1, 1, 
        1, 1, 1, 1, 1, 1, 1, 1, 1, 1, 1, 1, 1, 1, 1, 1, 1, 1, 
        1, 1, 1, 1, 1, 1, 1, 1, 1, 1, 1, 1, 1, 1, 1, 1, 1, 1, 
        1, 1, 1, 1, 1, 1, 1, 1, 1, 1, 1, 1, 1, 1, 1, 1, 1, 1, 
        1, 1, 1, 1, 1, 1, 1, 1, 1, 1, 1, 1, 1, 1, 1, 1, 1, 1, 
        1, 1, 1, 1, 1, 1, 1, 1, 1, 1, 1, 1, 1, 1, 1, 1, 1, 1, 
        1, 1, 1, 1, 1, 1, 1, 1, 1, 1, 1, 1, 1, 1, 1, 1, 1, 1, 
        1, 1, 1, 1, 1, 1, 1, 1, 1, 1, 1, 1, 1, 1, 1, 1, 1, 1, 
        1, 1, 1, 1, 1, 1, 1, 1, 1, 1, 1, 1, 1, 1, 1, 1, 1, 1, 
        1, 1, 1, 1, 1, 1, 1, 1), arm_index = c(1, 1, 1, 1, 1, 
        1, 1, 1, 1, 1, 1, 1, 1, 1, 1, 1, 1, 1, 1, 1, 1, 1, 1, 
        1, 1, 1, 1, 1, 1, 1, 1, 1, 1, 1, 1, 1, 1, 1, 1, 1, 1, 
        1, 1, 1, 1, 1, 1, 1, 1, 1, 1, 1, 1, 1, 1, 1, 1, 1, 1, 
        1, 1, 1, 1, 1, 1, 1, 1, 1, 1, 1, 1, 1, 1, 1, 1, 1, 1, 
        1, 1, 1, 1, 1, 1, 1, 1, 1, 1, 1, 1, 1, 1, 1, 1, 1, 1, 
        1, 1, 1, 1, 1, 1, 1, 1, 1, 1, 1, 1, 1, 1, 1, 1, 1, 1, 
        1, 1, 1, 1, 1, 1, 1, 1, 1, 1, 1, 1, 1, 1, 1, 1, 1, 1, 
        1, 1, 1, 1, 1, 1, 1, 1, 1, 1, 1, 1, 1, 1, 1, 1, 1, 1, 
        1, 1, 1, 1, 1, 1, 1, 1, 1, 1, 1, 1, 1, 1, 1, 1, 1, 1, 
        1, 1, 1, 1, 1, 1, 1, 1, 1, 1, 1, 1, 1, 1, 1, 1, 1, 1, 
        1, 1, 1, 1, 1, 1, 1, 1, 1, 1, 1, 1, 1, 1, 1, 1, 1, 1, 
        1, 1, 1, 1, 1, 1, 1, 1, 1, 1, 1, 1, 1, 1, 1, 1, 1, 1, 
        1, 1, 1, 1, 1, 1, 1, 1, 1, 1, 1, 1, 1, 1, 1, 1, 1, 1, 
        1, 1, 1, 1, 1, 1, 1, 1, 1, 1, 1, 1, 1, 1, 1, 1, 1, 1, 
        1, 1, 1, 1, 1, 1, 1, 1, 1, 1, 1, 1, 1, 1, 1, 1, 1, 1, 
        1, 1, 1, 1, 1, 1, 1, 1, 1, 1, 1, 1, 1, 1, 1, 1, 1, 1, 
        1, 1, 1, 1, 1, 1, 1, 1, 1, 1, 1, 1, 1, 1, 1, 1, 1, 1, 
        1, 1, 1, 1, 1, 1, 1, 1, 1, 1, 1, 1, 1, 1, 1, 1, 1, 1, 
        1, 1, 1, 1, 1, 1, 1, 1, 1, 1, 1, 1, 1, 1, 1, 1, 1, 1, 
        1, 1, 1, 1, 1, 1, 1, 1, 1, 1, 1, 1, 1, 1, 1, 1, 1, 1, 
        1, 1, 1, 1, 1, 1, 1, 1, 1, 1, 1, 1, 1, 1, 1, 1, 1, 1, 
        1, 1, 1, 1, 1, 1, 1, 1, 1, 1, 1, 1, 1, 1, 1, 1, 1, 1, 
        1, 1, 1, 1, 1, 1, 1, 1, 1, 1, 1, 1, 1, 1, 1, 1, 1, 1, 
        1, 1, 1, 1, 1, 1, 1, 1, 1, 1, 1, 1, 1, 1, 1, 1, 1, 1, 
        1, 1, 1, 1, 1, 1, 1, 1, 1, 1, 1, 1, 1, 1, 1, 1, 1, 1, 
        1, 1, 1, 1, 1, 1, 1, 1, 1, 1, 1, 1, 1, 1, 1, 1, 1, 1, 
        1, 1, 1, 1, 1, 1, 1, 1, 1, 1, 1, 1, 1, 1, 1, 1, 1, 1, 
        1, 1, 1, 1, 1, 1, 1, 1, 1), sm_time_grid = 1, n_sm_time_grid = 1L, 
        index_per_arm = c(1, 2, 3, 4, 5, 6, 7, 8, 9, 10, 11, 
        12, 13, 14, 15, 16, 17, 18, 19, 20, 21, 22, 23, 24, 25, 
        26, 27, 28, 29, 30, 31, 32, 33, 34, 35, 36, 37, 38, 39, 
        40, 41, 42, 43, 44, 45, 46, 47, 48, 49, 50, 51, 52, 53, 
        54, 55, 56, 57, 58, 59, 60, 61, 62, 63, 64, 65, 66, 67, 
        68, 69, 70, 71, 72, 73, 74, 75, 76, 77, 78, 79, 80, 81, 
        82, 83, 84, 85, 86, 87, 88, 89, 90, 91, 92, 93, 94, 95, 
        96, 97, 98, 99, 100, 101, 102, 103, 104, 105, 106, 107, 
        108, 109, 110, 111, 112, 113, 114, 115, 116, 117, 118, 
        119, 120, 121, 122, 123, 124, 125, 126, 127, 128, 129, 
        130, 131, 132, 133, 134, 135, 136, 137, 138, 139, 140, 
        141, 142, 143, 144, 145, 146, 147, 148, 149, 150, 151, 
        152, 153, 154, 155, 156, 157, 158, 159, 160, 161, 162, 
        163, 164, 165, 166, 167, 168, 169, 170, 171, 172, 173, 
        174, 175, 176, 177, 178, 179, 180, 181, 182, 183, 184, 
        185, 186, 187, 188, 189, 190, 191, 192, 193, 194, 195, 
        196, 197, 198, 199, 200, 201, 202, 203, 204, 205, 206, 
        207, 208, 209, 210, 211, 212, 213, 214, 215, 216, 217, 
        218, 219, 220, 221, 222, 223, 224, 225, 226, 227, 228, 
        229, 230, 231, 232, 233, 234, 235, 236, 237, 238, 239, 
        240, 241, 242, 243, 244, 245, 246, 247, 248, 249, 250, 
        251, 252, 253, 254, 255, 256, 257, 258, 259, 260, 261, 
        262, 263, 264, 265, 266, 267, 268, 269, 270, 271, 272, 
        273, 274, 275, 276, 277, 278, 279, 280, 281, 282, 283, 
        284, 285, 286, 287, 288, 289, 290, 291, 292, 293, 294, 
        295, 296, 297, 298, 299, 300, 301, 302, 303, 304, 305, 
        306, 307, 308, 309, 310, 311, 312, 313, 314, 315, 316, 
        317, 318, 319, 320, 321, 322, 323, 324, 325, 326, 327, 
        328, 329, 330, 331, 332, 333, 334, 335, 336, 337, 338, 
        339, 340, 341, 342, 343, 344, 345, 346, 347, 348, 349, 
        350, 351, 352, 353, 354, 355, 356, 357, 358, 359, 360, 
        361, 362, 363, 364, 365, 366, 367, 368, 369, 370, 371, 
        372, 373, 374, 375, 376, 377, 378, 379, 380, 381, 382, 
        383, 384, 385, 386, 387, 388, 389, 390, 391, 392, 393, 
        394, 395, 396, 397, 398, 399, 400, 401, 402, 403, 404, 
        405, 406, 407, 408, 409, 410, 411, 412, 413, 414, 415, 
        416, 417, 418, 419, 420, 421, 422, 423, 424, 425, 426, 
        427, 428, 429, 430, 431, 432, 433, 434, 435, 436, 437, 
        438, 439, 440, 441, 442, 443, 444, 445, 446, 447, 448, 
        449, 450, 451, 452, 453, 454, 455, 456, 457, 458, 459, 
        460, 461, 462, 463, 464, 465, 466, 467, 468, 469, 470, 
        471, 472, 473, 474, 475, 476, 477, 478, 479, 480, 481, 
        482, 483, 484, 485, 486, 487, 488, 489, 490, 491, 492, 
        493, 494, 495, 496, 497, 498, 499, 500), n_index_per_arm = 500, 
        n_arms = 1L, arm_to_study_index = 1, n_studies = 1L, 
        Nta_total = 1000L, Yobs = c(50.2730390538606, 91.3431765365514, 
        49.2247842368075, 63.9112649433542, 51.6462656441903, 
        27.5029048760449, 53.4969133396304, 87.4312254129682, 
        49.5152768761631, 18.2574120016165, 47.1132394600016, 
        72.5550878624785, 50.6823047892044, 20.3602653021272, 
        49.0010867648282, 29.0083194762506, 49.7739397309408, 
        43.6537647949871, 46.6443372679851, 61.3619628544693, 
        51.2496245120867, 97.2169916194179, 51.3536887436694, 
        56.3091023541205, 50.8792909798785, 120.506612679394, 
        49.4152469599159, 130.16756204355, 51.6289774299656, 
        57.7379881986066, 51.4732246585137, -18.1326216308882, 
        47.8286826334554, 16.7627072995847, 50.1122901721774, 
        -14.0944513982902, 49.8740230786552, 36.3922361203554, 
        52.425640041314, 49.1247219004902, 48.0544766975368, 
        32.9111547629762, 44.8411898212747, -11.4435832092608, 
        48.8483201176515, 111.721531440246, 49.3587370212603, 
        -29.6395503227391, 47.2263235965112, 24.6331814144722, 
        49.6528966169687, 0.99035067530705, 46.7753586672521, 
        49.6290931421192, 51.3587066411563, -14.1644250244774, 
        52.6717734006475, 78.1875043560086, 47.354971006064, 
        81.0304613868974, 47.9619339353476, 94.1236185442722, 
        50.2765310534712, 41.1883735561223, 51.0974545180205, 
        41.453590341728, 48.2663851663168, 32.3944123734738, 
        48.1480751106153, 76.6279612916649, 50.754845923804, 
        81.0427536717824, 48.9704313362752, -62.8466894037036, 
        49.801477560683, 42.5031028667469, 49.3773389678507, 
        44.8287462590265, 50.1541918726188, 25.5066350527793, 
        50.895418166783, 65.5123046086317, 48.9567960514477, 
        107.849139906479, 45.1888110679631, 52.2894016390661, 
        48.4470738998005, 8.7366246536858, 45.3407354540638, 
        -31.047606875432, 50.8807709037619, -15.4486149370319, 
        48.8218943921405, 28.4045058488325, 51.102431160955, 
        95.6287589345344, 52.2775091737086, 62.7189511770906, 
        52.6241398314701, 108.802666413769, 52.383034504772, 
        17.0591568487079, 51.0818915213302, 29.9446627334858, 
        47.8367538204451, 38.5970303595007, 49.986869357581, 
        47.0556019398424, 52.1875144563041, -3.95265513117602, 
        49.4309583728178, 35.4604015034993, 53.1337992225475, 
        77.832904531676, 48.6289176472676, 42.3855200590203, 
        48.2152617185372, -14.1117818993891, 48.5324159672058, 
        -6.23997546618252, 48.0075758104121, 56.3707284634931, 
        50.0342392047428, -27.1693913408667, 47.4780950762048, 
        42.2584582375643, 49.9720012957204, -14.9361599820634, 
        50.3165891272757, 106.892205185225, 50.5398424205888, 
        -38.2122669838675, 49.2872039875612, 8.95681150283453, 
        45.880544047519, 47.7163846786144, 52.3797061067324, 
        19.9818996981759, 50.4679738113896, 65.5176659300533, 
        51.7590997935485, 19.6109258527201, 49.6361985627071, 
        16.0512898948476, 50.8538539326869, 29.7181051461148, 
        51.6904465812015, 86.9272262246482, 50.8894029859503, 
        41.2754750737361, 51.5429742297422, -2.02192809048896, 
        50.9480829974482, 20.4020448367751, 52.7191963964446, 
        89.0497648801457, 50.3521201271093, 86.9501686754737, 
        50.2147446282225, -60.6721727370511, 48.0107631868787, 
        -20.651698356602, 48.2764930451642, 11.8756577317264, 
        48.9428020079316, 82.3847822349386, 50.5739121158622, 
        -5.22514789168149, 53.296840544948, 28.7215713957619, 
        49.1207077111318, 27.4406297473996, 50.2822984176069, 
        75.7568161332371, 50.3823717733262, 17.2939701904877, 
        50.3487513300952, 27.0418116048268, 53.6546572972962, 
        79.3780890614079, 51.6443878458873, 50.1268664513546, 
        48.374791944847, 87.8495936367264, 51.6074764279903, 
        40.2886789988636, 47.1181053987626, 54.0758019186476, 
        53.3063124742194, 46.4793002370625, 48.7299561148717, 
        62.7472278263871, 47.5018516672621, -20.7179979752529, 
        48.5261763620932, 29.2616208412565, 52.4267157824446, 
        188.962908014378, 50.8415571598456, 91.7117927285982, 
        48.3073765532923, -31.5428326494378, 48.2278222312902, 
        27.4032265758108, 51.461008244717, -5.73176420777189, 
        46.9580753487081, -34.0906366731311, 48.3992635443532, 
        -36.3480063676433, 49.8101574604181, 62.9868183650854, 
        48.9077821857205, 93.2101917485409, 47.766834491305, 
        51.9252829760886, 48.8249242358887, -14.7109700834103, 
        51.8165923262305, -17.6702210908426, 48.7650335674494, 
        -4.0870888490257, 51.4384836346827, 124.650837620665, 
        52.0956865768152, 116.856630197533, 57.7380080510224, 
        109.634194488537, 51.3758802178371, 61.4249263496558, 
        48.899433968883, 65.5630463875864, 49.6697453563048, 
        28.1563882756352, 47.963977070751, -18.7022013779654, 
        52.0199384091107, 62.0875473055538, 53.9153930365154, 
        95.4746821885778, 50.8862439725679, 39.2750522943497, 
        49.7505055948978, 119.826865977175, 49.8034918887507, 
        93.8278108148282, 47.8565271374349, -25.2148505579311, 
        48.9101788200044, 4.23979093287448, 49.6616012882501, 
        39.1998176460233, 47.0011679279794, 27.6833407824423, 
        50.7840642727231, 40.9084900270945, 50.1945832450904, 
        25.6639571324462, 51.234371341481, 55.4818358519794, 
        47.8403956553402, 25.3367287464655, 47.989789225859, 
        59.9140091851656, 51.9229102282852, 43.1974071082039, 
        49.2503685701098, 51.7118535541133, 52.1711683633552, 
        -13.1565037056851, 51.1870685526357, 63.6564041364733, 
        51.7969509061275, 69.2882398716616, 51.7105442098344, 
        105.547035844812, 51.6030234886956, 13.8963608493208, 
        50.0493307863394, 21.3190560195911, 52.1463346499033, 
        163.39530883548, 51.1219555985832, -34.5595169729062, 
        50.8334557482796, 35.4075293715669, 50.4784619833624, 
        -21.8794350574032, 48.6388680055269, 93.6380357338129, 
        55.6434625376907, 35.8986900247274, 53.1064234820214, 
        115.04535809222, 47.9200594607416, -17.8590514669047, 
        50.6767487324247, 25.544942722027, 46.9961102230367, 
        -2.27597305569054, 49.7863080004167, 17.0827249889167, 
        52.0354531538373, 35.0322152287426, 49.3822181142926, 
        52.1514190707091, 50.827248526547, 49.726897451911, 47.4559650116856, 
        53.3419045516184, 49.8739320581592, 135.098599774832, 
        48.6435069819888, 23.7308818612473, 52.4910742705863, 
        78.8855732296459, 47.1776611549664, 17.7078155760337, 
        50.7686778184919, 60.6755142341859, 48.8870458340704, 
        -25.4550044375303, 49.7147897833238, 91.7755851983653, 
        47.4291189294016, 83.8618443854143, 50.8413306339306, 
        41.2201870486449, 51.5642196508092, 115.329767587133, 
        50.2259027486606, 36.0748608866447, 48.7837531267863, 
        13.3893979435557, 50.3506099914608, 41.0930868880907, 
        47.0863501109109, -5.32634879262469, 47.3319852142022, 
        48.825656385878, 48.5573269541559, 66.9087581558129, 
        45.6300072187806, -63.1117180884052, 50.8296361162143, 
        125.421234324763, 50.1990230279418, 31.0108737844798, 
        49.1717291589657, 59.6012755071228, 52.5940724005418, 
        105.94051571039, 51.959797467826, 109.190152706878, 51.3449419757479, 
        38.7265460442728, 48.6948443811007, 71.009120421755, 
        53.2253539895493, -23.5371879854465, 47.8489965903045, 
        46.7826565970595, 48.8489049330938, 51.8551427146844, 
        47.8710688027123, 0.0761218706187133, 52.711261755975, 
        68.5932317025786, 48.9824915746828, 10.1590477692278, 
        52.7293942652737, 43.1425834262308, 48.2255425118913, 
        71.0084788242746, 52.5016550423275, 124.84984568772, 
        49.2368068107498, 81.4705304558873, 50.3299889738437, 
        8.40965432928262, 48.2541164544382, 63.5746495285142, 
        47.7517537644073, 86.7253831035671, 51.4572207282657, 
        7.04984197749397, 52.6119540347902, 40.1589296057029, 
        51.0993616982114, 115.500343207635, 48.3927744067749, 
        -15.3910042433901, 46.4390383945364, 75.5177967535706, 
        46.6563823984288, 49.6981527908151, 47.5099610530982, 
        34.0461135957736, 50.7848995532646, 20.6753526132577, 
        50.6288864049607, 69.4623936571918, 50.484810579214, 
        56.0411048217541, 46.9272503675271, -0.801665343433667, 
        52.3939168835221, 42.3025010063603, 51.347791067532, 
        36.8549551071297, 50.0781680120952, 49.7551630421714, 
        51.1503087451172, -34.4836763108205, 50.5784490918183, 
        50.6240312179609, 54.5115695106636, 142.600981684088, 
        51.5443850277422, -86.2732082898697, 49.1700380958738, 
        85.6776674432604, 51.0934308004963, -23.966830305378, 
        47.9222255410733, 32.9401540517314, 50.059119040943, 
        15.1078546543461, 48.2151860094438, 75.1397261705782, 
        48.6068594000908, 8.97739656385843, 49.8998071560985, 
        -4.61454579646811, 49.737324380476, 56.4830417154372, 
        47.9253615112893, 44.4960040600708, 47.0273248693121, 
[...]
        1098L, 1099L, 1100L, 1101L, 1102L, 1103L, 1104L, 1105L, 
        1106L, 1107L, 1108L, 1109L, 1110L, 1111L, 1112L, 1113L, 
        1114L, 1115L, 1116L, 1117L, 1118L, 1119L, 1120L, 1121L, 
        1122L, 1123L, 1124L, 1125L, 1126L, 1127L, 1128L, 1129L, 
        1130L, 1131L, 1132L, 1133L, 1134L, 1135L, 1136L, 1137L, 
        1138L, 1139L, 1140L, 1141L, 1142L, 1143L, 1144L, 1145L, 
        1146L, 1147L, 1148L, 1149L, 1150L, 1151L, 1152L, 1153L, 
        1154L, 1155L, 1156L, 1157L, 1158L, 1159L, 1160L, 1161L, 
        1162L, 1163L, 1164L, 1165L, 1166L, 1167L, 1168L, 1169L, 
        1170L, 1171L, 1172L, 1173L, 1174L, 1175L, 1176L, 1177L, 
        1178L, 1179L, 1180L, 1181L, 1182L, 1183L, 1184L, 1185L, 
        1186L, 1187L, 1188L, 1189L, 1190L, 1191L, 1192L, 1193L, 
        1194L, 1195L, 1196L, 1197L, 1198L, 1199L, 1200L, 1201L, 
        1202L, 1203L, 1204L, 1205L, 1206L, 1207L, 1208L, 1209L, 
        1210L, 1211L, 1212L, 1213L, 1214L, 1215L, 1216L, 1217L, 
        1218L, 1219L, 1220L, 1221L, 1222L, 1223L, 1224L, 1225L, 
        1226L, 1227L, 1228L, 1229L, 1230L, 1231L, 1232L, 1233L, 
        1234L, 1235L, 1236L, 1237L, 1238L, 1239L, 1240L, 1241L, 
        1242L, 1243L, 1244L, 1245L, 1246L, 1247L, 1248L, 1249L, 
        1250L, 1251L, 1252L, 1253L, 1254L, 1255L, 1256L, 1257L, 
        1258L, 1259L, 1260L, 1261L, 1262L, 1263L, 1264L, 1265L, 
        1266L, 1267L, 1268L, 1269L, 1270L, 1271L, 1272L, 1273L, 
        1274L, 1275L, 1276L, 1277L, 1278L, 1279L, 1280L, 1281L, 
        1282L, 1283L, 1284L, 1285L, 1286L, 1287L, 1288L, 1289L, 
        1290L, 1291L, 1292L, 1293L, 1294L, 1295L, 1296L, 1297L, 
        1298L, 1299L, 1300L, 1301L, 1302L, 1303L, 1304L, 1305L, 
        1306L, 1307L, 1308L, 1309L, 1310L, 1311L, 1312L, 1313L, 
        1314L, 1315L, 1316L, 1317L, 1318L, 1319L, 1320L, 1321L, 
        1322L, 1323L, 1324L, 1325L, 1326L, 1327L, 1328L, 1329L, 
        1330L, 1331L, 1332L, 1333L, 1334L, 1335L, 1336L, 1337L, 
        1338L, 1339L, 1340L, 1341L, 1342L, 1343L, 1344L, 1345L, 
        1346L, 1347L, 1348L, 1349L, 1350L, 1351L, 1352L, 1353L, 
        1354L, 1355L, 1356L, 1357L, 1358L, 1359L, 1360L, 1361L, 
        1362L, 1363L, 1364L, 1365L, 1366L, 1367L, 1368L, 1369L, 
        1370L, 1371L, 1372L, 1373L, 1374L, 1375L, 1376L, 1377L, 
        1378L, 1379L, 1380L, 1381L, 1382L, 1383L, 1384L, 1385L, 
        1386L, 1387L, 1388L, 1389L, 1390L, 1391L, 1392L, 1393L, 
        1394L, 1395L, 1396L, 1397L, 1398L, 1399L, 1400L, 1401L, 
        1402L, 1403L, 1404L, 1405L, 1406L, 1407L, 1408L, 1409L, 
        1410L, 1411L, 1412L, 1413L, 1414L, 1415L, 1416L, 1417L, 
        1418L, 1419L, 1420L, 1421L, 1422L, 1423L, 1424L, 1425L, 
        1426L, 1427L, 1428L, 1429L, 1430L, 1431L, 1432L, 1433L, 
        1434L, 1435L, 1436L, 1437L, 1438L, 1439L, 1440L, 1441L, 
        1442L, 1443L, 1444L, 1445L, 1446L, 1447L, 1448L, 1449L, 
        1450L, 1451L, 1452L, 1453L, 1454L, 1455L, 1456L, 1457L, 
        1458L, 1459L, 1460L, 1461L, 1462L, 1463L, 1464L, 1465L, 
        1466L, 1467L, 1468L, 1469L, 1470L, 1471L, 1472L, 1473L, 
        1474L, 1475L, 1476L, 1477L, 1478L, 1479L, 1480L, 1481L, 
        1482L, 1483L, 1484L, 1485L, 1486L, 1487L, 1488L, 1489L, 
        1490L, 1491L, 1492L, 1493L, 1494L, 1495L, 1496L, 1497L, 
        1498L, 1499L, 1500L, 1501L, 1502L, 1503L, 1504L, 1505L, 
        1506L, 1507L, 1508L, 1509L, 1510L, 1511L, 1512L, 1513L, 
        1514L, 1515L, 1516L, 1517L, 1518L, 1519L, 1520L, 1521L, 
        1522L, 1523L, 1524L, 1525L, 1526L, 1527L, 1528L, 1529L, 
        1530L, 1531L, 1532L, 1533L, 1534L, 1535L, 1536L, 1537L, 
        1538L, 1539L, 1540L, 1541L, 1542L, 1543L, 1544L, 1545L, 
        1546L, 1547L, 1548L, 1549L, 1550L, 1551L, 1552L, 1553L, 
        1554L, 1555L, 1556L, 1557L, 1558L, 1559L, 1560L, 1561L, 
        1562L, 1563L, 1564L, 1565L, 1566L, 1567L, 1568L, 1569L, 
        1570L, 1571L, 1572L, 1573L, 1574L, 1575L, 1576L, 1577L, 
        1578L, 1579L, 1580L, 1581L, 1582L, 1583L, 1584L, 1585L, 
        1586L, 1587L, 1588L, 1589L, 1590L, 1591L, 1592L, 1593L, 
        1594L, 1595L, 1596L, 1597L, 1598L, 1599L, 1600L, 1601L, 
        1602L, 1603L, 1604L, 1605L, 1606L, 1607L, 1608L, 1609L, 
        1610L, 1611L, 1612L, 1613L, 1614L, 1615L, 1616L, 1617L, 
        1618L, 1619L, 1620L, 1621L, 1622L, 1623L, 1624L, 1625L, 
        1626L, 1627L, 1628L, 1629L, 1630L, 1631L, 1632L, 1633L, 
        1634L, 1635L, 1636L, 1637L, 1638L, 1639L, 1640L, 1641L, 
        1642L, 1643L, 1644L, 1645L, 1646L, 1647L, 1648L, 1649L, 
        1650L, 1651L, 1652L, 1653L, 1654L, 1655L, 1656L, 1657L, 
        1658L, 1659L, 1660L, 1661L, 1662L, 1663L, 1664L, 1665L, 
        1666L, 1667L, 1668L, 1669L, 1670L, 1671L, 1672L, 1673L, 
        1674L, 1675L, 1676L, 1677L, 1678L, 1679L, 1680L, 1681L, 
        1682L, 1683L, 1684L, 1685L, 1686L, 1687L, 1688L, 1689L, 
        1690L, 1691L, 1692L, 1693L, 1694L, 1695L, 1696L, 1697L, 
        1698L, 1699L, 1700L, 1701L, 1702L, 1703L, 1704L, 1705L, 
        1706L, 1707L, 1708L, 1709L, 1710L, 1711L, 1712L, 1713L, 
        1714L, 1715L, 1716L, 1717L, 1718L, 1719L, 1720L, 1721L, 
        1722L, 1723L, 1724L, 1725L, 1726L, 1727L, 1728L, 1729L, 
        1730L, 1731L, 1732L, 1733L, 1734L, 1735L, 1736L, 1737L, 
        1738L, 1739L, 1740L, 1741L, 1742L, 1743L, 1744L, 1745L, 
        1746L, 1747L, 1748L, 1749L, 1750L, 1751L, 1752L, 1753L, 
        1754L, 1755L, 1756L, 1757L, 1758L, 1759L, 1760L, 1761L, 
        1762L, 1763L, 1764L, 1765L, 1766L, 1767L, 1768L, 1769L, 
        1770L, 1771L, 1772L, 1773L, 1774L, 1775L, 1776L, 1777L, 
        1778L, 1779L, 1780L, 1781L, 1782L, 1783L, 1784L, 1785L, 
        1786L, 1787L, 1788L, 1789L, 1790L, 1791L, 1792L, 1793L, 
        1794L, 1795L, 1796L, 1797L, 1798L, 1799L, 1800L, 1801L, 
        1802L, 1803L, 1804L, 1805L, 1806L, 1807L, 1808L, 1809L, 
        1810L, 1811L, 1812L, 1813L, 1814L, 1815L, 1816L, 1817L, 
        1818L, 1819L, 1820L, 1821L, 1822L, 1823L, 1824L, 1825L, 
        1826L, 1827L, 1828L, 1829L, 1830L, 1831L, 1832L, 1833L, 
        1834L, 1835L, 1836L, 1837L, 1838L, 1839L, 1840L, 1841L, 
        1842L, 1843L, 1844L, 1845L, 1846L, 1847L, 1848L, 1849L, 
        1850L, 1851L, 1852L, 1853L, 1854L, 1855L, 1856L, 1857L, 
        1858L, 1859L, 1860L, 1861L, 1862L, 1863L, 1864L, 1865L, 
        1866L, 1867L, 1868L, 1869L, 1870L, 1871L, 1872L, 1873L, 
        1874L, 1875L, 1876L, 1877L, 1878L, 1879L, 1880L, 1881L, 
        1882L, 1883L, 1884L, 1885L, 1886L, 1887L, 1888L, 1889L, 
        1890L, 1891L, 1892L, 1893L, 1894L, 1895L, 1896L, 1897L, 
        1898L, 1899L, 1900L, 1901L, 1902L, 1903L, 1904L, 1905L, 
        1906L, 1907L, 1908L, 1909L, 1910L, 1911L, 1912L, 1913L, 
        1914L, 1915L, 1916L, 1917L, 1918L, 1919L, 1920L, 1921L, 
        1922L, 1923L, 1924L, 1925L, 1926L, 1927L, 1928L, 1929L, 
        1930L, 1931L, 1932L, 1933L, 1934L, 1935L, 1936L, 1937L, 
        1938L, 1939L, 1940L, 1941L, 1942L, 1943L, 1944L, 1945L, 
        1946L, 1947L, 1948L, 1949L, 1950L, 1951L, 1952L, 1953L, 
        1954L, 1955L, 1956L, 1957L, 1958L, 1959L, 1960L, 1961L, 
        1962L, 1963L, 1964L, 1965L, 1966L, 1967L, 1968L, 1969L, 
        1970L, 1971L, 1972L, 1973L, 1974L, 1975L, 1976L, 1977L, 
        1978L, 1979L, 1980L, 1981L, 1982L, 1983L, 1984L, 1985L, 
        1986L, 1987L, 1988L, 1989L, 1990L, 1991L, 1992L, 1993L, 
        1994L, 1995L, 1996L, 1997L, 1998L, 1999L, 2000L, 2001L, 
        2002L, 2003L, 2004L, 2005L, 2006L, 2007L, 2008L, 2009L, 
        2010L, 2011L, 2012L, 2013L, 2014L, 2015L, 2016L, 2017L, 
        2018L, 2019L, 2020L, 2021L, 2022L, 2023L, 2024L, 2025L, 
        2026L, 2027L, 2028L, 2029L, 2030L, 2031L, 2032L, 2033L, 
        2034L, 2035L, 2036L, 2037L, 2038L, 2039L, 2040L, 2041L, 
        2042L, 2043L, 2044L, 2045L, 2046L, 2047L, 2048L, 2049L, 
        2050L, 2051L, 2052L, 2053L, 2054L, 2055L, 2056L, 2057L, 
        2058L, 2059L, 2060L, 2061L, 2062L, 2063L, 2064L, 2065L, 
        2066L, 2067L, 2068L, 2069L, 2070L, 2071L, 2072L, 2073L, 
        2074L, 2075L, 2076L, 2077L, 2078L, 2079L, 2080L, 2081L, 
        2082L, 2083L, 2084L, 2085L, 2086L, 2087L, 2088L, 2089L, 
        2090L, 2091L, 2092L, 2093L, 2094L, 2095L, 2096L, 2097L, 
        2098L, 2099L, 2100L, 2101L, 2102L, 2103L, 2104L, 2105L, 
        2106L, 2107L, 2108L, 2109L, 2110L, 2111L, 2112L, 2113L, 
        2114L, 2115L, 2116L, 2117L, 2118L, 2119L, 2120L, 2121L, 
        2122L, 2123L, 2124L, 2125L, 2126L, 2127L, 2128L, 2129L, 
        2130L, 2131L, 2132L, 2133L, 2134L, 2135L, 2136L, 2137L, 
        2138L, 2139L, 2140L, 2141L, 2142L, 2143L, 2144L, 2145L, 
        2146L, 2147L, 2148L, 2149L, 2150L, 2151L, 2152L, 2153L, 
        2154L, 2155L, 2156L, 2157L, 2158L, 2159L, 2160L, 2161L, 
        2162L, 2163L, 2164L, 2165L, 2166L, 2167L, 2168L, 2169L, 
        2170L, 2171L, 2172L, 2173L, 2174L, 2175L, 2176L, 2177L, 
        2178L, 2179L, 2180L, 2181L, 2182L, 2183L, 2184L, 2185L, 
        2186L, 2187L, 2188L, 2189L, 2190L, 2191L, 2192L, 2193L, 
        2194L, 2195L, 2196L, 2197L, 2198L, 2199L, 2200L, 2201L, 
        2202L, 2203L, 2204L, 2205L, 2206L, 2207L, 2208L, 2209L, 
        2210L, 2211L, 2212L, 2213L, 2214L, 2215L, 2216L, 2217L, 
        2218L, 2219L, 2220L, 2221L, 2222L, 2223L, 2224L, 2225L, 
        2226L, 2227L, 2228L, 2229L, 2230L, 2231L, 2232L, 2233L, 
        2234L, 2235L, 2236L, 2237L, 2238L, 2239L, 2240L, 2241L, 
        2242L, 2243L, 2244L, 2245L, 2246L, 2247L, 2248L, 2249L, 
        2250L, 2251L, 2252L, 2253L, 2254L, 2255L, 2256L, 2257L, 
        2258L, 2259L, 2260L, 2261L, 2262L, 2263L, 2264L, 2265L, 
        2266L, 2267L, 2268L, 2269L, 2270L, 2271L, 2272L, 2273L, 
        2274L, 2275L, 2276L, 2277L, 2278L, 2279L, 2280L, 2281L, 
        2282L, 2283L, 2284L, 2285L, 2286L, 2287L, 2288L, 2289L, 
        2290L, 2291L, 2292L, 2293L, 2294L, 2295L, 2296L, 2297L, 
        2298L, 2299L, 2300L, 2301L, 2302L, 2303L, 2304L, 2305L, 
        2306L, 2307L, 2308L, 2309L, 2310L, 2311L, 2312L, 2313L, 
        2314L, 2315L, 2316L, 2317L, 2318L, 2319L, 2320L, 2321L, 
        2322L, 2323L, 2324L, 2325L, 2326L, 2327L, 2328L, 2329L, 
        2330L, 2331L, 2332L, 2333L, 2334L, 2335L, 2336L, 2337L, 
        2338L, 2339L, 2340L, 2341L, 2342L, 2343L, 2344L, 2345L, 
        2346L, 2347L, 2348L, 2349L, 2350L, 2351L, 2352L, 2353L, 
        2354L, 2355L, 2356L, 2357L, 2358L, 2359L, 2360L, 2361L, 
        2362L, 2363L, 2364L, 2365L, 2366L, 2367L, 2368L, 2369L, 
        2370L, 2371L, 2372L, 2373L, 2374L, 2375L, 2376L, 2377L, 
        2378L, 2379L, 2380L, 2381L, 2382L, 2383L, 2384L, 2385L, 
        2386L, 2387L, 2388L, 2389L, 2390L, 2391L, 2392L, 2393L, 
        2394L, 2395L, 2396L, 2397L, 2398L, 2399L, 2400L), u_mat_inds_all_y = c(1L, 
        2401L, 2407L, 2413L, 2419L, 2425L, 2431L, 2437L, 2443L, 
        2449L, 2455L, 2461L, 2467L, 2473L, 2479L, 2485L, 2491L, 
        2497L, 2503L, 2509L, 2515L, 2521L, 2527L, 2533L, 2539L, 
        2545L, 2551L, 2557L, 2563L, 2569L, 2575L, 2581L, 2587L, 
        2593L, 2599L, 2605L, 2611L, 2617L, 2623L, 2629L, 2635L, 
        2641L, 2647L, 2653L, 2659L, 2665L, 2671L, 2677L, 2683L, 
        2689L, 2695L, 2701L, 2707L, 2713L, 2719L, 2725L, 2731L, 
        2737L, 2743L, 2749L, 2755L, 2761L, 2767L, 2773L, 2779L, 
        2785L, 2791L, 2797L, 2803L, 2809L, 2815L, 2821L, 2827L, 
        2833L, 2839L, 2845L, 2851L, 2857L, 2863L, 2869L, 2875L, 
        2881L, 2887L, 2893L, 2899L, 2905L, 2911L, 2917L, 2923L, 
        2929L, 2935L, 2941L, 2947L, 2953L, 2959L, 2965L, 2971L, 
        2977L, 2983L, 2989L, 2995L, 3001L, 3007L, 3013L, 3019L, 
        3025L, 3031L, 3037L, 3043L, 3049L, 3055L, 3061L, 3067L, 
        3073L, 3079L, 3085L, 3091L, 3097L, 3103L, 3109L, 3115L, 
        3121L, 3127L, 3133L, 3139L, 3145L, 3151L, 3157L, 3163L, 
        3169L, 3175L, 3181L, 3187L, 3193L, 3199L, 3205L, 3211L, 
        3217L, 3223L, 3229L, 3235L, 3241L, 3247L, 3253L, 3259L, 
        3265L, 3271L, 3277L, 3283L, 3289L, 3295L, 3301L, 3307L, 
        3313L, 3319L, 3325L, 3331L, 3337L, 3343L, 3349L, 3355L, 
        3361L, 3367L, 3373L, 3379L, 3385L, 3391L, 3397L, 3403L, 
        3409L, 3415L, 3421L, 3427L, 3433L, 3439L, 3445L, 3451L, 
        3457L, 3463L, 3469L, 3475L, 3481L, 3487L, 3493L, 3499L, 
        3505L, 3511L, 3517L, 3523L, 3529L, 3535L, 3541L, 3547L, 
        3553L, 3559L, 3565L, 3571L, 3577L, 3583L, 3589L, 3595L, 
        3601L, 3607L, 3613L, 3619L, 3625L, 3631L, 3637L, 3643L, 
        3649L, 3655L, 3661L, 3667L, 3673L, 3679L, 3685L, 3691L, 
        3697L, 3703L, 3709L, 3715L, 3721L, 3727L, 3733L, 3739L, 
        3745L, 3751L, 3757L, 3763L, 3769L, 3775L, 3781L, 3787L, 
        3793L, 3799L, 3805L, 3811L, 3817L, 3823L, 3829L, 3835L, 
        3841L, 3847L, 3853L, 3859L, 3865L, 3871L, 3877L, 3883L, 
        3889L, 3895L, 3901L, 3907L, 3913L, 3919L, 3925L, 3931L, 
        3937L, 3943L, 3949L, 3955L, 3961L, 3967L, 3973L, 3979L, 
        3985L, 3991L, 3997L, 4003L, 4009L, 4015L, 4021L, 4027L, 
        4033L, 4039L, 4045L, 4051L, 4057L, 4063L, 4069L, 4075L, 
        4081L, 4087L, 4093L, 4099L, 4105L, 4111L, 4117L, 4123L, 
        4129L, 4135L, 4141L, 4147L, 4153L, 4159L, 4165L, 4171L, 
        4177L, 4183L, 4189L, 4195L, 4201L, 4207L, 4213L, 4219L, 
        4225L, 4231L, 4237L, 4243L, 4249L, 4255L, 4261L, 4267L, 
        4273L, 4279L, 4285L, 4291L, 4297L, 4303L, 4309L, 4315L, 
        4321L, 4327L, 4333L, 4339L, 4345L, 4351L, 4357L, 4363L, 
        4369L, 4375L, 4381L, 4387L, 4393L, 4399L, 4405L, 4411L, 
        4417L, 4423L, 4429L, 4435L, 4441L, 4447L, 4453L, 4459L, 
        4465L, 4471L, 4477L, 4483L, 4489L, 4495L, 4501L, 4507L, 
        4513L, 4519L, 4525L, 4531L, 4537L, 4543L, 4549L, 4555L, 
        4561L, 4567L, 4573L, 4579L, 4585L, 4591L, 4597L, 4603L, 
        4609L, 4615L, 4621L, 4627L, 4633L, 4639L, 4645L, 4651L, 
        4657L, 4663L, 4669L, 4675L, 4681L, 4687L, 4693L, 4699L, 
        4705L, 4711L, 4717L, 4723L, 4729L, 4735L, 4741L, 4747L, 
        4753L, 4759L, 4765L, 4771L, 4777L, 4783L, 4789L, 4795L
        ), lm_time_grid = 1, n_lm_time_grid = 1L), init = function () 
    values_initial_expanded)`: unused argument (exe_file = "/tmp/RtmpcfZE6k/misc_longitudinal_simulation_concordance")
Backtrace:
    x
 1. +-jmpost::sampleStanModel(...) at test-model_random_slope.R:56:4
 2. \-jmpost::sampleStanModel(...)
 3.   \-jmpost (local) .local(object, ..., exe_dir = exe_dir)
 4.     \-base::do.call(model$sample, args)</error>
    </testcase>
  </testsuite>
  <testsuite name="simulations" timestamp="2023-08-16T16:25:06Z" hostname="c7d822c65aee" tests="31" skipped="0" failures="0" errors="0" time="2.223">
    <testcase time="0.0689999999999884" classname="simulations" name="sim_lm_gsf_works_as_expected"/>
    <testcase time="0.0180000000000007" classname="simulations" name="sim_lm_gsf_works_as_expected"/>
    <testcase time="0.0349999999999966" classname="simulations" name="sim_lm_gsf_works_as_expected"/>
    <testcase time="0.00600000000000023" classname="simulations" name="sim_lm_gsf_works_as_expected"/>
    <testcase time="0.00500000000002387" classname="simulations" name="sim_lm_gsf_works_as_expected"/>
    <testcase time="0.00600000000000023" classname="simulations" name="sim_lm_gsf_works_as_expected"/>
    <testcase time="0.00499999999999545" classname="simulations" name="sim_lm_gsf_works_as_expected"/>
    <testcase time="0.00499999999999545" classname="simulations" name="sim_lm_gsf_works_as_expected"/>
    <testcase time="0.00800000000000978" classname="simulations" name="sim_lm_gsf_works_as_expected"/>
    <testcase time="0.0120000000000005" classname="simulations" name="sim_lm_random_slope_works_as_expected"/>
    <testcase time="0.00600000000000023" classname="simulations" name="sim_lm_random_slope_works_as_expected"/>
    <testcase time="0.0149999999999864" classname="simulations" name="sim_lm_random_slope_works_as_expected"/>
    <testcase time="0.00600000000000023" classname="simulations" name="sim_lm_random_slope_works_as_expected"/>
    <testcase time="0.00499999999999545" classname="simulations" name="sim_lm_random_slope_works_as_expected"/>
    <testcase time="0.00800000000000978" classname="simulations" name="sim_lm_random_slope_works_as_expected"/>
    <testcase time="0.00600000000000023" classname="simulations" name="sim_lm_random_slope_works_as_expected"/>
    <testcase time="0.00499999999999545" classname="simulations" name="sim_lm_random_slope_works_as_expected"/>
    <testcase time="0.00600000000000023" classname="simulations" name="sim_lm_random_slope_works_as_expected"/>
    <testcase time="0.489000000000004" classname="simulations" name="simulate_joint_data_works_as_expected"/>
    <testcase time="0.00200000000000955" classname="simulations" name="simulate_joint_data_works_as_expected"/>
    <testcase time="0.00199999999998113" classname="simulations" name="simulate_joint_data_works_as_expected"/>
    <testcase time="0.00499999999999545" classname="simulations" name="simulate_joint_data_works_as_expected"/>
    <testcase time="0.007000000000005" classname="simulations" name="simulate_joint_data_works_as_expected"/>
    <testcase time="0.00100000000000477" classname="simulations" name="simulate_joint_data_works_as_expected"/>
    <testcase time="0.00600000000000023" classname="simulations" name="simulate_joint_data_works_as_expected"/>
    <testcase time="0.01400000000001" classname="simulations" name="simulate_joint_data_works_as_expected"/>
    <testcase time="0.683999999999997" classname="simulations" name="simulate_joint_data_leads_to_valid_DataJoint_with_almost_only_default_arguments"/>
    <testcase time="0.378999999999991" classname="simulations" name="sim_os_exponential_creates_a_dataset_with_the_correct_parameter"/>
    <testcase time="0.397999999999996" classname="simulations" name="sim_os_weibull_creates_a_dataset_with_the_correct_parameter"/>
    <testcase time="0.00499999999999545" classname="simulations" name="sim_os_weibull_creates_a_dataset_with_the_correct_parameter"/>
    <testcase time="0.00499999999999545" classname="simulations" name="sim_os_weibull_creates_a_dataset_with_the_correct_parameter"/>
  </testsuite>
  <testsuite name="stan_functions" timestamp="2023-08-16T16:25:08Z" hostname="c7d822c65aee" tests="4" skipped="0" failures="0" errors="0" time="40.761">
    <testcase time="13.801" classname="stan_functions" name="GSF_SLD_function_works_as_expected"/>
    <testcase time="13.555" classname="stan_functions" name="Normal_Log_Density_functions_work_as_expected"/>
    <testcase time="0.0319999999999823" classname="stan_functions" name="Normal_Log_Density_functions_work_as_expected"/>
    <testcase time="13.373" classname="stan_functions" name="GSF_Identity_Link_Function_works_as_expected"/>
  </testsuite>
  <testsuite name="utilities" timestamp="2023-08-16T16:25:49Z" hostname="c7d822c65aee" tests="10" skipped="0" failures="0" errors="0" time="0.175">
    <testcase time="0.0249999999999773" classname="utilities" name="get_missing_rownumbers_works_as_expected"/>
    <testcase time="0.0170000000000243" classname="utilities" name="remove_missing_rows_works_as_expected"/>
    <testcase time="0.0180000000000007" classname="utilities" name="expand_initial_values_works_as_expected"/>
    <testcase time="0.0229999999999961" classname="utilities" name="replace_with_lookup_works_and_sets_array_attributes_as_expected"/>
    <testcase time="0.0209999999999866" classname="utilities" name="replace_with_lookup_asserts_sizes_as_numbers_as_expected"/>
    <testcase time="0.0190000000000055" classname="utilities" name="replace_with_lookup_asserts_looked_up_sizes_as_numbers_as_expected"/>
    <testcase time="0.01400000000001" classname="utilities" name="samples_median_ci_works_as_expected"/>
    <testcase time="0.0139999999999816" classname="utilities" name="samples_median_ci_works_as_expected"/>
    <testcase time="0.0120000000000005" classname="utilities" name="samples_median_ci_works_with_a_custom_credibility_level"/>
    <testcase time="0.0120000000000005" classname="utilities" name="samples_median_ci_works_with_a_custom_credibility_level"/>
  </testsuite>
</testsuites>
