<?xml version="1.0" encoding="UTF-8"?>
<!DOCTYPE coverage SYSTEM "https://raw.githubusercontent.com/cobertura/cobertura/master/cobertura/src/site/htdocs/xml/coverage-04.dtd">
<coverage line-rate="0.957820738137082" branch-rate="0" lines-covered="1635" lines-valid="1707" branches-covered="0" branches-valid="0" complexity="0" version="3.6.3" timestamp="2023-10-19 16:40:30.022815">
  <sources>
    <source>/__w/jmpost/jmpost/jmpost</source>
  </sources>
  <packages>
    <package name="jmpost" line-rate="0.957820738137082" branch-rate="0" complexity="0">
      <classes>
        <class name="DataJoint.R" filename="R/DataJoint.R" line-rate="0.973684210526316" branch-rate="0" complexity="0">
          <methods>
            <method name="DataJoint" signature="" line-rate="0.948717948717949" branch-rate="0" complexity="0">
              <lines>
                <line number="53" hits="23" branch="false"/>
                <line number="54" hits="22" branch="false"/>
                <line number="55" hits="22" branch="false"/>
                <line number="56" hits="22" branch="false"/>
                <line number="58" hits="22" branch="false"/>
                <line number="59" hits="22" branch="false"/>
                <line number="60" hits="22" branch="false"/>
                <line number="61" hits="22" branch="false"/>
                <line number="62" hits="22" branch="false"/>
                <line number="64" hits="19" branch="false"/>
                <line number="65" hits="19" branch="false"/>
                <line number="66" hits="19" branch="false"/>
                <line number="67" hits="19" branch="false"/>
                <line number="68" hits="19" branch="false"/>
                <line number="70" hits="16" branch="false"/>
                <line number="71" hits="16" branch="false"/>
                <line number="72" hits="16" branch="false"/>
                <line number="73" hits="16" branch="false"/>
                <line number="74" hits="16" branch="false"/>
                <line number="263" hits="1" branch="false"/>
                <line number="264" hits="0" branch="false"/>
                <line number="265" hits="1" branch="false"/>
                <line number="266" hits="1" branch="false"/>
                <line number="267" hits="1" branch="false"/>
                <line number="269" hits="1" branch="false"/>
                <line number="270" hits="0" branch="false"/>
                <line number="271" hits="1" branch="false"/>
                <line number="272" hits="1" branch="false"/>
                <line number="273" hits="1" branch="false"/>
                <line number="275" hits="1" branch="false"/>
                <line number="276" hits="1" branch="false"/>
                <line number="277" hits="1" branch="false"/>
                <line number="278" hits="1" branch="false"/>
                <line number="279" hits="1" branch="false"/>
                <line number="280" hits="1" branch="false"/>
                <line number="281" hits="1" branch="false"/>
                <line number="282" hits="1" branch="false"/>
                <line number="283" hits="1" branch="false"/>
                <line number="284" hits="1" branch="false"/>
              </lines>
            </method>
            <method name="as_stan_list.DataJoint" signature="" line-rate="1" branch-rate="0" complexity="0">
              <lines>
                <line number="142" hits="51" branch="false"/>
                <line number="143" hits="51" branch="false"/>
                <line number="144" hits="51" branch="false"/>
                <line number="145" hits="51" branch="false"/>
                <line number="146" hits="51" branch="false"/>
                <line number="147" hits="51" branch="false"/>
                <line number="148" hits="51" branch="false"/>
                <line number="149" hits="51" branch="false"/>
              </lines>
            </method>
            <method name="as.list.DataJoint" signature="" line-rate="1" branch-rate="0" complexity="0">
              <lines>
                <line number="155" hits="23" branch="false"/>
              </lines>
            </method>
            <method name="subset.DataJoint" signature="" line-rate="1" branch-rate="0" complexity="0">
              <lines>
                <line number="187" hits="2" branch="false"/>
                <line number="188" hits="2" branch="false"/>
                <line number="189" hits="2" branch="false"/>
                <line number="190" hits="2" branch="false"/>
                <line number="191" hits="2" branch="false"/>
                <line number="192" hits="2" branch="false"/>
                <line number="193" hits="2" branch="false"/>
              </lines>
            </method>
            <method name="subset_and_add_grouping" signature="" line-rate="1" branch-rate="0" complexity="0">
              <lines>
                <line number="221" hits="8" branch="false"/>
                <line number="222" hits="5" branch="false"/>
                <line number="223" hits="5" branch="false"/>
                <line number="224" hits="5" branch="false"/>
                <line number="225" hits="5" branch="false"/>
                <line number="226" hits="5" branch="false"/>
                <line number="227" hits="5" branch="false"/>
                <line number="228" hits="5" branch="false"/>
                <line number="229" hits="5" branch="false"/>
                <line number="230" hits="5" branch="false"/>
                <line number="231" hits="5" branch="false"/>
                <line number="232" hits="5" branch="false"/>
              </lines>
            </method>
            <method name="extract_observed_values" signature="" line-rate="1" branch-rate="0" complexity="0">
              <lines>
                <line number="246" hits="2" branch="false"/>
                <line number="247" hits="2" branch="false"/>
                <line number="248" hits="2" branch="false"/>
                <line number="249" hits="2" branch="false"/>
                <line number="250" hits="2" branch="false"/>
                <line number="251" hits="2" branch="false"/>
                <line number="252" hits="2" branch="false"/>
                <line number="253" hits="2" branch="false"/>
                <line number="254" hits="2" branch="false"/>
              </lines>
            </method>
          </methods>
          <lines>
            <line number="53" hits="23" branch="false"/>
            <line number="54" hits="22" branch="false"/>
            <line number="55" hits="22" branch="false"/>
            <line number="56" hits="22" branch="false"/>
            <line number="58" hits="22" branch="false"/>
            <line number="59" hits="22" branch="false"/>
            <line number="60" hits="22" branch="false"/>
            <line number="61" hits="22" branch="false"/>
            <line number="62" hits="22" branch="false"/>
            <line number="64" hits="19" branch="false"/>
            <line number="65" hits="19" branch="false"/>
            <line number="66" hits="19" branch="false"/>
            <line number="67" hits="19" branch="false"/>
            <line number="68" hits="19" branch="false"/>
            <line number="70" hits="16" branch="false"/>
            <line number="71" hits="16" branch="false"/>
            <line number="72" hits="16" branch="false"/>
            <line number="73" hits="16" branch="false"/>
            <line number="74" hits="16" branch="false"/>
            <line number="142" hits="51" branch="false"/>
            <line number="143" hits="51" branch="false"/>
            <line number="144" hits="51" branch="false"/>
            <line number="145" hits="51" branch="false"/>
            <line number="146" hits="51" branch="false"/>
            <line number="147" hits="51" branch="false"/>
            <line number="148" hits="51" branch="false"/>
            <line number="149" hits="51" branch="false"/>
            <line number="155" hits="23" branch="false"/>
            <line number="187" hits="2" branch="false"/>
            <line number="188" hits="2" branch="false"/>
            <line number="189" hits="2" branch="false"/>
            <line number="190" hits="2" branch="false"/>
            <line number="191" hits="2" branch="false"/>
            <line number="192" hits="2" branch="false"/>
            <line number="193" hits="2" branch="false"/>
            <line number="221" hits="8" branch="false"/>
            <line number="222" hits="5" branch="false"/>
            <line number="223" hits="5" branch="false"/>
            <line number="224" hits="5" branch="false"/>
            <line number="225" hits="5" branch="false"/>
            <line number="226" hits="5" branch="false"/>
            <line number="227" hits="5" branch="false"/>
            <line number="228" hits="5" branch="false"/>
            <line number="229" hits="5" branch="false"/>
            <line number="230" hits="5" branch="false"/>
            <line number="231" hits="5" branch="false"/>
            <line number="232" hits="5" branch="false"/>
            <line number="246" hits="2" branch="false"/>
            <line number="247" hits="2" branch="false"/>
            <line number="248" hits="2" branch="false"/>
            <line number="249" hits="2" branch="false"/>
            <line number="250" hits="2" branch="false"/>
            <line number="251" hits="2" branch="false"/>
            <line number="252" hits="2" branch="false"/>
            <line number="253" hits="2" branch="false"/>
            <line number="254" hits="2" branch="false"/>
            <line number="263" hits="1" branch="false"/>
            <line number="264" hits="0" branch="false"/>
            <line number="265" hits="1" branch="false"/>
            <line number="266" hits="1" branch="false"/>
            <line number="267" hits="1" branch="false"/>
            <line number="269" hits="1" branch="false"/>
            <line number="270" hits="0" branch="false"/>
            <line number="271" hits="1" branch="false"/>
            <line number="272" hits="1" branch="false"/>
            <line number="273" hits="1" branch="false"/>
            <line number="275" hits="1" branch="false"/>
            <line number="276" hits="1" branch="false"/>
            <line number="277" hits="1" branch="false"/>
            <line number="278" hits="1" branch="false"/>
            <line number="279" hits="1" branch="false"/>
            <line number="280" hits="1" branch="false"/>
            <line number="281" hits="1" branch="false"/>
            <line number="282" hits="1" branch="false"/>
            <line number="283" hits="1" branch="false"/>
            <line number="284" hits="1" branch="false"/>
          </lines>
        </class>
        <class name="DataLongitudinal.R" filename="R/DataLongitudinal.R" line-rate="0.991596638655462" branch-rate="0" complexity="0">
          <methods>
            <method name="DataLongitudinal" signature="" line-rate="1" branch-rate="0" complexity="0">
              <lines>
                <line number="49" hits="33" branch="false"/>
                <line number="50" hits="33" branch="false"/>
                <line number="51" hits="33" branch="false"/>
                <line number="52" hits="33" branch="false"/>
                <line number="53" hits="33" branch="false"/>
                <line number="283" hits="1" branch="false"/>
                <line number="284" hits="1" branch="false"/>
              </lines>
            </method>
            <method name="harmonise.DataLongitudinal" signature="" line-rate="1" branch-rate="0" complexity="0">
              <lines>
                <line number="85" hits="17" branch="false"/>
                <line number="86" hits="17" branch="false"/>
                <line number="87" hits="17" branch="false"/>
                <line number="88" hits="17" branch="false"/>
                <line number="89" hits="17" branch="false"/>
                <line number="90" hits="17" branch="false"/>
                <line number="91" hits="17" branch="false"/>
                <line number="92" hits="17" branch="false"/>
                <line number="93" hits="16" branch="false"/>
                <line number="94" hits="16" branch="false"/>
                <line number="95" hits="16" branch="false"/>
                <line number="96" hits="16" branch="false"/>
                <line number="97" hits="15" branch="false"/>
                <line number="98" hits="15" branch="false"/>
                <line number="99" hits="15" branch="false"/>
                <line number="100" hits="15" branch="false"/>
                <line number="101" hits="14" branch="false"/>
                <line number="102" hits="14" branch="false"/>
                <line number="103" hits="14" branch="false"/>
                <line number="104" hits="14" branch="false"/>
                <line number="105" hits="14" branch="false"/>
                <line number="106" hits="14" branch="false"/>
                <line number="107" hits="14" branch="false"/>
                <line number="108" hits="14" branch="false"/>
                <line number="109" hits="14" branch="false"/>
                <line number="110" hits="14" branch="false"/>
                <line number="111" hits="14" branch="false"/>
                <line number="112" hits="14" branch="false"/>
                <line number="113" hits="14" branch="false"/>
                <line number="114" hits="14" branch="false"/>
                <line number="115" hits="14" branch="false"/>
              </lines>
            </method>
            <method name="as.data.frame.DataLongitudinal" signature="" line-rate="1" branch-rate="0" complexity="0">
              <lines>
                <line number="130" hits="84" branch="false"/>
                <line number="131" hits="84" branch="false"/>
                <line number="132" hits="84" branch="false"/>
              </lines>
            </method>
            <method name="extractVariableNames.DataLongitudinal" signature="" line-rate="1" branch-rate="0" complexity="0">
              <lines>
                <line number="152" hits="102" branch="false"/>
                <line number="153" hits="102" branch="false"/>
                <line number="154" hits="102" branch="false"/>
                <line number="155" hits="102" branch="false"/>
                <line number="156" hits="102" branch="false"/>
                <line number="157" hits="102" branch="false"/>
              </lines>
            </method>
            <method name="as_stan_list.DataLongitudinal" signature="" line-rate="1" branch-rate="0" complexity="0">
              <lines>
                <line number="166" hits="50" branch="false"/>
                <line number="167" hits="50" branch="false"/>
                <line number="169" hits="50" branch="false"/>
                <line number="171" hits="50" branch="false"/>
                <line number="172" hits="50" branch="false"/>
                <line number="173" hits="50" branch="false"/>
                <line number="174" hits="50" branch="false"/>
                <line number="175" hits="50" branch="false"/>
                <line number="177" hits="50" branch="false"/>
                <line number="178" hits="3" branch="false"/>
                <line number="179" hits="50" branch="false"/>
                <line number="180" hits="47" branch="false"/>
                <line number="181" hits="50" branch="false"/>
                <line number="183" hits="50" branch="false"/>
                <line number="184" hits="50" branch="false"/>
                <line number="186" hits="50" branch="false"/>
                <line number="187" hits="50" branch="false"/>
                <line number="188" hits="50" branch="false"/>
                <line number="190" hits="50" branch="false"/>
                <line number="191" hits="50" branch="false"/>
                <line number="194" hits="50" branch="false"/>
                <line number="195" hits="50" branch="false"/>
                <line number="198" hits="50" branch="false"/>
                <line number="199" hits="50" branch="false"/>
                <line number="200" hits="50" branch="false"/>
                <line number="202" hits="50" branch="false"/>
                <line number="203" hits="50" branch="false"/>
                <line number="204" hits="50" branch="false"/>
                <line number="208" hits="50" branch="false"/>
                <line number="209" hits="50" branch="false"/>
                <line number="210" hits="50" branch="false"/>
                <line number="211" hits="50" branch="false"/>
                <line number="212" hits="50" branch="false"/>
                <line number="213" hits="50" branch="false"/>
                <line number="214" hits="50" branch="false"/>
                <line number="215" hits="50" branch="false"/>
                <line number="218" hits="50" branch="false"/>
                <line number="219" hits="50" branch="false"/>
                <line number="220" hits="50" branch="false"/>
                <line number="221" hits="50" branch="false"/>
                <line number="222" hits="50" branch="false"/>
                <line number="223" hits="50" branch="false"/>
                <line number="224" hits="50" branch="false"/>
                <line number="225" hits="50" branch="false"/>
                <line number="228" hits="50" branch="false"/>
                <line number="229" hits="50" branch="false"/>
                <line number="230" hits="50" branch="false"/>
                <line number="231" hits="50" branch="false"/>
                <line number="232" hits="50" branch="false"/>
                <line number="233" hits="50" branch="false"/>
                <line number="234" hits="50" branch="false"/>
                <line number="235" hits="50" branch="false"/>
                <line number="237" hits="50" branch="false"/>
                <line number="239" hits="50" branch="false"/>
              </lines>
            </method>
            <method name="as.list.DataLongitudinal" signature="" line-rate="0" branch-rate="0" complexity="0">
              <lines>
                <line number="245" hits="0" branch="false"/>
              </lines>
            </method>
            <method name="as_print_string.DataLongitudinal" signature="" line-rate="1" branch-rate="0" complexity="0">
              <lines>
                <line number="258" hits="2" branch="false"/>
                <line number="259" hits="2" branch="false"/>
                <line number="260" hits="2" branch="false"/>
                <line number="261" hits="2" branch="false"/>
                <line number="262" hits="2" branch="false"/>
                <line number="263" hits="2" branch="false"/>
                <line number="264" hits="2" branch="false"/>
                <line number="265" hits="2" branch="false"/>
                <line number="266" hits="2" branch="false"/>
                <line number="267" hits="2" branch="false"/>
                <line number="268" hits="2" branch="false"/>
                <line number="269" hits="2" branch="false"/>
                <line number="270" hits="2" branch="false"/>
                <line number="271" hits="2" branch="false"/>
                <line number="272" hits="2" branch="false"/>
                <line number="273" hits="2" branch="false"/>
                <line number="274" hits="2" branch="false"/>
              </lines>
            </method>
          </methods>
          <lines>
            <line number="49" hits="33" branch="false"/>
            <line number="50" hits="33" branch="false"/>
            <line number="51" hits="33" branch="false"/>
            <line number="52" hits="33" branch="false"/>
            <line number="53" hits="33" branch="false"/>
            <line number="85" hits="17" branch="false"/>
            <line number="86" hits="17" branch="false"/>
            <line number="87" hits="17" branch="false"/>
            <line number="88" hits="17" branch="false"/>
            <line number="89" hits="17" branch="false"/>
            <line number="90" hits="17" branch="false"/>
            <line number="91" hits="17" branch="false"/>
            <line number="92" hits="17" branch="false"/>
            <line number="93" hits="16" branch="false"/>
            <line number="94" hits="16" branch="false"/>
            <line number="95" hits="16" branch="false"/>
            <line number="96" hits="16" branch="false"/>
            <line number="97" hits="15" branch="false"/>
            <line number="98" hits="15" branch="false"/>
            <line number="99" hits="15" branch="false"/>
            <line number="100" hits="15" branch="false"/>
            <line number="101" hits="14" branch="false"/>
            <line number="102" hits="14" branch="false"/>
            <line number="103" hits="14" branch="false"/>
            <line number="104" hits="14" branch="false"/>
            <line number="105" hits="14" branch="false"/>
            <line number="106" hits="14" branch="false"/>
            <line number="107" hits="14" branch="false"/>
            <line number="108" hits="14" branch="false"/>
            <line number="109" hits="14" branch="false"/>
            <line number="110" hits="14" branch="false"/>
            <line number="111" hits="14" branch="false"/>
            <line number="112" hits="14" branch="false"/>
            <line number="113" hits="14" branch="false"/>
            <line number="114" hits="14" branch="false"/>
            <line number="115" hits="14" branch="false"/>
            <line number="130" hits="84" branch="false"/>
            <line number="131" hits="84" branch="false"/>
            <line number="132" hits="84" branch="false"/>
            <line number="152" hits="102" branch="false"/>
            <line number="153" hits="102" branch="false"/>
            <line number="154" hits="102" branch="false"/>
            <line number="155" hits="102" branch="false"/>
            <line number="156" hits="102" branch="false"/>
            <line number="157" hits="102" branch="false"/>
            <line number="166" hits="50" branch="false"/>
            <line number="167" hits="50" branch="false"/>
            <line number="169" hits="50" branch="false"/>
            <line number="171" hits="50" branch="false"/>
            <line number="172" hits="50" branch="false"/>
            <line number="173" hits="50" branch="false"/>
            <line number="174" hits="50" branch="false"/>
            <line number="175" hits="50" branch="false"/>
            <line number="177" hits="50" branch="false"/>
            <line number="178" hits="3" branch="false"/>
            <line number="179" hits="50" branch="false"/>
            <line number="180" hits="47" branch="false"/>
            <line number="181" hits="50" branch="false"/>
            <line number="183" hits="50" branch="false"/>
            <line number="184" hits="50" branch="false"/>
            <line number="186" hits="50" branch="false"/>
            <line number="187" hits="50" branch="false"/>
            <line number="188" hits="50" branch="false"/>
            <line number="190" hits="50" branch="false"/>
            <line number="191" hits="50" branch="false"/>
            <line number="194" hits="50" branch="false"/>
            <line number="195" hits="50" branch="false"/>
            <line number="198" hits="50" branch="false"/>
            <line number="199" hits="50" branch="false"/>
            <line number="200" hits="50" branch="false"/>
            <line number="202" hits="50" branch="false"/>
            <line number="203" hits="50" branch="false"/>
            <line number="204" hits="50" branch="false"/>
            <line number="208" hits="50" branch="false"/>
            <line number="209" hits="50" branch="false"/>
            <line number="210" hits="50" branch="false"/>
            <line number="211" hits="50" branch="false"/>
            <line number="212" hits="50" branch="false"/>
            <line number="213" hits="50" branch="false"/>
            <line number="214" hits="50" branch="false"/>
            <line number="215" hits="50" branch="false"/>
            <line number="218" hits="50" branch="false"/>
            <line number="219" hits="50" branch="false"/>
            <line number="220" hits="50" branch="false"/>
            <line number="221" hits="50" branch="false"/>
            <line number="222" hits="50" branch="false"/>
            <line number="223" hits="50" branch="false"/>
            <line number="224" hits="50" branch="false"/>
            <line number="225" hits="50" branch="false"/>
            <line number="228" hits="50" branch="false"/>
            <line number="229" hits="50" branch="false"/>
            <line number="230" hits="50" branch="false"/>
            <line number="231" hits="50" branch="false"/>
            <line number="232" hits="50" branch="false"/>
            <line number="233" hits="50" branch="false"/>
            <line number="234" hits="50" branch="false"/>
            <line number="235" hits="50" branch="false"/>
            <line number="237" hits="50" branch="false"/>
            <line number="239" hits="50" branch="false"/>
            <line number="245" hits="0" branch="false"/>
            <line number="258" hits="2" branch="false"/>
            <line number="259" hits="2" branch="false"/>
            <line number="260" hits="2" branch="false"/>
            <line number="261" hits="2" branch="false"/>
            <line number="262" hits="2" branch="false"/>
            <line number="263" hits="2" branch="false"/>
            <line number="264" hits="2" branch="false"/>
            <line number="265" hits="2" branch="false"/>
            <line number="266" hits="2" branch="false"/>
            <line number="267" hits="2" branch="false"/>
            <line number="268" hits="2" branch="false"/>
            <line number="269" hits="2" branch="false"/>
            <line number="270" hits="2" branch="false"/>
            <line number="271" hits="2" branch="false"/>
            <line number="272" hits="2" branch="false"/>
            <line number="273" hits="2" branch="false"/>
            <line number="274" hits="2" branch="false"/>
            <line number="283" hits="1" branch="false"/>
            <line number="284" hits="1" branch="false"/>
          </lines>
        </class>
        <class name="DataSubject.R" filename="R/DataSubject.R" line-rate="0.985507246376812" branch-rate="0" complexity="0">
          <methods>
            <method name="DataSubject" signature="" line-rate="1" branch-rate="0" complexity="0">
              <lines>
                <line number="47" hits="99" branch="false"/>
                <line number="48" hits="99" branch="false"/>
                <line number="49" hits="99" branch="false"/>
                <line number="50" hits="99" branch="false"/>
                <line number="51" hits="99" branch="false"/>
                <line number="52" hits="99" branch="false"/>
                <line number="53" hits="99" branch="false"/>
                <line number="54" hits="99" branch="false"/>
                <line number="202" hits="1" branch="false"/>
                <line number="203" hits="1" branch="false"/>
              </lines>
            </method>
            <method name="extractVariableNames.DataSubject" signature="" line-rate="1" branch-rate="0" complexity="0">
              <lines>
                <line number="93" hits="219" branch="false"/>
                <line number="94" hits="219" branch="false"/>
                <line number="95" hits="219" branch="false"/>
                <line number="96" hits="219" branch="false"/>
                <line number="97" hits="219" branch="false"/>
              </lines>
            </method>
            <method name="as_stan_list.DataSubject" signature="" line-rate="1" branch-rate="0" complexity="0">
              <lines>
                <line number="105" hits="52" branch="false"/>
                <line number="106" hits="52" branch="false"/>
                <line number="107" hits="52" branch="false"/>
                <line number="108" hits="52" branch="false"/>
                <line number="109" hits="52" branch="false"/>
                <line number="110" hits="52" branch="false"/>
                <line number="111" hits="52" branch="false"/>
                <line number="112" hits="52" branch="false"/>
                <line number="113" hits="52" branch="false"/>
                <line number="114" hits="52" branch="false"/>
                <line number="115" hits="52" branch="false"/>
                <line number="116" hits="52" branch="false"/>
                <line number="117" hits="52" branch="false"/>
              </lines>
            </method>
            <method name="as.list.DataSubject" signature="" line-rate="0" branch-rate="0" complexity="0">
              <lines>
                <line number="123" hits="0" branch="false"/>
              </lines>
            </method>
            <method name="as.data.frame.DataSubject" signature="" line-rate="1" branch-rate="0" complexity="0">
              <lines>
                <line number="137" hits="185" branch="false"/>
                <line number="138" hits="185" branch="false"/>
                <line number="139" hits="185" branch="false"/>
              </lines>
            </method>
            <method name="harmonise.DataSubject" signature="" line-rate="1" branch-rate="0" complexity="0">
              <lines>
                <line number="146" hits="75" branch="false"/>
                <line number="147" hits="75" branch="false"/>
                <line number="148" hits="75" branch="false"/>
                <line number="149" hits="75" branch="false"/>
                <line number="150" hits="75" branch="false"/>
                <line number="151" hits="75" branch="false"/>
                <line number="152" hits="75" branch="false"/>
                <line number="153" hits="75" branch="false"/>
                <line number="154" hits="75" branch="false"/>
                <line number="155" hits="75" branch="false"/>
                <line number="156" hits="75" branch="false"/>
                <line number="157" hits="75" branch="false"/>
                <line number="158" hits="74" branch="false"/>
                <line number="159" hits="74" branch="false"/>
                <line number="160" hits="74" branch="false"/>
                <line number="161" hits="74" branch="false"/>
                <line number="162" hits="74" branch="false"/>
                <line number="163" hits="74" branch="false"/>
                <line number="164" hits="74" branch="false"/>
                <line number="165" hits="74" branch="false"/>
                <line number="166" hits="74" branch="false"/>
                <line number="167" hits="74" branch="false"/>
              </lines>
            </method>
            <method name="as_print_string.DataSubject" signature="" line-rate="1" branch-rate="0" complexity="0">
              <lines>
                <line number="179" hits="2" branch="false"/>
                <line number="180" hits="2" branch="false"/>
                <line number="181" hits="2" branch="false"/>
                <line number="182" hits="2" branch="false"/>
                <line number="183" hits="2" branch="false"/>
                <line number="184" hits="2" branch="false"/>
                <line number="185" hits="2" branch="false"/>
                <line number="186" hits="2" branch="false"/>
                <line number="187" hits="2" branch="false"/>
                <line number="188" hits="2" branch="false"/>
                <line number="189" hits="2" branch="false"/>
                <line number="190" hits="2" branch="false"/>
                <line number="191" hits="2" branch="false"/>
                <line number="192" hits="2" branch="false"/>
                <line number="193" hits="2" branch="false"/>
              </lines>
            </method>
          </methods>
          <lines>
            <line number="47" hits="99" branch="false"/>
            <line number="48" hits="99" branch="false"/>
            <line number="49" hits="99" branch="false"/>
            <line number="50" hits="99" branch="false"/>
            <line number="51" hits="99" branch="false"/>
            <line number="52" hits="99" branch="false"/>
            <line number="53" hits="99" branch="false"/>
            <line number="54" hits="99" branch="false"/>
            <line number="93" hits="219" branch="false"/>
            <line number="94" hits="219" branch="false"/>
            <line number="95" hits="219" branch="false"/>
            <line number="96" hits="219" branch="false"/>
            <line number="97" hits="219" branch="false"/>
            <line number="105" hits="52" branch="false"/>
            <line number="106" hits="52" branch="false"/>
            <line number="107" hits="52" branch="false"/>
            <line number="108" hits="52" branch="false"/>
            <line number="109" hits="52" branch="false"/>
            <line number="110" hits="52" branch="false"/>
            <line number="111" hits="52" branch="false"/>
            <line number="112" hits="52" branch="false"/>
            <line number="113" hits="52" branch="false"/>
            <line number="114" hits="52" branch="false"/>
            <line number="115" hits="52" branch="false"/>
            <line number="116" hits="52" branch="false"/>
            <line number="117" hits="52" branch="false"/>
            <line number="123" hits="0" branch="false"/>
            <line number="137" hits="185" branch="false"/>
            <line number="138" hits="185" branch="false"/>
            <line number="139" hits="185" branch="false"/>
            <line number="146" hits="75" branch="false"/>
            <line number="147" hits="75" branch="false"/>
            <line number="148" hits="75" branch="false"/>
            <line number="149" hits="75" branch="false"/>
            <line number="150" hits="75" branch="false"/>
            <line number="151" hits="75" branch="false"/>
            <line number="152" hits="75" branch="false"/>
            <line number="153" hits="75" branch="false"/>
            <line number="154" hits="75" branch="false"/>
            <line number="155" hits="75" branch="false"/>
            <line number="156" hits="75" branch="false"/>
            <line number="157" hits="75" branch="false"/>
            <line number="158" hits="74" branch="false"/>
            <line number="159" hits="74" branch="false"/>
            <line number="160" hits="74" branch="false"/>
            <line number="161" hits="74" branch="false"/>
            <line number="162" hits="74" branch="false"/>
            <line number="163" hits="74" branch="false"/>
            <line number="164" hits="74" branch="false"/>
            <line number="165" hits="74" branch="false"/>
            <line number="166" hits="74" branch="false"/>
            <line number="167" hits="74" branch="false"/>
            <line number="179" hits="2" branch="false"/>
            <line number="180" hits="2" branch="false"/>
            <line number="181" hits="2" branch="false"/>
            <line number="182" hits="2" branch="false"/>
            <line number="183" hits="2" branch="false"/>
            <line number="184" hits="2" branch="false"/>
            <line number="185" hits="2" branch="false"/>
            <line number="186" hits="2" branch="false"/>
            <line number="187" hits="2" branch="false"/>
            <line number="188" hits="2" branch="false"/>
            <line number="189" hits="2" branch="false"/>
            <line number="190" hits="2" branch="false"/>
            <line number="191" hits="2" branch="false"/>
            <line number="192" hits="2" branch="false"/>
            <line number="193" hits="2" branch="false"/>
            <line number="202" hits="1" branch="false"/>
            <line number="203" hits="1" branch="false"/>
          </lines>
        </class>
        <class name="DataSurvival.R" filename="R/DataSurvival.R" line-rate="0.986486486486487" branch-rate="0" complexity="0">
          <methods>
            <method name="DataSurvival" signature="" line-rate="1" branch-rate="0" complexity="0">
              <lines>
                <line number="44" hits="34" branch="false"/>
                <line number="45" hits="34" branch="false"/>
                <line number="46" hits="34" branch="false"/>
                <line number="47" hits="34" branch="false"/>
                <line number="217" hits="1" branch="false"/>
                <line number="218" hits="1" branch="false"/>
              </lines>
            </method>
            <method name="extractVariableNames.DataSurvival" signature="" line-rate="1" branch-rate="0" complexity="0">
              <lines>
                <line number="89" hits="87" branch="false"/>
                <line number="90" hits="87" branch="false"/>
                <line number="91" hits="87" branch="false"/>
                <line number="92" hits="87" branch="false"/>
                <line number="93" hits="87" branch="false"/>
              </lines>
            </method>
            <method name="as.data.frame.DataSurvival" signature="" line-rate="1" branch-rate="0" complexity="0">
              <lines>
                <line number="107" hits="86" branch="false"/>
                <line number="108" hits="86" branch="false"/>
                <line number="109" hits="86" branch="false"/>
              </lines>
            </method>
            <method name="as_stan_list.DataSurvival" signature="" line-rate="1" branch-rate="0" complexity="0">
              <lines>
                <line number="118" hits="51" branch="false"/>
                <line number="119" hits="51" branch="false"/>
                <line number="121" hits="51" branch="false"/>
                <line number="122" hits="51" branch="false"/>
                <line number="123" hits="51" branch="false"/>
                <line number="124" hits="51" branch="false"/>
                <line number="127" hits="51" branch="false"/>
                <line number="129" hits="51" branch="false"/>
                <line number="130" hits="51" branch="false"/>
                <line number="131" hits="51" branch="false"/>
                <line number="132" hits="51" branch="false"/>
                <line number="133" hits="51" branch="false"/>
                <line number="134" hits="51" branch="false"/>
                <line number="135" hits="51" branch="false"/>
                <line number="136" hits="51" branch="false"/>
                <line number="137" hits="51" branch="false"/>
                <line number="138" hits="51" branch="false"/>
                <line number="139" hits="51" branch="false"/>
              </lines>
            </method>
            <method name="as.list.DataSurvival" signature="" line-rate="0" branch-rate="0" complexity="0">
              <lines>
                <line number="145" hits="0" branch="false"/>
              </lines>
            </method>
            <method name="harmonise.DataSurvival" signature="" line-rate="1" branch-rate="0" complexity="0">
              <lines>
                <line number="151" hits="17" branch="false"/>
                <line number="153" hits="17" branch="false"/>
                <line number="154" hits="17" branch="false"/>
                <line number="155" hits="17" branch="false"/>
                <line number="156" hits="17" branch="false"/>
                <line number="157" hits="17" branch="false"/>
                <line number="158" hits="17" branch="false"/>
                <line number="159" hits="16" branch="false"/>
                <line number="160" hits="16" branch="false"/>
                <line number="161" hits="16" branch="false"/>
                <line number="162" hits="16" branch="false"/>
                <line number="163" hits="15" branch="false"/>
                <line number="164" hits="15" branch="false"/>
                <line number="165" hits="15" branch="false"/>
                <line number="166" hits="15" branch="false"/>
                <line number="168" hits="14" branch="false"/>
                <line number="169" hits="14" branch="false"/>
                <line number="170" hits="14" branch="false"/>
                <line number="171" hits="14" branch="false"/>
                <line number="173" hits="14" branch="false"/>
                <line number="175" hits="14" branch="false"/>
                <line number="176" hits="14" branch="false"/>
                <line number="177" hits="14" branch="false"/>
                <line number="178" hits="14" branch="false"/>
              </lines>
            </method>
            <method name="as_print_string.DataSurvival" signature="" line-rate="1" branch-rate="0" complexity="0">
              <lines>
                <line number="192" hits="2" branch="false"/>
                <line number="193" hits="2" branch="false"/>
                <line number="194" hits="2" branch="false"/>
                <line number="195" hits="2" branch="false"/>
                <line number="196" hits="2" branch="false"/>
                <line number="197" hits="2" branch="false"/>
                <line number="198" hits="2" branch="false"/>
                <line number="199" hits="2" branch="false"/>
                <line number="200" hits="2" branch="false"/>
                <line number="201" hits="2" branch="false"/>
                <line number="202" hits="2" branch="false"/>
                <line number="203" hits="2" branch="false"/>
                <line number="204" hits="2" branch="false"/>
                <line number="205" hits="2" branch="false"/>
                <line number="206" hits="2" branch="false"/>
                <line number="207" hits="2" branch="false"/>
                <line number="208" hits="2" branch="false"/>
              </lines>
            </method>
          </methods>
          <lines>
            <line number="44" hits="34" branch="false"/>
            <line number="45" hits="34" branch="false"/>
            <line number="46" hits="34" branch="false"/>
            <line number="47" hits="34" branch="false"/>
            <line number="89" hits="87" branch="false"/>
            <line number="90" hits="87" branch="false"/>
            <line number="91" hits="87" branch="false"/>
            <line number="92" hits="87" branch="false"/>
            <line number="93" hits="87" branch="false"/>
            <line number="107" hits="86" branch="false"/>
            <line number="108" hits="86" branch="false"/>
            <line number="109" hits="86" branch="false"/>
            <line number="118" hits="51" branch="false"/>
            <line number="119" hits="51" branch="false"/>
            <line number="121" hits="51" branch="false"/>
            <line number="122" hits="51" branch="false"/>
            <line number="123" hits="51" branch="false"/>
            <line number="124" hits="51" branch="false"/>
            <line number="127" hits="51" branch="false"/>
            <line number="129" hits="51" branch="false"/>
            <line number="130" hits="51" branch="false"/>
            <line number="131" hits="51" branch="false"/>
            <line number="132" hits="51" branch="false"/>
            <line number="133" hits="51" branch="false"/>
            <line number="134" hits="51" branch="false"/>
            <line number="135" hits="51" branch="false"/>
            <line number="136" hits="51" branch="false"/>
            <line number="137" hits="51" branch="false"/>
            <line number="138" hits="51" branch="false"/>
            <line number="139" hits="51" branch="false"/>
            <line number="145" hits="0" branch="false"/>
            <line number="151" hits="17" branch="false"/>
            <line number="153" hits="17" branch="false"/>
            <line number="154" hits="17" branch="false"/>
            <line number="155" hits="17" branch="false"/>
            <line number="156" hits="17" branch="false"/>
            <line number="157" hits="17" branch="false"/>
            <line number="158" hits="17" branch="false"/>
            <line number="159" hits="16" branch="false"/>
            <line number="160" hits="16" branch="false"/>
            <line number="161" hits="16" branch="false"/>
            <line number="162" hits="16" branch="false"/>
            <line number="163" hits="15" branch="false"/>
            <line number="164" hits="15" branch="false"/>
            <line number="165" hits="15" branch="false"/>
            <line number="166" hits="15" branch="false"/>
            <line number="168" hits="14" branch="false"/>
            <line number="169" hits="14" branch="false"/>
            <line number="170" hits="14" branch="false"/>
            <line number="171" hits="14" branch="false"/>
            <line number="173" hits="14" branch="false"/>
            <line number="175" hits="14" branch="false"/>
            <line number="176" hits="14" branch="false"/>
            <line number="177" hits="14" branch="false"/>
            <line number="178" hits="14" branch="false"/>
            <line number="192" hits="2" branch="false"/>
            <line number="193" hits="2" branch="false"/>
            <line number="194" hits="2" branch="false"/>
            <line number="195" hits="2" branch="false"/>
            <line number="196" hits="2" branch="false"/>
            <line number="197" hits="2" branch="false"/>
            <line number="198" hits="2" branch="false"/>
            <line number="199" hits="2" branch="false"/>
            <line number="200" hits="2" branch="false"/>
            <line number="201" hits="2" branch="false"/>
            <line number="202" hits="2" branch="false"/>
            <line number="203" hits="2" branch="false"/>
            <line number="204" hits="2" branch="false"/>
            <line number="205" hits="2" branch="false"/>
            <line number="206" hits="2" branch="false"/>
            <line number="207" hits="2" branch="false"/>
            <line number="208" hits="2" branch="false"/>
            <line number="217" hits="1" branch="false"/>
            <line number="218" hits="1" branch="false"/>
          </lines>
        </class>
        <class name="defaults.R" filename="R/defaults.R" line-rate="0.461538461538462" branch-rate="0" complexity="0">
          <methods>
            <method name="LongitudinalModel#NULL" signature="" line-rate="1" branch-rate="0" complexity="0">
              <lines>
                <line number="18" hits="6" branch="false"/>
              </lines>
            </method>
            <method name="NULL#Link" signature="" line-rate="0" branch-rate="0" complexity="0">
              <lines>
                <line number="27" hits="0" branch="false"/>
              </lines>
            </method>
            <method name="NULL#NULL" signature="" line-rate="0.5" branch-rate="0" complexity="0">
              <lines>
                <line number="36" hits="2" branch="false"/>
                <line number="111" hits="0" branch="false"/>
              </lines>
            </method>
            <method name="getParameters.default" signature="" line-rate="0.666666666666667" branch-rate="0" complexity="0">
              <lines>
                <line number="42" hits="5" branch="false"/>
                <line number="43" hits="5" branch="false"/>
                <line number="45" hits="0" branch="false"/>
              </lines>
            </method>
            <method name="StanModel#NULL" signature="" line-rate="0" branch-rate="0" complexity="0">
              <lines>
                <line number="57" hits="0" branch="false"/>
              </lines>
            </method>
            <method name="NULL#StanModel" signature="" line-rate="0" branch-rate="0" complexity="0">
              <lines>
                <line number="66" hits="0" branch="false"/>
              </lines>
            </method>
            <method name="StanModule#NULL" signature="" line-rate="0" branch-rate="0" complexity="0">
              <lines>
                <line number="75" hits="0" branch="false"/>
              </lines>
            </method>
            <method name="NULL#StanModule" signature="" line-rate="0" branch-rate="0" complexity="0">
              <lines>
                <line number="84" hits="0" branch="false"/>
              </lines>
            </method>
            <method name="ParameterList#NULL" signature="" line-rate="1" branch-rate="0" complexity="0">
              <lines>
                <line number="93" hits="3" branch="false"/>
              </lines>
            </method>
            <method name="NULL#ParameterList" signature="" line-rate="1" branch-rate="0" complexity="0">
              <lines>
                <line number="102" hits="2" branch="false"/>
              </lines>
            </method>
          </methods>
          <lines>
            <line number="18" hits="6" branch="false"/>
            <line number="27" hits="0" branch="false"/>
            <line number="36" hits="2" branch="false"/>
            <line number="42" hits="5" branch="false"/>
            <line number="43" hits="5" branch="false"/>
            <line number="45" hits="0" branch="false"/>
            <line number="57" hits="0" branch="false"/>
            <line number="66" hits="0" branch="false"/>
            <line number="75" hits="0" branch="false"/>
            <line number="84" hits="0" branch="false"/>
            <line number="93" hits="3" branch="false"/>
            <line number="102" hits="2" branch="false"/>
            <line number="111" hits="0" branch="false"/>
          </lines>
        </class>
        <class name="generics.R" filename="R/generics.R" line-rate="0.933333333333333" branch-rate="0" complexity="0">
          <methods>
            <method name="addLink" signature="" line-rate="1" branch-rate="0" complexity="0">
              <lines>
                <line number="53" hits="12" branch="false"/>
              </lines>
            </method>
            <method name="write_stan" signature="" line-rate="0" branch-rate="0" complexity="0">
              <lines>
                <line number="69" hits="0" branch="false"/>
              </lines>
            </method>
            <method name="compileStanModel" signature="" line-rate="1" branch-rate="0" complexity="0">
              <lines>
                <line number="82" hits="29" branch="false"/>
              </lines>
            </method>
            <method name="sampleStanModel" signature="" line-rate="1" branch-rate="0" complexity="0">
              <lines>
                <line number="97" hits="10" branch="false"/>
              </lines>
            </method>
            <method name="as.StanModule" signature="" line-rate="1" branch-rate="0" complexity="0">
              <lines>
                <line number="112" hits="188" branch="false"/>
              </lines>
            </method>
            <method name="getParameters" signature="" line-rate="1" branch-rate="0" complexity="0">
              <lines>
                <line number="126" hits="24" branch="false"/>
              </lines>
            </method>
            <method name="extractVariableNames" signature="" line-rate="1" branch-rate="0" complexity="0">
              <lines>
                <line number="142" hits="408" branch="false"/>
              </lines>
            </method>
            <method name="initialValues" signature="" line-rate="1" branch-rate="0" complexity="0">
              <lines>
                <line number="157" hits="167" branch="false"/>
              </lines>
            </method>
            <method name="size" signature="" line-rate="1" branch-rate="0" complexity="0">
              <lines>
                <line number="171" hits="75" branch="false"/>
              </lines>
            </method>
            <method name="generateQuantities" signature="" line-rate="1" branch-rate="0" complexity="0">
              <lines>
                <line number="186" hits="18" branch="false"/>
              </lines>
            </method>
            <method name="harmonise" signature="" line-rate="1" branch-rate="0" complexity="0">
              <lines>
                <line number="214" hits="116" branch="false"/>
              </lines>
            </method>
            <method name="harmonise.default" signature="" line-rate="1" branch-rate="0" complexity="0">
              <lines>
                <line number="220" hits="7" branch="false"/>
              </lines>
            </method>
            <method name="as_stan_list" signature="" line-rate="1" branch-rate="0" complexity="0">
              <lines>
                <line number="236" hits="623" branch="false"/>
              </lines>
            </method>
            <method name="as_stan_list.default" signature="" line-rate="1" branch-rate="0" complexity="0">
              <lines>
                <line number="242" hits="4" branch="false"/>
              </lines>
            </method>
            <method name="as_print_string" signature="" line-rate="1" branch-rate="0" complexity="0">
              <lines>
                <line number="258" hits="35" branch="false"/>
              </lines>
            </method>
          </methods>
          <lines>
            <line number="53" hits="12" branch="false"/>
            <line number="69" hits="0" branch="false"/>
            <line number="82" hits="29" branch="false"/>
            <line number="97" hits="10" branch="false"/>
            <line number="112" hits="188" branch="false"/>
            <line number="126" hits="24" branch="false"/>
            <line number="142" hits="408" branch="false"/>
            <line number="157" hits="167" branch="false"/>
            <line number="171" hits="75" branch="false"/>
            <line number="186" hits="18" branch="false"/>
            <line number="214" hits="116" branch="false"/>
            <line number="220" hits="7" branch="false"/>
            <line number="236" hits="623" branch="false"/>
            <line number="242" hits="4" branch="false"/>
            <line number="258" hits="35" branch="false"/>
          </lines>
        </class>
        <class name="JointModel.R" filename="R/JointModel.R" line-rate="0.912087912087912" branch-rate="0" complexity="0">
          <methods>
            <method name="JointModel" signature="" line-rate="0.936170212765957" branch-rate="0" complexity="0">
              <lines>
                <line number="61" hits="12" branch="false"/>
                <line number="63" hits="12" branch="false"/>
                <line number="64" hits="12" branch="false"/>
                <line number="65" hits="12" branch="false"/>
                <line number="66" hits="12" branch="false"/>
                <line number="68" hits="12" branch="false"/>
                <line number="70" hits="12" branch="false"/>
                <line number="71" hits="12" branch="false"/>
                <line number="72" hits="12" branch="false"/>
                <line number="73" hits="12" branch="false"/>
                <line number="74" hits="12" branch="false"/>
                <line number="75" hits="12" branch="false"/>
                <line number="76" hits="12" branch="false"/>
                <line number="79" hits="12" branch="false"/>
                <line number="81" hits="12" branch="false"/>
                <line number="82" hits="12" branch="false"/>
                <line number="83" hits="12" branch="false"/>
                <line number="84" hits="12" branch="false"/>
                <line number="86" hits="12" branch="false"/>
                <line number="87" hits="12" branch="false"/>
                <line number="88" hits="12" branch="false"/>
                <line number="89" hits="12" branch="false"/>
                <line number="90" hits="12" branch="false"/>
                <line number="91" hits="12" branch="false"/>
                <line number="92" hits="12" branch="false"/>
                <line number="203" hits="1" branch="false"/>
                <line number="204" hits="0" branch="false"/>
                <line number="205" hits="1" branch="false"/>
                <line number="206" hits="1" branch="false"/>
                <line number="207" hits="1" branch="false"/>
                <line number="209" hits="1" branch="false"/>
                <line number="210" hits="0" branch="false"/>
                <line number="211" hits="1" branch="false"/>
                <line number="212" hits="1" branch="false"/>
                <line number="213" hits="1" branch="false"/>
                <line number="215" hits="1" branch="false"/>
                <line number="216" hits="0" branch="false"/>
                <line number="217" hits="1" branch="false"/>
                <line number="218" hits="1" branch="false"/>
                <line number="219" hits="1" branch="false"/>
                <line number="221" hits="1" branch="false"/>
                <line number="222" hits="1" branch="false"/>
                <line number="223" hits="1" branch="false"/>
                <line number="224" hits="1" branch="false"/>
                <line number="225" hits="1" branch="false"/>
                <line number="226" hits="1" branch="false"/>
                <line number="227" hits="1" branch="false"/>
              </lines>
            </method>
            <method name="as.character.JointModel" signature="" line-rate="1" branch-rate="0" complexity="0">
              <lines>
                <line number="104" hits="1" branch="false"/>
              </lines>
            </method>
            <method name="write_stan.JointModel" signature="" line-rate="0" branch-rate="0" complexity="0">
              <lines>
                <line number="113" hits="0" branch="false"/>
                <line number="114" hits="0" branch="false"/>
                <line number="115" hits="0" branch="false"/>
              </lines>
            </method>
            <method name="compileStanModel.JointModel" signature="" line-rate="0" branch-rate="0" complexity="0">
              <lines>
                <line number="124" hits="0" branch="false"/>
                <line number="125" hits="0" branch="false"/>
              </lines>
            </method>
            <method name="sampleStanModel.JointModel" signature="" line-rate="1" branch-rate="0" complexity="0">
              <lines>
                <line number="137" hits="10" branch="false"/>
                <line number="138" hits="7" branch="false"/>
                <line number="139" hits="7" branch="false"/>
                <line number="140" hits="7" branch="false"/>
                <line number="141" hits="7" branch="false"/>
                <line number="143" hits="10" branch="false"/>
                <line number="144" hits="8" branch="false"/>
                <line number="145" hits="8" branch="false"/>
                <line number="146" hits="8" branch="false"/>
                <line number="147" hits="8" branch="false"/>
                <line number="150" hits="10" branch="false"/>
                <line number="151" hits="10" branch="false"/>
                <line number="152" hits="10" branch="false"/>
                <line number="153" hits="10" branch="false"/>
                <line number="154" hits="10" branch="false"/>
                <line number="156" hits="10" branch="false"/>
                <line number="157" hits="10" branch="false"/>
                <line number="158" hits="10" branch="false"/>
                <line number="159" hits="10" branch="false"/>
                <line number="160" hits="10" branch="false"/>
                <line number="161" hits="10" branch="false"/>
                <line number="164" hits="10" branch="false"/>
                <line number="165" hits="10" branch="false"/>
                <line number="166" hits="10" branch="false"/>
                <line number="167" hits="10" branch="false"/>
                <line number="169" hits="10" branch="false"/>
                <line number="170" hits="10" branch="false"/>
                <line number="171" hits="10" branch="false"/>
                <line number="172" hits="10" branch="false"/>
                <line number="173" hits="10" branch="false"/>
              </lines>
            </method>
            <method name="initialValues.JointModel" signature="" line-rate="1" branch-rate="0" complexity="0">
              <lines>
                <line number="182" hits="10" branch="false"/>
              </lines>
            </method>
            <method name="pad_with_white_space" signature="" line-rate="1" branch-rate="0" complexity="0">
              <lines>
                <line number="187" hits="3" branch="false"/>
                <line number="188" hits="3" branch="false"/>
                <line number="189" hits="3" branch="false"/>
                <line number="190" hits="3" branch="false"/>
                <line number="191" hits="3" branch="false"/>
                <line number="192" hits="3" branch="false"/>
                <line number="193" hits="3" branch="false"/>
              </lines>
            </method>
          </methods>
          <lines>
            <line number="61" hits="12" branch="false"/>
            <line number="63" hits="12" branch="false"/>
            <line number="64" hits="12" branch="false"/>
            <line number="65" hits="12" branch="false"/>
            <line number="66" hits="12" branch="false"/>
            <line number="68" hits="12" branch="false"/>
            <line number="70" hits="12" branch="false"/>
            <line number="71" hits="12" branch="false"/>
            <line number="72" hits="12" branch="false"/>
            <line number="73" hits="12" branch="false"/>
            <line number="74" hits="12" branch="false"/>
            <line number="75" hits="12" branch="false"/>
            <line number="76" hits="12" branch="false"/>
            <line number="79" hits="12" branch="false"/>
            <line number="81" hits="12" branch="false"/>
            <line number="82" hits="12" branch="false"/>
            <line number="83" hits="12" branch="false"/>
            <line number="84" hits="12" branch="false"/>
            <line number="86" hits="12" branch="false"/>
            <line number="87" hits="12" branch="false"/>
            <line number="88" hits="12" branch="false"/>
            <line number="89" hits="12" branch="false"/>
            <line number="90" hits="12" branch="false"/>
            <line number="91" hits="12" branch="false"/>
            <line number="92" hits="12" branch="false"/>
            <line number="104" hits="1" branch="false"/>
            <line number="113" hits="0" branch="false"/>
            <line number="114" hits="0" branch="false"/>
            <line number="115" hits="0" branch="false"/>
            <line number="124" hits="0" branch="false"/>
            <line number="125" hits="0" branch="false"/>
            <line number="137" hits="10" branch="false"/>
            <line number="138" hits="7" branch="false"/>
            <line number="139" hits="7" branch="false"/>
            <line number="140" hits="7" branch="false"/>
            <line number="141" hits="7" branch="false"/>
            <line number="143" hits="10" branch="false"/>
            <line number="144" hits="8" branch="false"/>
            <line number="145" hits="8" branch="false"/>
            <line number="146" hits="8" branch="false"/>
            <line number="147" hits="8" branch="false"/>
            <line number="150" hits="10" branch="false"/>
            <line number="151" hits="10" branch="false"/>
            <line number="152" hits="10" branch="false"/>
            <line number="153" hits="10" branch="false"/>
            <line number="154" hits="10" branch="false"/>
            <line number="156" hits="10" branch="false"/>
            <line number="157" hits="10" branch="false"/>
            <line number="158" hits="10" branch="false"/>
            <line number="159" hits="10" branch="false"/>
            <line number="160" hits="10" branch="false"/>
            <line number="161" hits="10" branch="false"/>
            <line number="164" hits="10" branch="false"/>
            <line number="165" hits="10" branch="false"/>
            <line number="166" hits="10" branch="false"/>
            <line number="167" hits="10" branch="false"/>
            <line number="169" hits="10" branch="false"/>
            <line number="170" hits="10" branch="false"/>
            <line number="171" hits="10" branch="false"/>
            <line number="172" hits="10" branch="false"/>
            <line number="173" hits="10" branch="false"/>
            <line number="182" hits="10" branch="false"/>
            <line number="187" hits="3" branch="false"/>
            <line number="188" hits="3" branch="false"/>
            <line number="189" hits="3" branch="false"/>
            <line number="190" hits="3" branch="false"/>
            <line number="191" hits="3" branch="false"/>
            <line number="192" hits="3" branch="false"/>
            <line number="193" hits="3" branch="false"/>
            <line number="203" hits="1" branch="false"/>
            <line number="204" hits="0" branch="false"/>
            <line number="205" hits="1" branch="false"/>
            <line number="206" hits="1" branch="false"/>
            <line number="207" hits="1" branch="false"/>
            <line number="209" hits="1" branch="false"/>
            <line number="210" hits="0" branch="false"/>
            <line number="211" hits="1" branch="false"/>
            <line number="212" hits="1" branch="false"/>
            <line number="213" hits="1" branch="false"/>
            <line number="215" hits="1" branch="false"/>
            <line number="216" hits="0" branch="false"/>
            <line number="217" hits="1" branch="false"/>
            <line number="218" hits="1" branch="false"/>
            <line number="219" hits="1" branch="false"/>
            <line number="221" hits="1" branch="false"/>
            <line number="222" hits="1" branch="false"/>
            <line number="223" hits="1" branch="false"/>
            <line number="224" hits="1" branch="false"/>
            <line number="225" hits="1" branch="false"/>
            <line number="226" hits="1" branch="false"/>
            <line number="227" hits="1" branch="false"/>
          </lines>
        </class>
        <class name="JointModelSamples.R" filename="R/JointModelSamples.R" line-rate="1" branch-rate="0" complexity="0">
          <methods>
            <method name="generateQuantities.JointModelSamples" signature="" line-rate="1" branch-rate="0" complexity="0">
              <lines>
                <line number="40" hits="18" branch="false"/>
                <line number="41" hits="18" branch="false"/>
                <line number="42" hits="18" branch="false"/>
                <line number="43" hits="18" branch="false"/>
                <line number="44" hits="18" branch="false"/>
                <line number="45" hits="18" branch="false"/>
                <line number="46" hits="18" branch="false"/>
                <line number="47" hits="18" branch="false"/>
                <line number="48" hits="18" branch="false"/>
                <line number="49" hits="18" branch="false"/>
                <line number="50" hits="18" branch="false"/>
                <line number="51" hits="18" branch="false"/>
                <line number="52" hits="18" branch="false"/>
                <line number="53" hits="18" branch="false"/>
                <line number="54" hits="18" branch="false"/>
                <line number="56" hits="18" branch="false"/>
                <line number="58" hits="18" branch="false"/>
                <line number="59" hits="18" branch="false"/>
                <line number="60" hits="18" branch="false"/>
                <line number="61" hits="18" branch="false"/>
                <line number="62" hits="18" branch="false"/>
                <line number="63" hits="18" branch="false"/>
                <line number="64" hits="18" branch="false"/>
              </lines>
            </method>
            <method name="as_print_string.JointModelSamples" signature="" line-rate="1" branch-rate="0" complexity="0">
              <lines>
                <line number="76" hits="1" branch="false"/>
                <line number="77" hits="1" branch="false"/>
                <line number="78" hits="1" branch="false"/>
                <line number="79" hits="1" branch="false"/>
                <line number="80" hits="1" branch="false"/>
                <line number="81" hits="1" branch="false"/>
                <line number="82" hits="1" branch="false"/>
                <line number="83" hits="1" branch="false"/>
                <line number="84" hits="1" branch="false"/>
                <line number="85" hits="1" branch="false"/>
                <line number="86" hits="1" branch="false"/>
                <line number="87" hits="1" branch="false"/>
                <line number="88" hits="1" branch="false"/>
                <line number="89" hits="1" branch="false"/>
                <line number="90" hits="1" branch="false"/>
                <line number="91" hits="1" branch="false"/>
                <line number="92" hits="1" branch="false"/>
                <line number="93" hits="1" branch="false"/>
                <line number="94" hits="1" branch="false"/>
                <line number="95" hits="1" branch="false"/>
                <line number="96" hits="1" branch="false"/>
                <line number="97" hits="1" branch="false"/>
                <line number="98" hits="1" branch="false"/>
                <line number="99" hits="1" branch="false"/>
                <line number="100" hits="1" branch="false"/>
                <line number="101" hits="1" branch="false"/>
                <line number="102" hits="1" branch="false"/>
                <line number="103" hits="1" branch="false"/>
                <line number="104" hits="1" branch="false"/>
              </lines>
            </method>
            <method name="JointModelSamples" signature="" line-rate="1" branch-rate="0" complexity="0">
              <lines>
                <line number="113" hits="1" branch="false"/>
                <line number="114" hits="1" branch="false"/>
              </lines>
            </method>
          </methods>
          <lines>
            <line number="40" hits="18" branch="false"/>
            <line number="41" hits="18" branch="false"/>
            <line number="42" hits="18" branch="false"/>
            <line number="43" hits="18" branch="false"/>
            <line number="44" hits="18" branch="false"/>
            <line number="45" hits="18" branch="false"/>
            <line number="46" hits="18" branch="false"/>
            <line number="47" hits="18" branch="false"/>
            <line number="48" hits="18" branch="false"/>
            <line number="49" hits="18" branch="false"/>
            <line number="50" hits="18" branch="false"/>
            <line number="51" hits="18" branch="false"/>
            <line number="52" hits="18" branch="false"/>
            <line number="53" hits="18" branch="false"/>
            <line number="54" hits="18" branch="false"/>
            <line number="56" hits="18" branch="false"/>
            <line number="58" hits="18" branch="false"/>
            <line number="59" hits="18" branch="false"/>
            <line number="60" hits="18" branch="false"/>
            <line number="61" hits="18" branch="false"/>
            <line number="62" hits="18" branch="false"/>
            <line number="63" hits="18" branch="false"/>
            <line number="64" hits="18" branch="false"/>
            <line number="76" hits="1" branch="false"/>
            <line number="77" hits="1" branch="false"/>
            <line number="78" hits="1" branch="false"/>
            <line number="79" hits="1" branch="false"/>
            <line number="80" hits="1" branch="false"/>
            <line number="81" hits="1" branch="false"/>
            <line number="82" hits="1" branch="false"/>
            <line number="83" hits="1" branch="false"/>
            <line number="84" hits="1" branch="false"/>
            <line number="85" hits="1" branch="false"/>
            <line number="86" hits="1" branch="false"/>
            <line number="87" hits="1" branch="false"/>
            <line number="88" hits="1" branch="false"/>
            <line number="89" hits="1" branch="false"/>
            <line number="90" hits="1" branch="false"/>
            <line number="91" hits="1" branch="false"/>
            <line number="92" hits="1" branch="false"/>
            <line number="93" hits="1" branch="false"/>
            <line number="94" hits="1" branch="false"/>
            <line number="95" hits="1" branch="false"/>
            <line number="96" hits="1" branch="false"/>
            <line number="97" hits="1" branch="false"/>
            <line number="98" hits="1" branch="false"/>
            <line number="99" hits="1" branch="false"/>
            <line number="100" hits="1" branch="false"/>
            <line number="101" hits="1" branch="false"/>
            <line number="102" hits="1" branch="false"/>
            <line number="103" hits="1" branch="false"/>
            <line number="104" hits="1" branch="false"/>
            <line number="113" hits="1" branch="false"/>
            <line number="114" hits="1" branch="false"/>
          </lines>
        </class>
        <class name="Link.R" filename="R/Link.R" line-rate="1" branch-rate="0" complexity="0">
          <methods>
            <method name="Link" signature="" line-rate="1" branch-rate="0" complexity="0">
              <lines>
                <line number="38" hits="13" branch="false"/>
                <line number="39" hits="13" branch="false"/>
                <line number="40" hits="13" branch="false"/>
                <line number="41" hits="13" branch="false"/>
                <line number="42" hits="13" branch="false"/>
                <line number="43" hits="13" branch="false"/>
                <line number="91" hits="2" branch="false"/>
              </lines>
            </method>
            <method name="LongitudinalModel#Link" signature="" line-rate="1" branch-rate="0" complexity="0">
              <lines>
                <line number="53" hits="4" branch="false"/>
                <line number="54" hits="4" branch="false"/>
                <line number="55" hits="4" branch="false"/>
              </lines>
            </method>
            <method name="initialValues.Link" signature="" line-rate="1" branch-rate="0" complexity="0">
              <lines>
                <line number="63" hits="1" branch="false"/>
              </lines>
            </method>
            <method name="as.StanModule.Link" signature="" line-rate="1" branch-rate="0" complexity="0">
              <lines>
                <line number="71" hits="1" branch="false"/>
              </lines>
            </method>
            <method name="as_print_string.Link" signature="" line-rate="1" branch-rate="0" complexity="0">
              <lines>
                <line number="76" hits="3" branch="false"/>
                <line number="77" hits="3" branch="false"/>
                <line number="78" hits="3" branch="false"/>
                <line number="79" hits="3" branch="false"/>
                <line number="80" hits="3" branch="false"/>
                <line number="81" hits="3" branch="false"/>
              </lines>
            </method>
          </methods>
          <lines>
            <line number="38" hits="13" branch="false"/>
            <line number="39" hits="13" branch="false"/>
            <line number="40" hits="13" branch="false"/>
            <line number="41" hits="13" branch="false"/>
            <line number="42" hits="13" branch="false"/>
            <line number="43" hits="13" branch="false"/>
            <line number="53" hits="4" branch="false"/>
            <line number="54" hits="4" branch="false"/>
            <line number="55" hits="4" branch="false"/>
            <line number="63" hits="1" branch="false"/>
            <line number="71" hits="1" branch="false"/>
            <line number="76" hits="3" branch="false"/>
            <line number="77" hits="3" branch="false"/>
            <line number="78" hits="3" branch="false"/>
            <line number="79" hits="3" branch="false"/>
            <line number="80" hits="3" branch="false"/>
            <line number="81" hits="3" branch="false"/>
            <line number="91" hits="2" branch="false"/>
          </lines>
        </class>
        <class name="LinkGSF.R" filename="R/LinkGSF.R" line-rate="0.811594202898551" branch-rate="0" complexity="0">
          <methods>
            <method name="LinkGSF" signature="" line-rate="1" branch-rate="0" complexity="0">
              <lines>
                <line number="27" hits="6" branch="false"/>
                <line number="28" hits="6" branch="false"/>
                <line number="29" hits="4" branch="false"/>
                <line number="30" hits="4" branch="false"/>
                <line number="31" hits="4" branch="false"/>
                <line number="32" hits="4" branch="false"/>
                <line number="35" hits="6" branch="false"/>
                <line number="36" hits="6" branch="false"/>
                <line number="37" hits="6" branch="false"/>
                <line number="38" hits="6" branch="false"/>
                <line number="39" hits="6" branch="false"/>
                <line number="40" hits="6" branch="false"/>
                <line number="41" hits="6" branch="false"/>
                <line number="42" hits="6" branch="false"/>
                <line number="43" hits="6" branch="false"/>
                <line number="45" hits="6" branch="false"/>
                <line number="46" hits="6" branch="false"/>
                <line number="47" hits="6" branch="false"/>
                <line number="48" hits="6" branch="false"/>
                <line number="50" hits="6" branch="false"/>
                <line number="51" hits="6" branch="false"/>
                <line number="52" hits="6" branch="false"/>
                <line number="53" hits="10" branch="false"/>
                <line number="54" hits="10" branch="false"/>
                <line number="57" hits="6" branch="false"/>
                <line number="58" hits="6" branch="false"/>
                <line number="59" hits="6" branch="false"/>
                <line number="60" hits="6" branch="false"/>
                <line number="62" hits="6" branch="false"/>
                <line number="64" hits="6" branch="false"/>
                <line number="65" hits="6" branch="false"/>
                <line number="66" hits="6" branch="false"/>
                <line number="67" hits="6" branch="false"/>
                <line number="68" hits="6" branch="false"/>
                <line number="70" hits="6" branch="false"/>
              </lines>
            </method>
            <method name="link_gsf_abstract" signature="" line-rate="0" branch-rate="0" complexity="0">
              <lines>
                <line number="116" hits="0" branch="false"/>
                <line number="117" hits="0" branch="false"/>
                <line number="118" hits="0" branch="false"/>
                <line number="119" hits="0" branch="false"/>
                <line number="120" hits="0" branch="false"/>
                <line number="121" hits="0" branch="false"/>
                <line number="122" hits="0" branch="false"/>
                <line number="123" hits="0" branch="false"/>
[...]
                <line number="47" hits="2" branch="false"/>
                <line number="48" hits="2" branch="false"/>
                <line number="49" hits="2" branch="false"/>
                <line number="50" hits="2" branch="false"/>
                <line number="51" hits="2" branch="false"/>
                <line number="52" hits="2" branch="false"/>
              </lines>
            </method>
            <method name="expand_initial_values" signature="" line-rate="1" branch-rate="0" complexity="0">
              <lines>
                <line number="71" hits="11" branch="false"/>
                <line number="72" hits="11" branch="false"/>
                <line number="73" hits="11" branch="false"/>
                <line number="74" hits="11" branch="false"/>
                <line number="75" hits="11" branch="false"/>
                <line number="76" hits="11" branch="false"/>
                <line number="77" hits="11" branch="false"/>
                <line number="78" hits="11" branch="false"/>
                <line number="79" hits="11" branch="false"/>
                <line number="80" hits="11" branch="false"/>
                <line number="81" hits="11" branch="false"/>
                <line number="82" hits="11" branch="false"/>
                <line number="83" hits="11" branch="false"/>
                <line number="85" hits="11" branch="false"/>
                <line number="87" hits="69" branch="false"/>
                <line number="88" hits="68" branch="false"/>
                <line number="91" hits="69" branch="false"/>
                <line number="92" hits="69" branch="false"/>
                <line number="93" hits="69" branch="false"/>
                <line number="94" hits="69" branch="false"/>
                <line number="95" hits="69" branch="false"/>
                <line number="96" hits="69" branch="false"/>
                <line number="97" hits="32" branch="false"/>
                <line number="102" hits="11" branch="false"/>
                <line number="103" hits="69" branch="false"/>
                <line number="104" hits="69" branch="false"/>
                <line number="105" hits="69" branch="false"/>
                <line number="106" hits="69" branch="false"/>
                <line number="109" hits="11" branch="false"/>
              </lines>
            </method>
            <method name="replace_with_lookup" signature="" line-rate="1" branch-rate="0" complexity="0">
              <lines>
                <line number="132" hits="13" branch="false"/>
                <line number="133" hits="13" branch="false"/>
                <line number="135" hits="13" branch="false"/>
                <line number="136" hits="77" branch="false"/>
                <line number="137" hits="77" branch="false"/>
                <line number="138" hits="35" branch="false"/>
                <line number="139" hits="35" branch="false"/>
                <line number="140" hits="35" branch="false"/>
                <line number="141" hits="35" branch="false"/>
                <line number="142" hits="35" branch="false"/>
                <line number="143" hits="35" branch="false"/>
                <line number="144" hits="35" branch="false"/>
                <line number="145" hits="35" branch="false"/>
                <line number="146" hits="35" branch="false"/>
                <line number="147" hits="35" branch="false"/>
                <line number="148" hits="35" branch="false"/>
                <line number="149" hits="35" branch="false"/>
                <line number="150" hits="35" branch="false"/>
                <line number="151" hits="34" branch="false"/>
                <line number="153" hits="42" branch="false"/>
                <line number="154" hits="42" branch="false"/>
                <line number="155" hits="42" branch="false"/>
                <line number="156" hits="42" branch="false"/>
                <line number="157" hits="41" branch="false"/>
                <line number="160" hits="11" branch="false"/>
              </lines>
            </method>
            <method name="samples_median_ci" signature="" line-rate="1" branch-rate="0" complexity="0">
              <lines>
                <line number="172" hits="1246" branch="false"/>
                <line number="173" hits="1246" branch="false"/>
                <line number="175" hits="1246" branch="false"/>
                <line number="176" hits="1246" branch="false"/>
                <line number="177" hits="1246" branch="false"/>
                <line number="178" hits="1246" branch="false"/>
                <line number="179" hits="1246" branch="false"/>
                <line number="180" hits="1246" branch="false"/>
                <line number="181" hits="1246" branch="false"/>
                <line number="182" hits="1246" branch="false"/>
              </lines>
            </method>
            <method name="decorated_render" signature="" line-rate="1" branch-rate="0" complexity="0">
              <lines>
                <line number="195" hits="45" branch="false"/>
                <line number="196" hits="45" branch="false"/>
                <line number="197" hits="45" branch="false"/>
                <line number="198" hits="45" branch="false"/>
                <line number="199" hits="45" branch="false"/>
              </lines>
            </method>
            <method name="is_windows" signature="" line-rate="1" branch-rate="0" complexity="0">
              <lines>
                <line number="204" hits="29" branch="false"/>
                <line number="205" hits="29" branch="false"/>
              </lines>
            </method>
            <method name="expand_time_grid" signature="" line-rate="1" branch-rate="0" complexity="0">
              <lines>
                <line number="221" hits="25" branch="false"/>
                <line number="222" hits="25" branch="false"/>
                <line number="223" hits="5" branch="false"/>
                <line number="225" hits="25" branch="false"/>
                <line number="226" hits="25" branch="false"/>
                <line number="227" hits="25" branch="false"/>
                <line number="228" hits="25" branch="false"/>
                <line number="229" hits="25" branch="false"/>
                <line number="230" hits="25" branch="false"/>
                <line number="231" hits="25" branch="false"/>
                <line number="232" hits="25" branch="false"/>
                <line number="233" hits="25" branch="false"/>
                <line number="234" hits="21" branch="false"/>
              </lines>
            </method>
            <method name="expand_patients" signature="" line-rate="1" branch-rate="0" complexity="0">
              <lines>
                <line number="251" hits="1283" branch="false"/>
                <line number="252" hits="1283" branch="false"/>
                <line number="253" hits="1283" branch="false"/>
                <line number="254" hits="1283" branch="false"/>
                <line number="255" hits="1283" branch="false"/>
                <line number="256" hits="6" branch="false"/>
                <line number="258" hits="1283" branch="false"/>
                <line number="259" hits="1283" branch="false"/>
                <line number="260" hits="1283" branch="false"/>
                <line number="261" hits="1283" branch="false"/>
                <line number="262" hits="1283" branch="false"/>
                <line number="263" hits="1283" branch="false"/>
                <line number="264" hits="1275" branch="false"/>
              </lines>
            </method>
            <method name="decompose_patients" signature="" line-rate="1" branch-rate="0" complexity="0">
              <lines>
                <line number="299" hits="31" branch="false"/>
                <line number="300" hits="21" branch="false"/>
                <line number="301" hits="18" branch="false"/>
                <line number="302" hits="18" branch="false"/>
                <line number="304" hits="28" branch="false"/>
                <line number="305" hits="28" branch="false"/>
                <line number="306" hits="28" branch="false"/>
                <line number="307" hits="28" branch="false"/>
                <line number="308" hits="28" branch="false"/>
                <line number="309" hits="26" branch="false"/>
                <line number="310" hits="26" branch="false"/>
                <line number="311" hits="26" branch="false"/>
                <line number="312" hits="26" branch="false"/>
                <line number="313" hits="26" branch="false"/>
                <line number="314" hits="26" branch="false"/>
                <line number="315" hits="26" branch="false"/>
                <line number="316" hits="26" branch="false"/>
                <line number="317" hits="26" branch="false"/>
                <line number="318" hits="26" branch="false"/>
                <line number="319" hits="26" branch="false"/>
                <line number="320" hits="26" branch="false"/>
                <line number="321" hits="26" branch="false"/>
                <line number="322" hits="26" branch="false"/>
                <line number="323" hits="26" branch="false"/>
                <line number="324" hits="26" branch="false"/>
                <line number="325" hits="26" branch="false"/>
                <line number="326" hits="26" branch="false"/>
                <line number="327" hits="26" branch="false"/>
                <line number="328" hits="26" branch="false"/>
                <line number="329" hits="26" branch="false"/>
              </lines>
            </method>
          </methods>
          <lines>
            <line number="12" hits="168" branch="false"/>
            <line number="13" hits="0" branch="false"/>
            <line number="15" hits="168" branch="false"/>
            <line number="16" hits="168" branch="false"/>
            <line number="35" hits="167" branch="false"/>
            <line number="36" hits="1" branch="false"/>
            <line number="37" hits="1" branch="false"/>
            <line number="38" hits="1" branch="false"/>
            <line number="41" hits="167" branch="false"/>
            <line number="43" hits="167" branch="false"/>
            <line number="44" hits="165" branch="false"/>
            <line number="46" hits="2" branch="false"/>
            <line number="47" hits="2" branch="false"/>
            <line number="48" hits="2" branch="false"/>
            <line number="49" hits="2" branch="false"/>
            <line number="50" hits="2" branch="false"/>
            <line number="51" hits="2" branch="false"/>
            <line number="52" hits="2" branch="false"/>
            <line number="71" hits="11" branch="false"/>
            <line number="72" hits="11" branch="false"/>
            <line number="73" hits="11" branch="false"/>
            <line number="74" hits="11" branch="false"/>
            <line number="75" hits="11" branch="false"/>
            <line number="76" hits="11" branch="false"/>
            <line number="77" hits="11" branch="false"/>
            <line number="78" hits="11" branch="false"/>
            <line number="79" hits="11" branch="false"/>
            <line number="80" hits="11" branch="false"/>
            <line number="81" hits="11" branch="false"/>
            <line number="82" hits="11" branch="false"/>
            <line number="83" hits="11" branch="false"/>
            <line number="85" hits="11" branch="false"/>
            <line number="87" hits="69" branch="false"/>
            <line number="88" hits="68" branch="false"/>
            <line number="91" hits="69" branch="false"/>
            <line number="92" hits="69" branch="false"/>
            <line number="93" hits="69" branch="false"/>
            <line number="94" hits="69" branch="false"/>
            <line number="95" hits="69" branch="false"/>
            <line number="96" hits="69" branch="false"/>
            <line number="97" hits="32" branch="false"/>
            <line number="102" hits="11" branch="false"/>
            <line number="103" hits="69" branch="false"/>
            <line number="104" hits="69" branch="false"/>
            <line number="105" hits="69" branch="false"/>
            <line number="106" hits="69" branch="false"/>
            <line number="109" hits="11" branch="false"/>
            <line number="132" hits="13" branch="false"/>
            <line number="133" hits="13" branch="false"/>
            <line number="135" hits="13" branch="false"/>
            <line number="136" hits="77" branch="false"/>
            <line number="137" hits="77" branch="false"/>
            <line number="138" hits="35" branch="false"/>
            <line number="139" hits="35" branch="false"/>
            <line number="140" hits="35" branch="false"/>
            <line number="141" hits="35" branch="false"/>
            <line number="142" hits="35" branch="false"/>
            <line number="143" hits="35" branch="false"/>
            <line number="144" hits="35" branch="false"/>
            <line number="145" hits="35" branch="false"/>
            <line number="146" hits="35" branch="false"/>
            <line number="147" hits="35" branch="false"/>
            <line number="148" hits="35" branch="false"/>
            <line number="149" hits="35" branch="false"/>
            <line number="150" hits="35" branch="false"/>
            <line number="151" hits="34" branch="false"/>
            <line number="153" hits="42" branch="false"/>
            <line number="154" hits="42" branch="false"/>
            <line number="155" hits="42" branch="false"/>
            <line number="156" hits="42" branch="false"/>
            <line number="157" hits="41" branch="false"/>
            <line number="160" hits="11" branch="false"/>
            <line number="172" hits="1246" branch="false"/>
            <line number="173" hits="1246" branch="false"/>
            <line number="175" hits="1246" branch="false"/>
            <line number="176" hits="1246" branch="false"/>
            <line number="177" hits="1246" branch="false"/>
            <line number="178" hits="1246" branch="false"/>
            <line number="179" hits="1246" branch="false"/>
            <line number="180" hits="1246" branch="false"/>
            <line number="181" hits="1246" branch="false"/>
            <line number="182" hits="1246" branch="false"/>
            <line number="195" hits="45" branch="false"/>
            <line number="196" hits="45" branch="false"/>
            <line number="197" hits="45" branch="false"/>
            <line number="198" hits="45" branch="false"/>
            <line number="199" hits="45" branch="false"/>
            <line number="204" hits="29" branch="false"/>
            <line number="205" hits="29" branch="false"/>
            <line number="221" hits="25" branch="false"/>
            <line number="222" hits="25" branch="false"/>
            <line number="223" hits="5" branch="false"/>
            <line number="225" hits="25" branch="false"/>
            <line number="226" hits="25" branch="false"/>
            <line number="227" hits="25" branch="false"/>
            <line number="228" hits="25" branch="false"/>
            <line number="229" hits="25" branch="false"/>
            <line number="230" hits="25" branch="false"/>
            <line number="231" hits="25" branch="false"/>
            <line number="232" hits="25" branch="false"/>
            <line number="233" hits="25" branch="false"/>
            <line number="234" hits="21" branch="false"/>
            <line number="251" hits="1283" branch="false"/>
            <line number="252" hits="1283" branch="false"/>
            <line number="253" hits="1283" branch="false"/>
            <line number="254" hits="1283" branch="false"/>
            <line number="255" hits="1283" branch="false"/>
            <line number="256" hits="6" branch="false"/>
            <line number="258" hits="1283" branch="false"/>
            <line number="259" hits="1283" branch="false"/>
            <line number="260" hits="1283" branch="false"/>
            <line number="261" hits="1283" branch="false"/>
            <line number="262" hits="1283" branch="false"/>
            <line number="263" hits="1283" branch="false"/>
            <line number="264" hits="1275" branch="false"/>
            <line number="299" hits="31" branch="false"/>
            <line number="300" hits="21" branch="false"/>
            <line number="301" hits="18" branch="false"/>
            <line number="302" hits="18" branch="false"/>
            <line number="304" hits="28" branch="false"/>
            <line number="305" hits="28" branch="false"/>
            <line number="306" hits="28" branch="false"/>
            <line number="307" hits="28" branch="false"/>
            <line number="308" hits="28" branch="false"/>
            <line number="309" hits="26" branch="false"/>
            <line number="310" hits="26" branch="false"/>
            <line number="311" hits="26" branch="false"/>
            <line number="312" hits="26" branch="false"/>
            <line number="313" hits="26" branch="false"/>
            <line number="314" hits="26" branch="false"/>
            <line number="315" hits="26" branch="false"/>
            <line number="316" hits="26" branch="false"/>
            <line number="317" hits="26" branch="false"/>
            <line number="318" hits="26" branch="false"/>
            <line number="319" hits="26" branch="false"/>
            <line number="320" hits="26" branch="false"/>
            <line number="321" hits="26" branch="false"/>
            <line number="322" hits="26" branch="false"/>
            <line number="323" hits="26" branch="false"/>
            <line number="324" hits="26" branch="false"/>
            <line number="325" hits="26" branch="false"/>
            <line number="326" hits="26" branch="false"/>
            <line number="327" hits="26" branch="false"/>
            <line number="328" hits="26" branch="false"/>
            <line number="329" hits="26" branch="false"/>
          </lines>
        </class>
        <class name="zzz.R" filename="R/zzz.R" line-rate="0" branch-rate="0" complexity="0">
          <methods>
            <method name=".onLoad" signature="" line-rate="0" branch-rate="0" complexity="0">
              <lines>
                <line number="4" hits="0" branch="false"/>
                <line number="6" hits="0" branch="false"/>
                <line number="7" hits="0" branch="false"/>
                <line number="10" hits="0" branch="false"/>
                <line number="11" hits="0" branch="false"/>
                <line number="12" hits="0" branch="false"/>
                <line number="13" hits="0" branch="false"/>
                <line number="14" hits="0" branch="false"/>
                <line number="15" hits="0" branch="false"/>
                <line number="16" hits="0" branch="false"/>
              </lines>
            </method>
            <method name=".never_run" signature="" line-rate="0" branch-rate="0" complexity="0">
              <lines>
                <line number="29" hits="0" branch="false"/>
              </lines>
            </method>
          </methods>
          <lines>
            <line number="4" hits="0" branch="false"/>
            <line number="6" hits="0" branch="false"/>
            <line number="7" hits="0" branch="false"/>
            <line number="10" hits="0" branch="false"/>
            <line number="11" hits="0" branch="false"/>
            <line number="12" hits="0" branch="false"/>
            <line number="13" hits="0" branch="false"/>
            <line number="14" hits="0" branch="false"/>
            <line number="15" hits="0" branch="false"/>
            <line number="16" hits="0" branch="false"/>
            <line number="29" hits="0" branch="false"/>
          </lines>
        </class>
      </classes>
    </package>
  </packages>
</coverage>
