<?xml version="1.0" encoding="UTF-8"?>
<!DOCTYPE coverage SYSTEM "https://raw.githubusercontent.com/cobertura/cobertura/master/cobertura/src/site/htdocs/xml/coverage-04.dtd">
<coverage line-rate="0.962224554039874" branch-rate="0" lines-covered="1834" lines-valid="1906" branches-covered="0" branches-valid="0" complexity="0" version="3.6.3" timestamp="2023-11-06 16:16:21.493168">
  <sources>
    <source>/__w/jmpost/jmpost/jmpost</source>
  </sources>
  <packages>
    <package name="jmpost" line-rate="0.962224554039874" branch-rate="0" complexity="0">
      <classes>
        <class name="brier_score.R" filename="R/brier_score.R" line-rate="1" branch-rate="0" complexity="0">
          <methods>
            <method name="reverse_km_event_first" signature="" line-rate="1" branch-rate="0" complexity="0">
              <lines>
                <line number="51" hits="5" branch="false"/>
                <line number="52" hits="5" branch="false"/>
                <line number="53" hits="5" branch="false"/>
                <line number="54" hits="5" branch="false"/>
                <line number="55" hits="5" branch="false"/>
                <line number="56" hits="5" branch="false"/>
                <line number="57" hits="5" branch="false"/>
                <line number="58" hits="5" branch="false"/>
                <line number="59" hits="5" branch="false"/>
                <line number="60" hits="5" branch="false"/>
                <line number="61" hits="5" branch="false"/>
                <line number="62" hits="5" branch="false"/>
                <line number="63" hits="5" branch="false"/>
                <line number="64" hits="5" branch="false"/>
                <line number="66" hits="5" branch="false"/>
                <line number="67" hits="5" branch="false"/>
                <line number="68" hits="5" branch="false"/>
                <line number="69" hits="5" branch="false"/>
                <line number="70" hits="5" branch="false"/>
                <line number="72" hits="5" branch="false"/>
                <line number="73" hits="5" branch="false"/>
                <line number="74" hits="5" branch="false"/>
                <line number="75" hits="5" branch="false"/>
                <line number="77" hits="5" branch="false"/>
                <line number="78" hits="5" branch="false"/>
                <line number="80" hits="5" branch="false"/>
                <line number="81" hits="5" branch="false"/>
                <line number="82" hits="5" branch="false"/>
                <line number="83" hits="5" branch="false"/>
                <line number="84" hits="5" branch="false"/>
                <line number="85" hits="5" branch="false"/>
                <line number="86" hits="5" branch="false"/>
              </lines>
            </method>
            <method name="reverse_km_cen_first" signature="" line-rate="1" branch-rate="0" complexity="0">
              <lines>
                <line number="92" hits="1" branch="false"/>
                <line number="93" hits="1" branch="false"/>
                <line number="94" hits="1" branch="false"/>
                <line number="95" hits="1" branch="false"/>
                <line number="96" hits="1" branch="false"/>
                <line number="97" hits="1" branch="false"/>
                <line number="98" hits="1" branch="false"/>
                <line number="99" hits="1" branch="false"/>
                <line number="100" hits="1" branch="false"/>
                <line number="101" hits="1" branch="false"/>
                <line number="102" hits="1" branch="false"/>
                <line number="103" hits="1" branch="false"/>
                <line number="104" hits="1" branch="false"/>
                <line number="105" hits="1" branch="false"/>
                <line number="106" hits="1" branch="false"/>
                <line number="107" hits="1" branch="false"/>
                <line number="108" hits="1" branch="false"/>
                <line number="110" hits="1" branch="false"/>
                <line number="111" hits="1" branch="false"/>
                <line number="112" hits="1" branch="false"/>
                <line number="113" hits="1" branch="false"/>
                <line number="114" hits="1" branch="false"/>
                <line number="115" hits="1" branch="false"/>
                <line number="116" hits="1" branch="false"/>
              </lines>
            </method>
            <method name="brier_score" signature="" line-rate="1" branch-rate="0" complexity="0">
              <lines>
                <line number="143" hits="2" branch="false"/>
                <line number="144" hits="2" branch="false"/>
                <line number="145" hits="2" branch="false"/>
                <line number="146" hits="2" branch="false"/>
                <line number="147" hits="2" branch="false"/>
                <line number="148" hits="2" branch="false"/>
                <line number="150" hits="2" branch="false"/>
                <line number="151" hits="2" branch="false"/>
                <line number="152" hits="2" branch="false"/>
                <line number="153" hits="2" branch="false"/>
                <line number="154" hits="2" branch="false"/>
                <line number="155" hits="2" branch="false"/>
                <line number="156" hits="2" branch="false"/>
                <line number="161" hits="2" branch="false"/>
                <line number="162" hits="2" branch="false"/>
                <line number="163" hits="2" branch="false"/>
              </lines>
            </method>
            <method name="bs_get_squared_dist" signature="" line-rate="1" branch-rate="0" complexity="0">
              <lines>
                <line number="170" hits="3" branch="false"/>
                <line number="171" hits="3" branch="false"/>
                <line number="172" hits="3" branch="false"/>
                <line number="173" hits="3" branch="false"/>
                <line number="174" hits="3" branch="false"/>
                <line number="175" hits="3" branch="false"/>
                <line number="176" hits="3" branch="false"/>
                <line number="177" hits="3" branch="false"/>
                <line number="178" hits="3" branch="false"/>
                <line number="179" hits="3" branch="false"/>
                <line number="180" hits="3" branch="false"/>
                <line number="181" hits="3" branch="false"/>
                <line number="182" hits="3" branch="false"/>
                <line number="183" hits="3" branch="false"/>
                <line number="184" hits="3" branch="false"/>
                <line number="185" hits="3" branch="false"/>
                <line number="186" hits="3" branch="false"/>
                <line number="187" hits="3" branch="false"/>
                <line number="188" hits="3" branch="false"/>
                <line number="189" hits="3" branch="false"/>
                <line number="190" hits="3" branch="false"/>
                <line number="191" hits="3" branch="false"/>
                <line number="192" hits="3" branch="false"/>
                <line number="193" hits="3" branch="false"/>
                <line number="194" hits="3" branch="false"/>
                <line number="195" hits="3" branch="false"/>
                <line number="198" hits="3" branch="false"/>
                <line number="199" hits="3" branch="false"/>
                <line number="200" hits="3" branch="false"/>
                <line number="201" hits="3" branch="false"/>
                <line number="202" hits="3" branch="false"/>
                <line number="203" hits="3" branch="false"/>
                <line number="204" hits="3" branch="false"/>
                <line number="205" hits="3" branch="false"/>
                <line number="207" hits="3" branch="false"/>
                <line number="208" hits="3" branch="false"/>
                <line number="209" hits="3" branch="false"/>
                <line number="210" hits="3" branch="false"/>
                <line number="212" hits="3" branch="false"/>
              </lines>
            </method>
            <method name="bs_get_weights" signature="" line-rate="1" branch-rate="0" complexity="0">
              <lines>
                <line number="224" hits="3" branch="false"/>
                <line number="225" hits="3" branch="false"/>
                <line number="226" hits="3" branch="false"/>
                <line number="227" hits="3" branch="false"/>
                <line number="228" hits="3" branch="false"/>
                <line number="229" hits="3" branch="false"/>
                <line number="230" hits="3" branch="false"/>
                <line number="231" hits="3" branch="false"/>
                <line number="232" hits="3" branch="false"/>
                <line number="233" hits="3" branch="false"/>
                <line number="234" hits="3" branch="false"/>
                <line number="235" hits="3" branch="false"/>
                <line number="236" hits="3" branch="false"/>
                <line number="237" hits="3" branch="false"/>
                <line number="238" hits="3" branch="false"/>
                <line number="239" hits="3" branch="false"/>
                <line number="240" hits="3" branch="false"/>
                <line number="241" hits="3" branch="false"/>
                <line number="242" hits="3" branch="false"/>
                <line number="243" hits="3" branch="false"/>
                <line number="244" hits="3" branch="false"/>
                <line number="246" hits="3" branch="false"/>
                <line number="247" hits="3" branch="false"/>
                <line number="249" hits="3" branch="false"/>
                <line number="250" hits="3" branch="false"/>
                <line number="251" hits="3" branch="false"/>
                <line number="252" hits="3" branch="false"/>
                <line number="253" hits="3" branch="false"/>
                <line number="254" hits="3" branch="false"/>
                <line number="256" hits="3" branch="false"/>
                <line number="257" hits="3" branch="false"/>
                <line number="258" hits="3" branch="false"/>
                <line number="259" hits="3" branch="false"/>
                <line number="260" hits="3" branch="false"/>
                <line number="262" hits="3" branch="false"/>
                <line number="263" hits="3" branch="false"/>
                <line number="264" hits="3" branch="false"/>
                <line number="265" hits="3" branch="false"/>
                <line number="266" hits="3" branch="false"/>
                <line number="267" hits="3" branch="false"/>
                <line number="268" hits="3" branch="false"/>
                <line number="270" hits="3" branch="false"/>
                <line number="271" hits="3" branch="false"/>
                <line number="272" hits="3" branch="false"/>
                <line number="273" hits="3" branch="false"/>
                <line number="274" hits="3" branch="false"/>
                <line number="275" hits="3" branch="false"/>
                <line number="276" hits="3" branch="false"/>
                <line number="277" hits="3" branch="false"/>
                <line number="279" hits="3" branch="false"/>
                <line number="280" hits="3" branch="false"/>
                <line number="281" hits="3" branch="false"/>
                <line number="283" hits="3" branch="false"/>
                <line number="284" hits="3" branch="false"/>
                <line number="286" hits="3" branch="false"/>
              </lines>
            </method>
          </methods>
          <lines>
            <line number="51" hits="5" branch="false"/>
            <line number="52" hits="5" branch="false"/>
            <line number="53" hits="5" branch="false"/>
            <line number="54" hits="5" branch="false"/>
            <line number="55" hits="5" branch="false"/>
            <line number="56" hits="5" branch="false"/>
            <line number="57" hits="5" branch="false"/>
            <line number="58" hits="5" branch="false"/>
            <line number="59" hits="5" branch="false"/>
            <line number="60" hits="5" branch="false"/>
            <line number="61" hits="5" branch="false"/>
            <line number="62" hits="5" branch="false"/>
            <line number="63" hits="5" branch="false"/>
            <line number="64" hits="5" branch="false"/>
            <line number="66" hits="5" branch="false"/>
            <line number="67" hits="5" branch="false"/>
            <line number="68" hits="5" branch="false"/>
            <line number="69" hits="5" branch="false"/>
            <line number="70" hits="5" branch="false"/>
            <line number="72" hits="5" branch="false"/>
            <line number="73" hits="5" branch="false"/>
            <line number="74" hits="5" branch="false"/>
            <line number="75" hits="5" branch="false"/>
            <line number="77" hits="5" branch="false"/>
            <line number="78" hits="5" branch="false"/>
            <line number="80" hits="5" branch="false"/>
            <line number="81" hits="5" branch="false"/>
            <line number="82" hits="5" branch="false"/>
            <line number="83" hits="5" branch="false"/>
            <line number="84" hits="5" branch="false"/>
            <line number="85" hits="5" branch="false"/>
            <line number="86" hits="5" branch="false"/>
            <line number="92" hits="1" branch="false"/>
            <line number="93" hits="1" branch="false"/>
            <line number="94" hits="1" branch="false"/>
            <line number="95" hits="1" branch="false"/>
            <line number="96" hits="1" branch="false"/>
            <line number="97" hits="1" branch="false"/>
            <line number="98" hits="1" branch="false"/>
            <line number="99" hits="1" branch="false"/>
            <line number="100" hits="1" branch="false"/>
            <line number="101" hits="1" branch="false"/>
            <line number="102" hits="1" branch="false"/>
            <line number="103" hits="1" branch="false"/>
            <line number="104" hits="1" branch="false"/>
            <line number="105" hits="1" branch="false"/>
            <line number="106" hits="1" branch="false"/>
            <line number="107" hits="1" branch="false"/>
            <line number="108" hits="1" branch="false"/>
            <line number="110" hits="1" branch="false"/>
            <line number="111" hits="1" branch="false"/>
            <line number="112" hits="1" branch="false"/>
            <line number="113" hits="1" branch="false"/>
            <line number="114" hits="1" branch="false"/>
            <line number="115" hits="1" branch="false"/>
            <line number="116" hits="1" branch="false"/>
            <line number="143" hits="2" branch="false"/>
            <line number="144" hits="2" branch="false"/>
            <line number="145" hits="2" branch="false"/>
            <line number="146" hits="2" branch="false"/>
            <line number="147" hits="2" branch="false"/>
            <line number="148" hits="2" branch="false"/>
            <line number="150" hits="2" branch="false"/>
            <line number="151" hits="2" branch="false"/>
            <line number="152" hits="2" branch="false"/>
            <line number="153" hits="2" branch="false"/>
            <line number="154" hits="2" branch="false"/>
            <line number="155" hits="2" branch="false"/>
            <line number="156" hits="2" branch="false"/>
            <line number="161" hits="2" branch="false"/>
            <line number="162" hits="2" branch="false"/>
            <line number="163" hits="2" branch="false"/>
            <line number="170" hits="3" branch="false"/>
            <line number="171" hits="3" branch="false"/>
            <line number="172" hits="3" branch="false"/>
            <line number="173" hits="3" branch="false"/>
            <line number="174" hits="3" branch="false"/>
            <line number="175" hits="3" branch="false"/>
            <line number="176" hits="3" branch="false"/>
            <line number="177" hits="3" branch="false"/>
            <line number="178" hits="3" branch="false"/>
            <line number="179" hits="3" branch="false"/>
            <line number="180" hits="3" branch="false"/>
            <line number="181" hits="3" branch="false"/>
            <line number="182" hits="3" branch="false"/>
            <line number="183" hits="3" branch="false"/>
            <line number="184" hits="3" branch="false"/>
            <line number="185" hits="3" branch="false"/>
            <line number="186" hits="3" branch="false"/>
            <line number="187" hits="3" branch="false"/>
            <line number="188" hits="3" branch="false"/>
            <line number="189" hits="3" branch="false"/>
            <line number="190" hits="3" branch="false"/>
            <line number="191" hits="3" branch="false"/>
            <line number="192" hits="3" branch="false"/>
            <line number="193" hits="3" branch="false"/>
            <line number="194" hits="3" branch="false"/>
            <line number="195" hits="3" branch="false"/>
            <line number="198" hits="3" branch="false"/>
            <line number="199" hits="3" branch="false"/>
            <line number="200" hits="3" branch="false"/>
            <line number="201" hits="3" branch="false"/>
            <line number="202" hits="3" branch="false"/>
            <line number="203" hits="3" branch="false"/>
            <line number="204" hits="3" branch="false"/>
            <line number="205" hits="3" branch="false"/>
            <line number="207" hits="3" branch="false"/>
            <line number="208" hits="3" branch="false"/>
            <line number="209" hits="3" branch="false"/>
            <line number="210" hits="3" branch="false"/>
            <line number="212" hits="3" branch="false"/>
            <line number="224" hits="3" branch="false"/>
            <line number="225" hits="3" branch="false"/>
            <line number="226" hits="3" branch="false"/>
            <line number="227" hits="3" branch="false"/>
            <line number="228" hits="3" branch="false"/>
            <line number="229" hits="3" branch="false"/>
            <line number="230" hits="3" branch="false"/>
            <line number="231" hits="3" branch="false"/>
            <line number="232" hits="3" branch="false"/>
            <line number="233" hits="3" branch="false"/>
            <line number="234" hits="3" branch="false"/>
            <line number="235" hits="3" branch="false"/>
            <line number="236" hits="3" branch="false"/>
            <line number="237" hits="3" branch="false"/>
            <line number="238" hits="3" branch="false"/>
            <line number="239" hits="3" branch="false"/>
            <line number="240" hits="3" branch="false"/>
            <line number="241" hits="3" branch="false"/>
            <line number="242" hits="3" branch="false"/>
            <line number="243" hits="3" branch="false"/>
            <line number="244" hits="3" branch="false"/>
            <line number="246" hits="3" branch="false"/>
            <line number="247" hits="3" branch="false"/>
            <line number="249" hits="3" branch="false"/>
            <line number="250" hits="3" branch="false"/>
            <line number="251" hits="3" branch="false"/>
            <line number="252" hits="3" branch="false"/>
            <line number="253" hits="3" branch="false"/>
            <line number="254" hits="3" branch="false"/>
            <line number="256" hits="3" branch="false"/>
            <line number="257" hits="3" branch="false"/>
            <line number="258" hits="3" branch="false"/>
            <line number="259" hits="3" branch="false"/>
            <line number="260" hits="3" branch="false"/>
            <line number="262" hits="3" branch="false"/>
            <line number="263" hits="3" branch="false"/>
            <line number="264" hits="3" branch="false"/>
            <line number="265" hits="3" branch="false"/>
            <line number="266" hits="3" branch="false"/>
            <line number="267" hits="3" branch="false"/>
            <line number="268" hits="3" branch="false"/>
            <line number="270" hits="3" branch="false"/>
            <line number="271" hits="3" branch="false"/>
            <line number="272" hits="3" branch="false"/>
            <line number="273" hits="3" branch="false"/>
            <line number="274" hits="3" branch="false"/>
            <line number="275" hits="3" branch="false"/>
            <line number="276" hits="3" branch="false"/>
            <line number="277" hits="3" branch="false"/>
            <line number="279" hits="3" branch="false"/>
            <line number="280" hits="3" branch="false"/>
            <line number="281" hits="3" branch="false"/>
            <line number="283" hits="3" branch="false"/>
            <line number="284" hits="3" branch="false"/>
            <line number="286" hits="3" branch="false"/>
          </lines>
        </class>
        <class name="DataJoint.R" filename="R/DataJoint.R" line-rate="0.973684210526316" branch-rate="0" complexity="0">
          <methods>
            <method name="DataJoint" signature="" line-rate="0.948717948717949" branch-rate="0" complexity="0">
              <lines>
                <line number="53" hits="22" branch="false"/>
                <line number="54" hits="21" branch="false"/>
                <line number="55" hits="21" branch="false"/>
                <line number="56" hits="21" branch="false"/>
                <line number="58" hits="21" branch="false"/>
                <line number="59" hits="21" branch="false"/>
                <line number="60" hits="21" branch="false"/>
                <line number="61" hits="21" branch="false"/>
                <line number="62" hits="21" branch="false"/>
                <line number="64" hits="18" branch="false"/>
                <line number="65" hits="18" branch="false"/>
                <line number="66" hits="18" branch="false"/>
                <line number="67" hits="18" branch="false"/>
                <line number="68" hits="18" branch="false"/>
                <line number="70" hits="15" branch="false"/>
                <line number="71" hits="15" branch="false"/>
                <line number="72" hits="15" branch="false"/>
                <line number="73" hits="15" branch="false"/>
                <line number="74" hits="15" branch="false"/>
                <line number="263" hits="1" branch="false"/>
                <line number="264" hits="0" branch="false"/>
                <line number="265" hits="1" branch="false"/>
                <line number="266" hits="1" branch="false"/>
                <line number="267" hits="1" branch="false"/>
                <line number="269" hits="1" branch="false"/>
                <line number="270" hits="0" branch="false"/>
                <line number="271" hits="1" branch="false"/>
                <line number="272" hits="1" branch="false"/>
                <line number="273" hits="1" branch="false"/>
                <line number="275" hits="1" branch="false"/>
                <line number="276" hits="1" branch="false"/>
                <line number="277" hits="1" branch="false"/>
                <line number="278" hits="1" branch="false"/>
                <line number="279" hits="1" branch="false"/>
                <line number="280" hits="1" branch="false"/>
                <line number="281" hits="1" branch="false"/>
                <line number="282" hits="1" branch="false"/>
                <line number="283" hits="1" branch="false"/>
                <line number="284" hits="1" branch="false"/>
              </lines>
            </method>
            <method name="as_stan_list.DataJoint" signature="" line-rate="1" branch-rate="0" complexity="0">
              <lines>
                <line number="142" hits="52" branch="false"/>
                <line number="143" hits="52" branch="false"/>
                <line number="144" hits="52" branch="false"/>
                <line number="145" hits="52" branch="false"/>
                <line number="146" hits="52" branch="false"/>
                <line number="147" hits="52" branch="false"/>
                <line number="148" hits="52" branch="false"/>
                <line number="149" hits="52" branch="false"/>
              </lines>
            </method>
            <method name="as.list.DataJoint" signature="" line-rate="1" branch-rate="0" complexity="0">
              <lines>
                <line number="155" hits="24" branch="false"/>
              </lines>
            </method>
            <method name="subset.DataJoint" signature="" line-rate="1" branch-rate="0" complexity="0">
              <lines>
                <line number="187" hits="2" branch="false"/>
                <line number="188" hits="2" branch="false"/>
                <line number="189" hits="2" branch="false"/>
                <line number="190" hits="2" branch="false"/>
                <line number="191" hits="2" branch="false"/>
                <line number="192" hits="2" branch="false"/>
                <line number="193" hits="2" branch="false"/>
              </lines>
            </method>
            <method name="subset_and_add_grouping" signature="" line-rate="1" branch-rate="0" complexity="0">
              <lines>
                <line number="221" hits="8" branch="false"/>
                <line number="222" hits="5" branch="false"/>
                <line number="223" hits="5" branch="false"/>
                <line number="224" hits="5" branch="false"/>
                <line number="225" hits="5" branch="false"/>
                <line number="226" hits="5" branch="false"/>
                <line number="227" hits="5" branch="false"/>
                <line number="228" hits="5" branch="false"/>
                <line number="229" hits="5" branch="false"/>
                <line number="230" hits="5" branch="false"/>
                <line number="231" hits="5" branch="false"/>
                <line number="232" hits="5" branch="false"/>
              </lines>
            </method>
            <method name="extract_observed_values" signature="" line-rate="1" branch-rate="0" complexity="0">
              <lines>
                <line number="246" hits="2" branch="false"/>
                <line number="247" hits="2" branch="false"/>
                <line number="248" hits="2" branch="false"/>
                <line number="249" hits="2" branch="false"/>
                <line number="250" hits="2" branch="false"/>
                <line number="251" hits="2" branch="false"/>
                <line number="252" hits="2" branch="false"/>
                <line number="253" hits="2" branch="false"/>
                <line number="254" hits="2" branch="false"/>
              </lines>
            </method>
          </methods>
          <lines>
            <line number="53" hits="22" branch="false"/>
            <line number="54" hits="21" branch="false"/>
            <line number="55" hits="21" branch="false"/>
            <line number="56" hits="21" branch="false"/>
            <line number="58" hits="21" branch="false"/>
            <line number="59" hits="21" branch="false"/>
            <line number="60" hits="21" branch="false"/>
            <line number="61" hits="21" branch="false"/>
            <line number="62" hits="21" branch="false"/>
            <line number="64" hits="18" branch="false"/>
            <line number="65" hits="18" branch="false"/>
            <line number="66" hits="18" branch="false"/>
            <line number="67" hits="18" branch="false"/>
            <line number="68" hits="18" branch="false"/>
            <line number="70" hits="15" branch="false"/>
            <line number="71" hits="15" branch="false"/>
            <line number="72" hits="15" branch="false"/>
            <line number="73" hits="15" branch="false"/>
            <line number="74" hits="15" branch="false"/>
            <line number="142" hits="52" branch="false"/>
            <line number="143" hits="52" branch="false"/>
            <line number="144" hits="52" branch="false"/>
            <line number="145" hits="52" branch="false"/>
            <line number="146" hits="52" branch="false"/>
            <line number="147" hits="52" branch="false"/>
            <line number="148" hits="52" branch="false"/>
            <line number="149" hits="52" branch="false"/>
            <line number="155" hits="24" branch="false"/>
            <line number="187" hits="2" branch="false"/>
            <line number="188" hits="2" branch="false"/>
            <line number="189" hits="2" branch="false"/>
            <line number="190" hits="2" branch="false"/>
            <line number="191" hits="2" branch="false"/>
            <line number="192" hits="2" branch="false"/>
            <line number="193" hits="2" branch="false"/>
            <line number="221" hits="8" branch="false"/>
            <line number="222" hits="5" branch="false"/>
            <line number="223" hits="5" branch="false"/>
            <line number="224" hits="5" branch="false"/>
            <line number="225" hits="5" branch="false"/>
            <line number="226" hits="5" branch="false"/>
            <line number="227" hits="5" branch="false"/>
            <line number="228" hits="5" branch="false"/>
            <line number="229" hits="5" branch="false"/>
            <line number="230" hits="5" branch="false"/>
            <line number="231" hits="5" branch="false"/>
            <line number="232" hits="5" branch="false"/>
            <line number="246" hits="2" branch="false"/>
            <line number="247" hits="2" branch="false"/>
            <line number="248" hits="2" branch="false"/>
            <line number="249" hits="2" branch="false"/>
            <line number="250" hits="2" branch="false"/>
            <line number="251" hits="2" branch="false"/>
            <line number="252" hits="2" branch="false"/>
            <line number="253" hits="2" branch="false"/>
            <line number="254" hits="2" branch="false"/>
            <line number="263" hits="1" branch="false"/>
            <line number="264" hits="0" branch="false"/>
            <line number="265" hits="1" branch="false"/>
            <line number="266" hits="1" branch="false"/>
            <line number="267" hits="1" branch="false"/>
            <line number="269" hits="1" branch="false"/>
            <line number="270" hits="0" branch="false"/>
            <line number="271" hits="1" branch="false"/>
            <line number="272" hits="1" branch="false"/>
            <line number="273" hits="1" branch="false"/>
            <line number="275" hits="1" branch="false"/>
            <line number="276" hits="1" branch="false"/>
            <line number="277" hits="1" branch="false"/>
            <line number="278" hits="1" branch="false"/>
            <line number="279" hits="1" branch="false"/>
            <line number="280" hits="1" branch="false"/>
            <line number="281" hits="1" branch="false"/>
            <line number="282" hits="1" branch="false"/>
            <line number="283" hits="1" branch="false"/>
            <line number="284" hits="1" branch="false"/>
          </lines>
        </class>
        <class name="DataLongitudinal.R" filename="R/DataLongitudinal.R" line-rate="0.991596638655462" branch-rate="0" complexity="0">
          <methods>
            <method name="DataLongitudinal" signature="" line-rate="1" branch-rate="0" complexity="0">
              <lines>
                <line number="49" hits="29" branch="false"/>
                <line number="50" hits="29" branch="false"/>
                <line number="51" hits="29" branch="false"/>
                <line number="52" hits="29" branch="false"/>
                <line number="53" hits="29" branch="false"/>
                <line number="283" hits="1" branch="false"/>
                <line number="284" hits="1" branch="false"/>
              </lines>
            </method>
            <method name="harmonise.DataLongitudinal" signature="" line-rate="1" branch-rate="0" complexity="0">
              <lines>
                <line number="85" hits="15" branch="false"/>
                <line number="86" hits="15" branch="false"/>
                <line number="87" hits="15" branch="false"/>
                <line number="88" hits="15" branch="false"/>
                <line number="89" hits="15" branch="false"/>
                <line number="90" hits="15" branch="false"/>
                <line number="91" hits="15" branch="false"/>
                <line number="92" hits="15" branch="false"/>
                <line number="93" hits="14" branch="false"/>
                <line number="94" hits="14" branch="false"/>
                <line number="95" hits="14" branch="false"/>
                <line number="96" hits="14" branch="false"/>
                <line number="97" hits="13" branch="false"/>
                <line number="98" hits="13" branch="false"/>
                <line number="99" hits="13" branch="false"/>
                <line number="100" hits="13" branch="false"/>
                <line number="101" hits="12" branch="false"/>
                <line number="102" hits="12" branch="false"/>
                <line number="103" hits="12" branch="false"/>
                <line number="104" hits="12" branch="false"/>
                <line number="105" hits="12" branch="false"/>
                <line number="106" hits="12" branch="false"/>
                <line number="107" hits="12" branch="false"/>
                <line number="108" hits="12" branch="false"/>
                <line number="109" hits="12" branch="false"/>
                <line number="110" hits="12" branch="false"/>
                <line number="111" hits="12" branch="false"/>
                <line number="112" hits="12" branch="false"/>
                <line number="113" hits="12" branch="false"/>
                <line number="114" hits="12" branch="false"/>
                <line number="115" hits="12" branch="false"/>
              </lines>
            </method>
            <method name="as.data.frame.DataLongitudinal" signature="" line-rate="1" branch-rate="0" complexity="0">
              <lines>
                <line number="130" hits="78" branch="false"/>
                <line number="131" hits="78" branch="false"/>
                <line number="132" hits="78" branch="false"/>
              </lines>
            </method>
            <method name="extractVariableNames.DataLongitudinal" signature="" line-rate="1" branch-rate="0" complexity="0">
              <lines>
                <line number="152" hits="94" branch="false"/>
                <line number="153" hits="94" branch="false"/>
                <line number="154" hits="94" branch="false"/>
                <line number="155" hits="94" branch="false"/>
                <line number="156" hits="94" branch="false"/>
                <line number="157" hits="94" branch="false"/>
              </lines>
            </method>
            <method name="as_stan_list.DataLongitudinal" signature="" line-rate="1" branch-rate="0" complexity="0">
              <lines>
                <line number="166" hits="48" branch="false"/>
                <line number="167" hits="48" branch="false"/>
                <line number="169" hits="48" branch="false"/>
                <line number="171" hits="48" branch="false"/>
                <line number="172" hits="48" branch="false"/>
                <line number="173" hits="48" branch="false"/>
                <line number="174" hits="48" branch="false"/>
                <line number="175" hits="48" branch="false"/>
                <line number="177" hits="48" branch="false"/>
                <line number="178" hits="3" branch="false"/>
                <line number="179" hits="48" branch="false"/>
                <line number="180" hits="45" branch="false"/>
                <line number="181" hits="48" branch="false"/>
                <line number="183" hits="48" branch="false"/>
                <line number="184" hits="48" branch="false"/>
                <line number="186" hits="48" branch="false"/>
                <line number="187" hits="48" branch="false"/>
                <line number="188" hits="48" branch="false"/>
                <line number="190" hits="48" branch="false"/>
                <line number="191" hits="48" branch="false"/>
                <line number="194" hits="48" branch="false"/>
                <line number="195" hits="48" branch="false"/>
                <line number="198" hits="48" branch="false"/>
                <line number="199" hits="48" branch="false"/>
                <line number="200" hits="48" branch="false"/>
                <line number="202" hits="48" branch="false"/>
                <line number="203" hits="48" branch="false"/>
                <line number="204" hits="48" branch="false"/>
                <line number="208" hits="48" branch="false"/>
                <line number="209" hits="48" branch="false"/>
                <line number="210" hits="48" branch="false"/>
                <line number="211" hits="48" branch="false"/>
                <line number="212" hits="48" branch="false"/>
                <line number="213" hits="48" branch="false"/>
                <line number="214" hits="48" branch="false"/>
                <line number="215" hits="48" branch="false"/>
                <line number="218" hits="48" branch="false"/>
                <line number="219" hits="48" branch="false"/>
                <line number="220" hits="48" branch="false"/>
                <line number="221" hits="48" branch="false"/>
                <line number="222" hits="48" branch="false"/>
                <line number="223" hits="48" branch="false"/>
                <line number="224" hits="48" branch="false"/>
                <line number="225" hits="48" branch="false"/>
                <line number="228" hits="48" branch="false"/>
                <line number="229" hits="48" branch="false"/>
                <line number="230" hits="48" branch="false"/>
                <line number="231" hits="48" branch="false"/>
                <line number="232" hits="48" branch="false"/>
                <line number="233" hits="48" branch="false"/>
                <line number="234" hits="48" branch="false"/>
                <line number="235" hits="48" branch="false"/>
                <line number="237" hits="48" branch="false"/>
                <line number="239" hits="48" branch="false"/>
              </lines>
            </method>
            <method name="as.list.DataLongitudinal" signature="" line-rate="0" branch-rate="0" complexity="0">
              <lines>
                <line number="245" hits="0" branch="false"/>
              </lines>
            </method>
            <method name="as_print_string.DataLongitudinal" signature="" line-rate="1" branch-rate="0" complexity="0">
              <lines>
                <line number="258" hits="2" branch="false"/>
                <line number="259" hits="2" branch="false"/>
                <line number="260" hits="2" branch="false"/>
                <line number="261" hits="2" branch="false"/>
                <line number="262" hits="2" branch="false"/>
                <line number="263" hits="2" branch="false"/>
                <line number="264" hits="2" branch="false"/>
                <line number="265" hits="2" branch="false"/>
                <line number="266" hits="2" branch="false"/>
                <line number="267" hits="2" branch="false"/>
                <line number="268" hits="2" branch="false"/>
                <line number="269" hits="2" branch="false"/>
                <line number="270" hits="2" branch="false"/>
                <line number="271" hits="2" branch="false"/>
                <line number="272" hits="2" branch="false"/>
                <line number="273" hits="2" branch="false"/>
                <line number="274" hits="2" branch="false"/>
              </lines>
            </method>
          </methods>
          <lines>
            <line number="49" hits="29" branch="false"/>
            <line number="50" hits="29" branch="false"/>
            <line number="51" hits="29" branch="false"/>
            <line number="52" hits="29" branch="false"/>
            <line number="53" hits="29" branch="false"/>
            <line number="85" hits="15" branch="false"/>
            <line number="86" hits="15" branch="false"/>
            <line number="87" hits="15" branch="false"/>
            <line number="88" hits="15" branch="false"/>
            <line number="89" hits="15" branch="false"/>
            <line number="90" hits="15" branch="false"/>
            <line number="91" hits="15" branch="false"/>
            <line number="92" hits="15" branch="false"/>
            <line number="93" hits="14" branch="false"/>
            <line number="94" hits="14" branch="false"/>
            <line number="95" hits="14" branch="false"/>
            <line number="96" hits="14" branch="false"/>
            <line number="97" hits="13" branch="false"/>
            <line number="98" hits="13" branch="false"/>
            <line number="99" hits="13" branch="false"/>
            <line number="100" hits="13" branch="false"/>
            <line number="101" hits="12" branch="false"/>
            <line number="102" hits="12" branch="false"/>
            <line number="103" hits="12" branch="false"/>
            <line number="104" hits="12" branch="false"/>
            <line number="105" hits="12" branch="false"/>
            <line number="106" hits="12" branch="false"/>
            <line number="107" hits="12" branch="false"/>
            <line number="108" hits="12" branch="false"/>
            <line number="109" hits="12" branch="false"/>
            <line number="110" hits="12" branch="false"/>
            <line number="111" hits="12" branch="false"/>
            <line number="112" hits="12" branch="false"/>
            <line number="113" hits="12" branch="false"/>
            <line number="114" hits="12" branch="false"/>
            <line number="115" hits="12" branch="false"/>
            <line number="130" hits="78" branch="false"/>
            <line number="131" hits="78" branch="false"/>
            <line number="132" hits="78" branch="false"/>
            <line number="152" hits="94" branch="false"/>
            <line number="153" hits="94" branch="false"/>
            <line number="154" hits="94" branch="false"/>
            <line number="155" hits="94" branch="false"/>
            <line number="156" hits="94" branch="false"/>
            <line number="157" hits="94" branch="false"/>
            <line number="166" hits="48" branch="false"/>
            <line number="167" hits="48" branch="false"/>
            <line number="169" hits="48" branch="false"/>
            <line number="171" hits="48" branch="false"/>
            <line number="172" hits="48" branch="false"/>
            <line number="173" hits="48" branch="false"/>
            <line number="174" hits="48" branch="false"/>
            <line number="175" hits="48" branch="false"/>
            <line number="177" hits="48" branch="false"/>
            <line number="178" hits="3" branch="false"/>
            <line number="179" hits="48" branch="false"/>
            <line number="180" hits="45" branch="false"/>
            <line number="181" hits="48" branch="false"/>
            <line number="183" hits="48" branch="false"/>
            <line number="184" hits="48" branch="false"/>
            <line number="186" hits="48" branch="false"/>
            <line number="187" hits="48" branch="false"/>
            <line number="188" hits="48" branch="false"/>
            <line number="190" hits="48" branch="false"/>
            <line number="191" hits="48" branch="false"/>
            <line number="194" hits="48" branch="false"/>
            <line number="195" hits="48" branch="false"/>
            <line number="198" hits="48" branch="false"/>
            <line number="199" hits="48" branch="false"/>
            <line number="200" hits="48" branch="false"/>
            <line number="202" hits="48" branch="false"/>
            <line number="203" hits="48" branch="false"/>
            <line number="204" hits="48" branch="false"/>
            <line number="208" hits="48" branch="false"/>
            <line number="209" hits="48" branch="false"/>
            <line number="210" hits="48" branch="false"/>
            <line number="211" hits="48" branch="false"/>
            <line number="212" hits="48" branch="false"/>
            <line number="213" hits="48" branch="false"/>
            <line number="214" hits="48" branch="false"/>
            <line number="215" hits="48" branch="false"/>
            <line number="218" hits="48" branch="false"/>
            <line number="219" hits="48" branch="false"/>
            <line number="220" hits="48" branch="false"/>
            <line number="221" hits="48" branch="false"/>
            <line number="222" hits="48" branch="false"/>
            <line number="223" hits="48" branch="false"/>
            <line number="224" hits="48" branch="false"/>
            <line number="225" hits="48" branch="false"/>
            <line number="228" hits="48" branch="false"/>
            <line number="229" hits="48" branch="false"/>
            <line number="230" hits="48" branch="false"/>
            <line number="231" hits="48" branch="false"/>
            <line number="232" hits="48" branch="false"/>
            <line number="233" hits="48" branch="false"/>
            <line number="234" hits="48" branch="false"/>
            <line number="235" hits="48" branch="false"/>
            <line number="237" hits="48" branch="false"/>
            <line number="239" hits="48" branch="false"/>
            <line number="245" hits="0" branch="false"/>
            <line number="258" hits="2" branch="false"/>
            <line number="259" hits="2" branch="false"/>
            <line number="260" hits="2" branch="false"/>
            <line number="261" hits="2" branch="false"/>
            <line number="262" hits="2" branch="false"/>
            <line number="263" hits="2" branch="false"/>
            <line number="264" hits="2" branch="false"/>
            <line number="265" hits="2" branch="false"/>
            <line number="266" hits="2" branch="false"/>
            <line number="267" hits="2" branch="false"/>
            <line number="268" hits="2" branch="false"/>
            <line number="269" hits="2" branch="false"/>
            <line number="270" hits="2" branch="false"/>
            <line number="271" hits="2" branch="false"/>
            <line number="272" hits="2" branch="false"/>
            <line number="273" hits="2" branch="false"/>
            <line number="274" hits="2" branch="false"/>
            <line number="283" hits="1" branch="false"/>
            <line number="284" hits="1" branch="false"/>
          </lines>
        </class>
        <class name="DataSubject.R" filename="R/DataSubject.R" line-rate="0.985507246376812" branch-rate="0" complexity="0">
          <methods>
            <method name="DataSubject" signature="" line-rate="1" branch-rate="0" complexity="0">
              <lines>
                <line number="47" hits="98" branch="false"/>
                <line number="48" hits="98" branch="false"/>
                <line number="49" hits="98" branch="false"/>
                <line number="50" hits="98" branch="false"/>
                <line number="51" hits="98" branch="false"/>
                <line number="52" hits="98" branch="false"/>
                <line number="53" hits="98" branch="false"/>
                <line number="54" hits="98" branch="false"/>
                <line number="203" hits="1" branch="false"/>
                <line number="204" hits="1" branch="false"/>
              </lines>
            </method>
            <method name="extractVariableNames.DataSubject" signature="" line-rate="1" branch-rate="0" complexity="0">
              <lines>
                <line number="94" hits="220" branch="false"/>
                <line number="95" hits="220" branch="false"/>
                <line number="96" hits="220" branch="false"/>
                <line number="97" hits="220" branch="false"/>
                <line number="98" hits="220" branch="false"/>
              </lines>
            </method>
            <method name="as_stan_list.DataSubject" signature="" line-rate="1" branch-rate="0" complexity="0">
              <lines>
                <line number="106" hits="53" branch="false"/>
                <line number="107" hits="53" branch="false"/>
                <line number="108" hits="53" branch="false"/>
                <line number="109" hits="53" branch="false"/>
                <line number="110" hits="53" branch="false"/>
                <line number="111" hits="53" branch="false"/>
                <line number="112" hits="53" branch="false"/>
                <line number="113" hits="53" branch="false"/>
                <line number="114" hits="53" branch="false"/>
                <line number="115" hits="53" branch="false"/>
                <line number="116" hits="53" branch="false"/>
                <line number="117" hits="53" branch="false"/>
                <line number="118" hits="53" branch="false"/>
              </lines>
            </method>
            <method name="as.list.DataSubject" signature="" line-rate="0" branch-rate="0" complexity="0">
              <lines>
                <line number="124" hits="0" branch="false"/>
              </lines>
            </method>
            <method name="as.data.frame.DataSubject" signature="" line-rate="1" branch-rate="0" complexity="0">
              <lines>
                <line number="138" hits="183" branch="false"/>
                <line number="139" hits="183" branch="false"/>
                <line number="140" hits="183" branch="false"/>
              </lines>
            </method>
            <method name="harmonise.DataSubject" signature="" line-rate="1" branch-rate="0" complexity="0">
              <lines>
                <line number="147" hits="75" branch="false"/>
                <line number="148" hits="75" branch="false"/>
                <line number="149" hits="75" branch="false"/>
                <line number="150" hits="75" branch="false"/>
                <line number="151" hits="75" branch="false"/>
                <line number="152" hits="75" branch="false"/>
                <line number="153" hits="75" branch="false"/>
                <line number="154" hits="75" branch="false"/>
                <line number="155" hits="75" branch="false"/>
                <line number="156" hits="75" branch="false"/>
                <line number="157" hits="75" branch="false"/>
                <line number="158" hits="75" branch="false"/>
                <line number="159" hits="74" branch="false"/>
                <line number="160" hits="74" branch="false"/>
                <line number="161" hits="74" branch="false"/>
                <line number="162" hits="74" branch="false"/>
                <line number="163" hits="74" branch="false"/>
                <line number="164" hits="74" branch="false"/>
                <line number="165" hits="74" branch="false"/>
                <line number="166" hits="74" branch="false"/>
                <line number="167" hits="74" branch="false"/>
                <line number="168" hits="74" branch="false"/>
              </lines>
            </method>
            <method name="as_print_string.DataSubject" signature="" line-rate="1" branch-rate="0" complexity="0">
              <lines>
                <line number="180" hits="2" branch="false"/>
                <line number="181" hits="2" branch="false"/>
                <line number="182" hits="2" branch="false"/>
                <line number="183" hits="2" branch="false"/>
                <line number="184" hits="2" branch="false"/>
                <line number="185" hits="2" branch="false"/>
                <line number="186" hits="2" branch="false"/>
                <line number="187" hits="2" branch="false"/>
                <line number="188" hits="2" branch="false"/>
                <line number="189" hits="2" branch="false"/>
                <line number="190" hits="2" branch="false"/>
                <line number="191" hits="2" branch="false"/>
                <line number="192" hits="2" branch="false"/>
                <line number="193" hits="2" branch="false"/>
                <line number="194" hits="2" branch="false"/>
              </lines>
            </method>
          </methods>
          <lines>
            <line number="47" hits="98" branch="false"/>
            <line number="48" hits="98" branch="false"/>
            <line number="49" hits="98" branch="false"/>
            <line number="50" hits="98" branch="false"/>
            <line number="51" hits="98" branch="false"/>
            <line number="52" hits="98" branch="false"/>
            <line number="53" hits="98" branch="false"/>
            <line number="54" hits="98" branch="false"/>
            <line number="94" hits="220" branch="false"/>
            <line number="95" hits="220" branch="false"/>
            <line number="96" hits="220" branch="false"/>
            <line number="97" hits="220" branch="false"/>
            <line number="98" hits="220" branch="false"/>
            <line number="106" hits="53" branch="false"/>
            <line number="107" hits="53" branch="false"/>
            <line number="108" hits="53" branch="false"/>
            <line number="109" hits="53" branch="false"/>
            <line number="110" hits="53" branch="false"/>
            <line number="111" hits="53" branch="false"/>
            <line number="112" hits="53" branch="false"/>
            <line number="113" hits="53" branch="false"/>
            <line number="114" hits="53" branch="false"/>
            <line number="115" hits="53" branch="false"/>
            <line number="116" hits="53" branch="false"/>
            <line number="117" hits="53" branch="false"/>
            <line number="118" hits="53" branch="false"/>
            <line number="124" hits="0" branch="false"/>
            <line number="138" hits="183" branch="false"/>
            <line number="139" hits="183" branch="false"/>
            <line number="140" hits="183" branch="false"/>
            <line number="147" hits="75" branch="false"/>
            <line number="148" hits="75" branch="false"/>
            <line number="149" hits="75" branch="false"/>
            <line number="150" hits="75" branch="false"/>
            <line number="151" hits="75" branch="false"/>
            <line number="152" hits="75" branch="false"/>
            <line number="153" hits="75" branch="false"/>
            <line number="154" hits="75" branch="false"/>
            <line number="155" hits="75" branch="false"/>
            <line number="156" hits="75" branch="false"/>
            <line number="157" hits="75" branch="false"/>
            <line number="158" hits="75" branch="false"/>
            <line number="159" hits="74" branch="false"/>
            <line number="160" hits="74" branch="false"/>
            <line number="161" hits="74" branch="false"/>
            <line number="162" hits="74" branch="false"/>
            <line number="163" hits="74" branch="false"/>
            <line number="164" hits="74" branch="false"/>
            <line number="165" hits="74" branch="false"/>
            <line number="166" hits="74" branch="false"/>
            <line number="167" hits="74" branch="false"/>
            <line number="168" hits="74" branch="false"/>
            <line number="180" hits="2" branch="false"/>
            <line number="181" hits="2" branch="false"/>
            <line number="182" hits="2" branch="false"/>
            <line number="183" hits="2" branch="false"/>
            <line number="184" hits="2" branch="false"/>
            <line number="185" hits="2" branch="false"/>
            <line number="186" hits="2" branch="false"/>
            <line number="187" hits="2" branch="false"/>
            <line number="188" hits="2" branch="false"/>
            <line number="189" hits="2" branch="false"/>
            <line number="190" hits="2" branch="false"/>
            <line number="191" hits="2" branch="false"/>
            <line number="192" hits="2" branch="false"/>
            <line number="193" hits="2" branch="false"/>
            <line number="194" hits="2" branch="false"/>
            <line number="203" hits="1" branch="false"/>
            <line number="204" hits="1" branch="false"/>
          </lines>
        </class>
        <class name="DataSurvival.R" filename="R/DataSurvival.R" line-rate="0.986486486486487" branch-rate="0" complexity="0">
          <methods>
            <method name="DataSurvival" signature="" line-rate="1" branch-rate="0" complexity="0">
              <lines>
                <line number="44" hits="32" branch="false"/>
                <line number="45" hits="32" branch="false"/>
                <line number="46" hits="32" branch="false"/>
                <line number="47" hits="32" branch="false"/>
                <line number="218" hits="1" branch="false"/>
                <line number="219" hits="1" branch="false"/>
              </lines>
            </method>
            <method name="extractVariableNames.DataSurvival" signature="" line-rate="1" branch-rate="0" complexity="0">
              <lines>
                <line number="90" hits="88" branch="false"/>
                <line number="91" hits="88" branch="false"/>
                <line number="92" hits="88" branch="false"/>
                <line number="93" hits="88" branch="false"/>
                <line number="94" hits="88" branch="false"/>
              </lines>
            </method>
            <method name="as.data.frame.DataSurvival" signature="" line-rate="1" branch-rate="0" complexity="0">
              <lines>
                <line number="108" hits="85" branch="false"/>
                <line number="109" hits="85" branch="false"/>
                <line number="110" hits="85" branch="false"/>
              </lines>
            </method>
            <method name="as_stan_list.DataSurvival" signature="" line-rate="1" branch-rate="0" complexity="0">
              <lines>
                <line number="119" hits="52" branch="false"/>
                <line number="120" hits="52" branch="false"/>
                <line number="122" hits="52" branch="false"/>
                <line number="123" hits="52" branch="false"/>
                <line number="124" hits="52" branch="false"/>
                <line number="125" hits="52" branch="false"/>
                <line number="128" hits="52" branch="false"/>
                <line number="130" hits="52" branch="false"/>
                <line number="131" hits="52" branch="false"/>
                <line number="132" hits="52" branch="false"/>
                <line number="133" hits="52" branch="false"/>
                <line number="134" hits="52" branch="false"/>
                <line number="135" hits="52" branch="false"/>
                <line number="136" hits="52" branch="false"/>
                <line number="137" hits="52" branch="false"/>
                <line number="138" hits="52" branch="false"/>
                <line number="139" hits="52" branch="false"/>
                <line number="140" hits="52" branch="false"/>
              </lines>
            </method>
            <method name="as.list.DataSurvival" signature="" line-rate="0" branch-rate="0" complexity="0">
              <lines>
                <line number="146" hits="0" branch="false"/>
              </lines>
            </method>
            <method name="harmonise.DataSurvival" signature="" line-rate="1" branch-rate="0" complexity="0">
              <lines>
                <line number="152" hits="16" branch="false"/>
                <line number="154" hits="16" branch="false"/>
                <line number="155" hits="16" branch="false"/>
                <line number="156" hits="16" branch="false"/>
                <line number="157" hits="16" branch="false"/>
                <line number="158" hits="16" branch="false"/>
                <line number="159" hits="16" branch="false"/>
                <line number="160" hits="15" branch="false"/>
                <line number="161" hits="15" branch="false"/>
                <line number="162" hits="15" branch="false"/>
                <line number="163" hits="15" branch="false"/>
                <line number="164" hits="14" branch="false"/>
                <line number="165" hits="14" branch="false"/>
                <line number="166" hits="14" branch="false"/>
                <line number="167" hits="14" branch="false"/>
                <line number="169" hits="13" branch="false"/>
                <line number="170" hits="13" branch="false"/>
                <line number="171" hits="13" branch="false"/>
                <line number="172" hits="13" branch="false"/>
                <line number="174" hits="13" branch="false"/>
                <line number="176" hits="13" branch="false"/>
                <line number="177" hits="13" branch="false"/>
                <line number="178" hits="13" branch="false"/>
                <line number="179" hits="13" branch="false"/>
              </lines>
            </method>
            <method name="as_print_string.DataSurvival" signature="" line-rate="1" branch-rate="0" complexity="0">
              <lines>
                <line number="193" hits="2" branch="false"/>
                <line number="194" hits="2" branch="false"/>
                <line number="195" hits="2" branch="false"/>
                <line number="196" hits="2" branch="false"/>
                <line number="197" hits="2" branch="false"/>
                <line number="198" hits="2" branch="false"/>
                <line number="199" hits="2" branch="false"/>
                <line number="200" hits="2" branch="false"/>
                <line number="201" hits="2" branch="false"/>
                <line number="202" hits="2" branch="false"/>
                <line number="203" hits="2" branch="false"/>
                <line number="204" hits="2" branch="false"/>
                <line number="205" hits="2" branch="false"/>
                <line number="206" hits="2" branch="false"/>
                <line number="207" hits="2" branch="false"/>
                <line number="208" hits="2" branch="false"/>
                <line number="209" hits="2" branch="false"/>
              </lines>
            </method>
          </methods>
          <lines>
            <line number="44" hits="32" branch="false"/>
            <line number="45" hits="32" branch="false"/>
            <line number="46" hits="32" branch="false"/>
            <line number="47" hits="32" branch="false"/>
            <line number="90" hits="88" branch="false"/>
            <line number="91" hits="88" branch="false"/>
            <line number="92" hits="88" branch="false"/>
            <line number="93" hits="88" branch="false"/>
            <line number="94" hits="88" branch="false"/>
            <line number="108" hits="85" branch="false"/>
            <line number="109" hits="85" branch="false"/>
            <line number="110" hits="85" branch="false"/>
            <line number="119" hits="52" branch="false"/>
            <line number="120" hits="52" branch="false"/>
            <line number="122" hits="52" branch="false"/>
            <line number="123" hits="52" branch="false"/>
            <line number="124" hits="52" branch="false"/>
            <line number="125" hits="52" branch="false"/>
            <line number="128" hits="52" branch="false"/>
            <line number="130" hits="52" branch="false"/>
            <line number="131" hits="52" branch="false"/>
            <line number="132" hits="52" branch="false"/>
            <line number="133" hits="52" branch="false"/>
            <line number="134" hits="52" branch="false"/>
            <line number="135" hits="52" branch="false"/>
            <line number="136" hits="52" branch="false"/>
            <line number="137" hits="52" branch="false"/>
            <line number="138" hits="52" branch="false"/>
            <line number="139" hits="52" branch="false"/>
            <line number="140" hits="52" branch="false"/>
            <line number="146" hits="0" branch="false"/>
            <line number="152" hits="16" branch="false"/>
            <line number="154" hits="16" branch="false"/>
            <line number="155" hits="16" branch="false"/>
            <line number="156" hits="16" branch="false"/>
            <line number="157" hits="16" branch="false"/>
            <line number="158" hits="16" branch="false"/>
            <line number="159" hits="16" branch="false"/>
            <line number="160" hits="15" branch="false"/>
            <line number="161" hits="15" branch="false"/>
            <line number="162" hits="15" branch="false"/>
            <line number="163" hits="15" branch="false"/>
            <line number="164" hits="14" branch="false"/>
            <line number="165" hits="14" branch="false"/>
            <line number="166" hits="14" branch="false"/>
            <line number="167" hits="14" branch="false"/>
            <line number="169" hits="13" branch="false"/>
            <line number="170" hits="13" branch="false"/>
            <line number="171" hits="13" branch="false"/>
            <line number="172" hits="13" branch="false"/>
            <line number="174" hits="13" branch="false"/>
            <line number="176" hits="13" branch="false"/>
            <line number="177" hits="13" branch="false"/>
            <line number="178" hits="13" branch="false"/>
            <line number="179" hits="13" branch="false"/>
            <line number="193" hits="2" branch="false"/>
            <line number="194" hits="2" branch="false"/>
            <line number="195" hits="2" branch="false"/>
            <line number="196" hits="2" branch="false"/>
            <line number="197" hits="2" branch="false"/>
            <line number="198" hits="2" branch="false"/>
            <line number="199" hits="2" branch="false"/>
            <line number="200" hits="2" branch="false"/>
            <line number="201" hits="2" branch="false"/>
            <line number="202" hits="2" branch="false"/>
            <line number="203" hits="2" branch="false"/>
            <line number="204" hits="2" branch="false"/>
            <line number="205" hits="2" branch="false"/>
            <line number="206" hits="2" branch="false"/>
            <line number="207" hits="2" branch="false"/>
            <line number="208" hits="2" branch="false"/>
            <line number="209" hits="2" branch="false"/>
            <line number="218" hits="1" branch="false"/>
            <line number="219" hits="1" branch="false"/>
          </lines>
        </class>
        <class name="defaults.R" filename="R/defaults.R" line-rate="0.461538461538462" branch-rate="0" complexity="0">
          <methods>
            <method name="LongitudinalModel#NULL" signature="" line-rate="1" branch-rate="0" complexity="0">
              <lines>
                <line number="18" hits="4" branch="false"/>
              </lines>
            </method>
            <method name="NULL#Link" signature="" line-rate="0" branch-rate="0" complexity="0">
              <lines>
                <line number="27" hits="0" branch="false"/>
              </lines>
            </method>
            <method name="NULL#NULL" signature="" line-rate="0.5" branch-rate="0" complexity="0">
              <lines>
                <line number="36" hits="3" branch="false"/>
                <line number="111" hits="0" branch="false"/>
              </lines>
            </method>
            <method name="getParameters.default" signature="" line-rate="0.666666666666667" branch-rate="0" complexity="0">
              <lines>
                <line number="42" hits="5" branch="false"/>
                <line number="43" hits="5" branch="false"/>
                <line number="45" hits="0" branch="false"/>
              </lines>
            </method>
            <method name="StanModel#NULL" signature="" line-rate="0" branch-rate="0" complexity="0">
              <lines>
                <line number="57" hits="0" branch="false"/>
              </lines>
            </method>
            <method name="NULL#StanModel" signature="" line-rate="0" branch-rate="0" complexity="0">
              <lines>
                <line number="66" hits="0" branch="false"/>
              </lines>
            </method>
            <method name="StanModule#NULL" signature="" line-rate="0" branch-rate="0" complexity="0">
              <lines>
                <line number="75" hits="0" branch="false"/>
              </lines>
            </method>
            <method name="NULL#StanModule" signature="" line-rate="0" branch-rate="0" complexity="0">
              <lines>
                <line number="84" hits="0" branch="false"/>
              </lines>
            </method>
            <method name="ParameterList#NULL" signature="" line-rate="1" branch-rate="0" complexity="0">
              <lines>
                <line number="93" hits="2" branch="false"/>
              </lines>
            </method>
            <method name="NULL#ParameterList" signature="" line-rate="1" branch-rate="0" complexity="0">
              <lines>
                <line number="102" hits="3" branch="false"/>
              </lines>
            </method>
          </methods>
          <lines>
            <line number="18" hits="4" branch="false"/>
            <line number="27" hits="0" branch="false"/>
            <line number="36" hits="3" branch="false"/>
            <line number="42" hits="5" branch="false"/>
            <line number="43" hits="5" branch="false"/>
            <line number="45" hits="0" branch="false"/>
            <line number="57" hits="0" branch="false"/>
            <line number="66" hits="0" branch="false"/>
            <line number="75" hits="0" branch="false"/>
            <line number="84" hits="0" branch="false"/>
            <line number="93" hits="2" branch="false"/>
            <line number="102" hits="3" branch="false"/>
            <line number="111" hits="0" branch="false"/>
          </lines>
        </class>
        <class name="generics.R" filename="R/generics.R" line-rate="0.9375" branch-rate="0" complexity="0">
          <methods>
            <method name="addLink" signature="" line-rate="1" branch-rate="0" complexity="0">
              <lines>
                <line number="53" hits="11" branch="false"/>
              </lines>
            </method>
            <method name="write_stan" signature="" line-rate="0" branch-rate="0" complexity="0">
              <lines>
                <line number="69" hits="0" branch="false"/>
              </lines>
            </method>
            <method name="compileStanModel" signature="" line-rate="1" branch-rate="0" complexity="0">
              <lines>
                <line number="82" hits="29" branch="false"/>
              </lines>
            </method>
            <method name="sampleStanModel" signature="" line-rate="1" branch-rate="0" complexity="0">
              <lines>
                <line number="97" hits="9" branch="false"/>
              </lines>
            </method>
            <method name="as.StanModule" signature="" line-rate="1" branch-rate="0" complexity="0">
              <lines>
                <line number="112" hits="167" branch="false"/>
              </lines>
            </method>
            <method name="getParameters" signature="" line-rate="1" branch-rate="0" complexity="0">
              <lines>
                <line number="126" hits="22" branch="false"/>
              </lines>
            </method>
            <method name="extractVariableNames" signature="" line-rate="1" branch-rate="0" complexity="0">
              <lines>
                <line number="142" hits="402" branch="false"/>
              </lines>
            </method>
            <method name="initialValues" signature="" line-rate="1" branch-rate="0" complexity="0">
              <lines>
                <line number="157" hits="145" branch="false"/>
              </lines>
            </method>
            <method name="size" signature="" line-rate="1" branch-rate="0" complexity="0">
              <lines>
                <line number="171" hits="64" branch="false"/>
              </lines>
            </method>
            <method name="generateQuantities" signature="" line-rate="1" branch-rate="0" complexity="0">
              <lines>
                <line number="186" hits="19" branch="false"/>
              </lines>
            </method>
            <method name="harmonise" signature="" line-rate="1" branch-rate="0" complexity="0">
              <lines>
                <line number="214" hits="114" branch="false"/>
              </lines>
            </method>
            <method name="harmonise.default" signature="" line-rate="1" branch-rate="0" complexity="0">
              <lines>
                <line number="220" hits="8" branch="false"/>
              </lines>
            </method>
            <method name="as_stan_list" signature="" line-rate="1" branch-rate="0" complexity="0">
              <lines>
                <line number="236" hits="615" branch="false"/>
              </lines>
            </method>
            <method name="as_stan_list.default" signature="" line-rate="1" branch-rate="0" complexity="0">
              <lines>
                <line number="242" hits="7" branch="false"/>
              </lines>
            </method>
            <method name="as_print_string" signature="" line-rate="1" branch-rate="0" complexity="0">
              <lines>
                <line number="258" hits="35" branch="false"/>
              </lines>
            </method>
            <method name="brierScore" signature="" line-rate="1" branch-rate="0" complexity="0">
              <lines>
                <line number="283" hits="1" branch="false"/>
              </lines>
            </method>
          </methods>
          <lines>
            <line number="53" hits="11" branch="false"/>
            <line number="69" hits="0" branch="false"/>
            <line number="82" hits="29" branch="false"/>
            <line number="97" hits="9" branch="false"/>
            <line number="112" hits="167" branch="false"/>
            <line number="126" hits="22" branch="false"/>
            <line number="142" hits="402" branch="false"/>
            <line number="157" hits="145" branch="false"/>
            <line number="171" hits="64" branch="false"/>
            <line number="186" hits="19" branch="false"/>
            <line number="214" hits="114" branch="false"/>
            <line number="220" hits="8" branch="false"/>
            <line number="236" hits="615" branch="false"/>
            <line number="242" hits="7" branch="false"/>
            <line number="258" hits="35" branch="false"/>
            <line number="283" hits="1" branch="false"/>
          </lines>
        </class>
        <class name="JointModel.R" filename="R/JointModel.R" line-rate="0.912087912087912" branch-rate="0" complexity="0">
          <methods>
            <method name="JointModel" signature="" line-rate="0.936170212765957" branch-rate="0" complexity="0">
              <lines>
                <line number="61" hits="11" branch="false"/>
                <line number="63" hits="11" branch="false"/>
                <line number="64" hits="11" branch="false"/>
                <line number="65" hits="11" branch="false"/>
                <line number="66" hits="11" branch="false"/>
                <line number="68" hits="11" branch="false"/>
                <line number="70" hits="11" branch="false"/>
                <line number="71" hits="11" branch="false"/>
                <line number="72" hits="11" branch="false"/>
                <line number="73" hits="11" branch="false"/>
                <line number="74" hits="11" branch="false"/>
                <line number="75" hits="11" branch="false"/>
                <line number="76" hits="11" branch="false"/>
                <line number="79" hits="11" branch="false"/>
                <line number="81" hits="11" branch="false"/>
                <line number="82" hits="11" branch="false"/>
                <line number="83" hits="11" branch="false"/>
                <line number="84" hits="11" branch="false"/>
                <line number="86" hits="11" branch="false"/>
                <line number="87" hits="11" branch="false"/>
                <line number="88" hits="11" branch="false"/>
                <line number="89" hits="11" branch="false"/>
                <line number="90" hits="11" branch="false"/>
                <line number="91" hits="11" branch="false"/>
                <line number="92" hits="11" branch="false"/>
                <line number="203" hits="1" branch="false"/>
                <line number="204" hits="0" branch="false"/>
                <line number="205" hits="1" branch="false"/>
                <line number="206" hits="1" branch="false"/>
                <line number="207" hits="1" branch="false"/>
                <line number="209" hits="1" branch="false"/>
                <line number="210" hits="0" branch="false"/>
                <line number="211" hits="1" branch="false"/>
                <line number="212" hits="1" branch="false"/>
                <line number="213" hits="1" branch="false"/>
                <line number="215" hits="1" branch="false"/>
                <line number="216" hits="0" branch="false"/>
                <line number="217" hits="1" branch="false"/>
                <line number="218" hits="1" branch="false"/>
                <line number="219" hits="1" branch="false"/>
                <line number="221" hits="1" branch="false"/>
                <line number="222" hits="1" branch="false"/>
                <line number="223" hits="1" branch="false"/>
                <line number="224" hits="1" branch="false"/>
                <line number="225" hits="1" branch="false"/>
                <line number="226" hits="1" branch="false"/>
                <line number="227" hits="1" branch="false"/>
              </lines>
            </method>
            <method name="as.character.JointModel" signature="" line-rate="1" branch-rate="0" complexity="0">
              <lines>
                <line number="104" hits="1" branch="false"/>
              </lines>
            </method>
            <method name="write_stan.JointModel" signature="" line-rate="0" branch-rate="0" complexity="0">
              <lines>
                <line number="113" hits="0" branch="false"/>
                <line number="114" hits="0" branch="false"/>
                <line number="115" hits="0" branch="false"/>
              </lines>
            </method>
            <method name="compileStanModel.JointModel" signature="" line-rate="0" branch-rate="0" complexity="0">
              <lines>
                <line number="124" hits="0" branch="false"/>
                <line number="125" hits="0" branch="false"/>
              </lines>
            </method>
            <method name="sampleStanModel.JointModel" signature="" line-rate="1" branch-rate="0" complexity="0">
              <lines>
                <line number="137" hits="9" branch="false"/>
                <line number="138" hits="7" branch="false"/>
                <line number="139" hits="7" branch="false"/>
                <line number="140" hits="7" branch="false"/>
                <line number="141" hits="7" branch="false"/>
                <line number="143" hits="9" branch="false"/>
                <line number="144" hits="6" branch="false"/>
[...]
                <line number="47" hits="2" branch="false"/>
                <line number="48" hits="2" branch="false"/>
                <line number="49" hits="2" branch="false"/>
                <line number="50" hits="2" branch="false"/>
                <line number="51" hits="2" branch="false"/>
                <line number="52" hits="2" branch="false"/>
              </lines>
            </method>
            <method name="expand_initial_values" signature="" line-rate="1" branch-rate="0" complexity="0">
              <lines>
                <line number="71" hits="10" branch="false"/>
                <line number="72" hits="10" branch="false"/>
                <line number="73" hits="10" branch="false"/>
                <line number="74" hits="10" branch="false"/>
                <line number="75" hits="10" branch="false"/>
                <line number="76" hits="10" branch="false"/>
                <line number="77" hits="10" branch="false"/>
                <line number="78" hits="10" branch="false"/>
                <line number="79" hits="10" branch="false"/>
                <line number="80" hits="10" branch="false"/>
                <line number="81" hits="10" branch="false"/>
                <line number="82" hits="10" branch="false"/>
                <line number="83" hits="10" branch="false"/>
                <line number="85" hits="10" branch="false"/>
                <line number="87" hits="59" branch="false"/>
                <line number="88" hits="58" branch="false"/>
                <line number="91" hits="59" branch="false"/>
                <line number="92" hits="59" branch="false"/>
                <line number="93" hits="59" branch="false"/>
                <line number="94" hits="59" branch="false"/>
                <line number="95" hits="59" branch="false"/>
                <line number="96" hits="59" branch="false"/>
                <line number="97" hits="28" branch="false"/>
                <line number="102" hits="10" branch="false"/>
                <line number="103" hits="59" branch="false"/>
                <line number="104" hits="59" branch="false"/>
                <line number="105" hits="59" branch="false"/>
                <line number="106" hits="59" branch="false"/>
                <line number="109" hits="10" branch="false"/>
              </lines>
            </method>
            <method name="replace_with_lookup" signature="" line-rate="1" branch-rate="0" complexity="0">
              <lines>
                <line number="132" hits="12" branch="false"/>
                <line number="133" hits="12" branch="false"/>
                <line number="135" hits="12" branch="false"/>
                <line number="136" hits="67" branch="false"/>
                <line number="137" hits="67" branch="false"/>
                <line number="138" hits="31" branch="false"/>
                <line number="139" hits="31" branch="false"/>
                <line number="140" hits="31" branch="false"/>
                <line number="141" hits="31" branch="false"/>
                <line number="142" hits="31" branch="false"/>
                <line number="143" hits="31" branch="false"/>
                <line number="144" hits="31" branch="false"/>
                <line number="145" hits="31" branch="false"/>
                <line number="146" hits="31" branch="false"/>
                <line number="147" hits="31" branch="false"/>
                <line number="148" hits="31" branch="false"/>
                <line number="149" hits="31" branch="false"/>
                <line number="150" hits="31" branch="false"/>
                <line number="151" hits="30" branch="false"/>
                <line number="153" hits="36" branch="false"/>
                <line number="154" hits="36" branch="false"/>
                <line number="155" hits="36" branch="false"/>
                <line number="156" hits="36" branch="false"/>
                <line number="157" hits="35" branch="false"/>
                <line number="160" hits="10" branch="false"/>
              </lines>
            </method>
            <method name="samples_median_ci" signature="" line-rate="1" branch-rate="0" complexity="0">
              <lines>
                <line number="172" hits="1496" branch="false"/>
                <line number="173" hits="1496" branch="false"/>
                <line number="175" hits="1496" branch="false"/>
                <line number="176" hits="1496" branch="false"/>
                <line number="177" hits="1496" branch="false"/>
                <line number="178" hits="1496" branch="false"/>
                <line number="179" hits="1496" branch="false"/>
                <line number="180" hits="1496" branch="false"/>
                <line number="181" hits="1496" branch="false"/>
                <line number="182" hits="1496" branch="false"/>
              </lines>
            </method>
            <method name="decorated_render" signature="" line-rate="1" branch-rate="0" complexity="0">
              <lines>
                <line number="195" hits="43" branch="false"/>
                <line number="196" hits="43" branch="false"/>
                <line number="197" hits="43" branch="false"/>
                <line number="198" hits="43" branch="false"/>
                <line number="199" hits="43" branch="false"/>
              </lines>
            </method>
            <method name="is_windows" signature="" line-rate="1" branch-rate="0" complexity="0">
              <lines>
                <line number="204" hits="29" branch="false"/>
                <line number="205" hits="29" branch="false"/>
              </lines>
            </method>
            <method name="expand_time_grid" signature="" line-rate="1" branch-rate="0" complexity="0">
              <lines>
                <line number="221" hits="26" branch="false"/>
                <line number="222" hits="26" branch="false"/>
                <line number="223" hits="5" branch="false"/>
                <line number="225" hits="26" branch="false"/>
                <line number="226" hits="26" branch="false"/>
                <line number="227" hits="26" branch="false"/>
                <line number="228" hits="26" branch="false"/>
                <line number="229" hits="26" branch="false"/>
                <line number="230" hits="26" branch="false"/>
                <line number="231" hits="26" branch="false"/>
                <line number="232" hits="26" branch="false"/>
                <line number="233" hits="26" branch="false"/>
                <line number="234" hits="22" branch="false"/>
              </lines>
            </method>
            <method name="expand_patients" signature="" line-rate="1" branch-rate="0" complexity="0">
              <lines>
                <line number="251" hits="1534" branch="false"/>
                <line number="252" hits="1534" branch="false"/>
                <line number="253" hits="1534" branch="false"/>
                <line number="254" hits="1534" branch="false"/>
                <line number="255" hits="1534" branch="false"/>
                <line number="256" hits="7" branch="false"/>
                <line number="258" hits="1534" branch="false"/>
                <line number="259" hits="1534" branch="false"/>
                <line number="260" hits="1534" branch="false"/>
                <line number="261" hits="1534" branch="false"/>
                <line number="262" hits="1534" branch="false"/>
                <line number="263" hits="1534" branch="false"/>
                <line number="264" hits="1526" branch="false"/>
              </lines>
            </method>
            <method name="decompose_patients" signature="" line-rate="1" branch-rate="0" complexity="0">
              <lines>
                <line number="299" hits="32" branch="false"/>
                <line number="300" hits="22" branch="false"/>
                <line number="301" hits="19" branch="false"/>
                <line number="302" hits="19" branch="false"/>
                <line number="304" hits="29" branch="false"/>
                <line number="305" hits="29" branch="false"/>
                <line number="306" hits="29" branch="false"/>
                <line number="307" hits="29" branch="false"/>
                <line number="308" hits="29" branch="false"/>
                <line number="309" hits="27" branch="false"/>
                <line number="310" hits="27" branch="false"/>
                <line number="311" hits="27" branch="false"/>
                <line number="312" hits="27" branch="false"/>
                <line number="313" hits="27" branch="false"/>
                <line number="314" hits="27" branch="false"/>
                <line number="315" hits="27" branch="false"/>
                <line number="316" hits="27" branch="false"/>
                <line number="317" hits="27" branch="false"/>
                <line number="318" hits="27" branch="false"/>
                <line number="319" hits="27" branch="false"/>
                <line number="320" hits="27" branch="false"/>
                <line number="321" hits="27" branch="false"/>
                <line number="322" hits="27" branch="false"/>
                <line number="323" hits="27" branch="false"/>
                <line number="324" hits="27" branch="false"/>
                <line number="325" hits="27" branch="false"/>
                <line number="326" hits="27" branch="false"/>
                <line number="327" hits="27" branch="false"/>
                <line number="328" hits="27" branch="false"/>
                <line number="329" hits="27" branch="false"/>
              </lines>
            </method>
          </methods>
          <lines>
            <line number="12" hits="161" branch="false"/>
            <line number="13" hits="0" branch="false"/>
            <line number="15" hits="161" branch="false"/>
            <line number="16" hits="161" branch="false"/>
            <line number="35" hits="160" branch="false"/>
            <line number="36" hits="1" branch="false"/>
            <line number="37" hits="1" branch="false"/>
            <line number="38" hits="1" branch="false"/>
            <line number="41" hits="160" branch="false"/>
            <line number="43" hits="160" branch="false"/>
            <line number="44" hits="158" branch="false"/>
            <line number="46" hits="2" branch="false"/>
            <line number="47" hits="2" branch="false"/>
            <line number="48" hits="2" branch="false"/>
            <line number="49" hits="2" branch="false"/>
            <line number="50" hits="2" branch="false"/>
            <line number="51" hits="2" branch="false"/>
            <line number="52" hits="2" branch="false"/>
            <line number="71" hits="10" branch="false"/>
            <line number="72" hits="10" branch="false"/>
            <line number="73" hits="10" branch="false"/>
            <line number="74" hits="10" branch="false"/>
            <line number="75" hits="10" branch="false"/>
            <line number="76" hits="10" branch="false"/>
            <line number="77" hits="10" branch="false"/>
            <line number="78" hits="10" branch="false"/>
            <line number="79" hits="10" branch="false"/>
            <line number="80" hits="10" branch="false"/>
            <line number="81" hits="10" branch="false"/>
            <line number="82" hits="10" branch="false"/>
            <line number="83" hits="10" branch="false"/>
            <line number="85" hits="10" branch="false"/>
            <line number="87" hits="59" branch="false"/>
            <line number="88" hits="58" branch="false"/>
            <line number="91" hits="59" branch="false"/>
            <line number="92" hits="59" branch="false"/>
            <line number="93" hits="59" branch="false"/>
            <line number="94" hits="59" branch="false"/>
            <line number="95" hits="59" branch="false"/>
            <line number="96" hits="59" branch="false"/>
            <line number="97" hits="28" branch="false"/>
            <line number="102" hits="10" branch="false"/>
            <line number="103" hits="59" branch="false"/>
            <line number="104" hits="59" branch="false"/>
            <line number="105" hits="59" branch="false"/>
            <line number="106" hits="59" branch="false"/>
            <line number="109" hits="10" branch="false"/>
            <line number="132" hits="12" branch="false"/>
            <line number="133" hits="12" branch="false"/>
            <line number="135" hits="12" branch="false"/>
            <line number="136" hits="67" branch="false"/>
            <line number="137" hits="67" branch="false"/>
            <line number="138" hits="31" branch="false"/>
            <line number="139" hits="31" branch="false"/>
            <line number="140" hits="31" branch="false"/>
            <line number="141" hits="31" branch="false"/>
            <line number="142" hits="31" branch="false"/>
            <line number="143" hits="31" branch="false"/>
            <line number="144" hits="31" branch="false"/>
            <line number="145" hits="31" branch="false"/>
            <line number="146" hits="31" branch="false"/>
            <line number="147" hits="31" branch="false"/>
            <line number="148" hits="31" branch="false"/>
            <line number="149" hits="31" branch="false"/>
            <line number="150" hits="31" branch="false"/>
            <line number="151" hits="30" branch="false"/>
            <line number="153" hits="36" branch="false"/>
            <line number="154" hits="36" branch="false"/>
            <line number="155" hits="36" branch="false"/>
            <line number="156" hits="36" branch="false"/>
            <line number="157" hits="35" branch="false"/>
            <line number="160" hits="10" branch="false"/>
            <line number="172" hits="1496" branch="false"/>
            <line number="173" hits="1496" branch="false"/>
            <line number="175" hits="1496" branch="false"/>
            <line number="176" hits="1496" branch="false"/>
            <line number="177" hits="1496" branch="false"/>
            <line number="178" hits="1496" branch="false"/>
            <line number="179" hits="1496" branch="false"/>
            <line number="180" hits="1496" branch="false"/>
            <line number="181" hits="1496" branch="false"/>
            <line number="182" hits="1496" branch="false"/>
            <line number="195" hits="43" branch="false"/>
            <line number="196" hits="43" branch="false"/>
            <line number="197" hits="43" branch="false"/>
            <line number="198" hits="43" branch="false"/>
            <line number="199" hits="43" branch="false"/>
            <line number="204" hits="29" branch="false"/>
            <line number="205" hits="29" branch="false"/>
            <line number="221" hits="26" branch="false"/>
            <line number="222" hits="26" branch="false"/>
            <line number="223" hits="5" branch="false"/>
            <line number="225" hits="26" branch="false"/>
            <line number="226" hits="26" branch="false"/>
            <line number="227" hits="26" branch="false"/>
            <line number="228" hits="26" branch="false"/>
            <line number="229" hits="26" branch="false"/>
            <line number="230" hits="26" branch="false"/>
            <line number="231" hits="26" branch="false"/>
            <line number="232" hits="26" branch="false"/>
            <line number="233" hits="26" branch="false"/>
            <line number="234" hits="22" branch="false"/>
            <line number="251" hits="1534" branch="false"/>
            <line number="252" hits="1534" branch="false"/>
            <line number="253" hits="1534" branch="false"/>
            <line number="254" hits="1534" branch="false"/>
            <line number="255" hits="1534" branch="false"/>
            <line number="256" hits="7" branch="false"/>
            <line number="258" hits="1534" branch="false"/>
            <line number="259" hits="1534" branch="false"/>
            <line number="260" hits="1534" branch="false"/>
            <line number="261" hits="1534" branch="false"/>
            <line number="262" hits="1534" branch="false"/>
            <line number="263" hits="1534" branch="false"/>
            <line number="264" hits="1526" branch="false"/>
            <line number="299" hits="32" branch="false"/>
            <line number="300" hits="22" branch="false"/>
            <line number="301" hits="19" branch="false"/>
            <line number="302" hits="19" branch="false"/>
            <line number="304" hits="29" branch="false"/>
            <line number="305" hits="29" branch="false"/>
            <line number="306" hits="29" branch="false"/>
            <line number="307" hits="29" branch="false"/>
            <line number="308" hits="29" branch="false"/>
            <line number="309" hits="27" branch="false"/>
            <line number="310" hits="27" branch="false"/>
            <line number="311" hits="27" branch="false"/>
            <line number="312" hits="27" branch="false"/>
            <line number="313" hits="27" branch="false"/>
            <line number="314" hits="27" branch="false"/>
            <line number="315" hits="27" branch="false"/>
            <line number="316" hits="27" branch="false"/>
            <line number="317" hits="27" branch="false"/>
            <line number="318" hits="27" branch="false"/>
            <line number="319" hits="27" branch="false"/>
            <line number="320" hits="27" branch="false"/>
            <line number="321" hits="27" branch="false"/>
            <line number="322" hits="27" branch="false"/>
            <line number="323" hits="27" branch="false"/>
            <line number="324" hits="27" branch="false"/>
            <line number="325" hits="27" branch="false"/>
            <line number="326" hits="27" branch="false"/>
            <line number="327" hits="27" branch="false"/>
            <line number="328" hits="27" branch="false"/>
            <line number="329" hits="27" branch="false"/>
          </lines>
        </class>
        <class name="zzz.R" filename="R/zzz.R" line-rate="0" branch-rate="0" complexity="0">
          <methods>
            <method name=".onLoad" signature="" line-rate="0" branch-rate="0" complexity="0">
              <lines>
                <line number="4" hits="0" branch="false"/>
                <line number="6" hits="0" branch="false"/>
                <line number="7" hits="0" branch="false"/>
                <line number="10" hits="0" branch="false"/>
                <line number="11" hits="0" branch="false"/>
                <line number="12" hits="0" branch="false"/>
                <line number="13" hits="0" branch="false"/>
                <line number="14" hits="0" branch="false"/>
                <line number="15" hits="0" branch="false"/>
                <line number="16" hits="0" branch="false"/>
              </lines>
            </method>
            <method name=".never_run" signature="" line-rate="0" branch-rate="0" complexity="0">
              <lines>
                <line number="29" hits="0" branch="false"/>
              </lines>
            </method>
          </methods>
          <lines>
            <line number="4" hits="0" branch="false"/>
            <line number="6" hits="0" branch="false"/>
            <line number="7" hits="0" branch="false"/>
            <line number="10" hits="0" branch="false"/>
            <line number="11" hits="0" branch="false"/>
            <line number="12" hits="0" branch="false"/>
            <line number="13" hits="0" branch="false"/>
            <line number="14" hits="0" branch="false"/>
            <line number="15" hits="0" branch="false"/>
            <line number="16" hits="0" branch="false"/>
            <line number="29" hits="0" branch="false"/>
          </lines>
        </class>
      </classes>
    </package>
  </packages>
</coverage>
