<?xml version="1.0" encoding="UTF-8"?>
<testsuites>
  <testsuite name="DataLongitudinal" timestamp="2026-05-26T14:20:29Z" hostname="450e627a2832" tests="10" skipped="0" failures="0" errors="0" time="4.384">
    <testcase time="4.347" classname="character(0)" name="DataLongitudinal_being_rendered_to_list_is_as_expected_for_simple_inputs"/>
    <testcase time="0.0229999999999997" classname="character(0)" name="DataLongitudinal_being_rendered_to_list_is_as_expected_for_simple_inputs"/>
    <testcase time="0.00900000000000034" classname="character(0)" name="DataLongitudinal_being_rendered_to_list_is_as_expected_for_simple_inputs"/>
    <testcase time="0" classname="character(0)" name="DataLongitudinal_being_rendered_to_list_is_as_expected_for_simple_inputs"/>
    <testcase time="0.000999999999999446" classname="character(0)" name="DataLongitudinal_being_rendered_to_list_is_as_expected_for_simple_inputs"/>
    <testcase time="0.00100000000000033" classname="character(0)" name="DataLongitudinal_being_rendered_to_list_is_as_expected_for_simple_inputs"/>
    <testcase time="0.000999999999999446" classname="character(0)" name="DataLongitudinal_being_rendered_to_list_is_as_expected_for_simple_inputs"/>
    <testcase time="0" classname="character(0)" name="DataLongitudinal_being_rendered_to_list_is_as_expected_for_simple_inputs"/>
    <testcase time="0.00100000000000033" classname="character(0)" name="DataLongitudinal_being_rendered_to_list_is_as_expected_for_simple_inputs"/>
    <testcase time="0.00100000000000033" classname="character(0)" name="DataLongitudinal_being_rendered_to_list_is_as_expected_for_simple_inputs"/>
  </testsuite>
  <testsuite name="DataLongitudinal" timestamp="2026-05-26T14:20:29Z" hostname="450e627a2832" tests="2" skipped="0" failures="0" errors="0" time="0.003">
    <testcase time="0.00199999999999978" classname="character(0)" name="DataSurvival_print_method_works_as_expected"/>
    <testcase time="0.00100000000000033" classname="character(0)" name="DataSurvival_print_method_works_as_expected"/>
  </testsuite>
  <testsuite name="DataSubject" timestamp="2026-05-26T14:20:29Z" hostname="450e627a2832" tests="14" skipped="0" failures="0" errors="0" time="0.205">
    <testcase time="0.196" classname="character(0)" name="DataSubject_works_as_expected"/>
    <testcase time="0.00100000000000033" classname="character(0)" name="DataSubject_works_as_expected"/>
    <testcase time="0.000999999999999446" classname="character(0)" name="DataSubject_works_as_expected"/>
    <testcase time="0" classname="character(0)" name="DataSubject_works_as_expected"/>
    <testcase time="0.00100000000000033" classname="character(0)" name="DataSubject_works_as_expected"/>
    <testcase time="0.000999999999999446" classname="character(0)" name="DataSubject_works_as_expected"/>
    <testcase time="0" classname="character(0)" name="DataSubject_works_as_expected"/>
    <testcase time="0" classname="character(0)" name="DataSubject_works_as_expected"/>
    <testcase time="0.00100000000000033" classname="character(0)" name="DataSubject_works_as_expected"/>
    <testcase time="0.000999999999999446" classname="character(0)" name="DataSubject_works_as_expected"/>
    <testcase time="0" classname="character(0)" name="DataSubject_works_as_expected"/>
    <testcase time="0.00100000000000033" classname="character(0)" name="DataSubject_works_as_expected"/>
    <testcase time="0.00100000000000033" classname="character(0)" name="DataSubject_works_as_expected"/>
    <testcase time="0.000999999999999446" classname="character(0)" name="DataSubject_works_as_expected"/>
  </testsuite>
  <testsuite name="DataSubject" timestamp="2026-05-26T14:20:29Z" hostname="450e627a2832" tests="1" skipped="0" failures="0" errors="0" time="0.002">
    <testcase time="0.00199999999999978" classname="character(0)" name="DataSubject_print_method_works_as_expected"/>
  </testsuite>
  <testsuite name="DataJoint" timestamp="2026-05-26T14:20:29Z" hostname="450e627a2832" tests="15" skipped="0" failures="0" errors="0" time="0.025">
    <testcase time="0.0120000000000005" classname="character(0)" name="DataJoint_basic_usage"/>
    <testcase time="0.00100000000000033" classname="character(0)" name="DataJoint_basic_usage"/>
    <testcase time="0.000999999999999446" classname="character(0)" name="DataJoint_basic_usage"/>
    <testcase time="0.00100000000000033" classname="character(0)" name="DataJoint_basic_usage"/>
    <testcase time="0.00199999999999978" classname="character(0)" name="DataJoint_basic_usage"/>
    <testcase time="0.00100000000000033" classname="character(0)" name="DataJoint_basic_usage"/>
    <testcase time="0.000999999999999446" classname="character(0)" name="DataJoint_basic_usage"/>
    <testcase time="0.00100000000000033" classname="character(0)" name="DataJoint_basic_usage"/>
    <testcase time="0.00100000000000033" classname="character(0)" name="DataJoint_basic_usage"/>
    <testcase time="0" classname="character(0)" name="DataJoint_basic_usage"/>
    <testcase time="0.000999999999999446" classname="character(0)" name="DataJoint_basic_usage"/>
    <testcase time="0.00100000000000033" classname="character(0)" name="DataJoint_basic_usage"/>
    <testcase time="0.000999999999999446" classname="character(0)" name="DataJoint_basic_usage"/>
    <testcase time="0" classname="character(0)" name="DataJoint_basic_usage"/>
    <testcase time="0.00100000000000033" classname="character(0)" name="DataJoint_basic_usage"/>
  </testsuite>
  <testsuite name="DataJoint" timestamp="2026-05-26T14:20:29Z" hostname="450e627a2832" tests="6" skipped="0" failures="0" errors="0" time="0.006">
    <testcase time="0.00199999999999978" classname="character(0)" name="DataJoint_errors_if_inconsistent_subject_IDs"/>
    <testcase time="0.00100000000000033" classname="character(0)" name="DataJoint_errors_if_inconsistent_subject_IDs"/>
    <testcase time="0.00100000000000033" classname="character(0)" name="DataJoint_errors_if_inconsistent_subject_IDs"/>
    <testcase time="0" classname="character(0)" name="DataJoint_errors_if_inconsistent_subject_IDs"/>
    <testcase time="0.000999999999999446" classname="character(0)" name="DataJoint_errors_if_inconsistent_subject_IDs"/>
    <testcase time="0.00100000000000033" classname="character(0)" name="DataJoint_errors_if_inconsistent_subject_IDs"/>
  </testsuite>
  <testsuite name="DataJoint" timestamp="2026-05-26T14:20:29Z" hostname="450e627a2832" tests="3" skipped="0" failures="0" errors="0" time="0.003">
    <testcase time="0.00199999999999978" classname="character(0)" name="DataJoint_sorts_handles_pre_factored_levels_correctly"/>
    <testcase time="0.00100000000000033" classname="character(0)" name="DataJoint_sorts_handles_pre_factored_levels_correctly"/>
    <testcase time="0" classname="character(0)" name="DataJoint_sorts_handles_pre_factored_levels_correctly"/>
  </testsuite>
  <testsuite name="DataJoint" timestamp="2026-05-26T14:20:29Z" hostname="450e627a2832" tests="3" skipped="0" failures="0" errors="0" time="0.004">
    <testcase time="0.00199999999999978" classname="character(0)" name="DataJoint_sorts_handles_character_to_factor_levels_correctly"/>
    <testcase time="0.00100000000000033" classname="character(0)" name="DataJoint_sorts_handles_character_to_factor_levels_correctly"/>
    <testcase time="0.000999999999999446" classname="character(0)" name="DataJoint_sorts_handles_character_to_factor_levels_correctly"/>
  </testsuite>
  <testsuite name="DataJoint" timestamp="2026-05-26T14:20:29Z" hostname="450e627a2832" tests="7" skipped="0" failures="0" errors="0" time="0.007">
    <testcase time="0.00199999999999978" classname="character(0)" name="subset_DataJoint_works_as_expected"/>
    <testcase time="0.00100000000000033" classname="character(0)" name="subset_DataJoint_works_as_expected"/>
    <testcase time="0" classname="character(0)" name="subset_DataJoint_works_as_expected"/>
    <testcase time="0.00100000000000033" classname="character(0)" name="subset_DataJoint_works_as_expected"/>
    <testcase time="0.000999999999999446" classname="character(0)" name="subset_DataJoint_works_as_expected"/>
    <testcase time="0.00100000000000033" classname="character(0)" name="subset_DataJoint_works_as_expected"/>
    <testcase time="0.000999999999999446" classname="character(0)" name="subset_DataJoint_works_as_expected"/>
  </testsuite>
  <testsuite name="DataJoint" timestamp="2026-05-26T14:20:29Z" hostname="450e627a2832" tests="1" skipped="0" failures="0" errors="0" time="0.002">
    <testcase time="0.00200000000000067" classname="character(0)" name="Error_Handling"/>
  </testsuite>
  <testsuite name="DataJoint" timestamp="2026-05-26T14:20:29Z" hostname="450e627a2832" tests="3" skipped="0" failures="0" errors="0" time="0.003">
    <testcase time="0.00199999999999978" classname="character(0)" name="DataJoint_print_method_works_as_expected"/>
    <testcase time="0" classname="character(0)" name="DataJoint_print_method_works_as_expected"/>
    <testcase time="0.00100000000000033" classname="character(0)" name="DataJoint_print_method_works_as_expected"/>
  </testsuite>
  <testsuite name="DataSurvival" timestamp="2026-05-26T14:20:30Z" hostname="450e627a2832" tests="14" skipped="0" failures="0" errors="0" time="0.467">
    <testcase time="0.442" classname="character(0)" name="DataSurvival_being_rendered_to_list_is_as_expected_for_simple_inputs"/>
    <testcase time="0.00199999999999889" classname="character(0)" name="DataSurvival_being_rendered_to_list_is_as_expected_for_simple_inputs"/>
    <testcase time="0.00100000000000122" classname="character(0)" name="DataSurvival_being_rendered_to_list_is_as_expected_for_simple_inputs"/>
    <testcase time="0" classname="character(0)" name="DataSurvival_being_rendered_to_list_is_as_expected_for_simple_inputs"/>
    <testcase time="0.000999999999999446" classname="character(0)" name="DataSurvival_being_rendered_to_list_is_as_expected_for_simple_inputs"/>
    <testcase time="0.000999999999999446" classname="character(0)" name="DataSurvival_being_rendered_to_list_is_as_expected_for_simple_inputs"/>
    <testcase time="0.00100000000000122" classname="character(0)" name="DataSurvival_being_rendered_to_list_is_as_expected_for_simple_inputs"/>
    <testcase time="0.000999999999999446" classname="character(0)" name="DataSurvival_being_rendered_to_list_is_as_expected_for_simple_inputs"/>
    <testcase time="0.000999999999999446" classname="character(0)" name="DataSurvival_being_rendered_to_list_is_as_expected_for_simple_inputs"/>
    <testcase time="0.00100000000000122" classname="character(0)" name="DataSurvival_being_rendered_to_list_is_as_expected_for_simple_inputs"/>
    <testcase time="0.000999999999999446" classname="character(0)" name="DataSurvival_being_rendered_to_list_is_as_expected_for_simple_inputs"/>
    <testcase time="0.000999999999999446" classname="character(0)" name="DataSurvival_being_rendered_to_list_is_as_expected_for_simple_inputs"/>
    <testcase time="0.000999999999999446" classname="character(0)" name="DataSurvival_being_rendered_to_list_is_as_expected_for_simple_inputs"/>
    <testcase time="0.0130000000000017" classname="character(0)" name="DataSurvival_being_rendered_to_list_is_as_expected_for_simple_inputs"/>
  </testsuite>
  <testsuite name="DataSurvival" timestamp="2026-05-26T14:20:30Z" hostname="450e627a2832" tests="1" skipped="0" failures="0" errors="0" time="0.003">
    <testcase time="0.00299999999999834" classname="character(0)" name="DataSurvival_print_method_works_as_expected"/>
  </testsuite>
  <testsuite name="DataSurvival" timestamp="2026-05-26T14:20:30Z" hostname="450e627a2832" tests="7" skipped="0" failures="0" errors="0" time="0.007">
    <testcase time="0.00200000000000067" classname="character(0)" name="mirror_design_matrix_works_as_expected"/>
    <testcase time="0.000999999999999446" classname="character(0)" name="mirror_design_matrix_works_as_expected"/>
    <testcase time="0.00100000000000122" classname="character(0)" name="mirror_design_matrix_works_as_expected"/>
    <testcase time="0" classname="character(0)" name="mirror_design_matrix_works_as_expected"/>
    <testcase time="0.000999999999999446" classname="character(0)" name="mirror_design_matrix_works_as_expected"/>
    <testcase time="0.000999999999999446" classname="character(0)" name="mirror_design_matrix_works_as_expected"/>
    <testcase time="0.00100000000000122" classname="character(0)" name="mirror_design_matrix_works_as_expected"/>
  </testsuite>
  <testsuite name="GridPrediction" timestamp="2026-05-26T14:23:00Z" hostname="450e627a2832" tests="5" skipped="0" failures="0" errors="0" time="150.439">
    <testcase time="150.435" classname="character(0)" name="GridPrediction_works_as_expected_for_Survival_models"/>
    <testcase time="0.00100000000000477" classname="character(0)" name="GridPrediction_works_as_expected_for_Survival_models"/>
    <testcase time="0.000999999999976353" classname="character(0)" name="GridPrediction_works_as_expected_for_Survival_models"/>
    <testcase time="0.00100000000000477" classname="character(0)" name="GridPrediction_works_as_expected_for_Survival_models"/>
    <testcase time="0.00100000000000477" classname="character(0)" name="GridPrediction_works_as_expected_for_Survival_models"/>
  </testsuite>
  <testsuite name="GridPrediction" timestamp="2026-05-26T14:23:00Z" hostname="450e627a2832" tests="4" skipped="0" failures="0" errors="0" time="0.004">
    <testcase time="0.00200000000000955" classname="character(0)" name="GridPrediction_error_handling_works_as_expected"/>
    <testcase time="0.00100000000000477" classname="character(0)" name="GridPrediction_error_handling_works_as_expected"/>
    <testcase time="0.000999999999976353" classname="character(0)" name="GridPrediction_error_handling_works_as_expected"/>
    <testcase time="0" classname="character(0)" name="GridPrediction_error_handling_works_as_expected"/>
  </testsuite>
  <testsuite name="GridPrediction" timestamp="2026-05-26T14:23:00Z" hostname="450e627a2832" tests="3" skipped="0" failures="0" errors="0" time="0.004">
    <testcase time="0.00200000000000955" classname="character(0)" name="getPredictionNames_works_as_expected"/>
    <testcase time="0.00100000000000477" classname="character(0)" name="getPredictionNames_works_as_expected"/>
    <testcase time="0.00100000000000477" classname="character(0)" name="getPredictionNames_works_as_expected"/>
  </testsuite>
  <testsuite name="GridPrediction" timestamp="2026-05-26T14:23:00Z" hostname="450e627a2832" tests="1" skipped="0" failures="0" errors="0" time="0.002">
    <testcase time="0.00199999999998113" classname="character(0)" name="GridPrediction_throws_an_error_if_key_column_already_exists"/>
  </testsuite>
  <testsuite name="GridPrediction" timestamp="2026-05-26T14:23:00Z" hostname="450e627a2832" tests="5" skipped="0" failures="0" errors="0" time="0.005">
    <testcase time="0.00200000000000955" classname="character(0)" name="GridPrediction_works_for_survival_only_models"/>
    <testcase time="0.00100000000000477" classname="character(0)" name="GridPrediction_works_for_survival_only_models"/>
    <testcase time="0.00100000000000477" classname="character(0)" name="GridPrediction_works_for_survival_only_models"/>
    <testcase time="0.00100000000000477" classname="character(0)" name="GridPrediction_works_for_survival_only_models"/>
    <testcase time="0" classname="character(0)" name="GridPrediction_works_for_survival_only_models"/>
  </testsuite>
  <testsuite name="JointModel" timestamp="2026-05-26T14:23:04Z" hostname="450e627a2832" tests="2" skipped="0" failures="0" errors="0" time="3.388">
    <testcase time="3.387" classname="character(0)" name="JointModel_smoke_tests"/>
    <testcase time="0.000999999999976353" classname="character(0)" name="JointModel_smoke_tests"/>
  </testsuite>
  <testsuite name="JointModel" timestamp="2026-05-26T14:23:04Z" hostname="450e627a2832" tests="5" skipped="0" failures="0" errors="0" time="0.005">
    <testcase time="0.00200000000000955" classname="character(0)" name="JointModel_print_method_works_as_expected"/>
    <testcase time="0.00100000000000477" classname="character(0)" name="JointModel_print_method_works_as_expected"/>
    <testcase time="0.00100000000000477" classname="character(0)" name="JointModel_print_method_works_as_expected"/>
    <testcase time="0.00100000000000477" classname="character(0)" name="JointModel_print_method_works_as_expected"/>
    <testcase time="0" classname="character(0)" name="JointModel_print_method_works_as_expected"/>
  </testsuite>
  <testsuite name="JointModel" timestamp="2026-05-26T14:23:04Z" hostname="450e627a2832" tests="12" skipped="0" failures="0" errors="0" time="0.01">
    <testcase time="0.00199999999998113" classname="character(0)" name="Log_Lik_variables_are_produced_correctly"/>
    <testcase time="0.00100000000000477" classname="character(0)" name="Log_Lik_variables_are_produced_correctly"/>
    <testcase time="0.00100000000000477" classname="character(0)" name="Log_Lik_variables_are_produced_correctly"/>
    <testcase time="0.00100000000000477" classname="character(0)" name="Log_Lik_variables_are_produced_correctly"/>
    <testcase time="0.00100000000000477" classname="character(0)" name="Log_Lik_variables_are_produced_correctly"/>
    <testcase time="0" classname="character(0)" name="Log_Lik_variables_are_produced_correctly"/>
    <testcase time="0" classname="character(0)" name="Log_Lik_variables_are_produced_correctly"/>
    <testcase time="0.00100000000000477" classname="character(0)" name="Log_Lik_variables_are_produced_correctly"/>
    <testcase time="0.00100000000000477" classname="character(0)" name="Log_Lik_variables_are_produced_correctly"/>
    <testcase time="0.00100000000000477" classname="character(0)" name="Log_Lik_variables_are_produced_correctly"/>
    <testcase time="0" classname="character(0)" name="Log_Lik_variables_are_produced_correctly"/>
    <testcase time="0.00100000000000477" classname="character(0)" name="Log_Lik_variables_are_produced_correctly"/>
  </testsuite>
  <testsuite name="JointModelSamples" timestamp="2026-05-26T14:23:47Z" hostname="450e627a2832" tests="1" skipped="0" failures="0" errors="0" time="43.344">
    <testcase time="43.344" classname="character(0)" name="print_works_as_expected_for_JointModelSamples"/>
  </testsuite>
  <testsuite name="JointModelSamples" timestamp="2026-05-26T14:23:47Z" hostname="450e627a2832" tests="3" skipped="0" failures="0" errors="0" time="0.006">
    <testcase time="0.00399999999999068" classname="character(0)" name="saving_and_restoring_samples_from_disk_works_as_expected"/>
    <testcase time="0.00100000000000477" classname="character(0)" name="saving_and_restoring_samples_from_disk_works_as_expected"/>
    <testcase time="0.00100000000000477" classname="character(0)" name="saving_and_restoring_samples_from_disk_works_as_expected"/>
  </testsuite>
  <testsuite name="Link" timestamp="2026-05-26T14:23:50Z" hostname="450e627a2832" tests="4" skipped="0" failures="0" errors="0" time="2.755">
    <testcase time="2.75200000000001" classname="character(0)" name="link_none_works_as_expected"/>
    <testcase time="0.000999999999976353" classname="character(0)" name="link_none_works_as_expected"/>
    <testcase time="0.00100000000000477" classname="character(0)" name="link_none_works_as_expected"/>
    <testcase time="0.00100000000000477" classname="character(0)" name="link_none_works_as_expected"/>
  </testsuite>
  <testsuite name="Link" timestamp="2026-05-26T14:23:50Z" hostname="450e627a2832" tests="4" skipped="0" failures="0" errors="0" time="0.005">
    <testcase time="0.00200000000000955" classname="character(0)" name="Link_works_as_expected"/>
    <testcase time="0.00100000000000477" classname="character(0)" name="Link_works_as_expected"/>
    <testcase time="0.000999999999976353" classname="character(0)" name="Link_works_as_expected"/>
    <testcase time="0.00100000000000477" classname="character(0)" name="Link_works_as_expected"/>
  </testsuite>
  <testsuite name="Link" timestamp="2026-05-26T14:23:50Z" hostname="450e627a2832" tests="5" skipped="0" failures="0" errors="0" time="0.005">
    <testcase time="0.00200000000000955" classname="character(0)" name="Link_prints_as_expected"/>
    <testcase time="0.00100000000000477" classname="character(0)" name="Link_prints_as_expected"/>
    <testcase time="0.00100000000000477" classname="character(0)" name="Link_prints_as_expected"/>
    <testcase time="0" classname="character(0)" name="Link_prints_as_expected"/>
    <testcase time="0.000999999999976353" classname="character(0)" name="Link_prints_as_expected"/>
  </testsuite>
  <testsuite name="LinkComponent" timestamp="2026-05-26T14:23:54Z" hostname="450e627a2832" tests="5" skipped="0" failures="0" errors="0" time="4.137">
    <testcase time="4.13300000000001" classname="character(0)" name="all_link_files_pass_stan_s_syntax_checker"/>
    <testcase time="0.00100000000000477" classname="character(0)" name="all_link_files_pass_stan_s_syntax_checker"/>
    <testcase time="0.00100000000000477" classname="character(0)" name="all_link_files_pass_stan_s_syntax_checker"/>
    <testcase time="0.00100000000000477" classname="character(0)" name="all_link_files_pass_stan_s_syntax_checker"/>
    <testcase time="0.000999999999976353" classname="character(0)" name="all_link_files_pass_stan_s_syntax_checker"/>
  </testsuite>
  <testsuite name="LinkComponent" timestamp="2026-05-26T14:23:54Z" hostname="450e627a2832" tests="2" skipped="0" failures="0" errors="0" time="0.003">
    <testcase time="0.00200000000000955" classname="character(0)" name="complete_models_with_links_pass_stan_s_syntax_checker"/>
    <testcase time="0.00100000000000477" classname="character(0)" name="complete_models_with_links_pass_stan_s_syntax_checker"/>
  </testsuite>
  <testsuite name="LinkComponent" timestamp="2026-05-26T14:23:54Z" hostname="450e627a2832" tests="3" skipped="0" failures="0" errors="0" time="0.004">
    <testcase time="0.00200000000000955" classname="character(0)" name="LinkComponents_are_constructed_correctly_and_can_access_key_components"/>
    <testcase time="0.000999999999976353" classname="character(0)" name="LinkComponents_are_constructed_correctly_and_can_access_key_components"/>
    <testcase time="0.00100000000000477" classname="character(0)" name="LinkComponents_are_constructed_correctly_and_can_access_key_components"/>
  </testsuite>
  <testsuite name="LinkComponent" timestamp="2026-05-26T14:23:54Z" hostname="450e627a2832" tests="6" skipped="0" failures="0" errors="0" time="0.005">
    <testcase time="0.00200000000000955" classname="character(0)" name="Model_specific_links_return_the_correct_stan_code"/>
    <testcase time="0.00100000000000477" classname="character(0)" name="Model_specific_links_return_the_correct_stan_code"/>
    <testcase time="0" classname="character(0)" name="Model_specific_links_return_the_correct_stan_code"/>
    <testcase time="0.00100000000000477" classname="character(0)" name="Model_specific_links_return_the_correct_stan_code"/>
    <testcase time="0.000999999999976353" classname="character(0)" name="Model_specific_links_return_the_correct_stan_code"/>
    <testcase time="0" classname="character(0)" name="Model_specific_links_return_the_correct_stan_code"/>
  </testsuite>
  <testsuite name="LinkComponent" timestamp="2026-05-26T14:23:54Z" hostname="450e627a2832" tests="3" skipped="0" failures="0" errors="0" time="0.004">
    <testcase time="0.00200000000000955" classname="character(0)" name="print_works_as_expected"/>
    <testcase time="0.00100000000000477" classname="character(0)" name="print_works_as_expected"/>
    <testcase time="0.00100000000000477" classname="character(0)" name="print_works_as_expected"/>
  </testsuite>
  <testsuite name="LinkComponent" timestamp="2026-05-26T14:23:54Z" hostname="450e627a2832" tests="4" skipped="0" failures="0" errors="0" time="0.004">
    <testcase time="0.00199999999998113" classname="character(0)" name="PromiseLinkComponents_work_as_expected"/>
    <testcase time="0.00100000000000477" classname="character(0)" name="PromiseLinkComponents_work_as_expected"/>
    <testcase time="0" classname="character(0)" name="PromiseLinkComponents_work_as_expected"/>
    <testcase time="0.00100000000000477" classname="character(0)" name="PromiseLinkComponents_work_as_expected"/>
  </testsuite>
  <testsuite name="LongitudinalClaretBruno" timestamp="2026-05-26T14:24:02Z" hostname="450e627a2832" tests="2" skipped="0" failures="0" errors="0" time="8.282">
    <testcase time="8.28100000000001" classname="character(0)" name="LongitudinalClaretBruno_works_as_expected_with_default_arguments"/>
    <testcase time="0.00100000000000477" classname="character(0)" name="LongitudinalClaretBruno_works_as_expected_with_default_arguments"/>
  </testsuite>
  <testsuite name="LongitudinalClaretBruno" timestamp="2026-05-26T14:24:02Z" hostname="450e627a2832" tests="2" skipped="0" failures="0" errors="0" time="0.003">
    <testcase time="0.0029999999999859" classname="character(0)" name="Print_method_for_LongitudinalClaretBruno_works_as_expected"/>
    <testcase time="0" classname="character(0)" name="Print_method_for_LongitudinalClaretBruno_works_as_expected"/>
  </testsuite>
  <testsuite name="LongitudinalClaretBruno" timestamp="2026-05-26T14:24:02Z" hostname="450e627a2832" tests="3" skipped="0" failures="0" errors="0" time="0.004">
    <testcase time="0.00300000000001432" classname="character(0)" name="Centralised_parameterisation_compiles_without_issues"/>
    <testcase time="0" classname="character(0)" name="Centralised_parameterisation_compiles_without_issues"/>
    <testcase time="0.00100000000000477" classname="character(0)" name="Centralised_parameterisation_compiles_without_issues"/>
  </testsuite>
  <testsuite name="LongitudinalClaretBruno" timestamp="2026-05-26T14:24:02Z" hostname="450e627a2832" tests="3" skipped="0" failures="0" errors="0" time="0.004">
    <testcase time="0.0029999999999859" classname="character(0)" name="Non_Centralised_parameterisation_compiles_without_issues"/>
    <testcase time="0" classname="character(0)" name="Non_Centralised_parameterisation_compiles_without_issues"/>
    <testcase time="0.00100000000000477" classname="character(0)" name="Non_Centralised_parameterisation_compiles_without_issues"/>
  </testsuite>
  <testsuite name="LongitudinalClaretBruno" timestamp="2026-05-26T14:24:02Z" hostname="450e627a2832" tests="3" skipped="0" failures="0" errors="0" time="0.004">
    <testcase time="0.00200000000000955" classname="character(0)" name="Centralised_parameterisation_compiles_without_issues"/>
    <testcase time="0.000999999999976353" classname="character(0)" name="Centralised_parameterisation_compiles_without_issues"/>
    <testcase time="0.00100000000000477" classname="character(0)" name="Centralised_parameterisation_compiles_without_issues"/>
  </testsuite>
  <testsuite name="LongitudinalClaretBruno" timestamp="2026-05-26T14:24:02Z" hostname="450e627a2832" tests="3" skipped="0" failures="0" errors="0" time="0.004">
    <testcase time="0.00200000000000955" classname="character(0)" name="Non_Centralised_parameterisation_compiles_without_issues"/>
    <testcase time="0.00100000000000477" classname="character(0)" name="Non_Centralised_parameterisation_compiles_without_issues"/>
    <testcase time="0.00100000000000477" classname="character(0)" name="Non_Centralised_parameterisation_compiles_without_issues"/>
  </testsuite>
  <testsuite name="LongitudinalClaretBruno" timestamp="2026-05-26T14:24:02Z" hostname="450e627a2832" tests="1" skipped="1" failures="0" errors="0" time="0.002">
    <testcase time="0.00199999999998113" classname="character(0)" name="Can_recover_known_distributional_parameters_from_a_SF_joint_model">
      <skipped message="Reason: is_full_test() is not TRUE ('test-LongitudinalClaretBruno.R:84:5')"/>
    </testcase>
  </testsuite>
  <testsuite name="LongitudinalClaretBruno" timestamp="2026-05-26T14:24:02Z" hostname="450e627a2832" tests="2" skipped="0" failures="0" errors="0" time="0.028">
    <testcase time="0.0270000000000152" classname="character(0)" name="Quantity_models_pass_the_parser"/>
    <testcase time="0.000999999999976353" classname="character(0)" name="Quantity_models_pass_the_parser"/>
  </testsuite>
  <testsuite name="LongitudinalClaretBruno" timestamp="2026-05-26T14:24:02Z" hostname="450e627a2832" tests="7" skipped="0" failures="0" errors="0" time="0.007">
    <testcase time="0.00200000000000955" classname="character(0)" name="Can_generate_valid_initial_values"/>
    <testcase time="0.00100000000000477" classname="character(0)" name="Can_generate_valid_initial_values"/>
    <testcase time="0.00100000000000477" classname="character(0)" name="Can_generate_valid_initial_values"/>
    <testcase time="0" classname="character(0)" name="Can_generate_valid_initial_values"/>
    <testcase time="0.00100000000000477" classname="character(0)" name="Can_generate_valid_initial_values"/>
    <testcase time="0.000999999999976353" classname="character(0)" name="Can_generate_valid_initial_values"/>
    <testcase time="0.00100000000000477" classname="character(0)" name="Can_generate_valid_initial_values"/>
  </testsuite>
  <testsuite name="LongitudinalClaretBruno" timestamp="2026-05-26T14:24:02Z" hostname="450e627a2832" tests="1" skipped="0" failures="0" errors="0" time="0.002">
    <testcase time="0.00200000000000955" classname="character(0)" name="Unscaled_variance_pass_the_parser"/>
  </testsuite>
  <testsuite name="LongitudinalClaretBruno" timestamp="2026-05-26T14:24:02Z" hostname="450e627a2832" tests="1" skipped="1" failures="0" errors="0" time="0.002">
    <testcase time="0.00200000000000955" classname="character(0)" name="Can_recover_known_distributional_parameters_from_unscaled_variance_ClaretBruno_model">
      <skipped message="Reason: is_full_test() is not TRUE ('test-LongitudinalClaretBruno.R:369:5')"/>
    </testcase>
  </testsuite>
  <testsuite name="LongitudinalGSF" timestamp="2026-05-26T14:24:12Z" hostname="450e627a2832" tests="2" skipped="0" failures="0" errors="0" time="10.139">
    <testcase time="10.138" classname="character(0)" name="LongitudinalGSF_works_as_expected_with_default_arguments"/>
    <testcase time="0.00100000000000477" classname="character(0)" name="LongitudinalGSF_works_as_expected_with_default_arguments"/>
  </testsuite>
  <testsuite name="LongitudinalGSF" timestamp="2026-05-26T14:24:12Z" hostname="450e627a2832" tests="2" skipped="0" failures="0" errors="0" time="0.003">
    <testcase time="0.00200000000000955" classname="character(0)" name="Print_method_for_LongitudinalGSF_works_as_expected"/>
    <testcase time="0.00100000000000477" classname="character(0)" name="Print_method_for_LongitudinalGSF_works_as_expected"/>
  </testsuite>
  <testsuite name="LongitudinalGSF" timestamp="2026-05-26T14:24:12Z" hostname="450e627a2832" tests="3" skipped="0" failures="0" errors="0" time="0.004">
    <testcase time="0.00199999999998113" classname="character(0)" name="Centralised_parameterisation_compiles_without_issues"/>
    <testcase time="0.00100000000000477" classname="character(0)" name="Centralised_parameterisation_compiles_without_issues"/>
    <testcase time="0.00100000000000477" classname="character(0)" name="Centralised_parameterisation_compiles_without_issues"/>
  </testsuite>
  <testsuite name="LongitudinalGSF" timestamp="2026-05-26T14:24:12Z" hostname="450e627a2832" tests="3" skipped="0" failures="0" errors="0" time="0.003">
    <testcase time="0.00200000000000955" classname="character(0)" name="Non_Centralised_parameterisation_compiles_without_issues"/>
    <testcase time="0" classname="character(0)" name="Non_Centralised_parameterisation_compiles_without_issues"/>
    <testcase time="0.00100000000000477" classname="character(0)" name="Non_Centralised_parameterisation_compiles_without_issues"/>
  </testsuite>
  <testsuite name="LongitudinalGSF" timestamp="2026-05-26T14:24:12Z" hostname="450e627a2832" tests="4" skipped="0" failures="0" errors="0" time="0.004">
    <testcase time="0.00199999999998113" classname="character(0)" name="Can_load_and_compile_growth_shrinkage_links"/>
    <testcase time="0.00100000000000477" classname="character(0)" name="Can_load_and_compile_growth_shrinkage_links"/>
    <testcase time="0.00100000000000477" classname="character(0)" name="Can_load_and_compile_growth_shrinkage_links"/>
    <testcase time="0" classname="character(0)" name="Can_load_and_compile_growth_shrinkage_links"/>
  </testsuite>
  <testsuite name="LongitudinalGSF" timestamp="2026-05-26T14:24:12Z" hostname="450e627a2832" tests="1" skipped="1" failures="0" errors="0" time="0.003">
    <testcase time="0.0029999999999859" classname="character(0)" name="Can_recover_known_distributional_parameters_from_a_full_GSF_joint_model">
      <skipped message="Reason: is_full_test() is not TRUE ('test-LongitudinalGSF.R:82:5')"/>
    </testcase>
  </testsuite>
  <testsuite name="LongitudinalGSF" timestamp="2026-05-26T14:24:12Z" hostname="450e627a2832" tests="2" skipped="0" failures="0" errors="0" time="0.017">
    <testcase time="0.0160000000000196" classname="character(0)" name="Quantity_models_pass_the_parser"/>
    <testcase time="0.00100000000000477" classname="character(0)" name="Quantity_models_pass_the_parser"/>
  </testsuite>
  <testsuite name="LongitudinalGSF" timestamp="2026-05-26T14:24:12Z" hostname="450e627a2832" tests="7" skipped="0" failures="0" errors="0" time="0.007">
    <testcase time="0.00199999999998113" classname="character(0)" name="Can_generate_valid_initial_values"/>
    <testcase time="0.00100000000000477" classname="character(0)" name="Can_generate_valid_initial_values"/>
    <testcase time="0.00100000000000477" classname="character(0)" name="Can_generate_valid_initial_values"/>
    <testcase time="0.00100000000000477" classname="character(0)" name="Can_generate_valid_initial_values"/>
    <testcase time="0.00100000000000477" classname="character(0)" name="Can_generate_valid_initial_values"/>
    <testcase time="0" classname="character(0)" name="Can_generate_valid_initial_values"/>
    <testcase time="0.000999999999976353" classname="character(0)" name="Can_generate_valid_initial_values"/>
  </testsuite>
  <testsuite name="LongitudinalGSF" timestamp="2026-05-26T14:24:12Z" hostname="450e627a2832" tests="1" skipped="0" failures="0" errors="0" time="0.002">
    <testcase time="0.00200000000000955" classname="character(0)" name="Unscaled_variance_GSF_mode_pass_the_parser"/>
  </testsuite>
  <testsuite name="LongitudinalGSF" timestamp="2026-05-26T14:24:12Z" hostname="450e627a2832" tests="1" skipped="1" failures="0" errors="0" time="0.003">
    <testcase time="0.00300000000001432" classname="character(0)" name="Can_recover_known_distributional_parameters_from_unscaled_variance_GSF_model">
      <skipped message="Reason: is_full_test() is not TRUE ('test-LongitudinalGSF.R:376:5')"/>
    </testcase>
  </testsuite>
  <testsuite name="Grid" timestamp="2026-05-26T14:25:09Z" hostname="450e627a2832" tests="15" skipped="0" failures="0" errors="0" time="56.769">
    <testcase time="56.758" classname="character(0)" name="Grid_objects_work_with_QuantityGenerator_and_QuantityCollapser"/>
    <testcase time="0.0010000000000332" classname="character(0)" name="Grid_objects_work_with_QuantityGenerator_and_QuantityCollapser"/>
    <testcase time="0" classname="character(0)" name="Grid_objects_work_with_QuantityGenerator_and_QuantityCollapser"/>
    <testcase time="0.000999999999976353" classname="character(0)" name="Grid_objects_work_with_QuantityGenerator_and_QuantityCollapser"/>
    <testcase time="0.000999999999976353" classname="character(0)" name="Grid_objects_work_with_QuantityGenerator_and_QuantityCollapser"/>
    <testcase time="0.0010000000000332" classname="character(0)" name="Grid_objects_work_with_QuantityGenerator_and_QuantityCollapser"/>
    <testcase time="0.000999999999976353" classname="character(0)" name="Grid_objects_work_with_QuantityGenerator_and_QuantityCollapser"/>
    <testcase time="0" classname="character(0)" name="Grid_objects_work_with_QuantityGenerator_and_QuantityCollapser"/>
    <testcase time="0.0010000000000332" classname="character(0)" name="Grid_objects_work_with_QuantityGenerator_and_QuantityCollapser"/>
    <testcase time="0.000999999999976353" classname="character(0)" name="Grid_objects_work_with_QuantityGenerator_and_QuantityCollapser"/>
    <testcase time="0.000999999999976353" classname="character(0)" name="Grid_objects_work_with_QuantityGenerator_and_QuantityCollapser"/>
    <testcase time="0.0010000000000332" classname="character(0)" name="Grid_objects_work_with_QuantityGenerator_and_QuantityCollapser"/>
    <testcase time="0" classname="character(0)" name="Grid_objects_work_with_QuantityGenerator_and_QuantityCollapser"/>
    <testcase time="0.000999999999976353" classname="character(0)" name="Grid_objects_work_with_QuantityGenerator_and_QuantityCollapser"/>
    <testcase time="0.0010000000000332" classname="character(0)" name="Grid_objects_work_with_QuantityGenerator_and_QuantityCollapser"/>
  </testsuite>
  <testsuite name="Grid" timestamp="2026-05-26T14:25:09Z" hostname="450e627a2832" tests="11" skipped="0" failures="0" errors="0" time="0.011">
    <testcase time="0.0029999999999859" classname="character(0)" name="GridObservered_Constructs_correct_quantities"/>
    <testcase time="0" classname="character(0)" name="GridObservered_Constructs_correct_quantities"/>
    <testcase time="0.000999999999976353" classname="character(0)" name="GridObservered_Constructs_correct_quantities"/>
    <testcase time="0.0010000000000332" classname="character(0)" name="GridObservered_Constructs_correct_quantities"/>
    <testcase time="0.000999999999976353" classname="character(0)" name="GridObservered_Constructs_correct_quantities"/>
    <testcase time="0.0010000000000332" classname="character(0)" name="GridObservered_Constructs_correct_quantities"/>
    <testcase time="0" classname="character(0)" name="GridObservered_Constructs_correct_quantities"/>
    <testcase time="0.000999999999976353" classname="character(0)" name="GridObservered_Constructs_correct_quantities"/>
    <testcase time="0.000999999999976353" classname="character(0)" name="GridObservered_Constructs_correct_quantities"/>
    <testcase time="0.0010000000000332" classname="character(0)" name="GridObservered_Constructs_correct_quantities"/>
    <testcase time="0.000999999999976353" classname="character(0)" name="GridObservered_Constructs_correct_quantities"/>
  </testsuite>
  <testsuite name="Grid" timestamp="2026-05-26T14:25:09Z" hostname="450e627a2832" tests="4" skipped="0" failures="0" errors="0" time="0.005">
    <testcase time="0.00200000000000955" classname="character(0)" name="subjects_to_list_works_as_expected"/>
    <testcase time="0.0010000000000332" classname="character(0)" name="subjects_to_list_works_as_expected"/>
    <testcase time="0.000999999999976353" classname="character(0)" name="subjects_to_list_works_as_expected"/>
    <testcase time="0.000999999999976353" classname="character(0)" name="subjects_to_list_works_as_expected"/>
  </testsuite>
  <testsuite name="Grid" timestamp="2026-05-26T14:25:09Z" hostname="450e627a2832" tests="4" skipped="0" failures="0" errors="0" time="0.004">
    <testcase time="0.00200000000000955" classname="character(0)" name="coalesceGridTime_works_as_expected"/>
    <testcase time="0" classname="character(0)" name="coalesceGridTime_works_as_expected"/>
    <testcase time="0.0010000000000332" classname="character(0)" name="coalesceGridTime_works_as_expected"/>
    <testcase time="0.000999999999976353" classname="character(0)" name="coalesceGridTime_works_as_expected"/>
  </testsuite>
  <testsuite name="Grid" timestamp="2026-05-26T14:25:09Z" hostname="450e627a2832" tests="5" skipped="0" failures="0" errors="0" time="0.005">
    <testcase time="0.00200000000000955" classname="character(0)" name="GridPopulation_works_as_expected_for_GSF_models"/>
    <testcase time="0.000999999999976353" classname="character(0)" name="GridPopulation_works_as_expected_for_GSF_models"/>
    <testcase time="0.0010000000000332" classname="character(0)" name="GridPopulation_works_as_expected_for_GSF_models"/>
    <testcase time="0.000999999999976353" classname="character(0)" name="GridPopulation_works_as_expected_for_GSF_models"/>
    <testcase time="0" classname="character(0)" name="GridPopulation_works_as_expected_for_GSF_models"/>
  </testsuite>
  <testsuite name="Grid" timestamp="2026-05-26T14:25:09Z" hostname="450e627a2832" tests="5" skipped="0" failures="0" errors="0" time="0.005">
    <testcase time="0.00200000000000955" classname="character(0)" name="GridPopulation_works_as_expected_for_Longitudinal_models"/>
    <testcase time="0.000999999999976353" classname="character(0)" name="GridPopulation_works_as_expected_for_Longitudinal_models"/>
    <testcase time="0.0010000000000332" classname="character(0)" name="GridPopulation_works_as_expected_for_Longitudinal_models"/>
    <testcase time="0.000999999999976353" classname="character(0)" name="GridPopulation_works_as_expected_for_Longitudinal_models"/>
    <testcase time="0" classname="character(0)" name="GridPopulation_works_as_expected_for_Longitudinal_models"/>
  </testsuite>
  <testsuite name="Grid" timestamp="2026-05-26T14:25:09Z" hostname="450e627a2832" tests="1" skipped="0" failures="0" errors="0" time="0.003">
    <testcase time="0.0029999999999859" classname="character(0)" name="GridPopulation_doesn_t_work_with_SurvivalQuantities"/>
  </testsuite>
  <testsuite name="Grid" timestamp="2026-05-26T14:25:09Z" hostname="450e627a2832" tests="1" skipped="0" failures="0" errors="0" time="0.002">
    <testcase time="0.00200000000000955" classname="character(0)" name="GridFixed_bug_has_been_fixed"/>
  </testsuite>
  <testsuite name="LongitudinalQuantiles" timestamp="2026-05-26T14:25:21Z" hostname="450e627a2832" tests="10" skipped="0" failures="0" errors="0" time="12.036">
    <testcase time="12.029" classname="character(0)" name="Test_that_LongitudinalQuantities_works_as_expected"/>
    <testcase time="0" classname="character(0)" name="Test_that_LongitudinalQuantities_works_as_expected"/>
    <testcase time="0.000999999999976353" classname="character(0)" name="Test_that_LongitudinalQuantities_works_as_expected"/>
    <testcase time="0.0010000000000332" classname="character(0)" name="Test_that_LongitudinalQuantities_works_as_expected"/>
    <testcase time="0.000999999999976353" classname="character(0)" name="Test_that_LongitudinalQuantities_works_as_expected"/>
    <testcase time="0.000999999999976353" classname="character(0)" name="Test_that_LongitudinalQuantities_works_as_expected"/>
    <testcase time="0.0010000000000332" classname="character(0)" name="Test_that_LongitudinalQuantities_works_as_expected"/>
    <testcase time="0.000999999999976353" classname="character(0)" name="Test_that_LongitudinalQuantities_works_as_expected"/>
    <testcase time="0" classname="character(0)" name="Test_that_LongitudinalQuantities_works_as_expected"/>
    <testcase time="0.0010000000000332" classname="character(0)" name="Test_that_LongitudinalQuantities_works_as_expected"/>
  </testsuite>
  <testsuite name="LongitudinalQuantiles" timestamp="2026-05-26T14:25:21Z" hostname="450e627a2832" tests="15" skipped="0" failures="0" errors="0" time="0.014">
    <testcase time="0.0029999999999859" classname="character(0)" name="autoplot.LongitudinalQuantities_works_as_expected"/>
    <testcase time="0.000999999999976353" classname="character(0)" name="autoplot.LongitudinalQuantities_works_as_expected"/>
    <testcase time="0.0010000000000332" classname="character(0)" name="autoplot.LongitudinalQuantities_works_as_expected"/>
    <testcase time="0" classname="character(0)" name="autoplot.LongitudinalQuantities_works_as_expected"/>
    <testcase time="0.000999999999976353" classname="character(0)" name="autoplot.LongitudinalQuantities_works_as_expected"/>
    <testcase time="0.0010000000000332" classname="character(0)" name="autoplot.LongitudinalQuantities_works_as_expected"/>
    <testcase time="0" classname="character(0)" name="autoplot.LongitudinalQuantities_works_as_expected"/>
    <testcase time="0.000999999999976353" classname="character(0)" name="autoplot.LongitudinalQuantities_works_as_expected"/>
    <testcase time="0.000999999999976353" classname="character(0)" name="autoplot.LongitudinalQuantities_works_as_expected"/>
    <testcase time="0.0010000000000332" classname="character(0)" name="autoplot.LongitudinalQuantities_works_as_expected"/>
    <testcase time="0.000999999999976353" classname="character(0)" name="autoplot.LongitudinalQuantities_works_as_expected"/>
    <testcase time="0" classname="character(0)" name="autoplot.LongitudinalQuantities_works_as_expected"/>
    <testcase time="0.0010000000000332" classname="character(0)" name="autoplot.LongitudinalQuantities_works_as_expected"/>
    <testcase time="0.000999999999976353" classname="character(0)" name="autoplot.LongitudinalQuantities_works_as_expected"/>
    <testcase time="0.000999999999976353" classname="character(0)" name="autoplot.LongitudinalQuantities_works_as_expected"/>
  </testsuite>
  <testsuite name="LongitudinalQuantiles" timestamp="2026-05-26T14:25:21Z" hostname="450e627a2832" tests="2" skipped="0" failures="0" errors="0" time="0.003">
    <testcase time="0.00300000000004275" classname="character(0)" name="LongitudinalQuantities_print_method_works_as_expected"/>
    <testcase time="0" classname="character(0)" name="LongitudinalQuantities_print_method_works_as_expected"/>
  </testsuite>
  <testsuite name="LongitudinalQuantiles" timestamp="2026-05-26T14:25:21Z" hostname="450e627a2832" tests="1" skipped="0" failures="0" errors="0" time="0.003">
    <testcase time="0.0029999999999859" classname="character(0)" name="LongitudinalQuantities_can_recover_known_results"/>
  </testsuite>
  <testsuite name="LongitudinalQuantiles" timestamp="2026-05-26T14:25:21Z" hostname="450e627a2832" tests="1" skipped="0" failures="0" errors="0" time="0.002">
    <testcase time="0.00200000000000955" classname="character(0)" name="LongitudinalQuantities_correctly_subsets_subjects_and_rebuilds_correct_value_for_each_sample"/>
  </testsuite>
  <testsuite name="LongitudinalRandomEffects" timestamp="2026-05-26T14:26:23Z" hostname="450e627a2832" tests="4" skipped="0" failures="0" errors="0" time="61.712">
    <testcase time="61.709" classname="character(0)" name="LongitudinalRandomEffects_works_as_expected"/>
    <testcase time="0.000999999999976353" classname="character(0)" name="LongitudinalRandomEffects_works_as_expected"/>
    <testcase time="0.0010000000000332" classname="character(0)" name="LongitudinalRandomEffects_works_as_expected"/>
    <testcase time="0.000999999999976353" classname="character(0)" name="LongitudinalRandomEffects_works_as_expected"/>
  </testsuite>
  <testsuite name="LongitudinalSteinFojo" timestamp="2026-05-26T14:26:34Z" hostname="450e627a2832" tests="2" skipped="0" failures="0" errors="0" time="10.969">
    <testcase time="10.968" classname="character(0)" name="LongitudinalSteinFojo_works_as_expected_with_default_arguments"/>
    <testcase time="0.000999999999976353" classname="character(0)" name="LongitudinalSteinFojo_works_as_expected_with_default_arguments"/>
  </testsuite>
  <testsuite name="LongitudinalSteinFojo" timestamp="2026-05-26T14:26:34Z" hostname="450e627a2832" tests="2" skipped="0" failures="0" errors="0" time="0.004">
    <testcase time="0.0029999999999859" classname="character(0)" name="Print_method_for_LongitudinalSteinFojo_works_as_expected"/>
    <testcase time="0.0010000000000332" classname="character(0)" name="Print_method_for_LongitudinalSteinFojo_works_as_expected"/>
  </testsuite>
  <testsuite name="LongitudinalSteinFojo" timestamp="2026-05-26T14:26:34Z" hostname="450e627a2832" tests="3" skipped="0" failures="0" errors="0" time="0.004">
    <testcase time="0.00200000000000955" classname="character(0)" name="Centralised_parameterisation_compiles_without_issues"/>
    <testcase time="0.000999999999976353" classname="character(0)" name="Centralised_parameterisation_compiles_without_issues"/>
    <testcase time="0.000999999999976353" classname="character(0)" name="Centralised_parameterisation_compiles_without_issues"/>
  </testsuite>
  <testsuite name="LongitudinalSteinFojo" timestamp="2026-05-26T14:26:34Z" hostname="450e627a2832" tests="3" skipped="0" failures="0" errors="0" time="0.003">
    <testcase time="0.00200000000000955" classname="character(0)" name="Non_Centralised_parameterisation_compiles_without_issues"/>
    <testcase time="0.0010000000000332" classname="character(0)" name="Non_Centralised_parameterisation_compiles_without_issues"/>
    <testcase time="0" classname="character(0)" name="Non_Centralised_parameterisation_compiles_without_issues"/>
  </testsuite>
  <testsuite name="LongitudinalSteinFojo" timestamp="2026-05-26T14:26:34Z" hostname="450e627a2832" tests="3" skipped="0" failures="0" errors="0" time="0.003">
    <testcase time="0.00200000000000955" classname="character(0)" name="Centralised_parameterisation_compiles_without_issues"/>
    <testcase time="0.000999999999976353" classname="character(0)" name="Centralised_parameterisation_compiles_without_issues"/>
    <testcase time="0" classname="character(0)" name="Centralised_parameterisation_compiles_without_issues"/>
  </testsuite>
  <testsuite name="LongitudinalSteinFojo" timestamp="2026-05-26T14:26:34Z" hostname="450e627a2832" tests="3" skipped="0" failures="0" errors="0" time="0.003">
    <testcase time="0.00300000000004275" classname="character(0)" name="Non_Centralised_parameterisation_compiles_without_issues"/>
    <testcase time="0" classname="character(0)" name="Non_Centralised_parameterisation_compiles_without_issues"/>
    <testcase time="0" classname="character(0)" name="Non_Centralised_parameterisation_compiles_without_issues"/>
  </testsuite>
  <testsuite name="LongitudinalSteinFojo" timestamp="2026-05-26T14:26:34Z" hostname="450e627a2832" tests="4" skipped="0" failures="0" errors="0" time="0.004">
    <testcase time="0.00200000000000955" classname="character(0)" name="Can_load_and_compile_growth_shrinkage_links"/>
    <testcase time="0" classname="character(0)" name="Can_load_and_compile_growth_shrinkage_links"/>
    <testcase time="0.0010000000000332" classname="character(0)" name="Can_load_and_compile_growth_shrinkage_links"/>
    <testcase time="0.000999999999976353" classname="character(0)" name="Can_load_and_compile_growth_shrinkage_links"/>
  </testsuite>
  <testsuite name="LongitudinalSteinFojo" timestamp="2026-05-26T14:26:34Z" hostname="450e627a2832" tests="1" skipped="1" failures="0" errors="0" time="0.002">
    <testcase time="0.00200000000000955" classname="character(0)" name="Can_recover_known_distributional_parameters_from_a_SF_joint_model">
      <skipped message="Reason: is_full_test() is not TRUE ('test-LongitudinalSteinFojo.R:108:5')"/>
    </testcase>
  </testsuite>
  <testsuite name="LongitudinalSteinFojo" timestamp="2026-05-26T14:26:34Z" hostname="450e627a2832" tests="1" skipped="1" failures="0" errors="0" time="0.017">
    <testcase time="0.0169999999999959" classname="character(0)" name="Can_recover_known_distributional_parameters_from_a_SF_joint_model_with_growth_link">
      <skipped message="Reason: is_full_test() is not TRUE ('test-LongitudinalSteinFojo.R:298:5')"/>
    </testcase>
  </testsuite>
  <testsuite name="LongitudinalSteinFojo" timestamp="2026-05-26T14:26:34Z" hostname="450e627a2832" tests="2" skipped="0" failures="0" errors="0" time="0.016">
    <testcase time="0.0149999999999864" classname="character(0)" name="Quantity_models_pass_the_parser"/>
    <testcase time="0.0010000000000332" classname="character(0)" name="Quantity_models_pass_the_parser"/>
  </testsuite>
  <testsuite name="LongitudinalSteinFojo" timestamp="2026-05-26T14:26:34Z" hostname="450e627a2832" tests="6" skipped="0" failures="0" errors="0" time="0.006">
    <testcase time="0.00200000000000955" classname="character(0)" name="Can_generate_valid_initial_values"/>
    <testcase time="0.000999999999976353" classname="character(0)" name="Can_generate_valid_initial_values"/>
    <testcase time="0.000999999999976353" classname="character(0)" name="Can_generate_valid_initial_values"/>
    <testcase time="0.0010000000000332" classname="character(0)" name="Can_generate_valid_initial_values"/>
    <testcase time="0" classname="character(0)" name="Can_generate_valid_initial_values"/>
    <testcase time="0.000999999999976353" classname="character(0)" name="Can_generate_valid_initial_values"/>
  </testsuite>
  <testsuite name="LongitudinalSteinFojo" timestamp="2026-05-26T14:26:34Z" hostname="450e627a2832" tests="1" skipped="0" failures="0" errors="0" time="0.002">
    <testcase time="0.00200000000000955" classname="character(0)" name="Unscaled_variance_SF_mode_pass_the_parser"/>
  </testsuite>
  <testsuite name="LongitudinalSteinFojo" timestamp="2026-05-26T14:26:34Z" hostname="450e627a2832" tests="1" skipped="1" failures="0" errors="0" time="0.003">
    <testcase time="0.0029999999999859" classname="character(0)" name="Can_recover_known_distributional_parameters_from_unscaled_variance_SF_model">
      <skipped message="Reason: is_full_test() is not TRUE ('test-LongitudinalSteinFojo.R:564:5')"/>
    </testcase>
  </testsuite>
  <testsuite name="Parameter" timestamp="2026-05-26T14:26:34Z" hostname="450e627a2832" tests="2" skipped="0" failures="0" errors="0" time="0.124">
    <testcase time="0.12299999999999" classname="character(0)" name="Parameters_smoke_tests"/>
    <testcase time="0.0010000000000332" classname="character(0)" name="Parameters_smoke_tests"/>
  </testsuite>
  <testsuite name="Parameter" timestamp="2026-05-26T14:26:34Z" hostname="450e627a2832" tests="3" skipped="0" failures="0" errors="0" time="0.004">
    <testcase time="0.00200000000000955" classname="character(0)" name="show_works_for_Paramneter_objects"/>
    <testcase time="0.000999999999976353" classname="character(0)" name="show_works_for_Paramneter_objects"/>
    <testcase time="0.0010000000000332" classname="character(0)" name="show_works_for_Paramneter_objects"/>
  </testsuite>
  <testsuite name="ParameterList" timestamp="2026-05-26T14:26:34Z" hostname="450e627a2832" tests="4" skipped="0" failures="0" errors="0" time="0.111">
    <testcase time="0.10899999999998" classname="character(0)" name="ParameterList_smoke_tests"/>
    <testcase time="0.000999999999976353" classname="character(0)" name="ParameterList_smoke_tests"/>
    <testcase time="0.0010000000000332" classname="character(0)" name="ParameterList_smoke_tests"/>
    <testcase time="0" classname="character(0)" name="ParameterList_smoke_tests"/>
  </testsuite>
  <testsuite name="ParameterList" timestamp="2026-05-26T14:26:34Z" hostname="450e627a2832" tests="1" skipped="0" failures="0" errors="0" time="0.003">
    <testcase time="0.0029999999999859" classname="character(0)" name="show_works_for_ParameterList_objects"/>
  </testsuite>
  <testsuite name="Prior" timestamp="2026-05-26T14:26:35Z" hostname="450e627a2832" tests="8" skipped="0" failures="0" errors="0" time="0.888">
    <testcase time="0.882000000000005" classname="character(0)" name="Priors_work_as_expected"/>
    <testcase time="0.000999999999976353" classname="character(0)" name="Priors_work_as_expected"/>
    <testcase time="0.0010000000000332" classname="character(0)" name="Priors_work_as_expected"/>
    <testcase time="0.000999999999976353" classname="character(0)" name="Priors_work_as_expected"/>
    <testcase time="0.0010000000000332" classname="character(0)" name="Priors_work_as_expected"/>
    <testcase time="0" classname="character(0)" name="Priors_work_as_expected"/>
    <testcase time="0.000999999999976353" classname="character(0)" name="Priors_work_as_expected"/>
    <testcase time="0.000999999999976353" classname="character(0)" name="Priors_work_as_expected"/>
  </testsuite>
  <testsuite name="Prior" timestamp="2026-05-26T14:26:35Z" hostname="450e627a2832" tests="15" skipped="0" failures="0" errors="0" time="0.013">
    <testcase time="0.00200000000000955" classname="character(0)" name="Invalid_prior_parameters_are_rejected"/>
    <testcase time="0.0010000000000332" classname="character(0)" name="Invalid_prior_parameters_are_rejected"/>
    <testcase time="0.000999999999976353" classname="character(0)" name="Invalid_prior_parameters_are_rejected"/>
    <testcase time="0.000999999999976353" classname="character(0)" name="Invalid_prior_parameters_are_rejected"/>
    <testcase time="0" classname="character(0)" name="Invalid_prior_parameters_are_rejected"/>
    <testcase time="0.0010000000000332" classname="character(0)" name="Invalid_prior_parameters_are_rejected"/>
    <testcase time="0.000999999999976353" classname="character(0)" name="Invalid_prior_parameters_are_rejected"/>
    <testcase time="0.0010000000000332" classname="character(0)" name="Invalid_prior_parameters_are_rejected"/>
    <testcase time="0" classname="character(0)" name="Invalid_prior_parameters_are_rejected"/>
    <testcase time="0.000999999999976353" classname="character(0)" name="Invalid_prior_parameters_are_rejected"/>
    <testcase time="0.0010000000000332" classname="character(0)" name="Invalid_prior_parameters_are_rejected"/>
    <testcase time="0.000999999999976353" classname="character(0)" name="Invalid_prior_parameters_are_rejected"/>
    <testcase time="0.000999999999976353" classname="character(0)" name="Invalid_prior_parameters_are_rejected"/>
    <testcase time="0.0010000000000332" classname="character(0)" name="Invalid_prior_parameters_are_rejected"/>
    <testcase time="0" classname="character(0)" name="Invalid_prior_parameters_are_rejected"/>
  </testsuite>
  <testsuite name="Prior" timestamp="2026-05-26T14:26:35Z" hostname="450e627a2832" tests="11" skipped="0" failures="0" errors="0" time="0.011">
    <testcase time="0.0029999999999859" classname="character(0)" name="show_works_for_Prior_objects"/>
    <testcase time="0.000999999999976353" classname="character(0)" name="show_works_for_Prior_objects"/>
    <testcase time="0" classname="character(0)" name="show_works_for_Prior_objects"/>
    <testcase time="0.0010000000000332" classname="character(0)" name="show_works_for_Prior_objects"/>
    <testcase time="0.000999999999976353" classname="character(0)" name="show_works_for_Prior_objects"/>
    <testcase time="0.0010000000000332" classname="character(0)" name="show_works_for_Prior_objects"/>
    <testcase time="0.000999999999976353" classname="character(0)" name="show_works_for_Prior_objects"/>
    <testcase time="0" classname="character(0)" name="show_works_for_Prior_objects"/>
    <testcase time="0.000999999999976353" classname="character(0)" name="show_works_for_Prior_objects"/>
    <testcase time="0.0010000000000332" classname="character(0)" name="show_works_for_Prior_objects"/>
    <testcase time="0.000999999999976353" classname="character(0)" name="show_works_for_Prior_objects"/>
  </testsuite>
  <testsuite name="Prior" timestamp="2026-05-26T14:26:35Z" hostname="450e627a2832" tests="3" skipped="0" failures="0" errors="0" time="0.004">
    <testcase time="0.00200000000000955" classname="character(0)" name="jmpost.prior_shrinkage_works_as_expected"/>
    <testcase time="0.0010000000000332" classname="character(0)" name="jmpost.prior_shrinkage_works_as_expected"/>
    <testcase time="0.000999999999976353" classname="character(0)" name="jmpost.prior_shrinkage_works_as_expected"/>
  </testsuite>
  <testsuite name="Prior" timestamp="2026-05-26T14:26:35Z" hostname="450e627a2832" tests="7" skipped="0" failures="0" errors="0" time="0.006">
    <testcase time="0.00200000000000955" classname="character(0)" name="Limits_work_as_expected"/>
    <testcase time="0.000999999999976353" classname="character(0)" name="Limits_work_as_expected"/>
    <testcase time="0" classname="character(0)" name="Limits_work_as_expected"/>
    <testcase time="0.0010000000000332" classname="character(0)" name="Limits_work_as_expected"/>
    <testcase time="0.000999999999976353" classname="character(0)" name="Limits_work_as_expected"/>
    <testcase time="0" classname="character(0)" name="Limits_work_as_expected"/>
    <testcase time="0.000999999999976353" classname="character(0)" name="Limits_work_as_expected"/>
  </testsuite>
  <testsuite name="Prior" timestamp="2026-05-26T14:26:35Z" hostname="450e627a2832" tests="2" skipped="0" failures="0" errors="0" time="0.003">
    <testcase time="0.00300000000004275" classname="character(0)" name="median_Prior_works_as_expected"/>
    <testcase time="0" classname="character(0)" name="median_Prior_works_as_expected"/>
  </testsuite>
  <testsuite name="Prior" timestamp="2026-05-26T14:26:35Z" hostname="450e627a2832" tests="4" skipped="0" failures="0" errors="0" time="0.005">
    <testcase time="0.0029999999999859" classname="character(0)" name="Parameters_in_priors_must_be_length_1_422"/>
    <testcase time="0" classname="character(0)" name="Parameters_in_priors_must_be_length_1_422"/>
    <testcase time="0.000999999999976353" classname="character(0)" name="Parameters_in_priors_must_be_length_1_422"/>
    <testcase time="0.0010000000000332" classname="character(0)" name="Parameters_in_priors_must_be_length_1_422"/>
  </testsuite>
  <testsuite name="Quantities" timestamp="2026-05-26T14:26:35Z" hostname="450e627a2832" tests="3" skipped="0" failures="0" errors="0" time="0.181">
    <testcase time="0.178999999999974" classname="character(0)" name="Simple_utility_functions_work_as_expected"/>
    <testcase time="0.0010000000000332" classname="character(0)" name="Simple_utility_functions_work_as_expected"/>
    <testcase time="0.000999999999976353" classname="character(0)" name="Simple_utility_functions_work_as_expected"/>
  </testsuite>
  <testsuite name="Quantities" timestamp="2026-05-26T14:26:35Z" hostname="450e627a2832" tests="4" skipped="0" failures="0" errors="0" time="0.005">
    <testcase time="0.00200000000000955" classname="character(0)" name="collapse_quantities_works_as_expected"/>
    <testcase time="0.000999999999976353" classname="character(0)" name="collapse_quantities_works_as_expected"/>
    <testcase time="0.0010000000000332" classname="character(0)" name="collapse_quantities_works_as_expected"/>
    <testcase time="0.000999999999976353" classname="character(0)" name="collapse_quantities_works_as_expected"/>
  </testsuite>
  <testsuite name="Quantities" timestamp="2026-05-26T14:26:35Z" hostname="450e627a2832" tests="1" skipped="0" failures="0" errors="0" time="0.002">
    <testcase time="0.00200000000000955" classname="character(0)" name="summary.Quantiles_works_as_expected"/>
  </testsuite>
  <testsuite name="Quantities" timestamp="2026-05-26T14:26:35Z" hostname="450e627a2832" tests="1" skipped="0" failures="0" errors="0" time="0.003">
    <testcase time="0.0029999999999859" classname="character(0)" name="as.data.frame.Quantiles_works_as_expected"/>
  </testsuite>
  <testsuite name="Quantities" timestamp="2026-05-26T14:26:35Z" hostname="450e627a2832" tests="1" skipped="0" failures="0" errors="0" time="0.002">
    <testcase time="0.00200000000000955" classname="character(0)" name="Quantities_print_method_works_as_expected"/>
  </testsuite>
  <testsuite name="SimGroup" timestamp="2026-05-26T14:26:35Z" hostname="450e627a2832" tests="7" skipped="0" failures="0" errors="0" time="0.099">
    <testcase time="0.0939999999999941" classname="character(0)" name="SimGroup_works_as_expected"/>
    <testcase time="0.0010000000000332" classname="character(0)" name="SimGroup_works_as_expected"/>
    <testcase time="0.000999999999976353" classname="character(0)" name="SimGroup_works_as_expected"/>
    <testcase time="0.000999999999976353" classname="character(0)" name="SimGroup_works_as_expected"/>
    <testcase time="0" classname="character(0)" name="SimGroup_works_as_expected"/>
    <testcase time="0.0010000000000332" classname="character(0)" name="SimGroup_works_as_expected"/>
    <testcase time="0.000999999999976353" classname="character(0)" name="SimGroup_works_as_expected"/>
  </testsuite>
  <testsuite name="LongitudinalRandomSlope" timestamp="2026-05-26T14:26:38Z" hostname="450e627a2832" tests="2" skipped="0" failures="0" errors="0" time="2.281">
    <testcase time="2.28000000000003" classname="character(0)" name="Print_method_for_LongitudinalRandomSlope_works_as_expected"/>
    <testcase time="0.000999999999976353" classname="character(0)" name="Print_method_for_LongitudinalRandomSlope_works_as_expected"/>
  </testsuite>
  <testsuite name="LongitudinalRandomSlope" timestamp="2026-05-26T14:26:38Z" hostname="450e627a2832" tests="1" skipped="0" failures="0" errors="0" time="0.003">
    <testcase time="0.0029999999999859" classname="character(0)" name="LongitudinalRandomSlope_correctly_generates_an_intercept_per_study"/>
  </testsuite>
  <testsuite name="LongitudinalRandomSlope" timestamp="2026-05-26T14:26:38Z" hostname="450e627a2832" tests="2" skipped="0" failures="0" errors="0" time="0.004">
    <testcase time="0.00300000000004275" classname="character(0)" name="Random_Slope_Model_can_recover_known_parameter_values"/>
    <testcase time="0.000999999999976353" classname="character(0)" name="Random_Slope_Model_can_recover_known_parameter_values"/>
  </testsuite>
  <testsuite name="LongitudinalRandomSlope" timestamp="2026-05-26T14:26:38Z" hostname="450e627a2832" tests="2" skipped="0" failures="0" errors="0" time="0.004">
    <testcase time="0.0029999999999859" classname="character(0)" name="Random_Slope_Model_left_censoring_works_as_expected"/>
    <testcase time="0.0010000000000332" classname="character(0)" name="Random_Slope_Model_left_censoring_works_as_expected"/>
  </testsuite>
  <testsuite name="LongitudinalRandomSlope" timestamp="2026-05-26T14:26:38Z" hostname="450e627a2832" tests="2" skipped="0" failures="0" errors="0" time="0.003">
    <testcase time="0.0029999999999859" classname="character(0)" name="Quantity_models_pass_the_parser"/>
    <testcase time="0" classname="character(0)" name="Quantity_models_pass_the_parser"/>
  </testsuite>
  <testsuite name="LongitudinalRandomSlope" timestamp="2026-05-26T14:26:38Z" hostname="450e627a2832" tests="4" skipped="0" failures="0" errors="0" time="0.004">
    <testcase time="0.0029999999999859" classname="character(0)" name="Can_generate_valid_initial_values"/>
    <testcase time="0.0010000000000332" classname="character(0)" name="Can_generate_valid_initial_values"/>
    <testcase time="0" classname="character(0)" name="Can_generate_valid_initial_values"/>
    <testcase time="0" classname="character(0)" name="Can_generate_valid_initial_values"/>
  </testsuite>
  <testsuite name="SimLongitudinalClaretBruno" timestamp="2026-05-26T14:26:38Z" hostname="450e627a2832" tests="16" skipped="0" failures="0" errors="0" time="0.159">
    <testcase time="0.144000000000005" classname="character(0)" name="SimLongitudinalClaretBruno_works_as_expected"/>
    <testcase time="0.0010000000000332" classname="character(0)" name="SimLongitudinalClaretBruno_works_as_expected"/>
    <testcase time="0.000999999999976353" classname="character(0)" name="SimLongitudinalClaretBruno_works_as_expected"/>
    <testcase time="0.0010000000000332" classname="character(0)" name="SimLongitudinalClaretBruno_works_as_expected"/>
    <testcase time="0.00199999999995271" classname="character(0)" name="SimLongitudinalClaretBruno_works_as_expected"/>
    <testcase time="0.0010000000000332" classname="character(0)" name="SimLongitudinalClaretBruno_works_as_expected"/>
    <testcase time="0.000999999999976353" classname="character(0)" name="SimLongitudinalClaretBruno_works_as_expected"/>
    <testcase time="0.0010000000000332" classname="character(0)" name="SimLongitudinalClaretBruno_works_as_expected"/>
    <testcase time="0.000999999999976353" classname="character(0)" name="SimLongitudinalClaretBruno_works_as_expected"/>
    <testcase time="0" classname="character(0)" name="SimLongitudinalClaretBruno_works_as_expected"/>
    <testcase time="0.0010000000000332" classname="character(0)" name="SimLongitudinalClaretBruno_works_as_expected"/>
    <testcase time="0.000999999999976353" classname="character(0)" name="SimLongitudinalClaretBruno_works_as_expected"/>
    <testcase time="0.000999999999976353" classname="character(0)" name="SimLongitudinalClaretBruno_works_as_expected"/>
    <testcase time="0.0010000000000332" classname="character(0)" name="SimLongitudinalClaretBruno_works_as_expected"/>
    <testcase time="0.000999999999976353" classname="character(0)" name="SimLongitudinalClaretBruno_works_as_expected"/>
    <testcase time="0.0010000000000332" classname="character(0)" name="SimLongitudinalClaretBruno_works_as_expected"/>
  </testsuite>
  <testsuite name="SimLongitudinalClaretBruno" timestamp="2026-05-26T14:26:38Z" hostname="450e627a2832" tests="1" skipped="0" failures="0" errors="0" time="0.003">
    <testcase time="0.0029999999999859" classname="character(0)" name="print_methods_work_as_expected"/>
  </testsuite>
  <testsuite name="SimLongitudinalGSF" timestamp="2026-05-26T14:26:38Z" hostname="450e627a2832" tests="16" skipped="0" failures="0" errors="0" time="0.157">
    <testcase time="0.13900000000001" classname="character(0)" name="SimLongitudinalGSF_works_as_expected"/>
    <testcase time="0.00200000000000955" classname="character(0)" name="SimLongitudinalGSF_works_as_expected"/>
    <testcase time="0.000999999999976353" classname="character(0)" name="SimLongitudinalGSF_works_as_expected"/>
    <testcase time="0.000999999999976353" classname="character(0)" name="SimLongitudinalGSF_works_as_expected"/>
    <testcase time="0.0010000000000332" classname="character(0)" name="SimLongitudinalGSF_works_as_expected"/>
    <testcase time="0.0010000000000332" classname="character(0)" name="SimLongitudinalGSF_works_as_expected"/>
    <testcase time="0.000999999999976353" classname="character(0)" name="SimLongitudinalGSF_works_as_expected"/>
    <testcase time="0.000999999999976353" classname="character(0)" name="SimLongitudinalGSF_works_as_expected"/>
    <testcase time="0.00200000000000955" classname="character(0)" name="SimLongitudinalGSF_works_as_expected"/>
    <testcase time="0.0010000000000332" classname="character(0)" name="SimLongitudinalGSF_works_as_expected"/>
    <testcase time="0.000999999999976353" classname="character(0)" name="SimLongitudinalGSF_works_as_expected"/>
    <testcase time="0.0010000000000332" classname="character(0)" name="SimLongitudinalGSF_works_as_expected"/>
    <testcase time="0.000999999999976353" classname="character(0)" name="SimLongitudinalGSF_works_as_expected"/>
    <testcase time="0.000999999999976353" classname="character(0)" name="SimLongitudinalGSF_works_as_expected"/>
    <testcase time="0.0010000000000332" classname="character(0)" name="SimLongitudinalGSF_works_as_expected"/>
    <testcase time="0.00200000000000955" classname="character(0)" name="SimLongitudinalGSF_works_as_expected"/>
  </testsuite>
  <testsuite name="SimLongitudinalGSF" timestamp="2026-05-26T14:26:38Z" hostname="450e627a2832" tests="1" skipped="0" failures="0" errors="0" time="0.004">
    <testcase time="0.00399999999996226" classname="character(0)" name="print_methods_work_as_expected"/>
  </testsuite>
  <testsuite name="SimJointData" timestamp="2026-05-26T14:26:38Z" hostname="450e627a2832" tests="8" skipped="0" failures="0" errors="0" time="0.15">
    <testcase time="0.14100000000002" classname="character(0)" name="SimJointData_works_as_expected"/>
    <testcase time="0.00200000000000955" classname="character(0)" name="SimJointData_works_as_expected"/>
    <testcase time="0.000999999999976353" classname="character(0)" name="SimJointData_works_as_expected"/>
    <testcase time="0.00200000000000955" classname="character(0)" name="SimJointData_works_as_expected"/>
    <testcase time="0.000999999999976353" classname="character(0)" name="SimJointData_works_as_expected"/>
    <testcase time="0.0010000000000332" classname="character(0)" name="SimJointData_works_as_expected"/>
    <testcase time="0.000999999999976353" classname="character(0)" name="SimJointData_works_as_expected"/>
    <testcase time="0.0010000000000332" classname="character(0)" name="SimJointData_works_as_expected"/>
  </testsuite>
  <testsuite name="SimJointData" timestamp="2026-05-26T14:26:38Z" hostname="450e627a2832" tests="1" skipped="0" failures="0" errors="0" time="0.003">
    <testcase time="0.0029999999999859" classname="character(0)" name="SimJointData_leads_to_valid_DataJoint_with_almost_only_default_arguments"/>
  </testsuite>
  <testsuite name="SimJointData" timestamp="2026-05-26T14:26:38Z" hostname="450e627a2832" tests="1" skipped="0" failures="0" errors="0" time="0.002">
    <testcase time="0.00200000000000955" classname="character(0)" name="print_methods_work_as_expected"/>
  </testsuite>
  <testsuite name="SimJointData" timestamp="2026-05-26T14:26:38Z" hostname="450e627a2832" tests="6" skipped="0" failures="0" errors="0" time="0.006">
    <testcase time="0.0029999999999859" classname="character(0)" name="add_pfs_works_as_expected"/>
    <testcase time="0" classname="character(0)" name="add_pfs_works_as_expected"/>
    <testcase time="0.000999999999976353" classname="character(0)" name="add_pfs_works_as_expected"/>
    <testcase time="0.0010000000000332" classname="character(0)" name="add_pfs_works_as_expected"/>
    <testcase time="0.000999999999976353" classname="character(0)" name="add_pfs_works_as_expected"/>
    <testcase time="0" classname="character(0)" name="add_pfs_works_as_expected"/>
  </testsuite>
  <testsuite name="SimJointData" timestamp="2026-05-26T14:26:38Z" hostname="450e627a2832" tests="1" skipped="0" failures="0" errors="0" time="0.003">
    <testcase time="0.00300000000004275" classname="character(0)" name="add_pfs_works_with_large_from_time"/>
  </testsuite>
  <testsuite name="SimJointData" timestamp="2026-05-26T14:26:38Z" hostname="450e627a2832" tests="5" skipped="0" failures="0" errors="0" time="0.006">
    <testcase time="0.0029999999999859" classname="character(0)" name="cut_data_works_as_expected"/>
    <testcase time="0" classname="character(0)" name="cut_data_works_as_expected"/>
    <testcase time="0.000999999999976353" classname="character(0)" name="cut_data_works_as_expected"/>
    <testcase time="0.0010000000000332" classname="character(0)" name="cut_data_works_as_expected"/>
    <testcase time="0.000999999999976353" classname="character(0)" name="cut_data_works_as_expected"/>
  </testsuite>
  <testsuite name="SimLongitudinalSteinFojo" timestamp="2026-05-26T14:26:38Z" hostname="450e627a2832" tests="15" skipped="0" failures="0" errors="0" time="0.144">
    <testcase time="0.132999999999981" classname="character(0)" name="SimLongitudinalSteinFojo_works_as_expected"/>
    <testcase time="0.0010000000000332" classname="character(0)" name="SimLongitudinalSteinFojo_works_as_expected"/>
    <testcase time="0" classname="character(0)" name="SimLongitudinalSteinFojo_works_as_expected"/>
    <testcase time="0.000999999999976353" classname="character(0)" name="SimLongitudinalSteinFojo_works_as_expected"/>
    <testcase time="0.0010000000000332" classname="character(0)" name="SimLongitudinalSteinFojo_works_as_expected"/>
    <testcase time="0.000999999999976353" classname="character(0)" name="SimLongitudinalSteinFojo_works_as_expected"/>
    <testcase time="0.000999999999976353" classname="character(0)" name="SimLongitudinalSteinFojo_works_as_expected"/>
    <testcase time="0.0010000000000332" classname="character(0)" name="SimLongitudinalSteinFojo_works_as_expected"/>
    <testcase time="0" classname="character(0)" name="SimLongitudinalSteinFojo_works_as_expected"/>
    <testcase time="0.000999999999976353" classname="character(0)" name="SimLongitudinalSteinFojo_works_as_expected"/>
    <testcase time="0.0010000000000332" classname="character(0)" name="SimLongitudinalSteinFojo_works_as_expected"/>
    <testcase time="0.000999999999976353" classname="character(0)" name="SimLongitudinalSteinFojo_works_as_expected"/>
    <testcase time="0.000999999999976353" classname="character(0)" name="SimLongitudinalSteinFojo_works_as_expected"/>
    <testcase time="0" classname="character(0)" name="SimLongitudinalSteinFojo_works_as_expected"/>
    <testcase time="0.0010000000000332" classname="character(0)" name="SimLongitudinalSteinFojo_works_as_expected"/>
  </testsuite>
  <testsuite name="SimLongitudinalSteinFojo" timestamp="2026-05-26T14:26:38Z" hostname="450e627a2832" tests="1" skipped="0" failures="0" errors="0" time="0.003">
    <testcase time="0.0029999999999859" classname="character(0)" name="print_methods_work_as_expected"/>
  </testsuite>
  <testsuite name="SimLongitudinalRandomSlope" timestamp="2026-05-26T14:26:38Z" hostname="450e627a2832" tests="15" skipped="0" failures="0" errors="0" time="0.029">
    <testcase time="0.0160000000000196" classname="character(0)" name="SimLongitudinalRandomSlope_works_as_expected"/>
    <testcase time="0.000999999999976353" classname="character(0)" name="SimLongitudinalRandomSlope_works_as_expected"/>
    <testcase time="0.00200000000000955" classname="character(0)" name="SimLongitudinalRandomSlope_works_as_expected"/>
    <testcase time="0.000999999999976353" classname="character(0)" name="SimLongitudinalRandomSlope_works_as_expected"/>
    <testcase time="0.0010000000000332" classname="character(0)" name="SimLongitudinalRandomSlope_works_as_expected"/>
    <testcase time="0.000999999999976353" classname="character(0)" name="SimLongitudinalRandomSlope_works_as_expected"/>
    <testcase time="0.0010000000000332" classname="character(0)" name="SimLongitudinalRandomSlope_works_as_expected"/>
    <testcase time="0.000999999999976353" classname="character(0)" name="SimLongitudinalRandomSlope_works_as_expected"/>
    <testcase time="0.0010000000000332" classname="character(0)" name="SimLongitudinalRandomSlope_works_as_expected"/>
    <testcase time="0" classname="character(0)" name="SimLongitudinalRandomSlope_works_as_expected"/>
    <testcase time="0.000999999999976353" classname="character(0)" name="SimLongitudinalRandomSlope_works_as_expected"/>
    <testcase time="0.000999999999976353" classname="character(0)" name="SimLongitudinalRandomSlope_works_as_expected"/>
    <testcase time="0.0010000000000332" classname="character(0)" name="SimLongitudinalRandomSlope_works_as_expected"/>
    <testcase time="0" classname="character(0)" name="SimLongitudinalRandomSlope_works_as_expected"/>
    <testcase time="0.000999999999976353" classname="character(0)" name="SimLongitudinalRandomSlope_works_as_expected"/>
  </testsuite>
  <testsuite name="SimLongitudinalRandomSlope" timestamp="2026-05-26T14:26:38Z" hostname="450e627a2832" tests="1" skipped="0" failures="0" errors="0" time="0.003">
    <testcase time="0.0029999999999859" classname="character(0)" name="SimLongitudinalRandomSlope_correctly_generates_a_dataset_with_known_parameters"/>
  </testsuite>
  <testsuite name="SimLongitudinalRandomSlope" timestamp="2026-05-26T14:26:38Z" hostname="450e627a2832" tests="1" skipped="0" failures="0" errors="0" time="0.002">
    <testcase time="0.00200000000000955" classname="character(0)" name="print_methods_work_as_expected"/>
  </testsuite>
  <testsuite name="StanModel" timestamp="2026-05-26T14:26:39Z" hostname="450e627a2832" tests="1" skipped="0" failures="0" errors="0" time="0.06">
    <testcase time="0.0600000000000023" classname="character(0)" name="StanModel_print_function_works_as_expected"/>
  </testsuite>
  <testsuite name="StanModule" timestamp="2026-05-26T14:26:39Z" hostname="450e627a2832" tests="4" skipped="0" failures="0" errors="0" time="0.508">
    <testcase time="0.507000000000005" classname="character(0)" name="StanModule_print_method_works_as_expected"/>
[...]
    <testcase time="0.00300000000004275" classname="character(0)" name="intial_values_for_fixed_distributions_gives_valid_values"/>
    <testcase time="0.00199999999995271" classname="character(0)" name="intial_values_for_fixed_distributions_gives_valid_values"/>
    <testcase time="0.00300000000004275" classname="character(0)" name="intial_values_for_fixed_distributions_gives_valid_values"/>
    <testcase time="0.00200000000000955" classname="character(0)" name="intial_values_for_fixed_distributions_gives_valid_values"/>
    <testcase time="0.0029999999999859" classname="character(0)" name="intial_values_for_fixed_distributions_gives_valid_values"/>
    <testcase time="0.00200000000000955" classname="character(0)" name="intial_values_for_fixed_distributions_gives_valid_values"/>
    <testcase time="0.0029999999999859" classname="character(0)" name="intial_values_for_fixed_distributions_gives_valid_values"/>
    <testcase time="0.0029999999999859" classname="character(0)" name="intial_values_for_fixed_distributions_gives_valid_values"/>
    <testcase time="0.00200000000000955" classname="character(0)" name="intial_values_for_fixed_distributions_gives_valid_values"/>
    <testcase time="0.00200000000000955" classname="character(0)" name="intial_values_for_fixed_distributions_gives_valid_values"/>
    <testcase time="0.0029999999999859" classname="character(0)" name="intial_values_for_fixed_distributions_gives_valid_values"/>
    <testcase time="0.00200000000000955" classname="character(0)" name="intial_values_for_fixed_distributions_gives_valid_values"/>
    <testcase time="0.00200000000000955" classname="character(0)" name="intial_values_for_fixed_distributions_gives_valid_values"/>
    <testcase time="0.00199999999995271" classname="character(0)" name="intial_values_for_fixed_distributions_gives_valid_values"/>
    <testcase time="0.00300000000004275" classname="character(0)" name="intial_values_for_fixed_distributions_gives_valid_values"/>
    <testcase time="0.00200000000000955" classname="character(0)" name="intial_values_for_fixed_distributions_gives_valid_values"/>
    <testcase time="0.00199999999995271" classname="character(0)" name="intial_values_for_fixed_distributions_gives_valid_values"/>
    <testcase time="0.00300000000004275" classname="character(0)" name="intial_values_for_fixed_distributions_gives_valid_values"/>
    <testcase time="0.00199999999995271" classname="character(0)" name="intial_values_for_fixed_distributions_gives_valid_values"/>
    <testcase time="0.00200000000000955" classname="character(0)" name="intial_values_for_fixed_distributions_gives_valid_values"/>
    <testcase time="0.00300000000004275" classname="character(0)" name="intial_values_for_fixed_distributions_gives_valid_values"/>
    <testcase time="0.00199999999995271" classname="character(0)" name="intial_values_for_fixed_distributions_gives_valid_values"/>
    <testcase time="0.00200000000000955" classname="character(0)" name="intial_values_for_fixed_distributions_gives_valid_values"/>
    <testcase time="0.0029999999999859" classname="character(0)" name="intial_values_for_fixed_distributions_gives_valid_values"/>
    <testcase time="0.00200000000000955" classname="character(0)" name="intial_values_for_fixed_distributions_gives_valid_values"/>
    <testcase time="0.00200000000000955" classname="character(0)" name="intial_values_for_fixed_distributions_gives_valid_values"/>
    <testcase time="0.0029999999999859" classname="character(0)" name="intial_values_for_fixed_distributions_gives_valid_values"/>
    <testcase time="0.00200000000000955" classname="character(0)" name="intial_values_for_fixed_distributions_gives_valid_values"/>
    <testcase time="0.0029999999999859" classname="character(0)" name="intial_values_for_fixed_distributions_gives_valid_values"/>
    <testcase time="0.00200000000000955" classname="character(0)" name="intial_values_for_fixed_distributions_gives_valid_values"/>
    <testcase time="0.00200000000000955" classname="character(0)" name="intial_values_for_fixed_distributions_gives_valid_values"/>
    <testcase time="0.00200000000000955" classname="character(0)" name="intial_values_for_fixed_distributions_gives_valid_values"/>
    <testcase time="0.0029999999999859" classname="character(0)" name="intial_values_for_fixed_distributions_gives_valid_values"/>
    <testcase time="0.00200000000000955" classname="character(0)" name="intial_values_for_fixed_distributions_gives_valid_values"/>
    <testcase time="0.00200000000000955" classname="character(0)" name="intial_values_for_fixed_distributions_gives_valid_values"/>
    <testcase time="0.00200000000000955" classname="character(0)" name="intial_values_for_fixed_distributions_gives_valid_values"/>
    <testcase time="0.0029999999999859" classname="character(0)" name="intial_values_for_fixed_distributions_gives_valid_values"/>
    <testcase time="0.00200000000000955" classname="character(0)" name="intial_values_for_fixed_distributions_gives_valid_values"/>
    <testcase time="0.00200000000000955" classname="character(0)" name="intial_values_for_fixed_distributions_gives_valid_values"/>
    <testcase time="0.00199999999995271" classname="character(0)" name="intial_values_for_fixed_distributions_gives_valid_values"/>
    <testcase time="0.00300000000004275" classname="character(0)" name="intial_values_for_fixed_distributions_gives_valid_values"/>
    <testcase time="0.00200000000000955" classname="character(0)" name="intial_values_for_fixed_distributions_gives_valid_values"/>
    <testcase time="0.0029999999999859" classname="character(0)" name="intial_values_for_fixed_distributions_gives_valid_values"/>
    <testcase time="0.00200000000000955" classname="character(0)" name="intial_values_for_fixed_distributions_gives_valid_values"/>
    <testcase time="0.00199999999995271" classname="character(0)" name="intial_values_for_fixed_distributions_gives_valid_values"/>
    <testcase time="0.00300000000004275" classname="character(0)" name="intial_values_for_fixed_distributions_gives_valid_values"/>
    <testcase time="0.0029999999999859" classname="character(0)" name="intial_values_for_fixed_distributions_gives_valid_values"/>
    <testcase time="0.00200000000000955" classname="character(0)" name="intial_values_for_fixed_distributions_gives_valid_values"/>
  </testsuite>
  <testsuite name="jinjar_render" timestamp="2026-05-26T14:28:16Z" hostname="450e627a2832" tests="2" skipped="0" failures="0" errors="0" time="0.075">
    <testcase time="0.0729999999999791" classname="character(0)" name="Basic_Jinjar_syntax_works_with_decorated_render_"/>
    <testcase time="0.00200000000000955" classname="character(0)" name="Basic_Jinjar_syntax_works_with_decorated_render_"/>
  </testsuite>
  <testsuite name="jinjar_render" timestamp="2026-05-26T14:28:16Z" hostname="450e627a2832" tests="1" skipped="0" failures="0" errors="0" time="0.004">
    <testcase time="0.0040000000000191" classname="character(0)" name="Global_variables_defined_by_decorated_render_are_usable"/>
  </testsuite>
  <testsuite name="longitudinal_plot" timestamp="2026-05-26T14:28:17Z" hostname="450e627a2832" tests="2" skipped="0" failures="0" errors="0" time="0.784">
    <testcase time="0.781999999999982" classname="character(0)" name="longitudinal_plot_works_as_expected"/>
    <testcase time="0.00200000000000955" classname="character(0)" name="longitudinal_plot_works_as_expected"/>
  </testsuite>
  <testsuite name="extract_quantities" timestamp="2026-05-26T14:28:18Z" hostname="450e627a2832" tests="5" skipped="0" failures="0" errors="0" time="1.406">
    <testcase time="1.40299999999996" classname="character(0)" name="extract_quantities_works_as_expected"/>
    <testcase time="0.0010000000000332" classname="character(0)" name="extract_quantities_works_as_expected"/>
    <testcase time="0.000999999999976353" classname="character(0)" name="extract_quantities_works_as_expected"/>
    <testcase time="0.0010000000000332" classname="character(0)" name="extract_quantities_works_as_expected"/>
    <testcase time="0" classname="character(0)" name="extract_quantities_works_as_expected"/>
  </testsuite>
  <testsuite name="misc_models" timestamp="2026-05-26T14:28:28Z" hostname="450e627a2832" tests="1" skipped="0" failures="0" errors="0" time="9.403">
    <testcase time="9.40299999999996" classname="character(0)" name="Longitudinal_Model_doesn_t_print_sampler_rejection_messages"/>
  </testsuite>
  <testsuite name="options" timestamp="2026-05-26T14:28:28Z" hostname="450e627a2832" tests="4" skipped="0" failures="0" errors="0" time="0.08">
    <testcase time="0.0750000000000455" classname="character(0)" name="Can_alter_Gaussian_Quadrature_arguments"/>
    <testcase time="0.00199999999995271" classname="character(0)" name="Can_alter_Gaussian_Quadrature_arguments"/>
    <testcase time="0.00200000000000955" classname="character(0)" name="Can_alter_Gaussian_Quadrature_arguments"/>
    <testcase time="0.0010000000000332" classname="character(0)" name="Can_alter_Gaussian_Quadrature_arguments"/>
  </testsuite>
  <testsuite name="populationHR" timestamp="2026-05-26T14:28:49Z" hostname="450e627a2832" tests="4" skipped="0" failures="0" errors="0" time="21.049">
    <testcase time="21.045" classname="character(0)" name="populationHR_works_as_expected_for_default_parameters"/>
    <testcase time="0.00200000000000955" classname="character(0)" name="populationHR_works_as_expected_for_default_parameters"/>
    <testcase time="0.0010000000000332" classname="character(0)" name="populationHR_works_as_expected_for_default_parameters"/>
    <testcase time="0.000999999999976353" classname="character(0)" name="populationHR_works_as_expected_for_default_parameters"/>
  </testsuite>
  <testsuite name="populationHR" timestamp="2026-05-26T14:28:49Z" hostname="450e627a2832" tests="5" skipped="0" failures="0" errors="0" time="0.01">
    <testcase time="0.00499999999999545" classname="character(0)" name="populationHR_fails_for_bad_input"/>
    <testcase time="0.000999999999976353" classname="character(0)" name="populationHR_fails_for_bad_input"/>
    <testcase time="0.0010000000000332" classname="character(0)" name="populationHR_fails_for_bad_input"/>
    <testcase time="0.00200000000000955" classname="character(0)" name="populationHR_fails_for_bad_input"/>
    <testcase time="0.000999999999976353" classname="character(0)" name="populationHR_fails_for_bad_input"/>
  </testsuite>
  <testsuite name="populationHR" timestamp="2026-05-26T14:28:49Z" hostname="450e627a2832" tests="4" skipped="0" failures="0" errors="0" time="0.009">
    <testcase time="0.00499999999999545" classname="character(0)" name="populationHR_works_as_expected_for_alternative_specfications"/>
    <testcase time="0.0010000000000332" classname="character(0)" name="populationHR_works_as_expected_for_alternative_specfications"/>
    <testcase time="0.00199999999995271" classname="character(0)" name="populationHR_works_as_expected_for_alternative_specfications"/>
    <testcase time="0.0010000000000332" classname="character(0)" name="populationHR_works_as_expected_for_alternative_specfications"/>
  </testsuite>
  <testsuite name="simulate" timestamp="2026-05-26T14:28:49Z" hostname="450e627a2832" tests="1" skipped="1" failures="0" errors="0" time="0.077">
    <testcase time="0.0769999999999982" classname="character(0)" name="simulate_works_with_default_options">
      <skipped message="Reason: is_full_test() is not TRUE ('test-simulate.R:66:5')"/>
    </testcase>
  </testsuite>
  <testsuite name="simulate" timestamp="2026-05-26T14:28:49Z" hostname="450e627a2832" tests="1" skipped="1" failures="0" errors="0" time="0.016">
    <testcase time="0.0160000000000196" classname="character(0)" name="simulate_works_with_jitter_and_times">
      <skipped message="Reason: is_full_test() is not TRUE ('test-simulate.R:95:5')"/>
    </testcase>
  </testsuite>
  <testsuite name="simulate" timestamp="2026-05-26T14:28:49Z" hostname="450e627a2832" tests="1" skipped="1" failures="0" errors="0" time="0.015">
    <testcase time="0.0149999999999864" classname="character(0)" name="simulate_works_with_lambda_censor">
      <skipped message="Reason: is_full_test() is not TRUE ('test-simulate.R:135:5')"/>
    </testcase>
  </testsuite>
  <testsuite name="model_multi_chain" timestamp="2026-05-26T14:29:04Z" hostname="450e627a2832" tests="1" skipped="0" failures="0" errors="0" time="15.445">
    <testcase time="15.4449999999999" classname="character(0)" name="Can_recover_known_distribution_parameters_from_random_slope_model_when_using_multiple_chains"/>
  </testsuite>
  <testsuite name="survival_plot" timestamp="2026-05-26T14:29:06Z" hostname="450e627a2832" tests="6" skipped="0" failures="0" errors="0" time="1.591">
    <testcase time="1.58300000000008" classname="character(0)" name="survival_plot_works_as_expected"/>
    <testcase time="0.00199999999995271" classname="character(0)" name="survival_plot_works_as_expected"/>
    <testcase time="0.00200000000006639" classname="character(0)" name="survival_plot_works_as_expected"/>
    <testcase time="0.00199999999995271" classname="character(0)" name="survival_plot_works_as_expected"/>
    <testcase time="0.000999999999976353" classname="character(0)" name="survival_plot_works_as_expected"/>
    <testcase time="0.000999999999976353" classname="character(0)" name="survival_plot_works_as_expected"/>
  </testsuite>
  <testsuite name="utilities" timestamp="2026-05-26T14:29:06Z" hostname="450e627a2832" tests="1" skipped="0" failures="0" errors="0" time="0.325">
    <testcase time="0.325000000000045" classname="character(0)" name="get_missing_rownumbers_works_as_expected"/>
  </testsuite>
  <testsuite name="utilities" timestamp="2026-05-26T14:29:06Z" hostname="450e627a2832" tests="1" skipped="0" failures="0" errors="0" time="0.005">
    <testcase time="0.00499999999999545" classname="character(0)" name="remove_missing_rows_works_as_expected"/>
  </testsuite>
  <testsuite name="utilities" timestamp="2026-05-26T14:29:06Z" hostname="450e627a2832" tests="1" skipped="0" failures="0" errors="0" time="0.006">
    <testcase time="0.00599999999997181" classname="character(0)" name="expand_initial_values_works_as_expected"/>
  </testsuite>
  <testsuite name="utilities" timestamp="2026-05-26T14:29:06Z" hostname="450e627a2832" tests="1" skipped="0" failures="0" errors="0" time="0.003">
    <testcase time="0.00300000000004275" classname="character(0)" name="replace_with_lookup_works_and_sets_array_attributes_as_expected"/>
  </testsuite>
  <testsuite name="utilities" timestamp="2026-05-26T14:29:06Z" hostname="450e627a2832" tests="1" skipped="0" failures="0" errors="0" time="0.003">
    <testcase time="0.00300000000004275" classname="character(0)" name="replace_with_lookup_asserts_sizes_as_numbers_as_expected"/>
  </testsuite>
  <testsuite name="utilities" timestamp="2026-05-26T14:29:06Z" hostname="450e627a2832" tests="1" skipped="0" failures="0" errors="0" time="0.003">
    <testcase time="0.00299999999992906" classname="character(0)" name="replace_with_lookup_asserts_looked_up_sizes_as_numbers_as_expected"/>
  </testsuite>
  <testsuite name="utilities" timestamp="2026-05-26T14:29:06Z" hostname="450e627a2832" tests="2" skipped="0" failures="0" errors="0" time="0.004">
    <testcase time="0.00300000000004275" classname="character(0)" name="samples_median_ci_works_as_expected"/>
    <testcase time="0.000999999999976353" classname="character(0)" name="samples_median_ci_works_as_expected"/>
  </testsuite>
  <testsuite name="utilities" timestamp="2026-05-26T14:29:06Z" hostname="450e627a2832" tests="2" skipped="0" failures="0" errors="0" time="0.004">
    <testcase time="0.00300000000004275" classname="character(0)" name="samples_median_ci_works_with_a_custom_credibility_level"/>
    <testcase time="0.000999999999976353" classname="character(0)" name="samples_median_ci_works_with_a_custom_credibility_level"/>
  </testsuite>
  <testsuite name="utilities" timestamp="2026-05-26T14:29:06Z" hostname="450e627a2832" tests="8" skipped="0" failures="0" errors="0" time="0.007">
    <testcase time="0.00199999999995271" classname="character(0)" name="validate_time_grid_works_as_expected"/>
    <testcase time="0.000999999999976353" classname="character(0)" name="validate_time_grid_works_as_expected"/>
    <testcase time="0.00100000000009004" classname="character(0)" name="validate_time_grid_works_as_expected"/>
    <testcase time="0" classname="character(0)" name="validate_time_grid_works_as_expected"/>
    <testcase time="0" classname="character(0)" name="validate_time_grid_works_as_expected"/>
    <testcase time="0.000999999999976353" classname="character(0)" name="validate_time_grid_works_as_expected"/>
    <testcase time="0.000999999999976353" classname="character(0)" name="validate_time_grid_works_as_expected"/>
    <testcase time="0.000999999999976353" classname="character(0)" name="validate_time_grid_works_as_expected"/>
  </testsuite>
  <testsuite name="utilities" timestamp="2026-05-26T14:29:06Z" hostname="450e627a2832" tests="7" skipped="0" failures="0" errors="0" time="0.007">
    <testcase time="0.00300000000004275" classname="character(0)" name="expand_subjects_works_as_expected"/>
    <testcase time="0" classname="character(0)" name="expand_subjects_works_as_expected"/>
    <testcase time="0.000999999999976353" classname="character(0)" name="expand_subjects_works_as_expected"/>
    <testcase time="0.00100000000009004" classname="character(0)" name="expand_subjects_works_as_expected"/>
    <testcase time="0.000999999999976353" classname="character(0)" name="expand_subjects_works_as_expected"/>
    <testcase time="0" classname="character(0)" name="expand_subjects_works_as_expected"/>
    <testcase time="0.000999999999976353" classname="character(0)" name="expand_subjects_works_as_expected"/>
  </testsuite>
  <testsuite name="utilities" timestamp="2026-05-26T14:29:06Z" hostname="450e627a2832" tests="5" skipped="0" failures="0" errors="0" time="0.006">
    <testcase time="0.00300000000004275" classname="character(0)" name="decompose_subjects_works_as_expected"/>
    <testcase time="0" classname="character(0)" name="decompose_subjects_works_as_expected"/>
    <testcase time="0.000999999999976353" classname="character(0)" name="decompose_subjects_works_as_expected"/>
    <testcase time="0.000999999999976353" classname="character(0)" name="decompose_subjects_works_as_expected"/>
    <testcase time="0.000999999999976353" classname="character(0)" name="decompose_subjects_works_as_expected"/>
  </testsuite>
  <testsuite name="utilities" timestamp="2026-05-26T14:29:06Z" hostname="450e627a2832" tests="2" skipped="0" failures="0" errors="0" time="0.003">
    <testcase time="0.00200000000006639" classname="character(0)" name="add_missing_stan_blocks_works_as_expected"/>
    <testcase time="0.000999999999976353" classname="character(0)" name="add_missing_stan_blocks_works_as_expected"/>
  </testsuite>
  <testsuite name="stan_functions" timestamp="2026-05-26T14:29:22Z" hostname="450e627a2832" tests="1" skipped="0" failures="0" errors="0" time="15.653">
    <testcase time="15.653" classname="character(0)" name="GSF_SLD_function_works_as_expected"/>
  </testsuite>
  <testsuite name="stan_functions" timestamp="2026-05-26T14:29:22Z" hostname="450e627a2832" tests="2" skipped="0" failures="0" errors="0" time="0.004">
    <testcase time="0.00299999999992906" classname="character(0)" name="Normal_Log_Density_functions_work_as_expected"/>
    <testcase time="0.000999999999976353" classname="character(0)" name="Normal_Log_Density_functions_work_as_expected"/>
  </testsuite>
  <testsuite name="stan_functions" timestamp="2026-05-26T14:29:22Z" hostname="450e627a2832" tests="1" skipped="0" failures="0" errors="0" time="0.003">
    <testcase time="0.00300000000004275" classname="character(0)" name="GSF_Identity_Link_Function_works_as_expected"/>
  </testsuite>
</testsuites>
