<?xml version="1.0" encoding="UTF-8"?>
<testsuites>
  <testsuite name="DataLongitudinal" timestamp="2026-04-15T05:05:23Z" hostname="b769b33a4268" tests="10" skipped="0" failures="0" errors="0" time="3.183">
    <testcase time="3.15" classname="character(0)" name="DataLongitudinal_being_rendered_to_list_is_as_expected_for_simple_inputs"/>
    <testcase time="0.0209999999999999" classname="character(0)" name="DataLongitudinal_being_rendered_to_list_is_as_expected_for_simple_inputs"/>
    <testcase time="0.00699999999999967" classname="character(0)" name="DataLongitudinal_being_rendered_to_list_is_as_expected_for_simple_inputs"/>
    <testcase time="0.00100000000000033" classname="character(0)" name="DataLongitudinal_being_rendered_to_list_is_as_expected_for_simple_inputs"/>
    <testcase time="0.00100000000000033" classname="character(0)" name="DataLongitudinal_being_rendered_to_list_is_as_expected_for_simple_inputs"/>
    <testcase time="0.000999999999999446" classname="character(0)" name="DataLongitudinal_being_rendered_to_list_is_as_expected_for_simple_inputs"/>
    <testcase time="0" classname="character(0)" name="DataLongitudinal_being_rendered_to_list_is_as_expected_for_simple_inputs"/>
    <testcase time="0.00100000000000033" classname="character(0)" name="DataLongitudinal_being_rendered_to_list_is_as_expected_for_simple_inputs"/>
    <testcase time="0.000999999999999446" classname="character(0)" name="DataLongitudinal_being_rendered_to_list_is_as_expected_for_simple_inputs"/>
    <testcase time="0" classname="character(0)" name="DataLongitudinal_being_rendered_to_list_is_as_expected_for_simple_inputs"/>
  </testsuite>
  <testsuite name="DataLongitudinal" timestamp="2026-04-15T05:05:23Z" hostname="b769b33a4268" tests="1" skipped="1" failures="0" errors="0" time="0.002">
    <testcase time="0.00200000000000067" classname="character(0)" name="DataSurvival_print_method_works_as_expected">
      <skipped message="Reason: On CRAN ('test-DataLongitudinal.R:41:1')"/>
    </testcase>
  </testsuite>
  <testsuite name="DataSubject" timestamp="2026-04-15T05:05:23Z" hostname="b769b33a4268" tests="14" skipped="0" failures="0" errors="0" time="0.181">
    <testcase time="0.173" classname="character(0)" name="DataSubject_works_as_expected"/>
    <testcase time="0.000999999999999446" classname="character(0)" name="DataSubject_works_as_expected"/>
    <testcase time="0" classname="character(0)" name="DataSubject_works_as_expected"/>
    <testcase time="0.00100000000000033" classname="character(0)" name="DataSubject_works_as_expected"/>
    <testcase time="0" classname="character(0)" name="DataSubject_works_as_expected"/>
    <testcase time="0.000999999999999446" classname="character(0)" name="DataSubject_works_as_expected"/>
    <testcase time="0.00100000000000033" classname="character(0)" name="DataSubject_works_as_expected"/>
    <testcase time="0" classname="character(0)" name="DataSubject_works_as_expected"/>
    <testcase time="0.00100000000000033" classname="character(0)" name="DataSubject_works_as_expected"/>
    <testcase time="0" classname="character(0)" name="DataSubject_works_as_expected"/>
    <testcase time="0.000999999999999446" classname="character(0)" name="DataSubject_works_as_expected"/>
    <testcase time="0.00100000000000033" classname="character(0)" name="DataSubject_works_as_expected"/>
    <testcase time="0" classname="character(0)" name="DataSubject_works_as_expected"/>
    <testcase time="0.00100000000000033" classname="character(0)" name="DataSubject_works_as_expected"/>
  </testsuite>
  <testsuite name="DataSubject" timestamp="2026-04-15T05:05:23Z" hostname="b769b33a4268" tests="1" skipped="1" failures="0" errors="0" time="0.001">
    <testcase time="0.000999999999999446" classname="character(0)" name="DataSubject_print_method_works_as_expected">
      <skipped message="Reason: On CRAN ('test-DataSubject.R:44:1')"/>
    </testcase>
  </testsuite>
  <testsuite name="DataJoint" timestamp="2026-04-15T05:05:23Z" hostname="b769b33a4268" tests="15" skipped="0" failures="0" errors="0" time="0.064">
    <testcase time="0.0570000000000004" classname="character(0)" name="DataJoint_basic_usage"/>
    <testcase time="0" classname="character(0)" name="DataJoint_basic_usage"/>
    <testcase time="0.000999999999999446" classname="character(0)" name="DataJoint_basic_usage"/>
    <testcase time="0.00100000000000033" classname="character(0)" name="DataJoint_basic_usage"/>
    <testcase time="0" classname="character(0)" name="DataJoint_basic_usage"/>
    <testcase time="0.00100000000000033" classname="character(0)" name="DataJoint_basic_usage"/>
    <testcase time="0" classname="character(0)" name="DataJoint_basic_usage"/>
    <testcase time="0" classname="character(0)" name="DataJoint_basic_usage"/>
    <testcase time="0.00100000000000033" classname="character(0)" name="DataJoint_basic_usage"/>
    <testcase time="0" classname="character(0)" name="DataJoint_basic_usage"/>
    <testcase time="0.00100000000000033" classname="character(0)" name="DataJoint_basic_usage"/>
    <testcase time="0.000999999999999446" classname="character(0)" name="DataJoint_basic_usage"/>
    <testcase time="0" classname="character(0)" name="DataJoint_basic_usage"/>
    <testcase time="0.00100000000000033" classname="character(0)" name="DataJoint_basic_usage"/>
    <testcase time="0" classname="character(0)" name="DataJoint_basic_usage"/>
  </testsuite>
  <testsuite name="DataJoint" timestamp="2026-04-15T05:05:23Z" hostname="b769b33a4268" tests="6" skipped="0" failures="0" errors="0" time="0.005">
    <testcase time="0.00100000000000033" classname="character(0)" name="DataJoint_errors_if_inconsistent_subject_IDs"/>
    <testcase time="0.00100000000000033" classname="character(0)" name="DataJoint_errors_if_inconsistent_subject_IDs"/>
    <testcase time="0" classname="character(0)" name="DataJoint_errors_if_inconsistent_subject_IDs"/>
    <testcase time="0.000999999999999446" classname="character(0)" name="DataJoint_errors_if_inconsistent_subject_IDs"/>
    <testcase time="0.00100000000000033" classname="character(0)" name="DataJoint_errors_if_inconsistent_subject_IDs"/>
    <testcase time="0.00100000000000033" classname="character(0)" name="DataJoint_errors_if_inconsistent_subject_IDs"/>
  </testsuite>
  <testsuite name="DataJoint" timestamp="2026-04-15T05:05:23Z" hostname="b769b33a4268" tests="3" skipped="0" failures="0" errors="0" time="0.003">
    <testcase time="0.000999999999999446" classname="character(0)" name="DataJoint_sorts_handles_pre_factored_levels_correctly"/>
    <testcase time="0.00100000000000033" classname="character(0)" name="DataJoint_sorts_handles_pre_factored_levels_correctly"/>
    <testcase time="0.000999999999999446" classname="character(0)" name="DataJoint_sorts_handles_pre_factored_levels_correctly"/>
  </testsuite>
  <testsuite name="DataJoint" timestamp="2026-04-15T05:05:23Z" hostname="b769b33a4268" tests="3" skipped="0" failures="0" errors="0" time="0.002">
    <testcase time="0.00100000000000033" classname="character(0)" name="DataJoint_sorts_handles_character_to_factor_levels_correctly"/>
    <testcase time="0.00100000000000033" classname="character(0)" name="DataJoint_sorts_handles_character_to_factor_levels_correctly"/>
    <testcase time="0" classname="character(0)" name="DataJoint_sorts_handles_character_to_factor_levels_correctly"/>
  </testsuite>
  <testsuite name="DataJoint" timestamp="2026-04-15T05:05:23Z" hostname="b769b33a4268" tests="7" skipped="0" failures="0" errors="0" time="0.006">
    <testcase time="0.00199999999999978" classname="character(0)" name="subset_DataJoint_works_as_expected"/>
    <testcase time="0.000999999999999446" classname="character(0)" name="subset_DataJoint_works_as_expected"/>
    <testcase time="0" classname="character(0)" name="subset_DataJoint_works_as_expected"/>
    <testcase time="0.00100000000000033" classname="character(0)" name="subset_DataJoint_works_as_expected"/>
    <testcase time="0" classname="character(0)" name="subset_DataJoint_works_as_expected"/>
    <testcase time="0.00100000000000033" classname="character(0)" name="subset_DataJoint_works_as_expected"/>
    <testcase time="0.000999999999999446" classname="character(0)" name="subset_DataJoint_works_as_expected"/>
  </testsuite>
  <testsuite name="DataJoint" timestamp="2026-04-15T05:05:23Z" hostname="b769b33a4268" tests="1" skipped="0" failures="0" errors="0" time="0.001">
    <testcase time="0.00100000000000033" classname="character(0)" name="Error_Handling"/>
  </testsuite>
  <testsuite name="DataJoint" timestamp="2026-04-15T05:05:23Z" hostname="b769b33a4268" tests="1" skipped="1" failures="0" errors="0" time="0.002">
    <testcase time="0.00199999999999978" classname="character(0)" name="DataJoint_print_method_works_as_expected">
      <skipped message="Reason: On CRAN ('test-DataJoint.R:513:1')"/>
    </testcase>
  </testsuite>
  <testsuite name="DataSurvival" timestamp="2026-04-15T05:05:23Z" hostname="b769b33a4268" tests="14" skipped="0" failures="0" errors="0" time="0.319">
    <testcase time="0.311" classname="character(0)" name="DataSurvival_being_rendered_to_list_is_as_expected_for_simple_inputs"/>
    <testcase time="0.00100000000000033" classname="character(0)" name="DataSurvival_being_rendered_to_list_is_as_expected_for_simple_inputs"/>
    <testcase time="0.00100000000000033" classname="character(0)" name="DataSurvival_being_rendered_to_list_is_as_expected_for_simple_inputs"/>
    <testcase time="0" classname="character(0)" name="DataSurvival_being_rendered_to_list_is_as_expected_for_simple_inputs"/>
    <testcase time="0.000999999999999446" classname="character(0)" name="DataSurvival_being_rendered_to_list_is_as_expected_for_simple_inputs"/>
    <testcase time="0.00100000000000033" classname="character(0)" name="DataSurvival_being_rendered_to_list_is_as_expected_for_simple_inputs"/>
    <testcase time="0" classname="character(0)" name="DataSurvival_being_rendered_to_list_is_as_expected_for_simple_inputs"/>
    <testcase time="0.000999999999999446" classname="character(0)" name="DataSurvival_being_rendered_to_list_is_as_expected_for_simple_inputs"/>
    <testcase time="0" classname="character(0)" name="DataSurvival_being_rendered_to_list_is_as_expected_for_simple_inputs"/>
    <testcase time="0.00100000000000033" classname="character(0)" name="DataSurvival_being_rendered_to_list_is_as_expected_for_simple_inputs"/>
    <testcase time="0.00100000000000033" classname="character(0)" name="DataSurvival_being_rendered_to_list_is_as_expected_for_simple_inputs"/>
    <testcase time="0" classname="character(0)" name="DataSurvival_being_rendered_to_list_is_as_expected_for_simple_inputs"/>
    <testcase time="0.000999999999999446" classname="character(0)" name="DataSurvival_being_rendered_to_list_is_as_expected_for_simple_inputs"/>
    <testcase time="0" classname="character(0)" name="DataSurvival_being_rendered_to_list_is_as_expected_for_simple_inputs"/>
  </testsuite>
  <testsuite name="DataSurvival" timestamp="2026-04-15T05:05:23Z" hostname="b769b33a4268" tests="1" skipped="1" failures="0" errors="0" time="0.001">
    <testcase time="0.00100000000000033" classname="character(0)" name="DataSurvival_print_method_works_as_expected">
      <skipped message="Reason: On CRAN ('test-DataSurvival.R:77:1')"/>
    </testcase>
  </testsuite>
  <testsuite name="DataSurvival" timestamp="2026-04-15T05:05:23Z" hostname="b769b33a4268" tests="7" skipped="0" failures="0" errors="0" time="0.014">
    <testcase time="0.0119999999999996" classname="character(0)" name="mirror_design_matrix_works_as_expected"/>
    <testcase time="0" classname="character(0)" name="mirror_design_matrix_works_as_expected"/>
    <testcase time="0.00100000000000033" classname="character(0)" name="mirror_design_matrix_works_as_expected"/>
    <testcase time="0" classname="character(0)" name="mirror_design_matrix_works_as_expected"/>
    <testcase time="0" classname="character(0)" name="mirror_design_matrix_works_as_expected"/>
    <testcase time="0.00100000000000033" classname="character(0)" name="mirror_design_matrix_works_as_expected"/>
    <testcase time="0" classname="character(0)" name="mirror_design_matrix_works_as_expected"/>
  </testsuite>
  <testsuite name="GridPrediction" timestamp="2026-04-15T05:07:20Z" hostname="b769b33a4268" tests="5" skipped="0" failures="0" errors="0" time="117.028">
    <testcase time="117.023" classname="character(0)" name="GridPrediction_works_as_expected_for_Survival_models"/>
    <testcase time="0.00100000000000477" classname="character(0)" name="GridPrediction_works_as_expected_for_Survival_models"/>
    <testcase time="0.00100000000000477" classname="character(0)" name="GridPrediction_works_as_expected_for_Survival_models"/>
    <testcase time="0.00199999999999534" classname="character(0)" name="GridPrediction_works_as_expected_for_Survival_models"/>
    <testcase time="0.00100000000000477" classname="character(0)" name="GridPrediction_works_as_expected_for_Survival_models"/>
  </testsuite>
  <testsuite name="GridPrediction" timestamp="2026-04-15T05:07:20Z" hostname="b769b33a4268" tests="4" skipped="0" failures="0" errors="0" time="0.004">
    <testcase time="0.00199999999999534" classname="character(0)" name="GridPrediction_error_handling_works_as_expected"/>
    <testcase time="0.000999999999990564" classname="character(0)" name="GridPrediction_error_handling_works_as_expected"/>
    <testcase time="0.00100000000000477" classname="character(0)" name="GridPrediction_error_handling_works_as_expected"/>
    <testcase time="0" classname="character(0)" name="GridPrediction_error_handling_works_as_expected"/>
  </testsuite>
  <testsuite name="GridPrediction" timestamp="2026-04-15T05:07:20Z" hostname="b769b33a4268" tests="3" skipped="0" failures="0" errors="0" time="0.003">
    <testcase time="0.00199999999999534" classname="character(0)" name="getPredictionNames_works_as_expected"/>
    <testcase time="0.00100000000000477" classname="character(0)" name="getPredictionNames_works_as_expected"/>
    <testcase time="0" classname="character(0)" name="getPredictionNames_works_as_expected"/>
  </testsuite>
  <testsuite name="GridPrediction" timestamp="2026-04-15T05:07:20Z" hostname="b769b33a4268" tests="1" skipped="0" failures="0" errors="0" time="0.002">
    <testcase time="0.00199999999999534" classname="character(0)" name="GridPrediction_throws_an_error_if_key_column_already_exists"/>
  </testsuite>
  <testsuite name="GridPrediction" timestamp="2026-04-15T05:07:20Z" hostname="b769b33a4268" tests="5" skipped="0" failures="0" errors="0" time="0.004">
    <testcase time="0.00100000000000477" classname="character(0)" name="GridPrediction_works_for_survival_only_models"/>
    <testcase time="0.000999999999990564" classname="character(0)" name="GridPrediction_works_for_survival_only_models"/>
    <testcase time="0.00100000000000477" classname="character(0)" name="GridPrediction_works_for_survival_only_models"/>
    <testcase time="0" classname="character(0)" name="GridPrediction_works_for_survival_only_models"/>
    <testcase time="0.00100000000000477" classname="character(0)" name="GridPrediction_works_for_survival_only_models"/>
  </testsuite>
  <testsuite name="JointModel" timestamp="2026-04-15T05:07:23Z" hostname="b769b33a4268" tests="2" skipped="0" failures="0" errors="0" time="2.552">
    <testcase time="2.551" classname="character(0)" name="JointModel_smoke_tests"/>
    <testcase time="0.000999999999990564" classname="character(0)" name="JointModel_smoke_tests"/>
  </testsuite>
  <testsuite name="JointModel" timestamp="2026-04-15T05:07:23Z" hostname="b769b33a4268" tests="1" skipped="1" failures="0" errors="0" time="0.002">
    <testcase time="0.00200000000000955" classname="character(0)" name="JointModel_print_method_works_as_expected">
      <skipped message="Reason: On CRAN ('test-JointModel.R:18:1')"/>
    </testcase>
  </testsuite>
  <testsuite name="JointModel" timestamp="2026-04-15T05:07:23Z" hostname="b769b33a4268" tests="12" skipped="0" failures="0" errors="0" time="0.019">
    <testcase time="0.012999999999991" classname="character(0)" name="Log_Lik_variables_are_produced_correctly"/>
    <testcase time="0" classname="character(0)" name="Log_Lik_variables_are_produced_correctly"/>
    <testcase time="0.00100000000000477" classname="character(0)" name="Log_Lik_variables_are_produced_correctly"/>
    <testcase time="0.00100000000000477" classname="character(0)" name="Log_Lik_variables_are_produced_correctly"/>
    <testcase time="0" classname="character(0)" name="Log_Lik_variables_are_produced_correctly"/>
    <testcase time="0.000999999999990564" classname="character(0)" name="Log_Lik_variables_are_produced_correctly"/>
    <testcase time="0" classname="character(0)" name="Log_Lik_variables_are_produced_correctly"/>
    <testcase time="0.00100000000000477" classname="character(0)" name="Log_Lik_variables_are_produced_correctly"/>
    <testcase time="0.00100000000000477" classname="character(0)" name="Log_Lik_variables_are_produced_correctly"/>
    <testcase time="0" classname="character(0)" name="Log_Lik_variables_are_produced_correctly"/>
    <testcase time="0.000999999999990564" classname="character(0)" name="Log_Lik_variables_are_produced_correctly"/>
    <testcase time="0" classname="character(0)" name="Log_Lik_variables_are_produced_correctly"/>
  </testsuite>
  <testsuite name="JointModelSamples" timestamp="2026-04-15T05:07:34Z" hostname="b769b33a4268" tests="1" skipped="1" failures="0" errors="0" time="11.576">
    <testcase time="11.576" classname="character(0)" name="print_works_as_expected_for_JointModelSamples">
      <skipped message="Reason: On CRAN ('test-JointModelSamples.R:4:1')"/>
    </testcase>
  </testsuite>
  <testsuite name="JointModelSamples" timestamp="2026-04-15T05:07:34Z" hostname="b769b33a4268" tests="3" skipped="0" failures="0" errors="0" time="0.017">
    <testcase time="0.0160000000000196" classname="character(0)" name="saving_and_restoring_samples_from_disk_works_as_expected"/>
    <testcase time="0.00100000000000477" classname="character(0)" name="saving_and_restoring_samples_from_disk_works_as_expected"/>
    <testcase time="0" classname="character(0)" name="saving_and_restoring_samples_from_disk_works_as_expected"/>
  </testsuite>
  <testsuite name="Link" timestamp="2026-04-15T05:07:36Z" hostname="b769b33a4268" tests="4" skipped="0" failures="0" errors="0" time="1.731">
    <testcase time="1.72899999999998" classname="character(0)" name="link_none_works_as_expected"/>
    <testcase time="0" classname="character(0)" name="link_none_works_as_expected"/>
    <testcase time="0.00100000000000477" classname="character(0)" name="link_none_works_as_expected"/>
    <testcase time="0.00100000000000477" classname="character(0)" name="link_none_works_as_expected"/>
  </testsuite>
  <testsuite name="Link" timestamp="2026-04-15T05:07:36Z" hostname="b769b33a4268" tests="4" skipped="0" failures="0" errors="0" time="0.003">
    <testcase time="0.00100000000000477" classname="character(0)" name="Link_works_as_expected"/>
    <testcase time="0.000999999999976353" classname="character(0)" name="Link_works_as_expected"/>
    <testcase time="0.00100000000000477" classname="character(0)" name="Link_works_as_expected"/>
    <testcase time="0" classname="character(0)" name="Link_works_as_expected"/>
  </testsuite>
  <testsuite name="Link" timestamp="2026-04-15T05:07:36Z" hostname="b769b33a4268" tests="1" skipped="1" failures="0" errors="0" time="0.002">
    <testcase time="0.00200000000000955" classname="character(0)" name="Link_prints_as_expected">
      <skipped message="Reason: On CRAN ('test-Link.R:76:1')"/>
    </testcase>
  </testsuite>
  <testsuite name="LinkComponent" timestamp="2026-04-15T05:07:40Z" hostname="b769b33a4268" tests="5" skipped="0" failures="0" errors="0" time="3.391">
    <testcase time="3.38800000000001" classname="character(0)" name="all_link_files_pass_stan_s_syntax_checker"/>
    <testcase time="0.00100000000000477" classname="character(0)" name="all_link_files_pass_stan_s_syntax_checker"/>
    <testcase time="0.000999999999976353" classname="character(0)" name="all_link_files_pass_stan_s_syntax_checker"/>
    <testcase time="0" classname="character(0)" name="all_link_files_pass_stan_s_syntax_checker"/>
    <testcase time="0.00100000000000477" classname="character(0)" name="all_link_files_pass_stan_s_syntax_checker"/>
  </testsuite>
  <testsuite name="LinkComponent" timestamp="2026-04-15T05:07:40Z" hostname="b769b33a4268" tests="2" skipped="0" failures="0" errors="0" time="0.002">
    <testcase time="0.00200000000000955" classname="character(0)" name="complete_models_with_links_pass_stan_s_syntax_checker"/>
    <testcase time="0" classname="character(0)" name="complete_models_with_links_pass_stan_s_syntax_checker"/>
  </testsuite>
  <testsuite name="LinkComponent" timestamp="2026-04-15T05:07:40Z" hostname="b769b33a4268" tests="3" skipped="0" failures="0" errors="0" time="0.003">
    <testcase time="0.00200000000000955" classname="character(0)" name="LinkComponents_are_constructed_correctly_and_can_access_key_components"/>
    <testcase time="0" classname="character(0)" name="LinkComponents_are_constructed_correctly_and_can_access_key_components"/>
    <testcase time="0.000999999999976353" classname="character(0)" name="LinkComponents_are_constructed_correctly_and_can_access_key_components"/>
  </testsuite>
  <testsuite name="LinkComponent" timestamp="2026-04-15T05:07:40Z" hostname="b769b33a4268" tests="6" skipped="0" failures="0" errors="0" time="0.005">
    <testcase time="0.00200000000000955" classname="character(0)" name="Model_specific_links_return_the_correct_stan_code"/>
    <testcase time="0" classname="character(0)" name="Model_specific_links_return_the_correct_stan_code"/>
    <testcase time="0.00100000000000477" classname="character(0)" name="Model_specific_links_return_the_correct_stan_code"/>
    <testcase time="0" classname="character(0)" name="Model_specific_links_return_the_correct_stan_code"/>
    <testcase time="0.00100000000000477" classname="character(0)" name="Model_specific_links_return_the_correct_stan_code"/>
    <testcase time="0.00100000000000477" classname="character(0)" name="Model_specific_links_return_the_correct_stan_code"/>
  </testsuite>
  <testsuite name="LinkComponent" timestamp="2026-04-15T05:07:40Z" hostname="b769b33a4268" tests="1" skipped="1" failures="0" errors="0" time="0.001">
    <testcase time="0.000999999999976353" classname="character(0)" name="print_works_as_expected">
      <skipped message="Reason: On CRAN ('test-LinkComponent.R:120:1')"/>
    </testcase>
  </testsuite>
  <testsuite name="LinkComponent" timestamp="2026-04-15T05:07:40Z" hostname="b769b33a4268" tests="4" skipped="0" failures="0" errors="0" time="0.014">
    <testcase time="0.0120000000000005" classname="character(0)" name="PromiseLinkComponents_work_as_expected"/>
    <testcase time="0" classname="character(0)" name="PromiseLinkComponents_work_as_expected"/>
    <testcase time="0.00100000000000477" classname="character(0)" name="PromiseLinkComponents_work_as_expected"/>
    <testcase time="0.00100000000000477" classname="character(0)" name="PromiseLinkComponents_work_as_expected"/>
  </testsuite>
  <testsuite name="Grid" timestamp="2026-04-15T05:09:17Z" hostname="b769b33a4268" tests="15" skipped="0" failures="0" errors="0" time="97.516">
    <testcase time="97.502" classname="character(0)" name="Grid_objects_work_with_QuantityGenerator_and_QuantityCollapser"/>
    <testcase time="0.00100000000000477" classname="character(0)" name="Grid_objects_work_with_QuantityGenerator_and_QuantityCollapser"/>
    <testcase time="0.000999999999976353" classname="character(0)" name="Grid_objects_work_with_QuantityGenerator_and_QuantityCollapser"/>
    <testcase time="0.00100000000000477" classname="character(0)" name="Grid_objects_work_with_QuantityGenerator_and_QuantityCollapser"/>
    <testcase time="0.00100000000000477" classname="character(0)" name="Grid_objects_work_with_QuantityGenerator_and_QuantityCollapser"/>
    <testcase time="0.00100000000000477" classname="character(0)" name="Grid_objects_work_with_QuantityGenerator_and_QuantityCollapser"/>
    <testcase time="0.00100000000000477" classname="character(0)" name="Grid_objects_work_with_QuantityGenerator_and_QuantityCollapser"/>
    <testcase time="0.000999999999976353" classname="character(0)" name="Grid_objects_work_with_QuantityGenerator_and_QuantityCollapser"/>
    <testcase time="0.00100000000000477" classname="character(0)" name="Grid_objects_work_with_QuantityGenerator_and_QuantityCollapser"/>
    <testcase time="0.00100000000000477" classname="character(0)" name="Grid_objects_work_with_QuantityGenerator_and_QuantityCollapser"/>
    <testcase time="0.00100000000000477" classname="character(0)" name="Grid_objects_work_with_QuantityGenerator_and_QuantityCollapser"/>
    <testcase time="0.00100000000000477" classname="character(0)" name="Grid_objects_work_with_QuantityGenerator_and_QuantityCollapser"/>
    <testcase time="0.00100000000000477" classname="character(0)" name="Grid_objects_work_with_QuantityGenerator_and_QuantityCollapser"/>
    <testcase time="0.000999999999976353" classname="character(0)" name="Grid_objects_work_with_QuantityGenerator_and_QuantityCollapser"/>
    <testcase time="0.00100000000000477" classname="character(0)" name="Grid_objects_work_with_QuantityGenerator_and_QuantityCollapser"/>
  </testsuite>
  <testsuite name="Grid" timestamp="2026-04-15T05:09:17Z" hostname="b769b33a4268" tests="11" skipped="0" failures="0" errors="0" time="0.015">
    <testcase time="0.00300000000001432" classname="character(0)" name="GridObservered_Constructs_correct_quantities"/>
    <testcase time="0.00100000000000477" classname="character(0)" name="GridObservered_Constructs_correct_quantities"/>
    <testcase time="0.000999999999976353" classname="character(0)" name="GridObservered_Constructs_correct_quantities"/>
    <testcase time="0.00200000000000955" classname="character(0)" name="GridObservered_Constructs_correct_quantities"/>
    <testcase time="0.00100000000000477" classname="character(0)" name="GridObservered_Constructs_correct_quantities"/>
    <testcase time="0.00100000000000477" classname="character(0)" name="GridObservered_Constructs_correct_quantities"/>
    <testcase time="0.00100000000000477" classname="character(0)" name="GridObservered_Constructs_correct_quantities"/>
    <testcase time="0.000999999999976353" classname="character(0)" name="GridObservered_Constructs_correct_quantities"/>
    <testcase time="0.00100000000000477" classname="character(0)" name="GridObservered_Constructs_correct_quantities"/>
    <testcase time="0.00200000000000955" classname="character(0)" name="GridObservered_Constructs_correct_quantities"/>
    <testcase time="0.00100000000000477" classname="character(0)" name="GridObservered_Constructs_correct_quantities"/>
  </testsuite>
  <testsuite name="Grid" timestamp="2026-04-15T05:09:17Z" hostname="b769b33a4268" tests="4" skipped="0" failures="0" errors="0" time="0.006">
    <testcase time="0.0029999999999859" classname="character(0)" name="subjects_to_list_works_as_expected"/>
    <testcase time="0.00100000000000477" classname="character(0)" name="subjects_to_list_works_as_expected"/>
    <testcase time="0.00100000000000477" classname="character(0)" name="subjects_to_list_works_as_expected"/>
    <testcase time="0.00100000000000477" classname="character(0)" name="subjects_to_list_works_as_expected"/>
  </testsuite>
  <testsuite name="Grid" timestamp="2026-04-15T05:09:17Z" hostname="b769b33a4268" tests="4" skipped="0" failures="0" errors="0" time="0.007">
    <testcase time="0.0029999999999859" classname="character(0)" name="coalesceGridTime_works_as_expected"/>
    <testcase time="0.00200000000000955" classname="character(0)" name="coalesceGridTime_works_as_expected"/>
    <testcase time="0.00100000000000477" classname="character(0)" name="coalesceGridTime_works_as_expected"/>
    <testcase time="0.00100000000000477" classname="character(0)" name="coalesceGridTime_works_as_expected"/>
  </testsuite>
  <testsuite name="Grid" timestamp="2026-04-15T05:09:17Z" hostname="b769b33a4268" tests="5" skipped="0" failures="0" errors="0" time="0.006">
    <testcase time="0.00199999999998113" classname="character(0)" name="GridPopulation_works_as_expected_for_GSF_models"/>
    <testcase time="0.00100000000000477" classname="character(0)" name="GridPopulation_works_as_expected_for_GSF_models"/>
    <testcase time="0.00100000000000477" classname="character(0)" name="GridPopulation_works_as_expected_for_GSF_models"/>
    <testcase time="0.000999999999976353" classname="character(0)" name="GridPopulation_works_as_expected_for_GSF_models"/>
    <testcase time="0.00100000000000477" classname="character(0)" name="GridPopulation_works_as_expected_for_GSF_models"/>
  </testsuite>
  <testsuite name="Grid" timestamp="2026-04-15T05:09:17Z" hostname="b769b33a4268" tests="5" skipped="0" failures="0" errors="0" time="0.007">
    <testcase time="0.00300000000001432" classname="character(0)" name="GridPopulation_works_as_expected_for_Longitudinal_models"/>
    <testcase time="0.00100000000000477" classname="character(0)" name="GridPopulation_works_as_expected_for_Longitudinal_models"/>
    <testcase time="0.000999999999976353" classname="character(0)" name="GridPopulation_works_as_expected_for_Longitudinal_models"/>
    <testcase time="0.00100000000000477" classname="character(0)" name="GridPopulation_works_as_expected_for_Longitudinal_models"/>
    <testcase time="0.00100000000000477" classname="character(0)" name="GridPopulation_works_as_expected_for_Longitudinal_models"/>
  </testsuite>
  <testsuite name="Grid" timestamp="2026-04-15T05:09:17Z" hostname="b769b33a4268" tests="1" skipped="0" failures="0" errors="0" time="0.003">
    <testcase time="0.00300000000001432" classname="character(0)" name="GridPopulation_doesn_t_work_with_SurvivalQuantities"/>
  </testsuite>
  <testsuite name="Grid" timestamp="2026-04-15T05:09:17Z" hostname="b769b33a4268" tests="1" skipped="0" failures="0" errors="0" time="0.003">
    <testcase time="0.0029999999999859" classname="character(0)" name="GridFixed_bug_has_been_fixed"/>
  </testsuite>
  <testsuite name="LongitudinalGSF" timestamp="2026-04-15T05:38:42Z" hostname="b769b33a4268" tests="2" skipped="0" failures="0" errors="0" time="1764.815">
    <testcase time="1764.814" classname="character(0)" name="LongitudinalGSF_works_as_expected_with_default_arguments"/>
    <testcase time="0.000999999999976353" classname="character(0)" name="LongitudinalGSF_works_as_expected_with_default_arguments"/>
  </testsuite>
  <testsuite name="LongitudinalGSF" timestamp="2026-04-15T05:38:42Z" hostname="b769b33a4268" tests="1" skipped="1" failures="0" errors="0" time="0.003">
    <testcase time="0.00300000000015643" classname="character(0)" name="Print_method_for_LongitudinalGSF_works_as_expected">
      <skipped message="Reason: On CRAN ('test-LongitudinalGSF.R:10:1')"/>
    </testcase>
  </testsuite>
  <testsuite name="LongitudinalGSF" timestamp="2026-04-15T05:38:42Z" hostname="b769b33a4268" tests="3" skipped="0" failures="0" errors="0" time="0.022">
    <testcase time="0.0199999999999818" classname="character(0)" name="Centralised_parameterisation_compiles_without_issues"/>
    <testcase time="0.000999999999976353" classname="character(0)" name="Centralised_parameterisation_compiles_without_issues"/>
    <testcase time="0.000999999999976353" classname="character(0)" name="Centralised_parameterisation_compiles_without_issues"/>
  </testsuite>
  <testsuite name="LongitudinalGSF" timestamp="2026-04-15T05:38:42Z" hostname="b769b33a4268" tests="3" skipped="0" failures="0" errors="0" time="0.005">
    <testcase time="0.00299999999992906" classname="character(0)" name="Non_Centralised_parameterisation_compiles_without_issues"/>
    <testcase time="0.000999999999976353" classname="character(0)" name="Non_Centralised_parameterisation_compiles_without_issues"/>
    <testcase time="0.00100000000020373" classname="character(0)" name="Non_Centralised_parameterisation_compiles_without_issues"/>
  </testsuite>
  <testsuite name="LongitudinalGSF" timestamp="2026-04-15T05:38:42Z" hostname="b769b33a4268" tests="4" skipped="0" failures="0" errors="0" time="0.006">
    <testcase time="0.00299999999992906" classname="character(0)" name="Can_load_and_compile_growth_shrinkage_links"/>
    <testcase time="0.000999999999976353" classname="character(0)" name="Can_load_and_compile_growth_shrinkage_links"/>
    <testcase time="0.000999999999976353" classname="character(0)" name="Can_load_and_compile_growth_shrinkage_links"/>
    <testcase time="0.000999999999976353" classname="character(0)" name="Can_load_and_compile_growth_shrinkage_links"/>
  </testsuite>
  <testsuite name="LongitudinalGSF" timestamp="2026-04-15T05:38:42Z" hostname="b769b33a4268" tests="9" skipped="0" failures="0" errors="0" time="0.011">
    <testcase time="0.00299999999992906" classname="character(0)" name="Can_recover_known_distributional_parameters_from_a_full_GSF_joint_model"/>
    <testcase time="0.00100000000020373" classname="character(0)" name="Can_recover_known_distributional_parameters_from_a_full_GSF_joint_model"/>
    <testcase time="0.000999999999976353" classname="character(0)" name="Can_recover_known_distributional_parameters_from_a_full_GSF_joint_model"/>
    <testcase time="0.000999999999976353" classname="character(0)" name="Can_recover_known_distributional_parameters_from_a_full_GSF_joint_model"/>
    <testcase time="0.000999999999976353" classname="character(0)" name="Can_recover_known_distributional_parameters_from_a_full_GSF_joint_model"/>
    <testcase time="0.000999999999976353" classname="character(0)" name="Can_recover_known_distributional_parameters_from_a_full_GSF_joint_model"/>
    <testcase time="0.000999999999976353" classname="character(0)" name="Can_recover_known_distributional_parameters_from_a_full_GSF_joint_model"/>
    <testcase time="0.000999999999976353" classname="character(0)" name="Can_recover_known_distributional_parameters_from_a_full_GSF_joint_model"/>
    <testcase time="0.000999999999976353" classname="character(0)" name="Can_recover_known_distributional_parameters_from_a_full_GSF_joint_model"/>
  </testsuite>
  <testsuite name="LongitudinalGSF" timestamp="2026-04-15T05:38:42Z" hostname="b769b33a4268" tests="2" skipped="0" failures="0" errors="0" time="0.004">
    <testcase time="0.00300000000015643" classname="character(0)" name="Quantity_models_pass_the_parser"/>
    <testcase time="0.000999999999976353" classname="character(0)" name="Quantity_models_pass_the_parser"/>
  </testsuite>
  <testsuite name="LongitudinalGSF" timestamp="2026-04-15T05:38:42Z" hostname="b769b33a4268" tests="7" skipped="0" failures="0" errors="0" time="0.009">
    <testcase time="0.00299999999992906" classname="character(0)" name="Can_generate_valid_initial_values"/>
    <testcase time="0.000999999999976353" classname="character(0)" name="Can_generate_valid_initial_values"/>
    <testcase time="0.000999999999976353" classname="character(0)" name="Can_generate_valid_initial_values"/>
    <testcase time="0.000999999999976353" classname="character(0)" name="Can_generate_valid_initial_values"/>
    <testcase time="0.000999999999976353" classname="character(0)" name="Can_generate_valid_initial_values"/>
    <testcase time="0.00100000000020373" classname="character(0)" name="Can_generate_valid_initial_values"/>
    <testcase time="0.000999999999976353" classname="character(0)" name="Can_generate_valid_initial_values"/>
  </testsuite>
  <testsuite name="LongitudinalGSF" timestamp="2026-04-15T05:38:42Z" hostname="b769b33a4268" tests="1" skipped="0" failures="0" errors="0" time="0.003">
    <testcase time="0.00299999999992906" classname="character(0)" name="Unscaled_variance_GSF_mode_pass_the_parser"/>
  </testsuite>
  <testsuite name="LongitudinalGSF" timestamp="2026-04-15T05:38:42Z" hostname="b769b33a4268" tests="3" skipped="0" failures="1" errors="0" time="0.028">
    <testcase time="0.00900000000001455" classname="character(0)" name="Can_recover_known_distributional_parameters_from_unscaled_variance_GSF_model">
      <failure type="failure" message="Expected `all(dat$q01 &lt;= true_values)` to be TRUE. ('test-LongitudinalGSF.R:482:5')">Expected `all(dat$q01 &lt;= true_values)` to be TRUE.
Differences:
`actual`:   FALSE
`expected`: TRUE 
</failure>
    </testcase>
    <testcase time="0.0180000000000291" classname="character(0)" name="Can_recover_known_distributional_parameters_from_unscaled_variance_GSF_model"/>
    <testcase time="0.000999999999976353" classname="character(0)" name="Can_recover_known_distributional_parameters_from_unscaled_variance_GSF_model"/>
  </testsuite>
  <testsuite name="LongitudinalQuantiles" timestamp="2026-04-15T05:39:32Z" hostname="b769b33a4268" tests="10" skipped="0" failures="0" errors="0" time="49.905">
    <testcase time="49.8949999999998" classname="character(0)" name="Test_that_LongitudinalQuantities_works_as_expected"/>
    <testcase time="0.00100000000020373" classname="character(0)" name="Test_that_LongitudinalQuantities_works_as_expected"/>
    <testcase time="0.00199999999995271" classname="character(0)" name="Test_that_LongitudinalQuantities_works_as_expected"/>
    <testcase time="0.00100000000020373" classname="character(0)" name="Test_that_LongitudinalQuantities_works_as_expected"/>
    <testcase time="0.000999999999748979" classname="character(0)" name="Test_that_LongitudinalQuantities_works_as_expected"/>
    <testcase time="0.00100000000020373" classname="character(0)" name="Test_that_LongitudinalQuantities_works_as_expected"/>
    <testcase time="0.000999999999748979" classname="character(0)" name="Test_that_LongitudinalQuantities_works_as_expected"/>
    <testcase time="0.00100000000020373" classname="character(0)" name="Test_that_LongitudinalQuantities_works_as_expected"/>
    <testcase time="0.000999999999748979" classname="character(0)" name="Test_that_LongitudinalQuantities_works_as_expected"/>
    <testcase time="0.00100000000020373" classname="character(0)" name="Test_that_LongitudinalQuantities_works_as_expected"/>
  </testsuite>
  <testsuite name="LongitudinalQuantiles" timestamp="2026-04-15T05:39:32Z" hostname="b769b33a4268" tests="15" skipped="0" failures="0" errors="0" time="0.017">
    <testcase time="0.00300000000015643" classname="character(0)" name="autoplot.LongitudinalQuantities_works_as_expected"/>
    <testcase time="0.000999999999748979" classname="character(0)" name="autoplot.LongitudinalQuantities_works_as_expected"/>
    <testcase time="0.00100000000020373" classname="character(0)" name="autoplot.LongitudinalQuantities_works_as_expected"/>
    <testcase time="0.000999999999748979" classname="character(0)" name="autoplot.LongitudinalQuantities_works_as_expected"/>
    <testcase time="0.00100000000020373" classname="character(0)" name="autoplot.LongitudinalQuantities_works_as_expected"/>
    <testcase time="0.000999999999748979" classname="character(0)" name="autoplot.LongitudinalQuantities_works_as_expected"/>
    <testcase time="0.00100000000020373" classname="character(0)" name="autoplot.LongitudinalQuantities_works_as_expected"/>
    <testcase time="0.00100000000020373" classname="character(0)" name="autoplot.LongitudinalQuantities_works_as_expected"/>
    <testcase time="0.000999999999748979" classname="character(0)" name="autoplot.LongitudinalQuantities_works_as_expected"/>
    <testcase time="0.00100000000020373" classname="character(0)" name="autoplot.LongitudinalQuantities_works_as_expected"/>
    <testcase time="0.000999999999748979" classname="character(0)" name="autoplot.LongitudinalQuantities_works_as_expected"/>
    <testcase time="0.00100000000020373" classname="character(0)" name="autoplot.LongitudinalQuantities_works_as_expected"/>
    <testcase time="0.000999999999748979" classname="character(0)" name="autoplot.LongitudinalQuantities_works_as_expected"/>
    <testcase time="0.00100000000020373" classname="character(0)" name="autoplot.LongitudinalQuantities_works_as_expected"/>
    <testcase time="0.000999999999748979" classname="character(0)" name="autoplot.LongitudinalQuantities_works_as_expected"/>
  </testsuite>
  <testsuite name="LongitudinalQuantiles" timestamp="2026-04-15T05:39:32Z" hostname="b769b33a4268" tests="1" skipped="1" failures="0" errors="0" time="0.003">
    <testcase time="0.00300000000015643" classname="character(0)" name="LongitudinalQuantities_print_method_works_as_expected">
      <skipped message="Reason: On CRAN ('test-LongitudinalQuantiles.R:84:1')"/>
    </testcase>
  </testsuite>
  <testsuite name="LongitudinalQuantiles" timestamp="2026-04-15T05:39:32Z" hostname="b769b33a4268" tests="1" skipped="0" failures="0" errors="0" time="0.019">
    <testcase time="0.0190000000002328" classname="character(0)" name="LongitudinalQuantities_can_recover_known_results"/>
  </testsuite>
  <testsuite name="LongitudinalQuantiles" timestamp="2026-04-15T05:39:32Z" hostname="b769b33a4268" tests="1" skipped="0" failures="0" errors="0" time="0.003">
    <testcase time="0.00300000000015643" classname="character(0)" name="LongitudinalQuantities_correctly_subsets_subjects_and_rebuilds_correct_value_for_each_sample"/>
  </testsuite>
  <testsuite name="LongitudinalRandomEffects" timestamp="2026-04-15T05:41:02Z" hostname="b769b33a4268" tests="4" skipped="0" failures="0" errors="0" time="90.059">
    <testcase time="90.056" classname="character(0)" name="LongitudinalRandomEffects_works_as_expected"/>
    <testcase time="0.000999999999748979" classname="character(0)" name="LongitudinalRandomEffects_works_as_expected"/>
    <testcase time="0.00100000000020373" classname="character(0)" name="LongitudinalRandomEffects_works_as_expected"/>
    <testcase time="0.000999999999748979" classname="character(0)" name="LongitudinalRandomEffects_works_as_expected"/>
  </testsuite>
  <testsuite name="LongitudinalRandomSlope" timestamp="2026-04-15T05:42:23Z" hostname="b769b33a4268" tests="1" skipped="1" failures="0" errors="0" time="80.512">
    <testcase time="80.5120000000002" classname="character(0)" name="Print_method_for_LongitudinalRandomSlope_works_as_expected">
      <skipped message="Reason: On CRAN ('test-LongitudinalRandomSlope.R:2:1')"/>
    </testcase>
  </testsuite>
  <testsuite name="LongitudinalRandomSlope" timestamp="2026-04-15T05:42:23Z" hostname="b769b33a4268" tests="1" skipped="0" failures="0" errors="0" time="0.02">
    <testcase time="0.0199999999999818" classname="character(0)" name="LongitudinalRandomSlope_correctly_generates_an_intercept_per_study"/>
  </testsuite>
  <testsuite name="LongitudinalRandomSlope" timestamp="2026-04-15T05:42:23Z" hostname="b769b33a4268" tests="2" skipped="0" failures="0" errors="0" time="0.004">
    <testcase time="0.00300000000015643" classname="character(0)" name="Random_Slope_Model_can_recover_known_parameter_values"/>
    <testcase time="0.000999999999748979" classname="character(0)" name="Random_Slope_Model_can_recover_known_parameter_values"/>
  </testsuite>
  <testsuite name="LongitudinalRandomSlope" timestamp="2026-04-15T05:42:23Z" hostname="b769b33a4268" tests="2" skipped="0" failures="0" errors="0" time="0.004">
    <testcase time="0.00300000000015643" classname="character(0)" name="Random_Slope_Model_left_censoring_works_as_expected"/>
    <testcase time="0.000999999999748979" classname="character(0)" name="Random_Slope_Model_left_censoring_works_as_expected"/>
  </testsuite>
  <testsuite name="LongitudinalRandomSlope" timestamp="2026-04-15T05:42:23Z" hostname="b769b33a4268" tests="2" skipped="0" failures="0" errors="0" time="0.004">
    <testcase time="0.00300000000015643" classname="character(0)" name="Quantity_models_pass_the_parser"/>
    <testcase time="0.00100000000020373" classname="character(0)" name="Quantity_models_pass_the_parser"/>
  </testsuite>
  <testsuite name="LongitudinalRandomSlope" timestamp="2026-04-15T05:42:23Z" hostname="b769b33a4268" tests="4" skipped="0" failures="0" errors="0" time="0.007">
    <testcase time="0.00399999999990541" classname="character(0)" name="Can_generate_valid_initial_values"/>
    <testcase time="0.000999999999748979" classname="character(0)" name="Can_generate_valid_initial_values"/>
    <testcase time="0.00100000000020373" classname="character(0)" name="Can_generate_valid_initial_values"/>
    <testcase time="0.000999999999748979" classname="character(0)" name="Can_generate_valid_initial_values"/>
  </testsuite>
  <testsuite name="LongitudinalSteinFojo" timestamp="2026-04-15T06:10:36Z" hostname="b769b33a4268" tests="2" skipped="0" failures="0" errors="0" time="1692.944">
    <testcase time="1692.943" classname="character(0)" name="LongitudinalSteinFojo_works_as_expected_with_default_arguments"/>
    <testcase time="0.00100000000020373" classname="character(0)" name="LongitudinalSteinFojo_works_as_expected_with_default_arguments"/>
  </testsuite>
  <testsuite name="LongitudinalSteinFojo" timestamp="2026-04-15T06:10:36Z" hostname="b769b33a4268" tests="1" skipped="1" failures="0" errors="0" time="0.004">
    <testcase time="0.00399999999990541" classname="character(0)" name="Print_method_for_LongitudinalSteinFojo_works_as_expected">
      <skipped message="Reason: On CRAN ('test-LongitudinalSteinFojo.R:9:1')"/>
    </testcase>
  </testsuite>
  <testsuite name="LongitudinalSteinFojo" timestamp="2026-04-15T06:10:36Z" hostname="b769b33a4268" tests="3" skipped="0" failures="0" errors="0" time="0.023">
    <testcase time="0.0209999999997308" classname="character(0)" name="Centralised_parameterisation_compiles_without_issues"/>
    <testcase time="0.00100000000020373" classname="character(0)" name="Centralised_parameterisation_compiles_without_issues"/>
    <testcase time="0.00100000000020373" classname="character(0)" name="Centralised_parameterisation_compiles_without_issues"/>
  </testsuite>
  <testsuite name="LongitudinalSteinFojo" timestamp="2026-04-15T06:10:36Z" hostname="b769b33a4268" tests="3" skipped="0" failures="0" errors="0" time="0.005">
    <testcase time="0.00299999999970169" classname="character(0)" name="Non_Centralised_parameterisation_compiles_without_issues"/>
    <testcase time="0.00100000000020373" classname="character(0)" name="Non_Centralised_parameterisation_compiles_without_issues"/>
    <testcase time="0.000999999999748979" classname="character(0)" name="Non_Centralised_parameterisation_compiles_without_issues"/>
  </testsuite>
  <testsuite name="LongitudinalSteinFojo" timestamp="2026-04-15T06:10:36Z" hostname="b769b33a4268" tests="3" skipped="0" failures="0" errors="0" time="0.008">
    <testcase time="0.00600000000031287" classname="character(0)" name="Centralised_parameterisation_compiles_without_issues"/>
    <testcase time="0.000999999999748979" classname="character(0)" name="Centralised_parameterisation_compiles_without_issues"/>
    <testcase time="0.00100000000020373" classname="character(0)" name="Centralised_parameterisation_compiles_without_issues"/>
  </testsuite>
  <testsuite name="LongitudinalSteinFojo" timestamp="2026-04-15T06:10:36Z" hostname="b769b33a4268" tests="3" skipped="0" failures="0" errors="0" time="0.005">
    <testcase time="0.00299999999970169" classname="character(0)" name="Non_Centralised_parameterisation_compiles_without_issues"/>
    <testcase time="0.00100000000020373" classname="character(0)" name="Non_Centralised_parameterisation_compiles_without_issues"/>
    <testcase time="0.000999999999748979" classname="character(0)" name="Non_Centralised_parameterisation_compiles_without_issues"/>
  </testsuite>
  <testsuite name="LongitudinalSteinFojo" timestamp="2026-04-15T06:10:36Z" hostname="b769b33a4268" tests="4" skipped="0" failures="0" errors="0" time="0.006">
    <testcase time="0.00300000000015643" classname="character(0)" name="Can_load_and_compile_growth_shrinkage_links"/>
    <testcase time="0.00100000000020373" classname="character(0)" name="Can_load_and_compile_growth_shrinkage_links"/>
    <testcase time="0.000999999999748979" classname="character(0)" name="Can_load_and_compile_growth_shrinkage_links"/>
    <testcase time="0.00100000000020373" classname="character(0)" name="Can_load_and_compile_growth_shrinkage_links"/>
  </testsuite>
  <testsuite name="LongitudinalSteinFojo" timestamp="2026-04-15T06:10:36Z" hostname="b769b33a4268" tests="9" skipped="0" failures="0" errors="0" time="0.011">
    <testcase time="0.00299999999970169" classname="character(0)" name="Can_recover_known_distributional_parameters_from_a_SF_joint_model"/>
    <testcase time="0.00100000000020373" classname="character(0)" name="Can_recover_known_distributional_parameters_from_a_SF_joint_model"/>
    <testcase time="0.00100000000020373" classname="character(0)" name="Can_recover_known_distributional_parameters_from_a_SF_joint_model"/>
    <testcase time="0.000999999999748979" classname="character(0)" name="Can_recover_known_distributional_parameters_from_a_SF_joint_model"/>
    <testcase time="0.00100000000020373" classname="character(0)" name="Can_recover_known_distributional_parameters_from_a_SF_joint_model"/>
    <testcase time="0.000999999999748979" classname="character(0)" name="Can_recover_known_distributional_parameters_from_a_SF_joint_model"/>
    <testcase time="0.00100000000020373" classname="character(0)" name="Can_recover_known_distributional_parameters_from_a_SF_joint_model"/>
    <testcase time="0.000999999999748979" classname="character(0)" name="Can_recover_known_distributional_parameters_from_a_SF_joint_model"/>
    <testcase time="0.00100000000020373" classname="character(0)" name="Can_recover_known_distributional_parameters_from_a_SF_joint_model"/>
  </testsuite>
  <testsuite name="LongitudinalSteinFojo" timestamp="2026-04-15T06:10:36Z" hostname="b769b33a4268" tests="6" skipped="0" failures="0" errors="0" time="0.008">
    <testcase time="0.00300000000015643" classname="character(0)" name="Can_recover_known_distributional_parameters_from_a_SF_joint_model_with_growth_link"/>
    <testcase time="0.000999999999748979" classname="character(0)" name="Can_recover_known_distributional_parameters_from_a_SF_joint_model_with_growth_link"/>
    <testcase time="0.00100000000020373" classname="character(0)" name="Can_recover_known_distributional_parameters_from_a_SF_joint_model_with_growth_link"/>
    <testcase time="0.000999999999748979" classname="character(0)" name="Can_recover_known_distributional_parameters_from_a_SF_joint_model_with_growth_link"/>
    <testcase time="0.00100000000020373" classname="character(0)" name="Can_recover_known_distributional_parameters_from_a_SF_joint_model_with_growth_link"/>
    <testcase time="0.000999999999748979" classname="character(0)" name="Can_recover_known_distributional_parameters_from_a_SF_joint_model_with_growth_link"/>
  </testsuite>
  <testsuite name="LongitudinalSteinFojo" timestamp="2026-04-15T06:10:36Z" hostname="b769b33a4268" tests="2" skipped="0" failures="0" errors="0" time="0.004">
    <testcase time="0.00300000000015643" classname="character(0)" name="Quantity_models_pass_the_parser"/>
    <testcase time="0.000999999999748979" classname="character(0)" name="Quantity_models_pass_the_parser"/>
  </testsuite>
  <testsuite name="LongitudinalSteinFojo" timestamp="2026-04-15T06:10:36Z" hostname="b769b33a4268" tests="6" skipped="0" failures="0" errors="0" time="0.008">
    <testcase time="0.00300000000015643" classname="character(0)" name="Can_generate_valid_initial_values"/>
    <testcase time="0.00100000000020373" classname="character(0)" name="Can_generate_valid_initial_values"/>
    <testcase time="0.000999999999748979" classname="character(0)" name="Can_generate_valid_initial_values"/>
    <testcase time="0.00100000000020373" classname="character(0)" name="Can_generate_valid_initial_values"/>
    <testcase time="0.000999999999748979" classname="character(0)" name="Can_generate_valid_initial_values"/>
    <testcase time="0.00100000000020373" classname="character(0)" name="Can_generate_valid_initial_values"/>
  </testsuite>
  <testsuite name="LongitudinalSteinFojo" timestamp="2026-04-15T06:10:36Z" hostname="b769b33a4268" tests="1" skipped="0" failures="0" errors="0" time="0.003">
    <testcase time="0.00300000000015643" classname="character(0)" name="Unscaled_variance_SF_mode_pass_the_parser"/>
  </testsuite>
  <testsuite name="LongitudinalSteinFojo" timestamp="2026-04-15T06:10:36Z" hostname="b769b33a4268" tests="3" skipped="0" failures="0" errors="0" time="0.005">
    <testcase time="0.00299999999970169" classname="character(0)" name="Can_recover_known_distributional_parameters_from_unscaled_variance_SF_model"/>
    <testcase time="0.00100000000020373" classname="character(0)" name="Can_recover_known_distributional_parameters_from_unscaled_variance_SF_model"/>
    <testcase time="0.000999999999748979" classname="character(0)" name="Can_recover_known_distributional_parameters_from_unscaled_variance_SF_model"/>
  </testsuite>
  <testsuite name="Parameter" timestamp="2026-04-15T06:10:36Z" hostname="b769b33a4268" tests="2" skipped="0" failures="0" errors="0" time="0.105">
    <testcase time="0.104000000000269" classname="character(0)" name="Parameters_smoke_tests"/>
    <testcase time="0.000999999999748979" classname="character(0)" name="Parameters_smoke_tests"/>
  </testsuite>
  <testsuite name="Parameter" timestamp="2026-04-15T06:10:36Z" hostname="b769b33a4268" tests="1" skipped="1" failures="0" errors="0" time="0.003">
    <testcase time="0.00300000000015643" classname="character(0)" name="show_works_for_Paramneter_objects">
      <skipped message="Reason: On CRAN ('test-Parameter.R:15:1')"/>
    </testcase>
  </testsuite>
  <testsuite name="ParameterList" timestamp="2026-04-15T06:10:36Z" hostname="b769b33a4268" tests="4" skipped="0" failures="0" errors="0" time="0.142">
    <testcase time="0.139000000000124" classname="character(0)" name="ParameterList_smoke_tests"/>
    <testcase time="0.000999999999748979" classname="character(0)" name="ParameterList_smoke_tests"/>
    <testcase time="0.00100000000020373" classname="character(0)" name="ParameterList_smoke_tests"/>
    <testcase time="0.000999999999748979" classname="character(0)" name="ParameterList_smoke_tests"/>
  </testsuite>
  <testsuite name="ParameterList" timestamp="2026-04-15T06:10:36Z" hostname="b769b33a4268" tests="1" skipped="1" failures="0" errors="0" time="0.003">
    <testcase time="0.00300000000015643" classname="character(0)" name="show_works_for_ParameterList_objects">
      <skipped message="Reason: On CRAN ('test-ParameterList.R:44:1')"/>
    </testcase>
  </testsuite>
  <testsuite name="Prior" timestamp="2026-04-15T06:10:37Z" hostname="b769b33a4268" tests="8" skipped="0" failures="0" errors="0" time="0.992">
    <testcase time="0.985000000000127" classname="character(0)" name="Priors_work_as_expected"/>
    <testcase time="0.000999999999748979" classname="character(0)" name="Priors_work_as_expected"/>
    <testcase time="0.00100000000020373" classname="character(0)" name="Priors_work_as_expected"/>
    <testcase time="0.000999999999748979" classname="character(0)" name="Priors_work_as_expected"/>
    <testcase time="0.00100000000020373" classname="character(0)" name="Priors_work_as_expected"/>
    <testcase time="0.000999999999748979" classname="character(0)" name="Priors_work_as_expected"/>
    <testcase time="0.00100000000020373" classname="character(0)" name="Priors_work_as_expected"/>
    <testcase time="0.00100000000020373" classname="character(0)" name="Priors_work_as_expected"/>
  </testsuite>
  <testsuite name="Prior" timestamp="2026-04-15T06:10:37Z" hostname="b769b33a4268" tests="15" skipped="0" failures="0" errors="0" time="0.024">
    <testcase time="0.00299999999970169" classname="character(0)" name="Invalid_prior_parameters_are_rejected"/>
    <testcase time="0.00199999999995271" classname="character(0)" name="Invalid_prior_parameters_are_rejected"/>
    <testcase time="0" classname="character(0)" name="Invalid_prior_parameters_are_rejected"/>
    <testcase time="0.000999999999748979" classname="character(0)" name="Invalid_prior_parameters_are_rejected"/>
    <testcase time="0.00100000000020373" classname="character(0)" name="Invalid_prior_parameters_are_rejected"/>
    <testcase time="0.00100000000020373" classname="character(0)" name="Invalid_prior_parameters_are_rejected"/>
    <testcase time="0.000999999999748979" classname="character(0)" name="Invalid_prior_parameters_are_rejected"/>
    <testcase time="0.00100000000020373" classname="character(0)" name="Invalid_prior_parameters_are_rejected"/>
    <testcase time="0.0069999999996071" classname="character(0)" name="Invalid_prior_parameters_are_rejected"/>
    <testcase time="0.00200000000040745" classname="character(0)" name="Invalid_prior_parameters_are_rejected"/>
    <testcase time="0.000999999999748979" classname="character(0)" name="Invalid_prior_parameters_are_rejected"/>
    <testcase time="0.00100000000020373" classname="character(0)" name="Invalid_prior_parameters_are_rejected"/>
    <testcase time="0.000999999999748979" classname="character(0)" name="Invalid_prior_parameters_are_rejected"/>
    <testcase time="0.00100000000020373" classname="character(0)" name="Invalid_prior_parameters_are_rejected"/>
    <testcase time="0.000999999999748979" classname="character(0)" name="Invalid_prior_parameters_are_rejected"/>
  </testsuite>
  <testsuite name="Prior" timestamp="2026-04-15T06:10:37Z" hostname="b769b33a4268" tests="1" skipped="1" failures="0" errors="0" time="0.003">
    <testcase time="0.00300000000015643" classname="character(0)" name="show_works_for_Prior_objects">
      <skipped message="Reason: On CRAN ('test-Prior.R:146:1')"/>
    </testcase>
  </testsuite>
  <testsuite name="Prior" timestamp="2026-04-15T06:10:37Z" hostname="b769b33a4268" tests="3" skipped="0" failures="0" errors="0" time="0.022">
    <testcase time="0.0199999999999818" classname="character(0)" name="jmpost.prior_shrinkage_works_as_expected"/>
    <testcase time="0.00100000000020373" classname="character(0)" name="jmpost.prior_shrinkage_works_as_expected"/>
    <testcase time="0.000999999999748979" classname="character(0)" name="jmpost.prior_shrinkage_works_as_expected"/>
  </testsuite>
  <testsuite name="Prior" timestamp="2026-04-15T06:10:37Z" hostname="b769b33a4268" tests="7" skipped="0" failures="0" errors="0" time="0.009">
    <testcase time="0.00300000000015643" classname="character(0)" name="Limits_work_as_expected"/>
    <testcase time="0.000999999999748979" classname="character(0)" name="Limits_work_as_expected"/>
    <testcase time="0.00100000000020373" classname="character(0)" name="Limits_work_as_expected"/>
    <testcase time="0.000999999999748979" classname="character(0)" name="Limits_work_as_expected"/>
    <testcase time="0.00100000000020373" classname="character(0)" name="Limits_work_as_expected"/>
    <testcase time="0" classname="character(0)" name="Limits_work_as_expected"/>
    <testcase time="0.00199999999995271" classname="character(0)" name="Limits_work_as_expected"/>
  </testsuite>
  <testsuite name="Prior" timestamp="2026-04-15T06:10:37Z" hostname="b769b33a4268" tests="2" skipped="0" failures="0" errors="0" time="0.005">
    <testcase time="0.00299999999970169" classname="character(0)" name="median_Prior_works_as_expected"/>
    <testcase time="0.00199999999995271" classname="character(0)" name="median_Prior_works_as_expected"/>
  </testsuite>
  <testsuite name="Prior" timestamp="2026-04-15T06:10:37Z" hostname="b769b33a4268" tests="4" skipped="0" failures="0" errors="0" time="0.006">
    <testcase time="0.00300000000015643" classname="character(0)" name="Parameters_in_priors_must_be_length_1_422"/>
    <testcase time="0.00100000000020373" classname="character(0)" name="Parameters_in_priors_must_be_length_1_422"/>
    <testcase time="0.000999999999748979" classname="character(0)" name="Parameters_in_priors_must_be_length_1_422"/>
    <testcase time="0.00100000000020373" classname="character(0)" name="Parameters_in_priors_must_be_length_1_422"/>
  </testsuite>
  <testsuite name="Quantities" timestamp="2026-04-15T06:10:37Z" hostname="b769b33a4268" tests="3" skipped="0" failures="0" errors="0" time="0.19">
    <testcase time="0.188000000000102" classname="character(0)" name="Simple_utility_functions_work_as_expected"/>
    <testcase time="0.000999999999748979" classname="character(0)" name="Simple_utility_functions_work_as_expected"/>
    <testcase time="0.00100000000020373" classname="character(0)" name="Simple_utility_functions_work_as_expected"/>
  </testsuite>
  <testsuite name="Quantities" timestamp="2026-04-15T06:10:37Z" hostname="b769b33a4268" tests="4" skipped="0" failures="0" errors="0" time="0.006">
    <testcase time="0.00299999999970169" classname="character(0)" name="collapse_quantities_works_as_expected"/>
    <testcase time="0.00100000000020373" classname="character(0)" name="collapse_quantities_works_as_expected"/>
    <testcase time="0.000999999999748979" classname="character(0)" name="collapse_quantities_works_as_expected"/>
    <testcase time="0.00100000000020373" classname="character(0)" name="collapse_quantities_works_as_expected"/>
  </testsuite>
  <testsuite name="Quantities" timestamp="2026-04-15T06:10:37Z" hostname="b769b33a4268" tests="1" skipped="0" failures="0" errors="0" time="0.003">
    <testcase time="0.00300000000015643" classname="character(0)" name="summary.Quantiles_works_as_expected"/>
  </testsuite>
  <testsuite name="Quantities" timestamp="2026-04-15T06:10:37Z" hostname="b769b33a4268" tests="1" skipped="0" failures="0" errors="0" time="0.003">
    <testcase time="0.00299999999970169" classname="character(0)" name="as.data.frame.Quantiles_works_as_expected"/>
  </testsuite>
  <testsuite name="Quantities" timestamp="2026-04-15T06:10:37Z" hostname="b769b33a4268" tests="1" skipped="1" failures="0" errors="0" time="0.003">
    <testcase time="0.00299999999970169" classname="character(0)" name="Quantities_print_method_works_as_expected">
      <skipped message="Reason: On CRAN ('test-Quantities.R:139:1')"/>
    </testcase>
  </testsuite>
  <testsuite name="SimGroup" timestamp="2026-04-15T06:10:37Z" hostname="b769b33a4268" tests="7" skipped="0" failures="0" errors="0" time="0.136">
    <testcase time="0.12900000000036" classname="character(0)" name="SimGroup_works_as_expected"/>
    <testcase time="0.000999999999748979" classname="character(0)" name="SimGroup_works_as_expected"/>
    <testcase time="0.00100000000020373" classname="character(0)" name="SimGroup_works_as_expected"/>
    <testcase time="0.000999999999748979" classname="character(0)" name="SimGroup_works_as_expected"/>
    <testcase time="0.00100000000020373" classname="character(0)" name="SimGroup_works_as_expected"/>
    <testcase time="0.000999999999748979" classname="character(0)" name="SimGroup_works_as_expected"/>
    <testcase time="0.00200000000040745" classname="character(0)" name="SimGroup_works_as_expected"/>
  </testsuite>
  <testsuite name="SimJointData" timestamp="2026-04-15T06:10:38Z" hostname="b769b33a4268" tests="8" skipped="0" failures="0" errors="0" time="0.837">
    <testcase time="0.829999999999927" classname="character(0)" name="SimJointData_works_as_expected"/>
    <testcase time="0.000999999999748979" classname="character(0)" name="SimJointData_works_as_expected"/>
    <testcase time="0.00100000000020373" classname="character(0)" name="SimJointData_works_as_expected"/>
    <testcase time="0.000999999999748979" classname="character(0)" name="SimJointData_works_as_expected"/>
    <testcase time="0.00100000000020373" classname="character(0)" name="SimJointData_works_as_expected"/>
    <testcase time="0.000999999999748979" classname="character(0)" name="SimJointData_works_as_expected"/>
    <testcase time="0.00100000000020373" classname="character(0)" name="SimJointData_works_as_expected"/>
    <testcase time="0.00100000000020373" classname="character(0)" name="SimJointData_works_as_expected"/>
  </testsuite>
  <testsuite name="SimJointData" timestamp="2026-04-15T06:10:38Z" hostname="b769b33a4268" tests="1" skipped="0" failures="0" errors="0" time="0.004">
    <testcase time="0.00399999999990541" classname="character(0)" name="SimJointData_leads_to_valid_DataJoint_with_almost_only_default_arguments"/>
  </testsuite>
  <testsuite name="SimJointData" timestamp="2026-04-15T06:10:38Z" hostname="b769b33a4268" tests="1" skipped="1" failures="0" errors="0" time="0.003">
    <testcase time="0.00299999999970169" classname="character(0)" name="print_methods_work_as_expected">
      <skipped message="Reason: On CRAN ('test-SimJointData.R:94:1')"/>
    </testcase>
  </testsuite>
  <testsuite name="SimLongitudinalClaretBruno" timestamp="2026-04-15T06:10:38Z" hostname="b769b33a4268" tests="16" skipped="0" failures="0" errors="0" time="0.219">
    <testcase time="0.202999999999975" classname="character(0)" name="SimLongitudinalClaretBruno_works_as_expected"/>
    <testcase time="0.00100000000020373" classname="character(0)" name="SimLongitudinalClaretBruno_works_as_expected"/>
    <testcase time="0.00199999999995271" classname="character(0)" name="SimLongitudinalClaretBruno_works_as_expected"/>
    <testcase time="0.00100000000020373" classname="character(0)" name="SimLongitudinalClaretBruno_works_as_expected"/>
    <testcase time="0.000999999999748979" classname="character(0)" name="SimLongitudinalClaretBruno_works_as_expected"/>
    <testcase time="0.00100000000020373" classname="character(0)" name="SimLongitudinalClaretBruno_works_as_expected"/>
    <testcase time="0.000999999999748979" classname="character(0)" name="SimLongitudinalClaretBruno_works_as_expected"/>
    <testcase time="0.00100000000020373" classname="character(0)" name="SimLongitudinalClaretBruno_works_as_expected"/>
    <testcase time="0.000999999999748979" classname="character(0)" name="SimLongitudinalClaretBruno_works_as_expected"/>
    <testcase time="0.00100000000020373" classname="character(0)" name="SimLongitudinalClaretBruno_works_as_expected"/>
    <testcase time="0.00100000000020373" classname="character(0)" name="SimLongitudinalClaretBruno_works_as_expected"/>
    <testcase time="0.000999999999748979" classname="character(0)" name="SimLongitudinalClaretBruno_works_as_expected"/>
    <testcase time="0.000999999999748979" classname="character(0)" name="SimLongitudinalClaretBruno_works_as_expected"/>
    <testcase time="0.00100000000020373" classname="character(0)" name="SimLongitudinalClaretBruno_works_as_expected"/>
    <testcase time="0.000999999999748979" classname="character(0)" name="SimLongitudinalClaretBruno_works_as_expected"/>
    <testcase time="0.00100000000020373" classname="character(0)" name="SimLongitudinalClaretBruno_works_as_expected"/>
  </testsuite>
  <testsuite name="SimLongitudinalClaretBruno" timestamp="2026-04-15T06:10:38Z" hostname="b769b33a4268" tests="1" skipped="1" failures="0" errors="0" time="0.004">
    <testcase time="0.00399999999990541" classname="character(0)" name="print_methods_work_as_expected">
      <skipped message="Reason: On CRAN ('test-SimLongitudinalClaretBruno.R:64:1')"/>
    </testcase>
  </testsuite>
  <testsuite name="SimLongitudinalGSF" timestamp="2026-04-15T06:10:39Z" hostname="b769b33a4268" tests="16" skipped="0" failures="0" errors="0" time="0.222">
    <testcase time="0.206000000000131" classname="character(0)" name="SimLongitudinalGSF_works_as_expected"/>
    <testcase time="0.000999999999748979" classname="character(0)" name="SimLongitudinalGSF_works_as_expected"/>
    <testcase time="0.00100000000020373" classname="character(0)" name="SimLongitudinalGSF_works_as_expected"/>
    <testcase time="0.000999999999748979" classname="character(0)" name="SimLongitudinalGSF_works_as_expected"/>
    <testcase time="0.00100000000020373" classname="character(0)" name="SimLongitudinalGSF_works_as_expected"/>
    <testcase time="0.00100000000020373" classname="character(0)" name="SimLongitudinalGSF_works_as_expected"/>
    <testcase time="0.000999999999748979" classname="character(0)" name="SimLongitudinalGSF_works_as_expected"/>
    <testcase time="0.00100000000020373" classname="character(0)" name="SimLongitudinalGSF_works_as_expected"/>
    <testcase time="0.00199999999995271" classname="character(0)" name="SimLongitudinalGSF_works_as_expected"/>
    <testcase time="0.000999999999748979" classname="character(0)" name="SimLongitudinalGSF_works_as_expected"/>
    <testcase time="0.00100000000020373" classname="character(0)" name="SimLongitudinalGSF_works_as_expected"/>
    <testcase time="0.000999999999748979" classname="character(0)" name="SimLongitudinalGSF_works_as_expected"/>
    <testcase time="0.00100000000020373" classname="character(0)" name="SimLongitudinalGSF_works_as_expected"/>
    <testcase time="0.00100000000020373" classname="character(0)" name="SimLongitudinalGSF_works_as_expected"/>
    <testcase time="0.000999999999748979" classname="character(0)" name="SimLongitudinalGSF_works_as_expected"/>
    <testcase time="0.00100000000020373" classname="character(0)" name="SimLongitudinalGSF_works_as_expected"/>
  </testsuite>
  <testsuite name="SimLongitudinalGSF" timestamp="2026-04-15T06:10:39Z" hostname="b769b33a4268" tests="1" skipped="1" failures="0" errors="0" time="0.004">
    <testcase time="0.00399999999990541" classname="character(0)" name="print_methods_work_as_expected">
      <skipped message="Reason: On CRAN ('test-SimLongitudinalGSF.R:63:1')"/>
    </testcase>
  </testsuite>
  <testsuite name="SimLongitudinalRandomSlope" timestamp="2026-04-15T06:10:39Z" hostname="b769b33a4268" tests="15" skipped="0" failures="0" errors="0" time="0.427">
    <testcase time="0.411999999999807" classname="character(0)" name="SimLongitudinalRandomSlope_works_as_expected"/>
    <testcase time="0.00199999999995271" classname="character(0)" name="SimLongitudinalRandomSlope_works_as_expected"/>
    <testcase time="0.00100000000020373" classname="character(0)" name="SimLongitudinalRandomSlope_works_as_expected"/>
    <testcase time="0.000999999999748979" classname="character(0)" name="SimLongitudinalRandomSlope_works_as_expected"/>
    <testcase time="0.00100000000020373" classname="character(0)" name="SimLongitudinalRandomSlope_works_as_expected"/>
    <testcase time="0.00100000000020373" classname="character(0)" name="SimLongitudinalRandomSlope_works_as_expected"/>
    <testcase time="0.000999999999748979" classname="character(0)" name="SimLongitudinalRandomSlope_works_as_expected"/>
    <testcase time="0.00100000000020373" classname="character(0)" name="SimLongitudinalRandomSlope_works_as_expected"/>
    <testcase time="0.000999999999748979" classname="character(0)" name="SimLongitudinalRandomSlope_works_as_expected"/>
    <testcase time="0.00100000000020373" classname="character(0)" name="SimLongitudinalRandomSlope_works_as_expected"/>
    <testcase time="0.000999999999748979" classname="character(0)" name="SimLongitudinalRandomSlope_works_as_expected"/>
    <testcase time="0.00100000000020373" classname="character(0)" name="SimLongitudinalRandomSlope_works_as_expected"/>
    <testcase time="0.000999999999748979" classname="character(0)" name="SimLongitudinalRandomSlope_works_as_expected"/>
    <testcase time="0.00100000000020373" classname="character(0)" name="SimLongitudinalRandomSlope_works_as_expected"/>
    <testcase time="0.00100000000020373" classname="character(0)" name="SimLongitudinalRandomSlope_works_as_expected"/>
  </testsuite>
  <testsuite name="SimLongitudinalRandomSlope" timestamp="2026-04-15T06:10:39Z" hostname="b769b33a4268" tests="1" skipped="0" failures="0" errors="0" time="0.004">
    <testcase time="0.00399999999990541" classname="character(0)" name="SimLongitudinalRandomSlope_correctly_generates_a_dataset_with_known_parameters"/>
  </testsuite>
  <testsuite name="SimLongitudinalRandomSlope" timestamp="2026-04-15T06:10:39Z" hostname="b769b33a4268" tests="1" skipped="1" failures="0" errors="0" time="0.003">
    <testcase time="0.00299999999970169" classname="character(0)" name="print_methods_work_as_expected">
      <skipped message="Reason: On CRAN ('test-SimLongitudinalRandomSlope.R:91:1')"/>
    </testcase>
  </testsuite>
  <testsuite name="SimLongitudinalSteinFojo" timestamp="2026-04-15T06:10:39Z" hostname="b769b33a4268" tests="15" skipped="0" failures="0" errors="0" time="0.252">
    <testcase time="0.23700000000008" classname="character(0)" name="SimLongitudinalSteinFojo_works_as_expected"/>
    <testcase time="0.00100000000020373" classname="character(0)" name="SimLongitudinalSteinFojo_works_as_expected"/>
    <testcase time="0.000999999999748979" classname="character(0)" name="SimLongitudinalSteinFojo_works_as_expected"/>
    <testcase time="0.00100000000020373" classname="character(0)" name="SimLongitudinalSteinFojo_works_as_expected"/>
    <testcase time="0.000999999999748979" classname="character(0)" name="SimLongitudinalSteinFojo_works_as_expected"/>
    <testcase time="0.00100000000020373" classname="character(0)" name="SimLongitudinalSteinFojo_works_as_expected"/>
    <testcase time="0.00199999999995271" classname="character(0)" name="SimLongitudinalSteinFojo_works_as_expected"/>
    <testcase time="0.00100000000020373" classname="character(0)" name="SimLongitudinalSteinFojo_works_as_expected"/>
    <testcase time="0.000999999999748979" classname="character(0)" name="SimLongitudinalSteinFojo_works_as_expected"/>
    <testcase time="0.00100000000020373" classname="character(0)" name="SimLongitudinalSteinFojo_works_as_expected"/>
    <testcase time="0.000999999999748979" classname="character(0)" name="SimLongitudinalSteinFojo_works_as_expected"/>
    <testcase time="0.00100000000020373" classname="character(0)" name="SimLongitudinalSteinFojo_works_as_expected"/>
    <testcase time="0.000999999999748979" classname="character(0)" name="SimLongitudinalSteinFojo_works_as_expected"/>
    <testcase time="0.00100000000020373" classname="character(0)" name="SimLongitudinalSteinFojo_works_as_expected"/>
    <testcase time="0.000999999999748979" classname="character(0)" name="SimLongitudinalSteinFojo_works_as_expected"/>
  </testsuite>
  <testsuite name="SimLongitudinalSteinFojo" timestamp="2026-04-15T06:10:39Z" hostname="b769b33a4268" tests="1" skipped="1" failures="0" errors="0" time="0.004">
    <testcase time="0.00400000000036016" classname="character(0)" name="print_methods_work_as_expected">
      <skipped message="Reason: On CRAN ('test-SimLongitudinalSteinFojo.R:61:1')"/>
    </testcase>
  </testsuite>
  <testsuite name="SimSurvival" timestamp="2026-04-15T06:10:43Z" hostname="b769b33a4268" tests="1" skipped="0" failures="0" errors="0" time="3.453">
    <testcase time="3.45299999999997" classname="character(0)" name="SimSurvivalExponential_creates_a_dataset_with_the_correct_parameter"/>
  </testsuite>
  <testsuite name="SimSurvival" timestamp="2026-04-15T06:10:43Z" hostname="b769b33a4268" tests="3" skipped="0" failures="0" errors="0" time="0.004">
    <testcase time="0.00199999999995271" classname="character(0)" name="SimSurvivalWeibullPH_creates_a_dataset_with_the_correct_parameter"/>
    <testcase time="0.000999999999748979" classname="character(0)" name="SimSurvivalWeibullPH_creates_a_dataset_with_the_correct_parameter"/>
    <testcase time="0.00100000000020373" classname="character(0)" name="SimSurvivalWeibullPH_creates_a_dataset_with_the_correct_parameter"/>
  </testsuite>
  <testsuite name="SimSurvival" timestamp="2026-04-15T06:10:43Z" hostname="b769b33a4268" tests="1" skipped="1" failures="0" errors="0" time="0.002">
    <testcase time="0.00199999999995271" classname="character(0)" name="print_methods_work_as_expected">
      <skipped message="Reason: On CRAN ('test-SimSurvival.R:85:1')"/>
    </testcase>
  </testsuite>
  <testsuite name="StanModel" timestamp="2026-04-15T06:10:43Z" hostname="b769b33a4268" tests="1" skipped="1" failures="0" errors="0" time="0.054">
    <testcase time="0.0540000000000873" classname="character(0)" name="StanModel_print_function_works_as_expected">
      <skipped message="Reason: On CRAN ('test-StanModel.R:2:1')"/>
    </testcase>
  </testsuite>
  <testsuite name="StanModule" timestamp="2026-04-15T06:10:43Z" hostname="b769b33a4268" tests="1" skipped="1" failures="0" errors="0" time="0.486">
    <testcase time="0.485999999999876" classname="character(0)" name="StanModule_print_method_works_as_expected">
      <skipped message="Reason: On CRAN ('test-StanModule.R:2:1')"/>
    </testcase>
  </testsuite>
  <testsuite name="StanModule" timestamp="2026-04-15T06:10:43Z" hostname="b769b33a4268" tests="7" skipped="0" failures="0" errors="0" time="0.027">
    <testcase time="0.0210000000001855" classname="character(0)" name="StanModule_can_read_basic_stan_programs"/>
    <testcase time="0.000999999999748979" classname="character(0)" name="StanModule_can_read_basic_stan_programs"/>
    <testcase time="0.00100000000020373" classname="character(0)" name="StanModule_can_read_basic_stan_programs"/>
    <testcase time="0.000999999999748979" classname="character(0)" name="StanModule_can_read_basic_stan_programs"/>
    <testcase time="0.00100000000020373" classname="character(0)" name="StanModule_can_read_basic_stan_programs"/>
    <testcase time="0.000999999999748979" classname="character(0)" name="StanModule_can_read_basic_stan_programs"/>
    <testcase time="0.00100000000020373" classname="character(0)" name="StanModule_can_read_basic_stan_programs"/>
  </testsuite>
  <testsuite name="StanModule" timestamp="2026-04-15T06:10:43Z" hostname="b769b33a4268" tests="7" skipped="0" failures="0" errors="0" time="0.01">
    <testcase time="0.00299999999970169" classname="character(0)" name="StanModule_can_handle_trailing_characters"/>
    <testcase time="0.00100000000020373" classname="character(0)" name="StanModule_can_handle_trailing_characters"/>
    <testcase time="0.000999999999748979" classname="character(0)" name="StanModule_can_handle_trailing_characters"/>
    <testcase time="0.00100000000020373" classname="character(0)" name="StanModule_can_handle_trailing_characters"/>
    <testcase time="0.000999999999748979" classname="character(0)" name="StanModule_can_handle_trailing_characters"/>
    <testcase time="0.00100000000020373" classname="character(0)" name="StanModule_can_handle_trailing_characters"/>
    <testcase time="0.00199999999995271" classname="character(0)" name="StanModule_can_handle_trailing_characters"/>
  </testsuite>
  <testsuite name="StanModule" timestamp="2026-04-15T06:10:43Z" hostname="b769b33a4268" tests="7" skipped="0" failures="0" errors="0" time="0.009">
    <testcase time="0.00300000000015643" classname="character(0)" name="StanModule_works_with_in_line_code"/>
    <testcase time="0.000999999999748979" classname="character(0)" name="StanModule_works_with_in_line_code"/>
    <testcase time="0.00100000000020373" classname="character(0)" name="StanModule_works_with_in_line_code"/>
    <testcase time="0.000999999999748979" classname="character(0)" name="StanModule_works_with_in_line_code"/>
    <testcase time="0.00100000000020373" classname="character(0)" name="StanModule_works_with_in_line_code"/>
    <testcase time="0.00100000000020373" classname="character(0)" name="StanModule_works_with_in_line_code"/>
    <testcase time="0.000999999999748979" classname="character(0)" name="StanModule_works_with_in_line_code"/>
  </testsuite>
  <testsuite name="StanModule" timestamp="2026-04-15T06:10:43Z" hostname="b769b33a4268" tests="2" skipped="0" failures="0" errors="0" time="0.005">
    <testcase time="0.00399999999990541" classname="character(0)" name="StanModule_throws_an_error_for_1_line_blocks"/>
    <testcase time="0.00100000000020373" classname="character(0)" name="StanModule_throws_an_error_for_1_line_blocks"/>
  </testsuite>
[...]
    <testcase time="0.00399999999990541" classname="character(0)" name="intial_values_for_fixed_distributions_gives_valid_values"/>
    <testcase time="0.00299999999970169" classname="character(0)" name="intial_values_for_fixed_distributions_gives_valid_values"/>
    <testcase time="0.00399999999990541" classname="character(0)" name="intial_values_for_fixed_distributions_gives_valid_values"/>
    <testcase time="0.00399999999990541" classname="character(0)" name="intial_values_for_fixed_distributions_gives_valid_values"/>
    <testcase time="0.00399999999990541" classname="character(0)" name="intial_values_for_fixed_distributions_gives_valid_values"/>
    <testcase time="0.00300000000061118" classname="character(0)" name="intial_values_for_fixed_distributions_gives_valid_values"/>
    <testcase time="0.00399999999990541" classname="character(0)" name="intial_values_for_fixed_distributions_gives_valid_values"/>
    <testcase time="0.00399999999990541" classname="character(0)" name="intial_values_for_fixed_distributions_gives_valid_values"/>
    <testcase time="0.00299999999970169" classname="character(0)" name="intial_values_for_fixed_distributions_gives_valid_values"/>
    <testcase time="0.00399999999990541" classname="character(0)" name="intial_values_for_fixed_distributions_gives_valid_values"/>
    <testcase time="0.00399999999990541" classname="character(0)" name="intial_values_for_fixed_distributions_gives_valid_values"/>
    <testcase time="0.00399999999990541" classname="character(0)" name="intial_values_for_fixed_distributions_gives_valid_values"/>
    <testcase time="0.00300000000061118" classname="character(0)" name="intial_values_for_fixed_distributions_gives_valid_values"/>
    <testcase time="0.00399999999990541" classname="character(0)" name="intial_values_for_fixed_distributions_gives_valid_values"/>
    <testcase time="0.00399999999990541" classname="character(0)" name="intial_values_for_fixed_distributions_gives_valid_values"/>
    <testcase time="0.00399999999990541" classname="character(0)" name="intial_values_for_fixed_distributions_gives_valid_values"/>
  </testsuite>
  <testsuite name="jinjar_render" timestamp="2026-04-15T06:24:22Z" hostname="b769b33a4268" tests="2" skipped="0" failures="0" errors="0" time="0.08">
    <testcase time="0.0789999999997235" classname="character(0)" name="Basic_Jinjar_syntax_works_with_decorated_render_"/>
    <testcase time="0.00100000000020373" classname="character(0)" name="Basic_Jinjar_syntax_works_with_decorated_render_"/>
  </testsuite>
  <testsuite name="jinjar_render" timestamp="2026-04-15T06:24:22Z" hostname="b769b33a4268" tests="1" skipped="0" failures="0" errors="0" time="0.003">
    <testcase time="0.00300000000061118" classname="character(0)" name="Global_variables_defined_by_decorated_render_are_usable"/>
  </testsuite>
  <testsuite name="longitudinal_plot" timestamp="2026-04-15T06:24:23Z" hostname="b769b33a4268" tests="1" skipped="1" failures="0" errors="0" time="1.009">
    <testcase time="1.00900000000001" classname="character(0)" name="longitudinal_plot_works_as_expected">
      <skipped message="Reason: On CRAN ('test-longitudinal_plot.R:2:1')"/>
    </testcase>
  </testsuite>
  <testsuite name="misc_models" timestamp="2026-04-15T06:24:38Z" hostname="b769b33a4268" tests="1" skipped="0" failures="0" errors="0" time="15.193">
    <testcase time="15.1929999999993" classname="character(0)" name="Longitudinal_Model_doesn_t_print_sampler_rejection_messages"/>
  </testsuite>
  <testsuite name="model_multi_chain" timestamp="2026-04-15T06:25:24Z" hostname="b769b33a4268" tests="1" skipped="0" failures="0" errors="0" time="45.318">
    <testcase time="45.3180000000002" classname="character(0)" name="Can_recover_known_distribution_parameters_from_random_slope_model_when_using_multiple_chains"/>
  </testsuite>
  <testsuite name="options" timestamp="2026-04-15T06:25:24Z" hostname="b769b33a4268" tests="4" skipped="0" failures="0" errors="0" time="0.101">
    <testcase time="0.0979999999999563" classname="character(0)" name="Can_alter_Gaussian_Quadrature_arguments"/>
    <testcase time="0.00100000000020373" classname="character(0)" name="Can_alter_Gaussian_Quadrature_arguments"/>
    <testcase time="0.00100000000020373" classname="character(0)" name="Can_alter_Gaussian_Quadrature_arguments"/>
    <testcase time="0.000999999999294232" classname="character(0)" name="Can_alter_Gaussian_Quadrature_arguments"/>
  </testsuite>
  <testsuite name="populationHR" timestamp="2026-04-15T06:25:54Z" hostname="b769b33a4268" tests="4" skipped="0" failures="0" errors="0" time="29.855">
    <testcase time="29.8520000000008" classname="character(0)" name="populationHR_works_as_expected_for_default_parameters"/>
    <testcase time="0.000999999999294232" classname="character(0)" name="populationHR_works_as_expected_for_default_parameters"/>
    <testcase time="0.00100000000020373" classname="character(0)" name="populationHR_works_as_expected_for_default_parameters"/>
    <testcase time="0.00100000000020373" classname="character(0)" name="populationHR_works_as_expected_for_default_parameters"/>
  </testsuite>
  <testsuite name="populationHR" timestamp="2026-04-15T06:25:54Z" hostname="b769b33a4268" tests="5" skipped="0" failures="0" errors="0" time="0.006">
    <testcase time="0.00399999999990541" classname="character(0)" name="populationHR_fails_for_bad_input"/>
    <testcase time="0.00100000000020373" classname="character(0)" name="populationHR_fails_for_bad_input"/>
    <testcase time="0.00100000000020373" classname="character(0)" name="populationHR_fails_for_bad_input"/>
    <testcase time="0" classname="character(0)" name="populationHR_fails_for_bad_input"/>
    <testcase time="0" classname="character(0)" name="populationHR_fails_for_bad_input"/>
  </testsuite>
  <testsuite name="populationHR" timestamp="2026-04-15T06:25:54Z" hostname="b769b33a4268" tests="4" skipped="0" failures="0" errors="0" time="0.006">
    <testcase time="0.00299999999970169" classname="character(0)" name="populationHR_works_as_expected_for_alternative_specfications"/>
    <testcase time="0.00100000000020373" classname="character(0)" name="populationHR_works_as_expected_for_alternative_specfications"/>
    <testcase time="0.00100000000020373" classname="character(0)" name="populationHR_works_as_expected_for_alternative_specfications"/>
    <testcase time="0.00100000000020373" classname="character(0)" name="populationHR_works_as_expected_for_alternative_specfications"/>
  </testsuite>
  <testsuite name="stan_functions" timestamp="2026-04-15T06:26:32Z" hostname="b769b33a4268" tests="1" skipped="0" failures="0" errors="0" time="38.443">
    <testcase time="38.4429999999993" classname="character(0)" name="GSF_SLD_function_works_as_expected"/>
  </testsuite>
  <testsuite name="stan_functions" timestamp="2026-04-15T06:26:32Z" hostname="b769b33a4268" tests="2" skipped="0" failures="0" errors="0" time="0.006">
    <testcase time="0.00399999999990541" classname="character(0)" name="Normal_Log_Density_functions_work_as_expected"/>
    <testcase time="0.00200000000040745" classname="character(0)" name="Normal_Log_Density_functions_work_as_expected"/>
  </testsuite>
  <testsuite name="stan_functions" timestamp="2026-04-15T06:26:32Z" hostname="b769b33a4268" tests="1" skipped="0" failures="0" errors="0" time="0.004">
    <testcase time="0.00399999999990541" classname="character(0)" name="GSF_Identity_Link_Function_works_as_expected"/>
  </testsuite>
  <testsuite name="survival_plot" timestamp="2026-04-15T06:26:34Z" hostname="b769b33a4268" tests="4" skipped="1" failures="0" errors="0" time="1.4">
    <testcase time="1.39800000000014" classname="character(0)" name="survival_plot_works_as_expected"/>
    <testcase time="0" classname="character(0)" name="survival_plot_works_as_expected"/>
    <testcase time="0.00100000000020373" classname="character(0)" name="survival_plot_works_as_expected"/>
    <testcase time="0.000999999999294232" classname="character(0)" name="survival_plot_works_as_expected">
      <skipped message="Reason: On CRAN ('test-survival_plot.R:9:1')"/>
    </testcase>
  </testsuite>
  <testsuite name="utilities" timestamp="2026-04-15T06:26:34Z" hostname="b769b33a4268" tests="1" skipped="0" failures="0" errors="0" time="0.288">
    <testcase time="0.288000000000466" classname="character(0)" name="get_missing_rownumbers_works_as_expected"/>
  </testsuite>
  <testsuite name="utilities" timestamp="2026-04-15T06:26:34Z" hostname="b769b33a4268" tests="1" skipped="0" failures="0" errors="0" time="0.003">
    <testcase time="0.00299999999970169" classname="character(0)" name="remove_missing_rows_works_as_expected"/>
  </testsuite>
  <testsuite name="utilities" timestamp="2026-04-15T06:26:34Z" hostname="b769b33a4268" tests="1" skipped="0" failures="0" errors="0" time="0.002">
    <testcase time="0.00200000000040745" classname="character(0)" name="expand_initial_values_works_as_expected"/>
  </testsuite>
  <testsuite name="utilities" timestamp="2026-04-15T06:26:34Z" hostname="b769b33a4268" tests="1" skipped="0" failures="0" errors="0" time="0.002">
    <testcase time="0.00199999999949796" classname="character(0)" name="replace_with_lookup_works_and_sets_array_attributes_as_expected"/>
  </testsuite>
  <testsuite name="utilities" timestamp="2026-04-15T06:26:34Z" hostname="b769b33a4268" tests="1" skipped="0" failures="0" errors="0" time="0.002">
    <testcase time="0.00200000000040745" classname="character(0)" name="replace_with_lookup_asserts_sizes_as_numbers_as_expected"/>
  </testsuite>
  <testsuite name="utilities" timestamp="2026-04-15T06:26:34Z" hostname="b769b33a4268" tests="1" skipped="0" failures="0" errors="0" time="0.002">
    <testcase time="0.00199999999949796" classname="character(0)" name="replace_with_lookup_asserts_looked_up_sizes_as_numbers_as_expected"/>
  </testsuite>
  <testsuite name="utilities" timestamp="2026-04-15T06:26:34Z" hostname="b769b33a4268" tests="2" skipped="0" failures="0" errors="0" time="0.003">
    <testcase time="0.00200000000040745" classname="character(0)" name="samples_median_ci_works_as_expected"/>
    <testcase time="0.00100000000020373" classname="character(0)" name="samples_median_ci_works_as_expected"/>
  </testsuite>
  <testsuite name="utilities" timestamp="2026-04-15T06:26:34Z" hostname="b769b33a4268" tests="2" skipped="0" failures="0" errors="0" time="0.003">
    <testcase time="0.00199999999949796" classname="character(0)" name="samples_median_ci_works_with_a_custom_credibility_level"/>
    <testcase time="0.00100000000020373" classname="character(0)" name="samples_median_ci_works_with_a_custom_credibility_level"/>
  </testsuite>
  <testsuite name="utilities" timestamp="2026-04-15T06:26:34Z" hostname="b769b33a4268" tests="8" skipped="0" failures="0" errors="0" time="0.006">
    <testcase time="0.00200000000040745" classname="character(0)" name="validate_time_grid_works_as_expected"/>
    <testcase time="0" classname="character(0)" name="validate_time_grid_works_as_expected"/>
    <testcase time="0.000999999999294232" classname="character(0)" name="validate_time_grid_works_as_expected"/>
    <testcase time="0.00100000000020373" classname="character(0)" name="validate_time_grid_works_as_expected"/>
    <testcase time="0" classname="character(0)" name="validate_time_grid_works_as_expected"/>
    <testcase time="0.00100000000020373" classname="character(0)" name="validate_time_grid_works_as_expected"/>
    <testcase time="0" classname="character(0)" name="validate_time_grid_works_as_expected"/>
    <testcase time="0.00100000000020373" classname="character(0)" name="validate_time_grid_works_as_expected"/>
  </testsuite>
  <testsuite name="utilities" timestamp="2026-04-15T06:26:34Z" hostname="b769b33a4268" tests="7" skipped="0" failures="0" errors="0" time="0.006">
    <testcase time="0.00199999999949796" classname="character(0)" name="expand_subjects_works_as_expected"/>
    <testcase time="0.00100000000020373" classname="character(0)" name="expand_subjects_works_as_expected"/>
    <testcase time="0" classname="character(0)" name="expand_subjects_works_as_expected"/>
    <testcase time="0.00100000000020373" classname="character(0)" name="expand_subjects_works_as_expected"/>
    <testcase time="0" classname="character(0)" name="expand_subjects_works_as_expected"/>
    <testcase time="0.00100000000020373" classname="character(0)" name="expand_subjects_works_as_expected"/>
    <testcase time="0.000999999999294232" classname="character(0)" name="expand_subjects_works_as_expected"/>
  </testsuite>
  <testsuite name="utilities" timestamp="2026-04-15T06:26:34Z" hostname="b769b33a4268" tests="5" skipped="0" failures="0" errors="0" time="0.004">
    <testcase time="0.00200000000040745" classname="character(0)" name="decompose_subjects_works_as_expected"/>
    <testcase time="0" classname="character(0)" name="decompose_subjects_works_as_expected"/>
    <testcase time="0.00100000000020373" classname="character(0)" name="decompose_subjects_works_as_expected"/>
    <testcase time="0.00100000000020373" classname="character(0)" name="decompose_subjects_works_as_expected"/>
    <testcase time="0" classname="character(0)" name="decompose_subjects_works_as_expected"/>
  </testsuite>
  <testsuite name="utilities" timestamp="2026-04-15T06:26:34Z" hostname="b769b33a4268" tests="2" skipped="0" failures="0" errors="0" time="0.003">
    <testcase time="0.00199999999949796" classname="character(0)" name="add_missing_stan_blocks_works_as_expected"/>
    <testcase time="0.00100000000020373" classname="character(0)" name="add_missing_stan_blocks_works_as_expected"/>
  </testsuite>
  <testsuite name="LongitudinalClaretBruno" timestamp="2026-04-15T06:59:57Z" hostname="b769b33a4268" tests="2" skipped="0" failures="0" errors="0" time="2003.105">
    <testcase time="2003.104" classname="character(0)" name="LongitudinalClaretBruno_works_as_expected_with_default_arguments"/>
    <testcase time="0.000999999999294232" classname="character(0)" name="LongitudinalClaretBruno_works_as_expected_with_default_arguments"/>
  </testsuite>
  <testsuite name="LongitudinalClaretBruno" timestamp="2026-04-15T06:59:57Z" hostname="b769b33a4268" tests="1" skipped="1" failures="0" errors="0" time="0.002">
    <testcase time="0.00200000000040745" classname="character(0)" name="Print_method_for_LongitudinalClaretBruno_works_as_expected">
      <skipped message="Reason: On CRAN ('test-LongitudinalClaretBruno.R:10:1')"/>
    </testcase>
  </testsuite>
  <testsuite name="LongitudinalClaretBruno" timestamp="2026-04-15T06:59:57Z" hostname="b769b33a4268" tests="3" skipped="0" failures="0" errors="0" time="0.013">
    <testcase time="0.011000000000422" classname="character(0)" name="Centralised_parameterisation_compiles_without_issues"/>
    <testcase time="0.000999999999294232" classname="character(0)" name="Centralised_parameterisation_compiles_without_issues"/>
    <testcase time="0.00100000000020373" classname="character(0)" name="Centralised_parameterisation_compiles_without_issues"/>
  </testsuite>
  <testsuite name="LongitudinalClaretBruno" timestamp="2026-04-15T06:59:57Z" hostname="b769b33a4268" tests="3" skipped="0" failures="0" errors="0" time="0.003">
    <testcase time="0.00200000000040745" classname="character(0)" name="Non_Centralised_parameterisation_compiles_without_issues"/>
    <testcase time="0" classname="character(0)" name="Non_Centralised_parameterisation_compiles_without_issues"/>
    <testcase time="0.000999999999294232" classname="character(0)" name="Non_Centralised_parameterisation_compiles_without_issues"/>
  </testsuite>
  <testsuite name="LongitudinalClaretBruno" timestamp="2026-04-15T06:59:57Z" hostname="b769b33a4268" tests="3" skipped="0" failures="0" errors="0" time="0.003">
    <testcase time="0.00200000000040745" classname="character(0)" name="Centralised_parameterisation_compiles_without_issues"/>
    <testcase time="0.00100000000020373" classname="character(0)" name="Centralised_parameterisation_compiles_without_issues"/>
    <testcase time="0" classname="character(0)" name="Centralised_parameterisation_compiles_without_issues"/>
  </testsuite>
  <testsuite name="LongitudinalClaretBruno" timestamp="2026-04-15T06:59:57Z" hostname="b769b33a4268" tests="3" skipped="0" failures="0" errors="0" time="0.004">
    <testcase time="0.00199999999949796" classname="character(0)" name="Non_Centralised_parameterisation_compiles_without_issues"/>
    <testcase time="0.00100000000020373" classname="character(0)" name="Non_Centralised_parameterisation_compiles_without_issues"/>
    <testcase time="0.00100000000020373" classname="character(0)" name="Non_Centralised_parameterisation_compiles_without_issues"/>
  </testsuite>
  <testsuite name="LongitudinalClaretBruno" timestamp="2026-04-15T06:59:57Z" hostname="b769b33a4268" tests="6" skipped="0" failures="0" errors="0" time="0.004">
    <testcase time="0.00199999999949796" classname="character(0)" name="Can_recover_known_distributional_parameters_from_a_SF_joint_model"/>
    <testcase time="0" classname="character(0)" name="Can_recover_known_distributional_parameters_from_a_SF_joint_model"/>
    <testcase time="0.00100000000020373" classname="character(0)" name="Can_recover_known_distributional_parameters_from_a_SF_joint_model"/>
    <testcase time="0" classname="character(0)" name="Can_recover_known_distributional_parameters_from_a_SF_joint_model"/>
    <testcase time="0.00100000000020373" classname="character(0)" name="Can_recover_known_distributional_parameters_from_a_SF_joint_model"/>
    <testcase time="0" classname="character(0)" name="Can_recover_known_distributional_parameters_from_a_SF_joint_model"/>
  </testsuite>
  <testsuite name="LongitudinalClaretBruno" timestamp="2026-04-15T06:59:57Z" hostname="b769b33a4268" tests="2" skipped="0" failures="0" errors="0" time="0.003">
    <testcase time="0.00199999999949796" classname="character(0)" name="Quantity_models_pass_the_parser"/>
    <testcase time="0.00100000000020373" classname="character(0)" name="Quantity_models_pass_the_parser"/>
  </testsuite>
  <testsuite name="LongitudinalClaretBruno" timestamp="2026-04-15T06:59:57Z" hostname="b769b33a4268" tests="7" skipped="0" failures="0" errors="0" time="0.005">
    <testcase time="0.00200000000040745" classname="character(0)" name="Can_generate_valid_initial_values"/>
    <testcase time="0.00100000000020373" classname="character(0)" name="Can_generate_valid_initial_values"/>
    <testcase time="0" classname="character(0)" name="Can_generate_valid_initial_values"/>
    <testcase time="0.000999999999294232" classname="character(0)" name="Can_generate_valid_initial_values"/>
    <testcase time="0" classname="character(0)" name="Can_generate_valid_initial_values"/>
    <testcase time="0.00100000000020373" classname="character(0)" name="Can_generate_valid_initial_values"/>
    <testcase time="0" classname="character(0)" name="Can_generate_valid_initial_values"/>
  </testsuite>
  <testsuite name="LongitudinalClaretBruno" timestamp="2026-04-15T06:59:57Z" hostname="b769b33a4268" tests="1" skipped="0" failures="0" errors="0" time="0.002">
    <testcase time="0.00200000000040745" classname="character(0)" name="Unscaled_variance_pass_the_parser"/>
  </testsuite>
  <testsuite name="LongitudinalClaretBruno" timestamp="2026-04-15T06:59:57Z" hostname="b769b33a4268" tests="3" skipped="0" failures="0" errors="0" time="0.004">
    <testcase time="0.00199999999949796" classname="character(0)" name="Can_recover_known_distributional_parameters_from_unscaled_variance_ClaretBruno_model"/>
    <testcase time="0.00100000000020373" classname="character(0)" name="Can_recover_known_distributional_parameters_from_unscaled_variance_ClaretBruno_model"/>
    <testcase time="0.00100000000020373" classname="character(0)" name="Can_recover_known_distributional_parameters_from_unscaled_variance_ClaretBruno_model"/>
  </testsuite>
</testsuites>
