<?xml version="1.0" encoding="UTF-8"?>
<testsuites>
  <testsuite name="DataJoint" timestamp="2024-03-28T15:29:11Z" hostname="91053cf693c8" tests="36" skipped="1" failures="0" errors="0" time="1.376">
    <testcase time="1.028" classname="DataJoint" name="DataJoint_basic_usage"/>
    <testcase time="0.016" classname="DataJoint" name="DataJoint_basic_usage"/>
    <testcase time="0.00999999999999979" classname="DataJoint" name="DataJoint_basic_usage"/>
    <testcase time="0.00300000000000011" classname="DataJoint" name="DataJoint_basic_usage"/>
    <testcase time="0.00199999999999978" classname="DataJoint" name="DataJoint_basic_usage"/>
    <testcase time="0.00300000000000011" classname="DataJoint" name="DataJoint_basic_usage"/>
    <testcase time="0.00300000000000011" classname="DataJoint" name="DataJoint_basic_usage"/>
    <testcase time="0.00199999999999978" classname="DataJoint" name="DataJoint_basic_usage"/>
    <testcase time="0.00199999999999978" classname="DataJoint" name="DataJoint_basic_usage"/>
    <testcase time="0.00300000000000011" classname="DataJoint" name="DataJoint_basic_usage"/>
    <testcase time="0.00199999999999978" classname="DataJoint" name="DataJoint_basic_usage"/>
    <testcase time="0.00300000000000011" classname="DataJoint" name="DataJoint_basic_usage"/>
    <testcase time="0.00300000000000011" classname="DataJoint" name="DataJoint_basic_usage"/>
    <testcase time="0.00299999999999967" classname="DataJoint" name="DataJoint_basic_usage"/>
    <testcase time="0.00200000000000022" classname="DataJoint" name="DataJoint_basic_usage"/>
    <testcase time="0.0150000000000001" classname="DataJoint" name="DataJoint_errors_if_inconsistent_subject_IDs"/>
    <testcase time="0.00599999999999978" classname="DataJoint" name="DataJoint_errors_if_inconsistent_subject_IDs"/>
    <testcase time="0.00700000000000012" classname="DataJoint" name="DataJoint_errors_if_inconsistent_subject_IDs"/>
    <testcase time="0.00700000000000012" classname="DataJoint" name="DataJoint_errors_if_inconsistent_subject_IDs"/>
    <testcase time="0.00699999999999967" classname="DataJoint" name="DataJoint_errors_if_inconsistent_subject_IDs"/>
    <testcase time="0.00600000000000023" classname="DataJoint" name="DataJoint_errors_if_inconsistent_subject_IDs"/>
    <testcase time="0.00999999999999979" classname="DataJoint" name="DataJoint_sorts_handles_pre_factored_levels_correctly"/>
    <testcase time="0.0130000000000003" classname="DataJoint" name="DataJoint_sorts_handles_pre_factored_levels_correctly"/>
    <testcase time="0.00299999999999967" classname="DataJoint" name="DataJoint_sorts_handles_pre_factored_levels_correctly"/>
    <testcase time="0.0100000000000002" classname="DataJoint" name="DataJoint_sorts_handles_character_to_factor_levels_correctly"/>
    <testcase time="0.00700000000000012" classname="DataJoint" name="DataJoint_sorts_handles_character_to_factor_levels_correctly"/>
    <testcase time="0.00299999999999967" classname="DataJoint" name="DataJoint_sorts_handles_character_to_factor_levels_correctly"/>
    <testcase time="0.00900000000000034" classname="DataJoint" name="subset_DataJoint_works_as_expected"/>
    <testcase time="0.004" classname="DataJoint" name="subset_DataJoint_works_as_expected"/>
    <testcase time="0.00299999999999967" classname="DataJoint" name="subset_DataJoint_works_as_expected"/>
    <testcase time="0.00500000000000034" classname="DataJoint" name="subset_DataJoint_works_as_expected"/>
    <testcase time="0.004" classname="DataJoint" name="subset_DataJoint_works_as_expected"/>
    <testcase time="0.004" classname="DataJoint" name="subset_DataJoint_works_as_expected"/>
    <testcase time="0.00999999999999979" classname="DataJoint" name="subset_DataJoint_works_as_expected"/>
    <testcase time="0.0089999999999999" classname="DataJoint" name="Error_Handling"/>
    <testcase time="0.149" classname="DataJoint" name="DataJoint_print_method_works_as_expected">
      <skipped message="Reason: On CRAN ('test-DataJoint.R:515:5')"/>
    </testcase>
  </testsuite>
  <testsuite name="DataLongitudinal" timestamp="2024-03-28T15:29:12Z" hostname="91053cf693c8" tests="11" skipped="1" failures="0" errors="0" time="0.098">
    <testcase time="0.0290000000000004" classname="DataLongitudinal" name="DataLongitudinal_being_rendered_to_list_is_as_expected_for_simple_inputs"/>
    <testcase time="0.00299999999999967" classname="DataLongitudinal" name="DataLongitudinal_being_rendered_to_list_is_as_expected_for_simple_inputs"/>
    <testcase time="0.00300000000000011" classname="DataLongitudinal" name="DataLongitudinal_being_rendered_to_list_is_as_expected_for_simple_inputs"/>
    <testcase time="0.00300000000000011" classname="DataLongitudinal" name="DataLongitudinal_being_rendered_to_list_is_as_expected_for_simple_inputs"/>
    <testcase time="0.00199999999999978" classname="DataLongitudinal" name="DataLongitudinal_being_rendered_to_list_is_as_expected_for_simple_inputs"/>
    <testcase time="0.004" classname="DataLongitudinal" name="DataLongitudinal_being_rendered_to_list_is_as_expected_for_simple_inputs"/>
    <testcase time="0.00300000000000011" classname="DataLongitudinal" name="DataLongitudinal_being_rendered_to_list_is_as_expected_for_simple_inputs"/>
    <testcase time="0.00200000000000022" classname="DataLongitudinal" name="DataLongitudinal_being_rendered_to_list_is_as_expected_for_simple_inputs"/>
    <testcase time="0.00299999999999967" classname="DataLongitudinal" name="DataLongitudinal_being_rendered_to_list_is_as_expected_for_simple_inputs"/>
    <testcase time="0.00200000000000022" classname="DataLongitudinal" name="DataLongitudinal_being_rendered_to_list_is_as_expected_for_simple_inputs"/>
    <testcase time="0.044" classname="DataLongitudinal" name="DataSurvival_print_method_works_as_expected">
      <skipped message="Reason: On CRAN ('test-DataLongitudinal.R:43:5')"/>
    </testcase>
  </testsuite>
  <testsuite name="DataSubject" timestamp="2024-03-28T15:29:12Z" hostname="91053cf693c8" tests="11" skipped="1" failures="0" errors="0" time="0.104">
    <testcase time="0.0329999999999999" classname="DataSubject" name="DataSubject_works_as_expected"/>
    <testcase time="0.00199999999999978" classname="DataSubject" name="DataSubject_works_as_expected"/>
    <testcase time="0.00300000000000011" classname="DataSubject" name="DataSubject_works_as_expected"/>
    <testcase time="0.00300000000000011" classname="DataSubject" name="DataSubject_works_as_expected"/>
    <testcase time="0.00300000000000011" classname="DataSubject" name="DataSubject_works_as_expected"/>
    <testcase time="0.00299999999999967" classname="DataSubject" name="DataSubject_works_as_expected"/>
    <testcase time="0.00800000000000001" classname="DataSubject" name="DataSubject_works_as_expected"/>
    <testcase time="0.00300000000000011" classname="DataSubject" name="DataSubject_works_as_expected"/>
    <testcase time="0.00200000000000022" classname="DataSubject" name="DataSubject_works_as_expected"/>
    <testcase time="0.004" classname="DataSubject" name="DataSubject_works_as_expected"/>
    <testcase time="0.04" classname="DataSubject" name="DataSubject_print_method_works_as_expected">
      <skipped message="Reason: On CRAN ('test-DataSubject.R:40:5')"/>
    </testcase>
  </testsuite>
  <testsuite name="DataSurvival" timestamp="2024-03-28T15:29:12Z" hostname="91053cf693c8" tests="15" skipped="1" failures="0" errors="0" time="0.119">
    <testcase time="0.0189999999999997" classname="DataSurvival" name="DataSurvival_being_rendered_to_list_is_as_expected_for_simple_inputs"/>
    <testcase time="0.00300000000000011" classname="DataSurvival" name="DataSurvival_being_rendered_to_list_is_as_expected_for_simple_inputs"/>
    <testcase time="0.00300000000000011" classname="DataSurvival" name="DataSurvival_being_rendered_to_list_is_as_expected_for_simple_inputs"/>
    <testcase time="0.00199999999999978" classname="DataSurvival" name="DataSurvival_being_rendered_to_list_is_as_expected_for_simple_inputs"/>
    <testcase time="0.00300000000000011" classname="DataSurvival" name="DataSurvival_being_rendered_to_list_is_as_expected_for_simple_inputs"/>
    <testcase time="0.00300000000000011" classname="DataSurvival" name="DataSurvival_being_rendered_to_list_is_as_expected_for_simple_inputs"/>
    <testcase time="0.00699999999999967" classname="DataSurvival" name="DataSurvival_being_rendered_to_list_is_as_expected_for_simple_inputs"/>
    <testcase time="0.00500000000000034" classname="DataSurvival" name="DataSurvival_being_rendered_to_list_is_as_expected_for_simple_inputs"/>
    <testcase time="0.00299999999999967" classname="DataSurvival" name="DataSurvival_being_rendered_to_list_is_as_expected_for_simple_inputs"/>
    <testcase time="0.00300000000000011" classname="DataSurvival" name="DataSurvival_being_rendered_to_list_is_as_expected_for_simple_inputs"/>
    <testcase time="0.00300000000000011" classname="DataSurvival" name="DataSurvival_being_rendered_to_list_is_as_expected_for_simple_inputs"/>
    <testcase time="0.00199999999999978" classname="DataSurvival" name="DataSurvival_being_rendered_to_list_is_as_expected_for_simple_inputs"/>
    <testcase time="0.004" classname="DataSurvival" name="DataSurvival_being_rendered_to_list_is_as_expected_for_simple_inputs"/>
    <testcase time="0.00200000000000022" classname="DataSurvival" name="DataSurvival_being_rendered_to_list_is_as_expected_for_simple_inputs"/>
    <testcase time="0.0569999999999999" classname="DataSurvival" name="DataSurvival_print_method_works_as_expected">
      <skipped message="Reason: On CRAN ('test-DataSurvival.R:79:5')"/>
    </testcase>
  </testsuite>
  <testsuite name="JointModel" timestamp="2024-03-28T15:29:12Z" hostname="91053cf693c8" tests="3" skipped="1" failures="0" errors="0" time="1.165">
    <testcase time="0.594" classname="JointModel" name="JointModel_smoke_tests"/>
    <testcase time="0.00300000000000011" classname="JointModel" name="JointModel_smoke_tests"/>
    <testcase time="0.568" classname="JointModel" name="JointModel_print_method_works_as_expected">
      <skipped message="Reason: On CRAN ('test-JointModel.R:19:5')"/>
    </testcase>
  </testsuite>
  <testsuite name="JointModelSamples" timestamp="2024-03-28T15:29:13Z" hostname="91053cf693c8" tests="1" skipped="1" failures="0" errors="0" time="32.484">
    <testcase time="32.484" classname="JointModelSamples" name="print_works_as_expected_for_JointModelSamples">
      <skipped message="Reason: On CRAN ('test-JointModelSamples.R:5:5')"/>
    </testcase>
  </testsuite>
  <testsuite name="Link" timestamp="2024-03-28T15:29:46Z" hostname="91053cf693c8" tests="9" skipped="1" failures="0" errors="0" time="0.965">
    <testcase time="0.0300000000000011" classname="Link" name="link_none_works_as_expected"/>
    <testcase time="0.00400000000000489" classname="Link" name="link_none_works_as_expected"/>
    <testcase time="0.464999999999996" classname="Link" name="link_none_works_as_expected"/>
    <testcase time="0.00300000000000011" classname="Link" name="link_none_works_as_expected"/>
    <testcase time="0.0129999999999981" classname="Link" name="Link_works_as_expected"/>
    <testcase time="0.0940000000000012" classname="Link" name="Link_works_as_expected"/>
    <testcase time="0.311999999999998" classname="Link" name="Link_works_as_expected"/>
    <testcase time="0.0320000000000036" classname="Link" name="Link_works_as_expected"/>
    <testcase time="0.0120000000000005" classname="Link" name="Link_prints_as_expected">
      <skipped message="Reason: On CRAN ('test-Link.R:75:5')"/>
    </testcase>
  </testsuite>
  <testsuite name="LinkComponent" timestamp="2024-03-28T15:29:47Z" hostname="91053cf693c8" tests="18" skipped="1" failures="0" errors="0" time="3.05">
    <testcase time="0.135999999999996" classname="LinkComponent" name="all_link_files_pass_stan_s_syntax_checker"/>
    <testcase time="0.109000000000002" classname="LinkComponent" name="all_link_files_pass_stan_s_syntax_checker"/>
    <testcase time="0.136000000000003" classname="LinkComponent" name="all_link_files_pass_stan_s_syntax_checker"/>
    <testcase time="0.104999999999997" classname="LinkComponent" name="all_link_files_pass_stan_s_syntax_checker"/>
    <testcase time="0.114000000000004" classname="LinkComponent" name="all_link_files_pass_stan_s_syntax_checker"/>
    <testcase time="0.689999999999998" classname="LinkComponent" name="complete_models_with_links_pass_stan_s_syntax_checker"/>
    <testcase time="0.994999999999997" classname="LinkComponent" name="complete_models_with_links_pass_stan_s_syntax_checker"/>
    <testcase time="0.147000000000006" classname="LinkComponent" name="LinkComponents_are_constructed_correctly_and_can_access_key_components"/>
    <testcase time="0.0149999999999935" classname="LinkComponent" name="LinkComponents_are_constructed_correctly_and_can_access_key_components"/>
    <testcase time="0.00300000000000011" classname="LinkComponent" name="LinkComponents_are_constructed_correctly_and_can_access_key_components"/>
    <testcase time="0.00300000000000011" classname="LinkComponent" name="LinkComponents_are_constructed_correctly_and_can_access_key_components"/>
    <testcase time="0.141000000000005" classname="LinkComponent" name="Model_specific_links_return_the_correct_stan_code"/>
    <testcase time="0.123999999999995" classname="LinkComponent" name="Model_specific_links_return_the_correct_stan_code"/>
    <testcase time="0.119" classname="LinkComponent" name="Model_specific_links_return_the_correct_stan_code"/>
    <testcase time="0.0740000000000052" classname="LinkComponent" name="Model_specific_links_return_the_correct_stan_code"/>
    <testcase time="0.0659999999999954" classname="LinkComponent" name="Model_specific_links_return_the_correct_stan_code"/>
    <testcase time="0.0609999999999999" classname="LinkComponent" name="Model_specific_links_return_the_correct_stan_code"/>
    <testcase time="0.0120000000000005" classname="LinkComponent" name="print_works_as_expected">
      <skipped message="Reason: On CRAN ('test-LinkComponent.R:126:5')"/>
    </testcase>
  </testsuite>
  <testsuite name="LongitudinalGSF" timestamp="2024-03-28T15:29:50Z" hostname="91053cf693c8" tests="10" skipped="2" failures="0" errors="0" time="1.257">
    <testcase time="0.127000000000002" classname="LongitudinalGSF" name="LongitudinalGSF_works_as_expected_with_default_arguments"/>
    <testcase time="0.000999999999997669" classname="LongitudinalGSF" name="LongitudinalGSF_works_as_expected_with_default_arguments"/>
    <testcase time="0.127000000000002" classname="LongitudinalGSF" name="Print_method_for_LongitudinalGSF_works_as_expected">
      <skipped message="Reason: On CRAN ('test-LongitudinalGSF.R:12:5')"/>
    </testcase>
    <testcase time="0.412999999999997" classname="LongitudinalGSF" name="Centralised_parameterisation_compiles_without_issues"/>
    <testcase time="0.00300000000000011" classname="LongitudinalGSF" name="Centralised_parameterisation_compiles_without_issues"/>
    <testcase time="0.0650000000000048" classname="LongitudinalGSF" name="Centralised_parameterisation_compiles_without_issues"/>
    <testcase time="0.446999999999996" classname="LongitudinalGSF" name="Non_Centralised_parameterisation_compiles_without_issues"/>
    <testcase time="0.00300000000000011" classname="LongitudinalGSF" name="Non_Centralised_parameterisation_compiles_without_issues"/>
    <testcase time="0.0650000000000048" classname="LongitudinalGSF" name="Non_Centralised_parameterisation_compiles_without_issues"/>
    <testcase time="0.00600000000000023" classname="LongitudinalGSF" name="Can_recover_known_distributional_parameters_from_a_full_GSF_joint_model">
      <skipped message="Reason: is_full_test() is not TRUE ('test-LongitudinalGSF.R:57:5')"/>
    </testcase>
  </testsuite>
  <testsuite name="LongitudinalQuantiles" timestamp="2024-03-28T15:29:51Z" hostname="91053cf693c8" tests="28" skipped="1" failures="0" errors="0" time="44.245">
    <testcase time="30.803" classname="LongitudinalQuantiles" name="Test_that_LongitudinalQuantities_works_as_expected"/>
    <testcase time="0.00400000000000489" classname="LongitudinalQuantiles" name="Test_that_LongitudinalQuantities_works_as_expected"/>
    <testcase time="0.00300000000000011" classname="LongitudinalQuantiles" name="Test_that_LongitudinalQuantities_works_as_expected"/>
    <testcase time="0.00300000000000011" classname="LongitudinalQuantiles" name="Test_that_LongitudinalQuantities_works_as_expected"/>
    <testcase time="2.69799999999999" classname="LongitudinalQuantiles" name="Test_that_LongitudinalQuantities_works_as_expected"/>
    <testcase time="0.00300000000000011" classname="LongitudinalQuantiles" name="Test_that_LongitudinalQuantities_works_as_expected"/>
    <testcase time="0.00199999999999534" classname="LongitudinalQuantiles" name="Test_that_LongitudinalQuantities_works_as_expected"/>
    <testcase time="1.40700000000001" classname="LongitudinalQuantiles" name="Test_that_LongitudinalQuantities_works_as_expected"/>
    <testcase time="0.00300000000000011" classname="LongitudinalQuantiles" name="Test_that_LongitudinalQuantities_works_as_expected"/>
    <testcase time="0.00799999999999557" classname="LongitudinalQuantiles" name="LongitudinalQuantities_does_not_support_group_aggregation"/>
    <testcase time="1.41200000000001" classname="LongitudinalQuantiles" name="autoplot.LongitudinalQuantities_works_as_expected"/>
    <testcase time="0.00300000000000011" classname="LongitudinalQuantiles" name="autoplot.LongitudinalQuantities_works_as_expected"/>
    <testcase time="0.00300000000000011" classname="LongitudinalQuantiles" name="autoplot.LongitudinalQuantities_works_as_expected"/>
    <testcase time="0.00199999999999534" classname="LongitudinalQuantiles" name="autoplot.LongitudinalQuantities_works_as_expected"/>
    <testcase time="0.00300000000000011" classname="LongitudinalQuantiles" name="autoplot.LongitudinalQuantities_works_as_expected"/>
    <testcase time="0.00199999999999534" classname="LongitudinalQuantiles" name="autoplot.LongitudinalQuantities_works_as_expected"/>
    <testcase time="0.13300000000001" classname="LongitudinalQuantiles" name="autoplot.LongitudinalQuantities_works_as_expected"/>
    <testcase time="1.065" classname="LongitudinalQuantiles" name="autoplot.LongitudinalQuantities_works_as_expected"/>
    <testcase time="0.00400000000000489" classname="LongitudinalQuantiles" name="autoplot.LongitudinalQuantities_works_as_expected"/>
    <testcase time="0.00400000000000489" classname="LongitudinalQuantiles" name="autoplot.LongitudinalQuantities_works_as_expected"/>
    <testcase time="0.00300000000000011" classname="LongitudinalQuantiles" name="autoplot.LongitudinalQuantities_works_as_expected"/>
    <testcase time="0.00399999999999068" classname="LongitudinalQuantiles" name="autoplot.LongitudinalQuantities_works_as_expected"/>
    <testcase time="0.00300000000000011" classname="LongitudinalQuantiles" name="autoplot.LongitudinalQuantities_works_as_expected"/>
    <testcase time="0.00300000000000011" classname="LongitudinalQuantiles" name="autoplot.LongitudinalQuantities_works_as_expected"/>
    <testcase time="0.189999999999998" classname="LongitudinalQuantiles" name="autoplot.LongitudinalQuantities_works_as_expected"/>
    <testcase time="1.084" classname="LongitudinalQuantiles" name="LongitudinalQuantities_print_method_works_as_expected">
      <skipped message="Reason: On CRAN ('test-LongitudinalQuantiles.R:86:5')"/>
    </testcase>
    <testcase time="4.3" classname="LongitudinalQuantiles" name="LongitudinalQuantities_can_recover_known_results"/>
    <testcase time="1.093" classname="LongitudinalQuantiles" name="LongitudinalQuantities_correctly_subsets_patients_and_rebuilds_correct_value_for_each_sample"/>
  </testsuite>
  <testsuite name="LongitudinalRandomSlope" timestamp="2024-03-28T15:30:35Z" hostname="91053cf693c8" tests="7" skipped="1" failures="0" errors="0" time="46.531">
    <testcase time="0.0919999999999987" classname="LongitudinalRandomSlope" name="Print_method_for_LongitudinalRandomSlope_works_as_expected">
      <skipped message="Reason: On CRAN ('test-LongitudinalRandomSlope.R:4:5')"/>
    </testcase>
    <testcase time="28.659" classname="LongitudinalRandomSlope" name="LongitudinalRandomSlope_correctly_generates_an_intercept_per_study"/>
    <testcase time="6.446" classname="LongitudinalRandomSlope" name="Random_Slope_Model_can_recover_known_parameter_values"/>
    <testcase time="1.60899999999999" classname="LongitudinalRandomSlope" name="Random_Slope_Model_can_recover_known_parameter_values"/>
    <testcase time="8.119" classname="LongitudinalRandomSlope" name="Random_Slope_Model_left_censoring_works_as_expected"/>
    <testcase time="0.00800000000000978" classname="LongitudinalRandomSlope" name="Random_Slope_Model_left_censoring_works_as_expected"/>
    <testcase time="1.59799999999998" classname="LongitudinalRandomSlope" name="Random_Slope_Model_left_censoring_works_as_expected"/>
  </testsuite>
  <testsuite name="LongitudinalSteinFojo" timestamp="2024-03-28T15:31:22Z" hostname="91053cf693c8" tests="10" skipped="2" failures="0" errors="0" time="1.166">
    <testcase time="0.108000000000004" classname="LongitudinalSteinFojo" name="LongitudinalSteinFojo_works_as_expected_with_default_arguments"/>
    <testcase time="0.00100000000000477" classname="LongitudinalSteinFojo" name="LongitudinalSteinFojo_works_as_expected_with_default_arguments"/>
    <testcase time="0.120000000000005" classname="LongitudinalSteinFojo" name="Print_method_for_LongitudinalSteinFojo_works_as_expected">
      <skipped message="Reason: On CRAN ('test-LongitudinalSteinFojo.R:12:5')"/>
    </testcase>
    <testcase time="0.364000000000004" classname="LongitudinalSteinFojo" name="Centralised_parameterisation_compiles_without_issues"/>
    <testcase time="0.0029999999999859" classname="LongitudinalSteinFojo" name="Centralised_parameterisation_compiles_without_issues"/>
    <testcase time="0.0670000000000073" classname="LongitudinalSteinFojo" name="Centralised_parameterisation_compiles_without_issues"/>
    <testcase time="0.426999999999992" classname="LongitudinalSteinFojo" name="Non_Centralised_parameterisation_compiles_without_issues"/>
    <testcase time="0.00200000000000955" classname="LongitudinalSteinFojo" name="Non_Centralised_parameterisation_compiles_without_issues"/>
    <testcase time="0.0689999999999884" classname="LongitudinalSteinFojo" name="Non_Centralised_parameterisation_compiles_without_issues"/>
    <testcase time="0.00500000000002387" classname="LongitudinalSteinFojo" name="Can_recover_known_distributional_parameters_from_a_SF_joint_model">
      <skipped message="Reason: is_full_test() is not TRUE ('test-LongitudinalSteinFojo.R:57:5')"/>
    </testcase>
  </testsuite>
  <testsuite name="Parameter" timestamp="2024-03-28T15:31:23Z" hostname="91053cf693c8" tests="3" skipped="1" failures="0" errors="0" time="0.037">
    <testcase time="0.0229999999999961" classname="Parameter" name="Parameters_smoke_tests"/>
    <testcase time="0.0029999999999859" classname="Parameter" name="Parameters_smoke_tests"/>
    <testcase time="0.0109999999999957" classname="Parameter" name="show_works_for_Paramneter_objects">
      <skipped message="Reason: On CRAN ('test-Parameter.R:17:5')"/>
    </testcase>
  </testsuite>
  <testsuite name="ParameterList" timestamp="2024-03-28T15:31:23Z" hostname="91053cf693c8" tests="5" skipped="1" failures="0" errors="0" time="0.067">
    <testcase time="0.0200000000000102" classname="ParameterList" name="ParameterList_smoke_tests"/>
    <testcase time="0.0130000000000052" classname="ParameterList" name="ParameterList_smoke_tests"/>
    <testcase time="0.0180000000000007" classname="ParameterList" name="ParameterList_smoke_tests"/>
    <testcase time="0.0029999999999859" classname="ParameterList" name="ParameterList_smoke_tests"/>
    <testcase time="0.0130000000000052" classname="ParameterList" name="show_works_for_ParameterList_objects">
      <skipped message="Reason: On CRAN ('test-ParameterList.R:53:5')"/>
    </testcase>
  </testsuite>
  <testsuite name="Prior" timestamp="2024-03-28T15:31:23Z" hostname="91053cf693c8" tests="27" skipped="1" failures="0" errors="0" time="0.3">
    <testcase time="0.021000000000015" classname="Prior" name="Priors_work_as_expected"/>
    <testcase time="0.00899999999998613" classname="Prior" name="Priors_work_as_expected"/>
    <testcase time="0.00300000000001432" classname="Prior" name="Priors_work_as_expected"/>
    <testcase time="0.00399999999999068" classname="Prior" name="Priors_work_as_expected"/>
    <testcase time="0.00800000000000978" classname="Prior" name="Priors_work_as_expected"/>
    <testcase time="0.00399999999999068" classname="Prior" name="Priors_work_as_expected"/>
    <testcase time="0.061000000000007" classname="Prior" name="Priors_work_as_expected"/>
    <testcase time="0.0519999999999925" classname="Prior" name="Priors_work_as_expected"/>
    <testcase time="0.0130000000000052" classname="Prior" name="Invalid_prior_parameters_are_rejected"/>
    <testcase time="0.00699999999997658" classname="Prior" name="Invalid_prior_parameters_are_rejected"/>
    <testcase time="0.00800000000000978" classname="Prior" name="Invalid_prior_parameters_are_rejected"/>
    <testcase time="0.007000000000005" classname="Prior" name="Invalid_prior_parameters_are_rejected"/>
    <testcase time="0.00800000000000978" classname="Prior" name="Invalid_prior_parameters_are_rejected"/>
    <testcase time="0.00699999999997658" classname="Prior" name="Invalid_prior_parameters_are_rejected"/>
    <testcase time="0.007000000000005" classname="Prior" name="Invalid_prior_parameters_are_rejected"/>
    <testcase time="0.007000000000005" classname="Prior" name="Invalid_prior_parameters_are_rejected"/>
    <testcase time="0.007000000000005" classname="Prior" name="Invalid_prior_parameters_are_rejected"/>
    <testcase time="0.007000000000005" classname="Prior" name="Invalid_prior_parameters_are_rejected"/>
    <testcase time="0.00600000000000023" classname="Prior" name="Invalid_prior_parameters_are_rejected"/>
    <testcase time="0.007000000000005" classname="Prior" name="Invalid_prior_parameters_are_rejected"/>
    <testcase time="0.00499999999999545" classname="Prior" name="Invalid_prior_parameters_are_rejected"/>
    <testcase time="0.0029999999999859" classname="Prior" name="Invalid_prior_parameters_are_rejected"/>
    <testcase time="0.00200000000000955" classname="Prior" name="Invalid_prior_parameters_are_rejected"/>
    <testcase time="0.0130000000000052" classname="Prior" name="show_works_for_Prior_objects">
      <skipped message="Reason: On CRAN ('test-Prior.R:147:5')"/>
    </testcase>
    <testcase time="0.0180000000000007" classname="Prior" name="jmpost.prior_shrinkage_works_as_expected"/>
    <testcase time="0.0029999999999859" classname="Prior" name="jmpost.prior_shrinkage_works_as_expected"/>
    <testcase time="0.00300000000001432" classname="Prior" name="jmpost.prior_shrinkage_works_as_expected"/>
  </testsuite>
  <testsuite name="Quantities" timestamp="2024-03-28T15:31:23Z" hostname="91053cf693c8" tests="13" skipped="1" failures="0" errors="0" time="0.107">
    <testcase time="0.0110000000000241" classname="Quantities" name="Simple_utility_functions_work_as_expected"/>
    <testcase time="0.0029999999999859" classname="Quantities" name="Simple_utility_functions_work_as_expected"/>
    <testcase time="0.00300000000001432" classname="Quantities" name="Simple_utility_functions_work_as_expected"/>
    <testcase time="0.0029999999999859" classname="Quantities" name="Simple_utility_functions_work_as_expected"/>
    <testcase time="0.00800000000000978" classname="Quantities" name="average_samples_by_index_works_as_expected"/>
    <testcase time="0.00399999999999068" classname="Quantities" name="average_samples_by_index_works_as_expected"/>
    <testcase time="0.00399999999999068" classname="Quantities" name="average_samples_by_index_works_as_expected"/>
    <testcase time="0.00600000000000023" classname="Quantities" name="average_samples_by_index_works_as_expected"/>
    <testcase time="0.00500000000002387" classname="Quantities" name="average_samples_by_index_works_as_expected"/>
    <testcase time="0.00499999999999545" classname="Quantities" name="average_samples_by_index_works_as_expected"/>
    <testcase time="0.0130000000000052" classname="Quantities" name="summary.Quantiles_works_as_expected"/>
    <testcase time="0.00699999999997658" classname="Quantities" name="as.data.frame.Quantiles_works_as_expected"/>
    <testcase time="0.035000000000025" classname="Quantities" name="Quantities_print_method_works_as_expected">
      <skipped message="Reason: On CRAN ('test-Quantities.R:168:5')"/>
    </testcase>
  </testsuite>
  <testsuite name="SimGroup" timestamp="2024-03-28T15:31:24Z" hostname="91053cf693c8" tests="7" skipped="0" failures="0" errors="0" time="0.055">
    <testcase time="0.0279999999999916" classname="SimGroup" name="SimGroup_works_as_expected"/>
    <testcase time="0.00199999999998113" classname="SimGroup" name="SimGroup_works_as_expected"/>
    <testcase time="0.00200000000000955" classname="SimGroup" name="SimGroup_works_as_expected"/>
    <testcase time="0.0029999999999859" classname="SimGroup" name="SimGroup_works_as_expected"/>
    <testcase time="0.007000000000005" classname="SimGroup" name="SimGroup_works_as_expected"/>
    <testcase time="0.007000000000005" classname="SimGroup" name="SimGroup_works_as_expected"/>
    <testcase time="0.00600000000000023" classname="SimGroup" name="SimGroup_works_as_expected"/>
  </testsuite>
  <testsuite name="SimJointData" timestamp="2024-03-28T15:31:24Z" hostname="91053cf693c8" tests="10" skipped="1" failures="0" errors="0" time="0.746">
    <testcase time="0.162000000000006" classname="SimJointData" name="SimJointData_works_as_expected"/>
    <testcase time="0.00100000000000477" classname="SimJointData" name="SimJointData_works_as_expected"/>
    <testcase time="0.00199999999998113" classname="SimJointData" name="SimJointData_works_as_expected"/>
    <testcase time="0.00300000000001432" classname="SimJointData" name="SimJointData_works_as_expected"/>
    <testcase time="0.0029999999999859" classname="SimJointData" name="SimJointData_works_as_expected"/>
    <testcase time="0.00100000000000477" classname="SimJointData" name="SimJointData_works_as_expected"/>
    <testcase time="0.00200000000000955" classname="SimJointData" name="SimJointData_works_as_expected"/>
    <testcase time="0.00800000000000978" classname="SimJointData" name="SimJointData_works_as_expected"/>
    <testcase time="0.405999999999977" classname="SimJointData" name="SimJointData_leads_to_valid_DataJoint_with_almost_only_default_arguments"/>
    <testcase time="0.158000000000015" classname="SimJointData" name="print_methods_work_as_expected">
      <skipped message="Reason: On CRAN ('test-SimJointData.R:95:5')"/>
    </testcase>
  </testsuite>
  <testsuite name="SimLongitudinalGSF" timestamp="2024-03-28T15:31:24Z" hostname="91053cf693c8" tests="17" skipped="1" failures="0" errors="0" time="0.089">
    <testcase time="0.0180000000000007" classname="SimLongitudinalGSF" name="SimLongitudinalGSF_works_as_expected"/>
    <testcase time="0.00899999999998613" classname="SimLongitudinalGSF" name="SimLongitudinalGSF_works_as_expected"/>
    <testcase time="0.00200000000000955" classname="SimLongitudinalGSF" name="SimLongitudinalGSF_works_as_expected"/>
    <testcase time="0.0029999999999859" classname="SimLongitudinalGSF" name="SimLongitudinalGSF_works_as_expected"/>
    <testcase time="0.00300000000001432" classname="SimLongitudinalGSF" name="SimLongitudinalGSF_works_as_expected"/>
    <testcase time="0.0029999999999859" classname="SimLongitudinalGSF" name="SimLongitudinalGSF_works_as_expected"/>
    <testcase time="0.00300000000001432" classname="SimLongitudinalGSF" name="SimLongitudinalGSF_works_as_expected"/>
    <testcase time="0.00399999999999068" classname="SimLongitudinalGSF" name="SimLongitudinalGSF_works_as_expected"/>
    <testcase time="0.00200000000000955" classname="SimLongitudinalGSF" name="SimLongitudinalGSF_works_as_expected"/>
    <testcase time="0.0029999999999859" classname="SimLongitudinalGSF" name="SimLongitudinalGSF_works_as_expected"/>
    <testcase time="0.0150000000000148" classname="SimLongitudinalGSF" name="SimLongitudinalGSF_works_as_expected"/>
    <testcase time="0.00200000000000955" classname="SimLongitudinalGSF" name="SimLongitudinalGSF_works_as_expected"/>
    <testcase time="0.0029999999999859" classname="SimLongitudinalGSF" name="SimLongitudinalGSF_works_as_expected"/>
    <testcase time="0.00300000000001432" classname="SimLongitudinalGSF" name="SimLongitudinalGSF_works_as_expected"/>
    <testcase time="0.0029999999999859" classname="SimLongitudinalGSF" name="SimLongitudinalGSF_works_as_expected"/>
    <testcase time="0.00200000000000955" classname="SimLongitudinalGSF" name="SimLongitudinalGSF_works_as_expected"/>
    <testcase time="0.0109999999999957" classname="SimLongitudinalGSF" name="print_methods_work_as_expected">
      <skipped message="Reason: On CRAN ('test-SimLongitudinalGSF.R:65:5')"/>
    </testcase>
  </testsuite>
  <testsuite name="SimLongitudinalRandomSlope" timestamp="2024-03-28T15:31:25Z" hostname="91053cf693c8" tests="17" skipped="1" failures="0" errors="0" time="0.208">
    <testcase time="0.0169999999999959" classname="SimLongitudinalRandomSlope" name="SimLongitudinalRandomSlope_works_as_expected"/>
    <testcase time="0.00600000000000023" classname="SimLongitudinalRandomSlope" name="SimLongitudinalRandomSlope_works_as_expected"/>
    <testcase time="0.00200000000000955" classname="SimLongitudinalRandomSlope" name="SimLongitudinalRandomSlope_works_as_expected"/>
    <testcase time="0.0029999999999859" classname="SimLongitudinalRandomSlope" name="SimLongitudinalRandomSlope_works_as_expected"/>
    <testcase time="0.00300000000001432" classname="SimLongitudinalRandomSlope" name="SimLongitudinalRandomSlope_works_as_expected"/>
    <testcase time="0.0029999999999859" classname="SimLongitudinalRandomSlope" name="SimLongitudinalRandomSlope_works_as_expected"/>
    <testcase time="0.00200000000000955" classname="SimLongitudinalRandomSlope" name="SimLongitudinalRandomSlope_works_as_expected"/>
    <testcase time="0.0029999999999859" classname="SimLongitudinalRandomSlope" name="SimLongitudinalRandomSlope_works_as_expected"/>
    <testcase time="0.007000000000005" classname="SimLongitudinalRandomSlope" name="SimLongitudinalRandomSlope_works_as_expected"/>
    <testcase time="0.00200000000000955" classname="SimLongitudinalRandomSlope" name="SimLongitudinalRandomSlope_works_as_expected"/>
    <testcase time="0.0029999999999859" classname="SimLongitudinalRandomSlope" name="SimLongitudinalRandomSlope_works_as_expected"/>
    <testcase time="0.00300000000001432" classname="SimLongitudinalRandomSlope" name="SimLongitudinalRandomSlope_works_as_expected"/>
    <testcase time="0.00199999999998113" classname="SimLongitudinalRandomSlope" name="SimLongitudinalRandomSlope_works_as_expected"/>
    <testcase time="0.00300000000001432" classname="SimLongitudinalRandomSlope" name="SimLongitudinalRandomSlope_works_as_expected"/>
    <testcase time="0.0029999999999859" classname="SimLongitudinalRandomSlope" name="SimLongitudinalRandomSlope_works_as_expected"/>
    <testcase time="0.136000000000024" classname="SimLongitudinalRandomSlope" name="SimLongitudinalRandomSlope_correctly_generates_a_dataset_with_known_parameters"/>
    <testcase time="0.00999999999999091" classname="SimLongitudinalRandomSlope" name="print_methods_work_as_expected">
      <skipped message="Reason: On CRAN ('test-SimLongitudinalRandomSlope.R:92:5')"/>
    </testcase>
  </testsuite>
  <testsuite name="SimLongitudinalSteinFojo" timestamp="2024-03-28T15:31:25Z" hostname="91053cf693c8" tests="16" skipped="1" failures="0" errors="0" time="0.076">
    <testcase time="0.0169999999999959" classname="SimLongitudinalSteinFojo" name="SimLongitudinalSteinFojo_works_as_expected"/>
    <testcase time="0.00900000000001455" classname="SimLongitudinalSteinFojo" name="SimLongitudinalSteinFojo_works_as_expected"/>
    <testcase time="0.00199999999998113" classname="SimLongitudinalSteinFojo" name="SimLongitudinalSteinFojo_works_as_expected"/>
    <testcase time="0.00300000000001432" classname="SimLongitudinalSteinFojo" name="SimLongitudinalSteinFojo_works_as_expected"/>
    <testcase time="0.0029999999999859" classname="SimLongitudinalSteinFojo" name="SimLongitudinalSteinFojo_works_as_expected"/>
    <testcase time="0.00300000000001432" classname="SimLongitudinalSteinFojo" name="SimLongitudinalSteinFojo_works_as_expected"/>
    <testcase time="0.0029999999999859" classname="SimLongitudinalSteinFojo" name="SimLongitudinalSteinFojo_works_as_expected"/>
    <testcase time="0.00300000000001432" classname="SimLongitudinalSteinFojo" name="SimLongitudinalSteinFojo_works_as_expected"/>
    <testcase time="0.00199999999998113" classname="SimLongitudinalSteinFojo" name="SimLongitudinalSteinFojo_works_as_expected"/>
    <testcase time="0.00800000000000978" classname="SimLongitudinalSteinFojo" name="SimLongitudinalSteinFojo_works_as_expected"/>
    <testcase time="0.0029999999999859" classname="SimLongitudinalSteinFojo" name="SimLongitudinalSteinFojo_works_as_expected"/>
    <testcase time="0.00200000000000955" classname="SimLongitudinalSteinFojo" name="SimLongitudinalSteinFojo_works_as_expected"/>
    <testcase time="0.00300000000001432" classname="SimLongitudinalSteinFojo" name="SimLongitudinalSteinFojo_works_as_expected"/>
    <testcase time="0.0029999999999859" classname="SimLongitudinalSteinFojo" name="SimLongitudinalSteinFojo_works_as_expected"/>
    <testcase time="0.00200000000000955" classname="SimLongitudinalSteinFojo" name="SimLongitudinalSteinFojo_works_as_expected"/>
    <testcase time="0.00999999999999091" classname="SimLongitudinalSteinFojo" name="print_methods_work_as_expected">
      <skipped message="Reason: On CRAN ('test-SimLongitudinalSteinFojo.R:62:5')"/>
    </testcase>
  </testsuite>
  <testsuite name="SimSurvival" timestamp="2024-03-28T15:31:25Z" hostname="91053cf693c8" tests="5" skipped="1" failures="0" errors="0" time="2.459">
    <testcase time="0.840000000000003" classname="SimSurvival" name="SimSurvivalExponential_creates_a_dataset_with_the_correct_parameter"/>
    <testcase time="1.601" classname="SimSurvival" name="SimSurvivalWeibullPH_creates_a_dataset_with_the_correct_parameter"/>
    <testcase time="0.00200000000000955" classname="SimSurvival" name="SimSurvivalWeibullPH_creates_a_dataset_with_the_correct_parameter"/>
    <testcase time="0.0029999999999859" classname="SimSurvival" name="SimSurvivalWeibullPH_creates_a_dataset_with_the_correct_parameter"/>
    <testcase time="0.0130000000000052" classname="SimSurvival" name="print_methods_work_as_expected">
      <skipped message="Reason: On CRAN ('test-SimSurvival.R:86:5')"/>
    </testcase>
  </testsuite>
  <testsuite name="StanModel" timestamp="2024-03-28T15:31:27Z" hostname="91053cf693c8" tests="1" skipped="1" failures="0" errors="0" time="0.022">
    <testcase time="0.0219999999999914" classname="StanModel" name="StanModel_print_function_works_as_expected">
      <skipped message="Reason: On CRAN ('test-StanModel.R:11:5')"/>
    </testcase>
  </testsuite>
  <testsuite name="StanModule" timestamp="2024-03-28T15:31:27Z" hostname="91053cf693c8" tests="53" skipped="1" failures="0" errors="0" time="0.232">
    <testcase time="0.02800000000002" classname="StanModule" name="StanModule_print_method_works_as_expected">
      <skipped message="Reason: On CRAN ('test-StanModule.R:3:5')"/>
    </testcase>
    <testcase time="0.0169999999999959" classname="StanModule" name="StanModule_can_read_basic_stan_programs"/>
    <testcase time="0.0029999999999859" classname="StanModule" name="StanModule_can_read_basic_stan_programs"/>
    <testcase time="0.00200000000000955" classname="StanModule" name="StanModule_can_read_basic_stan_programs"/>
    <testcase time="0.0029999999999859" classname="StanModule" name="StanModule_can_read_basic_stan_programs"/>
    <testcase time="0.00200000000000955" classname="StanModule" name="StanModule_can_read_basic_stan_programs"/>
    <testcase time="0.00300000000001432" classname="StanModule" name="StanModule_can_read_basic_stan_programs"/>
    <testcase time="0.0029999999999859" classname="StanModule" name="StanModule_can_read_basic_stan_programs"/>
    <testcase time="0.00800000000000978" classname="StanModule" name="StanModule_can_handle_trailing_characters"/>
    <testcase time="0.00199999999998113" classname="StanModule" name="StanModule_can_handle_trailing_characters"/>
    <testcase time="0.00300000000001432" classname="StanModule" name="StanModule_can_handle_trailing_characters"/>
    <testcase time="0.00200000000000955" classname="StanModule" name="StanModule_can_handle_trailing_characters"/>
    <testcase time="0.0029999999999859" classname="StanModule" name="StanModule_can_handle_trailing_characters"/>
    <testcase time="0.00300000000001432" classname="StanModule" name="StanModule_can_handle_trailing_characters"/>
    <testcase time="0.00199999999998113" classname="StanModule" name="StanModule_can_handle_trailing_characters"/>
    <testcase time="0.00900000000001455" classname="StanModule" name="StanModule_works_with_in_line_code"/>
    <testcase time="0.0029999999999859" classname="StanModule" name="StanModule_works_with_in_line_code"/>
    <testcase time="0.00300000000001432" classname="StanModule" name="StanModule_works_with_in_line_code"/>
    <testcase time="0.00199999999998113" classname="StanModule" name="StanModule_works_with_in_line_code"/>
    <testcase time="0.00300000000001432" classname="StanModule" name="StanModule_works_with_in_line_code"/>
    <testcase time="0.00200000000000955" classname="StanModule" name="StanModule_works_with_in_line_code"/>
    <testcase time="0.0029999999999859" classname="StanModule" name="StanModule_works_with_in_line_code"/>
    <testcase time="0.00800000000000978" classname="StanModule" name="StanModule_throws_an_error_for_1_line_blocks"/>
    <testcase time="0.00499999999999545" classname="StanModule" name="StanModule_throws_an_error_for_1_line_blocks"/>
    <testcase time="0.00999999999999091" classname="StanModule" name="StanModule_throws_an_error_for_code_after_the_closing_bracket"/>
    <testcase time="0.00800000000000978" classname="StanModule" name="StanModule_can_load_vignette_example_code"/>
    <testcase time="0.0029999999999859" classname="StanModule" name="StanModule_can_load_vignette_example_code"/>
    <testcase time="0.00300000000001432" classname="StanModule" name="StanModule_can_load_vignette_example_code"/>
    <testcase time="0.00199999999998113" classname="StanModule" name="StanModule_can_load_vignette_example_code"/>
    <testcase time="0.00300000000001432" classname="StanModule" name="StanModule_can_load_vignette_example_code"/>
    <testcase time="0.0029999999999859" classname="StanModule" name="StanModule_can_load_vignette_example_code"/>
    <testcase time="0.00200000000000955" classname="StanModule" name="StanModule_can_load_vignette_example_code"/>
    <testcase time="0.00900000000001455" classname="StanModule" name="StanModule.merge_works_as_expected"/>
    <testcase time="0.0029999999999859" classname="StanModule" name="StanModule.merge_works_as_expected"/>
    <testcase time="0.00200000000000955" classname="StanModule" name="StanModule.merge_works_as_expected"/>
    <testcase time="0.0029999999999859" classname="StanModule" name="StanModule.merge_works_as_expected"/>
    <testcase time="0.00300000000001432" classname="StanModule" name="StanModule.merge_works_as_expected"/>
    <testcase time="0.00199999999998113" classname="StanModule" name="StanModule.merge_works_as_expected"/>
    <testcase time="0.00300000000001432" classname="StanModule" name="StanModule.merge_works_as_expected"/>
    <testcase time="0.00800000000000978" classname="StanModule" name="StanModule.merge_works_as_expected"/>
    <testcase time="0.0029999999999859" classname="StanModule" name="StanModule.merge_works_as_expected"/>
    <testcase time="0.00300000000001432" classname="StanModule" name="StanModule.merge_works_as_expected"/>
    <testcase time="0.0029999999999859" classname="StanModule" name="StanModule.merge_works_as_expected"/>
    <testcase time="0.00200000000000955" classname="StanModule" name="StanModule.merge_works_as_expected"/>
    <testcase time="0.0029999999999859" classname="StanModule" name="StanModule.merge_works_as_expected"/>
    <testcase time="0.00300000000001432" classname="StanModule" name="StanModule.merge_works_as_expected"/>
    <testcase time="0.00999999999999091" classname="StanModule" name="StanModule.merge_works_as_expected"/>
    <testcase time="0.00300000000001432" classname="StanModule" name="StanModule.merge_works_as_expected"/>
    <testcase time="0.00199999999998113" classname="StanModule" name="StanModule.merge_works_as_expected"/>
    <testcase time="0.00300000000001432" classname="StanModule" name="StanModule.merge_works_as_expected"/>
    <testcase time="0.0029999999999859" classname="StanModule" name="StanModule.merge_works_as_expected"/>
    <testcase time="0.00200000000000955" classname="StanModule" name="StanModule.merge_works_as_expected"/>
    <testcase time="0.0029999999999859" classname="StanModule" name="StanModule.merge_works_as_expected"/>
  </testsuite>
  <testsuite name="SurvivalExponential" timestamp="2024-03-28T15:31:27Z" hostname="91053cf693c8" tests="2" skipped="1" failures="0" errors="0" time="26.901">
    <testcase time="26.81" classname="SurvivalExponential" name="SurvivalExponential_can_recover_true_parameter_including_covariates_"/>
    <testcase time="0.0910000000000082" classname="SurvivalExponential" name="Print_method_for_SurvivalExponential_works_as_expected">
      <skipped message="Reason: On CRAN ('test-SurvivalExponential.R:62:5')"/>
    </testcase>
  </testsuite>
  <testsuite name="SurvivalLoglogistic" timestamp="2024-03-28T15:31:54Z" hostname="91053cf693c8" tests="3" skipped="1" failures="0" errors="0" time="28.846">
    <testcase time="0.078000000000003" classname="SurvivalLoglogistic" name="sim_os_loglogistic_is_consistant_with_flexsurv"/>
    <testcase time="28.675" classname="SurvivalLoglogistic" name="SurvivalLogLogistic_can_recover_known_values"/>
    <testcase time="0.0929999999999893" classname="SurvivalLoglogistic" name="Print_method_for_SurvivalLogLogistic_works_as_expected">
      <skipped message="Reason: On CRAN ('test-SurvivalLoglogistic.R:89:5')"/>
    </testcase>
  </testsuite>
  <testsuite name="SurvivalQuantities" timestamp="2024-03-28T15:32:23Z" hostname="91053cf693c8" tests="42" skipped="1" failures="0" errors="0" time="16.677">
    <testcase time="1.06999999999999" classname="SurvivalQuantities" name="SurvivalQuantities_and_autoplot.SurvivalQuantities_works_as_expected"/>
    <testcase time="0.00399999999999068" classname="SurvivalQuantities" name="SurvivalQuantities_and_autoplot.SurvivalQuantities_works_as_expected"/>
    <testcase time="0.0040000000000191" classname="SurvivalQuantities" name="SurvivalQuantities_and_autoplot.SurvivalQuantities_works_as_expected"/>
    <testcase time="0.0029999999999859" classname="SurvivalQuantities" name="SurvivalQuantities_and_autoplot.SurvivalQuantities_works_as_expected"/>
    <testcase time="2.56100000000001" classname="SurvivalQuantities" name="SurvivalQuantities_and_autoplot.SurvivalQuantities_works_as_expected"/>
    <testcase time="0.00300000000001432" classname="SurvivalQuantities" name="SurvivalQuantities_and_autoplot.SurvivalQuantities_works_as_expected"/>
    <testcase time="0.0029999999999859" classname="SurvivalQuantities" name="SurvivalQuantities_and_autoplot.SurvivalQuantities_works_as_expected"/>
    <testcase time="1.422" classname="SurvivalQuantities" name="SurvivalQuantities_and_autoplot.SurvivalQuantities_works_as_expected"/>
    <testcase time="0.00300000000001432" classname="SurvivalQuantities" name="SurvivalQuantities_and_autoplot.SurvivalQuantities_works_as_expected"/>
    <testcase time="4.17099999999999" classname="SurvivalQuantities" name="SurvivalQuantities_and_autoplot.SurvivalQuantities_works_as_expected"/>
    <testcase time="0.00399999999999068" classname="SurvivalQuantities" name="SurvivalQuantities_and_autoplot.SurvivalQuantities_works_as_expected"/>
    <testcase time="0.00300000000001432" classname="SurvivalQuantities" name="SurvivalQuantities_and_autoplot.SurvivalQuantities_works_as_expected"/>
    <testcase time="0.0029999999999859" classname="SurvivalQuantities" name="SurvivalQuantities_and_autoplot.SurvivalQuantities_works_as_expected"/>
    <testcase time="0.00300000000001432" classname="SurvivalQuantities" name="SurvivalQuantities_and_autoplot.SurvivalQuantities_works_as_expected"/>
    <testcase time="0.0159999999999911" classname="SurvivalQuantities" name="SurvivalQuantities_and_autoplot.SurvivalQuantities_works_as_expected"/>
    <testcase time="0.00399999999999068" classname="SurvivalQuantities" name="SurvivalQuantities_and_autoplot.SurvivalQuantities_works_as_expected"/>
    <testcase time="1.529" classname="SurvivalQuantities" name="autoplot.SurvivalSamples_works_as_expected"/>
    <testcase time="0.00300000000001432" classname="SurvivalQuantities" name="autoplot.SurvivalSamples_works_as_expected"/>
    <testcase time="0.0029999999999859" classname="SurvivalQuantities" name="autoplot.SurvivalSamples_works_as_expected"/>
    <testcase time="0.00200000000000955" classname="SurvivalQuantities" name="autoplot.SurvivalSamples_works_as_expected"/>
    <testcase time="0.00300000000001432" classname="SurvivalQuantities" name="autoplot.SurvivalSamples_works_as_expected"/>
    <testcase time="1.047" classname="SurvivalQuantities" name="autoplot.SurvivalSamples_works_as_expected"/>
    <testcase time="0.00399999999999068" classname="SurvivalQuantities" name="autoplot.SurvivalSamples_works_as_expected"/>
    <testcase time="0.00300000000001432" classname="SurvivalQuantities" name="autoplot.SurvivalSamples_works_as_expected"/>
    <testcase time="0.0029999999999859" classname="SurvivalQuantities" name="autoplot.SurvivalSamples_works_as_expected"/>
    <testcase time="0.00300000000001432" classname="SurvivalQuantities" name="autoplot.SurvivalSamples_works_as_expected"/>
    <testcase time="0.0029999999999859" classname="SurvivalQuantities" name="autoplot.SurvivalSamples_works_as_expected"/>
    <testcase time="1.27799999999999" classname="SurvivalQuantities" name="autoplot.SurvivalSamples_works_as_expected"/>
    <testcase time="0.00300000000001432" classname="SurvivalQuantities" name="autoplot.SurvivalSamples_works_as_expected"/>
    <testcase time="0.0029999999999859" classname="SurvivalQuantities" name="autoplot.SurvivalSamples_works_as_expected"/>
    <testcase time="0.00300000000001432" classname="SurvivalQuantities" name="autoplot.SurvivalSamples_works_as_expected"/>
    <testcase time="0.0029999999999859" classname="SurvivalQuantities" name="autoplot.SurvivalSamples_works_as_expected"/>
    <testcase time="0.00300000000001432" classname="SurvivalQuantities" name="autoplot.SurvivalSamples_works_as_expected"/>
    <testcase time="0.0159999999999911" classname="SurvivalQuantities" name="autoplot.SurvivalSamples_works_as_expected"/>
    <testcase time="1.28700000000001" classname="SurvivalQuantities" name="SurvivalQuantities_print_method_works_as_expected">
      <skipped message="Reason: On CRAN ('test-SurvivalQuantities.R:129:5')"/>
    </testcase>
    <testcase time="0.0360000000000014" classname="SurvivalQuantities" name="SurvivalQuantities_works_with_time_0"/>
    <testcase time="1.09799999999998" classname="SurvivalQuantities" name="SurvivalQuantities_works_with_time_0"/>
    <testcase time="0.00300000000001432" classname="SurvivalQuantities" name="SurvivalQuantities_works_with_time_0"/>
    <testcase time="0.0029999999999859" classname="SurvivalQuantities" name="SurvivalQuantities_works_with_time_0"/>
    <testcase time="1.054" classname="SurvivalQuantities" name="SurvivalQuantities_works_with_time_0"/>
    <testcase time="0.00399999999999068" classname="SurvivalQuantities" name="SurvivalQuantities_works_with_time_0"/>
    <testcase time="0.00300000000001432" classname="SurvivalQuantities" name="SurvivalQuantities_works_with_time_0"/>
  </testsuite>
  <testsuite name="SurvivalWeibullPH" timestamp="2024-03-28T15:32:40Z" hostname="91053cf693c8" tests="2" skipped="1" failures="0" errors="0" time="28.663">
    <testcase time="0.115999999999985" classname="SurvivalWeibullPH" name="Print_method_for_SurvivalWeibullPH_works_as_expected">
      <skipped message="Reason: On CRAN ('test-SurvivalWeibullPH.R:4:5')"/>
    </testcase>
    <testcase time="28.547" classname="SurvivalWeibullPH" name="SurvivalWeibullPH_can_recover_known_values"/>
  </testsuite>
  <testsuite name="brierScore" timestamp="2024-03-28T15:33:09Z" hostname="91053cf693c8" tests="5" skipped="0" failures="0" errors="0" time="3.009">
    <testcase time="2.881" classname="brierScore" name="brierScore_SurvivalQuantities_returns_same_results_as_survreg"/>
    <testcase time="0.00600000000000023" classname="brierScore" name="brier_score_weight_matrix_is_correctly_calculated"/>
    <testcase time="0.00600000000000023" classname="brierScore" name="bs_get_squared_dist_works_as_expected"/>
    <testcase time="0.103000000000009" classname="brierScore" name="reverse_km_event_first_and_reverse_km_cen_first_work_as_expected"/>
    <testcase time="0.0130000000000052" classname="brierScore" name="reverse_km_event_first_and_reverse_km_cen_first_work_as_expected"/>
  </testsuite>
  <testsuite name="compile" timestamp="2024-03-28T15:33:12Z" hostname="91053cf693c8" tests="1" skipped="0" failures="0" errors="0" time="13.602">
    <testcase time="13.602" classname="compile" name="compileStanModel_doesn_t_error_if_the_directory_doesn_t_exist"/>
  </testsuite>
  <testsuite name="extract_quantities" timestamp="2024-03-28T15:33:25Z" hostname="91053cf693c8" tests="5" skipped="0" failures="0" errors="0" time="0.301">
    <testcase time="0.277000000000044" classname="extract_quantities" name="extract_quantities_works_as_expected"/>
    <testcase time="0.0109999999999673" classname="extract_quantities" name="extract_quantities_works_as_expected"/>
    <testcase time="0.0040000000000191" classname="extract_quantities" name="extract_quantities_works_as_expected"/>
    <testcase time="0.00499999999999545" classname="extract_quantities" name="extract_quantities_works_as_expected"/>
    <testcase time="0.0040000000000191" classname="extract_quantities" name="extract_quantities_works_as_expected"/>
  </testsuite>
  <testsuite name="initialValues" timestamp="2024-03-28T15:33:25Z" hostname="91053cf693c8" tests="414" skipped="0" failures="0" errors="0" time="2.094">
    <testcase time="0.615999999999985" classname="initialValues" name="initialValues_works_as_expected"/>
    <testcase time="0.0029999999999859" classname="initialValues" name="initialValues_works_as_expected"/>
    <testcase time="0.00200000000000955" classname="initialValues" name="initialValues_works_as_expected"/>
    <testcase time="0.0029999999999859" classname="initialValues" name="initialValues_works_as_expected"/>
    <testcase time="0.0029999999999859" classname="initialValues" name="initialValues_works_as_expected"/>
    <testcase time="0.007000000000005" classname="initialValues" name="ensure_initial_values_works_as_expected"/>
    <testcase time="0.0010000000000332" classname="initialValues" name="ensure_initial_values_works_as_expected"/>
    <testcase time="0.000999999999976353" classname="initialValues" name="ensure_initial_values_works_as_expected"/>
    <testcase time="0.0010000000000332" classname="initialValues" name="ensure_initial_values_works_as_expected"/>
    <testcase time="0.000999999999976353" classname="initialValues" name="ensure_initial_values_works_as_expected"/>
    <testcase time="0.000999999999976353" classname="initialValues" name="ensure_initial_values_works_as_expected"/>
    <testcase time="0.00300000000004275" classname="initialValues" name="ensure_initial_values_works_as_expected"/>
    <testcase time="0.00200000000000955" classname="initialValues" name="ensure_initial_values_works_as_expected"/>
    <testcase time="0.0029999999999859" classname="initialValues" name="ensure_initial_values_works_as_expected"/>
    <testcase time="0.122000000000014" classname="initialValues" name="intial_values_for_fixed_distributions_gives_valid_values"/>
    <testcase time="0.0029999999999859" classname="initialValues" name="intial_values_for_fixed_distributions_gives_valid_values"/>
    <testcase time="0.00200000000000955" classname="initialValues" name="intial_values_for_fixed_distributions_gives_valid_values"/>
    <testcase time="0.0029999999999859" classname="initialValues" name="intial_values_for_fixed_distributions_gives_valid_values"/>
    <testcase time="0.00200000000000955" classname="initialValues" name="intial_values_for_fixed_distributions_gives_valid_values"/>
    <testcase time="0.0029999999999859" classname="initialValues" name="intial_values_for_fixed_distributions_gives_valid_values"/>
    <testcase time="0.00200000000000955" classname="initialValues" name="intial_values_for_fixed_distributions_gives_valid_values"/>
    <testcase time="0.0029999999999859" classname="initialValues" name="intial_values_for_fixed_distributions_gives_valid_values"/>
    <testcase time="0.0029999999999859" classname="initialValues" name="intial_values_for_fixed_distributions_gives_valid_values"/>
    <testcase time="0.00200000000000955" classname="initialValues" name="intial_values_for_fixed_distributions_gives_valid_values"/>
    <testcase time="0.0029999999999859" classname="initialValues" name="intial_values_for_fixed_distributions_gives_valid_values"/>
    <testcase time="0.00300000000004275" classname="initialValues" name="intial_values_for_fixed_distributions_gives_valid_values"/>
    <testcase time="0.00199999999995271" classname="initialValues" name="intial_values_for_fixed_distributions_gives_valid_values"/>
    <testcase time="0.00300000000004275" classname="initialValues" name="intial_values_for_fixed_distributions_gives_valid_values"/>
    <testcase time="0.0029999999999859" classname="initialValues" name="intial_values_for_fixed_distributions_gives_valid_values"/>
    <testcase time="0.00200000000000955" classname="initialValues" name="intial_values_for_fixed_distributions_gives_valid_values"/>
    <testcase time="0.0029999999999859" classname="initialValues" name="intial_values_for_fixed_distributions_gives_valid_values"/>
    <testcase time="0.00200000000000955" classname="initialValues" name="intial_values_for_fixed_distributions_gives_valid_values"/>
    <testcase time="0.0029999999999859" classname="initialValues" name="intial_values_for_fixed_distributions_gives_valid_values"/>
    <testcase time="0.0029999999999859" classname="initialValues" name="intial_values_for_fixed_distributions_gives_valid_values"/>
    <testcase time="0.00200000000000955" classname="initialValues" name="intial_values_for_fixed_distributions_gives_valid_values"/>
    <testcase time="0.0029999999999859" classname="initialValues" name="intial_values_for_fixed_distributions_gives_valid_values"/>
    <testcase time="0.00300000000004275" classname="initialValues" name="intial_values_for_fixed_distributions_gives_valid_values"/>
    <testcase time="0.00999999999999091" classname="initialValues" name="intial_values_for_fixed_distributions_gives_valid_values"/>
    <testcase time="0.00399999999996226" classname="initialValues" name="intial_values_for_fixed_distributions_gives_valid_values"/>
    <testcase time="0.00200000000000955" classname="initialValues" name="intial_values_for_fixed_distributions_gives_valid_values"/>
    <testcase time="0.00300000000004275" classname="initialValues" name="intial_values_for_fixed_distributions_gives_valid_values"/>
    <testcase time="0.00199999999995271" classname="initialValues" name="intial_values_for_fixed_distributions_gives_valid_values"/>
    <testcase time="0.00300000000004275" classname="initialValues" name="intial_values_for_fixed_distributions_gives_valid_values"/>
    <testcase time="0.0029999999999859" classname="initialValues" name="intial_values_for_fixed_distributions_gives_valid_values"/>
    <testcase time="0.00200000000000955" classname="initialValues" name="intial_values_for_fixed_distributions_gives_valid_values"/>
    <testcase time="0.0029999999999859" classname="initialValues" name="intial_values_for_fixed_distributions_gives_valid_values"/>
    <testcase time="0.00200000000000955" classname="initialValues" name="intial_values_for_fixed_distributions_gives_valid_values"/>
    <testcase time="0.0029999999999859" classname="initialValues" name="intial_values_for_fixed_distributions_gives_valid_values"/>
    <testcase time="0.0029999999999859" classname="initialValues" name="intial_values_for_fixed_distributions_gives_valid_values"/>
    <testcase time="0.00200000000000955" classname="initialValues" name="intial_values_for_fixed_distributions_gives_valid_values"/>
    <testcase time="0.0029999999999859" classname="initialValues" name="intial_values_for_fixed_distributions_gives_valid_values"/>
    <testcase time="0.00300000000004275" classname="initialValues" name="intial_values_for_fixed_distributions_gives_valid_values"/>
    <testcase time="0.00199999999995271" classname="initialValues" name="intial_values_for_fixed_distributions_gives_valid_values"/>
    <testcase time="0.00300000000004275" classname="initialValues" name="intial_values_for_fixed_distributions_gives_valid_values"/>
    <testcase time="0.0029999999999859" classname="initialValues" name="intial_values_for_fixed_distributions_gives_valid_values"/>
    <testcase time="0.00200000000000955" classname="initialValues" name="intial_values_for_fixed_distributions_gives_valid_values"/>
    <testcase time="0.0029999999999859" classname="initialValues" name="intial_values_for_fixed_distributions_gives_valid_values"/>
    <testcase time="0.0029999999999859" classname="initialValues" name="intial_values_for_fixed_distributions_gives_valid_values"/>
    <testcase time="0.00200000000000955" classname="initialValues" name="intial_values_for_fixed_distributions_gives_valid_values"/>
    <testcase time="0.0029999999999859" classname="initialValues" name="intial_values_for_fixed_distributions_gives_valid_values"/>
    <testcase time="0.00300000000004275" classname="initialValues" name="intial_values_for_fixed_distributions_gives_valid_values"/>
    <testcase time="0.00199999999995271" classname="initialValues" name="intial_values_for_fixed_distributions_gives_valid_values"/>
    <testcase time="0.00300000000004275" classname="initialValues" name="intial_values_for_fixed_distributions_gives_valid_values"/>
    <testcase time="0.0029999999999859" classname="initialValues" name="intial_values_for_fixed_distributions_gives_valid_values"/>
    <testcase time="0.00200000000000955" classname="initialValues" name="intial_values_for_fixed_distributions_gives_valid_values"/>
    <testcase time="0.0029999999999859" classname="initialValues" name="intial_values_for_fixed_distributions_gives_valid_values"/>
    <testcase time="0.0029999999999859" classname="initialValues" name="intial_values_for_fixed_distributions_gives_valid_values"/>
    <testcase time="0.00300000000004275" classname="initialValues" name="intial_values_for_fixed_distributions_gives_valid_values"/>
    <testcase time="0.00199999999995271" classname="initialValues" name="intial_values_for_fixed_distributions_gives_valid_values"/>
    <testcase time="0.00300000000004275" classname="initialValues" name="intial_values_for_fixed_distributions_gives_valid_values"/>
    <testcase time="0.0029999999999859" classname="initialValues" name="intial_values_for_fixed_distributions_gives_valid_values"/>
    <testcase time="0.00200000000000955" classname="initialValues" name="intial_values_for_fixed_distributions_gives_valid_values"/>
    <testcase time="0.0029999999999859" classname="initialValues" name="intial_values_for_fixed_distributions_gives_valid_values"/>
    <testcase time="0.0029999999999859" classname="initialValues" name="intial_values_for_fixed_distributions_gives_valid_values"/>
    <testcase time="0.0029999999999859" classname="initialValues" name="intial_values_for_fixed_distributions_gives_valid_values"/>
    <testcase time="0.00200000000000955" classname="initialValues" name="intial_values_for_fixed_distributions_gives_valid_values"/>
    <testcase time="0.00300000000004275" classname="initialValues" name="intial_values_for_fixed_distributions_gives_valid_values"/>
    <testcase time="0.0029999999999859" classname="initialValues" name="intial_values_for_fixed_distributions_gives_valid_values"/>
    <testcase time="0.0029999999999859" classname="initialValues" name="intial_values_for_fixed_distributions_gives_valid_values"/>
    <testcase time="0.00200000000000955" classname="initialValues" name="intial_values_for_fixed_distributions_gives_valid_values"/>
    <testcase time="0.0029999999999859" classname="initialValues" name="intial_values_for_fixed_distributions_gives_valid_values"/>
    <testcase time="0.0029999999999859" classname="initialValues" name="intial_values_for_fixed_distributions_gives_valid_values"/>
    <testcase time="0.00200000000000955" classname="initialValues" name="intial_values_for_fixed_distributions_gives_valid_values"/>
    <testcase time="0.0029999999999859" classname="initialValues" name="intial_values_for_fixed_distributions_gives_valid_values"/>
    <testcase time="0.00300000000004275" classname="initialValues" name="intial_values_for_fixed_distributions_gives_valid_values"/>
    <testcase time="0.0029999999999859" classname="initialValues" name="intial_values_for_fixed_distributions_gives_valid_values"/>
    <testcase time="0.00200000000000955" classname="initialValues" name="intial_values_for_fixed_distributions_gives_valid_values"/>
    <testcase time="0.0029999999999859" classname="initialValues" name="intial_values_for_fixed_distributions_gives_valid_values"/>
    <testcase time="0.0029999999999859" classname="initialValues" name="intial_values_for_fixed_distributions_gives_valid_values"/>
    <testcase time="0.0029999999999859" classname="initialValues" name="intial_values_for_fixed_distributions_gives_valid_values"/>
    <testcase time="0.00300000000004275" classname="initialValues" name="intial_values_for_fixed_distributions_gives_valid_values"/>
    <testcase time="0.0029999999999859" classname="initialValues" name="intial_values_for_fixed_distributions_gives_valid_values"/>
    <testcase time="0.00200000000000955" classname="initialValues" name="intial_values_for_fixed_distributions_gives_valid_values"/>
    <testcase time="0.0029999999999859" classname="initialValues" name="intial_values_for_fixed_distributions_gives_valid_values"/>
    <testcase time="0.0029999999999859" classname="initialValues" name="intial_values_for_fixed_distributions_gives_valid_values"/>
    <testcase time="0.00300000000004275" classname="initialValues" name="intial_values_for_fixed_distributions_gives_valid_values"/>
    <testcase time="0.0029999999999859" classname="initialValues" name="intial_values_for_fixed_distributions_gives_valid_values"/>
    <testcase time="0.0029999999999859" classname="initialValues" name="intial_values_for_fixed_distributions_gives_valid_values"/>
    <testcase time="0.00200000000000955" classname="initialValues" name="intial_values_for_fixed_distributions_gives_valid_values"/>
    <testcase time="0.0029999999999859" classname="initialValues" name="intial_values_for_fixed_distributions_gives_valid_values"/>
    <testcase time="0.0029999999999859" classname="initialValues" name="intial_values_for_fixed_distributions_gives_valid_values"/>
    <testcase time="0.00300000000004275" classname="initialValues" name="intial_values_for_fixed_distributions_gives_valid_values"/>
    <testcase time="0.0029999999999859" classname="initialValues" name="intial_values_for_fixed_distributions_gives_valid_values"/>
    <testcase time="0.0029999999999859" classname="initialValues" name="intial_values_for_fixed_distributions_gives_valid_values"/>
    <testcase time="0.00200000000000955" classname="initialValues" name="intial_values_for_fixed_distributions_gives_valid_values"/>
    <testcase time="0.0029999999999859" classname="initialValues" name="intial_values_for_fixed_distributions_gives_valid_values"/>
    <testcase time="0.0029999999999859" classname="initialValues" name="intial_values_for_fixed_distributions_gives_valid_values"/>
    <testcase time="0.00300000000004275" classname="initialValues" name="intial_values_for_fixed_distributions_gives_valid_values"/>
    <testcase time="0.0029999999999859" classname="initialValues" name="intial_values_for_fixed_distributions_gives_valid_values"/>
    <testcase time="0.0029999999999859" classname="initialValues" name="intial_values_for_fixed_distributions_gives_valid_values"/>
    <testcase time="0.00200000000000955" classname="initialValues" name="intial_values_for_fixed_distributions_gives_valid_values"/>
    <testcase time="0.0029999999999859" classname="initialValues" name="intial_values_for_fixed_distributions_gives_valid_values"/>
    <testcase time="0.00300000000004275" classname="initialValues" name="intial_values_for_fixed_distributions_gives_valid_values"/>
    <testcase time="0.0029999999999859" classname="initialValues" name="intial_values_for_fixed_distributions_gives_valid_values"/>
    <testcase time="0.0029999999999859" classname="initialValues" name="intial_values_for_fixed_distributions_gives_valid_values"/>
    <testcase time="0.0029999999999859" classname="initialValues" name="intial_values_for_fixed_distributions_gives_valid_values"/>
    <testcase time="0.00300000000004275" classname="initialValues" name="intial_values_for_fixed_distributions_gives_valid_values"/>
    <testcase time="0.00199999999995271" classname="initialValues" name="intial_values_for_fixed_distributions_gives_valid_values"/>
    <testcase time="0.00300000000004275" classname="initialValues" name="intial_values_for_fixed_distributions_gives_valid_values"/>
    <testcase time="0.0029999999999859" classname="initialValues" name="intial_values_for_fixed_distributions_gives_valid_values"/>
    <testcase time="0.0029999999999859" classname="initialValues" name="intial_values_for_fixed_distributions_gives_valid_values"/>
    <testcase time="0.0029999999999859" classname="initialValues" name="intial_values_for_fixed_distributions_gives_valid_values"/>
    <testcase time="0.00300000000004275" classname="initialValues" name="intial_values_for_fixed_distributions_gives_valid_values"/>
    <testcase time="0.0029999999999859" classname="initialValues" name="intial_values_for_fixed_distributions_gives_valid_values"/>
    <testcase time="0.0029999999999859" classname="initialValues" name="intial_values_for_fixed_distributions_gives_valid_values"/>
    <testcase time="0.0029999999999859" classname="initialValues" name="intial_values_for_fixed_distributions_gives_valid_values"/>
    <testcase time="0.00300000000004275" classname="initialValues" name="intial_values_for_fixed_distributions_gives_valid_values"/>
    <testcase time="0.0029999999999859" classname="initialValues" name="intial_values_for_fixed_distributions_gives_valid_values"/>
    <testcase time="0.0029999999999859" classname="initialValues" name="intial_values_for_fixed_distributions_gives_valid_values"/>
    <testcase time="0.0029999999999859" classname="initialValues" name="intial_values_for_fixed_distributions_gives_valid_values"/>
    <testcase time="0.00300000000004275" classname="initialValues" name="intial_values_for_fixed_distributions_gives_valid_values"/>
    <testcase time="0.0029999999999859" classname="initialValues" name="intial_values_for_fixed_distributions_gives_valid_values"/>
    <testcase time="0.00200000000000955" classname="initialValues" name="intial_values_for_fixed_distributions_gives_valid_values"/>
    <testcase time="0.00200000000000955" classname="initialValues" name="intial_values_for_fixed_distributions_gives_valid_values"/>
    <testcase time="0.0029999999999859" classname="initialValues" name="intial_values_for_fixed_distributions_gives_valid_values"/>
    <testcase time="0.0029999999999859" classname="initialValues" name="intial_values_for_fixed_distributions_gives_valid_values"/>
    <testcase time="0.00300000000004275" classname="initialValues" name="intial_values_for_fixed_distributions_gives_valid_values"/>
    <testcase time="0.0029999999999859" classname="initialValues" name="intial_values_for_fixed_distributions_gives_valid_values"/>
    <testcase time="0.0029999999999859" classname="initialValues" name="intial_values_for_fixed_distributions_gives_valid_values"/>
    <testcase time="0.0029999999999859" classname="initialValues" name="intial_values_for_fixed_distributions_gives_valid_values"/>
    <testcase time="0.00300000000004275" classname="initialValues" name="intial_values_for_fixed_distributions_gives_valid_values"/>
    <testcase time="0.0029999999999859" classname="initialValues" name="intial_values_for_fixed_distributions_gives_valid_values"/>
    <testcase time="0.0029999999999859" classname="initialValues" name="intial_values_for_fixed_distributions_gives_valid_values"/>
    <testcase time="0.0029999999999859" classname="initialValues" name="intial_values_for_fixed_distributions_gives_valid_values"/>
    <testcase time="0.00300000000004275" classname="initialValues" name="intial_values_for_fixed_distributions_gives_valid_values"/>
    <testcase time="0.0029999999999859" classname="initialValues" name="intial_values_for_fixed_distributions_gives_valid_values"/>
    <testcase time="0.0029999999999859" classname="initialValues" name="intial_values_for_fixed_distributions_gives_valid_values"/>
    <testcase time="0.0029999999999859" classname="initialValues" name="intial_values_for_fixed_distributions_gives_valid_values"/>
    <testcase time="0.00300000000004275" classname="initialValues" name="intial_values_for_fixed_distributions_gives_valid_values"/>
    <testcase time="0.0029999999999859" classname="initialValues" name="intial_values_for_fixed_distributions_gives_valid_values"/>
    <testcase time="0.0120000000000005" classname="initialValues" name="intial_values_for_fixed_distributions_gives_valid_values"/>
    <testcase time="0.0029999999999859" classname="initialValues" name="intial_values_for_fixed_distributions_gives_valid_values"/>
    <testcase time="0.0029999999999859" classname="initialValues" name="intial_values_for_fixed_distributions_gives_valid_values"/>
    <testcase time="0.00300000000004275" classname="initialValues" name="intial_values_for_fixed_distributions_gives_valid_values"/>
    <testcase time="0.0029999999999859" classname="initialValues" name="intial_values_for_fixed_distributions_gives_valid_values"/>
    <testcase time="0.0029999999999859" classname="initialValues" name="intial_values_for_fixed_distributions_gives_valid_values"/>
    <testcase time="0.0029999999999859" classname="initialValues" name="intial_values_for_fixed_distributions_gives_valid_values"/>
    <testcase time="0.00300000000004275" classname="initialValues" name="intial_values_for_fixed_distributions_gives_valid_values"/>
    <testcase time="0.0029999999999859" classname="initialValues" name="intial_values_for_fixed_distributions_gives_valid_values"/>
    <testcase time="0.0029999999999859" classname="initialValues" name="intial_values_for_fixed_distributions_gives_valid_values"/>
    <testcase time="0.0029999999999859" classname="initialValues" name="intial_values_for_fixed_distributions_gives_valid_values"/>
    <testcase time="0.00300000000004275" classname="initialValues" name="intial_values_for_fixed_distributions_gives_valid_values"/>
    <testcase time="0.0029999999999859" classname="initialValues" name="intial_values_for_fixed_distributions_gives_valid_values"/>
    <testcase time="0.0029999999999859" classname="initialValues" name="intial_values_for_fixed_distributions_gives_valid_values"/>
    <testcase time="0.0029999999999859" classname="initialValues" name="intial_values_for_fixed_distributions_gives_valid_values"/>
    <testcase time="0.00300000000004275" classname="initialValues" name="intial_values_for_fixed_distributions_gives_valid_values"/>
    <testcase time="0.0029999999999859" classname="initialValues" name="intial_values_for_fixed_distributions_gives_valid_values"/>
    <testcase time="0.0029999999999859" classname="initialValues" name="intial_values_for_fixed_distributions_gives_valid_values"/>
    <testcase time="0.0029999999999859" classname="initialValues" name="intial_values_for_fixed_distributions_gives_valid_values"/>
    <testcase time="0.00300000000004275" classname="initialValues" name="intial_values_for_fixed_distributions_gives_valid_values"/>
    <testcase time="0.0029999999999859" classname="initialValues" name="intial_values_for_fixed_distributions_gives_valid_values"/>
    <testcase time="0.0029999999999859" classname="initialValues" name="intial_values_for_fixed_distributions_gives_valid_values"/>
    <testcase time="0.0029999999999859" classname="initialValues" name="intial_values_for_fixed_distributions_gives_valid_values"/>
    <testcase time="0.0040000000000191" classname="initialValues" name="intial_values_for_fixed_distributions_gives_valid_values"/>
    <testcase time="0.0029999999999859" classname="initialValues" name="intial_values_for_fixed_distributions_gives_valid_values"/>
    <testcase time="0.0029999999999859" classname="initialValues" name="intial_values_for_fixed_distributions_gives_valid_values"/>
    <testcase time="0.00300000000004275" classname="initialValues" name="intial_values_for_fixed_distributions_gives_valid_values"/>
    <testcase time="0.0029999999999859" classname="initialValues" name="intial_values_for_fixed_distributions_gives_valid_values"/>
    <testcase time="0.0029999999999859" classname="initialValues" name="intial_values_for_fixed_distributions_gives_valid_values"/>
    <testcase time="0.0029999999999859" classname="initialValues" name="intial_values_for_fixed_distributions_gives_valid_values"/>
    <testcase time="0.00300000000004275" classname="initialValues" name="intial_values_for_fixed_distributions_gives_valid_values"/>
    <testcase time="0.0029999999999859" classname="initialValues" name="intial_values_for_fixed_distributions_gives_valid_values"/>
    <testcase time="0.0029999999999859" classname="initialValues" name="intial_values_for_fixed_distributions_gives_valid_values"/>
    <testcase time="0.0029999999999859" classname="initialValues" name="intial_values_for_fixed_distributions_gives_valid_values"/>
    <testcase time="0.00300000000004275" classname="initialValues" name="intial_values_for_fixed_distributions_gives_valid_values"/>
    <testcase time="0.00399999999996226" classname="initialValues" name="intial_values_for_fixed_distributions_gives_valid_values"/>
    <testcase time="0.00300000000004275" classname="initialValues" name="intial_values_for_fixed_distributions_gives_valid_values"/>
    <testcase time="0.0029999999999859" classname="initialValues" name="intial_values_for_fixed_distributions_gives_valid_values"/>
    <testcase time="0.0029999999999859" classname="initialValues" name="intial_values_for_fixed_distributions_gives_valid_values"/>
    <testcase time="0.0029999999999859" classname="initialValues" name="intial_values_for_fixed_distributions_gives_valid_values"/>
[...]
    <testcase time="0.0029999999999859" classname="initialValues" name="intial_values_for_fixed_distributions_gives_valid_values"/>
    <testcase time="0.0040000000000191" classname="initialValues" name="intial_values_for_fixed_distributions_gives_valid_values"/>
    <testcase time="0.0029999999999859" classname="initialValues" name="intial_values_for_fixed_distributions_gives_valid_values"/>
    <testcase time="0.0040000000000191" classname="initialValues" name="intial_values_for_fixed_distributions_gives_valid_values"/>
    <testcase time="0.0029999999999859" classname="initialValues" name="intial_values_for_fixed_distributions_gives_valid_values"/>
    <testcase time="0.00399999999996226" classname="initialValues" name="intial_values_for_fixed_distributions_gives_valid_values"/>
    <testcase time="0.0120000000000005" classname="initialValues" name="intial_values_for_fixed_distributions_gives_valid_values"/>
    <testcase time="0.00300000000004275" classname="initialValues" name="intial_values_for_fixed_distributions_gives_valid_values"/>
    <testcase time="0.00399999999996226" classname="initialValues" name="intial_values_for_fixed_distributions_gives_valid_values"/>
    <testcase time="0.0040000000000191" classname="initialValues" name="intial_values_for_fixed_distributions_gives_valid_values"/>
    <testcase time="0.0029999999999859" classname="initialValues" name="intial_values_for_fixed_distributions_gives_valid_values"/>
    <testcase time="0.0040000000000191" classname="initialValues" name="intial_values_for_fixed_distributions_gives_valid_values"/>
    <testcase time="0.0029999999999859" classname="initialValues" name="intial_values_for_fixed_distributions_gives_valid_values"/>
    <testcase time="0.0040000000000191" classname="initialValues" name="intial_values_for_fixed_distributions_gives_valid_values"/>
    <testcase time="0.0040000000000191" classname="initialValues" name="intial_values_for_fixed_distributions_gives_valid_values"/>
    <testcase time="0.0029999999999859" classname="initialValues" name="intial_values_for_fixed_distributions_gives_valid_values"/>
    <testcase time="0.00399999999996226" classname="initialValues" name="intial_values_for_fixed_distributions_gives_valid_values"/>
    <testcase time="0.00300000000004275" classname="initialValues" name="intial_values_for_fixed_distributions_gives_valid_values"/>
    <testcase time="0.00399999999996226" classname="initialValues" name="intial_values_for_fixed_distributions_gives_valid_values"/>
    <testcase time="0.0040000000000191" classname="initialValues" name="intial_values_for_fixed_distributions_gives_valid_values"/>
    <testcase time="0.0029999999999859" classname="initialValues" name="intial_values_for_fixed_distributions_gives_valid_values"/>
    <testcase time="0.0040000000000191" classname="initialValues" name="intial_values_for_fixed_distributions_gives_valid_values"/>
    <testcase time="0.0040000000000191" classname="initialValues" name="intial_values_for_fixed_distributions_gives_valid_values"/>
    <testcase time="0.0029999999999859" classname="initialValues" name="intial_values_for_fixed_distributions_gives_valid_values"/>
    <testcase time="0.0040000000000191" classname="initialValues" name="intial_values_for_fixed_distributions_gives_valid_values"/>
    <testcase time="0.00399999999996226" classname="initialValues" name="intial_values_for_fixed_distributions_gives_valid_values"/>
    <testcase time="0.0029999999999859" classname="initialValues" name="intial_values_for_fixed_distributions_gives_valid_values"/>
    <testcase time="0.0040000000000191" classname="initialValues" name="intial_values_for_fixed_distributions_gives_valid_values"/>
    <testcase time="0.0040000000000191" classname="initialValues" name="intial_values_for_fixed_distributions_gives_valid_values"/>
    <testcase time="0.0029999999999859" classname="initialValues" name="intial_values_for_fixed_distributions_gives_valid_values"/>
    <testcase time="0.0040000000000191" classname="initialValues" name="intial_values_for_fixed_distributions_gives_valid_values"/>
    <testcase time="0.0029999999999859" classname="initialValues" name="intial_values_for_fixed_distributions_gives_valid_values"/>
    <testcase time="0.0040000000000191" classname="initialValues" name="intial_values_for_fixed_distributions_gives_valid_values"/>
    <testcase time="0.00399999999996226" classname="initialValues" name="intial_values_for_fixed_distributions_gives_valid_values"/>
    <testcase time="0.0029999999999859" classname="initialValues" name="intial_values_for_fixed_distributions_gives_valid_values"/>
    <testcase time="0.0040000000000191" classname="initialValues" name="intial_values_for_fixed_distributions_gives_valid_values"/>
    <testcase time="0.0040000000000191" classname="initialValues" name="intial_values_for_fixed_distributions_gives_valid_values"/>
    <testcase time="0.0029999999999859" classname="initialValues" name="intial_values_for_fixed_distributions_gives_valid_values"/>
    <testcase time="0.0040000000000191" classname="initialValues" name="intial_values_for_fixed_distributions_gives_valid_values"/>
    <testcase time="0.00399999999996226" classname="initialValues" name="intial_values_for_fixed_distributions_gives_valid_values"/>
    <testcase time="0.0040000000000191" classname="initialValues" name="intial_values_for_fixed_distributions_gives_valid_values"/>
    <testcase time="0.0040000000000191" classname="initialValues" name="intial_values_for_fixed_distributions_gives_valid_values"/>
    <testcase time="0.0029999999999859" classname="initialValues" name="intial_values_for_fixed_distributions_gives_valid_values"/>
    <testcase time="0.0040000000000191" classname="initialValues" name="intial_values_for_fixed_distributions_gives_valid_values"/>
    <testcase time="0.00399999999996226" classname="initialValues" name="intial_values_for_fixed_distributions_gives_valid_values"/>
    <testcase time="0.0040000000000191" classname="initialValues" name="intial_values_for_fixed_distributions_gives_valid_values"/>
    <testcase time="0.0029999999999859" classname="initialValues" name="intial_values_for_fixed_distributions_gives_valid_values"/>
    <testcase time="0.0040000000000191" classname="initialValues" name="intial_values_for_fixed_distributions_gives_valid_values"/>
    <testcase time="0.0040000000000191" classname="initialValues" name="intial_values_for_fixed_distributions_gives_valid_values"/>
    <testcase time="0.0029999999999859" classname="initialValues" name="intial_values_for_fixed_distributions_gives_valid_values"/>
    <testcase time="0.00399999999996226" classname="initialValues" name="intial_values_for_fixed_distributions_gives_valid_values"/>
    <testcase time="0.0040000000000191" classname="initialValues" name="intial_values_for_fixed_distributions_gives_valid_values"/>
    <testcase time="0.0040000000000191" classname="initialValues" name="intial_values_for_fixed_distributions_gives_valid_values"/>
    <testcase time="0.0029999999999859" classname="initialValues" name="intial_values_for_fixed_distributions_gives_valid_values"/>
    <testcase time="0.0040000000000191" classname="initialValues" name="intial_values_for_fixed_distributions_gives_valid_values"/>
    <testcase time="0.00399999999996226" classname="initialValues" name="intial_values_for_fixed_distributions_gives_valid_values"/>
    <testcase time="0.0040000000000191" classname="initialValues" name="intial_values_for_fixed_distributions_gives_valid_values"/>
    <testcase time="0.0029999999999859" classname="initialValues" name="intial_values_for_fixed_distributions_gives_valid_values"/>
    <testcase time="0.0040000000000191" classname="initialValues" name="intial_values_for_fixed_distributions_gives_valid_values"/>
    <testcase time="0.0040000000000191" classname="initialValues" name="intial_values_for_fixed_distributions_gives_valid_values"/>
    <testcase time="0.00399999999996226" classname="initialValues" name="intial_values_for_fixed_distributions_gives_valid_values"/>
    <testcase time="0.00300000000004275" classname="initialValues" name="intial_values_for_fixed_distributions_gives_valid_values"/>
    <testcase time="0.00399999999996226" classname="initialValues" name="intial_values_for_fixed_distributions_gives_valid_values"/>
    <testcase time="0.0040000000000191" classname="initialValues" name="intial_values_for_fixed_distributions_gives_valid_values"/>
    <testcase time="0.00399999999996226" classname="initialValues" name="intial_values_for_fixed_distributions_gives_valid_values"/>
    <testcase time="0.00300000000004275" classname="initialValues" name="intial_values_for_fixed_distributions_gives_valid_values"/>
    <testcase time="0.00399999999996226" classname="initialValues" name="intial_values_for_fixed_distributions_gives_valid_values"/>
    <testcase time="0.0040000000000191" classname="initialValues" name="intial_values_for_fixed_distributions_gives_valid_values"/>
    <testcase time="0.0040000000000191" classname="initialValues" name="intial_values_for_fixed_distributions_gives_valid_values"/>
    <testcase time="0.0029999999999859" classname="initialValues" name="intial_values_for_fixed_distributions_gives_valid_values"/>
    <testcase time="0.0040000000000191" classname="initialValues" name="intial_values_for_fixed_distributions_gives_valid_values"/>
    <testcase time="0.00399999999996226" classname="initialValues" name="intial_values_for_fixed_distributions_gives_valid_values"/>
    <testcase time="0.0040000000000191" classname="initialValues" name="intial_values_for_fixed_distributions_gives_valid_values"/>
    <testcase time="0.0040000000000191" classname="initialValues" name="intial_values_for_fixed_distributions_gives_valid_values"/>
    <testcase time="0.0029999999999859" classname="initialValues" name="intial_values_for_fixed_distributions_gives_valid_values"/>
    <testcase time="0.0040000000000191" classname="initialValues" name="intial_values_for_fixed_distributions_gives_valid_values"/>
    <testcase time="0.0120000000000005" classname="initialValues" name="intial_values_for_fixed_distributions_gives_valid_values"/>
    <testcase time="0.00399999999996226" classname="initialValues" name="intial_values_for_fixed_distributions_gives_valid_values"/>
    <testcase time="0.0040000000000191" classname="initialValues" name="intial_values_for_fixed_distributions_gives_valid_values"/>
    <testcase time="0.0040000000000191" classname="initialValues" name="intial_values_for_fixed_distributions_gives_valid_values"/>
    <testcase time="0.00399999999996226" classname="initialValues" name="intial_values_for_fixed_distributions_gives_valid_values"/>
    <testcase time="0.0029999999999859" classname="initialValues" name="intial_values_for_fixed_distributions_gives_valid_values"/>
    <testcase time="0.0040000000000191" classname="initialValues" name="intial_values_for_fixed_distributions_gives_valid_values"/>
    <testcase time="0.0040000000000191" classname="initialValues" name="intial_values_for_fixed_distributions_gives_valid_values"/>
    <testcase time="0.00399999999996226" classname="initialValues" name="intial_values_for_fixed_distributions_gives_valid_values"/>
    <testcase time="0.0040000000000191" classname="initialValues" name="intial_values_for_fixed_distributions_gives_valid_values"/>
    <testcase time="0.0040000000000191" classname="initialValues" name="intial_values_for_fixed_distributions_gives_valid_values"/>
    <testcase time="0.0029999999999859" classname="initialValues" name="intial_values_for_fixed_distributions_gives_valid_values"/>
    <testcase time="0.0040000000000191" classname="initialValues" name="intial_values_for_fixed_distributions_gives_valid_values"/>
    <testcase time="0.00399999999996226" classname="initialValues" name="intial_values_for_fixed_distributions_gives_valid_values"/>
    <testcase time="0.0040000000000191" classname="initialValues" name="intial_values_for_fixed_distributions_gives_valid_values"/>
    <testcase time="0.0040000000000191" classname="initialValues" name="intial_values_for_fixed_distributions_gives_valid_values"/>
    <testcase time="0.00399999999996226" classname="initialValues" name="intial_values_for_fixed_distributions_gives_valid_values"/>
    <testcase time="0.0040000000000191" classname="initialValues" name="intial_values_for_fixed_distributions_gives_valid_values"/>
    <testcase time="0.0040000000000191" classname="initialValues" name="intial_values_for_fixed_distributions_gives_valid_values"/>
    <testcase time="0.00399999999996226" classname="initialValues" name="intial_values_for_fixed_distributions_gives_valid_values"/>
    <testcase time="0.00300000000004275" classname="initialValues" name="intial_values_for_fixed_distributions_gives_valid_values"/>
    <testcase time="0.00399999999996226" classname="initialValues" name="intial_values_for_fixed_distributions_gives_valid_values"/>
    <testcase time="0.0040000000000191" classname="initialValues" name="intial_values_for_fixed_distributions_gives_valid_values"/>
    <testcase time="0.0040000000000191" classname="initialValues" name="intial_values_for_fixed_distributions_gives_valid_values"/>
  </testsuite>
  <testsuite name="jinjar_render" timestamp="2024-03-28T15:33:28Z" hostname="91053cf693c8" tests="3" skipped="0" failures="0" errors="0" time="0.02">
    <testcase time="0.0109999999999673" classname="jinjar_render" name="Basic_Jinjar_syntax_works_with_decorated_render_"/>
    <testcase time="0.00200000000000955" classname="jinjar_render" name="Basic_Jinjar_syntax_works_with_decorated_render_"/>
    <testcase time="0.007000000000005" classname="jinjar_render" name="Global_variables_defined_by_decorated_render_are_usable"/>
  </testsuite>
  <testsuite name="longitudinal_plot" timestamp="2024-03-28T15:33:28Z" hostname="91053cf693c8" tests="1" skipped="1" failures="0" errors="0" time="0.318">
    <testcase time="0.317999999999984" classname="longitudinal_plot" name="longitudinal_plot_works_as_expected">
      <skipped message="Reason: On CRAN ('test-longitudinal_plot.R:42:5')"/>
    </testcase>
  </testsuite>
  <testsuite name="misc_models" timestamp="2024-03-28T15:33:28Z" hostname="91053cf693c8" tests="1" skipped="0" failures="0" errors="0" time="0.46">
    <testcase time="0.460000000000036" classname="misc_models" name="Longitudinal_Model_doesn_t_print_sampler_rejection_messages"/>
  </testsuite>
  <testsuite name="model_multi_chain" timestamp="2024-03-28T15:33:28Z" hostname="91053cf693c8" tests="1" skipped="0" failures="0" errors="0" time="41.838">
    <testcase time="41.838" classname="model_multi_chain" name="Can_recover_known_distribution_parameters_from_random_slope_model_when_using_multiple_chains"/>
  </testsuite>
  <testsuite name="options" timestamp="2024-03-28T15:34:10Z" hostname="91053cf693c8" tests="4" skipped="0" failures="0" errors="0" time="0.025">
    <testcase time="0.0130000000000337" classname="options" name="Can_alter_Gaussian_Quadrature_arguments"/>
    <testcase time="0.00399999999996226" classname="options" name="Can_alter_Gaussian_Quadrature_arguments"/>
    <testcase time="0.0040000000000191" classname="options" name="Can_alter_Gaussian_Quadrature_arguments"/>
    <testcase time="0.0040000000000191" classname="options" name="Can_alter_Gaussian_Quadrature_arguments"/>
  </testsuite>
  <testsuite name="stan_functions" timestamp="2024-03-28T15:34:10Z" hostname="91053cf693c8" tests="4" skipped="0" failures="0" errors="0" time="45.853">
    <testcase time="14.963" classname="stan_functions" name="GSF_SLD_function_works_as_expected"/>
    <testcase time="15.264" classname="stan_functions" name="Normal_Log_Density_functions_work_as_expected"/>
    <testcase time="0.0219999999999914" classname="stan_functions" name="Normal_Log_Density_functions_work_as_expected"/>
    <testcase time="15.604" classname="stan_functions" name="GSF_Identity_Link_Function_works_as_expected"/>
  </testsuite>
  <testsuite name="survival_plot" timestamp="2024-03-28T15:34:56Z" hostname="91053cf693c8" tests="1" skipped="1" failures="0" errors="0" time="0.302">
    <testcase time="0.302000000000021" classname="survival_plot" name="survival_plot_works_as_expected">
      <skipped message="Reason: On CRAN ('test-survival_plot.R:66:5')"/>
    </testcase>
  </testsuite>
  <testsuite name="utilities" timestamp="2024-03-28T15:34:56Z" hostname="91053cf693c8" tests="31" skipped="0" failures="0" errors="0" time="0.195">
    <testcase time="0.021000000000015" classname="utilities" name="get_missing_rownumbers_works_as_expected"/>
    <testcase time="0.00599999999997181" classname="utilities" name="remove_missing_rows_works_as_expected"/>
    <testcase time="0.00600000000002865" classname="utilities" name="expand_initial_values_works_as_expected"/>
    <testcase time="0.00599999999997181" classname="utilities" name="replace_with_lookup_works_and_sets_array_attributes_as_expected"/>
    <testcase time="0.0080000000000382" classname="utilities" name="replace_with_lookup_asserts_sizes_as_numbers_as_expected"/>
    <testcase time="0.00999999999999091" classname="utilities" name="replace_with_lookup_asserts_looked_up_sizes_as_numbers_as_expected"/>
    <testcase time="0.007000000000005" classname="utilities" name="samples_median_ci_works_as_expected"/>
    <testcase time="0.007000000000005" classname="utilities" name="samples_median_ci_works_as_expected"/>
    <testcase time="0.00599999999997181" classname="utilities" name="samples_median_ci_works_with_a_custom_credibility_level"/>
    <testcase time="0.00600000000002865" classname="utilities" name="samples_median_ci_works_with_a_custom_credibility_level"/>
    <testcase time="0.00599999999997181" classname="utilities" name="expand_time_grid_works_as_expected"/>
    <testcase time="0.0029999999999859" classname="utilities" name="expand_time_grid_works_as_expected"/>
    <testcase time="0.00300000000004275" classname="utilities" name="expand_time_grid_works_as_expected"/>
    <testcase time="0.00499999999999545" classname="utilities" name="expand_time_grid_works_as_expected"/>
    <testcase time="0.00499999999999545" classname="utilities" name="expand_time_grid_works_as_expected"/>
    <testcase time="0.00399999999996226" classname="utilities" name="expand_time_grid_works_as_expected"/>
    <testcase time="0.00499999999999545" classname="utilities" name="expand_time_grid_works_as_expected"/>
    <testcase time="0.00600000000002865" classname="utilities" name="expand_patients_works_as_expected"/>
    <testcase time="0.00200000000000955" classname="utilities" name="expand_patients_works_as_expected"/>
    <testcase time="0.0029999999999859" classname="utilities" name="expand_patients_works_as_expected"/>
    <testcase time="0.0029999999999859" classname="utilities" name="expand_patients_works_as_expected"/>
    <testcase time="0.00499999999999545" classname="utilities" name="expand_patients_works_as_expected"/>
    <testcase time="0.0040000000000191" classname="utilities" name="expand_patients_works_as_expected"/>
    <testcase time="0.01400000000001" classname="utilities" name="expand_patients_works_as_expected"/>
    <testcase time="0.0120000000000005" classname="utilities" name="decompose_patients_works_as_expected"/>
    <testcase time="0.00599999999997181" classname="utilities" name="decompose_patients_works_as_expected"/>
    <testcase time="0.0080000000000382" classname="utilities" name="decompose_patients_works_as_expected"/>
    <testcase time="0.00399999999996226" classname="utilities" name="decompose_patients_works_as_expected"/>
    <testcase time="0.00499999999999545" classname="utilities" name="decompose_patients_works_as_expected"/>
    <testcase time="0.00600000000002865" classname="utilities" name="add_missing_stan_blocks_works_as_expected"/>
    <testcase time="0.0029999999999859" classname="utilities" name="add_missing_stan_blocks_works_as_expected"/>
  </testsuite>
</testsuites>
