<?xml version="1.0" encoding="UTF-8"?>
<testsuites>
  <testsuite name="DataLongitudinal" timestamp="2025-04-15T04:12:14Z" hostname="b74844796b12" tests="10" skipped="0" failures="0" errors="0" time="2.666">
    <testcase time="2.636" classname="character(0)" name="DataLongitudinal_being_rendered_to_list_is_as_expected_for_simple_inputs"/>
    <testcase time="0.0169999999999995" classname="character(0)" name="DataLongitudinal_being_rendered_to_list_is_as_expected_for_simple_inputs"/>
    <testcase time="0.00800000000000001" classname="character(0)" name="DataLongitudinal_being_rendered_to_list_is_as_expected_for_simple_inputs"/>
    <testcase time="0.00100000000000033" classname="character(0)" name="DataLongitudinal_being_rendered_to_list_is_as_expected_for_simple_inputs"/>
    <testcase time="0.00100000000000033" classname="character(0)" name="DataLongitudinal_being_rendered_to_list_is_as_expected_for_simple_inputs"/>
    <testcase time="0.000999999999999446" classname="character(0)" name="DataLongitudinal_being_rendered_to_list_is_as_expected_for_simple_inputs"/>
    <testcase time="0" classname="character(0)" name="DataLongitudinal_being_rendered_to_list_is_as_expected_for_simple_inputs"/>
    <testcase time="0.00100000000000033" classname="character(0)" name="DataLongitudinal_being_rendered_to_list_is_as_expected_for_simple_inputs"/>
    <testcase time="0.000999999999999446" classname="character(0)" name="DataLongitudinal_being_rendered_to_list_is_as_expected_for_simple_inputs"/>
    <testcase time="0" classname="character(0)" name="DataLongitudinal_being_rendered_to_list_is_as_expected_for_simple_inputs"/>
  </testsuite>
  <testsuite name="DataLongitudinal" timestamp="2025-04-15T04:12:14Z" hostname="b74844796b12" tests="1" skipped="1" failures="0" errors="0" time="0.002">
    <testcase time="0.00200000000000067" classname="character(0)" name="DataSurvival_print_method_works_as_expected">
      <skipped message="Reason: On CRAN ('test-DataLongitudinal.R:43:5')"/>
    </testcase>
  </testsuite>
  <testsuite name="DataSubject" timestamp="2025-04-15T04:12:14Z" hostname="b74844796b12" tests="14" skipped="0" failures="0" errors="0" time="0.186">
    <testcase time="0.178" classname="character(0)" name="DataSubject_works_as_expected"/>
    <testcase time="0" classname="character(0)" name="DataSubject_works_as_expected"/>
    <testcase time="0.00100000000000033" classname="character(0)" name="DataSubject_works_as_expected"/>
    <testcase time="0" classname="character(0)" name="DataSubject_works_as_expected"/>
    <testcase time="0.00100000000000033" classname="character(0)" name="DataSubject_works_as_expected"/>
    <testcase time="0.000999999999999446" classname="character(0)" name="DataSubject_works_as_expected"/>
    <testcase time="0" classname="character(0)" name="DataSubject_works_as_expected"/>
    <testcase time="0.00100000000000033" classname="character(0)" name="DataSubject_works_as_expected"/>
    <testcase time="0.00100000000000033" classname="character(0)" name="DataSubject_works_as_expected"/>
    <testcase time="0" classname="character(0)" name="DataSubject_works_as_expected"/>
    <testcase time="0.000999999999999446" classname="character(0)" name="DataSubject_works_as_expected"/>
    <testcase time="0.00100000000000033" classname="character(0)" name="DataSubject_works_as_expected"/>
    <testcase time="0" classname="character(0)" name="DataSubject_works_as_expected"/>
    <testcase time="0.000999999999999446" classname="character(0)" name="DataSubject_works_as_expected"/>
  </testsuite>
  <testsuite name="DataSubject" timestamp="2025-04-15T04:12:14Z" hostname="b74844796b12" tests="1" skipped="1" failures="0" errors="0" time="0.002">
    <testcase time="0.00200000000000067" classname="character(0)" name="DataSubject_print_method_works_as_expected">
      <skipped message="Reason: On CRAN ('test-DataSubject.R:46:5')"/>
    </testcase>
  </testsuite>
  <testsuite name="DataJoint" timestamp="2025-04-15T04:12:14Z" hostname="b74844796b12" tests="15" skipped="0" failures="0" errors="0" time="0.079">
    <testcase time="0.0699999999999994" classname="character(0)" name="DataJoint_basic_usage"/>
    <testcase time="0" classname="character(0)" name="DataJoint_basic_usage"/>
    <testcase time="0.00100000000000033" classname="character(0)" name="DataJoint_basic_usage"/>
    <testcase time="0.00100000000000033" classname="character(0)" name="DataJoint_basic_usage"/>
    <testcase time="0" classname="character(0)" name="DataJoint_basic_usage"/>
    <testcase time="0.000999999999999446" classname="character(0)" name="DataJoint_basic_usage"/>
    <testcase time="0.00100000000000033" classname="character(0)" name="DataJoint_basic_usage"/>
    <testcase time="0" classname="character(0)" name="DataJoint_basic_usage"/>
    <testcase time="0.000999999999999446" classname="character(0)" name="DataJoint_basic_usage"/>
    <testcase time="0.00100000000000033" classname="character(0)" name="DataJoint_basic_usage"/>
    <testcase time="0" classname="character(0)" name="DataJoint_basic_usage"/>
    <testcase time="0.00100000000000033" classname="character(0)" name="DataJoint_basic_usage"/>
    <testcase time="0.000999999999999446" classname="character(0)" name="DataJoint_basic_usage"/>
    <testcase time="0" classname="character(0)" name="DataJoint_basic_usage"/>
    <testcase time="0.00100000000000033" classname="character(0)" name="DataJoint_basic_usage"/>
  </testsuite>
  <testsuite name="DataJoint" timestamp="2025-04-15T04:12:14Z" hostname="b74844796b12" tests="6" skipped="0" failures="0" errors="0" time="0.005">
    <testcase time="0.00199999999999978" classname="character(0)" name="DataJoint_errors_if_inconsistent_subject_IDs"/>
    <testcase time="0.00100000000000033" classname="character(0)" name="DataJoint_errors_if_inconsistent_subject_IDs"/>
    <testcase time="0" classname="character(0)" name="DataJoint_errors_if_inconsistent_subject_IDs"/>
    <testcase time="0.000999999999999446" classname="character(0)" name="DataJoint_errors_if_inconsistent_subject_IDs"/>
    <testcase time="0.00100000000000033" classname="character(0)" name="DataJoint_errors_if_inconsistent_subject_IDs"/>
    <testcase time="0" classname="character(0)" name="DataJoint_errors_if_inconsistent_subject_IDs"/>
  </testsuite>
  <testsuite name="DataJoint" timestamp="2025-04-15T04:12:14Z" hostname="b74844796b12" tests="3" skipped="0" failures="0" errors="0" time="0.003">
    <testcase time="0.00199999999999978" classname="character(0)" name="DataJoint_sorts_handles_pre_factored_levels_correctly"/>
    <testcase time="0.00100000000000033" classname="character(0)" name="DataJoint_sorts_handles_pre_factored_levels_correctly"/>
    <testcase time="0" classname="character(0)" name="DataJoint_sorts_handles_pre_factored_levels_correctly"/>
  </testsuite>
  <testsuite name="DataJoint" timestamp="2025-04-15T04:12:14Z" hostname="b74844796b12" tests="3" skipped="0" failures="0" errors="0" time="0.004">
    <testcase time="0.00199999999999978" classname="character(0)" name="DataJoint_sorts_handles_character_to_factor_levels_correctly"/>
    <testcase time="0.00100000000000033" classname="character(0)" name="DataJoint_sorts_handles_character_to_factor_levels_correctly"/>
    <testcase time="0.000999999999999446" classname="character(0)" name="DataJoint_sorts_handles_character_to_factor_levels_correctly"/>
  </testsuite>
  <testsuite name="DataJoint" timestamp="2025-04-15T04:12:14Z" hostname="b74844796b12" tests="7" skipped="0" failures="0" errors="0" time="0.005">
    <testcase time="0.00100000000000033" classname="character(0)" name="subset_DataJoint_works_as_expected"/>
    <testcase time="0.00100000000000033" classname="character(0)" name="subset_DataJoint_works_as_expected"/>
    <testcase time="0.000999999999999446" classname="character(0)" name="subset_DataJoint_works_as_expected"/>
    <testcase time="0" classname="character(0)" name="subset_DataJoint_works_as_expected"/>
    <testcase time="0.00100000000000033" classname="character(0)" name="subset_DataJoint_works_as_expected"/>
    <testcase time="0.00100000000000033" classname="character(0)" name="subset_DataJoint_works_as_expected"/>
    <testcase time="0" classname="character(0)" name="subset_DataJoint_works_as_expected"/>
  </testsuite>
  <testsuite name="DataJoint" timestamp="2025-04-15T04:12:14Z" hostname="b74844796b12" tests="1" skipped="0" failures="0" errors="0" time="0.002">
    <testcase time="0.00199999999999978" classname="character(0)" name="Error_Handling"/>
  </testsuite>
  <testsuite name="DataJoint" timestamp="2025-04-15T04:12:14Z" hostname="b74844796b12" tests="1" skipped="1" failures="0" errors="0" time="0.002">
    <testcase time="0.00199999999999978" classname="character(0)" name="DataJoint_print_method_works_as_expected">
      <skipped message="Reason: On CRAN ('test-DataJoint.R:515:5')"/>
    </testcase>
  </testsuite>
  <testsuite name="DataSurvival" timestamp="2025-04-15T04:12:15Z" hostname="b74844796b12" tests="14" skipped="0" failures="0" errors="0" time="0.34">
    <testcase time="0.33" classname="character(0)" name="DataSurvival_being_rendered_to_list_is_as_expected_for_simple_inputs"/>
    <testcase time="0.00100000000000033" classname="character(0)" name="DataSurvival_being_rendered_to_list_is_as_expected_for_simple_inputs"/>
    <testcase time="0.000999999999999446" classname="character(0)" name="DataSurvival_being_rendered_to_list_is_as_expected_for_simple_inputs"/>
    <testcase time="0.00100000000000033" classname="character(0)" name="DataSurvival_being_rendered_to_list_is_as_expected_for_simple_inputs"/>
    <testcase time="0" classname="character(0)" name="DataSurvival_being_rendered_to_list_is_as_expected_for_simple_inputs"/>
    <testcase time="0" classname="character(0)" name="DataSurvival_being_rendered_to_list_is_as_expected_for_simple_inputs"/>
    <testcase time="0.000999999999999446" classname="character(0)" name="DataSurvival_being_rendered_to_list_is_as_expected_for_simple_inputs"/>
    <testcase time="0.00100000000000033" classname="character(0)" name="DataSurvival_being_rendered_to_list_is_as_expected_for_simple_inputs"/>
    <testcase time="0.000999999999999446" classname="character(0)" name="DataSurvival_being_rendered_to_list_is_as_expected_for_simple_inputs"/>
    <testcase time="0.00100000000000033" classname="character(0)" name="DataSurvival_being_rendered_to_list_is_as_expected_for_simple_inputs"/>
    <testcase time="0" classname="character(0)" name="DataSurvival_being_rendered_to_list_is_as_expected_for_simple_inputs"/>
    <testcase time="0.00100000000000033" classname="character(0)" name="DataSurvival_being_rendered_to_list_is_as_expected_for_simple_inputs"/>
    <testcase time="0.000999999999999446" classname="character(0)" name="DataSurvival_being_rendered_to_list_is_as_expected_for_simple_inputs"/>
    <testcase time="0.00100000000000033" classname="character(0)" name="DataSurvival_being_rendered_to_list_is_as_expected_for_simple_inputs"/>
  </testsuite>
  <testsuite name="DataSurvival" timestamp="2025-04-15T04:12:15Z" hostname="b74844796b12" tests="1" skipped="1" failures="0" errors="0" time="0.002">
    <testcase time="0.00199999999999978" classname="character(0)" name="DataSurvival_print_method_works_as_expected">
      <skipped message="Reason: On CRAN ('test-DataSurvival.R:79:5')"/>
    </testcase>
  </testsuite>
  <testsuite name="DataSurvival" timestamp="2025-04-15T04:12:15Z" hostname="b74844796b12" tests="7" skipped="0" failures="0" errors="0" time="0.018">
    <testcase time="0.0140000000000002" classname="character(0)" name="mirror_design_matrix_works_as_expected"/>
    <testcase time="0.000999999999999446" classname="character(0)" name="mirror_design_matrix_works_as_expected"/>
    <testcase time="0" classname="character(0)" name="mirror_design_matrix_works_as_expected"/>
    <testcase time="0.00100000000000033" classname="character(0)" name="mirror_design_matrix_works_as_expected"/>
    <testcase time="0.00100000000000033" classname="character(0)" name="mirror_design_matrix_works_as_expected"/>
    <testcase time="0" classname="character(0)" name="mirror_design_matrix_works_as_expected"/>
    <testcase time="0.000999999999999446" classname="character(0)" name="mirror_design_matrix_works_as_expected"/>
  </testsuite>
  <testsuite name="GridPrediction" timestamp="2025-04-15T04:14:19Z" hostname="b74844796b12" tests="5" skipped="0" failures="0" errors="0" time="124.02">
    <testcase time="124.018" classname="character(0)" name="GridPrediction_works_as_expected_for_Survival_models"/>
    <testcase time="0.00100000000000477" classname="character(0)" name="GridPrediction_works_as_expected_for_Survival_models"/>
    <testcase time="0" classname="character(0)" name="GridPrediction_works_as_expected_for_Survival_models"/>
    <testcase time="0.00100000000000477" classname="character(0)" name="GridPrediction_works_as_expected_for_Survival_models"/>
    <testcase time="0" classname="character(0)" name="GridPrediction_works_as_expected_for_Survival_models"/>
  </testsuite>
  <testsuite name="GridPrediction" timestamp="2025-04-15T04:14:19Z" hostname="b74844796b12" tests="4" skipped="0" failures="0" errors="0" time="0.003">
    <testcase time="0.00199999999998113" classname="character(0)" name="GridPrediction_error_handling_works_as_expected"/>
    <testcase time="0" classname="character(0)" name="GridPrediction_error_handling_works_as_expected"/>
    <testcase time="0.00100000000000477" classname="character(0)" name="GridPrediction_error_handling_works_as_expected"/>
    <testcase time="0" classname="character(0)" name="GridPrediction_error_handling_works_as_expected"/>
  </testsuite>
  <testsuite name="GridPrediction" timestamp="2025-04-15T04:14:19Z" hostname="b74844796b12" tests="3" skipped="0" failures="0" errors="0" time="0.003">
    <testcase time="0.00200000000000955" classname="character(0)" name="getPredictionNames_works_as_expected"/>
    <testcase time="0" classname="character(0)" name="getPredictionNames_works_as_expected"/>
    <testcase time="0.00100000000000477" classname="character(0)" name="getPredictionNames_works_as_expected"/>
  </testsuite>
  <testsuite name="GridPrediction" timestamp="2025-04-15T04:14:19Z" hostname="b74844796b12" tests="1" skipped="0" failures="0" errors="0" time="0.001">
    <testcase time="0.00100000000000477" classname="character(0)" name="GridPrediction_throws_an_error_if_key_column_already_exists"/>
  </testsuite>
  <testsuite name="GridPrediction" timestamp="2025-04-15T04:14:19Z" hostname="b74844796b12" tests="5" skipped="0" failures="0" errors="0" time="0.004">
    <testcase time="0.00199999999998113" classname="character(0)" name="GridPrediction_works_for_survival_only_models"/>
    <testcase time="0" classname="character(0)" name="GridPrediction_works_for_survival_only_models"/>
    <testcase time="0.00100000000000477" classname="character(0)" name="GridPrediction_works_for_survival_only_models"/>
    <testcase time="0" classname="character(0)" name="GridPrediction_works_for_survival_only_models"/>
    <testcase time="0.00100000000000477" classname="character(0)" name="GridPrediction_works_for_survival_only_models"/>
  </testsuite>
  <testsuite name="JointModel" timestamp="2025-04-15T04:14:20Z" hostname="b74844796b12" tests="2" skipped="0" failures="0" errors="0" time="1.773">
    <testcase time="1.77199999999999" classname="character(0)" name="JointModel_smoke_tests"/>
    <testcase time="0.00100000000000477" classname="character(0)" name="JointModel_smoke_tests"/>
  </testsuite>
  <testsuite name="JointModel" timestamp="2025-04-15T04:14:20Z" hostname="b74844796b12" tests="1" skipped="1" failures="0" errors="0" time="0.002">
    <testcase time="0.00200000000000955" classname="character(0)" name="JointModel_print_method_works_as_expected">
      <skipped message="Reason: On CRAN ('test-JointModel.R:19:5')"/>
    </testcase>
  </testsuite>
  <testsuite name="JointModel" timestamp="2025-04-15T04:14:20Z" hostname="b74844796b12" tests="12" skipped="0" failures="0" errors="0" time="0.018">
    <testcase time="0.0129999999999768" classname="character(0)" name="Log_Lik_variables_are_produced_correctly"/>
    <testcase time="0" classname="character(0)" name="Log_Lik_variables_are_produced_correctly"/>
    <testcase time="0.00100000000000477" classname="character(0)" name="Log_Lik_variables_are_produced_correctly"/>
    <testcase time="0" classname="character(0)" name="Log_Lik_variables_are_produced_correctly"/>
    <testcase time="0.00100000000000477" classname="character(0)" name="Log_Lik_variables_are_produced_correctly"/>
    <testcase time="0" classname="character(0)" name="Log_Lik_variables_are_produced_correctly"/>
    <testcase time="0.00100000000000477" classname="character(0)" name="Log_Lik_variables_are_produced_correctly"/>
    <testcase time="0" classname="character(0)" name="Log_Lik_variables_are_produced_correctly"/>
    <testcase time="0" classname="character(0)" name="Log_Lik_variables_are_produced_correctly"/>
    <testcase time="0.00100000000000477" classname="character(0)" name="Log_Lik_variables_are_produced_correctly"/>
    <testcase time="0" classname="character(0)" name="Log_Lik_variables_are_produced_correctly"/>
    <testcase time="0.000999999999976353" classname="character(0)" name="Log_Lik_variables_are_produced_correctly"/>
  </testsuite>
  <testsuite name="JointModelSamples" timestamp="2025-04-15T04:14:31Z" hostname="b74844796b12" tests="1" skipped="1" failures="0" errors="0" time="10.458">
    <testcase time="10.458" classname="character(0)" name="print_works_as_expected_for_JointModelSamples">
      <skipped message="Reason: On CRAN ('test-JointModelSamples.R:5:5')"/>
    </testcase>
  </testsuite>
  <testsuite name="JointModelSamples" timestamp="2025-04-15T04:14:31Z" hostname="b74844796b12" tests="3" skipped="0" failures="0" errors="0" time="0.016">
    <testcase time="0.0149999999999864" classname="character(0)" name="saving_and_restoring_samples_from_disk_works_as_expected"/>
    <testcase time="0.00100000000000477" classname="character(0)" name="saving_and_restoring_samples_from_disk_works_as_expected"/>
    <testcase time="0" classname="character(0)" name="saving_and_restoring_samples_from_disk_works_as_expected"/>
  </testsuite>
  <testsuite name="Link" timestamp="2025-04-15T04:14:32Z" hostname="b74844796b12" tests="4" skipped="0" failures="0" errors="0" time="1.27">
    <testcase time="1.268" classname="character(0)" name="link_none_works_as_expected"/>
    <testcase time="0.00100000000000477" classname="character(0)" name="link_none_works_as_expected"/>
    <testcase time="0" classname="character(0)" name="link_none_works_as_expected"/>
    <testcase time="0.000999999999976353" classname="character(0)" name="link_none_works_as_expected"/>
  </testsuite>
  <testsuite name="Link" timestamp="2025-04-15T04:14:32Z" hostname="b74844796b12" tests="4" skipped="0" failures="0" errors="0" time="0.003">
    <testcase time="0.00200000000000955" classname="character(0)" name="Link_works_as_expected"/>
    <testcase time="0" classname="character(0)" name="Link_works_as_expected"/>
    <testcase time="0.00100000000000477" classname="character(0)" name="Link_works_as_expected"/>
    <testcase time="0" classname="character(0)" name="Link_works_as_expected"/>
  </testsuite>
  <testsuite name="Link" timestamp="2025-04-15T04:14:32Z" hostname="b74844796b12" tests="1" skipped="1" failures="0" errors="0" time="0.002">
    <testcase time="0.00200000000000955" classname="character(0)" name="Link_prints_as_expected">
      <skipped message="Reason: On CRAN ('test-Link.R:77:5')"/>
    </testcase>
  </testsuite>
  <testsuite name="LinkComponent" timestamp="2025-04-15T04:14:35Z" hostname="b74844796b12" tests="5" skipped="0" failures="0" errors="0" time="3.244">
    <testcase time="3.24099999999999" classname="character(0)" name="all_link_files_pass_stan_s_syntax_checker"/>
    <testcase time="0.00100000000000477" classname="character(0)" name="all_link_files_pass_stan_s_syntax_checker"/>
    <testcase time="0" classname="character(0)" name="all_link_files_pass_stan_s_syntax_checker"/>
    <testcase time="0.00100000000000477" classname="character(0)" name="all_link_files_pass_stan_s_syntax_checker"/>
    <testcase time="0.00100000000000477" classname="character(0)" name="all_link_files_pass_stan_s_syntax_checker"/>
  </testsuite>
  <testsuite name="LinkComponent" timestamp="2025-04-15T04:14:35Z" hostname="b74844796b12" tests="2" skipped="0" failures="0" errors="0" time="0.002">
    <testcase time="0.000999999999976353" classname="character(0)" name="complete_models_with_links_pass_stan_s_syntax_checker"/>
    <testcase time="0.00100000000000477" classname="character(0)" name="complete_models_with_links_pass_stan_s_syntax_checker"/>
  </testsuite>
  <testsuite name="LinkComponent" timestamp="2025-04-15T04:14:35Z" hostname="b74844796b12" tests="3" skipped="0" failures="0" errors="0" time="0.002">
    <testcase time="0.00100000000000477" classname="character(0)" name="LinkComponents_are_constructed_correctly_and_can_access_key_components"/>
    <testcase time="0" classname="character(0)" name="LinkComponents_are_constructed_correctly_and_can_access_key_components"/>
    <testcase time="0.00100000000000477" classname="character(0)" name="LinkComponents_are_constructed_correctly_and_can_access_key_components"/>
  </testsuite>
  <testsuite name="LinkComponent" timestamp="2025-04-15T04:14:35Z" hostname="b74844796b12" tests="6" skipped="0" failures="0" errors="0" time="0.004">
    <testcase time="0.00100000000000477" classname="character(0)" name="Model_specific_links_return_the_correct_stan_code"/>
    <testcase time="0.00100000000000477" classname="character(0)" name="Model_specific_links_return_the_correct_stan_code"/>
    <testcase time="0" classname="character(0)" name="Model_specific_links_return_the_correct_stan_code"/>
    <testcase time="0.000999999999976353" classname="character(0)" name="Model_specific_links_return_the_correct_stan_code"/>
    <testcase time="0" classname="character(0)" name="Model_specific_links_return_the_correct_stan_code"/>
    <testcase time="0.00100000000000477" classname="character(0)" name="Model_specific_links_return_the_correct_stan_code"/>
  </testsuite>
  <testsuite name="LinkComponent" timestamp="2025-04-15T04:14:35Z" hostname="b74844796b12" tests="1" skipped="1" failures="0" errors="0" time="0.001">
    <testcase time="0.00100000000000477" classname="character(0)" name="print_works_as_expected">
      <skipped message="Reason: On CRAN ('test-LinkComponent.R:121:5')"/>
    </testcase>
  </testsuite>
  <testsuite name="LinkComponent" timestamp="2025-04-15T04:14:35Z" hostname="b74844796b12" tests="4" skipped="0" failures="0" errors="0" time="0.013">
    <testcase time="0.0109999999999957" classname="character(0)" name="PromiseLinkComponents_work_as_expected"/>
    <testcase time="0.00100000000000477" classname="character(0)" name="PromiseLinkComponents_work_as_expected"/>
    <testcase time="0" classname="character(0)" name="PromiseLinkComponents_work_as_expected"/>
    <testcase time="0.00100000000000477" classname="character(0)" name="PromiseLinkComponents_work_as_expected"/>
  </testsuite>
  <testsuite name="Grid" timestamp="2025-04-15T04:16:31Z" hostname="b74844796b12" tests="15" skipped="0" failures="0" errors="0" time="115.578">
    <testcase time="115.565" classname="character(0)" name="Grid_objects_work_with_QuantityGenerator_and_QuantityCollapser"/>
    <testcase time="0.000999999999976353" classname="character(0)" name="Grid_objects_work_with_QuantityGenerator_and_QuantityCollapser"/>
    <testcase time="0.0010000000000332" classname="character(0)" name="Grid_objects_work_with_QuantityGenerator_and_QuantityCollapser"/>
    <testcase time="0.000999999999976353" classname="character(0)" name="Grid_objects_work_with_QuantityGenerator_and_QuantityCollapser"/>
    <testcase time="0.0010000000000332" classname="character(0)" name="Grid_objects_work_with_QuantityGenerator_and_QuantityCollapser"/>
    <testcase time="0.000999999999976353" classname="character(0)" name="Grid_objects_work_with_QuantityGenerator_and_QuantityCollapser"/>
    <testcase time="0.0010000000000332" classname="character(0)" name="Grid_objects_work_with_QuantityGenerator_and_QuantityCollapser"/>
    <testcase time="0.000999999999976353" classname="character(0)" name="Grid_objects_work_with_QuantityGenerator_and_QuantityCollapser"/>
    <testcase time="0.000999999999976353" classname="character(0)" name="Grid_objects_work_with_QuantityGenerator_and_QuantityCollapser"/>
    <testcase time="0.0010000000000332" classname="character(0)" name="Grid_objects_work_with_QuantityGenerator_and_QuantityCollapser"/>
    <testcase time="0" classname="character(0)" name="Grid_objects_work_with_QuantityGenerator_and_QuantityCollapser"/>
    <testcase time="0.000999999999976353" classname="character(0)" name="Grid_objects_work_with_QuantityGenerator_and_QuantityCollapser"/>
    <testcase time="0.0010000000000332" classname="character(0)" name="Grid_objects_work_with_QuantityGenerator_and_QuantityCollapser"/>
    <testcase time="0.000999999999976353" classname="character(0)" name="Grid_objects_work_with_QuantityGenerator_and_QuantityCollapser"/>
    <testcase time="0.000999999999976353" classname="character(0)" name="Grid_objects_work_with_QuantityGenerator_and_QuantityCollapser"/>
  </testsuite>
  <testsuite name="Grid" timestamp="2025-04-15T04:16:31Z" hostname="b74844796b12" tests="11" skipped="0" failures="0" errors="0" time="0.012">
    <testcase time="0.00300000000004275" classname="character(0)" name="GridObservered_Constructs_correct_quantities"/>
    <testcase time="0.000999999999976353" classname="character(0)" name="GridObservered_Constructs_correct_quantities"/>
    <testcase time="0.0010000000000332" classname="character(0)" name="GridObservered_Constructs_correct_quantities"/>
    <testcase time="0.000999999999976353" classname="character(0)" name="GridObservered_Constructs_correct_quantities"/>
    <testcase time="0.000999999999976353" classname="character(0)" name="GridObservered_Constructs_correct_quantities"/>
    <testcase time="0.0010000000000332" classname="character(0)" name="GridObservered_Constructs_correct_quantities"/>
    <testcase time="0.000999999999976353" classname="character(0)" name="GridObservered_Constructs_correct_quantities"/>
    <testcase time="0" classname="character(0)" name="GridObservered_Constructs_correct_quantities"/>
    <testcase time="0.0010000000000332" classname="character(0)" name="GridObservered_Constructs_correct_quantities"/>
    <testcase time="0.000999999999976353" classname="character(0)" name="GridObservered_Constructs_correct_quantities"/>
    <testcase time="0.000999999999976353" classname="character(0)" name="GridObservered_Constructs_correct_quantities"/>
  </testsuite>
  <testsuite name="Grid" timestamp="2025-04-15T04:16:31Z" hostname="b74844796b12" tests="4" skipped="0" failures="0" errors="0" time="0.006">
    <testcase time="0.00300000000004275" classname="character(0)" name="subjects_to_list_works_as_expected"/>
    <testcase time="0.000999999999976353" classname="character(0)" name="subjects_to_list_works_as_expected"/>
    <testcase time="0.0010000000000332" classname="character(0)" name="subjects_to_list_works_as_expected"/>
    <testcase time="0.000999999999976353" classname="character(0)" name="subjects_to_list_works_as_expected"/>
  </testsuite>
  <testsuite name="Grid" timestamp="2025-04-15T04:16:31Z" hostname="b74844796b12" tests="4" skipped="0" failures="0" errors="0" time="0.005">
    <testcase time="0.00200000000000955" classname="character(0)" name="coalesceGridTime_works_as_expected"/>
    <testcase time="0.000999999999976353" classname="character(0)" name="coalesceGridTime_works_as_expected"/>
    <testcase time="0.0010000000000332" classname="character(0)" name="coalesceGridTime_works_as_expected"/>
    <testcase time="0.000999999999976353" classname="character(0)" name="coalesceGridTime_works_as_expected"/>
  </testsuite>
  <testsuite name="Grid" timestamp="2025-04-15T04:16:31Z" hostname="b74844796b12" tests="5" skipped="0" failures="0" errors="0" time="0.006">
    <testcase time="0.0029999999999859" classname="character(0)" name="GridPopulation_works_as_expected_for_GSF_models"/>
    <testcase time="0.0010000000000332" classname="character(0)" name="GridPopulation_works_as_expected_for_GSF_models"/>
    <testcase time="0" classname="character(0)" name="GridPopulation_works_as_expected_for_GSF_models"/>
    <testcase time="0.000999999999976353" classname="character(0)" name="GridPopulation_works_as_expected_for_GSF_models"/>
    <testcase time="0.0010000000000332" classname="character(0)" name="GridPopulation_works_as_expected_for_GSF_models"/>
  </testsuite>
  <testsuite name="Grid" timestamp="2025-04-15T04:16:31Z" hostname="b74844796b12" tests="5" skipped="0" failures="0" errors="0" time="0.006">
    <testcase time="0.0029999999999859" classname="character(0)" name="GridPopulation_works_as_expected_for_Longitudinal_models"/>
    <testcase time="0.000999999999976353" classname="character(0)" name="GridPopulation_works_as_expected_for_Longitudinal_models"/>
    <testcase time="0.0010000000000332" classname="character(0)" name="GridPopulation_works_as_expected_for_Longitudinal_models"/>
    <testcase time="0.000999999999976353" classname="character(0)" name="GridPopulation_works_as_expected_for_Longitudinal_models"/>
    <testcase time="0" classname="character(0)" name="GridPopulation_works_as_expected_for_Longitudinal_models"/>
  </testsuite>
  <testsuite name="Grid" timestamp="2025-04-15T04:16:31Z" hostname="b74844796b12" tests="1" skipped="0" failures="0" errors="0" time="0.003">
    <testcase time="0.0029999999999859" classname="character(0)" name="GridPopulation_doesn_t_work_with_SurvivalQuantities"/>
  </testsuite>
  <testsuite name="Grid" timestamp="2025-04-15T04:16:31Z" hostname="b74844796b12" tests="1" skipped="0" failures="0" errors="0" time="0.003">
    <testcase time="0.00300000000004275" classname="character(0)" name="GridFixed_bug_has_been_fixed"/>
  </testsuite>
  <testsuite name="LongitudinalGSF" timestamp="2025-04-15T04:45:22Z" hostname="b74844796b12" tests="2" skipped="0" failures="0" errors="0" time="1731.142">
    <testcase time="1731.141" classname="character(0)" name="LongitudinalGSF_works_as_expected_with_default_arguments"/>
    <testcase time="0.00100000000020373" classname="character(0)" name="LongitudinalGSF_works_as_expected_with_default_arguments"/>
  </testsuite>
  <testsuite name="LongitudinalGSF" timestamp="2025-04-15T04:45:22Z" hostname="b74844796b12" tests="1" skipped="1" failures="0" errors="0" time="0.002">
    <testcase time="0.00199999999995271" classname="character(0)" name="Print_method_for_LongitudinalGSF_works_as_expected">
      <skipped message="Reason: On CRAN ('test-LongitudinalGSF.R:12:5')"/>
    </testcase>
  </testsuite>
  <testsuite name="LongitudinalGSF" timestamp="2025-04-15T04:45:22Z" hostname="b74844796b12" tests="3" skipped="0" failures="0" errors="0" time="0.026">
    <testcase time="0.0239999999998872" classname="character(0)" name="Centralised_parameterisation_compiles_without_issues"/>
    <testcase time="0.000999999999976353" classname="character(0)" name="Centralised_parameterisation_compiles_without_issues"/>
    <testcase time="0.000999999999976353" classname="character(0)" name="Centralised_parameterisation_compiles_without_issues"/>
  </testsuite>
  <testsuite name="LongitudinalGSF" timestamp="2025-04-15T04:45:22Z" hostname="b74844796b12" tests="3" skipped="0" failures="0" errors="0" time="0.004">
    <testcase time="0.00200000000018008" classname="character(0)" name="Non_Centralised_parameterisation_compiles_without_issues"/>
    <testcase time="0.000999999999976353" classname="character(0)" name="Non_Centralised_parameterisation_compiles_without_issues"/>
    <testcase time="0.000999999999976353" classname="character(0)" name="Non_Centralised_parameterisation_compiles_without_issues"/>
  </testsuite>
  <testsuite name="LongitudinalGSF" timestamp="2025-04-15T04:45:22Z" hostname="b74844796b12" tests="4" skipped="0" failures="0" errors="0" time="0.005">
    <testcase time="0.00199999999995271" classname="character(0)" name="Can_load_and_compile_growth_shrinkage_links"/>
    <testcase time="0.000999999999976353" classname="character(0)" name="Can_load_and_compile_growth_shrinkage_links"/>
    <testcase time="0.000999999999976353" classname="character(0)" name="Can_load_and_compile_growth_shrinkage_links"/>
    <testcase time="0.000999999999976353" classname="character(0)" name="Can_load_and_compile_growth_shrinkage_links"/>
  </testsuite>
  <testsuite name="LongitudinalGSF" timestamp="2025-04-15T04:45:22Z" hostname="b74844796b12" tests="9" skipped="0" failures="0" errors="0" time="0.009">
    <testcase time="0.00200000000018008" classname="character(0)" name="Can_recover_known_distributional_parameters_from_a_full_GSF_joint_model"/>
    <testcase time="0.000999999999976353" classname="character(0)" name="Can_recover_known_distributional_parameters_from_a_full_GSF_joint_model"/>
    <testcase time="0.000999999999976353" classname="character(0)" name="Can_recover_known_distributional_parameters_from_a_full_GSF_joint_model"/>
    <testcase time="0" classname="character(0)" name="Can_recover_known_distributional_parameters_from_a_full_GSF_joint_model"/>
    <testcase time="0.000999999999976353" classname="character(0)" name="Can_recover_known_distributional_parameters_from_a_full_GSF_joint_model"/>
    <testcase time="0.000999999999976353" classname="character(0)" name="Can_recover_known_distributional_parameters_from_a_full_GSF_joint_model"/>
    <testcase time="0.000999999999976353" classname="character(0)" name="Can_recover_known_distributional_parameters_from_a_full_GSF_joint_model"/>
    <testcase time="0.000999999999976353" classname="character(0)" name="Can_recover_known_distributional_parameters_from_a_full_GSF_joint_model"/>
    <testcase time="0.000999999999976353" classname="character(0)" name="Can_recover_known_distributional_parameters_from_a_full_GSF_joint_model"/>
  </testsuite>
  <testsuite name="LongitudinalGSF" timestamp="2025-04-15T04:45:22Z" hostname="b74844796b12" tests="2" skipped="0" failures="0" errors="0" time="0.003">
    <testcase time="0.00200000000018008" classname="character(0)" name="Quantity_models_pass_the_parser"/>
    <testcase time="0.000999999999976353" classname="character(0)" name="Quantity_models_pass_the_parser"/>
  </testsuite>
  <testsuite name="LongitudinalGSF" timestamp="2025-04-15T04:45:22Z" hostname="b74844796b12" tests="7" skipped="0" failures="0" errors="0" time="0.007">
    <testcase time="0.00199999999995271" classname="character(0)" name="Can_generate_valid_initial_values"/>
    <testcase time="0.000999999999976353" classname="character(0)" name="Can_generate_valid_initial_values"/>
    <testcase time="0.000999999999976353" classname="character(0)" name="Can_generate_valid_initial_values"/>
    <testcase time="0.000999999999976353" classname="character(0)" name="Can_generate_valid_initial_values"/>
    <testcase time="0" classname="character(0)" name="Can_generate_valid_initial_values"/>
    <testcase time="0.000999999999976353" classname="character(0)" name="Can_generate_valid_initial_values"/>
    <testcase time="0.000999999999976353" classname="character(0)" name="Can_generate_valid_initial_values"/>
  </testsuite>
  <testsuite name="LongitudinalGSF" timestamp="2025-04-15T04:45:22Z" hostname="b74844796b12" tests="1" skipped="0" failures="0" errors="0" time="0.003">
    <testcase time="0.00300000000015643" classname="character(0)" name="Unscaled_variance_GSF_mode_pass_the_parser"/>
  </testsuite>
  <testsuite name="LongitudinalGSF" timestamp="2025-04-15T04:45:22Z" hostname="b74844796b12" tests="4" skipped="0" failures="0" errors="0" time="0.005">
    <testcase time="0.00199999999995271" classname="character(0)" name="Can_recover_known_distributional_parameters_from_unscaled_variance_GSF_model"/>
    <testcase time="0.000999999999976353" classname="character(0)" name="Can_recover_known_distributional_parameters_from_unscaled_variance_GSF_model"/>
    <testcase time="0.000999999999976353" classname="character(0)" name="Can_recover_known_distributional_parameters_from_unscaled_variance_GSF_model"/>
    <testcase time="0.000999999999976353" classname="character(0)" name="Can_recover_known_distributional_parameters_from_unscaled_variance_GSF_model"/>
  </testsuite>
  <testsuite name="LongitudinalQuantiles" timestamp="2025-04-15T04:46:04Z" hostname="b74844796b12" tests="10" skipped="0" failures="0" errors="0" time="41.87">
    <testcase time="41.8620000000001" classname="character(0)" name="Test_that_LongitudinalQuantities_works_as_expected"/>
    <testcase time="0.000999999999976353" classname="character(0)" name="Test_that_LongitudinalQuantities_works_as_expected"/>
    <testcase time="0.000999999999976353" classname="character(0)" name="Test_that_LongitudinalQuantities_works_as_expected"/>
    <testcase time="0.000999999999976353" classname="character(0)" name="Test_that_LongitudinalQuantities_works_as_expected"/>
    <testcase time="0.000999999999976353" classname="character(0)" name="Test_that_LongitudinalQuantities_works_as_expected"/>
    <testcase time="0" classname="character(0)" name="Test_that_LongitudinalQuantities_works_as_expected"/>
    <testcase time="0.000999999999976353" classname="character(0)" name="Test_that_LongitudinalQuantities_works_as_expected"/>
    <testcase time="0.000999999999976353" classname="character(0)" name="Test_that_LongitudinalQuantities_works_as_expected"/>
    <testcase time="0.00100000000020373" classname="character(0)" name="Test_that_LongitudinalQuantities_works_as_expected"/>
    <testcase time="0.000999999999976353" classname="character(0)" name="Test_that_LongitudinalQuantities_works_as_expected"/>
  </testsuite>
  <testsuite name="LongitudinalQuantiles" timestamp="2025-04-15T04:46:04Z" hostname="b74844796b12" tests="15" skipped="0" failures="0" errors="0" time="0.013">
    <testcase time="0.00199999999995271" classname="character(0)" name="autoplot.LongitudinalQuantities_works_as_expected"/>
    <testcase time="0" classname="character(0)" name="autoplot.LongitudinalQuantities_works_as_expected"/>
    <testcase time="0.000999999999976353" classname="character(0)" name="autoplot.LongitudinalQuantities_works_as_expected"/>
    <testcase time="0.000999999999976353" classname="character(0)" name="autoplot.LongitudinalQuantities_works_as_expected"/>
    <testcase time="0.000999999999976353" classname="character(0)" name="autoplot.LongitudinalQuantities_works_as_expected"/>
    <testcase time="0.000999999999976353" classname="character(0)" name="autoplot.LongitudinalQuantities_works_as_expected"/>
    <testcase time="0.00100000000020373" classname="character(0)" name="autoplot.LongitudinalQuantities_works_as_expected"/>
    <testcase time="0" classname="character(0)" name="autoplot.LongitudinalQuantities_works_as_expected"/>
    <testcase time="0.000999999999976353" classname="character(0)" name="autoplot.LongitudinalQuantities_works_as_expected"/>
    <testcase time="0.000999999999976353" classname="character(0)" name="autoplot.LongitudinalQuantities_works_as_expected"/>
    <testcase time="0.000999999999976353" classname="character(0)" name="autoplot.LongitudinalQuantities_works_as_expected"/>
    <testcase time="0.000999999999976353" classname="character(0)" name="autoplot.LongitudinalQuantities_works_as_expected"/>
    <testcase time="0.000999999999976353" classname="character(0)" name="autoplot.LongitudinalQuantities_works_as_expected"/>
    <testcase time="0" classname="character(0)" name="autoplot.LongitudinalQuantities_works_as_expected"/>
    <testcase time="0.000999999999976353" classname="character(0)" name="autoplot.LongitudinalQuantities_works_as_expected"/>
  </testsuite>
  <testsuite name="LongitudinalQuantiles" timestamp="2025-04-15T04:46:04Z" hostname="b74844796b12" tests="1" skipped="1" failures="0" errors="0" time="0.003">
    <testcase time="0.00299999999992906" classname="character(0)" name="LongitudinalQuantities_print_method_works_as_expected">
      <skipped message="Reason: On CRAN ('test-LongitudinalQuantiles.R:86:5')"/>
    </testcase>
  </testsuite>
  <testsuite name="LongitudinalQuantiles" timestamp="2025-04-15T04:46:04Z" hostname="b74844796b12" tests="1" skipped="0" failures="0" errors="0" time="0.019">
    <testcase time="0.0190000000000055" classname="character(0)" name="LongitudinalQuantities_can_recover_known_results"/>
  </testsuite>
  <testsuite name="LongitudinalQuantiles" timestamp="2025-04-15T04:46:04Z" hostname="b74844796b12" tests="1" skipped="0" failures="0" errors="0" time="0.002">
    <testcase time="0.00200000000018008" classname="character(0)" name="LongitudinalQuantities_correctly_subsets_subjects_and_rebuilds_correct_value_for_each_sample"/>
  </testsuite>
  <testsuite name="LongitudinalRandomEffects" timestamp="2025-04-15T04:47:36Z" hostname="b74844796b12" tests="4" skipped="0" failures="0" errors="0" time="91.348">
    <testcase time="91.345" classname="character(0)" name="LongitudinalRandomEffects_works_as_expected"/>
    <testcase time="0.000999999999748979" classname="character(0)" name="LongitudinalRandomEffects_works_as_expected"/>
    <testcase time="0.00100000000020373" classname="character(0)" name="LongitudinalRandomEffects_works_as_expected"/>
    <testcase time="0.000999999999748979" classname="character(0)" name="LongitudinalRandomEffects_works_as_expected"/>
  </testsuite>
  <testsuite name="LongitudinalRandomSlope" timestamp="2025-04-15T04:48:41Z" hostname="b74844796b12" tests="1" skipped="1" failures="0" errors="0" time="65.871">
    <testcase time="65.8710000000001" classname="character(0)" name="Print_method_for_LongitudinalRandomSlope_works_as_expected">
      <skipped message="Reason: On CRAN ('test-LongitudinalRandomSlope.R:4:5')"/>
    </testcase>
  </testsuite>
  <testsuite name="LongitudinalRandomSlope" timestamp="2025-04-15T04:48:41Z" hostname="b74844796b12" tests="1" skipped="0" failures="0" errors="0" time="0.011">
    <testcase time="0.0109999999999673" classname="character(0)" name="LongitudinalRandomSlope_correctly_generates_an_intercept_per_study"/>
  </testsuite>
  <testsuite name="LongitudinalRandomSlope" timestamp="2025-04-15T04:48:41Z" hostname="b74844796b12" tests="2" skipped="0" failures="0" errors="0" time="0.002">
    <testcase time="0.00199999999995271" classname="character(0)" name="Random_Slope_Model_can_recover_known_parameter_values"/>
    <testcase time="0" classname="character(0)" name="Random_Slope_Model_can_recover_known_parameter_values"/>
  </testsuite>
  <testsuite name="LongitudinalRandomSlope" timestamp="2025-04-15T04:48:41Z" hostname="b74844796b12" tests="2" skipped="0" failures="0" errors="0" time="0.002">
    <testcase time="0.00200000000040745" classname="character(0)" name="Random_Slope_Model_left_censoring_works_as_expected"/>
    <testcase time="0" classname="character(0)" name="Random_Slope_Model_left_censoring_works_as_expected"/>
  </testsuite>
  <testsuite name="LongitudinalRandomSlope" timestamp="2025-04-15T04:48:41Z" hostname="b74844796b12" tests="2" skipped="0" failures="0" errors="0" time="0.002">
    <testcase time="0.00199999999995271" classname="character(0)" name="Quantity_models_pass_the_parser"/>
    <testcase time="0" classname="character(0)" name="Quantity_models_pass_the_parser"/>
  </testsuite>
  <testsuite name="LongitudinalRandomSlope" timestamp="2025-04-15T04:48:41Z" hostname="b74844796b12" tests="4" skipped="0" failures="0" errors="0" time="0.003">
    <testcase time="0.00199999999995271" classname="character(0)" name="Can_generate_valid_initial_values"/>
    <testcase time="0" classname="character(0)" name="Can_generate_valid_initial_values"/>
    <testcase time="0.000999999999748979" classname="character(0)" name="Can_generate_valid_initial_values"/>
    <testcase time="0" classname="character(0)" name="Can_generate_valid_initial_values"/>
  </testsuite>
  <testsuite name="LongitudinalSteinFojo" timestamp="2025-04-15T05:16:14Z" hostname="b74844796b12" tests="2" skipped="0" failures="0" errors="0" time="1652.645">
    <testcase time="1652.644" classname="character(0)" name="LongitudinalSteinFojo_works_as_expected_with_default_arguments"/>
    <testcase time="0.000999999999748979" classname="character(0)" name="LongitudinalSteinFojo_works_as_expected_with_default_arguments"/>
  </testsuite>
  <testsuite name="LongitudinalSteinFojo" timestamp="2025-04-15T05:16:14Z" hostname="b74844796b12" tests="1" skipped="1" failures="0" errors="0" time="0.002">
    <testcase time="0.00199999999995271" classname="character(0)" name="Print_method_for_LongitudinalSteinFojo_works_as_expected">
      <skipped message="Reason: On CRAN ('test-LongitudinalSteinFojo.R:11:5')"/>
    </testcase>
  </testsuite>
  <testsuite name="LongitudinalSteinFojo" timestamp="2025-04-15T05:16:14Z" hostname="b74844796b12" tests="3" skipped="0" failures="0" errors="0" time="0.02">
    <testcase time="0.0190000000002328" classname="character(0)" name="Centralised_parameterisation_compiles_without_issues"/>
    <testcase time="0.00100000000020373" classname="character(0)" name="Centralised_parameterisation_compiles_without_issues"/>
    <testcase time="0" classname="character(0)" name="Centralised_parameterisation_compiles_without_issues"/>
  </testsuite>
  <testsuite name="LongitudinalSteinFojo" timestamp="2025-04-15T05:16:14Z" hostname="b74844796b12" tests="3" skipped="0" failures="0" errors="0" time="0.005">
    <testcase time="0.00299999999970169" classname="character(0)" name="Non_Centralised_parameterisation_compiles_without_issues"/>
    <testcase time="0.00100000000020373" classname="character(0)" name="Non_Centralised_parameterisation_compiles_without_issues"/>
    <testcase time="0.000999999999748979" classname="character(0)" name="Non_Centralised_parameterisation_compiles_without_issues"/>
  </testsuite>
  <testsuite name="LongitudinalSteinFojo" timestamp="2025-04-15T05:16:14Z" hostname="b74844796b12" tests="3" skipped="0" failures="0" errors="0" time="0.004">
    <testcase time="0.00199999999995271" classname="character(0)" name="Centralised_parameterisation_compiles_without_issues"/>
    <testcase time="0.00100000000020373" classname="character(0)" name="Centralised_parameterisation_compiles_without_issues"/>
    <testcase time="0.000999999999748979" classname="character(0)" name="Centralised_parameterisation_compiles_without_issues"/>
  </testsuite>
  <testsuite name="LongitudinalSteinFojo" timestamp="2025-04-15T05:16:14Z" hostname="b74844796b12" tests="3" skipped="0" failures="0" errors="0" time="0.004">
    <testcase time="0.00200000000040745" classname="character(0)" name="Non_Centralised_parameterisation_compiles_without_issues"/>
    <testcase time="0.000999999999748979" classname="character(0)" name="Non_Centralised_parameterisation_compiles_without_issues"/>
    <testcase time="0.00100000000020373" classname="character(0)" name="Non_Centralised_parameterisation_compiles_without_issues"/>
  </testsuite>
  <testsuite name="LongitudinalSteinFojo" timestamp="2025-04-15T05:16:14Z" hostname="b74844796b12" tests="4" skipped="0" failures="0" errors="0" time="0.005">
    <testcase time="0.00299999999970169" classname="character(0)" name="Can_load_and_compile_growth_shrinkage_links"/>
    <testcase time="0.00100000000020373" classname="character(0)" name="Can_load_and_compile_growth_shrinkage_links"/>
    <testcase time="0" classname="character(0)" name="Can_load_and_compile_growth_shrinkage_links"/>
    <testcase time="0.000999999999748979" classname="character(0)" name="Can_load_and_compile_growth_shrinkage_links"/>
  </testsuite>
  <testsuite name="LongitudinalSteinFojo" timestamp="2025-04-15T05:16:14Z" hostname="b74844796b12" tests="9" skipped="0" failures="0" errors="0" time="0.009">
    <testcase time="0.00300000000015643" classname="character(0)" name="Can_recover_known_distributional_parameters_from_a_SF_joint_model"/>
    <testcase time="0.00100000000020373" classname="character(0)" name="Can_recover_known_distributional_parameters_from_a_SF_joint_model"/>
    <testcase time="0" classname="character(0)" name="Can_recover_known_distributional_parameters_from_a_SF_joint_model"/>
    <testcase time="0" classname="character(0)" name="Can_recover_known_distributional_parameters_from_a_SF_joint_model"/>
    <testcase time="0.00100000000020373" classname="character(0)" name="Can_recover_known_distributional_parameters_from_a_SF_joint_model"/>
    <testcase time="0.000999999999748979" classname="character(0)" name="Can_recover_known_distributional_parameters_from_a_SF_joint_model"/>
    <testcase time="0.00100000000020373" classname="character(0)" name="Can_recover_known_distributional_parameters_from_a_SF_joint_model"/>
    <testcase time="0.000999999999748979" classname="character(0)" name="Can_recover_known_distributional_parameters_from_a_SF_joint_model"/>
    <testcase time="0.00100000000020373" classname="character(0)" name="Can_recover_known_distributional_parameters_from_a_SF_joint_model"/>
  </testsuite>
  <testsuite name="LongitudinalSteinFojo" timestamp="2025-04-15T05:16:14Z" hostname="b74844796b12" tests="6" skipped="0" failures="0" errors="0" time="0.006">
    <testcase time="0.00199999999995271" classname="character(0)" name="Can_recover_known_distributional_parameters_from_a_SF_joint_model_with_growth_link"/>
    <testcase time="0.00100000000020373" classname="character(0)" name="Can_recover_known_distributional_parameters_from_a_SF_joint_model_with_growth_link"/>
    <testcase time="0.000999999999748979" classname="character(0)" name="Can_recover_known_distributional_parameters_from_a_SF_joint_model_with_growth_link"/>
    <testcase time="0.00100000000020373" classname="character(0)" name="Can_recover_known_distributional_parameters_from_a_SF_joint_model_with_growth_link"/>
    <testcase time="0.000999999999748979" classname="character(0)" name="Can_recover_known_distributional_parameters_from_a_SF_joint_model_with_growth_link"/>
    <testcase time="0" classname="character(0)" name="Can_recover_known_distributional_parameters_from_a_SF_joint_model_with_growth_link"/>
  </testsuite>
  <testsuite name="LongitudinalSteinFojo" timestamp="2025-04-15T05:16:14Z" hostname="b74844796b12" tests="2" skipped="0" failures="0" errors="0" time="0.004">
    <testcase time="0.00300000000015643" classname="character(0)" name="Quantity_models_pass_the_parser"/>
    <testcase time="0.000999999999748979" classname="character(0)" name="Quantity_models_pass_the_parser"/>
  </testsuite>
  <testsuite name="LongitudinalSteinFojo" timestamp="2025-04-15T05:16:14Z" hostname="b74844796b12" tests="6" skipped="0" failures="0" errors="0" time="0.007">
    <testcase time="0.00300000000015643" classname="character(0)" name="Can_generate_valid_initial_values"/>
    <testcase time="0.00100000000020373" classname="character(0)" name="Can_generate_valid_initial_values"/>
    <testcase time="0" classname="character(0)" name="Can_generate_valid_initial_values"/>
    <testcase time="0.000999999999748979" classname="character(0)" name="Can_generate_valid_initial_values"/>
    <testcase time="0.00100000000020373" classname="character(0)" name="Can_generate_valid_initial_values"/>
    <testcase time="0.000999999999748979" classname="character(0)" name="Can_generate_valid_initial_values"/>
  </testsuite>
  <testsuite name="LongitudinalSteinFojo" timestamp="2025-04-15T05:16:14Z" hostname="b74844796b12" tests="1" skipped="0" failures="0" errors="0" time="0.003">
    <testcase time="0.00300000000015643" classname="character(0)" name="Unscaled_variance_SF_mode_pass_the_parser"/>
  </testsuite>
  <testsuite name="LongitudinalSteinFojo" timestamp="2025-04-15T05:16:14Z" hostname="b74844796b12" tests="3" skipped="0" failures="0" errors="0" time="0.004">
    <testcase time="0.00199999999995271" classname="character(0)" name="Can_recover_known_distributional_parameters_from_unscaled_variance_SF_model"/>
    <testcase time="0.00100000000020373" classname="character(0)" name="Can_recover_known_distributional_parameters_from_unscaled_variance_SF_model"/>
    <testcase time="0.000999999999748979" classname="character(0)" name="Can_recover_known_distributional_parameters_from_unscaled_variance_SF_model"/>
  </testsuite>
  <testsuite name="Parameter" timestamp="2025-04-15T05:16:14Z" hostname="b74844796b12" tests="2" skipped="0" failures="0" errors="0" time="0.11">
    <testcase time="0.108999999999924" classname="character(0)" name="Parameters_smoke_tests"/>
    <testcase time="0.00100000000020373" classname="character(0)" name="Parameters_smoke_tests"/>
  </testsuite>
  <testsuite name="Parameter" timestamp="2025-04-15T05:16:14Z" hostname="b74844796b12" tests="1" skipped="1" failures="0" errors="0" time="0.003">
    <testcase time="0.00300000000015643" classname="character(0)" name="show_works_for_Paramneter_objects">
      <skipped message="Reason: On CRAN ('test-Parameter.R:17:5')"/>
    </testcase>
  </testsuite>
  <testsuite name="ParameterList" timestamp="2025-04-15T05:16:14Z" hostname="b74844796b12" tests="4" skipped="0" failures="0" errors="0" time="0.149">
    <testcase time="0.145999999999731" classname="character(0)" name="ParameterList_smoke_tests"/>
    <testcase time="0.00100000000020373" classname="character(0)" name="ParameterList_smoke_tests"/>
    <testcase time="0.000999999999748979" classname="character(0)" name="ParameterList_smoke_tests"/>
    <testcase time="0.00100000000020373" classname="character(0)" name="ParameterList_smoke_tests"/>
  </testsuite>
  <testsuite name="ParameterList" timestamp="2025-04-15T05:16:14Z" hostname="b74844796b12" tests="1" skipped="1" failures="0" errors="0" time="0.003">
    <testcase time="0.00300000000015643" classname="character(0)" name="show_works_for_ParameterList_objects">
      <skipped message="Reason: On CRAN ('test-ParameterList.R:53:5')"/>
    </testcase>
  </testsuite>
  <testsuite name="Prior" timestamp="2025-04-15T05:16:15Z" hostname="b74844796b12" tests="8" skipped="0" failures="0" errors="0" time="0.903">
    <testcase time="0.896999999999935" classname="character(0)" name="Priors_work_as_expected"/>
    <testcase time="0.000999999999748979" classname="character(0)" name="Priors_work_as_expected"/>
    <testcase time="0.00100000000020373" classname="character(0)" name="Priors_work_as_expected"/>
    <testcase time="0" classname="character(0)" name="Priors_work_as_expected"/>
    <testcase time="0.000999999999748979" classname="character(0)" name="Priors_work_as_expected"/>
    <testcase time="0.00100000000020373" classname="character(0)" name="Priors_work_as_expected"/>
    <testcase time="0.000999999999748979" classname="character(0)" name="Priors_work_as_expected"/>
    <testcase time="0.00100000000020373" classname="character(0)" name="Priors_work_as_expected"/>
  </testsuite>
  <testsuite name="Prior" timestamp="2025-04-15T05:16:15Z" hostname="b74844796b12" tests="15" skipped="0" failures="0" errors="0" time="0.014">
    <testcase time="0.00199999999995271" classname="character(0)" name="Invalid_prior_parameters_are_rejected"/>
    <testcase time="0.00100000000020373" classname="character(0)" name="Invalid_prior_parameters_are_rejected"/>
    <testcase time="0.000999999999748979" classname="character(0)" name="Invalid_prior_parameters_are_rejected"/>
    <testcase time="0.00100000000020373" classname="character(0)" name="Invalid_prior_parameters_are_rejected"/>
    <testcase time="0.000999999999748979" classname="character(0)" name="Invalid_prior_parameters_are_rejected"/>
    <testcase time="0" classname="character(0)" name="Invalid_prior_parameters_are_rejected"/>
    <testcase time="0.00100000000020373" classname="character(0)" name="Invalid_prior_parameters_are_rejected"/>
    <testcase time="0.000999999999748979" classname="character(0)" name="Invalid_prior_parameters_are_rejected"/>
    <testcase time="0.00100000000020373" classname="character(0)" name="Invalid_prior_parameters_are_rejected"/>
    <testcase time="0.000999999999748979" classname="character(0)" name="Invalid_prior_parameters_are_rejected"/>
    <testcase time="0" classname="character(0)" name="Invalid_prior_parameters_are_rejected"/>
    <testcase time="0.00100000000020373" classname="character(0)" name="Invalid_prior_parameters_are_rejected"/>
    <testcase time="0.00100000000020373" classname="character(0)" name="Invalid_prior_parameters_are_rejected"/>
    <testcase time="0.000999999999748979" classname="character(0)" name="Invalid_prior_parameters_are_rejected"/>
    <testcase time="0.00100000000020373" classname="character(0)" name="Invalid_prior_parameters_are_rejected"/>
  </testsuite>
  <testsuite name="Prior" timestamp="2025-04-15T05:16:15Z" hostname="b74844796b12" tests="1" skipped="1" failures="0" errors="0" time="0.003">
    <testcase time="0.00299999999970169" classname="character(0)" name="show_works_for_Prior_objects">
      <skipped message="Reason: On CRAN ('test-Prior.R:147:5')"/>
    </testcase>
  </testsuite>
  <testsuite name="Prior" timestamp="2025-04-15T05:16:15Z" hostname="b74844796b12" tests="3" skipped="0" failures="0" errors="0" time="0.021">
    <testcase time="0.0190000000002328" classname="character(0)" name="jmpost.prior_shrinkage_works_as_expected"/>
    <testcase time="0.000999999999748979" classname="character(0)" name="jmpost.prior_shrinkage_works_as_expected"/>
    <testcase time="0.00100000000020373" classname="character(0)" name="jmpost.prior_shrinkage_works_as_expected"/>
  </testsuite>
  <testsuite name="Prior" timestamp="2025-04-15T05:16:15Z" hostname="b74844796b12" tests="7" skipped="0" failures="0" errors="0" time="0.007">
    <testcase time="0.00199999999995271" classname="character(0)" name="Limits_work_as_expected"/>
    <testcase time="0.00100000000020373" classname="character(0)" name="Limits_work_as_expected"/>
    <testcase time="0.000999999999748979" classname="character(0)" name="Limits_work_as_expected"/>
    <testcase time="0.00100000000020373" classname="character(0)" name="Limits_work_as_expected"/>
    <testcase time="0.000999999999748979" classname="character(0)" name="Limits_work_as_expected"/>
    <testcase time="0.00100000000020373" classname="character(0)" name="Limits_work_as_expected"/>
    <testcase time="0" classname="character(0)" name="Limits_work_as_expected"/>
  </testsuite>
  <testsuite name="Prior" timestamp="2025-04-15T05:16:15Z" hostname="b74844796b12" tests="2" skipped="0" failures="0" errors="0" time="0.003">
    <testcase time="0.00199999999995271" classname="character(0)" name="median_Prior_works_as_expected"/>
    <testcase time="0.00100000000020373" classname="character(0)" name="median_Prior_works_as_expected"/>
  </testsuite>
  <testsuite name="Prior" timestamp="2025-04-15T05:16:15Z" hostname="b74844796b12" tests="4" skipped="0" failures="0" errors="0" time="0.005">
    <testcase time="0.00300000000015643" classname="character(0)" name="Parameters_in_priors_must_be_length_1_422"/>
    <testcase time="0.000999999999748979" classname="character(0)" name="Parameters_in_priors_must_be_length_1_422"/>
    <testcase time="0.00100000000020373" classname="character(0)" name="Parameters_in_priors_must_be_length_1_422"/>
    <testcase time="0" classname="character(0)" name="Parameters_in_priors_must_be_length_1_422"/>
  </testsuite>
  <testsuite name="Quantities" timestamp="2025-04-15T05:16:16Z" hostname="b74844796b12" tests="3" skipped="0" failures="0" errors="0" time="0.213">
    <testcase time="0.210999999999785" classname="character(0)" name="Simple_utility_functions_work_as_expected"/>
    <testcase time="0.00100000000020373" classname="character(0)" name="Simple_utility_functions_work_as_expected"/>
    <testcase time="0.000999999999748979" classname="character(0)" name="Simple_utility_functions_work_as_expected"/>
  </testsuite>
  <testsuite name="Quantities" timestamp="2025-04-15T05:16:16Z" hostname="b74844796b12" tests="4" skipped="0" failures="0" errors="0" time="0.006">
    <testcase time="0.00300000000015643" classname="character(0)" name="collapse_quantities_works_as_expected"/>
    <testcase time="0.00100000000020373" classname="character(0)" name="collapse_quantities_works_as_expected"/>
    <testcase time="0.000999999999748979" classname="character(0)" name="collapse_quantities_works_as_expected"/>
    <testcase time="0.00100000000020373" classname="character(0)" name="collapse_quantities_works_as_expected"/>
  </testsuite>
  <testsuite name="Quantities" timestamp="2025-04-15T05:16:16Z" hostname="b74844796b12" tests="1" skipped="0" failures="0" errors="0" time="0.003">
    <testcase time="0.00299999999970169" classname="character(0)" name="summary.Quantiles_works_as_expected"/>
  </testsuite>
  <testsuite name="Quantities" timestamp="2025-04-15T05:16:16Z" hostname="b74844796b12" tests="1" skipped="0" failures="0" errors="0" time="0.003">
    <testcase time="0.00300000000015643" classname="character(0)" name="as.data.frame.Quantiles_works_as_expected"/>
  </testsuite>
  <testsuite name="Quantities" timestamp="2025-04-15T05:16:16Z" hostname="b74844796b12" tests="1" skipped="1" failures="0" errors="0" time="0.003">
    <testcase time="0.00300000000015643" classname="character(0)" name="Quantities_print_method_works_as_expected">
      <skipped message="Reason: On CRAN ('test-Quantities.R:140:5')"/>
    </testcase>
  </testsuite>
  <testsuite name="SimGroup" timestamp="2025-04-15T05:16:16Z" hostname="b74844796b12" tests="7" skipped="0" failures="0" errors="0" time="0.155">
    <testcase time="0.148999999999887" classname="character(0)" name="SimGroup_works_as_expected"/>
    <testcase time="0.000999999999748979" classname="character(0)" name="SimGroup_works_as_expected"/>
    <testcase time="0.00100000000020373" classname="character(0)" name="SimGroup_works_as_expected"/>
    <testcase time="0.00100000000020373" classname="character(0)" name="SimGroup_works_as_expected"/>
    <testcase time="0.000999999999748979" classname="character(0)" name="SimGroup_works_as_expected"/>
    <testcase time="0.00100000000020373" classname="character(0)" name="SimGroup_works_as_expected"/>
    <testcase time="0.000999999999748979" classname="character(0)" name="SimGroup_works_as_expected"/>
  </testsuite>
  <testsuite name="SimJointData" timestamp="2025-04-15T05:16:17Z" hostname="b74844796b12" tests="8" skipped="0" failures="0" errors="0" time="0.939">
    <testcase time="0.932999999999993" classname="character(0)" name="SimJointData_works_as_expected"/>
    <testcase time="0.00100000000020373" classname="character(0)" name="SimJointData_works_as_expected"/>
    <testcase time="0.000999999999748979" classname="character(0)" name="SimJointData_works_as_expected"/>
    <testcase time="0.00100000000020373" classname="character(0)" name="SimJointData_works_as_expected"/>
    <testcase time="0.000999999999748979" classname="character(0)" name="SimJointData_works_as_expected"/>
    <testcase time="0" classname="character(0)" name="SimJointData_works_as_expected"/>
    <testcase time="0.00100000000020373" classname="character(0)" name="SimJointData_works_as_expected"/>
    <testcase time="0.00100000000020373" classname="character(0)" name="SimJointData_works_as_expected"/>
  </testsuite>
  <testsuite name="SimJointData" timestamp="2025-04-15T05:16:17Z" hostname="b74844796b12" tests="1" skipped="0" failures="0" errors="0" time="0.003">
    <testcase time="0.00299999999970169" classname="character(0)" name="SimJointData_leads_to_valid_DataJoint_with_almost_only_default_arguments"/>
  </testsuite>
  <testsuite name="SimJointData" timestamp="2025-04-15T05:16:17Z" hostname="b74844796b12" tests="1" skipped="1" failures="0" errors="0" time="0.003">
    <testcase time="0.00300000000015643" classname="character(0)" name="print_methods_work_as_expected">
      <skipped message="Reason: On CRAN ('test-SimJointData.R:95:5')"/>
    </testcase>
  </testsuite>
  <testsuite name="SimLongitudinalClaretBruno" timestamp="2025-04-15T05:16:17Z" hostname="b74844796b12" tests="16" skipped="0" failures="0" errors="0" time="0.223">
    <testcase time="0.208999999999833" classname="character(0)" name="SimLongitudinalClaretBruno_works_as_expected"/>
    <testcase time="0.00100000000020373" classname="character(0)" name="SimLongitudinalClaretBruno_works_as_expected"/>
    <testcase time="0.000999999999748979" classname="character(0)" name="SimLongitudinalClaretBruno_works_as_expected"/>
    <testcase time="0.00100000000020373" classname="character(0)" name="SimLongitudinalClaretBruno_works_as_expected"/>
    <testcase time="0.000999999999748979" classname="character(0)" name="SimLongitudinalClaretBruno_works_as_expected"/>
    <testcase time="0.00100000000020373" classname="character(0)" name="SimLongitudinalClaretBruno_works_as_expected"/>
    <testcase time="0.00100000000020373" classname="character(0)" name="SimLongitudinalClaretBruno_works_as_expected"/>
    <testcase time="0.000999999999748979" classname="character(0)" name="SimLongitudinalClaretBruno_works_as_expected"/>
    <testcase time="0.00100000000020373" classname="character(0)" name="SimLongitudinalClaretBruno_works_as_expected"/>
    <testcase time="0.000999999999748979" classname="character(0)" name="SimLongitudinalClaretBruno_works_as_expected"/>
    <testcase time="0.00100000000020373" classname="character(0)" name="SimLongitudinalClaretBruno_works_as_expected"/>
    <testcase time="0" classname="character(0)" name="SimLongitudinalClaretBruno_works_as_expected"/>
    <testcase time="0.000999999999748979" classname="character(0)" name="SimLongitudinalClaretBruno_works_as_expected"/>
    <testcase time="0.00100000000020373" classname="character(0)" name="SimLongitudinalClaretBruno_works_as_expected"/>
    <testcase time="0.000999999999748979" classname="character(0)" name="SimLongitudinalClaretBruno_works_as_expected"/>
    <testcase time="0.00100000000020373" classname="character(0)" name="SimLongitudinalClaretBruno_works_as_expected"/>
  </testsuite>
  <testsuite name="SimLongitudinalClaretBruno" timestamp="2025-04-15T05:16:17Z" hostname="b74844796b12" tests="1" skipped="1" failures="0" errors="0" time="0.003">
    <testcase time="0.00300000000015643" classname="character(0)" name="print_methods_work_as_expected">
      <skipped message="Reason: On CRAN ('test-SimLongitudinalClaretBruno.R:65:5')"/>
    </testcase>
  </testsuite>
  <testsuite name="SimLongitudinalGSF" timestamp="2025-04-15T05:16:17Z" hostname="b74844796b12" tests="16" skipped="0" failures="0" errors="0" time="0.218">
    <testcase time="0.203999999999724" classname="character(0)" name="SimLongitudinalGSF_works_as_expected"/>
    <testcase time="0.00100000000020373" classname="character(0)" name="SimLongitudinalGSF_works_as_expected"/>
    <testcase time="0.000999999999748979" classname="character(0)" name="SimLongitudinalGSF_works_as_expected"/>
    <testcase time="0.00100000000020373" classname="character(0)" name="SimLongitudinalGSF_works_as_expected"/>
    <testcase time="0.000999999999748979" classname="character(0)" name="SimLongitudinalGSF_works_as_expected"/>
    <testcase time="0.00100000000020373" classname="character(0)" name="SimLongitudinalGSF_works_as_expected"/>
    <testcase time="0.000999999999748979" classname="character(0)" name="SimLongitudinalGSF_works_as_expected"/>
    <testcase time="0" classname="character(0)" name="SimLongitudinalGSF_works_as_expected"/>
    <testcase time="0.00100000000020373" classname="character(0)" name="SimLongitudinalGSF_works_as_expected"/>
    <testcase time="0.00100000000020373" classname="character(0)" name="SimLongitudinalGSF_works_as_expected"/>
    <testcase time="0.000999999999748979" classname="character(0)" name="SimLongitudinalGSF_works_as_expected"/>
    <testcase time="0.00100000000020373" classname="character(0)" name="SimLongitudinalGSF_works_as_expected"/>
    <testcase time="0.000999999999748979" classname="character(0)" name="SimLongitudinalGSF_works_as_expected"/>
    <testcase time="0.00100000000020373" classname="character(0)" name="SimLongitudinalGSF_works_as_expected"/>
    <testcase time="0.000999999999748979" classname="character(0)" name="SimLongitudinalGSF_works_as_expected"/>
    <testcase time="0.00100000000020373" classname="character(0)" name="SimLongitudinalGSF_works_as_expected"/>
  </testsuite>
  <testsuite name="SimLongitudinalGSF" timestamp="2025-04-15T05:16:17Z" hostname="b74844796b12" tests="1" skipped="1" failures="0" errors="0" time="0.003">
    <testcase time="0.00300000000015643" classname="character(0)" name="print_methods_work_as_expected">
      <skipped message="Reason: On CRAN ('test-SimLongitudinalGSF.R:64:5')"/>
    </testcase>
  </testsuite>
  <testsuite name="SimLongitudinalRandomSlope" timestamp="2025-04-15T05:16:18Z" hostname="b74844796b12" tests="15" skipped="0" failures="0" errors="0" time="0.431">
    <testcase time="0.417999999999665" classname="character(0)" name="SimLongitudinalRandomSlope_works_as_expected"/>
    <testcase time="0.00199999999995271" classname="character(0)" name="SimLongitudinalRandomSlope_works_as_expected"/>
    <testcase time="0.00100000000020373" classname="character(0)" name="SimLongitudinalRandomSlope_works_as_expected"/>
    <testcase time="0.00100000000020373" classname="character(0)" name="SimLongitudinalRandomSlope_works_as_expected"/>
    <testcase time="0.000999999999748979" classname="character(0)" name="SimLongitudinalRandomSlope_works_as_expected"/>
    <testcase time="0.00100000000020373" classname="character(0)" name="SimLongitudinalRandomSlope_works_as_expected"/>
    <testcase time="0" classname="character(0)" name="SimLongitudinalRandomSlope_works_as_expected"/>
    <testcase time="0.000999999999748979" classname="character(0)" name="SimLongitudinalRandomSlope_works_as_expected"/>
    <testcase time="0.00100000000020373" classname="character(0)" name="SimLongitudinalRandomSlope_works_as_expected"/>
    <testcase time="0.000999999999748979" classname="character(0)" name="SimLongitudinalRandomSlope_works_as_expected"/>
    <testcase time="0.00100000000020373" classname="character(0)" name="SimLongitudinalRandomSlope_works_as_expected"/>
    <testcase time="0.000999999999748979" classname="character(0)" name="SimLongitudinalRandomSlope_works_as_expected"/>
    <testcase time="0.00100000000020373" classname="character(0)" name="SimLongitudinalRandomSlope_works_as_expected"/>
    <testcase time="0" classname="character(0)" name="SimLongitudinalRandomSlope_works_as_expected"/>
    <testcase time="0.000999999999748979" classname="character(0)" name="SimLongitudinalRandomSlope_works_as_expected"/>
  </testsuite>
  <testsuite name="SimLongitudinalRandomSlope" timestamp="2025-04-15T05:16:18Z" hostname="b74844796b12" tests="1" skipped="0" failures="0" errors="0" time="0.003">
    <testcase time="0.00300000000015643" classname="character(0)" name="SimLongitudinalRandomSlope_correctly_generates_a_dataset_with_known_parameters"/>
  </testsuite>
  <testsuite name="SimLongitudinalRandomSlope" timestamp="2025-04-15T05:16:18Z" hostname="b74844796b12" tests="1" skipped="1" failures="0" errors="0" time="0.003">
    <testcase time="0.00300000000015643" classname="character(0)" name="print_methods_work_as_expected">
      <skipped message="Reason: On CRAN ('test-SimLongitudinalRandomSlope.R:92:5')"/>
    </testcase>
  </testsuite>
  <testsuite name="SimLongitudinalSteinFojo" timestamp="2025-04-15T05:16:18Z" hostname="b74844796b12" tests="15" skipped="0" failures="0" errors="0" time="0.216">
    <testcase time="0.199999999999818" classname="character(0)" name="SimLongitudinalSteinFojo_works_as_expected"/>
    <testcase time="0.00100000000020373" classname="character(0)" name="SimLongitudinalSteinFojo_works_as_expected"/>
    <testcase time="0.000999999999748979" classname="character(0)" name="SimLongitudinalSteinFojo_works_as_expected"/>
    <testcase time="0.00600000000031287" classname="character(0)" name="SimLongitudinalSteinFojo_works_as_expected"/>
    <testcase time="0.000999999999748979" classname="character(0)" name="SimLongitudinalSteinFojo_works_as_expected"/>
    <testcase time="0.00100000000020373" classname="character(0)" name="SimLongitudinalSteinFojo_works_as_expected"/>
    <testcase time="0.000999999999748979" classname="character(0)" name="SimLongitudinalSteinFojo_works_as_expected"/>
    <testcase time="0" classname="character(0)" name="SimLongitudinalSteinFojo_works_as_expected"/>
    <testcase time="0.00100000000020373" classname="character(0)" name="SimLongitudinalSteinFojo_works_as_expected"/>
    <testcase time="0.000999999999748979" classname="character(0)" name="SimLongitudinalSteinFojo_works_as_expected"/>
    <testcase time="0.00100000000020373" classname="character(0)" name="SimLongitudinalSteinFojo_works_as_expected"/>
    <testcase time="0.000999999999748979" classname="character(0)" name="SimLongitudinalSteinFojo_works_as_expected"/>
    <testcase time="0.00100000000020373" classname="character(0)" name="SimLongitudinalSteinFojo_works_as_expected"/>
    <testcase time="0" classname="character(0)" name="SimLongitudinalSteinFojo_works_as_expected"/>
    <testcase time="0" classname="character(0)" name="SimLongitudinalSteinFojo_works_as_expected"/>
  </testsuite>
  <testsuite name="SimLongitudinalSteinFojo" timestamp="2025-04-15T05:16:18Z" hostname="b74844796b12" tests="1" skipped="1" failures="0" errors="0" time="0.003">
    <testcase time="0.00299999999970169" classname="character(0)" name="print_methods_work_as_expected">
      <skipped message="Reason: On CRAN ('test-SimLongitudinalSteinFojo.R:62:5')"/>
    </testcase>
  </testsuite>
  <testsuite name="SimSurvival" timestamp="2025-04-15T05:16:22Z" hostname="b74844796b12" tests="1" skipped="0" failures="0" errors="0" time="3.817">
    <testcase time="3.81700000000001" classname="character(0)" name="SimSurvivalExponential_creates_a_dataset_with_the_correct_parameter"/>
  </testsuite>
  <testsuite name="SimSurvival" timestamp="2025-04-15T05:16:22Z" hostname="b74844796b12" tests="3" skipped="0" failures="0" errors="0" time="0.005">
    <testcase time="0.00300000000015643" classname="character(0)" name="SimSurvivalWeibullPH_creates_a_dataset_with_the_correct_parameter"/>
    <testcase time="0.000999999999748979" classname="character(0)" name="SimSurvivalWeibullPH_creates_a_dataset_with_the_correct_parameter"/>
    <testcase time="0.00100000000020373" classname="character(0)" name="SimSurvivalWeibullPH_creates_a_dataset_with_the_correct_parameter"/>
  </testsuite>
  <testsuite name="SimSurvival" timestamp="2025-04-15T05:16:22Z" hostname="b74844796b12" tests="1" skipped="1" failures="0" errors="0" time="0.003">
    <testcase time="0.00300000000015643" classname="character(0)" name="print_methods_work_as_expected">
      <skipped message="Reason: On CRAN ('test-SimSurvival.R:86:5')"/>
    </testcase>
  </testsuite>
  <testsuite name="StanModel" timestamp="2025-04-15T05:16:22Z" hostname="b74844796b12" tests="1" skipped="1" failures="0" errors="0" time="0.098">
    <testcase time="0.0979999999999563" classname="character(0)" name="StanModel_print_function_works_as_expected">
      <skipped message="Reason: On CRAN ('test-StanModel.R:11:5')"/>
    </testcase>
  </testsuite>
  <testsuite name="StanModule" timestamp="2025-04-15T05:16:22Z" hostname="b74844796b12" tests="1" skipped="1" failures="0" errors="0" time="0.498">
    <testcase time="0.498000000000047" classname="character(0)" name="StanModule_print_method_works_as_expected">
      <skipped message="Reason: On CRAN ('test-StanModule.R:3:5')"/>
    </testcase>
  </testsuite>
  <testsuite name="StanModule" timestamp="2025-04-15T05:16:22Z" hostname="b74844796b12" tests="7" skipped="0" failures="0" errors="0" time="0.024">
    <testcase time="0.0189999999997781" classname="character(0)" name="StanModule_can_read_basic_stan_programs"/>
    <testcase time="0.00100000000020373" classname="character(0)" name="StanModule_can_read_basic_stan_programs"/>
    <testcase time="0.000999999999748979" classname="character(0)" name="StanModule_can_read_basic_stan_programs"/>
    <testcase time="0.00100000000020373" classname="character(0)" name="StanModule_can_read_basic_stan_programs"/>
    <testcase time="0" classname="character(0)" name="StanModule_can_read_basic_stan_programs"/>
    <testcase time="0.000999999999748979" classname="character(0)" name="StanModule_can_read_basic_stan_programs"/>
    <testcase time="0.00100000000020373" classname="character(0)" name="StanModule_can_read_basic_stan_programs"/>
  </testsuite>
  <testsuite name="StanModule" timestamp="2025-04-15T05:16:22Z" hostname="b74844796b12" tests="7" skipped="0" failures="0" errors="0" time="0.008">
    <testcase time="0.00300000000015643" classname="character(0)" name="StanModule_can_handle_trailing_characters"/>
    <testcase time="0.000999999999748979" classname="character(0)" name="StanModule_can_handle_trailing_characters"/>
    <testcase time="0.00100000000020373" classname="character(0)" name="StanModule_can_handle_trailing_characters"/>
    <testcase time="0.000999999999748979" classname="character(0)" name="StanModule_can_handle_trailing_characters"/>
    <testcase time="0.00100000000020373" classname="character(0)" name="StanModule_can_handle_trailing_characters"/>
    <testcase time="0" classname="character(0)" name="StanModule_can_handle_trailing_characters"/>
    <testcase time="0.000999999999748979" classname="character(0)" name="StanModule_can_handle_trailing_characters"/>
  </testsuite>
  <testsuite name="StanModule" timestamp="2025-04-15T05:16:22Z" hostname="b74844796b12" tests="7" skipped="0" failures="0" errors="0" time="0.008">
    <testcase time="0.00300000000015643" classname="character(0)" name="StanModule_works_with_in_line_code"/>
    <testcase time="0.000999999999748979" classname="character(0)" name="StanModule_works_with_in_line_code"/>
    <testcase time="0.00100000000020373" classname="character(0)" name="StanModule_works_with_in_line_code"/>
    <testcase time="0.00100000000020373" classname="character(0)" name="StanModule_works_with_in_line_code"/>
    <testcase time="0" classname="character(0)" name="StanModule_works_with_in_line_code"/>
    <testcase time="0.000999999999748979" classname="character(0)" name="StanModule_works_with_in_line_code"/>
    <testcase time="0.00100000000020373" classname="character(0)" name="StanModule_works_with_in_line_code"/>
  </testsuite>
  <testsuite name="StanModule" timestamp="2025-04-15T05:16:22Z" hostname="b74844796b12" tests="2" skipped="0" failures="0" errors="0" time="0.004">
    <testcase time="0.00299999999970169" classname="character(0)" name="StanModule_throws_an_error_for_1_line_blocks"/>
    <testcase time="0.00100000000020373" classname="character(0)" name="StanModule_throws_an_error_for_1_line_blocks"/>
  </testsuite>
  <testsuite name="StanModule" timestamp="2025-04-15T05:16:22Z" hostname="b74844796b12" tests="1" skipped="0" failures="0" errors="0" time="0.003">
    <testcase time="0.00300000000015643" classname="character(0)" name="StanModule_throws_an_error_for_code_after_the_closing_bracket"/>
  </testsuite>
  <testsuite name="StanModule" timestamp="2025-04-15T05:16:22Z" hostname="b74844796b12" tests="7" skipped="0" failures="0" errors="0" time="0.008">
    <testcase time="0.00299999999970169" classname="character(0)" name="StanModule_can_load_vignette_example_code"/>
    <testcase time="0.00100000000020373" classname="character(0)" name="StanModule_can_load_vignette_example_code"/>
[...]
    <testcase time="0.00399999999990541" classname="character(0)" name="intial_values_for_fixed_distributions_gives_valid_values"/>
    <testcase time="0.00300000000061118" classname="character(0)" name="intial_values_for_fixed_distributions_gives_valid_values"/>
    <testcase time="0.00299999999970169" classname="character(0)" name="intial_values_for_fixed_distributions_gives_valid_values"/>
    <testcase time="0.00399999999990541" classname="character(0)" name="intial_values_for_fixed_distributions_gives_valid_values"/>
    <testcase time="0.00299999999970169" classname="character(0)" name="intial_values_for_fixed_distributions_gives_valid_values"/>
    <testcase time="0.00400000000081491" classname="character(0)" name="intial_values_for_fixed_distributions_gives_valid_values"/>
    <testcase time="0.00299999999970169" classname="character(0)" name="intial_values_for_fixed_distributions_gives_valid_values"/>
    <testcase time="0.00299999999970169" classname="character(0)" name="intial_values_for_fixed_distributions_gives_valid_values"/>
    <testcase time="0.00399999999990541" classname="character(0)" name="intial_values_for_fixed_distributions_gives_valid_values"/>
    <testcase time="0.00300000000061118" classname="character(0)" name="intial_values_for_fixed_distributions_gives_valid_values"/>
    <testcase time="0.00299999999970169" classname="character(0)" name="intial_values_for_fixed_distributions_gives_valid_values"/>
    <testcase time="0.00399999999990541" classname="character(0)" name="intial_values_for_fixed_distributions_gives_valid_values"/>
    <testcase time="0.00299999999970169" classname="character(0)" name="intial_values_for_fixed_distributions_gives_valid_values"/>
    <testcase time="0.00400000000081491" classname="character(0)" name="intial_values_for_fixed_distributions_gives_valid_values"/>
    <testcase time="0.00299999999970169" classname="character(0)" name="intial_values_for_fixed_distributions_gives_valid_values"/>
    <testcase time="0.00299999999970169" classname="character(0)" name="intial_values_for_fixed_distributions_gives_valid_values"/>
    <testcase time="0.00399999999990541" classname="character(0)" name="intial_values_for_fixed_distributions_gives_valid_values"/>
    <testcase time="0.00300000000061118" classname="character(0)" name="intial_values_for_fixed_distributions_gives_valid_values"/>
    <testcase time="0.00399999999990541" classname="character(0)" name="intial_values_for_fixed_distributions_gives_valid_values"/>
    <testcase time="0.00299999999970169" classname="character(0)" name="intial_values_for_fixed_distributions_gives_valid_values"/>
    <testcase time="0.00399999999990541" classname="character(0)" name="intial_values_for_fixed_distributions_gives_valid_values"/>
    <testcase time="0.00299999999970169" classname="character(0)" name="intial_values_for_fixed_distributions_gives_valid_values"/>
    <testcase time="0.00400000000081491" classname="character(0)" name="intial_values_for_fixed_distributions_gives_valid_values"/>
    <testcase time="0.00299999999970169" classname="character(0)" name="intial_values_for_fixed_distributions_gives_valid_values"/>
    <testcase time="0.00399999999990541" classname="character(0)" name="intial_values_for_fixed_distributions_gives_valid_values"/>
    <testcase time="0.00299999999970169" classname="character(0)" name="intial_values_for_fixed_distributions_gives_valid_values"/>
    <testcase time="0.00399999999990541" classname="character(0)" name="intial_values_for_fixed_distributions_gives_valid_values"/>
    <testcase time="0.00400000000081491" classname="character(0)" name="intial_values_for_fixed_distributions_gives_valid_values"/>
    <testcase time="0.00299999999970169" classname="character(0)" name="intial_values_for_fixed_distributions_gives_valid_values"/>
    <testcase time="0.00399999999990541" classname="character(0)" name="intial_values_for_fixed_distributions_gives_valid_values"/>
    <testcase time="0.00299999999970169" classname="character(0)" name="intial_values_for_fixed_distributions_gives_valid_values"/>
    <testcase time="0.00399999999990541" classname="character(0)" name="intial_values_for_fixed_distributions_gives_valid_values"/>
    <testcase time="0.00400000000081491" classname="character(0)" name="intial_values_for_fixed_distributions_gives_valid_values"/>
    <testcase time="0.00299999999970169" classname="character(0)" name="intial_values_for_fixed_distributions_gives_valid_values"/>
  </testsuite>
  <testsuite name="jinjar_render" timestamp="2025-04-15T05:29:49Z" hostname="b74844796b12" tests="2" skipped="0" failures="0" errors="0" time="0.091">
    <testcase time="0.0900000000001455" classname="character(0)" name="Basic_Jinjar_syntax_works_with_decorated_render_"/>
    <testcase time="0.000999999999294232" classname="character(0)" name="Basic_Jinjar_syntax_works_with_decorated_render_"/>
  </testsuite>
  <testsuite name="jinjar_render" timestamp="2025-04-15T05:29:49Z" hostname="b74844796b12" tests="1" skipped="0" failures="0" errors="0" time="0.004">
    <testcase time="0.00400000000081491" classname="character(0)" name="Global_variables_defined_by_decorated_render_are_usable"/>
  </testsuite>
  <testsuite name="longitudinal_plot" timestamp="2025-04-15T05:29:50Z" hostname="b74844796b12" tests="1" skipped="1" failures="0" errors="0" time="0.458">
    <testcase time="0.457999999999629" classname="character(0)" name="longitudinal_plot_works_as_expected">
      <skipped message="Reason: On CRAN ('test-longitudinal_plot.R:42:5')"/>
    </testcase>
  </testsuite>
  <testsuite name="misc_models" timestamp="2025-04-15T05:30:03Z" hostname="b74844796b12" tests="1" skipped="0" failures="0" errors="0" time="12.896">
    <testcase time="12.8959999999997" classname="character(0)" name="Longitudinal_Model_doesn_t_print_sampler_rejection_messages"/>
  </testsuite>
  <testsuite name="model_multi_chain" timestamp="2025-04-15T05:30:57Z" hostname="b74844796b12" tests="1" skipped="0" failures="0" errors="0" time="54.409">
    <testcase time="54.4090000000006" classname="character(0)" name="Can_recover_known_distribution_parameters_from_random_slope_model_when_using_multiple_chains"/>
  </testsuite>
  <testsuite name="options" timestamp="2025-04-15T05:30:57Z" hostname="b74844796b12" tests="4" skipped="0" failures="0" errors="0" time="0.103">
    <testcase time="0.0999999999994543" classname="character(0)" name="Can_alter_Gaussian_Quadrature_arguments"/>
    <testcase time="0.00100000000020373" classname="character(0)" name="Can_alter_Gaussian_Quadrature_arguments"/>
    <testcase time="0.00100000000020373" classname="character(0)" name="Can_alter_Gaussian_Quadrature_arguments"/>
    <testcase time="0.00100000000020373" classname="character(0)" name="Can_alter_Gaussian_Quadrature_arguments"/>
  </testsuite>
  <testsuite name="stan_functions" timestamp="2025-04-15T05:31:37Z" hostname="b74844796b12" tests="1" skipped="0" failures="0" errors="0" time="39.991">
    <testcase time="39.991" classname="character(0)" name="GSF_SLD_function_works_as_expected"/>
  </testsuite>
  <testsuite name="stan_functions" timestamp="2025-04-15T05:31:37Z" hostname="b74844796b12" tests="2" skipped="0" failures="0" errors="0" time="0.004">
    <testcase time="0.00299999999970169" classname="character(0)" name="Normal_Log_Density_functions_work_as_expected"/>
    <testcase time="0.00100000000020373" classname="character(0)" name="Normal_Log_Density_functions_work_as_expected"/>
  </testsuite>
  <testsuite name="stan_functions" timestamp="2025-04-15T05:31:37Z" hostname="b74844796b12" tests="1" skipped="0" failures="0" errors="0" time="0.004">
    <testcase time="0.00399999999990541" classname="character(0)" name="GSF_Identity_Link_Function_works_as_expected"/>
  </testsuite>
  <testsuite name="survival_plot" timestamp="2025-04-15T05:31:38Z" hostname="b74844796b12" tests="2" skipped="1" failures="0" errors="0" time="0.443">
    <testcase time="0.442000000000007" classname="character(0)" name="survival_plot_works_as_expected"/>
    <testcase time="0.00100000000020373" classname="character(0)" name="survival_plot_works_as_expected">
      <skipped message="Reason: On CRAN ('test-survival_plot.R:78:9')"/>
    </testcase>
  </testsuite>
  <testsuite name="utilities" timestamp="2025-04-15T05:31:38Z" hostname="b74844796b12" tests="1" skipped="0" failures="0" errors="0" time="0.488">
    <testcase time="0.487999999999374" classname="character(0)" name="get_missing_rownumbers_works_as_expected"/>
  </testsuite>
  <testsuite name="utilities" timestamp="2025-04-15T05:31:38Z" hostname="b74844796b12" tests="1" skipped="0" failures="0" errors="0" time="0.004">
    <testcase time="0.00399999999990541" classname="character(0)" name="remove_missing_rows_works_as_expected"/>
  </testsuite>
  <testsuite name="utilities" timestamp="2025-04-15T05:31:38Z" hostname="b74844796b12" tests="1" skipped="0" failures="0" errors="0" time="0.003">
    <testcase time="0.00300000000061118" classname="character(0)" name="expand_initial_values_works_as_expected"/>
  </testsuite>
  <testsuite name="utilities" timestamp="2025-04-15T05:31:38Z" hostname="b74844796b12" tests="1" skipped="0" failures="0" errors="0" time="0.003">
    <testcase time="0.00299999999970169" classname="character(0)" name="replace_with_lookup_works_and_sets_array_attributes_as_expected"/>
  </testsuite>
  <testsuite name="utilities" timestamp="2025-04-15T05:31:38Z" hostname="b74844796b12" tests="1" skipped="0" failures="0" errors="0" time="0.003">
    <testcase time="0.00299999999970169" classname="character(0)" name="replace_with_lookup_asserts_sizes_as_numbers_as_expected"/>
  </testsuite>
  <testsuite name="utilities" timestamp="2025-04-15T05:31:38Z" hostname="b74844796b12" tests="1" skipped="0" failures="0" errors="0" time="0.004">
    <testcase time="0.00399999999990541" classname="character(0)" name="replace_with_lookup_asserts_looked_up_sizes_as_numbers_as_expected"/>
  </testsuite>
  <testsuite name="utilities" timestamp="2025-04-15T05:31:38Z" hostname="b74844796b12" tests="2" skipped="0" failures="0" errors="0" time="0.004">
    <testcase time="0.00300000000061118" classname="character(0)" name="samples_median_ci_works_as_expected"/>
    <testcase time="0.00100000000020373" classname="character(0)" name="samples_median_ci_works_as_expected"/>
  </testsuite>
  <testsuite name="utilities" timestamp="2025-04-15T05:31:38Z" hostname="b74844796b12" tests="2" skipped="0" failures="0" errors="0" time="0.004">
    <testcase time="0.00299999999970169" classname="character(0)" name="samples_median_ci_works_with_a_custom_credibility_level"/>
    <testcase time="0.00100000000020373" classname="character(0)" name="samples_median_ci_works_with_a_custom_credibility_level"/>
  </testsuite>
  <testsuite name="utilities" timestamp="2025-04-15T05:31:38Z" hostname="b74844796b12" tests="8" skipped="0" failures="0" errors="0" time="0.009">
    <testcase time="0.00299999999970169" classname="character(0)" name="validate_time_grid_works_as_expected"/>
    <testcase time="0.00100000000020373" classname="character(0)" name="validate_time_grid_works_as_expected"/>
    <testcase time="0.00100000000020373" classname="character(0)" name="validate_time_grid_works_as_expected"/>
    <testcase time="0.000999999999294232" classname="character(0)" name="validate_time_grid_works_as_expected"/>
    <testcase time="0.00100000000020373" classname="character(0)" name="validate_time_grid_works_as_expected"/>
    <testcase time="0" classname="character(0)" name="validate_time_grid_works_as_expected"/>
    <testcase time="0.00100000000020373" classname="character(0)" name="validate_time_grid_works_as_expected"/>
    <testcase time="0.00100000000020373" classname="character(0)" name="validate_time_grid_works_as_expected"/>
  </testsuite>
  <testsuite name="utilities" timestamp="2025-04-15T05:31:38Z" hostname="b74844796b12" tests="7" skipped="0" failures="0" errors="0" time="0.008">
    <testcase time="0.00399999999990541" classname="character(0)" name="expand_subjects_works_as_expected"/>
    <testcase time="0" classname="character(0)" name="expand_subjects_works_as_expected"/>
    <testcase time="0.00100000000020373" classname="character(0)" name="expand_subjects_works_as_expected"/>
    <testcase time="0.000999999999294232" classname="character(0)" name="expand_subjects_works_as_expected"/>
    <testcase time="0.00100000000020373" classname="character(0)" name="expand_subjects_works_as_expected"/>
    <testcase time="0.00100000000020373" classname="character(0)" name="expand_subjects_works_as_expected"/>
    <testcase time="0" classname="character(0)" name="expand_subjects_works_as_expected"/>
  </testsuite>
  <testsuite name="utilities" timestamp="2025-04-15T05:31:38Z" hostname="b74844796b12" tests="5" skipped="0" failures="0" errors="0" time="0.005">
    <testcase time="0.00299999999970169" classname="character(0)" name="decompose_subjects_works_as_expected"/>
    <testcase time="0.00100000000020373" classname="character(0)" name="decompose_subjects_works_as_expected"/>
    <testcase time="0" classname="character(0)" name="decompose_subjects_works_as_expected"/>
    <testcase time="0" classname="character(0)" name="decompose_subjects_works_as_expected"/>
    <testcase time="0.000999999999294232" classname="character(0)" name="decompose_subjects_works_as_expected"/>
  </testsuite>
  <testsuite name="utilities" timestamp="2025-04-15T05:31:38Z" hostname="b74844796b12" tests="2" skipped="0" failures="0" errors="0" time="0.004">
    <testcase time="0.00399999999990541" classname="character(0)" name="add_missing_stan_blocks_works_as_expected"/>
    <testcase time="0" classname="character(0)" name="add_missing_stan_blocks_works_as_expected"/>
  </testsuite>
  <testsuite name="LongitudinalClaretBruno" timestamp="2025-04-15T06:09:08Z" hostname="b74844796b12" tests="2" skipped="0" failures="0" errors="0" time="2249.295">
    <testcase time="2249.294" classname="character(0)" name="LongitudinalClaretBruno_works_as_expected_with_default_arguments"/>
    <testcase time="0.000999999999294232" classname="character(0)" name="LongitudinalClaretBruno_works_as_expected_with_default_arguments"/>
  </testsuite>
  <testsuite name="LongitudinalClaretBruno" timestamp="2025-04-15T06:09:08Z" hostname="b74844796b12" tests="1" skipped="1" failures="0" errors="0" time="0.002">
    <testcase time="0.00200000000040745" classname="character(0)" name="Print_method_for_LongitudinalClaretBruno_works_as_expected">
      <skipped message="Reason: On CRAN ('test-LongitudinalClaretBruno.R:12:5')"/>
    </testcase>
  </testsuite>
  <testsuite name="LongitudinalClaretBruno" timestamp="2025-04-15T06:09:08Z" hostname="b74844796b12" tests="3" skipped="0" failures="0" errors="0" time="0.011">
    <testcase time="0.0100000000002183" classname="character(0)" name="Centralised_parameterisation_compiles_without_issues"/>
    <testcase time="0" classname="character(0)" name="Centralised_parameterisation_compiles_without_issues"/>
    <testcase time="0.000999999999294232" classname="character(0)" name="Centralised_parameterisation_compiles_without_issues"/>
  </testsuite>
  <testsuite name="LongitudinalClaretBruno" timestamp="2025-04-15T06:09:08Z" hostname="b74844796b12" tests="3" skipped="0" failures="0" errors="0" time="0.003">
    <testcase time="0.00200000000040745" classname="character(0)" name="Non_Centralised_parameterisation_compiles_without_issues"/>
    <testcase time="0" classname="character(0)" name="Non_Centralised_parameterisation_compiles_without_issues"/>
    <testcase time="0.00100000000020373" classname="character(0)" name="Non_Centralised_parameterisation_compiles_without_issues"/>
  </testsuite>
  <testsuite name="LongitudinalClaretBruno" timestamp="2025-04-15T06:09:08Z" hostname="b74844796b12" tests="3" skipped="0" failures="0" errors="0" time="0.002">
    <testcase time="0.00100000000020373" classname="character(0)" name="Centralised_parameterisation_compiles_without_issues"/>
    <testcase time="0.000999999999294232" classname="character(0)" name="Centralised_parameterisation_compiles_without_issues"/>
    <testcase time="0" classname="character(0)" name="Centralised_parameterisation_compiles_without_issues"/>
  </testsuite>
  <testsuite name="LongitudinalClaretBruno" timestamp="2025-04-15T06:09:08Z" hostname="b74844796b12" tests="3" skipped="0" failures="0" errors="0" time="0.003">
    <testcase time="0.00200000000040745" classname="character(0)" name="Non_Centralised_parameterisation_compiles_without_issues"/>
    <testcase time="0.00100000000020373" classname="character(0)" name="Non_Centralised_parameterisation_compiles_without_issues"/>
    <testcase time="0" classname="character(0)" name="Non_Centralised_parameterisation_compiles_without_issues"/>
  </testsuite>
  <testsuite name="LongitudinalClaretBruno" timestamp="2025-04-15T06:09:08Z" hostname="b74844796b12" tests="6" skipped="0" failures="0" errors="0" time="0.004">
    <testcase time="0.00199999999949796" classname="character(0)" name="Can_recover_known_distributional_parameters_from_a_SF_joint_model"/>
    <testcase time="0.00100000000020373" classname="character(0)" name="Can_recover_known_distributional_parameters_from_a_SF_joint_model"/>
    <testcase time="0" classname="character(0)" name="Can_recover_known_distributional_parameters_from_a_SF_joint_model"/>
    <testcase time="0" classname="character(0)" name="Can_recover_known_distributional_parameters_from_a_SF_joint_model"/>
    <testcase time="0.00100000000020373" classname="character(0)" name="Can_recover_known_distributional_parameters_from_a_SF_joint_model"/>
    <testcase time="0" classname="character(0)" name="Can_recover_known_distributional_parameters_from_a_SF_joint_model"/>
  </testsuite>
  <testsuite name="LongitudinalClaretBruno" timestamp="2025-04-15T06:09:08Z" hostname="b74844796b12" tests="2" skipped="0" failures="0" errors="0" time="0.003">
    <testcase time="0.00199999999949796" classname="character(0)" name="Quantity_models_pass_the_parser"/>
    <testcase time="0.00100000000020373" classname="character(0)" name="Quantity_models_pass_the_parser"/>
  </testsuite>
  <testsuite name="LongitudinalClaretBruno" timestamp="2025-04-15T06:09:08Z" hostname="b74844796b12" tests="7" skipped="0" failures="0" errors="0" time="0.003">
    <testcase time="0.00200000000040745" classname="character(0)" name="Can_generate_valid_initial_values"/>
    <testcase time="0" classname="character(0)" name="Can_generate_valid_initial_values"/>
    <testcase time="0" classname="character(0)" name="Can_generate_valid_initial_values"/>
    <testcase time="0" classname="character(0)" name="Can_generate_valid_initial_values"/>
    <testcase time="0" classname="character(0)" name="Can_generate_valid_initial_values"/>
    <testcase time="0.00100000000020373" classname="character(0)" name="Can_generate_valid_initial_values"/>
    <testcase time="0" classname="character(0)" name="Can_generate_valid_initial_values"/>
  </testsuite>
  <testsuite name="LongitudinalClaretBruno" timestamp="2025-04-15T06:09:08Z" hostname="b74844796b12" tests="1" skipped="0" failures="0" errors="0" time="0.002">
    <testcase time="0.00200000000040745" classname="character(0)" name="Unscaled_variance_pass_the_parser"/>
  </testsuite>
  <testsuite name="LongitudinalClaretBruno" timestamp="2025-04-15T06:09:08Z" hostname="b74844796b12" tests="3" skipped="0" failures="0" errors="0" time="0.003">
    <testcase time="0.00199999999949796" classname="character(0)" name="Can_recover_known_distributional_parameters_from_unscaled_variance_ClaretBruno_model"/>
    <testcase time="0.00100000000020373" classname="character(0)" name="Can_recover_known_distributional_parameters_from_unscaled_variance_ClaretBruno_model"/>
    <testcase time="0" classname="character(0)" name="Can_recover_known_distributional_parameters_from_unscaled_variance_ClaretBruno_model"/>
  </testsuite>
</testsuites>
