<?xml version="1.0" encoding="UTF-8"?>
<testsuites>
  <testsuite name="DataLongitudinal" timestamp="2026-09-01T04:32:51Z" hostname="b181c4c3bc81" tests="10" skipped="0" failures="0" errors="0" time="2.82">
    <testcase time="2.792" classname="character(0)" name="DataLongitudinal_being_rendered_to_list_is_as_expected_for_simple_inputs"/>
    <testcase time="0.0190000000000001" classname="character(0)" name="DataLongitudinal_being_rendered_to_list_is_as_expected_for_simple_inputs"/>
    <testcase time="0.00499999999999989" classname="character(0)" name="DataLongitudinal_being_rendered_to_list_is_as_expected_for_simple_inputs"/>
    <testcase time="0.00100000000000033" classname="character(0)" name="DataLongitudinal_being_rendered_to_list_is_as_expected_for_simple_inputs"/>
    <testcase time="0.000999999999999446" classname="character(0)" name="DataLongitudinal_being_rendered_to_list_is_as_expected_for_simple_inputs"/>
    <testcase time="0" classname="character(0)" name="DataLongitudinal_being_rendered_to_list_is_as_expected_for_simple_inputs"/>
    <testcase time="0.00100000000000033" classname="character(0)" name="DataLongitudinal_being_rendered_to_list_is_as_expected_for_simple_inputs"/>
    <testcase time="0" classname="character(0)" name="DataLongitudinal_being_rendered_to_list_is_as_expected_for_simple_inputs"/>
    <testcase time="0.00100000000000033" classname="character(0)" name="DataLongitudinal_being_rendered_to_list_is_as_expected_for_simple_inputs"/>
    <testcase time="0" classname="character(0)" name="DataLongitudinal_being_rendered_to_list_is_as_expected_for_simple_inputs"/>
  </testsuite>
  <testsuite name="DataLongitudinal" timestamp="2026-09-01T04:32:51Z" hostname="b181c4c3bc81" tests="1" skipped="1" failures="0" errors="0" time="0.002">
    <testcase time="0.00199999999999978" classname="character(0)" name="DataSurvival_print_method_works_as_expected">
      <skipped message="Reason: On CRAN ('test-DataLongitudinal.R:59:1')"/>
    </testcase>
  </testsuite>
  <testsuite name="DataSubject" timestamp="2026-09-01T04:32:51Z" hostname="b181c4c3bc81" tests="14" skipped="0" failures="0" errors="0" time="0.162">
    <testcase time="0.155" classname="character(0)" name="DataSubject_works_as_expected"/>
    <testcase time="0.000999999999999446" classname="character(0)" name="DataSubject_works_as_expected"/>
    <testcase time="0" classname="character(0)" name="DataSubject_works_as_expected"/>
    <testcase time="0.00100000000000033" classname="character(0)" name="DataSubject_works_as_expected"/>
    <testcase time="0" classname="character(0)" name="DataSubject_works_as_expected"/>
    <testcase time="0.000999999999999446" classname="character(0)" name="DataSubject_works_as_expected"/>
    <testcase time="0" classname="character(0)" name="DataSubject_works_as_expected"/>
    <testcase time="0.00100000000000033" classname="character(0)" name="DataSubject_works_as_expected"/>
    <testcase time="0.00100000000000033" classname="character(0)" name="DataSubject_works_as_expected"/>
    <testcase time="0" classname="character(0)" name="DataSubject_works_as_expected"/>
    <testcase time="0.000999999999999446" classname="character(0)" name="DataSubject_works_as_expected"/>
    <testcase time="0" classname="character(0)" name="DataSubject_works_as_expected"/>
    <testcase time="0.00100000000000033" classname="character(0)" name="DataSubject_works_as_expected"/>
    <testcase time="0" classname="character(0)" name="DataSubject_works_as_expected"/>
  </testsuite>
  <testsuite name="DataSubject" timestamp="2026-09-01T04:32:51Z" hostname="b181c4c3bc81" tests="1" skipped="1" failures="0" errors="0" time="0.002">
    <testcase time="0.00199999999999978" classname="character(0)" name="DataSubject_print_method_works_as_expected">
      <skipped message="Reason: On CRAN ('test-DataSubject.R:48:1')"/>
    </testcase>
  </testsuite>
  <testsuite name="DataJoint" timestamp="2026-09-01T04:32:51Z" hostname="b181c4c3bc81" tests="15" skipped="0" failures="0" errors="0" time="0.082">
    <testcase time="0.0739999999999998" classname="character(0)" name="DataJoint_basic_usage"/>
    <testcase time="0.00100000000000033" classname="character(0)" name="DataJoint_basic_usage"/>
    <testcase time="0.00100000000000033" classname="character(0)" name="DataJoint_basic_usage"/>
    <testcase time="0" classname="character(0)" name="DataJoint_basic_usage"/>
    <testcase time="0.000999999999999446" classname="character(0)" name="DataJoint_basic_usage"/>
    <testcase time="0" classname="character(0)" name="DataJoint_basic_usage"/>
    <testcase time="0.00100000000000033" classname="character(0)" name="DataJoint_basic_usage"/>
    <testcase time="0" classname="character(0)" name="DataJoint_basic_usage"/>
    <testcase time="0.00100000000000033" classname="character(0)" name="DataJoint_basic_usage"/>
    <testcase time="0" classname="character(0)" name="DataJoint_basic_usage"/>
    <testcase time="0.000999999999999446" classname="character(0)" name="DataJoint_basic_usage"/>
    <testcase time="0" classname="character(0)" name="DataJoint_basic_usage"/>
    <testcase time="0.00100000000000033" classname="character(0)" name="DataJoint_basic_usage"/>
    <testcase time="0" classname="character(0)" name="DataJoint_basic_usage"/>
    <testcase time="0.000999999999999446" classname="character(0)" name="DataJoint_basic_usage"/>
  </testsuite>
  <testsuite name="DataJoint" timestamp="2026-09-01T04:32:51Z" hostname="b181c4c3bc81" tests="6" skipped="0" failures="0" errors="0" time="0.004">
    <testcase time="0.00100000000000033" classname="character(0)" name="DataJoint_errors_if_inconsistent_subject_IDs"/>
    <testcase time="0.00100000000000033" classname="character(0)" name="DataJoint_errors_if_inconsistent_subject_IDs"/>
    <testcase time="0" classname="character(0)" name="DataJoint_errors_if_inconsistent_subject_IDs"/>
    <testcase time="0.000999999999999446" classname="character(0)" name="DataJoint_errors_if_inconsistent_subject_IDs"/>
    <testcase time="0" classname="character(0)" name="DataJoint_errors_if_inconsistent_subject_IDs"/>
    <testcase time="0.00100000000000033" classname="character(0)" name="DataJoint_errors_if_inconsistent_subject_IDs"/>
  </testsuite>
  <testsuite name="DataJoint" timestamp="2026-09-01T04:32:51Z" hostname="b181c4c3bc81" tests="3" skipped="0" failures="0" errors="0" time="0.002">
    <testcase time="0.00100000000000033" classname="character(0)" name="DataJoint_sorts_handles_pre_factored_levels_correctly"/>
    <testcase time="0.000999999999999446" classname="character(0)" name="DataJoint_sorts_handles_pre_factored_levels_correctly"/>
    <testcase time="0" classname="character(0)" name="DataJoint_sorts_handles_pre_factored_levels_correctly"/>
  </testsuite>
  <testsuite name="DataJoint" timestamp="2026-09-01T04:32:51Z" hostname="b181c4c3bc81" tests="3" skipped="0" failures="0" errors="0" time="0.003">
    <testcase time="0.00199999999999978" classname="character(0)" name="DataJoint_sorts_handles_character_to_factor_levels_correctly"/>
    <testcase time="0" classname="character(0)" name="DataJoint_sorts_handles_character_to_factor_levels_correctly"/>
    <testcase time="0.00100000000000033" classname="character(0)" name="DataJoint_sorts_handles_character_to_factor_levels_correctly"/>
  </testsuite>
  <testsuite name="DataJoint" timestamp="2026-09-01T04:32:51Z" hostname="b181c4c3bc81" tests="7" skipped="0" failures="0" errors="0" time="0.004">
    <testcase time="0.00100000000000033" classname="character(0)" name="subset_DataJoint_works_as_expected"/>
    <testcase time="0.000999999999999446" classname="character(0)" name="subset_DataJoint_works_as_expected"/>
    <testcase time="0" classname="character(0)" name="subset_DataJoint_works_as_expected"/>
    <testcase time="0.00100000000000033" classname="character(0)" name="subset_DataJoint_works_as_expected"/>
    <testcase time="0" classname="character(0)" name="subset_DataJoint_works_as_expected"/>
    <testcase time="0.00100000000000033" classname="character(0)" name="subset_DataJoint_works_as_expected"/>
    <testcase time="0" classname="character(0)" name="subset_DataJoint_works_as_expected"/>
  </testsuite>
  <testsuite name="DataJoint" timestamp="2026-09-01T04:32:51Z" hostname="b181c4c3bc81" tests="1" skipped="0" failures="0" errors="0" time="0.001">
    <testcase time="0.000999999999999446" classname="character(0)" name="Error_Handling"/>
  </testsuite>
  <testsuite name="DataJoint" timestamp="2026-09-01T04:32:51Z" hostname="b181c4c3bc81" tests="1" skipped="1" failures="0" errors="0" time="0.002">
    <testcase time="0.00199999999999978" classname="character(0)" name="DataJoint_print_method_works_as_expected">
      <skipped message="Reason: On CRAN ('test-DataJoint.R:503:1')"/>
    </testcase>
  </testsuite>
  <testsuite name="DataSurvival" timestamp="2026-09-01T04:32:51Z" hostname="b181c4c3bc81" tests="14" skipped="0" failures="0" errors="0" time="0.325">
    <testcase time="0.318000000000001" classname="character(0)" name="DataSurvival_being_rendered_to_list_is_as_expected_for_simple_inputs"/>
    <testcase time="0" classname="character(0)" name="DataSurvival_being_rendered_to_list_is_as_expected_for_simple_inputs"/>
    <testcase time="0.000999999999999446" classname="character(0)" name="DataSurvival_being_rendered_to_list_is_as_expected_for_simple_inputs"/>
    <testcase time="0" classname="character(0)" name="DataSurvival_being_rendered_to_list_is_as_expected_for_simple_inputs"/>
    <testcase time="0.00100000000000033" classname="character(0)" name="DataSurvival_being_rendered_to_list_is_as_expected_for_simple_inputs"/>
    <testcase time="0.00100000000000033" classname="character(0)" name="DataSurvival_being_rendered_to_list_is_as_expected_for_simple_inputs"/>
    <testcase time="0" classname="character(0)" name="DataSurvival_being_rendered_to_list_is_as_expected_for_simple_inputs"/>
    <testcase time="0.000999999999999446" classname="character(0)" name="DataSurvival_being_rendered_to_list_is_as_expected_for_simple_inputs"/>
    <testcase time="0" classname="character(0)" name="DataSurvival_being_rendered_to_list_is_as_expected_for_simple_inputs"/>
    <testcase time="0.00100000000000033" classname="character(0)" name="DataSurvival_being_rendered_to_list_is_as_expected_for_simple_inputs"/>
    <testcase time="0" classname="character(0)" name="DataSurvival_being_rendered_to_list_is_as_expected_for_simple_inputs"/>
    <testcase time="0.00100000000000033" classname="character(0)" name="DataSurvival_being_rendered_to_list_is_as_expected_for_simple_inputs"/>
    <testcase time="0" classname="character(0)" name="DataSurvival_being_rendered_to_list_is_as_expected_for_simple_inputs"/>
    <testcase time="0.000999999999999446" classname="character(0)" name="DataSurvival_being_rendered_to_list_is_as_expected_for_simple_inputs"/>
  </testsuite>
  <testsuite name="DataSurvival" timestamp="2026-09-01T04:32:51Z" hostname="b181c4c3bc81" tests="1" skipped="1" failures="0" errors="0" time="0.001">
    <testcase time="0.00100000000000033" classname="character(0)" name="DataSurvival_print_method_works_as_expected">
      <skipped message="Reason: On CRAN ('test-DataSurvival.R:85:1')"/>
    </testcase>
  </testsuite>
  <testsuite name="DataSurvival" timestamp="2026-09-01T04:32:51Z" hostname="b181c4c3bc81" tests="1" skipped="1" failures="0" errors="0" time="0.011">
    <testcase time="0.0110000000000001" classname="character(0)" name="model.matrix_for_DataSurvival_works_as_expected">
      <skipped message="Reason: On CRAN ('test-DataSurvival.R:108:1')"/>
    </testcase>
  </testsuite>
  <testsuite name="DataSurvival" timestamp="2026-09-01T04:32:51Z" hostname="b181c4c3bc81" tests="3" skipped="0" failures="0" errors="0" time="0.018">
    <testcase time="0.0169999999999995" classname="character(0)" name="model.matrix_for_DataSurvival_preserves_no_intercept_formulas"/>
    <testcase time="0.00100000000000033" classname="character(0)" name="model.matrix_for_DataSurvival_preserves_no_intercept_formulas"/>
    <testcase time="0" classname="character(0)" name="model.matrix_for_DataSurvival_preserves_no_intercept_formulas"/>
  </testsuite>
  <testsuite name="DataSurvival" timestamp="2026-09-01T04:32:51Z" hostname="b181c4c3bc81" tests="7" skipped="0" failures="0" errors="0" time="0.005">
    <testcase time="0.00199999999999978" classname="character(0)" name="mirror_design_matrix_works_as_expected"/>
    <testcase time="0" classname="character(0)" name="mirror_design_matrix_works_as_expected"/>
    <testcase time="0.00100000000000033" classname="character(0)" name="mirror_design_matrix_works_as_expected"/>
    <testcase time="0" classname="character(0)" name="mirror_design_matrix_works_as_expected"/>
    <testcase time="0.000999999999999446" classname="character(0)" name="mirror_design_matrix_works_as_expected"/>
    <testcase time="0" classname="character(0)" name="mirror_design_matrix_works_as_expected"/>
    <testcase time="0.00100000000000033" classname="character(0)" name="mirror_design_matrix_works_as_expected"/>
  </testsuite>
  <testsuite name="GridPrediction" timestamp="2026-09-01T04:34:42Z" hostname="b181c4c3bc81" tests="5" skipped="0" failures="0" errors="0" time="110.852">
    <testcase time="110.851" classname="character(0)" name="GridPrediction_works_as_expected_for_Survival_models"/>
    <testcase time="0" classname="character(0)" name="GridPrediction_works_as_expected_for_Survival_models"/>
    <testcase time="0.00100000000000477" classname="character(0)" name="GridPrediction_works_as_expected_for_Survival_models"/>
    <testcase time="0" classname="character(0)" name="GridPrediction_works_as_expected_for_Survival_models"/>
    <testcase time="0" classname="character(0)" name="GridPrediction_works_as_expected_for_Survival_models"/>
  </testsuite>
  <testsuite name="GridPrediction" timestamp="2026-09-01T04:34:42Z" hostname="b181c4c3bc81" tests="4" skipped="0" failures="0" errors="0" time="0.003">
    <testcase time="0.000999999999990564" classname="character(0)" name="GridPrediction_error_handling_works_as_expected"/>
    <testcase time="0.00100000000000477" classname="character(0)" name="GridPrediction_error_handling_works_as_expected"/>
    <testcase time="0.00100000000000477" classname="character(0)" name="GridPrediction_error_handling_works_as_expected"/>
    <testcase time="0" classname="character(0)" name="GridPrediction_error_handling_works_as_expected"/>
  </testsuite>
  <testsuite name="GridPrediction" timestamp="2026-09-01T04:34:42Z" hostname="b181c4c3bc81" tests="3" skipped="0" failures="0" errors="0" time="0.003">
    <testcase time="0.000999999999990564" classname="character(0)" name="getPredictionNames_works_as_expected"/>
    <testcase time="0.00100000000000477" classname="character(0)" name="getPredictionNames_works_as_expected"/>
    <testcase time="0.00100000000000477" classname="character(0)" name="getPredictionNames_works_as_expected"/>
  </testsuite>
  <testsuite name="GridPrediction" timestamp="2026-09-01T04:34:42Z" hostname="b181c4c3bc81" tests="1" skipped="0" failures="0" errors="0" time="0.001">
    <testcase time="0.000999999999990564" classname="character(0)" name="GridPrediction_throws_an_error_if_key_column_already_exists"/>
  </testsuite>
  <testsuite name="GridPrediction" timestamp="2026-09-01T04:34:42Z" hostname="b181c4c3bc81" tests="5" skipped="0" failures="0" errors="0" time="0.003">
    <testcase time="0.00100000000000477" classname="character(0)" name="GridPrediction_works_for_survival_only_models"/>
    <testcase time="0.00100000000000477" classname="character(0)" name="GridPrediction_works_for_survival_only_models"/>
    <testcase time="0" classname="character(0)" name="GridPrediction_works_for_survival_only_models"/>
    <testcase time="0.000999999999990564" classname="character(0)" name="GridPrediction_works_for_survival_only_models"/>
    <testcase time="0" classname="character(0)" name="GridPrediction_works_for_survival_only_models"/>
  </testsuite>
  <testsuite name="JointModel" timestamp="2026-09-01T04:34:46Z" hostname="b181c4c3bc81" tests="2" skipped="0" failures="0" errors="0" time="4.294">
    <testcase time="4.29300000000001" classname="character(0)" name="JointModel_smoke_tests"/>
    <testcase time="0.000999999999990564" classname="character(0)" name="JointModel_smoke_tests"/>
  </testsuite>
  <testsuite name="JointModel" timestamp="2026-09-01T04:34:46Z" hostname="b181c4c3bc81" tests="1" skipped="1" failures="0" errors="0" time="0.003">
    <testcase time="0.00300000000000011" classname="character(0)" name="JointModel_snapshots_assembled_parameter_declarations">
      <skipped message="Reason: On CRAN ('test-JointModel.R:48:1')"/>
    </testcase>
  </testsuite>
  <testsuite name="JointModel" timestamp="2026-09-01T04:34:46Z" hostname="b181c4c3bc81" tests="1" skipped="1" failures="0" errors="0" time="0.014">
    <testcase time="0.01400000000001" classname="character(0)" name="JointModel_print_method_works_as_expected">
      <skipped message="Reason: On CRAN ('test-JointModel.R:73:1')"/>
    </testcase>
  </testsuite>
  <testsuite name="JointModel" timestamp="2026-09-01T04:34:46Z" hostname="b181c4c3bc81" tests="12" skipped="0" failures="0" errors="0" time="0.016">
    <testcase time="0.00999999999999091" classname="character(0)" name="Log_Lik_variables_are_produced_correctly"/>
    <testcase time="0.00100000000000477" classname="character(0)" name="Log_Lik_variables_are_produced_correctly"/>
    <testcase time="0.00100000000000477" classname="character(0)" name="Log_Lik_variables_are_produced_correctly"/>
    <testcase time="0" classname="character(0)" name="Log_Lik_variables_are_produced_correctly"/>
    <testcase time="0.000999999999990564" classname="character(0)" name="Log_Lik_variables_are_produced_correctly"/>
    <testcase time="0" classname="character(0)" name="Log_Lik_variables_are_produced_correctly"/>
    <testcase time="0.00100000000000477" classname="character(0)" name="Log_Lik_variables_are_produced_correctly"/>
    <testcase time="0" classname="character(0)" name="Log_Lik_variables_are_produced_correctly"/>
    <testcase time="0.00100000000000477" classname="character(0)" name="Log_Lik_variables_are_produced_correctly"/>
    <testcase time="0" classname="character(0)" name="Log_Lik_variables_are_produced_correctly"/>
    <testcase time="0.000999999999990564" classname="character(0)" name="Log_Lik_variables_are_produced_correctly"/>
    <testcase time="0" classname="character(0)" name="Log_Lik_variables_are_produced_correctly"/>
  </testsuite>
  <testsuite name="JointModelSamples" timestamp="2026-09-01T04:34:58Z" hostname="b181c4c3bc81" tests="1" skipped="1" failures="0" errors="0" time="11.174">
    <testcase time="11.174" classname="character(0)" name="print_works_as_expected_for_JointModelSamples">
      <skipped message="Reason: On CRAN ('test-JointModelSamples.R:3:1')"/>
    </testcase>
  </testsuite>
  <testsuite name="JointModelSamples" timestamp="2026-09-01T04:34:58Z" hostname="b181c4c3bc81" tests="3" skipped="0" failures="0" errors="0" time="0.011">
    <testcase time="0.0100000000000193" classname="character(0)" name="saving_and_restoring_samples_from_disk_works_as_expected"/>
    <testcase time="0.00100000000000477" classname="character(0)" name="saving_and_restoring_samples_from_disk_works_as_expected"/>
    <testcase time="0" classname="character(0)" name="saving_and_restoring_samples_from_disk_works_as_expected"/>
  </testsuite>
  <testsuite name="Link" timestamp="2026-09-01T04:34:59Z" hostname="b181c4c3bc81" tests="4" skipped="0" failures="0" errors="0" time="1.725">
    <testcase time="1.72299999999998" classname="character(0)" name="link_none_works_as_expected"/>
    <testcase time="0" classname="character(0)" name="link_none_works_as_expected"/>
    <testcase time="0.00100000000000477" classname="character(0)" name="link_none_works_as_expected"/>
    <testcase time="0.00100000000000477" classname="character(0)" name="link_none_works_as_expected"/>
  </testsuite>
  <testsuite name="Link" timestamp="2026-09-01T04:34:59Z" hostname="b181c4c3bc81" tests="4" skipped="0" failures="0" errors="0" time="0.003">
    <testcase time="0.00100000000000477" classname="character(0)" name="Link_works_as_expected"/>
    <testcase time="0.000999999999976353" classname="character(0)" name="Link_works_as_expected"/>
    <testcase time="0" classname="character(0)" name="Link_works_as_expected"/>
    <testcase time="0.00100000000000477" classname="character(0)" name="Link_works_as_expected"/>
  </testsuite>
  <testsuite name="Link" timestamp="2026-09-01T04:34:59Z" hostname="b181c4c3bc81" tests="1" skipped="1" failures="0" errors="0" time="0.001">
    <testcase time="0.00100000000000477" classname="character(0)" name="Link_prints_as_expected">
      <skipped message="Reason: On CRAN ('test-Link.R:75:1')"/>
    </testcase>
  </testsuite>
  <testsuite name="LinkComponent" timestamp="2026-09-01T04:35:03Z" hostname="b181c4c3bc81" tests="5" skipped="0" failures="0" errors="0" time="3.442">
    <testcase time="3.43800000000002" classname="character(0)" name="all_link_files_pass_stan_s_syntax_checker"/>
    <testcase time="0.000999999999976353" classname="character(0)" name="all_link_files_pass_stan_s_syntax_checker"/>
    <testcase time="0.00100000000000477" classname="character(0)" name="all_link_files_pass_stan_s_syntax_checker"/>
    <testcase time="0.00100000000000477" classname="character(0)" name="all_link_files_pass_stan_s_syntax_checker"/>
    <testcase time="0.00100000000000477" classname="character(0)" name="all_link_files_pass_stan_s_syntax_checker"/>
  </testsuite>
  <testsuite name="LinkComponent" timestamp="2026-09-01T04:35:03Z" hostname="b181c4c3bc81" tests="2" skipped="0" failures="0" errors="0" time="0.003">
    <testcase time="0.00200000000000955" classname="character(0)" name="complete_models_with_links_pass_stan_s_syntax_checker"/>
    <testcase time="0.000999999999976353" classname="character(0)" name="complete_models_with_links_pass_stan_s_syntax_checker"/>
  </testsuite>
  <testsuite name="LinkComponent" timestamp="2026-09-01T04:35:03Z" hostname="b181c4c3bc81" tests="3" skipped="0" failures="0" errors="0" time="0.004">
    <testcase time="0.00200000000000955" classname="character(0)" name="LinkComponents_are_constructed_correctly_and_can_access_key_components"/>
    <testcase time="0.00100000000000477" classname="character(0)" name="LinkComponents_are_constructed_correctly_and_can_access_key_components"/>
    <testcase time="0.00100000000000477" classname="character(0)" name="LinkComponents_are_constructed_correctly_and_can_access_key_components"/>
  </testsuite>
  <testsuite name="LinkComponent" timestamp="2026-09-01T04:35:03Z" hostname="b181c4c3bc81" tests="6" skipped="0" failures="0" errors="0" time="0.005">
    <testcase time="0.00199999999998113" classname="character(0)" name="Model_specific_links_return_the_correct_stan_code"/>
    <testcase time="0.00100000000000477" classname="character(0)" name="Model_specific_links_return_the_correct_stan_code"/>
    <testcase time="0" classname="character(0)" name="Model_specific_links_return_the_correct_stan_code"/>
    <testcase time="0.00100000000000477" classname="character(0)" name="Model_specific_links_return_the_correct_stan_code"/>
    <testcase time="0.00100000000000477" classname="character(0)" name="Model_specific_links_return_the_correct_stan_code"/>
    <testcase time="0" classname="character(0)" name="Model_specific_links_return_the_correct_stan_code"/>
  </testsuite>
  <testsuite name="LinkComponent" timestamp="2026-09-01T04:35:03Z" hostname="b181c4c3bc81" tests="1" skipped="1" failures="0" errors="0" time="0.002">
    <testcase time="0.00200000000000955" classname="character(0)" name="print_works_as_expected">
      <skipped message="Reason: On CRAN ('test-LinkComponent.R:113:1')"/>
    </testcase>
  </testsuite>
  <testsuite name="LinkComponent" timestamp="2026-09-01T04:35:03Z" hostname="b181c4c3bc81" tests="4" skipped="0" failures="0" errors="0" time="0.012">
    <testcase time="0.00999999999999091" classname="character(0)" name="PromiseLinkComponents_work_as_expected"/>
    <testcase time="0.00100000000000477" classname="character(0)" name="PromiseLinkComponents_work_as_expected"/>
    <testcase time="0" classname="character(0)" name="PromiseLinkComponents_work_as_expected"/>
    <testcase time="0.00100000000000477" classname="character(0)" name="PromiseLinkComponents_work_as_expected"/>
  </testsuite>
  <testsuite name="Grid" timestamp="2026-09-01T04:36:23Z" hostname="b181c4c3bc81" tests="15" skipped="0" failures="0" errors="0" time="80.013">
    <testcase time="80.005" classname="character(0)" name="Grid_objects_work_with_QuantityGenerator_and_QuantityCollapser"/>
    <testcase time="0.00100000000000477" classname="character(0)" name="Grid_objects_work_with_QuantityGenerator_and_QuantityCollapser"/>
    <testcase time="0.000999999999976353" classname="character(0)" name="Grid_objects_work_with_QuantityGenerator_and_QuantityCollapser"/>
    <testcase time="0" classname="character(0)" name="Grid_objects_work_with_QuantityGenerator_and_QuantityCollapser"/>
    <testcase time="0.00100000000000477" classname="character(0)" name="Grid_objects_work_with_QuantityGenerator_and_QuantityCollapser"/>
    <testcase time="0" classname="character(0)" name="Grid_objects_work_with_QuantityGenerator_and_QuantityCollapser"/>
    <testcase time="0.00100000000000477" classname="character(0)" name="Grid_objects_work_with_QuantityGenerator_and_QuantityCollapser"/>
    <testcase time="0" classname="character(0)" name="Grid_objects_work_with_QuantityGenerator_and_QuantityCollapser"/>
    <testcase time="0.00100000000000477" classname="character(0)" name="Grid_objects_work_with_QuantityGenerator_and_QuantityCollapser"/>
    <testcase time="0" classname="character(0)" name="Grid_objects_work_with_QuantityGenerator_and_QuantityCollapser"/>
    <testcase time="0.00100000000000477" classname="character(0)" name="Grid_objects_work_with_QuantityGenerator_and_QuantityCollapser"/>
    <testcase time="0" classname="character(0)" name="Grid_objects_work_with_QuantityGenerator_and_QuantityCollapser"/>
    <testcase time="0.00100000000000477" classname="character(0)" name="Grid_objects_work_with_QuantityGenerator_and_QuantityCollapser"/>
    <testcase time="0" classname="character(0)" name="Grid_objects_work_with_QuantityGenerator_and_QuantityCollapser"/>
    <testcase time="0.000999999999976353" classname="character(0)" name="Grid_objects_work_with_QuantityGenerator_and_QuantityCollapser"/>
  </testsuite>
  <testsuite name="Grid" timestamp="2026-09-01T04:36:23Z" hostname="b181c4c3bc81" tests="11" skipped="0" failures="0" errors="0" time="0.006">
    <testcase time="0.00100000000000477" classname="character(0)" name="GridObservered_Constructs_correct_quantities"/>
    <testcase time="0.00100000000000477" classname="character(0)" name="GridObservered_Constructs_correct_quantities"/>
    <testcase time="0" classname="character(0)" name="GridObservered_Constructs_correct_quantities"/>
    <testcase time="0.00100000000000477" classname="character(0)" name="GridObservered_Constructs_correct_quantities"/>
    <testcase time="0" classname="character(0)" name="GridObservered_Constructs_correct_quantities"/>
    <testcase time="0.00100000000000477" classname="character(0)" name="GridObservered_Constructs_correct_quantities"/>
    <testcase time="0" classname="character(0)" name="GridObservered_Constructs_correct_quantities"/>
    <testcase time="0.00100000000000477" classname="character(0)" name="GridObservered_Constructs_correct_quantities"/>
    <testcase time="0" classname="character(0)" name="GridObservered_Constructs_correct_quantities"/>
    <testcase time="0.000999999999976353" classname="character(0)" name="GridObservered_Constructs_correct_quantities"/>
    <testcase time="0" classname="character(0)" name="GridObservered_Constructs_correct_quantities"/>
  </testsuite>
  <testsuite name="Grid" timestamp="2026-09-01T04:36:23Z" hostname="b181c4c3bc81" tests="4" skipped="0" failures="0" errors="0" time="0.003">
    <testcase time="0.00200000000000955" classname="character(0)" name="subjects_to_list_works_as_expected"/>
    <testcase time="0" classname="character(0)" name="subjects_to_list_works_as_expected"/>
    <testcase time="0.00100000000000477" classname="character(0)" name="subjects_to_list_works_as_expected"/>
    <testcase time="0" classname="character(0)" name="subjects_to_list_works_as_expected"/>
  </testsuite>
  <testsuite name="Grid" timestamp="2026-09-01T04:36:23Z" hostname="b181c4c3bc81" tests="4" skipped="0" failures="0" errors="0" time="0.003">
    <testcase time="0.00100000000000477" classname="character(0)" name="coalesceGridTime_works_as_expected"/>
    <testcase time="0.00100000000000477" classname="character(0)" name="coalesceGridTime_works_as_expected"/>
    <testcase time="0" classname="character(0)" name="coalesceGridTime_works_as_expected"/>
    <testcase time="0.000999999999976353" classname="character(0)" name="coalesceGridTime_works_as_expected"/>
  </testsuite>
  <testsuite name="Grid" timestamp="2026-09-01T04:36:23Z" hostname="b181c4c3bc81" tests="5" skipped="0" failures="0" errors="0" time="0.003">
    <testcase time="0.00100000000000477" classname="character(0)" name="GridPopulation_works_as_expected_for_GSF_models"/>
    <testcase time="0.00100000000000477" classname="character(0)" name="GridPopulation_works_as_expected_for_GSF_models"/>
    <testcase time="0" classname="character(0)" name="GridPopulation_works_as_expected_for_GSF_models"/>
    <testcase time="0.00100000000000477" classname="character(0)" name="GridPopulation_works_as_expected_for_GSF_models"/>
    <testcase time="0" classname="character(0)" name="GridPopulation_works_as_expected_for_GSF_models"/>
  </testsuite>
  <testsuite name="Grid" timestamp="2026-09-01T04:36:23Z" hostname="b181c4c3bc81" tests="5" skipped="0" failures="0" errors="0" time="0.004">
    <testcase time="0.00200000000000955" classname="character(0)" name="GridPopulation_works_as_expected_for_Longitudinal_models"/>
    <testcase time="0" classname="character(0)" name="GridPopulation_works_as_expected_for_Longitudinal_models"/>
    <testcase time="0.000999999999976353" classname="character(0)" name="GridPopulation_works_as_expected_for_Longitudinal_models"/>
    <testcase time="0" classname="character(0)" name="GridPopulation_works_as_expected_for_Longitudinal_models"/>
    <testcase time="0.00100000000000477" classname="character(0)" name="GridPopulation_works_as_expected_for_Longitudinal_models"/>
  </testsuite>
  <testsuite name="Grid" timestamp="2026-09-01T04:36:23Z" hostname="b181c4c3bc81" tests="1" skipped="0" failures="0" errors="0" time="0.001">
    <testcase time="0.00100000000000477" classname="character(0)" name="GridPopulation_doesn_t_work_with_SurvivalQuantities"/>
  </testsuite>
  <testsuite name="Grid" timestamp="2026-09-01T04:36:23Z" hostname="b181c4c3bc81" tests="1" skipped="0" failures="0" errors="0" time="0.001">
    <testcase time="0.00100000000000477" classname="character(0)" name="GridFixed_bug_has_been_fixed"/>
  </testsuite>
  <testsuite name="LongitudinalGSF" timestamp="2026-09-01T05:09:54Z" hostname="b181c4c3bc81" tests="2" skipped="0" failures="0" errors="0" time="2010.825">
    <testcase time="2010.825" classname="character(0)" name="LongitudinalGSF_works_as_expected_with_default_arguments"/>
    <testcase time="0" classname="character(0)" name="LongitudinalGSF_works_as_expected_with_default_arguments"/>
  </testsuite>
  <testsuite name="LongitudinalGSF" timestamp="2026-09-01T05:09:54Z" hostname="b181c4c3bc81" tests="1" skipped="1" failures="0" errors="0" time="0.002">
    <testcase time="0.00200000000040745" classname="character(0)" name="Print_method_for_LongitudinalGSF_works_as_expected">
      <skipped message="Reason: On CRAN ('test-LongitudinalGSF.R:9:1')"/>
    </testcase>
  </testsuite>
  <testsuite name="LongitudinalGSF" timestamp="2026-09-01T05:09:54Z" hostname="b181c4c3bc81" tests="3" skipped="0" failures="0" errors="0" time="0.011">
    <testcase time="0.00999999999976353" classname="character(0)" name="Centralised_parameterisation_compiles_without_issues"/>
    <testcase time="0.00100000000020373" classname="character(0)" name="Centralised_parameterisation_compiles_without_issues"/>
    <testcase time="0" classname="character(0)" name="Centralised_parameterisation_compiles_without_issues"/>
  </testsuite>
  <testsuite name="LongitudinalGSF" timestamp="2026-09-01T05:09:54Z" hostname="b181c4c3bc81" tests="3" skipped="0" failures="0" errors="0" time="0.002">
    <testcase time="0.000999999999748979" classname="character(0)" name="Non_Centralised_parameterisation_compiles_without_issues"/>
    <testcase time="0.00100000000020373" classname="character(0)" name="Non_Centralised_parameterisation_compiles_without_issues"/>
    <testcase time="0" classname="character(0)" name="Non_Centralised_parameterisation_compiles_without_issues"/>
  </testsuite>
  <testsuite name="LongitudinalGSF" timestamp="2026-09-01T05:09:54Z" hostname="b181c4c3bc81" tests="4" skipped="0" failures="0" errors="0" time="0.003">
    <testcase time="0.00199999999995271" classname="character(0)" name="Can_load_and_compile_growth_shrinkage_links"/>
    <testcase time="0" classname="character(0)" name="Can_load_and_compile_growth_shrinkage_links"/>
    <testcase time="0.000999999999748979" classname="character(0)" name="Can_load_and_compile_growth_shrinkage_links"/>
    <testcase time="0" classname="character(0)" name="Can_load_and_compile_growth_shrinkage_links"/>
  </testsuite>
  <testsuite name="LongitudinalGSF" timestamp="2026-09-01T05:09:54Z" hostname="b181c4c3bc81" tests="9" skipped="0" failures="0" errors="0" time="0.005">
    <testcase time="0.00100000000020373" classname="character(0)" name="Can_recover_known_distributional_parameters_from_a_full_GSF_joint_model"/>
    <testcase time="0.000999999999748979" classname="character(0)" name="Can_recover_known_distributional_parameters_from_a_full_GSF_joint_model"/>
    <testcase time="0" classname="character(0)" name="Can_recover_known_distributional_parameters_from_a_full_GSF_joint_model"/>
    <testcase time="0.00100000000020373" classname="character(0)" name="Can_recover_known_distributional_parameters_from_a_full_GSF_joint_model"/>
    <testcase time="0" classname="character(0)" name="Can_recover_known_distributional_parameters_from_a_full_GSF_joint_model"/>
    <testcase time="0.00100000000020373" classname="character(0)" name="Can_recover_known_distributional_parameters_from_a_full_GSF_joint_model"/>
    <testcase time="0" classname="character(0)" name="Can_recover_known_distributional_parameters_from_a_full_GSF_joint_model"/>
    <testcase time="0.000999999999748979" classname="character(0)" name="Can_recover_known_distributional_parameters_from_a_full_GSF_joint_model"/>
    <testcase time="0" classname="character(0)" name="Can_recover_known_distributional_parameters_from_a_full_GSF_joint_model"/>
  </testsuite>
  <testsuite name="LongitudinalGSF" timestamp="2026-09-01T05:09:54Z" hostname="b181c4c3bc81" tests="2" skipped="0" failures="0" errors="0" time="0.002">
    <testcase time="0.00199999999995271" classname="character(0)" name="Quantity_models_pass_the_parser"/>
    <testcase time="0" classname="character(0)" name="Quantity_models_pass_the_parser"/>
  </testsuite>
  <testsuite name="LongitudinalGSF" timestamp="2026-09-01T05:09:54Z" hostname="b181c4c3bc81" tests="7" skipped="0" failures="0" errors="0" time="0.004">
    <testcase time="0.00100000000020373" classname="character(0)" name="Can_generate_valid_initial_values"/>
    <testcase time="0.000999999999748979" classname="character(0)" name="Can_generate_valid_initial_values"/>
    <testcase time="0" classname="character(0)" name="Can_generate_valid_initial_values"/>
    <testcase time="0.00100000000020373" classname="character(0)" name="Can_generate_valid_initial_values"/>
    <testcase time="0" classname="character(0)" name="Can_generate_valid_initial_values"/>
    <testcase time="0.000999999999748979" classname="character(0)" name="Can_generate_valid_initial_values"/>
    <testcase time="0" classname="character(0)" name="Can_generate_valid_initial_values"/>
  </testsuite>
  <testsuite name="LongitudinalGSF" timestamp="2026-09-01T05:09:54Z" hostname="b181c4c3bc81" tests="1" skipped="0" failures="0" errors="0" time="0.002">
    <testcase time="0.00200000000040745" classname="character(0)" name="Unscaled_variance_GSF_mode_pass_the_parser"/>
  </testsuite>
  <testsuite name="LongitudinalGSF" timestamp="2026-09-01T05:09:54Z" hostname="b181c4c3bc81" tests="3" skipped="0" failures="0" errors="0" time="0.001">
    <testcase time="0.000999999999748979" classname="character(0)" name="Can_recover_known_distributional_parameters_from_unscaled_variance_GSF_model"/>
    <testcase time="0" classname="character(0)" name="Can_recover_known_distributional_parameters_from_unscaled_variance_GSF_model"/>
    <testcase time="0" classname="character(0)" name="Can_recover_known_distributional_parameters_from_unscaled_variance_GSF_model"/>
  </testsuite>
  <testsuite name="LongitudinalQuantiles" timestamp="2026-09-01T05:10:40Z" hostname="b181c4c3bc81" tests="10" skipped="0" failures="0" errors="0" time="46.443">
    <testcase time="46.4339999999997" classname="character(0)" name="Test_that_LongitudinalQuantities_works_as_expected"/>
    <testcase time="0.00100000000020373" classname="character(0)" name="Test_that_LongitudinalQuantities_works_as_expected"/>
    <testcase time="0.000999999999748979" classname="character(0)" name="Test_that_LongitudinalQuantities_works_as_expected"/>
    <testcase time="0.00100000000020373" classname="character(0)" name="Test_that_LongitudinalQuantities_works_as_expected"/>
    <testcase time="0.000999999999748979" classname="character(0)" name="Test_that_LongitudinalQuantities_works_as_expected"/>
    <testcase time="0.00100000000020373" classname="character(0)" name="Test_that_LongitudinalQuantities_works_as_expected"/>
    <testcase time="0.00100000000020373" classname="character(0)" name="Test_that_LongitudinalQuantities_works_as_expected"/>
    <testcase time="0.000999999999748979" classname="character(0)" name="Test_that_LongitudinalQuantities_works_as_expected"/>
    <testcase time="0.00100000000020373" classname="character(0)" name="Test_that_LongitudinalQuantities_works_as_expected"/>
    <testcase time="0.000999999999748979" classname="character(0)" name="Test_that_LongitudinalQuantities_works_as_expected"/>
  </testsuite>
  <testsuite name="LongitudinalQuantiles" timestamp="2026-09-01T05:10:40Z" hostname="b181c4c3bc81" tests="15" skipped="0" failures="0" errors="0" time="0.014">
    <testcase time="0.00199999999995271" classname="character(0)" name="autoplot.LongitudinalQuantities_works_as_expected"/>
    <testcase time="0.00100000000020373" classname="character(0)" name="autoplot.LongitudinalQuantities_works_as_expected"/>
    <testcase time="0.000999999999748979" classname="character(0)" name="autoplot.LongitudinalQuantities_works_as_expected"/>
    <testcase time="0.00100000000020373" classname="character(0)" name="autoplot.LongitudinalQuantities_works_as_expected"/>
    <testcase time="0" classname="character(0)" name="autoplot.LongitudinalQuantities_works_as_expected"/>
    <testcase time="0.000999999999748979" classname="character(0)" name="autoplot.LongitudinalQuantities_works_as_expected"/>
    <testcase time="0.00100000000020373" classname="character(0)" name="autoplot.LongitudinalQuantities_works_as_expected"/>
    <testcase time="0.00100000000020373" classname="character(0)" name="autoplot.LongitudinalQuantities_works_as_expected"/>
    <testcase time="0.000999999999748979" classname="character(0)" name="autoplot.LongitudinalQuantities_works_as_expected"/>
    <testcase time="0.00100000000020373" classname="character(0)" name="autoplot.LongitudinalQuantities_works_as_expected"/>
    <testcase time="0.000999999999748979" classname="character(0)" name="autoplot.LongitudinalQuantities_works_as_expected"/>
    <testcase time="0.00100000000020373" classname="character(0)" name="autoplot.LongitudinalQuantities_works_as_expected"/>
    <testcase time="0.000999999999748979" classname="character(0)" name="autoplot.LongitudinalQuantities_works_as_expected"/>
    <testcase time="0.00100000000020373" classname="character(0)" name="autoplot.LongitudinalQuantities_works_as_expected"/>
    <testcase time="0" classname="character(0)" name="autoplot.LongitudinalQuantities_works_as_expected"/>
  </testsuite>
  <testsuite name="LongitudinalQuantiles" timestamp="2026-09-01T05:10:40Z" hostname="b181c4c3bc81" tests="1" skipped="1" failures="0" errors="0" time="0.003">
    <testcase time="0.00300000000015643" classname="character(0)" name="LongitudinalQuantities_print_method_works_as_expected">
      <skipped message="Reason: On CRAN ('test-LongitudinalQuantiles.R:83:1')"/>
    </testcase>
  </testsuite>
  <testsuite name="LongitudinalQuantiles" timestamp="2026-09-01T05:10:40Z" hostname="b181c4c3bc81" tests="1" skipped="0" failures="0" errors="0" time="0.017">
    <testcase time="0.0169999999998254" classname="character(0)" name="LongitudinalQuantities_can_recover_known_results"/>
  </testsuite>
  <testsuite name="LongitudinalQuantiles" timestamp="2026-09-01T05:10:40Z" hostname="b181c4c3bc81" tests="1" skipped="0" failures="0" errors="0" time="0.002">
    <testcase time="0.00199999999995271" classname="character(0)" name="LongitudinalQuantities_correctly_subsets_subjects_and_rebuilds_correct_value_for_each_sample"/>
  </testsuite>
  <testsuite name="LongitudinalRandomEffects" timestamp="2026-09-01T05:12:21Z" hostname="b181c4c3bc81" tests="4" skipped="0" failures="0" errors="0" time="100.511">
    <testcase time="100.509" classname="character(0)" name="LongitudinalRandomEffects_works_as_expected"/>
    <testcase time="0.00100000000020373" classname="character(0)" name="LongitudinalRandomEffects_works_as_expected"/>
    <testcase time="0" classname="character(0)" name="LongitudinalRandomEffects_works_as_expected"/>
    <testcase time="0.000999999999748979" classname="character(0)" name="LongitudinalRandomEffects_works_as_expected"/>
  </testsuite>
  <testsuite name="LongitudinalRandomSlope" timestamp="2026-09-01T05:13:44Z" hostname="b181c4c3bc81" tests="1" skipped="1" failures="0" errors="0" time="82.961">
    <testcase time="82.9610000000002" classname="character(0)" name="Print_method_for_LongitudinalRandomSlope_works_as_expected">
      <skipped message="Reason: On CRAN ('test-LongitudinalRandomSlope.R:1:1')"/>
    </testcase>
  </testsuite>
  <testsuite name="LongitudinalRandomSlope" timestamp="2026-09-01T05:13:44Z" hostname="b181c4c3bc81" tests="1" skipped="0" failures="0" errors="0" time="0.017">
    <testcase time="0.0169999999998254" classname="character(0)" name="LongitudinalRandomSlope_correctly_generates_an_intercept_per_study"/>
  </testsuite>
  <testsuite name="LongitudinalRandomSlope" timestamp="2026-09-01T05:13:44Z" hostname="b181c4c3bc81" tests="2" skipped="0" failures="0" errors="0" time="0.003">
    <testcase time="0.00199999999995271" classname="character(0)" name="Random_Slope_Model_can_recover_known_parameter_values"/>
    <testcase time="0.00100000000020373" classname="character(0)" name="Random_Slope_Model_can_recover_known_parameter_values"/>
  </testsuite>
  <testsuite name="LongitudinalRandomSlope" timestamp="2026-09-01T05:13:44Z" hostname="b181c4c3bc81" tests="2" skipped="0" failures="0" errors="0" time="0.003">
    <testcase time="0.00199999999995271" classname="character(0)" name="Random_Slope_Model_left_censoring_works_as_expected"/>
    <testcase time="0.000999999999748979" classname="character(0)" name="Random_Slope_Model_left_censoring_works_as_expected"/>
  </testsuite>
  <testsuite name="LongitudinalRandomSlope" timestamp="2026-09-01T05:13:44Z" hostname="b181c4c3bc81" tests="2" skipped="0" failures="0" errors="0" time="0.003">
    <testcase time="0.00199999999995271" classname="character(0)" name="Quantity_models_pass_the_parser"/>
    <testcase time="0.00100000000020373" classname="character(0)" name="Quantity_models_pass_the_parser"/>
  </testsuite>
  <testsuite name="LongitudinalRandomSlope" timestamp="2026-09-01T05:13:44Z" hostname="b181c4c3bc81" tests="4" skipped="0" failures="0" errors="0" time="0.005">
    <testcase time="0.00199999999995271" classname="character(0)" name="Can_generate_valid_initial_values"/>
    <testcase time="0.00100000000020373" classname="character(0)" name="Can_generate_valid_initial_values"/>
    <testcase time="0.000999999999748979" classname="character(0)" name="Can_generate_valid_initial_values"/>
    <testcase time="0.00100000000020373" classname="character(0)" name="Can_generate_valid_initial_values"/>
  </testsuite>
  <testsuite name="LongitudinalSteinFojo" timestamp="2026-09-01T05:47:11Z" hostname="b181c4c3bc81" tests="2" skipped="0" failures="0" errors="0" time="2007.758">
    <testcase time="2007.757" classname="character(0)" name="LongitudinalSteinFojo_works_as_expected_with_default_arguments"/>
    <testcase time="0.00100000000020373" classname="character(0)" name="LongitudinalSteinFojo_works_as_expected_with_default_arguments"/>
  </testsuite>
  <testsuite name="LongitudinalSteinFojo" timestamp="2026-09-01T05:47:11Z" hostname="b181c4c3bc81" tests="1" skipped="1" failures="0" errors="0" time="0.002">
    <testcase time="0.00200000000040745" classname="character(0)" name="Print_method_for_LongitudinalSteinFojo_works_as_expected">
      <skipped message="Reason: On CRAN ('test-LongitudinalSteinFojo.R:7:1')"/>
    </testcase>
  </testsuite>
  <testsuite name="LongitudinalSteinFojo" timestamp="2026-09-01T05:47:11Z" hostname="b181c4c3bc81" tests="3" skipped="0" failures="0" errors="0" time="0.019">
    <testcase time="0.0169999999998254" classname="character(0)" name="Centralised_parameterisation_compiles_without_issues"/>
    <testcase time="0.00100000000020373" classname="character(0)" name="Centralised_parameterisation_compiles_without_issues"/>
    <testcase time="0.000999999999294232" classname="character(0)" name="Centralised_parameterisation_compiles_without_issues"/>
  </testsuite>
  <testsuite name="LongitudinalSteinFojo" timestamp="2026-09-01T05:47:11Z" hostname="b181c4c3bc81" tests="3" skipped="0" failures="0" errors="0" time="0.004">
    <testcase time="0.00200000000040745" classname="character(0)" name="Non_Centralised_parameterisation_compiles_without_issues"/>
    <testcase time="0.00100000000020373" classname="character(0)" name="Non_Centralised_parameterisation_compiles_without_issues"/>
    <testcase time="0.00100000000020373" classname="character(0)" name="Non_Centralised_parameterisation_compiles_without_issues"/>
  </testsuite>
  <testsuite name="LongitudinalSteinFojo" timestamp="2026-09-01T05:47:11Z" hostname="b181c4c3bc81" tests="3" skipped="0" failures="0" errors="0" time="0.004">
    <testcase time="0.00199999999949796" classname="character(0)" name="Centralised_parameterisation_compiles_without_issues"/>
    <testcase time="0.00100000000020373" classname="character(0)" name="Centralised_parameterisation_compiles_without_issues"/>
    <testcase time="0.00100000000020373" classname="character(0)" name="Centralised_parameterisation_compiles_without_issues"/>
  </testsuite>
  <testsuite name="LongitudinalSteinFojo" timestamp="2026-09-01T05:47:11Z" hostname="b181c4c3bc81" tests="3" skipped="0" failures="0" errors="0" time="0.004">
    <testcase time="0.00199999999949796" classname="character(0)" name="Non_Centralised_parameterisation_compiles_without_issues"/>
    <testcase time="0.00100000000020373" classname="character(0)" name="Non_Centralised_parameterisation_compiles_without_issues"/>
    <testcase time="0.00100000000020373" classname="character(0)" name="Non_Centralised_parameterisation_compiles_without_issues"/>
  </testsuite>
  <testsuite name="LongitudinalSteinFojo" timestamp="2026-09-01T05:47:11Z" hostname="b181c4c3bc81" tests="4" skipped="0" failures="0" errors="0" time="0.005">
    <testcase time="0.00199999999949796" classname="character(0)" name="Can_load_and_compile_growth_shrinkage_links"/>
    <testcase time="0.00100000000020373" classname="character(0)" name="Can_load_and_compile_growth_shrinkage_links"/>
    <testcase time="0.00100000000020373" classname="character(0)" name="Can_load_and_compile_growth_shrinkage_links"/>
    <testcase time="0.00100000000020373" classname="character(0)" name="Can_load_and_compile_growth_shrinkage_links"/>
  </testsuite>
  <testsuite name="LongitudinalSteinFojo" timestamp="2026-09-01T05:47:11Z" hostname="b181c4c3bc81" tests="9" skipped="0" failures="0" errors="0" time="0.015">
    <testcase time="0.00199999999949796" classname="character(0)" name="Can_recover_known_distributional_parameters_from_a_SF_joint_model"/>
    <testcase time="0.00100000000020373" classname="character(0)" name="Can_recover_known_distributional_parameters_from_a_SF_joint_model"/>
    <testcase time="0.00100000000020373" classname="character(0)" name="Can_recover_known_distributional_parameters_from_a_SF_joint_model"/>
    <testcase time="0.000999999999294232" classname="character(0)" name="Can_recover_known_distributional_parameters_from_a_SF_joint_model"/>
    <testcase time="0.00100000000020373" classname="character(0)" name="Can_recover_known_distributional_parameters_from_a_SF_joint_model"/>
    <testcase time="0.00600000000031287" classname="character(0)" name="Can_recover_known_distributional_parameters_from_a_SF_joint_model"/>
    <testcase time="0.00100000000020373" classname="character(0)" name="Can_recover_known_distributional_parameters_from_a_SF_joint_model"/>
    <testcase time="0.000999999999294232" classname="character(0)" name="Can_recover_known_distributional_parameters_from_a_SF_joint_model"/>
    <testcase time="0.00100000000020373" classname="character(0)" name="Can_recover_known_distributional_parameters_from_a_SF_joint_model"/>
  </testsuite>
  <testsuite name="LongitudinalSteinFojo" timestamp="2026-09-01T05:47:11Z" hostname="b181c4c3bc81" tests="6" skipped="0" failures="0" errors="0" time="0.006">
    <testcase time="0.00200000000040745" classname="character(0)" name="Can_recover_known_distributional_parameters_from_a_SF_joint_model_with_growth_link"/>
    <testcase time="0.00100000000020373" classname="character(0)" name="Can_recover_known_distributional_parameters_from_a_SF_joint_model_with_growth_link"/>
    <testcase time="0.000999999999294232" classname="character(0)" name="Can_recover_known_distributional_parameters_from_a_SF_joint_model_with_growth_link"/>
    <testcase time="0.00100000000020373" classname="character(0)" name="Can_recover_known_distributional_parameters_from_a_SF_joint_model_with_growth_link"/>
    <testcase time="0" classname="character(0)" name="Can_recover_known_distributional_parameters_from_a_SF_joint_model_with_growth_link"/>
    <testcase time="0.00100000000020373" classname="character(0)" name="Can_recover_known_distributional_parameters_from_a_SF_joint_model_with_growth_link"/>
  </testsuite>
  <testsuite name="LongitudinalSteinFojo" timestamp="2026-09-01T05:47:11Z" hostname="b181c4c3bc81" tests="2" skipped="0" failures="0" errors="0" time="0.003">
    <testcase time="0.00199999999949796" classname="character(0)" name="Quantity_models_pass_the_parser"/>
    <testcase time="0.00100000000020373" classname="character(0)" name="Quantity_models_pass_the_parser"/>
  </testsuite>
  <testsuite name="LongitudinalSteinFojo" timestamp="2026-09-01T05:47:11Z" hostname="b181c4c3bc81" tests="6" skipped="0" failures="0" errors="0" time="0.007">
    <testcase time="0.00200000000040745" classname="character(0)" name="Can_generate_valid_initial_values"/>
    <testcase time="0.00100000000020373" classname="character(0)" name="Can_generate_valid_initial_values"/>
    <testcase time="0.000999999999294232" classname="character(0)" name="Can_generate_valid_initial_values"/>
    <testcase time="0.00100000000020373" classname="character(0)" name="Can_generate_valid_initial_values"/>
    <testcase time="0.00100000000020373" classname="character(0)" name="Can_generate_valid_initial_values"/>
    <testcase time="0.00100000000020373" classname="character(0)" name="Can_generate_valid_initial_values"/>
  </testsuite>
  <testsuite name="LongitudinalSteinFojo" timestamp="2026-09-01T05:47:11Z" hostname="b181c4c3bc81" tests="1" skipped="0" failures="0" errors="0" time="0.002">
    <testcase time="0.00199999999949796" classname="character(0)" name="Scaled_variance_SF_mode_pass_the_parser"/>
  </testsuite>
  <testsuite name="LongitudinalSteinFojo" timestamp="2026-09-01T05:47:11Z" hostname="b181c4c3bc81" tests="3" skipped="0" failures="0" errors="0" time="0.004">
    <testcase time="0.00200000000040745" classname="character(0)" name="Can_recover_known_distributional_parameters_from_unscaled_variance_SF_model"/>
    <testcase time="0.00100000000020373" classname="character(0)" name="Can_recover_known_distributional_parameters_from_unscaled_variance_SF_model"/>
    <testcase time="0.000999999999294232" classname="character(0)" name="Can_recover_known_distributional_parameters_from_unscaled_variance_SF_model"/>
  </testsuite>
  <testsuite name="Parameter" timestamp="2026-09-01T05:47:12Z" hostname="b181c4c3bc81" tests="2" skipped="0" failures="0" errors="0" time="0.196">
    <testcase time="0.195000000000618" classname="character(0)" name="Parameters_smoke_tests"/>
    <testcase time="0.000999999999294232" classname="character(0)" name="Parameters_smoke_tests"/>
  </testsuite>
  <testsuite name="Parameter" timestamp="2026-09-01T05:47:12Z" hostname="b181c4c3bc81" tests="8" skipped="0" failures="0" errors="0" time="0.009">
    <testcase time="0.00200000000040745" classname="character(0)" name="Parameter_declaration_helpers_render_Stan_code"/>
    <testcase time="0.00100000000020373" classname="character(0)" name="Parameter_declaration_helpers_render_Stan_code"/>
    <testcase time="0.00100000000020373" classname="character(0)" name="Parameter_declaration_helpers_render_Stan_code"/>
    <testcase time="0.000999999999294232" classname="character(0)" name="Parameter_declaration_helpers_render_Stan_code"/>
    <testcase time="0.00100000000020373" classname="character(0)" name="Parameter_declaration_helpers_render_Stan_code"/>
    <testcase time="0.00100000000020373" classname="character(0)" name="Parameter_declaration_helpers_render_Stan_code"/>
    <testcase time="0.00100000000020373" classname="character(0)" name="Parameter_declaration_helpers_render_Stan_code"/>
    <testcase time="0.000999999999294232" classname="character(0)" name="Parameter_declaration_helpers_render_Stan_code"/>
  </testsuite>
  <testsuite name="Parameter" timestamp="2026-09-01T05:47:12Z" hostname="b181c4c3bc81" tests="6" skipped="0" failures="0" errors="0" time="0.006">
    <testcase time="0.00200000000040745" classname="character(0)" name="Parameter_declaration_blocks_depend_on_prior_const"/>
    <testcase time="0.00100000000020373" classname="character(0)" name="Parameter_declaration_blocks_depend_on_prior_const"/>
    <testcase time="0.000999999999294232" classname="character(0)" name="Parameter_declaration_blocks_depend_on_prior_const"/>
    <testcase time="0" classname="character(0)" name="Parameter_declaration_blocks_depend_on_prior_const"/>
    <testcase time="0.00100000000020373" classname="character(0)" name="Parameter_declaration_blocks_depend_on_prior_const"/>
    <testcase time="0.00100000000020373" classname="character(0)" name="Parameter_declaration_blocks_depend_on_prior_const"/>
  </testsuite>
  <testsuite name="Parameter" timestamp="2026-09-01T05:47:12Z" hostname="b181c4c3bc81" tests="1" skipped="1" failures="0" errors="0" time="0.002">
    <testcase time="0.00200000000040745" classname="character(0)" name="show_works_for_Paramneter_objects">
      <skipped message="Reason: On CRAN ('test-Parameter.R:113:1')"/>
    </testcase>
  </testsuite>
  <testsuite name="ParameterList" timestamp="2026-09-01T05:47:12Z" hostname="b181c4c3bc81" tests="4" skipped="0" failures="0" errors="0" time="0.198">
    <testcase time="0.194999999999709" classname="character(0)" name="ParameterList_smoke_tests"/>
    <testcase time="0.00100000000020373" classname="character(0)" name="ParameterList_smoke_tests"/>
    <testcase time="0.000999999999294232" classname="character(0)" name="ParameterList_smoke_tests"/>
    <testcase time="0.00100000000020373" classname="character(0)" name="ParameterList_smoke_tests"/>
  </testsuite>
  <testsuite name="ParameterList" timestamp="2026-09-01T05:47:12Z" hostname="b181c4c3bc81" tests="1" skipped="1" failures="0" errors="0" time="0.002">
    <testcase time="0.00200000000040745" classname="character(0)" name="show_works_for_ParameterList_objects">
      <skipped message="Reason: On CRAN ('test-ParameterList.R:40:1')"/>
    </testcase>
  </testsuite>
  <testsuite name="Prior" timestamp="2026-09-01T05:47:14Z" hostname="b181c4c3bc81" tests="8" skipped="0" failures="0" errors="0" time="1.795">
    <testcase time="1.78799999999956" classname="character(0)" name="Priors_work_as_expected"/>
    <testcase time="0.00100000000020373" classname="character(0)" name="Priors_work_as_expected"/>
    <testcase time="0.00100000000020373" classname="character(0)" name="Priors_work_as_expected"/>
    <testcase time="0.00100000000020373" classname="character(0)" name="Priors_work_as_expected"/>
    <testcase time="0.000999999999294232" classname="character(0)" name="Priors_work_as_expected"/>
    <testcase time="0.00100000000020373" classname="character(0)" name="Priors_work_as_expected"/>
    <testcase time="0.00100000000020373" classname="character(0)" name="Priors_work_as_expected"/>
    <testcase time="0.00100000000020373" classname="character(0)" name="Priors_work_as_expected"/>
  </testsuite>
  <testsuite name="Prior" timestamp="2026-09-01T05:47:14Z" hostname="b181c4c3bc81" tests="16" skipped="0" failures="0" errors="0" time="0.015">
    <testcase time="0.00199999999949796" classname="character(0)" name="Invalid_prior_parameters_are_rejected"/>
    <testcase time="0.00100000000020373" classname="character(0)" name="Invalid_prior_parameters_are_rejected"/>
    <testcase time="0.00100000000020373" classname="character(0)" name="Invalid_prior_parameters_are_rejected"/>
    <testcase time="0.00100000000020373" classname="character(0)" name="Invalid_prior_parameters_are_rejected"/>
    <testcase time="0.000999999999294232" classname="character(0)" name="Invalid_prior_parameters_are_rejected"/>
    <testcase time="0.00100000000020373" classname="character(0)" name="Invalid_prior_parameters_are_rejected"/>
    <testcase time="0" classname="character(0)" name="Invalid_prior_parameters_are_rejected"/>
    <testcase time="0.00100000000020373" classname="character(0)" name="Invalid_prior_parameters_are_rejected"/>
    <testcase time="0.00100000000020373" classname="character(0)" name="Invalid_prior_parameters_are_rejected"/>
    <testcase time="0.000999999999294232" classname="character(0)" name="Invalid_prior_parameters_are_rejected"/>
    <testcase time="0.00100000000020373" classname="character(0)" name="Invalid_prior_parameters_are_rejected"/>
    <testcase time="0.00100000000020373" classname="character(0)" name="Invalid_prior_parameters_are_rejected"/>
    <testcase time="0" classname="character(0)" name="Invalid_prior_parameters_are_rejected"/>
    <testcase time="0.00100000000020373" classname="character(0)" name="Invalid_prior_parameters_are_rejected"/>
    <testcase time="0.00100000000020373" classname="character(0)" name="Invalid_prior_parameters_are_rejected"/>
    <testcase time="0.000999999999294232" classname="character(0)" name="Invalid_prior_parameters_are_rejected"/>
  </testsuite>
  <testsuite name="Prior" timestamp="2026-09-01T05:47:14Z" hostname="b181c4c3bc81" tests="8" skipped="0" failures="0" errors="0" time="0.008">
    <testcase time="0.00200000000040745" classname="character(0)" name="prior_const_works_as_expected"/>
    <testcase time="0.00100000000020373" classname="character(0)" name="prior_const_works_as_expected"/>
    <testcase time="0.000999999999294232" classname="character(0)" name="prior_const_works_as_expected"/>
    <testcase time="0.00100000000020373" classname="character(0)" name="prior_const_works_as_expected"/>
    <testcase time="0" classname="character(0)" name="prior_const_works_as_expected"/>
    <testcase time="0.00100000000020373" classname="character(0)" name="prior_const_works_as_expected"/>
    <testcase time="0.00100000000020373" classname="character(0)" name="prior_const_works_as_expected"/>
    <testcase time="0.00100000000020373" classname="character(0)" name="prior_const_works_as_expected"/>
  </testsuite>
  <testsuite name="Prior" timestamp="2026-09-01T05:47:14Z" hostname="b181c4c3bc81" tests="7" skipped="0" failures="0" errors="0" time="0.006">
    <testcase time="0.00199999999949796" classname="character(0)" name="prior_const_vector_works_as_expected"/>
    <testcase time="0.00100000000020373" classname="character(0)" name="prior_const_vector_works_as_expected"/>
    <testcase time="0.00100000000020373" classname="character(0)" name="prior_const_vector_works_as_expected"/>
    <testcase time="0.000999999999294232" classname="character(0)" name="prior_const_vector_works_as_expected"/>
    <testcase time="0.00100000000020373" classname="character(0)" name="prior_const_vector_works_as_expected"/>
    <testcase time="0" classname="character(0)" name="prior_const_vector_works_as_expected"/>
    <testcase time="0" classname="character(0)" name="prior_const_vector_works_as_expected"/>
  </testsuite>
  <testsuite name="Prior" timestamp="2026-09-01T05:47:14Z" hostname="b181c4c3bc81" tests="1" skipped="1" failures="0" errors="0" time="0.003">
    <testcase time="0.00299999999970169" classname="character(0)" name="show_works_for_Prior_objects">
      <skipped message="Reason: On CRAN ('test-Prior.R:208:1')"/>
    </testcase>
  </testsuite>
  <testsuite name="Prior" timestamp="2026-09-01T05:47:14Z" hostname="b181c4c3bc81" tests="3" skipped="0" failures="0" errors="0" time="0.02">
    <testcase time="0.0180000000000291" classname="character(0)" name="jmpost.prior_shrinkage_works_as_expected"/>
    <testcase time="0.00100000000020373" classname="character(0)" name="jmpost.prior_shrinkage_works_as_expected"/>
    <testcase time="0.00100000000020373" classname="character(0)" name="jmpost.prior_shrinkage_works_as_expected"/>
  </testsuite>
  <testsuite name="Prior" timestamp="2026-09-01T05:47:14Z" hostname="b181c4c3bc81" tests="7" skipped="0" failures="0" errors="0" time="0.008">
    <testcase time="0.00199999999949796" classname="character(0)" name="Limits_work_as_expected"/>
    <testcase time="0.00100000000020373" classname="character(0)" name="Limits_work_as_expected"/>
    <testcase time="0.00100000000020373" classname="character(0)" name="Limits_work_as_expected"/>
    <testcase time="0.00100000000020373" classname="character(0)" name="Limits_work_as_expected"/>
    <testcase time="0.00100000000020373" classname="character(0)" name="Limits_work_as_expected"/>
    <testcase time="0.000999999999294232" classname="character(0)" name="Limits_work_as_expected"/>
    <testcase time="0.00100000000020373" classname="character(0)" name="Limits_work_as_expected"/>
  </testsuite>
  <testsuite name="Prior" timestamp="2026-09-01T05:47:14Z" hostname="b181c4c3bc81" tests="32" skipped="0" failures="0" errors="0" time="0.027">
    <testcase time="0.00200000000040745" classname="character(0)" name="redundant_positive_support_prior_truncation_is_omitted"/>
    <testcase time="0.000999999999294232" classname="character(0)" name="redundant_positive_support_prior_truncation_is_omitted"/>
    <testcase time="0.00100000000020373" classname="character(0)" name="redundant_positive_support_prior_truncation_is_omitted"/>
    <testcase time="0" classname="character(0)" name="redundant_positive_support_prior_truncation_is_omitted"/>
    <testcase time="0.00100000000020373" classname="character(0)" name="redundant_positive_support_prior_truncation_is_omitted"/>
    <testcase time="0.00100000000020373" classname="character(0)" name="redundant_positive_support_prior_truncation_is_omitted"/>
    <testcase time="0.000999999999294232" classname="character(0)" name="redundant_positive_support_prior_truncation_is_omitted"/>
    <testcase time="0.00100000000020373" classname="character(0)" name="redundant_positive_support_prior_truncation_is_omitted"/>
    <testcase time="0.00100000000020373" classname="character(0)" name="redundant_positive_support_prior_truncation_is_omitted"/>
    <testcase time="0.00100000000020373" classname="character(0)" name="redundant_positive_support_prior_truncation_is_omitted"/>
    <testcase time="0" classname="character(0)" name="redundant_positive_support_prior_truncation_is_omitted"/>
    <testcase time="0.00100000000020373" classname="character(0)" name="redundant_positive_support_prior_truncation_is_omitted"/>
    <testcase time="0.000999999999294232" classname="character(0)" name="redundant_positive_support_prior_truncation_is_omitted"/>
    <testcase time="0.00100000000020373" classname="character(0)" name="redundant_positive_support_prior_truncation_is_omitted"/>
    <testcase time="0.00100000000020373" classname="character(0)" name="redundant_positive_support_prior_truncation_is_omitted"/>
    <testcase time="0.00100000000020373" classname="character(0)" name="redundant_positive_support_prior_truncation_is_omitted"/>
    <testcase time="0" classname="character(0)" name="redundant_positive_support_prior_truncation_is_omitted"/>
    <testcase time="0.000999999999294232" classname="character(0)" name="redundant_positive_support_prior_truncation_is_omitted"/>
    <testcase time="0.00100000000020373" classname="character(0)" name="redundant_positive_support_prior_truncation_is_omitted"/>
    <testcase time="0.00100000000020373" classname="character(0)" name="redundant_positive_support_prior_truncation_is_omitted"/>
    <testcase time="0.00100000000020373" classname="character(0)" name="redundant_positive_support_prior_truncation_is_omitted"/>
    <testcase time="0.00100000000020373" classname="character(0)" name="redundant_positive_support_prior_truncation_is_omitted"/>
    <testcase time="0" classname="character(0)" name="redundant_positive_support_prior_truncation_is_omitted"/>
    <testcase time="0" classname="character(0)" name="redundant_positive_support_prior_truncation_is_omitted"/>
    <testcase time="0.00100000000020373" classname="character(0)" name="redundant_positive_support_prior_truncation_is_omitted"/>
    <testcase time="0.00100000000020373" classname="character(0)" name="redundant_positive_support_prior_truncation_is_omitted"/>
    <testcase time="0.00100000000020373" classname="character(0)" name="redundant_positive_support_prior_truncation_is_omitted"/>
    <testcase time="0.000999999999294232" classname="character(0)" name="redundant_positive_support_prior_truncation_is_omitted"/>
    <testcase time="0.00100000000020373" classname="character(0)" name="redundant_positive_support_prior_truncation_is_omitted"/>
    <testcase time="0" classname="character(0)" name="redundant_positive_support_prior_truncation_is_omitted"/>
    <testcase time="0.00100000000020373" classname="character(0)" name="redundant_positive_support_prior_truncation_is_omitted"/>
    <testcase time="0.00100000000020373" classname="character(0)" name="redundant_positive_support_prior_truncation_is_omitted"/>
  </testsuite>
  <testsuite name="Prior" timestamp="2026-09-01T05:47:14Z" hostname="b181c4c3bc81" tests="2" skipped="0" failures="0" errors="0" time="0.003">
    <testcase time="0.00199999999949796" classname="character(0)" name="median_Prior_works_as_expected"/>
    <testcase time="0.00100000000020373" classname="character(0)" name="median_Prior_works_as_expected"/>
  </testsuite>
  <testsuite name="Prior" timestamp="2026-09-01T05:47:14Z" hostname="b181c4c3bc81" tests="6" skipped="0" failures="0" errors="0" time="0.007">
    <testcase time="0.00299999999970169" classname="character(0)" name="Parameters_in_priors_must_be_length_1_422"/>
    <testcase time="0" classname="character(0)" name="Parameters_in_priors_must_be_length_1_422"/>
    <testcase time="0.00100000000020373" classname="character(0)" name="Parameters_in_priors_must_be_length_1_422"/>
    <testcase time="0.00100000000020373" classname="character(0)" name="Parameters_in_priors_must_be_length_1_422"/>
    <testcase time="0.00100000000020373" classname="character(0)" name="Parameters_in_priors_must_be_length_1_422"/>
    <testcase time="0.00100000000020373" classname="character(0)" name="Parameters_in_priors_must_be_length_1_422"/>
  </testsuite>
  <testsuite name="Prior" timestamp="2026-09-01T05:47:14Z" hostname="b181c4c3bc81" tests="4" skipped="0" failures="0" errors="0" time="0.005">
    <testcase time="0.00199999999949796" classname="character(0)" name="prior_normal_vector_works_as_expected"/>
    <testcase time="0.00100000000020373" classname="character(0)" name="prior_normal_vector_works_as_expected"/>
    <testcase time="0.00100000000020373" classname="character(0)" name="prior_normal_vector_works_as_expected"/>
    <testcase time="0.000999999999294232" classname="character(0)" name="prior_normal_vector_works_as_expected"/>
  </testsuite>
  <testsuite name="Prior" timestamp="2026-09-01T05:47:14Z" hostname="b181c4c3bc81" tests="15" skipped="0" failures="0" errors="0" time="0.014">
    <testcase time="0.00200000000040745" classname="character(0)" name="prior_horseshoe_works_as_expected"/>
    <testcase time="0.00100000000020373" classname="character(0)" name="prior_horseshoe_works_as_expected"/>
    <testcase time="0.00100000000020373" classname="character(0)" name="prior_horseshoe_works_as_expected"/>
    <testcase time="0.000999999999294232" classname="character(0)" name="prior_horseshoe_works_as_expected"/>
    <testcase time="0.00100000000020373" classname="character(0)" name="prior_horseshoe_works_as_expected"/>
    <testcase time="0" classname="character(0)" name="prior_horseshoe_works_as_expected"/>
    <testcase time="0.00100000000020373" classname="character(0)" name="prior_horseshoe_works_as_expected"/>
    <testcase time="0.00100000000020373" classname="character(0)" name="prior_horseshoe_works_as_expected"/>
    <testcase time="0.000999999999294232" classname="character(0)" name="prior_horseshoe_works_as_expected"/>
    <testcase time="0.00100000000020373" classname="character(0)" name="prior_horseshoe_works_as_expected"/>
    <testcase time="0.00100000000020373" classname="character(0)" name="prior_horseshoe_works_as_expected"/>
    <testcase time="0.00100000000020373" classname="character(0)" name="prior_horseshoe_works_as_expected"/>
    <testcase time="0" classname="character(0)" name="prior_horseshoe_works_as_expected"/>
    <testcase time="0.00100000000020373" classname="character(0)" name="prior_horseshoe_works_as_expected"/>
    <testcase time="0.000999999999294232" classname="character(0)" name="prior_horseshoe_works_as_expected"/>
  </testsuite>
  <testsuite name="Prior" timestamp="2026-09-01T05:47:14Z" hostname="b181c4c3bc81" tests="2" skipped="0" failures="0" errors="0" time="0.003">
    <testcase time="0.00200000000040745" classname="character(0)" name="default_auxiliary_prior_methods_return_empty_lists"/>
    <testcase time="0.00100000000020373" classname="character(0)" name="default_auxiliary_prior_methods_return_empty_lists"/>
  </testsuite>
  <testsuite name="Quantities" timestamp="2026-09-01T05:47:14Z" hostname="b181c4c3bc81" tests="3" skipped="0" failures="0" errors="0" time="0.198">
    <testcase time="0.195999999999913" classname="character(0)" name="Simple_utility_functions_work_as_expected"/>
    <testcase time="0.000999999999294232" classname="character(0)" name="Simple_utility_functions_work_as_expected"/>
    <testcase time="0.00100000000020373" classname="character(0)" name="Simple_utility_functions_work_as_expected"/>
  </testsuite>
  <testsuite name="Quantities" timestamp="2026-09-01T05:47:14Z" hostname="b181c4c3bc81" tests="4" skipped="0" failures="0" errors="0" time="0.004">
    <testcase time="0.00300000000061118" classname="character(0)" name="collapse_quantities_works_as_expected"/>
    <testcase time="0.000999999999294232" classname="character(0)" name="collapse_quantities_works_as_expected"/>
    <testcase time="0" classname="character(0)" name="collapse_quantities_works_as_expected"/>
    <testcase time="0" classname="character(0)" name="collapse_quantities_works_as_expected"/>
  </testsuite>
  <testsuite name="Quantities" timestamp="2026-09-01T05:47:14Z" hostname="b181c4c3bc81" tests="1" skipped="0" failures="0" errors="0" time="0.003">
    <testcase time="0.00299999999970169" classname="character(0)" name="summary.Quantiles_works_as_expected"/>
  </testsuite>
  <testsuite name="Quantities" timestamp="2026-09-01T05:47:14Z" hostname="b181c4c3bc81" tests="1" skipped="0" failures="0" errors="0" time="0.002">
    <testcase time="0.00200000000040745" classname="character(0)" name="as.data.frame.Quantiles_works_as_expected"/>
  </testsuite>
  <testsuite name="Quantities" timestamp="2026-09-01T05:47:14Z" hostname="b181c4c3bc81" tests="1" skipped="1" failures="0" errors="0" time="0.002">
    <testcase time="0.00200000000040745" classname="character(0)" name="Quantities_print_method_works_as_expected">
      <skipped message="Reason: On CRAN ('test-Quantities.R:163:1')"/>
    </testcase>
  </testsuite>
  <testsuite name="SimGroup" timestamp="2026-09-01T05:47:14Z" hostname="b181c4c3bc81" tests="7" skipped="0" failures="0" errors="0" time="0.139">
    <testcase time="0.134000000000015" classname="character(0)" name="SimGroup_works_as_expected"/>
    <testcase time="0.000999999999294232" classname="character(0)" name="SimGroup_works_as_expected"/>
    <testcase time="0.00100000000020373" classname="character(0)" name="SimGroup_works_as_expected"/>
    <testcase time="0.00100000000020373" classname="character(0)" name="SimGroup_works_as_expected"/>
    <testcase time="0.00100000000020373" classname="character(0)" name="SimGroup_works_as_expected"/>
    <testcase time="0.000999999999294232" classname="character(0)" name="SimGroup_works_as_expected"/>
    <testcase time="0" classname="character(0)" name="SimGroup_works_as_expected"/>
  </testsuite>
  <testsuite name="SimJointData" timestamp="2026-09-01T05:47:16Z" hostname="b181c4c3bc81" tests="8" skipped="0" failures="0" errors="0" time="1.601">
    <testcase time="1.59400000000005" classname="character(0)" name="SimJointData_works_as_expected"/>
    <testcase time="0.00100000000020373" classname="character(0)" name="SimJointData_works_as_expected"/>
    <testcase time="0.00100000000020373" classname="character(0)" name="SimJointData_works_as_expected"/>
    <testcase time="0.00100000000020373" classname="character(0)" name="SimJointData_works_as_expected"/>
    <testcase time="0.000999999999294232" classname="character(0)" name="SimJointData_works_as_expected"/>
    <testcase time="0.00100000000020373" classname="character(0)" name="SimJointData_works_as_expected"/>
    <testcase time="0.00100000000020373" classname="character(0)" name="SimJointData_works_as_expected"/>
    <testcase time="0.00100000000020373" classname="character(0)" name="SimJointData_works_as_expected"/>
  </testsuite>
  <testsuite name="SimJointData" timestamp="2026-09-01T05:47:16Z" hostname="b181c4c3bc81" tests="1" skipped="0" failures="0" errors="0" time="0.003">
    <testcase time="0.00299999999970169" classname="character(0)" name="SimJointData_leads_to_valid_DataJoint_with_almost_only_default_arguments"/>
  </testsuite>
  <testsuite name="SimJointData" timestamp="2026-09-01T05:47:16Z" hostname="b181c4c3bc81" tests="1" skipped="1" failures="0" errors="0" time="0.008">
    <testcase time="0.00799999999981083" classname="character(0)" name="print_methods_work_as_expected">
      <skipped message="Reason: On CRAN ('test-SimJointData.R:97:1')"/>
    </testcase>
  </testsuite>
  <testsuite name="SimJointData" timestamp="2026-09-01T05:47:16Z" hostname="b181c4c3bc81" tests="6" skipped="0" failures="0" errors="0" time="0.021">
    <testcase time="0.0170000000007349" classname="character(0)" name="add_pfs_works_as_expected"/>
    <testcase time="0.000999999999294232" classname="character(0)" name="add_pfs_works_as_expected"/>
    <testcase time="0.00100000000020373" classname="character(0)" name="add_pfs_works_as_expected"/>
    <testcase time="0.00100000000020373" classname="character(0)" name="add_pfs_works_as_expected"/>
    <testcase time="0.00100000000020373" classname="character(0)" name="add_pfs_works_as_expected"/>
    <testcase time="0" classname="character(0)" name="add_pfs_works_as_expected"/>
  </testsuite>
  <testsuite name="SimJointData" timestamp="2026-09-01T05:47:16Z" hostname="b181c4c3bc81" tests="1" skipped="0" failures="0" errors="0" time="0.003">
    <testcase time="0.00299999999970169" classname="character(0)" name="add_pfs_works_with_large_from_time"/>
  </testsuite>
  <testsuite name="SimJointData" timestamp="2026-09-01T05:47:16Z" hostname="b181c4c3bc81" tests="5" skipped="0" failures="0" errors="0" time="0.005">
    <testcase time="0.00200000000040745" classname="character(0)" name="cut_data_works_as_expected"/>
    <testcase time="0.000999999999294232" classname="character(0)" name="cut_data_works_as_expected"/>
    <testcase time="0.00100000000020373" classname="character(0)" name="cut_data_works_as_expected"/>
    <testcase time="0.00100000000020373" classname="character(0)" name="cut_data_works_as_expected"/>
    <testcase time="0" classname="character(0)" name="cut_data_works_as_expected"/>
  </testsuite>
  <testsuite name="SimLongitudinalClaretBruno" timestamp="2026-09-01T05:47:16Z" hostname="b181c4c3bc81" tests="16" skipped="0" failures="0" errors="0" time="0.172">
    <testcase time="0.159999999999854" classname="character(0)" name="SimLongitudinalClaretBruno_works_as_expected"/>
    <testcase time="0.00100000000020373" classname="character(0)" name="SimLongitudinalClaretBruno_works_as_expected"/>
    <testcase time="0.00100000000020373" classname="character(0)" name="SimLongitudinalClaretBruno_works_as_expected"/>
    <testcase time="0.000999999999294232" classname="character(0)" name="SimLongitudinalClaretBruno_works_as_expected"/>
    <testcase time="0.00100000000020373" classname="character(0)" name="SimLongitudinalClaretBruno_works_as_expected"/>
    <testcase time="0.00100000000020373" classname="character(0)" name="SimLongitudinalClaretBruno_works_as_expected"/>
    <testcase time="0.000999999999294232" classname="character(0)" name="SimLongitudinalClaretBruno_works_as_expected"/>
    <testcase time="0" classname="character(0)" name="SimLongitudinalClaretBruno_works_as_expected"/>
    <testcase time="0" classname="character(0)" name="SimLongitudinalClaretBruno_works_as_expected"/>
    <testcase time="0.00100000000020373" classname="character(0)" name="SimLongitudinalClaretBruno_works_as_expected"/>
    <testcase time="0.00100000000020373" classname="character(0)" name="SimLongitudinalClaretBruno_works_as_expected"/>
    <testcase time="0.00100000000020373" classname="character(0)" name="SimLongitudinalClaretBruno_works_as_expected"/>
    <testcase time="0.000999999999294232" classname="character(0)" name="SimLongitudinalClaretBruno_works_as_expected"/>
    <testcase time="0.00100000000020373" classname="character(0)" name="SimLongitudinalClaretBruno_works_as_expected"/>
    <testcase time="0" classname="character(0)" name="SimLongitudinalClaretBruno_works_as_expected"/>
[...]
  </testsuite>
  <testsuite name="misc_models" timestamp="2026-09-01T06:13:32Z" hostname="b181c4c3bc81" tests="4" skipped="0" failures="0" errors="0" time="0.005">
    <testcase time="0.00300000000061118" classname="character(0)" name="Survival_model_can_be_fit_with_a_horseshoe_prior"/>
    <testcase time="0.000999999999294232" classname="character(0)" name="Survival_model_can_be_fit_with_a_horseshoe_prior"/>
    <testcase time="0" classname="character(0)" name="Survival_model_can_be_fit_with_a_horseshoe_prior"/>
    <testcase time="0.00100000000020373" classname="character(0)" name="Survival_model_can_be_fit_with_a_horseshoe_prior"/>
  </testsuite>
  <testsuite name="model_multi_chain" timestamp="2026-09-01T06:14:10Z" hostname="b181c4c3bc81" tests="1" skipped="0" failures="0" errors="0" time="37.74">
    <testcase time="37.7399999999998" classname="character(0)" name="Can_recover_known_distribution_parameters_from_random_slope_model_when_using_multiple_chains"/>
  </testsuite>
  <testsuite name="options" timestamp="2026-09-01T06:14:10Z" hostname="b181c4c3bc81" tests="4" skipped="0" failures="0" errors="0" time="0.052">
    <testcase time="0.0510000000003856" classname="character(0)" name="Can_alter_Gaussian_Quadrature_arguments"/>
    <testcase time="0" classname="character(0)" name="Can_alter_Gaussian_Quadrature_arguments"/>
    <testcase time="0.00100000000020373" classname="character(0)" name="Can_alter_Gaussian_Quadrature_arguments"/>
    <testcase time="0" classname="character(0)" name="Can_alter_Gaussian_Quadrature_arguments"/>
  </testsuite>
  <testsuite name="populationHR" timestamp="2026-09-01T06:14:27Z" hostname="b181c4c3bc81" tests="4" skipped="0" failures="0" errors="0" time="16.897">
    <testcase time="16.8949999999995" classname="character(0)" name="populationHR_works_as_expected_for_default_parameters"/>
    <testcase time="0.00100000000020373" classname="character(0)" name="populationHR_works_as_expected_for_default_parameters"/>
    <testcase time="0.00100000000020373" classname="character(0)" name="populationHR_works_as_expected_for_default_parameters"/>
    <testcase time="0" classname="character(0)" name="populationHR_works_as_expected_for_default_parameters"/>
  </testsuite>
  <testsuite name="populationHR" timestamp="2026-09-01T06:14:27Z" hostname="b181c4c3bc81" tests="5" skipped="0" failures="0" errors="0" time="0.005">
    <testcase time="0.00299999999970169" classname="character(0)" name="populationHR_fails_for_bad_input"/>
    <testcase time="0.00100000000020373" classname="character(0)" name="populationHR_fails_for_bad_input"/>
    <testcase time="0" classname="character(0)" name="populationHR_fails_for_bad_input"/>
    <testcase time="0.00100000000020373" classname="character(0)" name="populationHR_fails_for_bad_input"/>
    <testcase time="0" classname="character(0)" name="populationHR_fails_for_bad_input"/>
  </testsuite>
  <testsuite name="populationHR" timestamp="2026-09-01T06:14:27Z" hostname="b181c4c3bc81" tests="4" skipped="0" failures="0" errors="0" time="0.003">
    <testcase time="0.00199999999949796" classname="character(0)" name="populationHR_works_as_expected_for_alternative_specifications"/>
    <testcase time="0" classname="character(0)" name="populationHR_works_as_expected_for_alternative_specifications"/>
    <testcase time="0.00100000000020373" classname="character(0)" name="populationHR_works_as_expected_for_alternative_specifications"/>
    <testcase time="0" classname="character(0)" name="populationHR_works_as_expected_for_alternative_specifications"/>
  </testsuite>
  <testsuite name="simulate" timestamp="2026-09-01T06:21:24Z" hostname="b181c4c3bc81" tests="5" skipped="0" failures="0" errors="0" time="416.974">
    <testcase time="416.97" classname="character(0)" name="simulate_works_with_default_options"/>
    <testcase time="0.00100000000020373" classname="character(0)" name="simulate_works_with_default_options"/>
    <testcase time="0.000999999999294232" classname="character(0)" name="simulate_works_with_default_options"/>
    <testcase time="0.00100000000020373" classname="character(0)" name="simulate_works_with_default_options"/>
    <testcase time="0.00100000000020373" classname="character(0)" name="simulate_works_with_default_options"/>
  </testsuite>
  <testsuite name="simulate" timestamp="2026-09-01T06:21:24Z" hostname="b181c4c3bc81" tests="6" skipped="0" failures="1" errors="0" time="0.011">
    <testcase time="0.00199999999949796" classname="character(0)" name="simulate_works_with_jitter_and_times"/>
    <testcase time="0.00100000000020373" classname="character(0)" name="simulate_works_with_jitter_and_times"/>
    <testcase time="0.00100000000020373" classname="character(0)" name="simulate_works_with_jitter_and_times"/>
    <testcase time="0.00100000000020373" classname="character(0)" name="simulate_works_with_jitter_and_times"/>
    <testcase time="0.00100000000020373" classname="character(0)" name="simulate_works_with_jitter_and_times"/>
    <testcase time="0.00499999999919964" classname="character(0)" name="simulate_works_with_jitter_and_times">
      <failure type="failure" message="Check on 'mean(results@longitudinal[results@longitudinal$observed, ]$sld)' failed: Element 1 is not &lt;= 4 ('test-simulate.R:128:5')">Check on 'mean(results@longitudinal[results@longitudinal$observed, ]$sld)' failed: Element 1 is not &lt;= 4
Backtrace:
    ▆
 1. └─checkmate::expect_number(...) at test-simulate.R:128:5
 2.   └─checkmate::makeExpectation(x, res, info, label)</failure>
    </testcase>
  </testsuite>
  <testsuite name="simulate" timestamp="2026-09-01T06:21:24Z" hostname="b181c4c3bc81" tests="7" skipped="0" failures="1" errors="0" time="0.054">
    <testcase time="0.0309999999999491" classname="character(0)" name="simulate_works_with_lambda_censor"/>
    <testcase time="0.00300000000061118" classname="character(0)" name="simulate_works_with_lambda_censor">
      <failure type="failure" message="Expected `mean(results@survival$event)` to equal 0.6601. ('test-simulate.R:151:5')">Expected `mean(results@survival$event)` to equal 0.6601.
Differences:
  `actual`: 0.650
`expected`: 0.660
</failure>
    </testcase>
    <testcase time="0.0159999999996217" classname="character(0)" name="simulate_works_with_lambda_censor"/>
    <testcase time="0.00100000000020373" classname="character(0)" name="simulate_works_with_lambda_censor"/>
    <testcase time="0.00100000000020373" classname="character(0)" name="simulate_works_with_lambda_censor"/>
    <testcase time="0.00100000000020373" classname="character(0)" name="simulate_works_with_lambda_censor"/>
    <testcase time="0.000999999999294232" classname="character(0)" name="simulate_works_with_lambda_censor"/>
  </testsuite>
  <testsuite name="stan_functions" timestamp="2026-09-01T06:22:01Z" hostname="b181c4c3bc81" tests="1" skipped="0" failures="0" errors="0" time="36.497">
    <testcase time="36.4970000000003" classname="character(0)" name="GSF_SLD_function_works_as_expected"/>
  </testsuite>
  <testsuite name="stan_functions" timestamp="2026-09-01T06:22:01Z" hostname="b181c4c3bc81" tests="2" skipped="0" failures="0" errors="0" time="0.003">
    <testcase time="0.00200000000040745" classname="character(0)" name="Normal_Log_Density_functions_work_as_expected"/>
    <testcase time="0.000999999999294232" classname="character(0)" name="Normal_Log_Density_functions_work_as_expected"/>
  </testsuite>
  <testsuite name="stan_functions" timestamp="2026-09-01T06:22:01Z" hostname="b181c4c3bc81" tests="1" skipped="0" failures="0" errors="0" time="0.003">
    <testcase time="0.00300000000061118" classname="character(0)" name="GSF_Identity_Link_Function_works_as_expected"/>
  </testsuite>
  <testsuite name="survival_plot" timestamp="2026-09-01T06:22:01Z" hostname="b181c4c3bc81" tests="1" skipped="1" failures="0" errors="0" time="0.078">
    <testcase time="0.0779999999995198" classname="character(0)" name="survival_plot_works_as_expected">
      <skipped message="Reason: On CI ('test-survival_plot.R:9:5')"/>
    </testcase>
  </testsuite>
  <testsuite name="utilities" timestamp="2026-09-01T06:22:01Z" hostname="b181c4c3bc81" tests="1" skipped="0" failures="0" errors="0" time="0.546">
    <testcase time="0.546000000000276" classname="character(0)" name="get_missing_rownumbers_works_as_expected"/>
  </testsuite>
  <testsuite name="utilities" timestamp="2026-09-01T06:22:01Z" hostname="b181c4c3bc81" tests="1" skipped="0" failures="0" errors="0" time="0.003">
    <testcase time="0.00299999999970169" classname="character(0)" name="remove_missing_rows_works_as_expected"/>
  </testsuite>
  <testsuite name="utilities" timestamp="2026-09-01T06:22:01Z" hostname="b181c4c3bc81" tests="1" skipped="0" failures="0" errors="0" time="0.002">
    <testcase time="0.00200000000040745" classname="character(0)" name="expand_initial_values_works_as_expected"/>
  </testsuite>
  <testsuite name="utilities" timestamp="2026-09-01T06:22:01Z" hostname="b181c4c3bc81" tests="1" skipped="0" failures="0" errors="0" time="0.002">
    <testcase time="0.00199999999949796" classname="character(0)" name="replace_with_lookup_works_and_sets_array_attributes_as_expected"/>
  </testsuite>
  <testsuite name="utilities" timestamp="2026-09-01T06:22:01Z" hostname="b181c4c3bc81" tests="1" skipped="0" failures="0" errors="0" time="0.003">
    <testcase time="0.00300000000061118" classname="character(0)" name="replace_with_lookup_asserts_sizes_as_numbers_as_expected"/>
  </testsuite>
  <testsuite name="utilities" timestamp="2026-09-01T06:22:01Z" hostname="b181c4c3bc81" tests="1" skipped="0" failures="0" errors="0" time="0.002">
    <testcase time="0.00199999999949796" classname="character(0)" name="replace_with_lookup_asserts_looked_up_sizes_as_numbers_as_expected"/>
  </testsuite>
  <testsuite name="utilities" timestamp="2026-09-01T06:22:01Z" hostname="b181c4c3bc81" tests="2" skipped="0" failures="0" errors="0" time="0.003">
    <testcase time="0.00200000000040745" classname="character(0)" name="samples_median_ci_works_as_expected"/>
    <testcase time="0.000999999999294232" classname="character(0)" name="samples_median_ci_works_as_expected"/>
  </testsuite>
  <testsuite name="utilities" timestamp="2026-09-01T06:22:01Z" hostname="b181c4c3bc81" tests="2" skipped="0" failures="0" errors="0" time="0.004">
    <testcase time="0.00300000000061118" classname="character(0)" name="samples_median_ci_works_with_a_custom_credibility_level"/>
    <testcase time="0.00100000000020373" classname="character(0)" name="samples_median_ci_works_with_a_custom_credibility_level"/>
  </testsuite>
  <testsuite name="utilities" timestamp="2026-09-01T06:22:01Z" hostname="b181c4c3bc81" tests="8" skipped="0" failures="0" errors="0" time="0.008">
    <testcase time="0.00199999999949796" classname="character(0)" name="validate_time_grid_works_as_expected"/>
    <testcase time="0.00100000000020373" classname="character(0)" name="validate_time_grid_works_as_expected"/>
    <testcase time="0.00100000000020373" classname="character(0)" name="validate_time_grid_works_as_expected"/>
    <testcase time="0.000999999999294232" classname="character(0)" name="validate_time_grid_works_as_expected"/>
    <testcase time="0" classname="character(0)" name="validate_time_grid_works_as_expected"/>
    <testcase time="0.00100000000020373" classname="character(0)" name="validate_time_grid_works_as_expected"/>
    <testcase time="0.00100000000020373" classname="character(0)" name="validate_time_grid_works_as_expected"/>
    <testcase time="0.00100000000020373" classname="character(0)" name="validate_time_grid_works_as_expected"/>
  </testsuite>
  <testsuite name="utilities" timestamp="2026-09-01T06:22:01Z" hostname="b181c4c3bc81" tests="7" skipped="0" failures="0" errors="0" time="0.008">
    <testcase time="0.00199999999949796" classname="character(0)" name="expand_subjects_works_as_expected"/>
    <testcase time="0.00100000000020373" classname="character(0)" name="expand_subjects_works_as_expected"/>
    <testcase time="0.00100000000020373" classname="character(0)" name="expand_subjects_works_as_expected"/>
    <testcase time="0.00100000000020373" classname="character(0)" name="expand_subjects_works_as_expected"/>
    <testcase time="0.000999999999294232" classname="character(0)" name="expand_subjects_works_as_expected"/>
    <testcase time="0.00100000000020373" classname="character(0)" name="expand_subjects_works_as_expected"/>
    <testcase time="0.00100000000020373" classname="character(0)" name="expand_subjects_works_as_expected"/>
  </testsuite>
  <testsuite name="utilities" timestamp="2026-09-01T06:22:01Z" hostname="b181c4c3bc81" tests="5" skipped="0" failures="0" errors="0" time="0.006">
    <testcase time="0.00200000000040745" classname="character(0)" name="decompose_subjects_works_as_expected"/>
    <testcase time="0.000999999999294232" classname="character(0)" name="decompose_subjects_works_as_expected"/>
    <testcase time="0.00100000000020373" classname="character(0)" name="decompose_subjects_works_as_expected"/>
    <testcase time="0.00100000000020373" classname="character(0)" name="decompose_subjects_works_as_expected"/>
    <testcase time="0.00100000000020373" classname="character(0)" name="decompose_subjects_works_as_expected"/>
  </testsuite>
  <testsuite name="utilities" timestamp="2026-09-01T06:22:01Z" hostname="b181c4c3bc81" tests="2" skipped="0" failures="0" errors="0" time="0.003">
    <testcase time="0.00199999999949796" classname="character(0)" name="add_missing_stan_blocks_works_as_expected"/>
    <testcase time="0.00100000000020373" classname="character(0)" name="add_missing_stan_blocks_works_as_expected"/>
  </testsuite>
  <testsuite name="LongitudinalClaretBruno" timestamp="2026-09-01T06:53:23Z" hostname="b181c4c3bc81" tests="2" skipped="0" failures="0" errors="0" time="1881.325">
    <testcase time="1881.324" classname="character(0)" name="LongitudinalClaretBruno_works_as_expected_with_default_arguments"/>
    <testcase time="0.00100000000020373" classname="character(0)" name="LongitudinalClaretBruno_works_as_expected_with_default_arguments"/>
  </testsuite>
  <testsuite name="LongitudinalClaretBruno" timestamp="2026-09-01T06:53:23Z" hostname="b181c4c3bc81" tests="1" skipped="1" failures="0" errors="0" time="0.001">
    <testcase time="0.00100000000020373" classname="character(0)" name="Print_method_for_LongitudinalClaretBruno_works_as_expected">
      <skipped message="Reason: On CRAN ('test-LongitudinalClaretBruno.R:7:1')"/>
    </testcase>
  </testsuite>
  <testsuite name="LongitudinalClaretBruno" timestamp="2026-09-01T06:53:23Z" hostname="b181c4c3bc81" tests="3" skipped="0" failures="0" errors="0" time="0.012">
    <testcase time="0.011000000000422" classname="character(0)" name="Centralised_parameterisation_compiles_without_issues"/>
    <testcase time="0" classname="character(0)" name="Centralised_parameterisation_compiles_without_issues"/>
    <testcase time="0.00100000000020373" classname="character(0)" name="Centralised_parameterisation_compiles_without_issues"/>
  </testsuite>
  <testsuite name="LongitudinalClaretBruno" timestamp="2026-09-01T06:53:23Z" hostname="b181c4c3bc81" tests="3" skipped="0" failures="0" errors="0" time="0.002">
    <testcase time="0.00100000000020373" classname="character(0)" name="Non_Centralised_parameterisation_compiles_without_issues"/>
    <testcase time="0.000999999998384737" classname="character(0)" name="Non_Centralised_parameterisation_compiles_without_issues"/>
    <testcase time="0" classname="character(0)" name="Non_Centralised_parameterisation_compiles_without_issues"/>
  </testsuite>
  <testsuite name="LongitudinalClaretBruno" timestamp="2026-09-01T06:53:23Z" hostname="b181c4c3bc81" tests="3" skipped="0" failures="0" errors="0" time="0.002">
    <testcase time="0.00100000000020373" classname="character(0)" name="Centralised_parameterisation_compiles_without_issues"/>
    <testcase time="0.00100000000020373" classname="character(0)" name="Centralised_parameterisation_compiles_without_issues"/>
    <testcase time="0" classname="character(0)" name="Centralised_parameterisation_compiles_without_issues"/>
  </testsuite>
  <testsuite name="LongitudinalClaretBruno" timestamp="2026-09-01T06:53:23Z" hostname="b181c4c3bc81" tests="3" skipped="0" failures="0" errors="0" time="0.003">
    <testcase time="0.00200000000040745" classname="character(0)" name="Non_Centralised_parameterisation_compiles_without_issues"/>
    <testcase time="0" classname="character(0)" name="Non_Centralised_parameterisation_compiles_without_issues"/>
    <testcase time="0.00100000000020373" classname="character(0)" name="Non_Centralised_parameterisation_compiles_without_issues"/>
  </testsuite>
  <testsuite name="LongitudinalClaretBruno" timestamp="2026-09-01T06:53:23Z" hostname="b181c4c3bc81" tests="6" skipped="0" failures="0" errors="0" time="0.003">
    <testcase time="0.00100000000020373" classname="character(0)" name="Can_recover_known_distributional_parameters_from_a_SF_joint_model"/>
    <testcase time="0.00100000000020373" classname="character(0)" name="Can_recover_known_distributional_parameters_from_a_SF_joint_model"/>
    <testcase time="0" classname="character(0)" name="Can_recover_known_distributional_parameters_from_a_SF_joint_model"/>
    <testcase time="0.00100000000020373" classname="character(0)" name="Can_recover_known_distributional_parameters_from_a_SF_joint_model"/>
    <testcase time="0" classname="character(0)" name="Can_recover_known_distributional_parameters_from_a_SF_joint_model"/>
    <testcase time="0" classname="character(0)" name="Can_recover_known_distributional_parameters_from_a_SF_joint_model"/>
  </testsuite>
  <testsuite name="LongitudinalClaretBruno" timestamp="2026-09-01T06:53:23Z" hostname="b181c4c3bc81" tests="2" skipped="0" failures="0" errors="0" time="0.002">
    <testcase time="0.00199999999858846" classname="character(0)" name="Quantity_models_pass_the_parser"/>
    <testcase time="0" classname="character(0)" name="Quantity_models_pass_the_parser"/>
  </testsuite>
  <testsuite name="LongitudinalClaretBruno" timestamp="2026-09-01T06:53:23Z" hostname="b181c4c3bc81" tests="7" skipped="0" failures="0" errors="0" time="0.004">
    <testcase time="0.00100000000020373" classname="character(0)" name="Can_generate_valid_initial_values"/>
    <testcase time="0.00100000000020373" classname="character(0)" name="Can_generate_valid_initial_values"/>
    <testcase time="0" classname="character(0)" name="Can_generate_valid_initial_values"/>
    <testcase time="0.00100000000020373" classname="character(0)" name="Can_generate_valid_initial_values"/>
    <testcase time="0" classname="character(0)" name="Can_generate_valid_initial_values"/>
    <testcase time="0.00100000000020373" classname="character(0)" name="Can_generate_valid_initial_values"/>
    <testcase time="0" classname="character(0)" name="Can_generate_valid_initial_values"/>
  </testsuite>
  <testsuite name="LongitudinalClaretBruno" timestamp="2026-09-01T06:53:23Z" hostname="b181c4c3bc81" tests="1" skipped="0" failures="0" errors="0" time="0.002">
    <testcase time="0.00200000000040745" classname="character(0)" name="Unscaled_variance_pass_the_parser"/>
  </testsuite>
  <testsuite name="LongitudinalClaretBruno" timestamp="2026-09-01T06:53:23Z" hostname="b181c4c3bc81" tests="3" skipped="0" failures="0" errors="0" time="0.002">
    <testcase time="0.00100000000020373" classname="character(0)" name="Can_recover_known_distributional_parameters_from_unscaled_variance_ClaretBruno_model"/>
    <testcase time="0" classname="character(0)" name="Can_recover_known_distributional_parameters_from_unscaled_variance_ClaretBruno_model"/>
    <testcase time="0.000999999998384737" classname="character(0)" name="Can_recover_known_distributional_parameters_from_unscaled_variance_ClaretBruno_model"/>
  </testsuite>
</testsuites>
