<?xml version="1.0" encoding="UTF-8"?>
<testsuites>
  <testsuite name="DataLongitudinal" timestamp="2024-07-15T04:12:39Z" hostname="6b44cdd4162b" tests="10" skipped="0" failures="0" errors="0" time="2.525">
    <testcase time="2.497" classname="character(0)" name="DataLongitudinal_being_rendered_to_list_is_as_expected_for_simple_inputs"/>
    <testcase time="0.016" classname="character(0)" name="DataLongitudinal_being_rendered_to_list_is_as_expected_for_simple_inputs"/>
    <testcase time="0.00800000000000001" classname="character(0)" name="DataLongitudinal_being_rendered_to_list_is_as_expected_for_simple_inputs"/>
    <testcase time="0" classname="character(0)" name="DataLongitudinal_being_rendered_to_list_is_as_expected_for_simple_inputs"/>
    <testcase time="0.000999999999999446" classname="character(0)" name="DataLongitudinal_being_rendered_to_list_is_as_expected_for_simple_inputs"/>
    <testcase time="0.00100000000000033" classname="character(0)" name="DataLongitudinal_being_rendered_to_list_is_as_expected_for_simple_inputs"/>
    <testcase time="0" classname="character(0)" name="DataLongitudinal_being_rendered_to_list_is_as_expected_for_simple_inputs"/>
    <testcase time="0.00100000000000033" classname="character(0)" name="DataLongitudinal_being_rendered_to_list_is_as_expected_for_simple_inputs"/>
    <testcase time="0.000999999999999446" classname="character(0)" name="DataLongitudinal_being_rendered_to_list_is_as_expected_for_simple_inputs"/>
    <testcase time="0" classname="character(0)" name="DataLongitudinal_being_rendered_to_list_is_as_expected_for_simple_inputs"/>
  </testsuite>
  <testsuite name="DataLongitudinal" timestamp="2024-07-15T04:12:39Z" hostname="6b44cdd4162b" tests="1" skipped="1" failures="0" errors="0" time="0.002">
    <testcase time="0.00200000000000067" classname="character(0)" name="DataSurvival_print_method_works_as_expected">
      <skipped message="Reason: On CRAN ('test-DataLongitudinal.R:43:5')"/>
    </testcase>
  </testsuite>
  <testsuite name="DataJoint" timestamp="2024-07-15T04:12:39Z" hostname="6b44cdd4162b" tests="15" skipped="0" failures="0" errors="0" time="0.159">
    <testcase time="0.149999999999999" classname="character(0)" name="DataJoint_basic_usage"/>
    <testcase time="0.00100000000000033" classname="character(0)" name="DataJoint_basic_usage"/>
    <testcase time="0" classname="character(0)" name="DataJoint_basic_usage"/>
    <testcase time="0.000999999999999446" classname="character(0)" name="DataJoint_basic_usage"/>
    <testcase time="0.00100000000000033" classname="character(0)" name="DataJoint_basic_usage"/>
    <testcase time="0" classname="character(0)" name="DataJoint_basic_usage"/>
    <testcase time="0.00100000000000033" classname="character(0)" name="DataJoint_basic_usage"/>
    <testcase time="0.000999999999999446" classname="character(0)" name="DataJoint_basic_usage"/>
    <testcase time="0" classname="character(0)" name="DataJoint_basic_usage"/>
    <testcase time="0.00100000000000033" classname="character(0)" name="DataJoint_basic_usage"/>
    <testcase time="0.00100000000000033" classname="character(0)" name="DataJoint_basic_usage"/>
    <testcase time="0" classname="character(0)" name="DataJoint_basic_usage"/>
    <testcase time="0.000999999999999446" classname="character(0)" name="DataJoint_basic_usage"/>
    <testcase time="0.00100000000000033" classname="character(0)" name="DataJoint_basic_usage"/>
    <testcase time="0" classname="character(0)" name="DataJoint_basic_usage"/>
  </testsuite>
  <testsuite name="DataJoint" timestamp="2024-07-15T04:12:39Z" hostname="6b44cdd4162b" tests="6" skipped="0" failures="0" errors="0" time="0.005">
    <testcase time="0.00199999999999978" classname="character(0)" name="DataJoint_errors_if_inconsistent_subject_IDs"/>
    <testcase time="0.00100000000000033" classname="character(0)" name="DataJoint_errors_if_inconsistent_subject_IDs"/>
    <testcase time="0" classname="character(0)" name="DataJoint_errors_if_inconsistent_subject_IDs"/>
    <testcase time="0.000999999999999446" classname="character(0)" name="DataJoint_errors_if_inconsistent_subject_IDs"/>
    <testcase time="0" classname="character(0)" name="DataJoint_errors_if_inconsistent_subject_IDs"/>
    <testcase time="0.00100000000000033" classname="character(0)" name="DataJoint_errors_if_inconsistent_subject_IDs"/>
  </testsuite>
  <testsuite name="DataJoint" timestamp="2024-07-15T04:12:39Z" hostname="6b44cdd4162b" tests="3" skipped="0" failures="0" errors="0" time="0.003">
    <testcase time="0.00199999999999978" classname="character(0)" name="DataJoint_sorts_handles_pre_factored_levels_correctly"/>
    <testcase time="0" classname="character(0)" name="DataJoint_sorts_handles_pre_factored_levels_correctly"/>
    <testcase time="0.00100000000000033" classname="character(0)" name="DataJoint_sorts_handles_pre_factored_levels_correctly"/>
  </testsuite>
  <testsuite name="DataJoint" timestamp="2024-07-15T04:12:39Z" hostname="6b44cdd4162b" tests="3" skipped="0" failures="0" errors="0" time="0.003">
    <testcase time="0.00199999999999978" classname="character(0)" name="DataJoint_sorts_handles_character_to_factor_levels_correctly"/>
    <testcase time="0" classname="character(0)" name="DataJoint_sorts_handles_character_to_factor_levels_correctly"/>
    <testcase time="0.00100000000000033" classname="character(0)" name="DataJoint_sorts_handles_character_to_factor_levels_correctly"/>
  </testsuite>
  <testsuite name="DataJoint" timestamp="2024-07-15T04:12:39Z" hostname="6b44cdd4162b" tests="7" skipped="0" failures="0" errors="0" time="0.005">
    <testcase time="0.00199999999999978" classname="character(0)" name="subset_DataJoint_works_as_expected"/>
    <testcase time="0" classname="character(0)" name="subset_DataJoint_works_as_expected"/>
    <testcase time="0.000999999999999446" classname="character(0)" name="subset_DataJoint_works_as_expected"/>
    <testcase time="0" classname="character(0)" name="subset_DataJoint_works_as_expected"/>
    <testcase time="0.00100000000000033" classname="character(0)" name="subset_DataJoint_works_as_expected"/>
    <testcase time="0.00100000000000033" classname="character(0)" name="subset_DataJoint_works_as_expected"/>
    <testcase time="0" classname="character(0)" name="subset_DataJoint_works_as_expected"/>
  </testsuite>
  <testsuite name="DataJoint" timestamp="2024-07-15T04:12:39Z" hostname="6b44cdd4162b" tests="1" skipped="0" failures="0" errors="0" time="0.002">
    <testcase time="0.00199999999999978" classname="character(0)" name="Error_Handling"/>
  </testsuite>
  <testsuite name="DataJoint" timestamp="2024-07-15T04:12:39Z" hostname="6b44cdd4162b" tests="1" skipped="1" failures="0" errors="0" time="0.001">
    <testcase time="0.00100000000000033" classname="character(0)" name="DataJoint_print_method_works_as_expected">
      <skipped message="Reason: On CRAN ('test-DataJoint.R:515:5')"/>
    </testcase>
  </testsuite>
  <testsuite name="DataSubject" timestamp="2024-07-15T04:12:39Z" hostname="6b44cdd4162b" tests="14" skipped="0" failures="0" errors="0" time="0.038">
    <testcase time="0.0299999999999994" classname="character(0)" name="DataSubject_works_as_expected"/>
    <testcase time="0.00100000000000033" classname="character(0)" name="DataSubject_works_as_expected"/>
    <testcase time="0.00100000000000033" classname="character(0)" name="DataSubject_works_as_expected"/>
    <testcase time="0" classname="character(0)" name="DataSubject_works_as_expected"/>
    <testcase time="0.000999999999999446" classname="character(0)" name="DataSubject_works_as_expected"/>
    <testcase time="0" classname="character(0)" name="DataSubject_works_as_expected"/>
    <testcase time="0.00100000000000033" classname="character(0)" name="DataSubject_works_as_expected"/>
    <testcase time="0.000999999999999446" classname="character(0)" name="DataSubject_works_as_expected"/>
    <testcase time="0" classname="character(0)" name="DataSubject_works_as_expected"/>
    <testcase time="0.00100000000000033" classname="character(0)" name="DataSubject_works_as_expected"/>
    <testcase time="0.00100000000000033" classname="character(0)" name="DataSubject_works_as_expected"/>
    <testcase time="0" classname="character(0)" name="DataSubject_works_as_expected"/>
    <testcase time="0.000999999999999446" classname="character(0)" name="DataSubject_works_as_expected"/>
    <testcase time="0" classname="character(0)" name="DataSubject_works_as_expected"/>
  </testsuite>
  <testsuite name="DataSubject" timestamp="2024-07-15T04:12:39Z" hostname="6b44cdd4162b" tests="1" skipped="1" failures="0" errors="0" time="0.001">
    <testcase time="0.00100000000000033" classname="character(0)" name="DataSubject_print_method_works_as_expected">
      <skipped message="Reason: On CRAN ('test-DataSubject.R:46:5')"/>
    </testcase>
  </testsuite>
  <testsuite name="DataSurvival" timestamp="2024-07-15T04:12:40Z" hostname="6b44cdd4162b" tests="14" skipped="0" failures="0" errors="0" time="0.384">
    <testcase time="0.374" classname="character(0)" name="DataSurvival_being_rendered_to_list_is_as_expected_for_simple_inputs"/>
    <testcase time="0" classname="character(0)" name="DataSurvival_being_rendered_to_list_is_as_expected_for_simple_inputs"/>
    <testcase time="0.00100000000000033" classname="character(0)" name="DataSurvival_being_rendered_to_list_is_as_expected_for_simple_inputs"/>
    <testcase time="0.000999999999999446" classname="character(0)" name="DataSurvival_being_rendered_to_list_is_as_expected_for_simple_inputs"/>
    <testcase time="0.00100000000000033" classname="character(0)" name="DataSurvival_being_rendered_to_list_is_as_expected_for_simple_inputs"/>
    <testcase time="0.000999999999999446" classname="character(0)" name="DataSurvival_being_rendered_to_list_is_as_expected_for_simple_inputs"/>
    <testcase time="0.00100000000000033" classname="character(0)" name="DataSurvival_being_rendered_to_list_is_as_expected_for_simple_inputs"/>
    <testcase time="0" classname="character(0)" name="DataSurvival_being_rendered_to_list_is_as_expected_for_simple_inputs"/>
    <testcase time="0.00100000000000033" classname="character(0)" name="DataSurvival_being_rendered_to_list_is_as_expected_for_simple_inputs"/>
    <testcase time="0.000999999999999446" classname="character(0)" name="DataSurvival_being_rendered_to_list_is_as_expected_for_simple_inputs"/>
    <testcase time="0.00100000000000033" classname="character(0)" name="DataSurvival_being_rendered_to_list_is_as_expected_for_simple_inputs"/>
    <testcase time="0.00100000000000033" classname="character(0)" name="DataSurvival_being_rendered_to_list_is_as_expected_for_simple_inputs"/>
    <testcase time="0" classname="character(0)" name="DataSurvival_being_rendered_to_list_is_as_expected_for_simple_inputs"/>
    <testcase time="0.000999999999999446" classname="character(0)" name="DataSurvival_being_rendered_to_list_is_as_expected_for_simple_inputs"/>
  </testsuite>
  <testsuite name="DataSurvival" timestamp="2024-07-15T04:12:40Z" hostname="6b44cdd4162b" tests="1" skipped="1" failures="0" errors="0" time="0.003">
    <testcase time="0.00300000000000011" classname="character(0)" name="DataSurvival_print_method_works_as_expected">
      <skipped message="Reason: On CRAN ('test-DataSurvival.R:79:5')"/>
    </testcase>
  </testsuite>
  <testsuite name="DataSurvival" timestamp="2024-07-15T04:12:40Z" hostname="6b44cdd4162b" tests="7" skipped="0" failures="0" errors="0" time="0.022">
    <testcase time="0.0170000000000003" classname="character(0)" name="mirror_design_matrix_works_as_expected"/>
    <testcase time="0" classname="character(0)" name="mirror_design_matrix_works_as_expected"/>
    <testcase time="0.000999999999999446" classname="character(0)" name="mirror_design_matrix_works_as_expected"/>
    <testcase time="0.00100000000000033" classname="character(0)" name="mirror_design_matrix_works_as_expected"/>
    <testcase time="0.00100000000000033" classname="character(0)" name="mirror_design_matrix_works_as_expected"/>
    <testcase time="0.000999999999999446" classname="character(0)" name="mirror_design_matrix_works_as_expected"/>
    <testcase time="0.00100000000000033" classname="character(0)" name="mirror_design_matrix_works_as_expected"/>
  </testsuite>
  <testsuite name="GridPrediction" timestamp="2024-07-15T04:14:41Z" hostname="6b44cdd4162b" tests="5" skipped="0" failures="0" errors="0" time="121.586">
    <testcase time="121.582" classname="character(0)" name="GridPrediction_works_as_expected_for_Survival_models"/>
    <testcase time="0.00100000000000477" classname="character(0)" name="GridPrediction_works_as_expected_for_Survival_models"/>
    <testcase time="0.000999999999990564" classname="character(0)" name="GridPrediction_works_as_expected_for_Survival_models"/>
    <testcase time="0.00100000000000477" classname="character(0)" name="GridPrediction_works_as_expected_for_Survival_models"/>
    <testcase time="0.00100000000000477" classname="character(0)" name="GridPrediction_works_as_expected_for_Survival_models"/>
  </testsuite>
  <testsuite name="GridPrediction" timestamp="2024-07-15T04:14:41Z" hostname="6b44cdd4162b" tests="4" skipped="0" failures="0" errors="0" time="0.005">
    <testcase time="0.00199999999999534" classname="character(0)" name="GridPrediction_error_handling_works_as_expected"/>
    <testcase time="0.00100000000000477" classname="character(0)" name="GridPrediction_error_handling_works_as_expected"/>
    <testcase time="0.000999999999990564" classname="character(0)" name="GridPrediction_error_handling_works_as_expected"/>
    <testcase time="0.00100000000000477" classname="character(0)" name="GridPrediction_error_handling_works_as_expected"/>
  </testsuite>
  <testsuite name="GridPrediction" timestamp="2024-07-15T04:14:41Z" hostname="6b44cdd4162b" tests="3" skipped="0" failures="0" errors="0" time="0.004">
    <testcase time="0.00199999999999534" classname="character(0)" name="getPredictionNames_works_as_expected"/>
    <testcase time="0.00100000000000477" classname="character(0)" name="getPredictionNames_works_as_expected"/>
    <testcase time="0.00100000000000477" classname="character(0)" name="getPredictionNames_works_as_expected"/>
  </testsuite>
  <testsuite name="GridPrediction" timestamp="2024-07-15T04:14:41Z" hostname="6b44cdd4162b" tests="1" skipped="0" failures="0" errors="0" time="0.01">
    <testcase time="0.00999999999999091" classname="character(0)" name="GridPrediction_throws_an_error_if_key_column_already_exists"/>
  </testsuite>
  <testsuite name="GridPrediction" timestamp="2024-07-15T04:14:41Z" hostname="6b44cdd4162b" tests="5" skipped="0" failures="0" errors="0" time="0.005">
    <testcase time="0.00200000000000955" classname="character(0)" name="GridPrediction_works_for_survival_only_models"/>
    <testcase time="0.000999999999990564" classname="character(0)" name="GridPrediction_works_for_survival_only_models"/>
    <testcase time="0" classname="character(0)" name="GridPrediction_works_for_survival_only_models"/>
    <testcase time="0.00100000000000477" classname="character(0)" name="GridPrediction_works_for_survival_only_models"/>
    <testcase time="0.00100000000000477" classname="character(0)" name="GridPrediction_works_for_survival_only_models"/>
  </testsuite>
  <testsuite name="JointModel" timestamp="2024-07-15T04:14:42Z" hostname="6b44cdd4162b" tests="2" skipped="0" failures="0" errors="0" time="0.79">
    <testcase time="0.789999999999992" classname="character(0)" name="JointModel_smoke_tests"/>
    <testcase time="0" classname="character(0)" name="JointModel_smoke_tests"/>
  </testsuite>
  <testsuite name="JointModel" timestamp="2024-07-15T04:14:42Z" hostname="6b44cdd4162b" tests="1" skipped="1" failures="0" errors="0" time="0.002">
    <testcase time="0.00200000000000955" classname="character(0)" name="JointModel_print_method_works_as_expected">
      <skipped message="Reason: On CRAN ('test-JointModel.R:19:5')"/>
    </testcase>
  </testsuite>
  <testsuite name="JointModelSamples" timestamp="2024-07-15T04:14:53Z" hostname="6b44cdd4162b" tests="1" skipped="1" failures="0" errors="0" time="10.876">
    <testcase time="10.876" classname="character(0)" name="print_works_as_expected_for_JointModelSamples">
      <skipped message="Reason: On CRAN ('test-JointModelSamples.R:5:5')"/>
    </testcase>
  </testsuite>
  <testsuite name="Link" timestamp="2024-07-15T04:14:54Z" hostname="6b44cdd4162b" tests="4" skipped="0" failures="0" errors="0" time="1.292">
    <testcase time="1.291" classname="character(0)" name="link_none_works_as_expected"/>
    <testcase time="0" classname="character(0)" name="link_none_works_as_expected"/>
    <testcase time="0.00100000000000477" classname="character(0)" name="link_none_works_as_expected"/>
    <testcase time="0" classname="character(0)" name="link_none_works_as_expected"/>
  </testsuite>
  <testsuite name="Link" timestamp="2024-07-15T04:14:54Z" hostname="6b44cdd4162b" tests="4" skipped="0" failures="0" errors="0" time="0.003">
    <testcase time="0.00199999999998113" classname="character(0)" name="Link_works_as_expected"/>
    <testcase time="0" classname="character(0)" name="Link_works_as_expected"/>
    <testcase time="0.00100000000000477" classname="character(0)" name="Link_works_as_expected"/>
    <testcase time="0" classname="character(0)" name="Link_works_as_expected"/>
  </testsuite>
  <testsuite name="Link" timestamp="2024-07-15T04:14:54Z" hostname="6b44cdd4162b" tests="1" skipped="1" failures="0" errors="0" time="0.002">
    <testcase time="0.00200000000000955" classname="character(0)" name="Link_prints_as_expected">
      <skipped message="Reason: On CRAN ('test-Link.R:77:5')"/>
    </testcase>
  </testsuite>
  <testsuite name="LinkComponent" timestamp="2024-07-15T04:14:57Z" hostname="6b44cdd4162b" tests="5" skipped="0" failures="0" errors="0" time="3.097">
    <testcase time="3.095" classname="character(0)" name="all_link_files_pass_stan_s_syntax_checker"/>
    <testcase time="0.00100000000000477" classname="character(0)" name="all_link_files_pass_stan_s_syntax_checker"/>
    <testcase time="0" classname="character(0)" name="all_link_files_pass_stan_s_syntax_checker"/>
    <testcase time="0.000999999999976353" classname="character(0)" name="all_link_files_pass_stan_s_syntax_checker"/>
    <testcase time="0" classname="character(0)" name="all_link_files_pass_stan_s_syntax_checker"/>
  </testsuite>
  <testsuite name="LinkComponent" timestamp="2024-07-15T04:14:57Z" hostname="6b44cdd4162b" tests="2" skipped="0" failures="0" errors="0" time="0.002">
    <testcase time="0.00200000000000955" classname="character(0)" name="complete_models_with_links_pass_stan_s_syntax_checker"/>
    <testcase time="0" classname="character(0)" name="complete_models_with_links_pass_stan_s_syntax_checker"/>
  </testsuite>
  <testsuite name="LinkComponent" timestamp="2024-07-15T04:14:57Z" hostname="6b44cdd4162b" tests="3" skipped="0" failures="0" errors="0" time="0.003">
    <testcase time="0.00200000000000955" classname="character(0)" name="LinkComponents_are_constructed_correctly_and_can_access_key_components"/>
    <testcase time="0" classname="character(0)" name="LinkComponents_are_constructed_correctly_and_can_access_key_components"/>
    <testcase time="0.00100000000000477" classname="character(0)" name="LinkComponents_are_constructed_correctly_and_can_access_key_components"/>
  </testsuite>
  <testsuite name="LinkComponent" timestamp="2024-07-15T04:14:57Z" hostname="6b44cdd4162b" tests="6" skipped="0" failures="0" errors="0" time="0.004">
    <testcase time="0.000999999999976353" classname="character(0)" name="Model_specific_links_return_the_correct_stan_code"/>
    <testcase time="0.00100000000000477" classname="character(0)" name="Model_specific_links_return_the_correct_stan_code"/>
    <testcase time="0" classname="character(0)" name="Model_specific_links_return_the_correct_stan_code"/>
    <testcase time="0.00100000000000477" classname="character(0)" name="Model_specific_links_return_the_correct_stan_code"/>
    <testcase time="0" classname="character(0)" name="Model_specific_links_return_the_correct_stan_code"/>
    <testcase time="0.00100000000000477" classname="character(0)" name="Model_specific_links_return_the_correct_stan_code"/>
  </testsuite>
  <testsuite name="LinkComponent" timestamp="2024-07-15T04:14:57Z" hostname="6b44cdd4162b" tests="1" skipped="1" failures="0" errors="0" time="0.001">
    <testcase time="0.00100000000000477" classname="character(0)" name="print_works_as_expected">
      <skipped message="Reason: On CRAN ('test-LinkComponent.R:121:5')"/>
    </testcase>
  </testsuite>
  <testsuite name="LinkComponent" timestamp="2024-07-15T04:14:57Z" hostname="6b44cdd4162b" tests="4" skipped="0" failures="0" errors="0" time="0.012">
    <testcase time="0.00999999999999091" classname="character(0)" name="PromiseLinkComponents_work_as_expected"/>
    <testcase time="0.00100000000000477" classname="character(0)" name="PromiseLinkComponents_work_as_expected"/>
    <testcase time="0" classname="character(0)" name="PromiseLinkComponents_work_as_expected"/>
    <testcase time="0.00100000000000477" classname="character(0)" name="PromiseLinkComponents_work_as_expected"/>
  </testsuite>
  <testsuite name="LongitudinalClaretBruno" timestamp="2024-07-15T04:15:05Z" hostname="6b44cdd4162b" tests="2" skipped="0" failures="0" errors="0" time="7.395">
    <testcase time="7.39400000000001" classname="character(0)" name="LongitudinalClaretBruno_works_as_expected_with_default_arguments"/>
    <testcase time="0.000999999999976353" classname="character(0)" name="LongitudinalClaretBruno_works_as_expected_with_default_arguments"/>
  </testsuite>
  <testsuite name="LongitudinalClaretBruno" timestamp="2024-07-15T04:15:05Z" hostname="6b44cdd4162b" tests="1" skipped="1" failures="0" errors="0" time="0.001">
    <testcase time="0.00100000000000477" classname="character(0)" name="Print_method_for_LongitudinalClaretBruno_works_as_expected">
      <skipped message="Reason: On CRAN ('test-LongitudinalClaretBruno.R:12:5')"/>
    </testcase>
  </testsuite>
  <testsuite name="LongitudinalClaretBruno" timestamp="2024-07-15T04:15:05Z" hostname="6b44cdd4162b" tests="3" skipped="0" failures="0" errors="0" time="0.012">
    <testcase time="0.0109999999999957" classname="character(0)" name="Centralised_parameterisation_compiles_without_issues"/>
    <testcase time="0" classname="character(0)" name="Centralised_parameterisation_compiles_without_issues"/>
    <testcase time="0.00100000000000477" classname="character(0)" name="Centralised_parameterisation_compiles_without_issues"/>
  </testsuite>
  <testsuite name="LongitudinalClaretBruno" timestamp="2024-07-15T04:15:05Z" hostname="6b44cdd4162b" tests="3" skipped="0" failures="0" errors="0" time="0.002">
    <testcase time="0.00100000000000477" classname="character(0)" name="Non_Centralised_parameterisation_compiles_without_issues"/>
    <testcase time="0.00100000000000477" classname="character(0)" name="Non_Centralised_parameterisation_compiles_without_issues"/>
    <testcase time="0" classname="character(0)" name="Non_Centralised_parameterisation_compiles_without_issues"/>
  </testsuite>
  <testsuite name="LongitudinalClaretBruno" timestamp="2024-07-15T04:15:05Z" hostname="6b44cdd4162b" tests="3" skipped="0" failures="0" errors="0" time="0.003">
    <testcase time="0.00200000000000955" classname="character(0)" name="Centralised_parameterisation_compiles_without_issues"/>
    <testcase time="0" classname="character(0)" name="Centralised_parameterisation_compiles_without_issues"/>
    <testcase time="0.000999999999976353" classname="character(0)" name="Centralised_parameterisation_compiles_without_issues"/>
  </testsuite>
  <testsuite name="LongitudinalClaretBruno" timestamp="2024-07-15T04:15:05Z" hostname="6b44cdd4162b" tests="3" skipped="0" failures="0" errors="0" time="0.002">
    <testcase time="0.00100000000000477" classname="character(0)" name="Non_Centralised_parameterisation_compiles_without_issues"/>
    <testcase time="0.00100000000000477" classname="character(0)" name="Non_Centralised_parameterisation_compiles_without_issues"/>
    <testcase time="0" classname="character(0)" name="Non_Centralised_parameterisation_compiles_without_issues"/>
  </testsuite>
  <testsuite name="LongitudinalClaretBruno" timestamp="2024-07-15T04:15:05Z" hostname="6b44cdd4162b" tests="1" skipped="0" failures="0" errors="1" time="0.002">
    <testcase time="0.00200000000000955" classname="character(0)" name="Can_recover_known_distributional_parameters_from_a_SF_joint_model">
      <error type="error" message="Error: An error occured during compilation! See the message above for more information. ('test-LongitudinalClaretBruno.R:218:9')">Error: An error occured during compilation! See the message above for more information.
Backtrace:
     ▆
  1. ├─jmpost:::run_quietly(...) at test-LongitudinalClaretBruno.R:217:5
  2. │ ├─base::suppressMessages(capture.output((x &lt;- expr))) at tests/testthat/helper-setup.R:44:5
  3. │ │ └─base::withCallingHandlers(...)
  4. │ └─utils::capture.output((x &lt;- expr))
  5. │   └─base::withVisible(...elt(i))
  6. ├─jmpost::sampleStanModel(...) at test-LongitudinalClaretBruno.R:218:9
  7. └─jmpost:::sampleStanModel.JointModel(...)
  8.   ├─jmpost::compileStanModel(object)
  9.   └─jmpost:::compileStanModel.JointModel(object)
 10.     ├─jmpost::compileStanModel(as.StanModule(object))
 11.     └─jmpost:::compileStanModel.StanModule(as.StanModule(object))
 12.       ├─base::withCallingHandlers(...)
 13.       └─cmdstanr::cmdstan_model(...)
 14.         └─CmdStanModel$new(...)
 15.           └─cmdstanr (local) initialize(...)
 16.             └─self$compile(...)</error>
    </testcase>
  </testsuite>
  <testsuite name="LongitudinalClaretBruno" timestamp="2024-07-15T04:15:05Z" hostname="6b44cdd4162b" tests="2" skipped="0" failures="0" errors="0" time="0.03">
    <testcase time="0.0300000000000011" classname="character(0)" name="Quantity_models_pass_the_parser"/>
    <testcase time="0" classname="character(0)" name="Quantity_models_pass_the_parser"/>
  </testsuite>
  <testsuite name="LongitudinalClaretBruno" timestamp="2024-07-15T04:15:05Z" hostname="6b44cdd4162b" tests="7" skipped="0" failures="0" errors="0" time="0.005">
    <testcase time="0.00199999999998113" classname="character(0)" name="Can_generate_valid_initial_values"/>
    <testcase time="0" classname="character(0)" name="Can_generate_valid_initial_values"/>
    <testcase time="0.00100000000000477" classname="character(0)" name="Can_generate_valid_initial_values"/>
    <testcase time="0" classname="character(0)" name="Can_generate_valid_initial_values"/>
    <testcase time="0.00100000000000477" classname="character(0)" name="Can_generate_valid_initial_values"/>
    <testcase time="0" classname="character(0)" name="Can_generate_valid_initial_values"/>
    <testcase time="0.00100000000000477" classname="character(0)" name="Can_generate_valid_initial_values"/>
  </testsuite>
  <testsuite name="Grid" timestamp="2024-07-15T04:17:06Z" hostname="6b44cdd4162b" tests="15" skipped="0" failures="0" errors="0" time="121.412">
    <testcase time="121.399" classname="character(0)" name="Grid_objects_work_with_QuantityGenerator_and_QuantityCollapser"/>
    <testcase time="0.000999999999976353" classname="character(0)" name="Grid_objects_work_with_QuantityGenerator_and_QuantityCollapser"/>
    <testcase time="0.0010000000000332" classname="character(0)" name="Grid_objects_work_with_QuantityGenerator_and_QuantityCollapser"/>
    <testcase time="0.000999999999976353" classname="character(0)" name="Grid_objects_work_with_QuantityGenerator_and_QuantityCollapser"/>
    <testcase time="0.0010000000000332" classname="character(0)" name="Grid_objects_work_with_QuantityGenerator_and_QuantityCollapser"/>
    <testcase time="0" classname="character(0)" name="Grid_objects_work_with_QuantityGenerator_and_QuantityCollapser"/>
    <testcase time="0.000999999999976353" classname="character(0)" name="Grid_objects_work_with_QuantityGenerator_and_QuantityCollapser"/>
    <testcase time="0.000999999999976353" classname="character(0)" name="Grid_objects_work_with_QuantityGenerator_and_QuantityCollapser"/>
    <testcase time="0.0010000000000332" classname="character(0)" name="Grid_objects_work_with_QuantityGenerator_and_QuantityCollapser"/>
    <testcase time="0.000999999999976353" classname="character(0)" name="Grid_objects_work_with_QuantityGenerator_and_QuantityCollapser"/>
    <testcase time="0.0010000000000332" classname="character(0)" name="Grid_objects_work_with_QuantityGenerator_and_QuantityCollapser"/>
    <testcase time="0.000999999999976353" classname="character(0)" name="Grid_objects_work_with_QuantityGenerator_and_QuantityCollapser"/>
    <testcase time="0.0010000000000332" classname="character(0)" name="Grid_objects_work_with_QuantityGenerator_and_QuantityCollapser"/>
    <testcase time="0.000999999999976353" classname="character(0)" name="Grid_objects_work_with_QuantityGenerator_and_QuantityCollapser"/>
    <testcase time="0.000999999999976353" classname="character(0)" name="Grid_objects_work_with_QuantityGenerator_and_QuantityCollapser"/>
  </testsuite>
  <testsuite name="Grid" timestamp="2024-07-15T04:17:06Z" hostname="6b44cdd4162b" tests="11" skipped="0" failures="0" errors="0" time="0.011">
    <testcase time="0.00200000000000955" classname="character(0)" name="GridObservered_Constructs_correct_quantities"/>
    <testcase time="0.0010000000000332" classname="character(0)" name="GridObservered_Constructs_correct_quantities"/>
    <testcase time="0.000999999999976353" classname="character(0)" name="GridObservered_Constructs_correct_quantities"/>
    <testcase time="0.000999999999976353" classname="character(0)" name="GridObservered_Constructs_correct_quantities"/>
    <testcase time="0.0010000000000332" classname="character(0)" name="GridObservered_Constructs_correct_quantities"/>
    <testcase time="0.000999999999976353" classname="character(0)" name="GridObservered_Constructs_correct_quantities"/>
    <testcase time="0.0010000000000332" classname="character(0)" name="GridObservered_Constructs_correct_quantities"/>
    <testcase time="0" classname="character(0)" name="GridObservered_Constructs_correct_quantities"/>
    <testcase time="0.000999999999976353" classname="character(0)" name="GridObservered_Constructs_correct_quantities"/>
    <testcase time="0.0010000000000332" classname="character(0)" name="GridObservered_Constructs_correct_quantities"/>
    <testcase time="0.000999999999976353" classname="character(0)" name="GridObservered_Constructs_correct_quantities"/>
  </testsuite>
  <testsuite name="Grid" timestamp="2024-07-15T04:17:06Z" hostname="6b44cdd4162b" tests="4" skipped="0" failures="0" errors="0" time="0.005">
    <testcase time="0.0029999999999859" classname="character(0)" name="subjects_to_list_works_as_expected"/>
    <testcase time="0.0010000000000332" classname="character(0)" name="subjects_to_list_works_as_expected"/>
    <testcase time="0" classname="character(0)" name="subjects_to_list_works_as_expected"/>
    <testcase time="0.000999999999976353" classname="character(0)" name="subjects_to_list_works_as_expected"/>
  </testsuite>
  <testsuite name="Grid" timestamp="2024-07-15T04:17:06Z" hostname="6b44cdd4162b" tests="4" skipped="0" failures="0" errors="0" time="0.005">
    <testcase time="0.0029999999999859" classname="character(0)" name="coalesceGridTime_works_as_expected"/>
    <testcase time="0.0010000000000332" classname="character(0)" name="coalesceGridTime_works_as_expected"/>
    <testcase time="0.000999999999976353" classname="character(0)" name="coalesceGridTime_works_as_expected"/>
    <testcase time="0" classname="character(0)" name="coalesceGridTime_works_as_expected"/>
  </testsuite>
  <testsuite name="Grid" timestamp="2024-07-15T04:17:06Z" hostname="6b44cdd4162b" tests="5" skipped="0" failures="0" errors="0" time="0.005">
    <testcase time="0.00200000000000955" classname="character(0)" name="GridPopulation_works_as_expected_for_GSF_models"/>
    <testcase time="0.0010000000000332" classname="character(0)" name="GridPopulation_works_as_expected_for_GSF_models"/>
    <testcase time="0.000999999999976353" classname="character(0)" name="GridPopulation_works_as_expected_for_GSF_models"/>
    <testcase time="0.0010000000000332" classname="character(0)" name="GridPopulation_works_as_expected_for_GSF_models"/>
    <testcase time="0" classname="character(0)" name="GridPopulation_works_as_expected_for_GSF_models"/>
  </testsuite>
  <testsuite name="Grid" timestamp="2024-07-15T04:17:06Z" hostname="6b44cdd4162b" tests="5" skipped="0" failures="0" errors="0" time="0.006">
    <testcase time="0.0029999999999859" classname="character(0)" name="GridPopulation_works_as_expected_for_Longitudinal_models"/>
    <testcase time="0.000999999999976353" classname="character(0)" name="GridPopulation_works_as_expected_for_Longitudinal_models"/>
    <testcase time="0.0010000000000332" classname="character(0)" name="GridPopulation_works_as_expected_for_Longitudinal_models"/>
    <testcase time="0.000999999999976353" classname="character(0)" name="GridPopulation_works_as_expected_for_Longitudinal_models"/>
    <testcase time="0" classname="character(0)" name="GridPopulation_works_as_expected_for_Longitudinal_models"/>
  </testsuite>
  <testsuite name="Grid" timestamp="2024-07-15T04:17:06Z" hostname="6b44cdd4162b" tests="1" skipped="0" failures="0" errors="0" time="0.003">
    <testcase time="0.0029999999999859" classname="character(0)" name="GridPopulation_doesn_t_work_with_SurvivalQuantities"/>
  </testsuite>
  <testsuite name="Grid" timestamp="2024-07-15T04:17:06Z" hostname="6b44cdd4162b" tests="1" skipped="0" failures="0" errors="0" time="0.003">
    <testcase time="0.00300000000004275" classname="character(0)" name="GridFixed_bug_has_been_fixed"/>
  </testsuite>
  <testsuite name="LongitudinalQuantiles" timestamp="2024-07-15T04:18:00Z" hostname="6b44cdd4162b" tests="10" skipped="0" failures="0" errors="0" time="53.785">
    <testcase time="53.777" classname="character(0)" name="Test_that_LongitudinalQuantities_works_as_expected"/>
    <testcase time="0.000999999999976353" classname="character(0)" name="Test_that_LongitudinalQuantities_works_as_expected"/>
    <testcase time="0.0010000000000332" classname="character(0)" name="Test_that_LongitudinalQuantities_works_as_expected"/>
    <testcase time="0.000999999999976353" classname="character(0)" name="Test_that_LongitudinalQuantities_works_as_expected"/>
    <testcase time="0.000999999999976353" classname="character(0)" name="Test_that_LongitudinalQuantities_works_as_expected"/>
    <testcase time="0.0010000000000332" classname="character(0)" name="Test_that_LongitudinalQuantities_works_as_expected"/>
    <testcase time="0.000999999999976353" classname="character(0)" name="Test_that_LongitudinalQuantities_works_as_expected"/>
    <testcase time="0" classname="character(0)" name="Test_that_LongitudinalQuantities_works_as_expected"/>
    <testcase time="0.0010000000000332" classname="character(0)" name="Test_that_LongitudinalQuantities_works_as_expected"/>
    <testcase time="0.000999999999976353" classname="character(0)" name="Test_that_LongitudinalQuantities_works_as_expected"/>
  </testsuite>
  <testsuite name="LongitudinalQuantiles" timestamp="2024-07-15T04:18:00Z" hostname="6b44cdd4162b" tests="15" skipped="0" failures="0" errors="0" time="0.016">
    <testcase time="0.0029999999999859" classname="character(0)" name="autoplot.LongitudinalQuantities_works_as_expected"/>
    <testcase time="0.0010000000000332" classname="character(0)" name="autoplot.LongitudinalQuantities_works_as_expected"/>
    <testcase time="0.000999999999976353" classname="character(0)" name="autoplot.LongitudinalQuantities_works_as_expected"/>
    <testcase time="0.0010000000000332" classname="character(0)" name="autoplot.LongitudinalQuantities_works_as_expected"/>
    <testcase time="0.000999999999976353" classname="character(0)" name="autoplot.LongitudinalQuantities_works_as_expected"/>
    <testcase time="0.000999999999976353" classname="character(0)" name="autoplot.LongitudinalQuantities_works_as_expected"/>
    <testcase time="0.0010000000000332" classname="character(0)" name="autoplot.LongitudinalQuantities_works_as_expected"/>
    <testcase time="0" classname="character(0)" name="autoplot.LongitudinalQuantities_works_as_expected"/>
    <testcase time="0.00200000000000955" classname="character(0)" name="autoplot.LongitudinalQuantities_works_as_expected"/>
    <testcase time="0" classname="character(0)" name="autoplot.LongitudinalQuantities_works_as_expected"/>
    <testcase time="0.000999999999976353" classname="character(0)" name="autoplot.LongitudinalQuantities_works_as_expected"/>
    <testcase time="0.0010000000000332" classname="character(0)" name="autoplot.LongitudinalQuantities_works_as_expected"/>
    <testcase time="0.000999999999976353" classname="character(0)" name="autoplot.LongitudinalQuantities_works_as_expected"/>
    <testcase time="0.000999999999976353" classname="character(0)" name="autoplot.LongitudinalQuantities_works_as_expected"/>
    <testcase time="0.0010000000000332" classname="character(0)" name="autoplot.LongitudinalQuantities_works_as_expected"/>
  </testsuite>
  <testsuite name="LongitudinalQuantiles" timestamp="2024-07-15T04:18:00Z" hostname="6b44cdd4162b" tests="1" skipped="1" failures="0" errors="0" time="0.003">
    <testcase time="0.0029999999999859" classname="character(0)" name="LongitudinalQuantities_print_method_works_as_expected">
      <skipped message="Reason: On CRAN ('test-LongitudinalQuantiles.R:86:5')"/>
    </testcase>
  </testsuite>
  <testsuite name="LongitudinalQuantiles" timestamp="2024-07-15T04:18:00Z" hostname="6b44cdd4162b" tests="1" skipped="0" failures="0" errors="0" time="0.019">
    <testcase time="0.0190000000000055" classname="character(0)" name="LongitudinalQuantities_can_recover_known_results"/>
  </testsuite>
  <testsuite name="LongitudinalQuantiles" timestamp="2024-07-15T04:18:00Z" hostname="6b44cdd4162b" tests="1" skipped="0" failures="0" errors="0" time="0.003">
    <testcase time="0.0029999999999859" classname="character(0)" name="LongitudinalQuantities_correctly_subsets_subjects_and_rebuilds_correct_value_for_each_sample"/>
  </testsuite>
  <testsuite name="LongitudinalRandomSlope" timestamp="2024-07-15T04:19:07Z" hostname="6b44cdd4162b" tests="1" skipped="1" failures="0" errors="0" time="66.805">
    <testcase time="66.805" classname="character(0)" name="Print_method_for_LongitudinalRandomSlope_works_as_expected">
      <skipped message="Reason: On CRAN ('test-LongitudinalRandomSlope.R:4:5')"/>
    </testcase>
  </testsuite>
  <testsuite name="LongitudinalRandomSlope" timestamp="2024-07-15T04:19:07Z" hostname="6b44cdd4162b" tests="1" skipped="0" failures="0" errors="0" time="0.011">
    <testcase time="0.0110000000000241" classname="character(0)" name="LongitudinalRandomSlope_correctly_generates_an_intercept_per_study"/>
  </testsuite>
  <testsuite name="LongitudinalRandomSlope" timestamp="2024-07-15T04:19:07Z" hostname="6b44cdd4162b" tests="2" skipped="0" failures="0" errors="0" time="0.002">
    <testcase time="0.00200000000000955" classname="character(0)" name="Random_Slope_Model_can_recover_known_parameter_values"/>
    <testcase time="0" classname="character(0)" name="Random_Slope_Model_can_recover_known_parameter_values"/>
  </testsuite>
  <testsuite name="LongitudinalRandomSlope" timestamp="2024-07-15T04:19:07Z" hostname="6b44cdd4162b" tests="2" skipped="0" failures="0" errors="0" time="0.002">
    <testcase time="0.00199999999995271" classname="character(0)" name="Random_Slope_Model_left_censoring_works_as_expected"/>
    <testcase time="0" classname="character(0)" name="Random_Slope_Model_left_censoring_works_as_expected"/>
  </testsuite>
  <testsuite name="LongitudinalRandomSlope" timestamp="2024-07-15T04:19:07Z" hostname="6b44cdd4162b" tests="2" skipped="0" failures="0" errors="0" time="0.003">
    <testcase time="0.00200000000000955" classname="character(0)" name="Quantity_models_pass_the_parser"/>
    <testcase time="0.0010000000000332" classname="character(0)" name="Quantity_models_pass_the_parser"/>
  </testsuite>
  <testsuite name="LongitudinalRandomSlope" timestamp="2024-07-15T04:19:07Z" hostname="6b44cdd4162b" tests="4" skipped="0" failures="0" errors="0" time="0.003">
    <testcase time="0.000999999999976353" classname="character(0)" name="Can_generate_valid_initial_values"/>
    <testcase time="0.000999999999976353" classname="character(0)" name="Can_generate_valid_initial_values"/>
    <testcase time="0" classname="character(0)" name="Can_generate_valid_initial_values"/>
    <testcase time="0.0010000000000332" classname="character(0)" name="Can_generate_valid_initial_values"/>
  </testsuite>
  <testsuite name="LongitudinalGSF" timestamp="2024-07-15T04:21:06Z" hostname="6b44cdd4162b" tests="2" skipped="0" failures="0" errors="0" time="119.047">
    <testcase time="119.046" classname="character(0)" name="LongitudinalGSF_works_as_expected_with_default_arguments"/>
    <testcase time="0.000999999999976353" classname="character(0)" name="LongitudinalGSF_works_as_expected_with_default_arguments"/>
  </testsuite>
  <testsuite name="LongitudinalGSF" timestamp="2024-07-15T04:21:06Z" hostname="6b44cdd4162b" tests="1" skipped="1" failures="0" errors="0" time="0.003">
    <testcase time="0.00300000000004275" classname="character(0)" name="Print_method_for_LongitudinalGSF_works_as_expected">
      <skipped message="Reason: On CRAN ('test-LongitudinalGSF.R:12:5')"/>
    </testcase>
  </testsuite>
  <testsuite name="LongitudinalGSF" timestamp="2024-07-15T04:21:06Z" hostname="6b44cdd4162b" tests="3" skipped="0" failures="0" errors="0" time="0.021">
    <testcase time="0.0190000000000055" classname="character(0)" name="Centralised_parameterisation_compiles_without_issues"/>
    <testcase time="0.000999999999976353" classname="character(0)" name="Centralised_parameterisation_compiles_without_issues"/>
    <testcase time="0.000999999999976353" classname="character(0)" name="Centralised_parameterisation_compiles_without_issues"/>
  </testsuite>
  <testsuite name="LongitudinalGSF" timestamp="2024-07-15T04:21:06Z" hostname="6b44cdd4162b" tests="3" skipped="0" failures="0" errors="0" time="0.005">
    <testcase time="0.00300000000004275" classname="character(0)" name="Non_Centralised_parameterisation_compiles_without_issues"/>
    <testcase time="0.000999999999976353" classname="character(0)" name="Non_Centralised_parameterisation_compiles_without_issues"/>
    <testcase time="0.0010000000000332" classname="character(0)" name="Non_Centralised_parameterisation_compiles_without_issues"/>
  </testsuite>
  <testsuite name="LongitudinalGSF" timestamp="2024-07-15T04:21:06Z" hostname="6b44cdd4162b" tests="7" skipped="0" failures="0" errors="0" time="0.008">
    <testcase time="0.0029999999999859" classname="character(0)" name="Can_recover_known_distributional_parameters_from_a_full_GSF_joint_model"/>
    <testcase time="0" classname="character(0)" name="Can_recover_known_distributional_parameters_from_a_full_GSF_joint_model"/>
    <testcase time="0.000999999999976353" classname="character(0)" name="Can_recover_known_distributional_parameters_from_a_full_GSF_joint_model"/>
    <testcase time="0.0010000000000332" classname="character(0)" name="Can_recover_known_distributional_parameters_from_a_full_GSF_joint_model"/>
    <testcase time="0.000999999999976353" classname="character(0)" name="Can_recover_known_distributional_parameters_from_a_full_GSF_joint_model"/>
    <testcase time="0.000999999999976353" classname="character(0)" name="Can_recover_known_distributional_parameters_from_a_full_GSF_joint_model"/>
    <testcase time="0.0010000000000332" classname="character(0)" name="Can_recover_known_distributional_parameters_from_a_full_GSF_joint_model"/>
  </testsuite>
  <testsuite name="LongitudinalGSF" timestamp="2024-07-15T04:21:06Z" hostname="6b44cdd4162b" tests="2" skipped="0" failures="0" errors="0" time="0.003">
    <testcase time="0.00200000000000955" classname="character(0)" name="Quantity_models_pass_the_parser"/>
    <testcase time="0.000999999999976353" classname="character(0)" name="Quantity_models_pass_the_parser"/>
  </testsuite>
  <testsuite name="LongitudinalGSF" timestamp="2024-07-15T04:21:06Z" hostname="6b44cdd4162b" tests="7" skipped="0" failures="0" errors="0" time="0.008">
    <testcase time="0.0029999999999859" classname="character(0)" name="Can_generate_valid_initial_values"/>
    <testcase time="0.0010000000000332" classname="character(0)" name="Can_generate_valid_initial_values"/>
    <testcase time="0.000999999999976353" classname="character(0)" name="Can_generate_valid_initial_values"/>
    <testcase time="0.0010000000000332" classname="character(0)" name="Can_generate_valid_initial_values"/>
    <testcase time="0" classname="character(0)" name="Can_generate_valid_initial_values"/>
    <testcase time="0.000999999999976353" classname="character(0)" name="Can_generate_valid_initial_values"/>
    <testcase time="0.000999999999976353" classname="character(0)" name="Can_generate_valid_initial_values"/>
  </testsuite>
  <testsuite name="Parameter" timestamp="2024-07-15T04:21:06Z" hostname="6b44cdd4162b" tests="2" skipped="0" failures="0" errors="0" time="0.095">
    <testcase time="0.0940000000000509" classname="character(0)" name="Parameters_smoke_tests"/>
    <testcase time="0.000999999999976353" classname="character(0)" name="Parameters_smoke_tests"/>
  </testsuite>
  <testsuite name="Parameter" timestamp="2024-07-15T04:21:06Z" hostname="6b44cdd4162b" tests="1" skipped="1" failures="0" errors="0" time="0.003">
    <testcase time="0.0029999999999859" classname="character(0)" name="show_works_for_Paramneter_objects">
      <skipped message="Reason: On CRAN ('test-Parameter.R:17:5')"/>
    </testcase>
  </testsuite>
  <testsuite name="ParameterList" timestamp="2024-07-15T04:21:06Z" hostname="6b44cdd4162b" tests="4" skipped="0" failures="0" errors="0" time="0.159">
    <testcase time="0.156000000000006" classname="character(0)" name="ParameterList_smoke_tests"/>
    <testcase time="0.000999999999976353" classname="character(0)" name="ParameterList_smoke_tests"/>
    <testcase time="0.0010000000000332" classname="character(0)" name="ParameterList_smoke_tests"/>
    <testcase time="0.000999999999976353" classname="character(0)" name="ParameterList_smoke_tests"/>
  </testsuite>
  <testsuite name="ParameterList" timestamp="2024-07-15T04:21:06Z" hostname="6b44cdd4162b" tests="1" skipped="1" failures="0" errors="0" time="0.002">
    <testcase time="0.00200000000000955" classname="character(0)" name="show_works_for_ParameterList_objects">
      <skipped message="Reason: On CRAN ('test-ParameterList.R:53:5')"/>
    </testcase>
  </testsuite>
  <testsuite name="Prior" timestamp="2024-07-15T04:21:07Z" hostname="6b44cdd4162b" tests="8" skipped="0" failures="0" errors="0" time="0.831">
    <testcase time="0.826000000000022" classname="character(0)" name="Priors_work_as_expected"/>
    <testcase time="0.000999999999976353" classname="character(0)" name="Priors_work_as_expected"/>
    <testcase time="0.000999999999976353" classname="character(0)" name="Priors_work_as_expected"/>
    <testcase time="0.00100000000009004" classname="character(0)" name="Priors_work_as_expected"/>
    <testcase time="0" classname="character(0)" name="Priors_work_as_expected"/>
    <testcase time="0" classname="character(0)" name="Priors_work_as_expected"/>
    <testcase time="0.000999999999976353" classname="character(0)" name="Priors_work_as_expected"/>
    <testcase time="0.000999999999976353" classname="character(0)" name="Priors_work_as_expected"/>
  </testsuite>
  <testsuite name="Prior" timestamp="2024-07-15T04:21:07Z" hostname="6b44cdd4162b" tests="15" skipped="0" failures="0" errors="0" time="0.017">
    <testcase time="0.00300000000004275" classname="character(0)" name="Invalid_prior_parameters_are_rejected"/>
    <testcase time="0.00199999999995271" classname="character(0)" name="Invalid_prior_parameters_are_rejected"/>
    <testcase time="0.000999999999976353" classname="character(0)" name="Invalid_prior_parameters_are_rejected"/>
    <testcase time="0.00100000000009004" classname="character(0)" name="Invalid_prior_parameters_are_rejected"/>
    <testcase time="0.000999999999976353" classname="character(0)" name="Invalid_prior_parameters_are_rejected"/>
    <testcase time="0.000999999999976353" classname="character(0)" name="Invalid_prior_parameters_are_rejected"/>
    <testcase time="0.000999999999976353" classname="character(0)" name="Invalid_prior_parameters_are_rejected"/>
    <testcase time="0.000999999999976353" classname="character(0)" name="Invalid_prior_parameters_are_rejected"/>
    <testcase time="0" classname="character(0)" name="Invalid_prior_parameters_are_rejected"/>
    <testcase time="0.00100000000009004" classname="character(0)" name="Invalid_prior_parameters_are_rejected"/>
    <testcase time="0.000999999999976353" classname="character(0)" name="Invalid_prior_parameters_are_rejected"/>
    <testcase time="0.000999999999976353" classname="character(0)" name="Invalid_prior_parameters_are_rejected"/>
    <testcase time="0.000999999999976353" classname="character(0)" name="Invalid_prior_parameters_are_rejected"/>
    <testcase time="0.000999999999976353" classname="character(0)" name="Invalid_prior_parameters_are_rejected"/>
    <testcase time="0.00100000000009004" classname="character(0)" name="Invalid_prior_parameters_are_rejected"/>
  </testsuite>
  <testsuite name="Prior" timestamp="2024-07-15T04:21:07Z" hostname="6b44cdd4162b" tests="1" skipped="1" failures="0" errors="0" time="0.003">
    <testcase time="0.00299999999992906" classname="character(0)" name="show_works_for_Prior_objects">
      <skipped message="Reason: On CRAN ('test-Prior.R:147:5')"/>
    </testcase>
  </testsuite>
  <testsuite name="Prior" timestamp="2024-07-15T04:21:07Z" hostname="6b44cdd4162b" tests="3" skipped="0" failures="0" errors="0" time="0.02">
    <testcase time="0.0180000000000291" classname="character(0)" name="jmpost.prior_shrinkage_works_as_expected"/>
    <testcase time="0.000999999999976353" classname="character(0)" name="jmpost.prior_shrinkage_works_as_expected"/>
    <testcase time="0.000999999999976353" classname="character(0)" name="jmpost.prior_shrinkage_works_as_expected"/>
  </testsuite>
  <testsuite name="Prior" timestamp="2024-07-15T04:21:07Z" hostname="6b44cdd4162b" tests="4" skipped="0" failures="0" errors="0" time="0.005">
    <testcase time="0.00200000000006639" classname="character(0)" name="Limits_work_as_expected"/>
    <testcase time="0.000999999999976353" classname="character(0)" name="Limits_work_as_expected"/>
    <testcase time="0.000999999999976353" classname="character(0)" name="Limits_work_as_expected"/>
    <testcase time="0.000999999999976353" classname="character(0)" name="Limits_work_as_expected"/>
  </testsuite>
  <testsuite name="Prior" timestamp="2024-07-15T04:21:07Z" hostname="6b44cdd4162b" tests="2" skipped="0" failures="0" errors="0" time="0.004">
    <testcase time="0.00300000000004275" classname="character(0)" name="median_Prior_works_as_expected"/>
    <testcase time="0.000999999999976353" classname="character(0)" name="median_Prior_works_as_expected"/>
  </testsuite>
  <testsuite name="Quantities" timestamp="2024-07-15T04:21:07Z" hostname="6b44cdd4162b" tests="3" skipped="0" failures="0" errors="0" time="0.193">
    <testcase time="0.191000000000031" classname="character(0)" name="Simple_utility_functions_work_as_expected"/>
    <testcase time="0.000999999999976353" classname="character(0)" name="Simple_utility_functions_work_as_expected"/>
    <testcase time="0.000999999999976353" classname="character(0)" name="Simple_utility_functions_work_as_expected"/>
  </testsuite>
  <testsuite name="Quantities" timestamp="2024-07-15T04:21:07Z" hostname="6b44cdd4162b" tests="4" skipped="0" failures="0" errors="0" time="0.006">
    <testcase time="0.00300000000004275" classname="character(0)" name="collapse_quantities_works_as_expected"/>
    <testcase time="0.000999999999976353" classname="character(0)" name="collapse_quantities_works_as_expected"/>
    <testcase time="0.00100000000009004" classname="character(0)" name="collapse_quantities_works_as_expected"/>
    <testcase time="0.000999999999976353" classname="character(0)" name="collapse_quantities_works_as_expected"/>
  </testsuite>
  <testsuite name="Quantities" timestamp="2024-07-15T04:21:07Z" hostname="6b44cdd4162b" tests="1" skipped="0" failures="0" errors="0" time="0.002">
    <testcase time="0.00199999999995271" classname="character(0)" name="summary.Quantiles_works_as_expected"/>
  </testsuite>
  <testsuite name="Quantities" timestamp="2024-07-15T04:21:07Z" hostname="6b44cdd4162b" tests="1" skipped="0" failures="0" errors="0" time="0.004">
    <testcase time="0.0040000000000191" classname="character(0)" name="as.data.frame.Quantiles_works_as_expected"/>
  </testsuite>
  <testsuite name="Quantities" timestamp="2024-07-15T04:21:07Z" hostname="6b44cdd4162b" tests="1" skipped="1" failures="0" errors="0" time="0.003">
    <testcase time="0.00300000000004275" classname="character(0)" name="Quantities_print_method_works_as_expected">
      <skipped message="Reason: On CRAN ('test-Quantities.R:140:5')"/>
    </testcase>
  </testsuite>
  <testsuite name="SimGroup" timestamp="2024-07-15T04:21:08Z" hostname="6b44cdd4162b" tests="7" skipped="0" failures="0" errors="0" time="0.158">
    <testcase time="0.15199999999993" classname="character(0)" name="SimGroup_works_as_expected"/>
    <testcase time="0.000999999999976353" classname="character(0)" name="SimGroup_works_as_expected"/>
    <testcase time="0.00100000000009004" classname="character(0)" name="SimGroup_works_as_expected"/>
    <testcase time="0.000999999999976353" classname="character(0)" name="SimGroup_works_as_expected"/>
    <testcase time="0.000999999999976353" classname="character(0)" name="SimGroup_works_as_expected"/>
    <testcase time="0.000999999999976353" classname="character(0)" name="SimGroup_works_as_expected"/>
    <testcase time="0.000999999999976353" classname="character(0)" name="SimGroup_works_as_expected"/>
  </testsuite>
  <testsuite name="SimJointData" timestamp="2024-07-15T04:21:09Z" hostname="6b44cdd4162b" tests="8" skipped="0" failures="0" errors="0" time="0.983">
    <testcase time="0.978000000000065" classname="character(0)" name="SimJointData_works_as_expected"/>
    <testcase time="0" classname="character(0)" name="SimJointData_works_as_expected"/>
    <testcase time="0" classname="character(0)" name="SimJointData_works_as_expected"/>
    <testcase time="0.000999999999976353" classname="character(0)" name="SimJointData_works_as_expected"/>
    <testcase time="0.00100000000009004" classname="character(0)" name="SimJointData_works_as_expected"/>
    <testcase time="0.000999999999976353" classname="character(0)" name="SimJointData_works_as_expected"/>
    <testcase time="0.000999999999976353" classname="character(0)" name="SimJointData_works_as_expected"/>
    <testcase time="0.000999999999976353" classname="character(0)" name="SimJointData_works_as_expected"/>
  </testsuite>
  <testsuite name="SimJointData" timestamp="2024-07-15T04:21:09Z" hostname="6b44cdd4162b" tests="1" skipped="0" failures="0" errors="0" time="0.003">
    <testcase time="0.00300000000004275" classname="character(0)" name="SimJointData_leads_to_valid_DataJoint_with_almost_only_default_arguments"/>
  </testsuite>
  <testsuite name="SimJointData" timestamp="2024-07-15T04:21:09Z" hostname="6b44cdd4162b" tests="1" skipped="1" failures="0" errors="0" time="0.002">
    <testcase time="0.00199999999995271" classname="character(0)" name="print_methods_work_as_expected">
      <skipped message="Reason: On CRAN ('test-SimJointData.R:95:5')"/>
    </testcase>
  </testsuite>
  <testsuite name="SimLongitudinalClaretBruno" timestamp="2024-07-15T04:21:09Z" hostname="6b44cdd4162b" tests="16" skipped="0" failures="0" errors="0" time="0.206">
    <testcase time="0.194000000000074" classname="character(0)" name="SimLongitudinalClaretBruno_works_as_expected"/>
    <testcase time="0" classname="character(0)" name="SimLongitudinalClaretBruno_works_as_expected"/>
    <testcase time="0" classname="character(0)" name="SimLongitudinalClaretBruno_works_as_expected"/>
    <testcase time="0.000999999999976353" classname="character(0)" name="SimLongitudinalClaretBruno_works_as_expected"/>
    <testcase time="0.000999999999976353" classname="character(0)" name="SimLongitudinalClaretBruno_works_as_expected"/>
    <testcase time="0.000999999999976353" classname="character(0)" name="SimLongitudinalClaretBruno_works_as_expected"/>
    <testcase time="0.00100000000009004" classname="character(0)" name="SimLongitudinalClaretBruno_works_as_expected"/>
    <testcase time="0.000999999999976353" classname="character(0)" name="SimLongitudinalClaretBruno_works_as_expected"/>
    <testcase time="0.000999999999976353" classname="character(0)" name="SimLongitudinalClaretBruno_works_as_expected"/>
    <testcase time="0" classname="character(0)" name="SimLongitudinalClaretBruno_works_as_expected"/>
    <testcase time="0.000999999999976353" classname="character(0)" name="SimLongitudinalClaretBruno_works_as_expected"/>
    <testcase time="0.000999999999976353" classname="character(0)" name="SimLongitudinalClaretBruno_works_as_expected"/>
    <testcase time="0.00100000000009004" classname="character(0)" name="SimLongitudinalClaretBruno_works_as_expected"/>
    <testcase time="0.000999999999976353" classname="character(0)" name="SimLongitudinalClaretBruno_works_as_expected"/>
    <testcase time="0.000999999999976353" classname="character(0)" name="SimLongitudinalClaretBruno_works_as_expected"/>
    <testcase time="0.000999999999976353" classname="character(0)" name="SimLongitudinalClaretBruno_works_as_expected"/>
  </testsuite>
  <testsuite name="SimLongitudinalClaretBruno" timestamp="2024-07-15T04:21:09Z" hostname="6b44cdd4162b" tests="1" skipped="1" failures="0" errors="0" time="0.003">
    <testcase time="0.00300000000004275" classname="character(0)" name="print_methods_work_as_expected">
      <skipped message="Reason: On CRAN ('test-SimLongitudinalClaretBruno.R:65:5')"/>
    </testcase>
  </testsuite>
  <testsuite name="SimLongitudinalGSF" timestamp="2024-07-15T04:21:09Z" hostname="6b44cdd4162b" tests="16" skipped="0" failures="0" errors="0" time="0.209">
    <testcase time="0.196000000000026" classname="character(0)" name="SimLongitudinalGSF_works_as_expected"/>
    <testcase time="0.000999999999976353" classname="character(0)" name="SimLongitudinalGSF_works_as_expected"/>
    <testcase time="0.000999999999976353" classname="character(0)" name="SimLongitudinalGSF_works_as_expected"/>
    <testcase time="0" classname="character(0)" name="SimLongitudinalGSF_works_as_expected"/>
    <testcase time="0.000999999999976353" classname="character(0)" name="SimLongitudinalGSF_works_as_expected"/>
    <testcase time="0.000999999999976353" classname="character(0)" name="SimLongitudinalGSF_works_as_expected"/>
    <testcase time="0.00100000000009004" classname="character(0)" name="SimLongitudinalGSF_works_as_expected"/>
    <testcase time="0.000999999999976353" classname="character(0)" name="SimLongitudinalGSF_works_as_expected"/>
    <testcase time="0.000999999999976353" classname="character(0)" name="SimLongitudinalGSF_works_as_expected"/>
    <testcase time="0.000999999999976353" classname="character(0)" name="SimLongitudinalGSF_works_as_expected"/>
    <testcase time="0.000999999999976353" classname="character(0)" name="SimLongitudinalGSF_works_as_expected"/>
    <testcase time="0" classname="character(0)" name="SimLongitudinalGSF_works_as_expected"/>
    <testcase time="0.00100000000009004" classname="character(0)" name="SimLongitudinalGSF_works_as_expected"/>
    <testcase time="0.000999999999976353" classname="character(0)" name="SimLongitudinalGSF_works_as_expected"/>
    <testcase time="0.000999999999976353" classname="character(0)" name="SimLongitudinalGSF_works_as_expected"/>
    <testcase time="0.000999999999976353" classname="character(0)" name="SimLongitudinalGSF_works_as_expected"/>
  </testsuite>
  <testsuite name="SimLongitudinalGSF" timestamp="2024-07-15T04:21:09Z" hostname="6b44cdd4162b" tests="1" skipped="1" failures="0" errors="0" time="0.003">
    <testcase time="0.00300000000004275" classname="character(0)" name="print_methods_work_as_expected">
      <skipped message="Reason: On CRAN ('test-SimLongitudinalGSF.R:64:5')"/>
    </testcase>
  </testsuite>
  <testsuite name="SimLongitudinalRandomSlope" timestamp="2024-07-15T04:21:10Z" hostname="6b44cdd4162b" tests="15" skipped="0" failures="0" errors="0" time="0.6">
    <testcase time="0.592999999999961" classname="character(0)" name="SimLongitudinalRandomSlope_works_as_expected"/>
    <testcase time="0.000999999999976353" classname="character(0)" name="SimLongitudinalRandomSlope_works_as_expected"/>
    <testcase time="0" classname="character(0)" name="SimLongitudinalRandomSlope_works_as_expected"/>
    <testcase time="0.00100000000009004" classname="character(0)" name="SimLongitudinalRandomSlope_works_as_expected"/>
    <testcase time="0" classname="character(0)" name="SimLongitudinalRandomSlope_works_as_expected"/>
    <testcase time="0.000999999999976353" classname="character(0)" name="SimLongitudinalRandomSlope_works_as_expected"/>
    <testcase time="0" classname="character(0)" name="SimLongitudinalRandomSlope_works_as_expected"/>
    <testcase time="0.000999999999976353" classname="character(0)" name="SimLongitudinalRandomSlope_works_as_expected"/>
    <testcase time="0" classname="character(0)" name="SimLongitudinalRandomSlope_works_as_expected"/>
    <testcase time="0.000999999999976353" classname="character(0)" name="SimLongitudinalRandomSlope_works_as_expected"/>
    <testcase time="0" classname="character(0)" name="SimLongitudinalRandomSlope_works_as_expected"/>
    <testcase time="0.00100000000009004" classname="character(0)" name="SimLongitudinalRandomSlope_works_as_expected"/>
    <testcase time="0" classname="character(0)" name="SimLongitudinalRandomSlope_works_as_expected"/>
    <testcase time="0.000999999999976353" classname="character(0)" name="SimLongitudinalRandomSlope_works_as_expected"/>
    <testcase time="0" classname="character(0)" name="SimLongitudinalRandomSlope_works_as_expected"/>
  </testsuite>
  <testsuite name="SimLongitudinalRandomSlope" timestamp="2024-07-15T04:21:10Z" hostname="6b44cdd4162b" tests="1" skipped="0" failures="0" errors="0" time="0.002">
    <testcase time="0.00199999999995271" classname="character(0)" name="SimLongitudinalRandomSlope_correctly_generates_a_dataset_with_known_parameters"/>
  </testsuite>
  <testsuite name="SimLongitudinalRandomSlope" timestamp="2024-07-15T04:21:10Z" hostname="6b44cdd4162b" tests="1" skipped="1" failures="0" errors="0" time="0.002">
    <testcase time="0.00200000000006639" classname="character(0)" name="print_methods_work_as_expected">
      <skipped message="Reason: On CRAN ('test-SimLongitudinalRandomSlope.R:92:5')"/>
    </testcase>
  </testsuite>
  <testsuite name="SimLongitudinalSteinFojo" timestamp="2024-07-15T04:21:10Z" hostname="6b44cdd4162b" tests="15" skipped="0" failures="0" errors="0" time="0.13">
    <testcase time="0.122999999999934" classname="character(0)" name="SimLongitudinalSteinFojo_works_as_expected"/>
    <testcase time="0" classname="character(0)" name="SimLongitudinalSteinFojo_works_as_expected"/>
    <testcase time="0" classname="character(0)" name="SimLongitudinalSteinFojo_works_as_expected"/>
    <testcase time="0.00100000000009004" classname="character(0)" name="SimLongitudinalSteinFojo_works_as_expected"/>
    <testcase time="0" classname="character(0)" name="SimLongitudinalSteinFojo_works_as_expected"/>
    <testcase time="0.000999999999976353" classname="character(0)" name="SimLongitudinalSteinFojo_works_as_expected"/>
    <testcase time="0" classname="character(0)" name="SimLongitudinalSteinFojo_works_as_expected"/>
    <testcase time="0.000999999999976353" classname="character(0)" name="SimLongitudinalSteinFojo_works_as_expected"/>
    <testcase time="0" classname="character(0)" name="SimLongitudinalSteinFojo_works_as_expected"/>
    <testcase time="0.000999999999976353" classname="character(0)" name="SimLongitudinalSteinFojo_works_as_expected"/>
    <testcase time="0" classname="character(0)" name="SimLongitudinalSteinFojo_works_as_expected"/>
    <testcase time="0.000999999999976353" classname="character(0)" name="SimLongitudinalSteinFojo_works_as_expected"/>
    <testcase time="0" classname="character(0)" name="SimLongitudinalSteinFojo_works_as_expected"/>
    <testcase time="0.00100000000009004" classname="character(0)" name="SimLongitudinalSteinFojo_works_as_expected"/>
    <testcase time="0.000999999999976353" classname="character(0)" name="SimLongitudinalSteinFojo_works_as_expected"/>
  </testsuite>
  <testsuite name="SimLongitudinalSteinFojo" timestamp="2024-07-15T04:21:10Z" hostname="6b44cdd4162b" tests="1" skipped="1" failures="0" errors="0" time="0.002">
    <testcase time="0.00199999999995271" classname="character(0)" name="print_methods_work_as_expected">
      <skipped message="Reason: On CRAN ('test-SimLongitudinalSteinFojo.R:62:5')"/>
    </testcase>
  </testsuite>
  <testsuite name="SimSurvival" timestamp="2024-07-15T04:21:13Z" hostname="6b44cdd4162b" tests="1" skipped="0" failures="0" errors="0" time="3.044">
    <testcase time="3.04399999999998" classname="character(0)" name="SimSurvivalExponential_creates_a_dataset_with_the_correct_parameter"/>
  </testsuite>
  <testsuite name="SimSurvival" timestamp="2024-07-15T04:21:13Z" hostname="6b44cdd4162b" tests="3" skipped="0" failures="0" errors="0" time="0.003">
    <testcase time="0.00200000000006639" classname="character(0)" name="SimSurvivalWeibullPH_creates_a_dataset_with_the_correct_parameter"/>
    <testcase time="0" classname="character(0)" name="SimSurvivalWeibullPH_creates_a_dataset_with_the_correct_parameter"/>
    <testcase time="0.000999999999976353" classname="character(0)" name="SimSurvivalWeibullPH_creates_a_dataset_with_the_correct_parameter"/>
  </testsuite>
  <testsuite name="SimSurvival" timestamp="2024-07-15T04:21:13Z" hostname="6b44cdd4162b" tests="1" skipped="1" failures="0" errors="0" time="0.002">
    <testcase time="0.00199999999995271" classname="character(0)" name="print_methods_work_as_expected">
      <skipped message="Reason: On CRAN ('test-SimSurvival.R:86:5')"/>
    </testcase>
  </testsuite>
  <testsuite name="StanModel" timestamp="2024-07-15T04:21:13Z" hostname="6b44cdd4162b" tests="1" skipped="1" failures="0" errors="0" time="0.057">
    <testcase time="0.0570000000000164" classname="character(0)" name="StanModel_print_function_works_as_expected">
      <skipped message="Reason: On CRAN ('test-StanModel.R:11:5')"/>
    </testcase>
  </testsuite>
  <testsuite name="StanModule" timestamp="2024-07-15T04:21:13Z" hostname="6b44cdd4162b" tests="1" skipped="1" failures="0" errors="0" time="0.334">
    <testcase time="0.33400000000006" classname="character(0)" name="StanModule_print_method_works_as_expected">
      <skipped message="Reason: On CRAN ('test-StanModule.R:3:5')"/>
    </testcase>
  </testsuite>
  <testsuite name="StanModule" timestamp="2024-07-15T04:21:13Z" hostname="6b44cdd4162b" tests="7" skipped="0" failures="0" errors="0" time="0.013">
    <testcase time="0.0109999999999673" classname="character(0)" name="StanModule_can_read_basic_stan_programs"/>
    <testcase time="0" classname="character(0)" name="StanModule_can_read_basic_stan_programs"/>
    <testcase time="0.000999999999976353" classname="character(0)" name="StanModule_can_read_basic_stan_programs"/>
    <testcase time="0" classname="character(0)" name="StanModule_can_read_basic_stan_programs"/>
    <testcase time="0" classname="character(0)" name="StanModule_can_read_basic_stan_programs"/>
    <testcase time="0" classname="character(0)" name="StanModule_can_read_basic_stan_programs"/>
    <testcase time="0.00100000000009004" classname="character(0)" name="StanModule_can_read_basic_stan_programs"/>
  </testsuite>
  <testsuite name="StanModule" timestamp="2024-07-15T04:21:13Z" hostname="6b44cdd4162b" tests="7" skipped="0" failures="0" errors="0" time="0.005">
    <testcase time="0.00199999999995271" classname="character(0)" name="StanModule_can_handle_trailing_characters"/>
    <testcase time="0" classname="character(0)" name="StanModule_can_handle_trailing_characters"/>
    <testcase time="0.000999999999976353" classname="character(0)" name="StanModule_can_handle_trailing_characters"/>
    <testcase time="0" classname="character(0)" name="StanModule_can_handle_trailing_characters"/>
    <testcase time="0.00100000000009004" classname="character(0)" name="StanModule_can_handle_trailing_characters"/>
    <testcase time="0" classname="character(0)" name="StanModule_can_handle_trailing_characters"/>
    <testcase time="0.000999999999976353" classname="character(0)" name="StanModule_can_handle_trailing_characters"/>
  </testsuite>
  <testsuite name="StanModule" timestamp="2024-07-15T04:21:13Z" hostname="6b44cdd4162b" tests="7" skipped="0" failures="0" errors="0" time="0.003">
    <testcase time="0.000999999999976353" classname="character(0)" name="StanModule_works_with_in_line_code"/>
    <testcase time="0" classname="character(0)" name="StanModule_works_with_in_line_code"/>
    <testcase time="0" classname="character(0)" name="StanModule_works_with_in_line_code"/>
    <testcase time="0" classname="character(0)" name="StanModule_works_with_in_line_code"/>
    <testcase time="0" classname="character(0)" name="StanModule_works_with_in_line_code"/>
    <testcase time="0.00100000000009004" classname="character(0)" name="StanModule_works_with_in_line_code"/>
    <testcase time="0.000999999999976353" classname="character(0)" name="StanModule_works_with_in_line_code"/>
  </testsuite>
  <testsuite name="StanModule" timestamp="2024-07-15T04:21:13Z" hostname="6b44cdd4162b" tests="2" skipped="0" failures="0" errors="0" time="0.002">
    <testcase time="0.000999999999976353" classname="character(0)" name="StanModule_throws_an_error_for_1_line_blocks"/>
    <testcase time="0.000999999999976353" classname="character(0)" name="StanModule_throws_an_error_for_1_line_blocks"/>
  </testsuite>
  <testsuite name="StanModule" timestamp="2024-07-15T04:21:13Z" hostname="6b44cdd4162b" tests="1" skipped="0" failures="0" errors="0" time="0.002">
    <testcase time="0.00200000000006639" classname="character(0)" name="StanModule_throws_an_error_for_code_after_the_closing_bracket"/>
  </testsuite>
  <testsuite name="StanModule" timestamp="2024-07-15T04:21:13Z" hostname="6b44cdd4162b" tests="7" skipped="0" failures="0" errors="0" time="0.005">
    <testcase time="0.000999999999976353" classname="character(0)" name="StanModule_can_load_vignette_example_code"/>
    <testcase time="0.000999999999976353" classname="character(0)" name="StanModule_can_load_vignette_example_code"/>
    <testcase time="0" classname="character(0)" name="StanModule_can_load_vignette_example_code"/>
    <testcase time="0.000999999999976353" classname="character(0)" name="StanModule_can_load_vignette_example_code"/>
    <testcase time="0" classname="character(0)" name="StanModule_can_load_vignette_example_code"/>
    <testcase time="0.000999999999976353" classname="character(0)" name="StanModule_can_load_vignette_example_code"/>
    <testcase time="0.00100000000009004" classname="character(0)" name="StanModule_can_load_vignette_example_code"/>
  </testsuite>
  <testsuite name="StanModule" timestamp="2024-07-15T04:21:13Z" hostname="6b44cdd4162b" tests="21" skipped="0" failures="0" errors="0" time="0.012">
    <testcase time="0.000999999999976353" classname="character(0)" name="StanModule.merge_works_as_expected"/>
    <testcase time="0.000999999999976353" classname="character(0)" name="StanModule.merge_works_as_expected"/>
    <testcase time="0" classname="character(0)" name="StanModule.merge_works_as_expected"/>
    <testcase time="0.000999999999976353" classname="character(0)" name="StanModule.merge_works_as_expected"/>
    <testcase time="0" classname="character(0)" name="StanModule.merge_works_as_expected"/>
    <testcase time="0.000999999999976353" classname="character(0)" name="StanModule.merge_works_as_expected"/>
    <testcase time="0" classname="character(0)" name="StanModule.merge_works_as_expected"/>
    <testcase time="0.00100000000009004" classname="character(0)" name="StanModule.merge_works_as_expected"/>
    <testcase time="0" classname="character(0)" name="StanModule.merge_works_as_expected"/>
    <testcase time="0.000999999999976353" classname="character(0)" name="StanModule.merge_works_as_expected"/>
    <testcase time="0" classname="character(0)" name="StanModule.merge_works_as_expected"/>
    <testcase time="0.000999999999976353" classname="character(0)" name="StanModule.merge_works_as_expected"/>
    <testcase time="0" classname="character(0)" name="StanModule.merge_works_as_expected"/>
    <testcase time="0.000999999999976353" classname="character(0)" name="StanModule.merge_works_as_expected"/>
    <testcase time="0" classname="character(0)" name="StanModule.merge_works_as_expected"/>
    <testcase time="0.000999999999976353" classname="character(0)" name="StanModule.merge_works_as_expected"/>
    <testcase time="0" classname="character(0)" name="StanModule.merge_works_as_expected"/>
    <testcase time="0.00100000000009004" classname="character(0)" name="StanModule.merge_works_as_expected"/>
    <testcase time="0.000999999999976353" classname="character(0)" name="StanModule.merge_works_as_expected"/>
    <testcase time="0" classname="character(0)" name="StanModule.merge_works_as_expected"/>
    <testcase time="0.000999999999976353" classname="character(0)" name="StanModule.merge_works_as_expected"/>
  </testsuite>
  <testsuite name="StanModule" timestamp="2024-07-15T04:21:13Z" hostname="6b44cdd4162b" tests="1" skipped="0" failures="0" errors="0" time="0.002">
    <testcase time="0.00200000000006639" classname="character(0)" name="StanModule_throws_a_warning_if_non_empty_string_generates_empty_object"/>
  </testsuite>
  <testsuite name="SurvivalExponential" timestamp="2024-07-15T04:21:37Z" hostname="6b44cdd4162b" tests="1" skipped="0" failures="0" errors="0" time="23.939">
    <testcase time="23.939" classname="character(0)" name="SurvivalExponential_can_recover_true_parameter_including_covariates_"/>
  </testsuite>
  <testsuite name="SurvivalExponential" timestamp="2024-07-15T04:21:37Z" hostname="6b44cdd4162b" tests="1" skipped="1" failures="0" errors="0" time="0.003">
    <testcase time="0.00299999999992906" classname="character(0)" name="Print_method_for_SurvivalExponential_works_as_expected">
      <skipped message="Reason: On CRAN ('test-SurvivalExponential.R:62:5')"/>
    </testcase>
  </testsuite>
  <testsuite name="SurvivalLoglogistic" timestamp="2024-07-15T04:22:16Z" hostname="6b44cdd4162b" tests="1" skipped="0" failures="0" errors="0" time="39.107">
    <testcase time="39.1070000000001" classname="character(0)" name="sim_os_loglogistic_is_consistant_with_flexsurv"/>
  </testsuite>
  <testsuite name="SurvivalLoglogistic" timestamp="2024-07-15T04:22:16Z" hostname="6b44cdd4162b" tests="1" skipped="0" failures="0" errors="0" time="0.003">
    <testcase time="0.00299999999992906" classname="character(0)" name="SurvivalLogLogistic_can_recover_known_values"/>
  </testsuite>
  <testsuite name="SurvivalLoglogistic" timestamp="2024-07-15T04:22:16Z" hostname="6b44cdd4162b" tests="1" skipped="1" failures="0" errors="0" time="0.002">
    <testcase time="0.00200000000006639" classname="character(0)" name="Print_method_for_SurvivalLogLogistic_works_as_expected">
      <skipped message="Reason: On CRAN ('test-SurvivalLoglogistic.R:89:5')"/>
    </testcase>
  </testsuite>
  <testsuite name="SurvivalQuantities" timestamp="2024-07-15T04:23:53Z" hostname="6b44cdd4162b" tests="13" skipped="0" failures="0" errors="0" time="96.271">
    <testcase time="96.259" classname="character(0)" name="SurvivalQuantities_and_autoplot.SurvivalQuantities_works_as_expected"/>
    <testcase time="0.000999999999976353" classname="character(0)" name="SurvivalQuantities_and_autoplot.SurvivalQuantities_works_as_expected"/>
    <testcase time="0.000999999999976353" classname="character(0)" name="SurvivalQuantities_and_autoplot.SurvivalQuantities_works_as_expected"/>
    <testcase time="0.000999999999976353" classname="character(0)" name="SurvivalQuantities_and_autoplot.SurvivalQuantities_works_as_expected"/>
    <testcase time="0.00100000000009004" classname="character(0)" name="SurvivalQuantities_and_autoplot.SurvivalQuantities_works_as_expected"/>
    <testcase time="0.000999999999976353" classname="character(0)" name="SurvivalQuantities_and_autoplot.SurvivalQuantities_works_as_expected"/>
    <testcase time="0.000999999999976353" classname="character(0)" name="SurvivalQuantities_and_autoplot.SurvivalQuantities_works_as_expected"/>
    <testcase time="0.000999999999976353" classname="character(0)" name="SurvivalQuantities_and_autoplot.SurvivalQuantities_works_as_expected"/>
    <testcase time="0.000999999999976353" classname="character(0)" name="SurvivalQuantities_and_autoplot.SurvivalQuantities_works_as_expected"/>
    <testcase time="0.00100000000009004" classname="character(0)" name="SurvivalQuantities_and_autoplot.SurvivalQuantities_works_as_expected"/>
    <testcase time="0.000999999999976353" classname="character(0)" name="SurvivalQuantities_and_autoplot.SurvivalQuantities_works_as_expected"/>
    <testcase time="0.000999999999976353" classname="character(0)" name="SurvivalQuantities_and_autoplot.SurvivalQuantities_works_as_expected"/>
    <testcase time="0.000999999999976353" classname="character(0)" name="SurvivalQuantities_and_autoplot.SurvivalQuantities_works_as_expected"/>
  </testsuite>
  <testsuite name="SurvivalQuantities" timestamp="2024-07-15T04:23:53Z" hostname="6b44cdd4162b" tests="18" skipped="0" failures="0" errors="0" time="0.02">
    <testcase time="0.00300000000004275" classname="character(0)" name="autoplot.SurvivalSamples_works_as_expected"/>
    <testcase time="0.000999999999976353" classname="character(0)" name="autoplot.SurvivalSamples_works_as_expected"/>
    <testcase time="0.000999999999976353" classname="character(0)" name="autoplot.SurvivalSamples_works_as_expected"/>
    <testcase time="0.000999999999976353" classname="character(0)" name="autoplot.SurvivalSamples_works_as_expected"/>
    <testcase time="0.00100000000009004" classname="character(0)" name="autoplot.SurvivalSamples_works_as_expected"/>
    <testcase time="0.000999999999976353" classname="character(0)" name="autoplot.SurvivalSamples_works_as_expected"/>
    <testcase time="0.000999999999976353" classname="character(0)" name="autoplot.SurvivalSamples_works_as_expected"/>
    <testcase time="0" classname="character(0)" name="autoplot.SurvivalSamples_works_as_expected"/>
    <testcase time="0.000999999999976353" classname="character(0)" name="autoplot.SurvivalSamples_works_as_expected"/>
    <testcase time="0.000999999999976353" classname="character(0)" name="autoplot.SurvivalSamples_works_as_expected"/>
    <testcase time="0.00100000000009004" classname="character(0)" name="autoplot.SurvivalSamples_works_as_expected"/>
    <testcase time="0.000999999999976353" classname="character(0)" name="autoplot.SurvivalSamples_works_as_expected"/>
    <testcase time="0.00199999999995271" classname="character(0)" name="autoplot.SurvivalSamples_works_as_expected"/>
[...]
    <testcase time="0.00300000000004275" classname="character(0)" name="intial_values_for_fixed_distributions_gives_valid_values"/>
    <testcase time="0.0040000000000191" classname="character(0)" name="intial_values_for_fixed_distributions_gives_valid_values"/>
    <testcase time="0.00299999999992906" classname="character(0)" name="intial_values_for_fixed_distributions_gives_valid_values"/>
    <testcase time="0.0040000000000191" classname="character(0)" name="intial_values_for_fixed_distributions_gives_valid_values"/>
    <testcase time="0.00300000000004275" classname="character(0)" name="intial_values_for_fixed_distributions_gives_valid_values"/>
    <testcase time="0.00299999999992906" classname="character(0)" name="intial_values_for_fixed_distributions_gives_valid_values"/>
    <testcase time="0.0040000000000191" classname="character(0)" name="intial_values_for_fixed_distributions_gives_valid_values"/>
    <testcase time="0.0040000000000191" classname="character(0)" name="intial_values_for_fixed_distributions_gives_valid_values"/>
    <testcase time="0.00300000000004275" classname="character(0)" name="intial_values_for_fixed_distributions_gives_valid_values"/>
    <testcase time="0.00399999999990541" classname="character(0)" name="intial_values_for_fixed_distributions_gives_valid_values"/>
    <testcase time="0.00300000000004275" classname="character(0)" name="intial_values_for_fixed_distributions_gives_valid_values"/>
    <testcase time="0.00300000000004275" classname="character(0)" name="intial_values_for_fixed_distributions_gives_valid_values"/>
    <testcase time="0.00399999999990541" classname="character(0)" name="intial_values_for_fixed_distributions_gives_valid_values"/>
    <testcase time="0.00300000000004275" classname="character(0)" name="intial_values_for_fixed_distributions_gives_valid_values"/>
    <testcase time="0.0040000000000191" classname="character(0)" name="intial_values_for_fixed_distributions_gives_valid_values"/>
    <testcase time="0.00300000000004275" classname="character(0)" name="intial_values_for_fixed_distributions_gives_valid_values"/>
    <testcase time="0.00399999999990541" classname="character(0)" name="intial_values_for_fixed_distributions_gives_valid_values"/>
    <testcase time="0.00300000000004275" classname="character(0)" name="intial_values_for_fixed_distributions_gives_valid_values"/>
    <testcase time="0.00999999999999091" classname="character(0)" name="intial_values_for_fixed_distributions_gives_valid_values"/>
    <testcase time="0.0040000000000191" classname="character(0)" name="intial_values_for_fixed_distributions_gives_valid_values"/>
    <testcase time="0.00299999999992906" classname="character(0)" name="intial_values_for_fixed_distributions_gives_valid_values"/>
    <testcase time="0.0040000000000191" classname="character(0)" name="intial_values_for_fixed_distributions_gives_valid_values"/>
    <testcase time="0.00300000000004275" classname="character(0)" name="intial_values_for_fixed_distributions_gives_valid_values"/>
    <testcase time="0.0040000000000191" classname="character(0)" name="intial_values_for_fixed_distributions_gives_valid_values"/>
    <testcase time="0.00299999999992906" classname="character(0)" name="intial_values_for_fixed_distributions_gives_valid_values"/>
    <testcase time="0.00300000000004275" classname="character(0)" name="intial_values_for_fixed_distributions_gives_valid_values"/>
    <testcase time="0.0040000000000191" classname="character(0)" name="intial_values_for_fixed_distributions_gives_valid_values"/>
    <testcase time="0.00299999999992906" classname="character(0)" name="intial_values_for_fixed_distributions_gives_valid_values"/>
    <testcase time="0.0040000000000191" classname="character(0)" name="intial_values_for_fixed_distributions_gives_valid_values"/>
    <testcase time="0.00300000000004275" classname="character(0)" name="intial_values_for_fixed_distributions_gives_valid_values"/>
    <testcase time="0.00300000000004275" classname="character(0)" name="intial_values_for_fixed_distributions_gives_valid_values"/>
    <testcase time="0.00399999999990541" classname="character(0)" name="intial_values_for_fixed_distributions_gives_valid_values"/>
    <testcase time="0.00300000000004275" classname="character(0)" name="intial_values_for_fixed_distributions_gives_valid_values"/>
    <testcase time="0.0040000000000191" classname="character(0)" name="intial_values_for_fixed_distributions_gives_valid_values"/>
  </testsuite>
  <testsuite name="jinjar_render" timestamp="2024-07-15T04:24:51Z" hostname="6b44cdd4162b" tests="2" skipped="0" failures="0" errors="0" time="0.088">
    <testcase time="0.0869999999999891" classname="character(0)" name="Basic_Jinjar_syntax_works_with_decorated_render_"/>
    <testcase time="0.000999999999976353" classname="character(0)" name="Basic_Jinjar_syntax_works_with_decorated_render_"/>
  </testsuite>
  <testsuite name="jinjar_render" timestamp="2024-07-15T04:24:51Z" hostname="6b44cdd4162b" tests="1" skipped="0" failures="0" errors="0" time="0.003">
    <testcase time="0.00300000000004275" classname="character(0)" name="Global_variables_defined_by_decorated_render_are_usable"/>
  </testsuite>
  <testsuite name="longitudinal_plot" timestamp="2024-07-15T04:24:51Z" hostname="6b44cdd4162b" tests="1" skipped="1" failures="0" errors="0" time="0.491">
    <testcase time="0.490999999999985" classname="character(0)" name="longitudinal_plot_works_as_expected">
      <skipped message="Reason: On CRAN ('test-longitudinal_plot.R:42:5')"/>
    </testcase>
  </testsuite>
  <testsuite name="misc_models" timestamp="2024-07-15T04:25:08Z" hostname="6b44cdd4162b" tests="1" skipped="0" failures="0" errors="0" time="16.792">
    <testcase time="16.792" classname="character(0)" name="Longitudinal_Model_doesn_t_print_sampler_rejection_messages"/>
  </testsuite>
  <testsuite name="model_multi_chain" timestamp="2024-07-15T04:25:49Z" hostname="6b44cdd4162b" tests="1" skipped="0" failures="0" errors="0" time="41.345">
    <testcase time="41.3449999999999" classname="character(0)" name="Can_recover_known_distribution_parameters_from_random_slope_model_when_using_multiple_chains"/>
  </testsuite>
  <testsuite name="options" timestamp="2024-07-15T04:25:50Z" hostname="6b44cdd4162b" tests="4" skipped="0" failures="0" errors="0" time="0.059">
    <testcase time="0.0579999999999927" classname="character(0)" name="Can_alter_Gaussian_Quadrature_arguments"/>
    <testcase time="0" classname="character(0)" name="Can_alter_Gaussian_Quadrature_arguments"/>
    <testcase time="0.00100000000009004" classname="character(0)" name="Can_alter_Gaussian_Quadrature_arguments"/>
    <testcase time="0" classname="character(0)" name="Can_alter_Gaussian_Quadrature_arguments"/>
  </testsuite>
  <testsuite name="stan_functions" timestamp="2024-07-15T04:26:21Z" hostname="6b44cdd4162b" tests="1" skipped="0" failures="0" errors="0" time="31.31">
    <testcase time="31.3099999999999" classname="character(0)" name="GSF_SLD_function_works_as_expected"/>
  </testsuite>
  <testsuite name="stan_functions" timestamp="2024-07-15T04:26:21Z" hostname="6b44cdd4162b" tests="2" skipped="0" failures="0" errors="0" time="0.004">
    <testcase time="0.00300000000004275" classname="character(0)" name="Normal_Log_Density_functions_work_as_expected"/>
    <testcase time="0.000999999999976353" classname="character(0)" name="Normal_Log_Density_functions_work_as_expected"/>
  </testsuite>
  <testsuite name="stan_functions" timestamp="2024-07-15T04:26:21Z" hostname="6b44cdd4162b" tests="1" skipped="0" failures="0" errors="0" time="0.003">
    <testcase time="0.00300000000004275" classname="character(0)" name="GSF_Identity_Link_Function_works_as_expected"/>
  </testsuite>
  <testsuite name="survival_plot" timestamp="2024-07-15T04:26:21Z" hostname="6b44cdd4162b" tests="2" skipped="1" failures="0" errors="0" time="0.44">
    <testcase time="0.438999999999965" classname="character(0)" name="survival_plot_works_as_expected"/>
    <testcase time="0.000999999999976353" classname="character(0)" name="survival_plot_works_as_expected">
      <skipped message="Reason: On CRAN ('test-survival_plot.R:78:9')"/>
    </testcase>
  </testsuite>
  <testsuite name="utilities" timestamp="2024-07-15T04:26:22Z" hostname="6b44cdd4162b" tests="1" skipped="0" failures="0" errors="0" time="0.365">
    <testcase time="0.365000000000009" classname="character(0)" name="get_missing_rownumbers_works_as_expected"/>
  </testsuite>
  <testsuite name="utilities" timestamp="2024-07-15T04:26:22Z" hostname="6b44cdd4162b" tests="1" skipped="0" failures="0" errors="0" time="0.002">
    <testcase time="0.00199999999995271" classname="character(0)" name="remove_missing_rows_works_as_expected"/>
  </testsuite>
  <testsuite name="utilities" timestamp="2024-07-15T04:26:22Z" hostname="6b44cdd4162b" tests="1" skipped="0" failures="0" errors="0" time="0.002">
    <testcase time="0.00200000000006639" classname="character(0)" name="expand_initial_values_works_as_expected"/>
  </testsuite>
  <testsuite name="utilities" timestamp="2024-07-15T04:26:22Z" hostname="6b44cdd4162b" tests="1" skipped="0" failures="0" errors="0" time="0.002">
    <testcase time="0.00199999999995271" classname="character(0)" name="replace_with_lookup_works_and_sets_array_attributes_as_expected"/>
  </testsuite>
  <testsuite name="utilities" timestamp="2024-07-15T04:26:22Z" hostname="6b44cdd4162b" tests="1" skipped="0" failures="0" errors="0" time="0.002">
    <testcase time="0.00200000000006639" classname="character(0)" name="replace_with_lookup_asserts_sizes_as_numbers_as_expected"/>
  </testsuite>
  <testsuite name="utilities" timestamp="2024-07-15T04:26:22Z" hostname="6b44cdd4162b" tests="1" skipped="0" failures="0" errors="0" time="0.002">
    <testcase time="0.00199999999995271" classname="character(0)" name="replace_with_lookup_asserts_looked_up_sizes_as_numbers_as_expected"/>
  </testsuite>
  <testsuite name="utilities" timestamp="2024-07-15T04:26:22Z" hostname="6b44cdd4162b" tests="2" skipped="0" failures="0" errors="0" time="0.003">
    <testcase time="0.00200000000006639" classname="character(0)" name="samples_median_ci_works_as_expected"/>
    <testcase time="0.000999999999976353" classname="character(0)" name="samples_median_ci_works_as_expected"/>
  </testsuite>
  <testsuite name="utilities" timestamp="2024-07-15T04:26:22Z" hostname="6b44cdd4162b" tests="2" skipped="0" failures="0" errors="0" time="0.002">
    <testcase time="0.00199999999995271" classname="character(0)" name="samples_median_ci_works_with_a_custom_credibility_level"/>
    <testcase time="0" classname="character(0)" name="samples_median_ci_works_with_a_custom_credibility_level"/>
  </testsuite>
  <testsuite name="utilities" timestamp="2024-07-15T04:26:22Z" hostname="6b44cdd4162b" tests="8" skipped="0" failures="0" errors="0" time="0.006">
    <testcase time="0.00200000000006639" classname="character(0)" name="validate_time_grid_works_as_expected"/>
    <testcase time="0.000999999999976353" classname="character(0)" name="validate_time_grid_works_as_expected"/>
    <testcase time="0" classname="character(0)" name="validate_time_grid_works_as_expected"/>
    <testcase time="0.000999999999976353" classname="character(0)" name="validate_time_grid_works_as_expected"/>
    <testcase time="0" classname="character(0)" name="validate_time_grid_works_as_expected"/>
    <testcase time="0.000999999999976353" classname="character(0)" name="validate_time_grid_works_as_expected"/>
    <testcase time="0" classname="character(0)" name="validate_time_grid_works_as_expected"/>
    <testcase time="0.000999999999976353" classname="character(0)" name="validate_time_grid_works_as_expected"/>
  </testsuite>
  <testsuite name="utilities" timestamp="2024-07-15T04:26:22Z" hostname="6b44cdd4162b" tests="7" skipped="0" failures="0" errors="0" time="0.005">
    <testcase time="0.00200000000006639" classname="character(0)" name="expand_subjects_works_as_expected"/>
    <testcase time="0" classname="character(0)" name="expand_subjects_works_as_expected"/>
    <testcase time="0.000999999999976353" classname="character(0)" name="expand_subjects_works_as_expected"/>
    <testcase time="0" classname="character(0)" name="expand_subjects_works_as_expected"/>
    <testcase time="0.000999999999976353" classname="character(0)" name="expand_subjects_works_as_expected"/>
    <testcase time="0" classname="character(0)" name="expand_subjects_works_as_expected"/>
    <testcase time="0.000999999999976353" classname="character(0)" name="expand_subjects_works_as_expected"/>
  </testsuite>
  <testsuite name="utilities" timestamp="2024-07-15T04:26:22Z" hostname="6b44cdd4162b" tests="5" skipped="0" failures="0" errors="0" time="0.004">
    <testcase time="0.00200000000006639" classname="character(0)" name="decompose_subjects_works_as_expected"/>
    <testcase time="0" classname="character(0)" name="decompose_subjects_works_as_expected"/>
    <testcase time="0.000999999999976353" classname="character(0)" name="decompose_subjects_works_as_expected"/>
    <testcase time="0" classname="character(0)" name="decompose_subjects_works_as_expected"/>
    <testcase time="0.000999999999976353" classname="character(0)" name="decompose_subjects_works_as_expected"/>
  </testsuite>
  <testsuite name="utilities" timestamp="2024-07-15T04:26:22Z" hostname="6b44cdd4162b" tests="2" skipped="0" failures="0" errors="0" time="0.002">
    <testcase time="0.00200000000006639" classname="character(0)" name="add_missing_stan_blocks_works_as_expected"/>
    <testcase time="0" classname="character(0)" name="add_missing_stan_blocks_works_as_expected"/>
  </testsuite>
  <testsuite name="LongitudinalSteinFojo" timestamp="2024-07-15T04:35:12Z" hostname="6b44cdd4162b" tests="2" skipped="0" failures="0" errors="0" time="530.497">
    <testcase time="530.497" classname="character(0)" name="LongitudinalSteinFojo_works_as_expected_with_default_arguments"/>
    <testcase time="0" classname="character(0)" name="LongitudinalSteinFojo_works_as_expected_with_default_arguments"/>
  </testsuite>
  <testsuite name="LongitudinalSteinFojo" timestamp="2024-07-15T04:35:12Z" hostname="6b44cdd4162b" tests="1" skipped="1" failures="0" errors="0" time="0.002">
    <testcase time="0.00199999999995271" classname="character(0)" name="Print_method_for_LongitudinalSteinFojo_works_as_expected">
      <skipped message="Reason: On CRAN ('test-LongitudinalSteinFojo.R:11:5')"/>
    </testcase>
  </testsuite>
  <testsuite name="LongitudinalSteinFojo" timestamp="2024-07-15T04:35:12Z" hostname="6b44cdd4162b" tests="3" skipped="0" failures="0" errors="0" time="0.011">
    <testcase time="0.00999999999999091" classname="character(0)" name="Centralised_parameterisation_compiles_without_issues"/>
    <testcase time="0.000999999999976353" classname="character(0)" name="Centralised_parameterisation_compiles_without_issues"/>
    <testcase time="0" classname="character(0)" name="Centralised_parameterisation_compiles_without_issues"/>
  </testsuite>
  <testsuite name="LongitudinalSteinFojo" timestamp="2024-07-15T04:35:12Z" hostname="6b44cdd4162b" tests="3" skipped="0" failures="0" errors="0" time="0.003">
    <testcase time="0.00200000000018008" classname="character(0)" name="Non_Centralised_parameterisation_compiles_without_issues"/>
    <testcase time="0" classname="character(0)" name="Non_Centralised_parameterisation_compiles_without_issues"/>
    <testcase time="0.000999999999976353" classname="character(0)" name="Non_Centralised_parameterisation_compiles_without_issues"/>
  </testsuite>
  <testsuite name="LongitudinalSteinFojo" timestamp="2024-07-15T04:35:12Z" hostname="6b44cdd4162b" tests="3" skipped="0" failures="0" errors="0" time="0.002">
    <testcase time="0.000999999999976353" classname="character(0)" name="Centralised_parameterisation_compiles_without_issues"/>
    <testcase time="0.000999999999976353" classname="character(0)" name="Centralised_parameterisation_compiles_without_issues"/>
    <testcase time="0" classname="character(0)" name="Centralised_parameterisation_compiles_without_issues"/>
  </testsuite>
  <testsuite name="LongitudinalSteinFojo" timestamp="2024-07-15T04:35:12Z" hostname="6b44cdd4162b" tests="3" skipped="0" failures="0" errors="0" time="0.003">
    <testcase time="0.00199999999995271" classname="character(0)" name="Non_Centralised_parameterisation_compiles_without_issues"/>
    <testcase time="0.000999999999976353" classname="character(0)" name="Non_Centralised_parameterisation_compiles_without_issues"/>
    <testcase time="0" classname="character(0)" name="Non_Centralised_parameterisation_compiles_without_issues"/>
  </testsuite>
  <testsuite name="LongitudinalSteinFojo" timestamp="2024-07-15T04:35:12Z" hostname="6b44cdd4162b" tests="6" skipped="0" failures="0" errors="0" time="0.004">
    <testcase time="0.00199999999995271" classname="character(0)" name="Can_recover_known_distributional_parameters_from_a_SF_joint_model"/>
    <testcase time="0" classname="character(0)" name="Can_recover_known_distributional_parameters_from_a_SF_joint_model"/>
    <testcase time="0.00100000000020373" classname="character(0)" name="Can_recover_known_distributional_parameters_from_a_SF_joint_model"/>
    <testcase time="0" classname="character(0)" name="Can_recover_known_distributional_parameters_from_a_SF_joint_model"/>
    <testcase time="0.000999999999976353" classname="character(0)" name="Can_recover_known_distributional_parameters_from_a_SF_joint_model"/>
    <testcase time="0" classname="character(0)" name="Can_recover_known_distributional_parameters_from_a_SF_joint_model"/>
  </testsuite>
  <testsuite name="LongitudinalSteinFojo" timestamp="2024-07-15T04:35:12Z" hostname="6b44cdd4162b" tests="6" skipped="0" failures="0" errors="0" time="0.004">
    <testcase time="0.00199999999995271" classname="character(0)" name="Can_recover_known_distributional_parameters_from_a_SF_joint_model_with_growth_link"/>
    <testcase time="0" classname="character(0)" name="Can_recover_known_distributional_parameters_from_a_SF_joint_model_with_growth_link"/>
    <testcase time="0.000999999999976353" classname="character(0)" name="Can_recover_known_distributional_parameters_from_a_SF_joint_model_with_growth_link"/>
    <testcase time="0" classname="character(0)" name="Can_recover_known_distributional_parameters_from_a_SF_joint_model_with_growth_link"/>
    <testcase time="0.000999999999976353" classname="character(0)" name="Can_recover_known_distributional_parameters_from_a_SF_joint_model_with_growth_link"/>
    <testcase time="0" classname="character(0)" name="Can_recover_known_distributional_parameters_from_a_SF_joint_model_with_growth_link"/>
  </testsuite>
  <testsuite name="LongitudinalSteinFojo" timestamp="2024-07-15T04:35:12Z" hostname="6b44cdd4162b" tests="2" skipped="0" failures="0" errors="0" time="0.003">
    <testcase time="0.00199999999995271" classname="character(0)" name="Quantity_models_pass_the_parser"/>
    <testcase time="0.000999999999976353" classname="character(0)" name="Quantity_models_pass_the_parser"/>
  </testsuite>
  <testsuite name="LongitudinalSteinFojo" timestamp="2024-07-15T04:35:12Z" hostname="6b44cdd4162b" tests="6" skipped="0" failures="0" errors="0" time="0.004">
    <testcase time="0.00100000000020373" classname="character(0)" name="Can_generate_valid_initial_values"/>
    <testcase time="0.000999999999976353" classname="character(0)" name="Can_generate_valid_initial_values"/>
    <testcase time="0" classname="character(0)" name="Can_generate_valid_initial_values"/>
    <testcase time="0.000999999999976353" classname="character(0)" name="Can_generate_valid_initial_values"/>
    <testcase time="0" classname="character(0)" name="Can_generate_valid_initial_values"/>
    <testcase time="0.000999999999976353" classname="character(0)" name="Can_generate_valid_initial_values"/>
  </testsuite>
</testsuites>
