<?xml version="1.0" encoding="UTF-8"?>
<testsuites>
  <testsuite name="DataJoint" timestamp="2024-03-01T09:45:01Z" hostname="0b601273a53e" tests="36" skipped="1" failures="0" errors="0" time="1.851">
    <testcase time="1.354" classname="DataJoint" name="DataJoint_basic_usage"/>
    <testcase time="0.024" classname="DataJoint" name="DataJoint_basic_usage"/>
    <testcase time="0.0350000000000001" classname="DataJoint" name="DataJoint_basic_usage"/>
    <testcase time="0.004" classname="DataJoint" name="DataJoint_basic_usage"/>
    <testcase time="0.004" classname="DataJoint" name="DataJoint_basic_usage"/>
    <testcase time="0.00300000000000011" classname="DataJoint" name="DataJoint_basic_usage"/>
    <testcase time="0.00300000000000011" classname="DataJoint" name="DataJoint_basic_usage"/>
    <testcase time="0.00299999999999967" classname="DataJoint" name="DataJoint_basic_usage"/>
    <testcase time="0.00300000000000011" classname="DataJoint" name="DataJoint_basic_usage"/>
    <testcase time="0.00300000000000011" classname="DataJoint" name="DataJoint_basic_usage"/>
    <testcase time="0.00300000000000011" classname="DataJoint" name="DataJoint_basic_usage"/>
    <testcase time="0.00399999999999956" classname="DataJoint" name="DataJoint_basic_usage"/>
    <testcase time="0.00500000000000034" classname="DataJoint" name="DataJoint_basic_usage"/>
    <testcase time="0.004" classname="DataJoint" name="DataJoint_basic_usage"/>
    <testcase time="0.00299999999999967" classname="DataJoint" name="DataJoint_basic_usage"/>
    <testcase time="0.0190000000000001" classname="DataJoint" name="DataJoint_errors_if_inconsistent_subject_IDs"/>
    <testcase time="0.0089999999999999" classname="DataJoint" name="DataJoint_errors_if_inconsistent_subject_IDs"/>
    <testcase time="0.00900000000000034" classname="DataJoint" name="DataJoint_errors_if_inconsistent_subject_IDs"/>
    <testcase time="0.0089999999999999" classname="DataJoint" name="DataJoint_errors_if_inconsistent_subject_IDs"/>
    <testcase time="0.0089999999999999" classname="DataJoint" name="DataJoint_errors_if_inconsistent_subject_IDs"/>
    <testcase time="0.00800000000000001" classname="DataJoint" name="DataJoint_errors_if_inconsistent_subject_IDs"/>
    <testcase time="0.0140000000000002" classname="DataJoint" name="DataJoint_sorts_handles_pre_factored_levels_correctly"/>
    <testcase time="0.0189999999999997" classname="DataJoint" name="DataJoint_sorts_handles_pre_factored_levels_correctly"/>
    <testcase time="0.00500000000000034" classname="DataJoint" name="DataJoint_sorts_handles_pre_factored_levels_correctly"/>
    <testcase time="0.0139999999999998" classname="DataJoint" name="DataJoint_sorts_handles_character_to_factor_levels_correctly"/>
    <testcase time="0.00999999999999979" classname="DataJoint" name="DataJoint_sorts_handles_character_to_factor_levels_correctly"/>
    <testcase time="0.004" classname="DataJoint" name="DataJoint_sorts_handles_character_to_factor_levels_correctly"/>
    <testcase time="0.0130000000000003" classname="DataJoint" name="subset_DataJoint_works_as_expected"/>
    <testcase time="0.00499999999999989" classname="DataJoint" name="subset_DataJoint_works_as_expected"/>
    <testcase time="0.004" classname="DataJoint" name="subset_DataJoint_works_as_expected"/>
    <testcase time="0.00700000000000012" classname="DataJoint" name="subset_DataJoint_works_as_expected"/>
    <testcase time="0.00599999999999978" classname="DataJoint" name="subset_DataJoint_works_as_expected"/>
    <testcase time="0.00700000000000012" classname="DataJoint" name="subset_DataJoint_works_as_expected"/>
    <testcase time="0.0150000000000001" classname="DataJoint" name="subset_DataJoint_works_as_expected"/>
    <testcase time="0.012" classname="DataJoint" name="Error_Handling"/>
    <testcase time="0.198" classname="DataJoint" name="DataJoint_print_method_works_as_expected">
      <skipped message="Reason: On CRAN ('test-DataJoint.R:515:5')"/>
    </testcase>
  </testsuite>
  <testsuite name="DataLongitudinal" timestamp="2024-03-01T09:45:03Z" hostname="0b601273a53e" tests="11" skipped="1" failures="0" errors="0" time="0.142">
    <testcase time="0.0539999999999998" classname="DataLongitudinal" name="DataLongitudinal_being_rendered_to_list_is_as_expected_for_simple_inputs"/>
    <testcase time="0.004" classname="DataLongitudinal" name="DataLongitudinal_being_rendered_to_list_is_as_expected_for_simple_inputs"/>
    <testcase time="0.004" classname="DataLongitudinal" name="DataLongitudinal_being_rendered_to_list_is_as_expected_for_simple_inputs"/>
    <testcase time="0.004" classname="DataLongitudinal" name="DataLongitudinal_being_rendered_to_list_is_as_expected_for_simple_inputs"/>
    <testcase time="0.00300000000000011" classname="DataLongitudinal" name="DataLongitudinal_being_rendered_to_list_is_as_expected_for_simple_inputs"/>
    <testcase time="0.004" classname="DataLongitudinal" name="DataLongitudinal_being_rendered_to_list_is_as_expected_for_simple_inputs"/>
    <testcase time="0.004" classname="DataLongitudinal" name="DataLongitudinal_being_rendered_to_list_is_as_expected_for_simple_inputs"/>
    <testcase time="0.004" classname="DataLongitudinal" name="DataLongitudinal_being_rendered_to_list_is_as_expected_for_simple_inputs"/>
    <testcase time="0.00300000000000011" classname="DataLongitudinal" name="DataLongitudinal_being_rendered_to_list_is_as_expected_for_simple_inputs"/>
    <testcase time="0.00300000000000011" classname="DataLongitudinal" name="DataLongitudinal_being_rendered_to_list_is_as_expected_for_simple_inputs"/>
    <testcase time="0.0549999999999997" classname="DataLongitudinal" name="DataSurvival_print_method_works_as_expected">
      <skipped message="Reason: On CRAN ('test-DataLongitudinal.R:43:5')"/>
    </testcase>
  </testsuite>
  <testsuite name="DataSubject" timestamp="2024-03-01T09:45:03Z" hostname="0b601273a53e" tests="11" skipped="1" failures="0" errors="0" time="0.15">
    <testcase time="0.0460000000000003" classname="DataSubject" name="DataSubject_works_as_expected"/>
    <testcase time="0.00399999999999956" classname="DataSubject" name="DataSubject_works_as_expected"/>
    <testcase time="0.00300000000000011" classname="DataSubject" name="DataSubject_works_as_expected"/>
    <testcase time="0.00499999999999989" classname="DataSubject" name="DataSubject_works_as_expected"/>
    <testcase time="0.00400000000000045" classname="DataSubject" name="DataSubject_works_as_expected"/>
    <testcase time="0.00399999999999956" classname="DataSubject" name="DataSubject_works_as_expected"/>
    <testcase time="0.016" classname="DataSubject" name="DataSubject_works_as_expected"/>
    <testcase time="0.00300000000000011" classname="DataSubject" name="DataSubject_works_as_expected"/>
    <testcase time="0.00400000000000045" classname="DataSubject" name="DataSubject_works_as_expected"/>
    <testcase time="0.00399999999999956" classname="DataSubject" name="DataSubject_works_as_expected"/>
    <testcase time="0.0570000000000004" classname="DataSubject" name="DataSubject_print_method_works_as_expected">
      <skipped message="Reason: On CRAN ('test-DataSubject.R:40:5')"/>
    </testcase>
  </testsuite>
  <testsuite name="DataSurvival" timestamp="2024-03-01T09:45:03Z" hostname="0b601273a53e" tests="15" skipped="1" failures="0" errors="0" time="0.153">
    <testcase time="0.0259999999999998" classname="DataSurvival" name="DataSurvival_being_rendered_to_list_is_as_expected_for_simple_inputs"/>
    <testcase time="0.00300000000000011" classname="DataSurvival" name="DataSurvival_being_rendered_to_list_is_as_expected_for_simple_inputs"/>
    <testcase time="0.00399999999999956" classname="DataSurvival" name="DataSurvival_being_rendered_to_list_is_as_expected_for_simple_inputs"/>
    <testcase time="0.00300000000000011" classname="DataSurvival" name="DataSurvival_being_rendered_to_list_is_as_expected_for_simple_inputs"/>
    <testcase time="0.00400000000000045" classname="DataSurvival" name="DataSurvival_being_rendered_to_list_is_as_expected_for_simple_inputs"/>
    <testcase time="0.00300000000000011" classname="DataSurvival" name="DataSurvival_being_rendered_to_list_is_as_expected_for_simple_inputs"/>
    <testcase time="0.00999999999999979" classname="DataSurvival" name="DataSurvival_being_rendered_to_list_is_as_expected_for_simple_inputs"/>
    <testcase time="0.00600000000000023" classname="DataSurvival" name="DataSurvival_being_rendered_to_list_is_as_expected_for_simple_inputs"/>
    <testcase time="0.00499999999999989" classname="DataSurvival" name="DataSurvival_being_rendered_to_list_is_as_expected_for_simple_inputs"/>
    <testcase time="0.00299999999999923" classname="DataSurvival" name="DataSurvival_being_rendered_to_list_is_as_expected_for_simple_inputs"/>
    <testcase time="0.00400000000000045" classname="DataSurvival" name="DataSurvival_being_rendered_to_list_is_as_expected_for_simple_inputs"/>
    <testcase time="0.00399999999999956" classname="DataSurvival" name="DataSurvival_being_rendered_to_list_is_as_expected_for_simple_inputs"/>
    <testcase time="0.00300000000000011" classname="DataSurvival" name="DataSurvival_being_rendered_to_list_is_as_expected_for_simple_inputs"/>
    <testcase time="0.00300000000000011" classname="DataSurvival" name="DataSurvival_being_rendered_to_list_is_as_expected_for_simple_inputs"/>
    <testcase time="0.0720000000000001" classname="DataSurvival" name="DataSurvival_print_method_works_as_expected">
      <skipped message="Reason: On CRAN ('test-DataSurvival.R:79:5')"/>
    </testcase>
  </testsuite>
  <testsuite name="JointModel" timestamp="2024-03-01T09:45:04Z" hostname="0b601273a53e" tests="3" skipped="1" failures="0" errors="0" time="1.394">
    <testcase time="0.662" classname="JointModel" name="JointModel_smoke_tests"/>
    <testcase time="0.00300000000000011" classname="JointModel" name="JointModel_smoke_tests"/>
    <testcase time="0.729" classname="JointModel" name="JointModel_print_method_works_as_expected">
      <skipped message="Reason: On CRAN ('test-JointModel.R:19:5')"/>
    </testcase>
  </testsuite>
  <testsuite name="JointModelSamples" timestamp="2024-03-01T09:45:05Z" hostname="0b601273a53e" tests="1" skipped="1" failures="0" errors="0" time="40.816">
    <testcase time="40.816" classname="JointModelSamples" name="smoke_test_for_JointModelSamples">
      <skipped message="Reason: On CRAN ('test-JointModelSamples.R:55:5')"/>
    </testcase>
  </testsuite>
  <testsuite name="Link" timestamp="2024-03-01T09:45:46Z" hostname="0b601273a53e" tests="9" skipped="1" failures="0" errors="0" time="1.136">
    <testcase time="0.0240000000000009" classname="Link" name="link_none_works_as_expected"/>
    <testcase time="0.00500000000000256" classname="Link" name="link_none_works_as_expected"/>
    <testcase time="0.548999999999999" classname="Link" name="link_none_works_as_expected"/>
    <testcase time="0.00399999999999778" classname="Link" name="link_none_works_as_expected"/>
    <testcase time="0.00900000000000034" classname="Link" name="Link_works_as_expected"/>
    <testcase time="0.118000000000002" classname="Link" name="Link_works_as_expected"/>
    <testcase time="0.356999999999999" classname="Link" name="Link_works_as_expected"/>
    <testcase time="0.0530000000000044" classname="Link" name="Link_works_as_expected"/>
    <testcase time="0.0169999999999959" classname="Link" name="Link_prints_as_expected">
      <skipped message="Reason: On CRAN ('test-Link.R:75:5')"/>
    </testcase>
  </testsuite>
  <testsuite name="LinkComponent" timestamp="2024-03-01T09:45:47Z" hostname="0b601273a53e" tests="18" skipped="1" failures="0" errors="0" time="3.867">
    <testcase time="0.158999999999999" classname="LinkComponent" name="all_link_files_pass_stan_s_syntax_checker"/>
    <testcase time="0.134" classname="LinkComponent" name="all_link_files_pass_stan_s_syntax_checker"/>
    <testcase time="0.177" classname="LinkComponent" name="all_link_files_pass_stan_s_syntax_checker"/>
    <testcase time="0.131" classname="LinkComponent" name="all_link_files_pass_stan_s_syntax_checker"/>
    <testcase time="0.134" classname="LinkComponent" name="all_link_files_pass_stan_s_syntax_checker"/>
    <testcase time="0.865000000000002" classname="LinkComponent" name="complete_models_with_links_pass_stan_s_syntax_checker"/>
    <testcase time="1.352" classname="LinkComponent" name="complete_models_with_links_pass_stan_s_syntax_checker"/>
    <testcase time="0.172999999999995" classname="LinkComponent" name="LinkComponents_are_constructed_correctly_and_can_access_key_components"/>
    <testcase time="0.0220000000000056" classname="LinkComponent" name="LinkComponents_are_constructed_correctly_and_can_access_key_components"/>
    <testcase time="0.00399999999999778" classname="LinkComponent" name="LinkComponents_are_constructed_correctly_and_can_access_key_components"/>
    <testcase time="0.00399999999999778" classname="LinkComponent" name="LinkComponents_are_constructed_correctly_and_can_access_key_components"/>
    <testcase time="0.170000000000002" classname="LinkComponent" name="Model_specific_links_return_the_correct_stan_code"/>
    <testcase time="0.152000000000001" classname="LinkComponent" name="Model_specific_links_return_the_correct_stan_code"/>
    <testcase time="0.146000000000001" classname="LinkComponent" name="Model_specific_links_return_the_correct_stan_code"/>
    <testcase time="0.0889999999999986" classname="LinkComponent" name="Model_specific_links_return_the_correct_stan_code"/>
    <testcase time="0.0679999999999978" classname="LinkComponent" name="Model_specific_links_return_the_correct_stan_code"/>
    <testcase time="0.0690000000000026" classname="LinkComponent" name="Model_specific_links_return_the_correct_stan_code"/>
    <testcase time="0.0180000000000007" classname="LinkComponent" name="print_works_as_expected">
      <skipped message="Reason: On CRAN ('test-LinkComponent.R:126:5')"/>
    </testcase>
  </testsuite>
  <testsuite name="LongitudinalGSF" timestamp="2024-03-01T09:45:51Z" hostname="0b601273a53e" tests="10" skipped="2" failures="0" errors="0" time="1.569">
    <testcase time="0.172999999999995" classname="LongitudinalGSF" name="LongitudinalGSF_works_as_expected_with_default_arguments"/>
    <testcase time="0.00200000000000244" classname="LongitudinalGSF" name="LongitudinalGSF_works_as_expected_with_default_arguments"/>
    <testcase time="0.148000000000003" classname="LongitudinalGSF" name="Print_method_for_LongitudinalGSF_works_as_expected">
      <skipped message="Reason: On CRAN ('test-LongitudinalGSF.R:12:5')"/>
    </testcase>
    <testcase time="0.508000000000003" classname="LongitudinalGSF" name="Centralised_parameterisation_compiles_without_issues"/>
    <testcase time="0.00399999999999778" classname="LongitudinalGSF" name="Centralised_parameterisation_compiles_without_issues"/>
    <testcase time="0.0799999999999983" classname="LongitudinalGSF" name="Centralised_parameterisation_compiles_without_issues"/>
    <testcase time="0.558" classname="LongitudinalGSF" name="Non_Centralised_parameterisation_compiles_without_issues"/>
    <testcase time="0.00399999999999778" classname="LongitudinalGSF" name="Non_Centralised_parameterisation_compiles_without_issues"/>
    <testcase time="0.0840000000000032" classname="LongitudinalGSF" name="Non_Centralised_parameterisation_compiles_without_issues"/>
    <testcase time="0.00800000000000267" classname="LongitudinalGSF" name="Can_recover_known_distributional_parameters_from_a_full_GSF_joint_model">
      <skipped message="Reason: is_full_test() is not TRUE ('test-LongitudinalGSF.R:57:5')"/>
    </testcase>
  </testsuite>
  <testsuite name="LongitudinalQuantiles" timestamp="2024-03-01T09:45:58Z" hostname="0b601273a53e" tests="27" skipped="1" failures="0" errors="0" time="50.472">
    <testcase time="39.706" classname="LongitudinalQuantiles" name="Test_that_LongitudinalQuantities_works_as_expected"/>
    <testcase time="0.00500000000000966" classname="LongitudinalQuantiles" name="Test_that_LongitudinalQuantities_works_as_expected"/>
    <testcase time="0.00399999999999068" classname="LongitudinalQuantiles" name="Test_that_LongitudinalQuantities_works_as_expected"/>
    <testcase time="0.00400000000000489" classname="LongitudinalQuantiles" name="Test_that_LongitudinalQuantities_works_as_expected"/>
    <testcase time="2.58499999999999" classname="LongitudinalQuantiles" name="Test_that_LongitudinalQuantities_works_as_expected"/>
    <testcase time="0.00300000000000011" classname="LongitudinalQuantiles" name="Test_that_LongitudinalQuantities_works_as_expected"/>
    <testcase time="0.00400000000000489" classname="LongitudinalQuantiles" name="Test_that_LongitudinalQuantities_works_as_expected"/>
    <testcase time="1.334" classname="LongitudinalQuantiles" name="Test_that_LongitudinalQuantities_works_as_expected"/>
    <testcase time="0.00399999999999068" classname="LongitudinalQuantiles" name="Test_that_LongitudinalQuantities_works_as_expected"/>
    <testcase time="0.0120000000000005" classname="LongitudinalQuantiles" name="LongitudinalQuantities_does_not_support_group_aggregation"/>
    <testcase time="1.41800000000001" classname="LongitudinalQuantiles" name="autoplot.LongitudinalQuantities_works_as_expected"/>
    <testcase time="0.00400000000000489" classname="LongitudinalQuantiles" name="autoplot.LongitudinalQuantities_works_as_expected"/>
    <testcase time="0.00399999999999068" classname="LongitudinalQuantiles" name="autoplot.LongitudinalQuantities_works_as_expected"/>
    <testcase time="0.00300000000000011" classname="LongitudinalQuantiles" name="autoplot.LongitudinalQuantities_works_as_expected"/>
    <testcase time="0.00300000000000011" classname="LongitudinalQuantiles" name="autoplot.LongitudinalQuantities_works_as_expected"/>
    <testcase time="0.00400000000000489" classname="LongitudinalQuantiles" name="autoplot.LongitudinalQuantities_works_as_expected"/>
    <testcase time="0.0570000000000022" classname="LongitudinalQuantiles" name="autoplot.LongitudinalQuantities_works_as_expected"/>
    <testcase time="0.878999999999991" classname="LongitudinalQuantiles" name="autoplot.LongitudinalQuantities_works_as_expected"/>
    <testcase time="0.00500000000000966" classname="LongitudinalQuantiles" name="autoplot.LongitudinalQuantities_works_as_expected"/>
    <testcase time="0.00399999999999068" classname="LongitudinalQuantiles" name="autoplot.LongitudinalQuantities_works_as_expected"/>
    <testcase time="0.00400000000000489" classname="LongitudinalQuantiles" name="autoplot.LongitudinalQuantities_works_as_expected"/>
    <testcase time="0.00300000000000011" classname="LongitudinalQuantiles" name="autoplot.LongitudinalQuantities_works_as_expected"/>
    <testcase time="0.00400000000000489" classname="LongitudinalQuantiles" name="autoplot.LongitudinalQuantities_works_as_expected"/>
    <testcase time="0.00399999999999068" classname="LongitudinalQuantiles" name="autoplot.LongitudinalQuantities_works_as_expected"/>
    <testcase time="0.0770000000000124" classname="LongitudinalQuantiles" name="autoplot.LongitudinalQuantities_works_as_expected"/>
    <testcase time="0.911999999999992" classname="LongitudinalQuantiles" name="LongitudinalQuantities_print_method_works_as_expected">
      <skipped message="Reason: On CRAN ('test-LongitudinalQuantiles.R:85:5')"/>
    </testcase>
    <testcase time="3.426" classname="LongitudinalQuantiles" name="LongitudinalQuantities_can_recover_known_results"/>
  </testsuite>
  <testsuite name="LongitudinalRandomSlope" timestamp="2024-03-01T09:46:43Z" hostname="0b601273a53e" tests="1" skipped="1" failures="0" errors="0" time="0.094">
    <testcase time="0.0939999999999941" classname="LongitudinalRandomSlope" name="Print_method_for_LongitudinalRandomSlope_works_as_expected">
      <skipped message="Reason: On CRAN ('test-LongitudinalRandomSlope.R:4:5')"/>
    </testcase>
  </testsuite>
  <testsuite name="LongitudinalSteinFojo" timestamp="2024-03-01T09:46:43Z" hostname="0b601273a53e" tests="10" skipped="2" failures="0" errors="0" time="1.449">
    <testcase time="0.14200000000001" classname="LongitudinalSteinFojo" name="LongitudinalSteinFojo_works_as_expected_with_default_arguments"/>
    <testcase time="0.00199999999999534" classname="LongitudinalSteinFojo" name="LongitudinalSteinFojo_works_as_expected_with_default_arguments"/>
    <testcase time="0.156999999999996" classname="LongitudinalSteinFojo" name="Print_method_for_LongitudinalSteinFojo_works_as_expected">
      <skipped message="Reason: On CRAN ('test-LongitudinalSteinFojo.R:12:5')"/>
    </testcase>
    <testcase time="0.445999999999998" classname="LongitudinalSteinFojo" name="Centralised_parameterisation_compiles_without_issues"/>
    <testcase time="0.00300000000000011" classname="LongitudinalSteinFojo" name="Centralised_parameterisation_compiles_without_issues"/>
    <testcase time="0.0800000000000125" classname="LongitudinalSteinFojo" name="Centralised_parameterisation_compiles_without_issues"/>
    <testcase time="0.521999999999991" classname="LongitudinalSteinFojo" name="Non_Centralised_parameterisation_compiles_without_issues"/>
    <testcase time="0.00400000000000489" classname="LongitudinalSteinFojo" name="Non_Centralised_parameterisation_compiles_without_issues"/>
    <testcase time="0.0840000000000032" classname="LongitudinalSteinFojo" name="Non_Centralised_parameterisation_compiles_without_issues"/>
    <testcase time="0.00900000000000034" classname="LongitudinalSteinFojo" name="Can_recover_known_distributional_parameters_from_a_SF_joint_model">
      <skipped message="Reason: is_full_test() is not TRUE ('test-LongitudinalSteinFojo.R:57:5')"/>
    </testcase>
  </testsuite>
  <testsuite name="Parameter" timestamp="2024-03-01T09:46:44Z" hostname="0b601273a53e" tests="3" skipped="1" failures="0" errors="0" time="0.056">
    <testcase time="0.0349999999999966" classname="Parameter" name="Parameters_smoke_tests"/>
    <testcase time="0.00499999999999545" classname="Parameter" name="Parameters_smoke_tests"/>
    <testcase time="0.0160000000000053" classname="Parameter" name="show_works_for_Paramneter_objects">
      <skipped message="Reason: On CRAN ('test-Parameter.R:17:5')"/>
    </testcase>
  </testsuite>
  <testsuite name="ParameterList" timestamp="2024-03-01T09:46:45Z" hostname="0b601273a53e" tests="5" skipped="1" failures="0" errors="0" time="0.084">
    <testcase time="0.0300000000000011" classname="ParameterList" name="ParameterList_smoke_tests"/>
    <testcase time="0.00600000000000023" classname="ParameterList" name="ParameterList_smoke_tests"/>
    <testcase time="0.0249999999999915" classname="ParameterList" name="ParameterList_smoke_tests"/>
    <testcase time="0.00400000000000489" classname="ParameterList" name="ParameterList_smoke_tests"/>
    <testcase time="0.0189999999999912" classname="ParameterList" name="show_works_for_ParameterList_objects">
      <skipped message="Reason: On CRAN ('test-ParameterList.R:53:5')"/>
    </testcase>
  </testsuite>
  <testsuite name="Prior" timestamp="2024-03-01T09:46:45Z" hostname="0b601273a53e" tests="27" skipped="1" failures="0" errors="0" time="0.455">
    <testcase time="0.0510000000000019" classname="Prior" name="Priors_work_as_expected"/>
    <testcase time="0.0120000000000005" classname="Prior" name="Priors_work_as_expected"/>
    <testcase time="0.00400000000000489" classname="Prior" name="Priors_work_as_expected"/>
    <testcase time="0.00499999999999545" classname="Prior" name="Priors_work_as_expected"/>
    <testcase time="0.0110000000000099" classname="Prior" name="Priors_work_as_expected"/>
    <testcase time="0.00399999999999068" classname="Prior" name="Priors_work_as_expected"/>
    <testcase time="0.0760000000000076" classname="Prior" name="Priors_work_as_expected"/>
    <testcase time="0.0699999999999932" classname="Prior" name="Priors_work_as_expected"/>
    <testcase time="0.0220000000000056" classname="Prior" name="Invalid_prior_parameters_are_rejected"/>
    <testcase time="0.0109999999999957" classname="Prior" name="Invalid_prior_parameters_are_rejected"/>
    <testcase time="0.0109999999999957" classname="Prior" name="Invalid_prior_parameters_are_rejected"/>
    <testcase time="0.0100000000000051" classname="Prior" name="Invalid_prior_parameters_are_rejected"/>
    <testcase time="0.00900000000000034" classname="Prior" name="Invalid_prior_parameters_are_rejected"/>
    <testcase time="0.0109999999999957" classname="Prior" name="Invalid_prior_parameters_are_rejected"/>
    <testcase time="0.00900000000000034" classname="Prior" name="Invalid_prior_parameters_are_rejected"/>
    <testcase time="0.0100000000000051" classname="Prior" name="Invalid_prior_parameters_are_rejected"/>
    <testcase time="0.00900000000000034" classname="Prior" name="Invalid_prior_parameters_are_rejected"/>
    <testcase time="0.00900000000000034" classname="Prior" name="Invalid_prior_parameters_are_rejected"/>
    <testcase time="0.0319999999999965" classname="Prior" name="Invalid_prior_parameters_are_rejected"/>
    <testcase time="0.0109999999999957" classname="Prior" name="Invalid_prior_parameters_are_rejected"/>
    <testcase time="0.007000000000005" classname="Prior" name="Invalid_prior_parameters_are_rejected"/>
    <testcase time="0.00400000000000489" classname="Prior" name="Invalid_prior_parameters_are_rejected"/>
    <testcase time="0.00199999999999534" classname="Prior" name="Invalid_prior_parameters_are_rejected"/>
    <testcase time="0.0190000000000055" classname="Prior" name="show_works_for_Prior_objects">
      <skipped message="Reason: On CRAN ('test-Prior.R:147:5')"/>
    </testcase>
    <testcase time="0.0249999999999915" classname="Prior" name="jmpost.prior_shrinkage_works_as_expected"/>
    <testcase time="0.00600000000000023" classname="Prior" name="jmpost.prior_shrinkage_works_as_expected"/>
    <testcase time="0.00500000000000966" classname="Prior" name="jmpost.prior_shrinkage_works_as_expected"/>
  </testsuite>
  <testsuite name="Quantities" timestamp="2024-03-01T09:46:45Z" hostname="0b601273a53e" tests="13" skipped="1" failures="0" errors="0" time="0.125">
    <testcase time="0.0169999999999959" classname="Quantities" name="Simple_utility_functions_work_as_expected"/>
    <testcase time="0.00400000000000489" classname="Quantities" name="Simple_utility_functions_work_as_expected"/>
    <testcase time="0.00399999999999068" classname="Quantities" name="Simple_utility_functions_work_as_expected"/>
    <testcase time="0.00400000000000489" classname="Quantities" name="Simple_utility_functions_work_as_expected"/>
    <testcase time="0.0109999999999957" classname="Quantities" name="average_samples_by_index_works_as_expected"/>
    <testcase time="0.00499999999999545" classname="Quantities" name="average_samples_by_index_works_as_expected"/>
    <testcase time="0.00500000000000966" classname="Quantities" name="average_samples_by_index_works_as_expected"/>
    <testcase time="0.00600000000000023" classname="Quantities" name="average_samples_by_index_works_as_expected"/>
    <testcase time="0.00499999999999545" classname="Quantities" name="average_samples_by_index_works_as_expected"/>
    <testcase time="0.00600000000000023" classname="Quantities" name="average_samples_by_index_works_as_expected"/>
    <testcase time="0.0130000000000052" classname="Quantities" name="summary.Quantiles_works_as_expected"/>
    <testcase time="0.00900000000000034" classname="Quantities" name="as.data.frame.Quantiles_works_as_expected"/>
    <testcase time="0.0360000000000014" classname="Quantities" name="Quantities_print_method_works_as_expected">
      <skipped message="Reason: On CRAN ('test-Quantities.R:168:5')"/>
    </testcase>
  </testsuite>
  <testsuite name="StanModel" timestamp="2024-03-01T09:46:45Z" hostname="0b601273a53e" tests="1" skipped="1" failures="0" errors="0" time="0.046">
    <testcase time="0.0459999999999923" classname="StanModel" name="StanModel_print_function_works_as_expected">
      <skipped message="Reason: On CRAN ('test-StanModel.R:11:5')"/>
    </testcase>
  </testsuite>
  <testsuite name="StanModule" timestamp="2024-03-01T09:46:45Z" hostname="0b601273a53e" tests="53" skipped="1" failures="0" errors="0" time="0.334">
    <testcase time="0.0430000000000064" classname="StanModule" name="StanModule_print_method_works_as_expected">
      <skipped message="Reason: On CRAN ('test-StanModule.R:3:5')"/>
    </testcase>
    <testcase time="0.027000000000001" classname="StanModule" name="StanModule_can_read_basic_stan_programs"/>
    <testcase time="0.00300000000000011" classname="StanModule" name="StanModule_can_read_basic_stan_programs"/>
    <testcase time="0.00399999999999068" classname="StanModule" name="StanModule_can_read_basic_stan_programs"/>
    <testcase time="0.00300000000000011" classname="StanModule" name="StanModule_can_read_basic_stan_programs"/>
    <testcase time="0.00400000000000489" classname="StanModule" name="StanModule_can_read_basic_stan_programs"/>
    <testcase time="0.00300000000000011" classname="StanModule" name="StanModule_can_read_basic_stan_programs"/>
    <testcase time="0.00400000000000489" classname="StanModule" name="StanModule_can_read_basic_stan_programs"/>
    <testcase time="0.0109999999999957" classname="StanModule" name="StanModule_can_handle_trailing_characters"/>
    <testcase time="0.00400000000000489" classname="StanModule" name="StanModule_can_handle_trailing_characters"/>
    <testcase time="0.00300000000000011" classname="StanModule" name="StanModule_can_handle_trailing_characters"/>
    <testcase time="0.00300000000000011" classname="StanModule" name="StanModule_can_handle_trailing_characters"/>
    <testcase time="0.00300000000000011" classname="StanModule" name="StanModule_can_handle_trailing_characters"/>
    <testcase time="0.00399999999999068" classname="StanModule" name="StanModule_can_handle_trailing_characters"/>
    <testcase time="0.00300000000000011" classname="StanModule" name="StanModule_can_handle_trailing_characters"/>
    <testcase time="0.0109999999999957" classname="StanModule" name="StanModule_works_with_in_line_code"/>
    <testcase time="0.00400000000000489" classname="StanModule" name="StanModule_works_with_in_line_code"/>
    <testcase time="0.00300000000000011" classname="StanModule" name="StanModule_works_with_in_line_code"/>
    <testcase time="0.00300000000000011" classname="StanModule" name="StanModule_works_with_in_line_code"/>
    <testcase time="0.00300000000000011" classname="StanModule" name="StanModule_works_with_in_line_code"/>
    <testcase time="0.00300000000000011" classname="StanModule" name="StanModule_works_with_in_line_code"/>
    <testcase time="0.00400000000000489" classname="StanModule" name="StanModule_works_with_in_line_code"/>
    <testcase time="0.0109999999999957" classname="StanModule" name="StanModule_throws_an_error_for_1_line_blocks"/>
    <testcase time="0.00600000000000023" classname="StanModule" name="StanModule_throws_an_error_for_1_line_blocks"/>
    <testcase time="0.0130000000000052" classname="StanModule" name="StanModule_throws_an_error_for_code_after_the_closing_bracket"/>
    <testcase time="0.0120000000000005" classname="StanModule" name="StanModule_can_load_vignette_example_code"/>
    <testcase time="0.00399999999999068" classname="StanModule" name="StanModule_can_load_vignette_example_code"/>
    <testcase time="0.00300000000000011" classname="StanModule" name="StanModule_can_load_vignette_example_code"/>
    <testcase time="0.0190000000000055" classname="StanModule" name="StanModule_can_load_vignette_example_code"/>
    <testcase time="0.00600000000000023" classname="StanModule" name="StanModule_can_load_vignette_example_code"/>
    <testcase time="0.00300000000000011" classname="StanModule" name="StanModule_can_load_vignette_example_code"/>
    <testcase time="0.00400000000000489" classname="StanModule" name="StanModule_can_load_vignette_example_code"/>
    <testcase time="0.0119999999999862" classname="StanModule" name="StanModule.merge_works_as_expected"/>
    <testcase time="0.00400000000000489" classname="StanModule" name="StanModule.merge_works_as_expected"/>
    <testcase time="0.00300000000000011" classname="StanModule" name="StanModule.merge_works_as_expected"/>
    <testcase time="0.00400000000000489" classname="StanModule" name="StanModule.merge_works_as_expected"/>
    <testcase time="0.00399999999999068" classname="StanModule" name="StanModule.merge_works_as_expected"/>
    <testcase time="0.00300000000000011" classname="StanModule" name="StanModule.merge_works_as_expected"/>
    <testcase time="0.00400000000000489" classname="StanModule" name="StanModule.merge_works_as_expected"/>
    <testcase time="0.0109999999999957" classname="StanModule" name="StanModule.merge_works_as_expected"/>
    <testcase time="0.00400000000000489" classname="StanModule" name="StanModule.merge_works_as_expected"/>
    <testcase time="0.00300000000000011" classname="StanModule" name="StanModule.merge_works_as_expected"/>
    <testcase time="0.00400000000000489" classname="StanModule" name="StanModule.merge_works_as_expected"/>
    <testcase time="0.00300000000000011" classname="StanModule" name="StanModule.merge_works_as_expected"/>
    <testcase time="0.00399999999999068" classname="StanModule" name="StanModule.merge_works_as_expected"/>
    <testcase time="0.00400000000000489" classname="StanModule" name="StanModule.merge_works_as_expected"/>
    <testcase time="0.0130000000000052" classname="StanModule" name="StanModule.merge_works_as_expected"/>
    <testcase time="0.00300000000000011" classname="StanModule" name="StanModule.merge_works_as_expected"/>
    <testcase time="0.00399999999999068" classname="StanModule" name="StanModule.merge_works_as_expected"/>
    <testcase time="0.00300000000000011" classname="StanModule" name="StanModule.merge_works_as_expected"/>
    <testcase time="0.00400000000000489" classname="StanModule" name="StanModule.merge_works_as_expected"/>
    <testcase time="0.00300000000000011" classname="StanModule" name="StanModule.merge_works_as_expected"/>
    <testcase time="0.00300000000000011" classname="StanModule" name="StanModule.merge_works_as_expected"/>
  </testsuite>
  <testsuite name="SurvivalExponential" timestamp="2024-03-01T09:46:46Z" hostname="0b601273a53e" tests="3" skipped="1" failures="0" errors="0" time="33.504">
    <testcase time="29.079" classname="SurvivalExponential" name="SurvivalExponential_can_recover_true_parameter_no_covariates_"/>
    <testcase time="4.31200000000001" classname="SurvivalExponential" name="SurvivalExponential_can_recover_true_parameter_including_covariates_"/>
    <testcase time="0.113" classname="SurvivalExponential" name="Print_method_for_SurvivalExponential_works_as_expected">
      <skipped message="Reason: On CRAN ('test-SurvivalExponential.R:116:5')"/>
    </testcase>
  </testsuite>
  <testsuite name="SurvivalLoglogistic" timestamp="2024-03-01T09:47:19Z" hostname="0b601273a53e" tests="1" skipped="1" failures="0" errors="0" time="0.126">
    <testcase time="0.125999999999976" classname="SurvivalLoglogistic" name="Print_method_for_SurvivalLogLogistic_works_as_expected">
      <skipped message="Reason: On CRAN ('test-SurvivalLoglogistic.R:4:5')"/>
    </testcase>
  </testsuite>
  <testsuite name="SurvivalQuantities" timestamp="2024-03-01T09:47:19Z" hostname="0b601273a53e" tests="35" skipped="1" failures="0" errors="0" time="13.223">
    <testcase time="1.01300000000001" classname="SurvivalQuantities" name="SurvivalQuantities_and_autoplot.SurvivalQuantities_works_as_expected"/>
    <testcase time="0.00499999999999545" classname="SurvivalQuantities" name="SurvivalQuantities_and_autoplot.SurvivalQuantities_works_as_expected"/>
    <testcase time="0.0040000000000191" classname="SurvivalQuantities" name="SurvivalQuantities_and_autoplot.SurvivalQuantities_works_as_expected"/>
    <testcase time="0.00399999999999068" classname="SurvivalQuantities" name="SurvivalQuantities_and_autoplot.SurvivalQuantities_works_as_expected"/>
    <testcase time="2.68000000000001" classname="SurvivalQuantities" name="SurvivalQuantities_and_autoplot.SurvivalQuantities_works_as_expected"/>
    <testcase time="0.00399999999999068" classname="SurvivalQuantities" name="SurvivalQuantities_and_autoplot.SurvivalQuantities_works_as_expected"/>
    <testcase time="0.00300000000001432" classname="SurvivalQuantities" name="SurvivalQuantities_and_autoplot.SurvivalQuantities_works_as_expected"/>
    <testcase time="1.34699999999998" classname="SurvivalQuantities" name="SurvivalQuantities_and_autoplot.SurvivalQuantities_works_as_expected"/>
    <testcase time="0.0040000000000191" classname="SurvivalQuantities" name="SurvivalQuantities_and_autoplot.SurvivalQuantities_works_as_expected"/>
    <testcase time="3.50999999999999" classname="SurvivalQuantities" name="SurvivalQuantities_and_autoplot.SurvivalQuantities_works_as_expected"/>
    <testcase time="0.00399999999999068" classname="SurvivalQuantities" name="SurvivalQuantities_and_autoplot.SurvivalQuantities_works_as_expected"/>
    <testcase time="0.0040000000000191" classname="SurvivalQuantities" name="SurvivalQuantities_and_autoplot.SurvivalQuantities_works_as_expected"/>
    <testcase time="0.0029999999999859" classname="SurvivalQuantities" name="SurvivalQuantities_and_autoplot.SurvivalQuantities_works_as_expected"/>
    <testcase time="0.0040000000000191" classname="SurvivalQuantities" name="SurvivalQuantities_and_autoplot.SurvivalQuantities_works_as_expected"/>
    <testcase time="0.00399999999999068" classname="SurvivalQuantities" name="SurvivalQuantities_and_autoplot.SurvivalQuantities_works_as_expected"/>
    <testcase time="0.0029999999999859" classname="SurvivalQuantities" name="SurvivalQuantities_and_autoplot.SurvivalQuantities_works_as_expected"/>
    <testcase time="1.44500000000002" classname="SurvivalQuantities" name="autoplot.SurvivalSamples_works_as_expected"/>
    <testcase time="0.00399999999999068" classname="SurvivalQuantities" name="autoplot.SurvivalSamples_works_as_expected"/>
    <testcase time="0.0029999999999859" classname="SurvivalQuantities" name="autoplot.SurvivalSamples_works_as_expected"/>
    <testcase time="0.00300000000001432" classname="SurvivalQuantities" name="autoplot.SurvivalSamples_works_as_expected"/>
    <testcase time="0.0029999999999859" classname="SurvivalQuantities" name="autoplot.SurvivalSamples_works_as_expected"/>
    <testcase time="0.855000000000018" classname="SurvivalQuantities" name="autoplot.SurvivalSamples_works_as_expected"/>
    <testcase time="0.00399999999999068" classname="SurvivalQuantities" name="autoplot.SurvivalSamples_works_as_expected"/>
    <testcase time="0.00399999999999068" classname="SurvivalQuantities" name="autoplot.SurvivalSamples_works_as_expected"/>
    <testcase time="0.00300000000001432" classname="SurvivalQuantities" name="autoplot.SurvivalSamples_works_as_expected"/>
    <testcase time="0.00399999999999068" classname="SurvivalQuantities" name="autoplot.SurvivalSamples_works_as_expected"/>
    <testcase time="0.00300000000001432" classname="SurvivalQuantities" name="autoplot.SurvivalSamples_works_as_expected"/>
    <testcase time="1.12799999999999" classname="SurvivalQuantities" name="autoplot.SurvivalSamples_works_as_expected"/>
    <testcase time="0.00499999999999545" classname="SurvivalQuantities" name="autoplot.SurvivalSamples_works_as_expected"/>
    <testcase time="0.0040000000000191" classname="SurvivalQuantities" name="autoplot.SurvivalSamples_works_as_expected"/>
    <testcase time="0.00399999999999068" classname="SurvivalQuantities" name="autoplot.SurvivalSamples_works_as_expected"/>
    <testcase time="0.0029999999999859" classname="SurvivalQuantities" name="autoplot.SurvivalSamples_works_as_expected"/>
    <testcase time="0.0040000000000191" classname="SurvivalQuantities" name="autoplot.SurvivalSamples_works_as_expected"/>
    <testcase time="0.00399999999999068" classname="SurvivalQuantities" name="autoplot.SurvivalSamples_works_as_expected"/>
    <testcase time="1.14400000000001" classname="SurvivalQuantities" name="SurvivalQuantities_print_method_works_as_expected">
      <skipped message="Reason: On CRAN ('test-SurvivalQuantities.R:129:5')"/>
    </testcase>
  </testsuite>
  <testsuite name="SurvivalWeibullPH" timestamp="2024-03-01T09:47:32Z" hostname="0b601273a53e" tests="1" skipped="1" failures="0" errors="0" time="0.138">
    <testcase time="0.138000000000005" classname="SurvivalWeibullPH" name="Print_method_for_SurvivalWeibullPH_works_as_expected">
      <skipped message="Reason: On CRAN ('test-SurvivalWeibullPH.R:4:5')"/>
    </testcase>
  </testsuite>
  <testsuite name="brierScore" timestamp="2024-03-01T09:47:33Z" hostname="0b601273a53e" tests="5" skipped="0" failures="0" errors="0" time="32.44">
    <testcase time="32.215" classname="brierScore" name="brierScore_SurvivalQuantities_returns_same_results_as_survreg"/>
    <testcase time="0.00799999999998136" classname="brierScore" name="brier_score_weight_matrix_is_correctly_calculated"/>
    <testcase time="0.00600000000000023" classname="brierScore" name="bs_get_squared_dist_works_as_expected"/>
    <testcase time="0.194999999999993" classname="brierScore" name="reverse_km_event_first_and_reverse_km_cen_first_work_as_expected"/>
    <testcase time="0.0160000000000196" classname="brierScore" name="reverse_km_event_first_and_reverse_km_cen_first_work_as_expected"/>
  </testsuite>
  <testsuite name="compile" timestamp="2024-03-01T09:48:05Z" hostname="0b601273a53e" tests="1" skipped="0" failures="0" errors="0" time="17.201">
    <testcase time="17.201" classname="compile" name="compileStanModel_doesn_t_error_if_the_directory_doesn_t_exist"/>
  </testsuite>
  <testsuite name="extract_quantities" timestamp="2024-03-01T09:48:22Z" hostname="0b601273a53e" tests="5" skipped="0" failures="0" errors="0" time="0.401">
    <testcase time="0.310000000000002" classname="extract_quantities" name="extract_quantities_works_as_expected"/>
    <testcase time="0.0300000000000011" classname="extract_quantities" name="extract_quantities_works_as_expected"/>
    <testcase time="0.0339999999999918" classname="extract_quantities" name="extract_quantities_works_as_expected"/>
    <testcase time="0.00499999999999545" classname="extract_quantities" name="extract_quantities_works_as_expected"/>
    <testcase time="0.0220000000000198" classname="extract_quantities" name="extract_quantities_works_as_expected"/>
  </testsuite>
  <testsuite name="initialValues" timestamp="2024-03-01T09:48:23Z" hostname="0b601273a53e" tests="414" skipped="0" failures="0" errors="0" time="2.576">
    <testcase time="0.72199999999998" classname="initialValues" name="initialValues_works_as_expected"/>
    <testcase time="0.00500000000002387" classname="initialValues" name="initialValues_works_as_expected"/>
    <testcase time="0.00399999999999068" classname="initialValues" name="initialValues_works_as_expected"/>
    <testcase time="0.00399999999999068" classname="initialValues" name="initialValues_works_as_expected"/>
    <testcase time="0.00499999999999545" classname="initialValues" name="initialValues_works_as_expected"/>
    <testcase time="0.00900000000001455" classname="initialValues" name="ensure_initial_values_works_as_expected"/>
    <testcase time="0.00100000000000477" classname="initialValues" name="ensure_initial_values_works_as_expected"/>
    <testcase time="0.00100000000000477" classname="initialValues" name="ensure_initial_values_works_as_expected"/>
    <testcase time="0.00100000000000477" classname="initialValues" name="ensure_initial_values_works_as_expected"/>
    <testcase time="0.00100000000000477" classname="initialValues" name="ensure_initial_values_works_as_expected"/>
    <testcase time="0.00199999999998113" classname="initialValues" name="ensure_initial_values_works_as_expected"/>
    <testcase time="0.00300000000001432" classname="initialValues" name="ensure_initial_values_works_as_expected"/>
    <testcase time="0.0029999999999859" classname="initialValues" name="ensure_initial_values_works_as_expected"/>
    <testcase time="0.0040000000000191" classname="initialValues" name="ensure_initial_values_works_as_expected"/>
    <testcase time="0.133999999999986" classname="initialValues" name="intial_values_for_fixed_distributions_gives_valid_values"/>
    <testcase time="0.0040000000000191" classname="initialValues" name="intial_values_for_fixed_distributions_gives_valid_values"/>
    <testcase time="0.0029999999999859" classname="initialValues" name="intial_values_for_fixed_distributions_gives_valid_values"/>
    <testcase time="0.00300000000001432" classname="initialValues" name="intial_values_for_fixed_distributions_gives_valid_values"/>
    <testcase time="0.0029999999999859" classname="initialValues" name="intial_values_for_fixed_distributions_gives_valid_values"/>
    <testcase time="0.00300000000001432" classname="initialValues" name="intial_values_for_fixed_distributions_gives_valid_values"/>
    <testcase time="0.0029999999999859" classname="initialValues" name="intial_values_for_fixed_distributions_gives_valid_values"/>
    <testcase time="0.00399999999999068" classname="initialValues" name="intial_values_for_fixed_distributions_gives_valid_values"/>
    <testcase time="0.00300000000001432" classname="initialValues" name="intial_values_for_fixed_distributions_gives_valid_values"/>
    <testcase time="0.0029999999999859" classname="initialValues" name="intial_values_for_fixed_distributions_gives_valid_values"/>
    <testcase time="0.00300000000001432" classname="initialValues" name="intial_values_for_fixed_distributions_gives_valid_values"/>
    <testcase time="0.00399999999999068" classname="initialValues" name="intial_values_for_fixed_distributions_gives_valid_values"/>
    <testcase time="0.00300000000001432" classname="initialValues" name="intial_values_for_fixed_distributions_gives_valid_values"/>
    <testcase time="0.0029999999999859" classname="initialValues" name="intial_values_for_fixed_distributions_gives_valid_values"/>
    <testcase time="0.00300000000001432" classname="initialValues" name="intial_values_for_fixed_distributions_gives_valid_values"/>
    <testcase time="0.0029999999999859" classname="initialValues" name="intial_values_for_fixed_distributions_gives_valid_values"/>
    <testcase time="0.00300000000001432" classname="initialValues" name="intial_values_for_fixed_distributions_gives_valid_values"/>
    <testcase time="0.0029999999999859" classname="initialValues" name="intial_values_for_fixed_distributions_gives_valid_values"/>
    <testcase time="0.00300000000001432" classname="initialValues" name="intial_values_for_fixed_distributions_gives_valid_values"/>
    <testcase time="0.0029999999999859" classname="initialValues" name="intial_values_for_fixed_distributions_gives_valid_values"/>
    <testcase time="0.0040000000000191" classname="initialValues" name="intial_values_for_fixed_distributions_gives_valid_values"/>
    <testcase time="0.0029999999999859" classname="initialValues" name="intial_values_for_fixed_distributions_gives_valid_values"/>
    <testcase time="0.00300000000001432" classname="initialValues" name="intial_values_for_fixed_distributions_gives_valid_values"/>
    <testcase time="0.0029999999999859" classname="initialValues" name="intial_values_for_fixed_distributions_gives_valid_values"/>
    <testcase time="0.00399999999999068" classname="initialValues" name="intial_values_for_fixed_distributions_gives_valid_values"/>
    <testcase time="0.00300000000001432" classname="initialValues" name="intial_values_for_fixed_distributions_gives_valid_values"/>
    <testcase time="0.0029999999999859" classname="initialValues" name="intial_values_for_fixed_distributions_gives_valid_values"/>
    <testcase time="0.0040000000000191" classname="initialValues" name="intial_values_for_fixed_distributions_gives_valid_values"/>
    <testcase time="0.0029999999999859" classname="initialValues" name="intial_values_for_fixed_distributions_gives_valid_values"/>
    <testcase time="0.00300000000001432" classname="initialValues" name="intial_values_for_fixed_distributions_gives_valid_values"/>
    <testcase time="0.0029999999999859" classname="initialValues" name="intial_values_for_fixed_distributions_gives_valid_values"/>
    <testcase time="0.00399999999999068" classname="initialValues" name="intial_values_for_fixed_distributions_gives_valid_values"/>
    <testcase time="0.00300000000001432" classname="initialValues" name="intial_values_for_fixed_distributions_gives_valid_values"/>
    <testcase time="0.0029999999999859" classname="initialValues" name="intial_values_for_fixed_distributions_gives_valid_values"/>
    <testcase time="0.00300000000001432" classname="initialValues" name="intial_values_for_fixed_distributions_gives_valid_values"/>
    <testcase time="0.0029999999999859" classname="initialValues" name="intial_values_for_fixed_distributions_gives_valid_values"/>
    <testcase time="0.00300000000001432" classname="initialValues" name="intial_values_for_fixed_distributions_gives_valid_values"/>
    <testcase time="0.0029999999999859" classname="initialValues" name="intial_values_for_fixed_distributions_gives_valid_values"/>
    <testcase time="0.00300000000001432" classname="initialValues" name="intial_values_for_fixed_distributions_gives_valid_values"/>
    <testcase time="0.0029999999999859" classname="initialValues" name="intial_values_for_fixed_distributions_gives_valid_values"/>
    <testcase time="0.00300000000001432" classname="initialValues" name="intial_values_for_fixed_distributions_gives_valid_values"/>
    <testcase time="0.0029999999999859" classname="initialValues" name="intial_values_for_fixed_distributions_gives_valid_values"/>
    <testcase time="0.00300000000001432" classname="initialValues" name="intial_values_for_fixed_distributions_gives_valid_values"/>
    <testcase time="0.00399999999999068" classname="initialValues" name="intial_values_for_fixed_distributions_gives_valid_values"/>
    <testcase time="0.00300000000001432" classname="initialValues" name="intial_values_for_fixed_distributions_gives_valid_values"/>
    <testcase time="0.0199999999999818" classname="initialValues" name="intial_values_for_fixed_distributions_gives_valid_values"/>
    <testcase time="0.00600000000000023" classname="initialValues" name="intial_values_for_fixed_distributions_gives_valid_values"/>
    <testcase time="0.0040000000000191" classname="initialValues" name="intial_values_for_fixed_distributions_gives_valid_values"/>
    <testcase time="0.0029999999999859" classname="initialValues" name="intial_values_for_fixed_distributions_gives_valid_values"/>
    <testcase time="0.00399999999999068" classname="initialValues" name="intial_values_for_fixed_distributions_gives_valid_values"/>
    <testcase time="0.00300000000001432" classname="initialValues" name="intial_values_for_fixed_distributions_gives_valid_values"/>
    <testcase time="0.00399999999999068" classname="initialValues" name="intial_values_for_fixed_distributions_gives_valid_values"/>
    <testcase time="0.0040000000000191" classname="initialValues" name="intial_values_for_fixed_distributions_gives_valid_values"/>
    <testcase time="0.00399999999999068" classname="initialValues" name="intial_values_for_fixed_distributions_gives_valid_values"/>
    <testcase time="0.0029999999999859" classname="initialValues" name="intial_values_for_fixed_distributions_gives_valid_values"/>
    <testcase time="0.0040000000000191" classname="initialValues" name="intial_values_for_fixed_distributions_gives_valid_values"/>
    <testcase time="0.0029999999999859" classname="initialValues" name="intial_values_for_fixed_distributions_gives_valid_values"/>
    <testcase time="0.0040000000000191" classname="initialValues" name="intial_values_for_fixed_distributions_gives_valid_values"/>
    <testcase time="0.0029999999999859" classname="initialValues" name="intial_values_for_fixed_distributions_gives_valid_values"/>
    <testcase time="0.00399999999999068" classname="initialValues" name="intial_values_for_fixed_distributions_gives_valid_values"/>
    <testcase time="0.00300000000001432" classname="initialValues" name="intial_values_for_fixed_distributions_gives_valid_values"/>
    <testcase time="0.00399999999999068" classname="initialValues" name="intial_values_for_fixed_distributions_gives_valid_values"/>
    <testcase time="0.00399999999999068" classname="initialValues" name="intial_values_for_fixed_distributions_gives_valid_values"/>
    <testcase time="0.00300000000001432" classname="initialValues" name="intial_values_for_fixed_distributions_gives_valid_values"/>
    <testcase time="0.00399999999999068" classname="initialValues" name="intial_values_for_fixed_distributions_gives_valid_values"/>
    <testcase time="0.0040000000000191" classname="initialValues" name="intial_values_for_fixed_distributions_gives_valid_values"/>
    <testcase time="0.0029999999999859" classname="initialValues" name="intial_values_for_fixed_distributions_gives_valid_values"/>
    <testcase time="0.00399999999999068" classname="initialValues" name="intial_values_for_fixed_distributions_gives_valid_values"/>
    <testcase time="0.0040000000000191" classname="initialValues" name="intial_values_for_fixed_distributions_gives_valid_values"/>
    <testcase time="0.0029999999999859" classname="initialValues" name="intial_values_for_fixed_distributions_gives_valid_values"/>
    <testcase time="0.00300000000001432" classname="initialValues" name="intial_values_for_fixed_distributions_gives_valid_values"/>
    <testcase time="0.00399999999999068" classname="initialValues" name="intial_values_for_fixed_distributions_gives_valid_values"/>
    <testcase time="0.00300000000001432" classname="initialValues" name="intial_values_for_fixed_distributions_gives_valid_values"/>
    <testcase time="0.0029999999999859" classname="initialValues" name="intial_values_for_fixed_distributions_gives_valid_values"/>
    <testcase time="0.00399999999999068" classname="initialValues" name="intial_values_for_fixed_distributions_gives_valid_values"/>
    <testcase time="0.00300000000001432" classname="initialValues" name="intial_values_for_fixed_distributions_gives_valid_values"/>
    <testcase time="0.0029999999999859" classname="initialValues" name="intial_values_for_fixed_distributions_gives_valid_values"/>
    <testcase time="0.00300000000001432" classname="initialValues" name="intial_values_for_fixed_distributions_gives_valid_values"/>
    <testcase time="0.0029999999999859" classname="initialValues" name="intial_values_for_fixed_distributions_gives_valid_values"/>
    <testcase time="0.00300000000001432" classname="initialValues" name="intial_values_for_fixed_distributions_gives_valid_values"/>
    <testcase time="0.00399999999999068" classname="initialValues" name="intial_values_for_fixed_distributions_gives_valid_values"/>
    <testcase time="0.00300000000001432" classname="initialValues" name="intial_values_for_fixed_distributions_gives_valid_values"/>
    <testcase time="0.0029999999999859" classname="initialValues" name="intial_values_for_fixed_distributions_gives_valid_values"/>
    <testcase time="0.0040000000000191" classname="initialValues" name="intial_values_for_fixed_distributions_gives_valid_values"/>
    <testcase time="0.0029999999999859" classname="initialValues" name="intial_values_for_fixed_distributions_gives_valid_values"/>
    <testcase time="0.00399999999999068" classname="initialValues" name="intial_values_for_fixed_distributions_gives_valid_values"/>
    <testcase time="0.00300000000001432" classname="initialValues" name="intial_values_for_fixed_distributions_gives_valid_values"/>
    <testcase time="0.00399999999999068" classname="initialValues" name="intial_values_for_fixed_distributions_gives_valid_values"/>
    <testcase time="0.0040000000000191" classname="initialValues" name="intial_values_for_fixed_distributions_gives_valid_values"/>
    <testcase time="0.0029999999999859" classname="initialValues" name="intial_values_for_fixed_distributions_gives_valid_values"/>
    <testcase time="0.00399999999999068" classname="initialValues" name="intial_values_for_fixed_distributions_gives_valid_values"/>
    <testcase time="0.0040000000000191" classname="initialValues" name="intial_values_for_fixed_distributions_gives_valid_values"/>
    <testcase time="0.0029999999999859" classname="initialValues" name="intial_values_for_fixed_distributions_gives_valid_values"/>
    <testcase time="0.0040000000000191" classname="initialValues" name="intial_values_for_fixed_distributions_gives_valid_values"/>
    <testcase time="0.00399999999999068" classname="initialValues" name="intial_values_for_fixed_distributions_gives_valid_values"/>
    <testcase time="0.0029999999999859" classname="initialValues" name="intial_values_for_fixed_distributions_gives_valid_values"/>
    <testcase time="0.0040000000000191" classname="initialValues" name="intial_values_for_fixed_distributions_gives_valid_values"/>
    <testcase time="0.0029999999999859" classname="initialValues" name="intial_values_for_fixed_distributions_gives_valid_values"/>
    <testcase time="0.00399999999999068" classname="initialValues" name="intial_values_for_fixed_distributions_gives_valid_values"/>
    <testcase time="0.00300000000001432" classname="initialValues" name="intial_values_for_fixed_distributions_gives_valid_values"/>
    <testcase time="0.0029999999999859" classname="initialValues" name="intial_values_for_fixed_distributions_gives_valid_values"/>
    <testcase time="0.0040000000000191" classname="initialValues" name="intial_values_for_fixed_distributions_gives_valid_values"/>
    <testcase time="0.0029999999999859" classname="initialValues" name="intial_values_for_fixed_distributions_gives_valid_values"/>
    <testcase time="0.0040000000000191" classname="initialValues" name="intial_values_for_fixed_distributions_gives_valid_values"/>
    <testcase time="0.00399999999999068" classname="initialValues" name="intial_values_for_fixed_distributions_gives_valid_values"/>
    <testcase time="0.0029999999999859" classname="initialValues" name="intial_values_for_fixed_distributions_gives_valid_values"/>
    <testcase time="0.0040000000000191" classname="initialValues" name="intial_values_for_fixed_distributions_gives_valid_values"/>
    <testcase time="0.0029999999999859" classname="initialValues" name="intial_values_for_fixed_distributions_gives_valid_values"/>
    <testcase time="0.00300000000001432" classname="initialValues" name="intial_values_for_fixed_distributions_gives_valid_values"/>
    <testcase time="0.0029999999999859" classname="initialValues" name="intial_values_for_fixed_distributions_gives_valid_values"/>
    <testcase time="0.00399999999999068" classname="initialValues" name="intial_values_for_fixed_distributions_gives_valid_values"/>
    <testcase time="0.00300000000001432" classname="initialValues" name="intial_values_for_fixed_distributions_gives_valid_values"/>
    <testcase time="0.00399999999999068" classname="initialValues" name="intial_values_for_fixed_distributions_gives_valid_values"/>
    <testcase time="0.00300000000001432" classname="initialValues" name="intial_values_for_fixed_distributions_gives_valid_values"/>
    <testcase time="0.00399999999999068" classname="initialValues" name="intial_values_for_fixed_distributions_gives_valid_values"/>
    <testcase time="0.00300000000001432" classname="initialValues" name="intial_values_for_fixed_distributions_gives_valid_values"/>
    <testcase time="0.00399999999999068" classname="initialValues" name="intial_values_for_fixed_distributions_gives_valid_values"/>
    <testcase time="0.00399999999999068" classname="initialValues" name="intial_values_for_fixed_distributions_gives_valid_values"/>
    <testcase time="0.00300000000001432" classname="initialValues" name="intial_values_for_fixed_distributions_gives_valid_values"/>
    <testcase time="0.00399999999999068" classname="initialValues" name="intial_values_for_fixed_distributions_gives_valid_values"/>
    <testcase time="0.00399999999999068" classname="initialValues" name="intial_values_for_fixed_distributions_gives_valid_values"/>
    <testcase time="0.00300000000001432" classname="initialValues" name="intial_values_for_fixed_distributions_gives_valid_values"/>
    <testcase time="0.00399999999999068" classname="initialValues" name="intial_values_for_fixed_distributions_gives_valid_values"/>
    <testcase time="0.0040000000000191" classname="initialValues" name="intial_values_for_fixed_distributions_gives_valid_values"/>
    <testcase time="0.0029999999999859" classname="initialValues" name="intial_values_for_fixed_distributions_gives_valid_values"/>
    <testcase time="0.00399999999999068" classname="initialValues" name="intial_values_for_fixed_distributions_gives_valid_values"/>
    <testcase time="0.00300000000001432" classname="initialValues" name="intial_values_for_fixed_distributions_gives_valid_values"/>
    <testcase time="0.00399999999999068" classname="initialValues" name="intial_values_for_fixed_distributions_gives_valid_values"/>
    <testcase time="0.00300000000001432" classname="initialValues" name="intial_values_for_fixed_distributions_gives_valid_values"/>
    <testcase time="0.00399999999999068" classname="initialValues" name="intial_values_for_fixed_distributions_gives_valid_values"/>
    <testcase time="0.00399999999999068" classname="initialValues" name="intial_values_for_fixed_distributions_gives_valid_values"/>
    <testcase time="0.0040000000000191" classname="initialValues" name="intial_values_for_fixed_distributions_gives_valid_values"/>
    <testcase time="0.00399999999999068" classname="initialValues" name="intial_values_for_fixed_distributions_gives_valid_values"/>
    <testcase time="0.0029999999999859" classname="initialValues" name="intial_values_for_fixed_distributions_gives_valid_values"/>
    <testcase time="0.00300000000001432" classname="initialValues" name="intial_values_for_fixed_distributions_gives_valid_values"/>
    <testcase time="0.00399999999999068" classname="initialValues" name="intial_values_for_fixed_distributions_gives_valid_values"/>
    <testcase time="0.00300000000001432" classname="initialValues" name="intial_values_for_fixed_distributions_gives_valid_values"/>
    <testcase time="0.00399999999999068" classname="initialValues" name="intial_values_for_fixed_distributions_gives_valid_values"/>
    <testcase time="0.00399999999999068" classname="initialValues" name="intial_values_for_fixed_distributions_gives_valid_values"/>
    <testcase time="0.00300000000001432" classname="initialValues" name="intial_values_for_fixed_distributions_gives_valid_values"/>
    <testcase time="0.00399999999999068" classname="initialValues" name="intial_values_for_fixed_distributions_gives_valid_values"/>
    <testcase time="0.00300000000001432" classname="initialValues" name="intial_values_for_fixed_distributions_gives_valid_values"/>
    <testcase time="0.00399999999999068" classname="initialValues" name="intial_values_for_fixed_distributions_gives_valid_values"/>
    <testcase time="0.00300000000001432" classname="initialValues" name="intial_values_for_fixed_distributions_gives_valid_values"/>
    <testcase time="0.00300000000001432" classname="initialValues" name="intial_values_for_fixed_distributions_gives_valid_values"/>
    <testcase time="0.0209999999999866" classname="initialValues" name="intial_values_for_fixed_distributions_gives_valid_values"/>
    <testcase time="0.007000000000005" classname="initialValues" name="intial_values_for_fixed_distributions_gives_valid_values"/>
    <testcase time="0.00499999999999545" classname="initialValues" name="intial_values_for_fixed_distributions_gives_valid_values"/>
    <testcase time="0.0040000000000191" classname="initialValues" name="intial_values_for_fixed_distributions_gives_valid_values"/>
    <testcase time="0.00399999999999068" classname="initialValues" name="intial_values_for_fixed_distributions_gives_valid_values"/>
    <testcase time="0.00399999999999068" classname="initialValues" name="intial_values_for_fixed_distributions_gives_valid_values"/>
    <testcase time="0.0040000000000191" classname="initialValues" name="intial_values_for_fixed_distributions_gives_valid_values"/>
    <testcase time="0.00399999999999068" classname="initialValues" name="intial_values_for_fixed_distributions_gives_valid_values"/>
    <testcase time="0.00399999999999068" classname="initialValues" name="intial_values_for_fixed_distributions_gives_valid_values"/>
    <testcase time="0.0040000000000191" classname="initialValues" name="intial_values_for_fixed_distributions_gives_valid_values"/>
    <testcase time="0.00399999999999068" classname="initialValues" name="intial_values_for_fixed_distributions_gives_valid_values"/>
    <testcase time="0.00399999999999068" classname="initialValues" name="intial_values_for_fixed_distributions_gives_valid_values"/>
    <testcase time="0.0040000000000191" classname="initialValues" name="intial_values_for_fixed_distributions_gives_valid_values"/>
    <testcase time="0.00399999999999068" classname="initialValues" name="intial_values_for_fixed_distributions_gives_valid_values"/>
    <testcase time="0.0029999999999859" classname="initialValues" name="intial_values_for_fixed_distributions_gives_valid_values"/>
    <testcase time="0.00500000000002387" classname="initialValues" name="intial_values_for_fixed_distributions_gives_valid_values"/>
    <testcase time="0.00399999999999068" classname="initialValues" name="intial_values_for_fixed_distributions_gives_valid_values"/>
    <testcase time="0.0029999999999859" classname="initialValues" name="intial_values_for_fixed_distributions_gives_valid_values"/>
    <testcase time="0.0040000000000191" classname="initialValues" name="intial_values_for_fixed_distributions_gives_valid_values"/>
    <testcase time="0.00399999999999068" classname="initialValues" name="intial_values_for_fixed_distributions_gives_valid_values"/>
    <testcase time="0.00399999999999068" classname="initialValues" name="intial_values_for_fixed_distributions_gives_valid_values"/>
    <testcase time="0.0040000000000191" classname="initialValues" name="intial_values_for_fixed_distributions_gives_valid_values"/>
    <testcase time="0.00399999999999068" classname="initialValues" name="intial_values_for_fixed_distributions_gives_valid_values"/>
    <testcase time="0.00300000000001432" classname="initialValues" name="intial_values_for_fixed_distributions_gives_valid_values"/>
    <testcase time="0.00399999999999068" classname="initialValues" name="intial_values_for_fixed_distributions_gives_valid_values"/>
    <testcase time="0.00399999999999068" classname="initialValues" name="intial_values_for_fixed_distributions_gives_valid_values"/>
    <testcase time="0.00300000000001432" classname="initialValues" name="intial_values_for_fixed_distributions_gives_valid_values"/>
    <testcase time="0.00399999999999068" classname="initialValues" name="intial_values_for_fixed_distributions_gives_valid_values"/>
    <testcase time="0.00300000000001432" classname="initialValues" name="intial_values_for_fixed_distributions_gives_valid_values"/>
    <testcase time="0.0029999999999859" classname="initialValues" name="intial_values_for_fixed_distributions_gives_valid_values"/>
    <testcase time="0.00300000000001432" classname="initialValues" name="intial_values_for_fixed_distributions_gives_valid_values"/>
    <testcase time="0.00399999999999068" classname="initialValues" name="intial_values_for_fixed_distributions_gives_valid_values"/>
    <testcase time="0.0029999999999859" classname="initialValues" name="intial_values_for_fixed_distributions_gives_valid_values"/>
    <testcase time="0.0040000000000191" classname="initialValues" name="intial_values_for_fixed_distributions_gives_valid_values"/>
    <testcase time="0.0029999999999859" classname="initialValues" name="intial_values_for_fixed_distributions_gives_valid_values"/>
    <testcase time="0.00300000000001432" classname="initialValues" name="intial_values_for_fixed_distributions_gives_valid_values"/>
    <testcase time="0.00399999999999068" classname="initialValues" name="intial_values_for_fixed_distributions_gives_valid_values"/>
    <testcase time="0.00300000000001432" classname="initialValues" name="intial_values_for_fixed_distributions_gives_valid_values"/>
    <testcase time="0.00399999999999068" classname="initialValues" name="intial_values_for_fixed_distributions_gives_valid_values"/>
    <testcase time="0.0029999999999859" classname="initialValues" name="intial_values_for_fixed_distributions_gives_valid_values"/>
    <testcase time="0.0040000000000191" classname="initialValues" name="intial_values_for_fixed_distributions_gives_valid_values"/>
    <testcase time="0.00399999999999068" classname="initialValues" name="intial_values_for_fixed_distributions_gives_valid_values"/>
    <testcase time="0.00399999999999068" classname="initialValues" name="intial_values_for_fixed_distributions_gives_valid_values"/>
    <testcase time="0.00300000000001432" classname="initialValues" name="intial_values_for_fixed_distributions_gives_valid_values"/>
    <testcase time="0.00399999999999068" classname="initialValues" name="intial_values_for_fixed_distributions_gives_valid_values"/>
    <testcase time="0.0040000000000191" classname="initialValues" name="intial_values_for_fixed_distributions_gives_valid_values"/>
    <testcase time="0.0029999999999859" classname="initialValues" name="intial_values_for_fixed_distributions_gives_valid_values"/>
    <testcase time="0.00399999999999068" classname="initialValues" name="intial_values_for_fixed_distributions_gives_valid_values"/>
    <testcase time="0.0040000000000191" classname="initialValues" name="intial_values_for_fixed_distributions_gives_valid_values"/>
    <testcase time="0.00399999999999068" classname="initialValues" name="intial_values_for_fixed_distributions_gives_valid_values"/>
    <testcase time="0.0029999999999859" classname="initialValues" name="intial_values_for_fixed_distributions_gives_valid_values"/>
    <testcase time="0.0040000000000191" classname="initialValues" name="intial_values_for_fixed_distributions_gives_valid_values"/>
    <testcase time="0.00399999999999068" classname="initialValues" name="intial_values_for_fixed_distributions_gives_valid_values"/>
    <testcase time="0.00399999999999068" classname="initialValues" name="intial_values_for_fixed_distributions_gives_valid_values"/>
    <testcase time="0.00300000000001432" classname="initialValues" name="intial_values_for_fixed_distributions_gives_valid_values"/>
    <testcase time="0.00399999999999068" classname="initialValues" name="intial_values_for_fixed_distributions_gives_valid_values"/>
    <testcase time="0.0040000000000191" classname="initialValues" name="intial_values_for_fixed_distributions_gives_valid_values"/>
    <testcase time="0.00399999999999068" classname="initialValues" name="intial_values_for_fixed_distributions_gives_valid_values"/>
    <testcase time="0.00399999999999068" classname="initialValues" name="intial_values_for_fixed_distributions_gives_valid_values"/>
    <testcase time="0.0040000000000191" classname="initialValues" name="intial_values_for_fixed_distributions_gives_valid_values"/>
    <testcase time="0.00399999999999068" classname="initialValues" name="intial_values_for_fixed_distributions_gives_valid_values"/>
    <testcase time="0.00399999999999068" classname="initialValues" name="intial_values_for_fixed_distributions_gives_valid_values"/>
    <testcase time="0.00300000000001432" classname="initialValues" name="intial_values_for_fixed_distributions_gives_valid_values"/>
    <testcase time="0.00399999999999068" classname="initialValues" name="intial_values_for_fixed_distributions_gives_valid_values"/>
    <testcase time="0.00399999999999068" classname="initialValues" name="intial_values_for_fixed_distributions_gives_valid_values"/>
    <testcase time="0.00300000000001432" classname="initialValues" name="intial_values_for_fixed_distributions_gives_valid_values"/>
    <testcase time="0.00399999999999068" classname="initialValues" name="intial_values_for_fixed_distributions_gives_valid_values"/>
    <testcase time="0.0040000000000191" classname="initialValues" name="intial_values_for_fixed_distributions_gives_valid_values"/>
    <testcase time="0.00499999999999545" classname="initialValues" name="intial_values_for_fixed_distributions_gives_valid_values"/>
    <testcase time="0.00399999999999068" classname="initialValues" name="intial_values_for_fixed_distributions_gives_valid_values"/>
    <testcase time="0.00399999999999068" classname="initialValues" name="intial_values_for_fixed_distributions_gives_valid_values"/>
    <testcase time="0.0040000000000191" classname="initialValues" name="intial_values_for_fixed_distributions_gives_valid_values"/>
    <testcase time="0.00399999999999068" classname="initialValues" name="intial_values_for_fixed_distributions_gives_valid_values"/>
    <testcase time="0.00399999999999068" classname="initialValues" name="intial_values_for_fixed_distributions_gives_valid_values"/>
    <testcase time="0.0040000000000191" classname="initialValues" name="intial_values_for_fixed_distributions_gives_valid_values"/>
    <testcase time="0.00399999999999068" classname="initialValues" name="intial_values_for_fixed_distributions_gives_valid_values"/>
    <testcase time="0.00399999999999068" classname="initialValues" name="intial_values_for_fixed_distributions_gives_valid_values"/>
    <testcase time="0.0040000000000191" classname="initialValues" name="intial_values_for_fixed_distributions_gives_valid_values"/>
    <testcase time="0.0029999999999859" classname="initialValues" name="intial_values_for_fixed_distributions_gives_valid_values"/>
    <testcase time="0.0040000000000191" classname="initialValues" name="intial_values_for_fixed_distributions_gives_valid_values"/>
    <testcase time="0.00399999999999068" classname="initialValues" name="intial_values_for_fixed_distributions_gives_valid_values"/>
    <testcase time="0.00399999999999068" classname="initialValues" name="intial_values_for_fixed_distributions_gives_valid_values"/>
    <testcase time="0.00399999999999068" classname="initialValues" name="intial_values_for_fixed_distributions_gives_valid_values"/>
    <testcase time="0.0040000000000191" classname="initialValues" name="intial_values_for_fixed_distributions_gives_valid_values"/>
    <testcase time="0.0209999999999866" classname="initialValues" name="intial_values_for_fixed_distributions_gives_valid_values"/>
    <testcase time="0.00600000000000023" classname="initialValues" name="intial_values_for_fixed_distributions_gives_valid_values"/>
    <testcase time="0.00499999999999545" classname="initialValues" name="intial_values_for_fixed_distributions_gives_valid_values"/>
    <testcase time="0.00500000000002387" classname="initialValues" name="intial_values_for_fixed_distributions_gives_valid_values"/>
    <testcase time="0.00399999999999068" classname="initialValues" name="intial_values_for_fixed_distributions_gives_valid_values"/>
    <testcase time="0.00399999999999068" classname="initialValues" name="intial_values_for_fixed_distributions_gives_valid_values"/>
    <testcase time="0.0040000000000191" classname="initialValues" name="intial_values_for_fixed_distributions_gives_valid_values"/>
    <testcase time="0.00399999999999068" classname="initialValues" name="intial_values_for_fixed_distributions_gives_valid_values"/>
    <testcase time="0.00499999999999545" classname="initialValues" name="intial_values_for_fixed_distributions_gives_valid_values"/>
    <testcase time="0.00499999999999545" classname="initialValues" name="intial_values_for_fixed_distributions_gives_valid_values"/>
    <testcase time="0.0040000000000191" classname="initialValues" name="intial_values_for_fixed_distributions_gives_valid_values"/>
    <testcase time="0.00399999999999068" classname="initialValues" name="intial_values_for_fixed_distributions_gives_valid_values"/>
    <testcase time="0.00399999999999068" classname="initialValues" name="intial_values_for_fixed_distributions_gives_valid_values"/>
    <testcase time="0.00499999999999545" classname="initialValues" name="intial_values_for_fixed_distributions_gives_valid_values"/>
    <testcase time="0.00500000000002387" classname="initialValues" name="intial_values_for_fixed_distributions_gives_valid_values"/>
    <testcase time="0.00399999999999068" classname="initialValues" name="intial_values_for_fixed_distributions_gives_valid_values"/>
    <testcase time="0.00499999999999545" classname="initialValues" name="intial_values_for_fixed_distributions_gives_valid_values"/>
    <testcase time="0.00499999999999545" classname="initialValues" name="intial_values_for_fixed_distributions_gives_valid_values"/>
    <testcase time="0.0040000000000191" classname="initialValues" name="intial_values_for_fixed_distributions_gives_valid_values"/>
    <testcase time="0.00399999999999068" classname="initialValues" name="intial_values_for_fixed_distributions_gives_valid_values"/>
    <testcase time="0.00499999999999545" classname="initialValues" name="intial_values_for_fixed_distributions_gives_valid_values"/>
    <testcase time="0.00399999999999068" classname="initialValues" name="intial_values_for_fixed_distributions_gives_valid_values"/>
    <testcase time="0.0040000000000191" classname="initialValues" name="intial_values_for_fixed_distributions_gives_valid_values"/>
    <testcase time="0.00499999999999545" classname="initialValues" name="intial_values_for_fixed_distributions_gives_valid_values"/>
    <testcase time="0.00399999999999068" classname="initialValues" name="intial_values_for_fixed_distributions_gives_valid_values"/>
    <testcase time="0.00399999999999068" classname="initialValues" name="intial_values_for_fixed_distributions_gives_valid_values"/>
    <testcase time="0.00500000000002387" classname="initialValues" name="intial_values_for_fixed_distributions_gives_valid_values"/>
    <testcase time="0.00399999999999068" classname="initialValues" name="intial_values_for_fixed_distributions_gives_valid_values"/>
    <testcase time="0.00399999999999068" classname="initialValues" name="intial_values_for_fixed_distributions_gives_valid_values"/>
    <testcase time="0.0040000000000191" classname="initialValues" name="intial_values_for_fixed_distributions_gives_valid_values"/>
    <testcase time="0.00499999999999545" classname="initialValues" name="intial_values_for_fixed_distributions_gives_valid_values"/>
    <testcase time="0.00399999999999068" classname="initialValues" name="intial_values_for_fixed_distributions_gives_valid_values"/>
    <testcase time="0.00499999999999545" classname="initialValues" name="intial_values_for_fixed_distributions_gives_valid_values"/>
    <testcase time="0.00499999999999545" classname="initialValues" name="intial_values_for_fixed_distributions_gives_valid_values"/>
    <testcase time="0.0040000000000191" classname="initialValues" name="intial_values_for_fixed_distributions_gives_valid_values"/>
    <testcase time="0.00499999999999545" classname="initialValues" name="intial_values_for_fixed_distributions_gives_valid_values"/>
    <testcase time="0.00399999999999068" classname="initialValues" name="intial_values_for_fixed_distributions_gives_valid_values"/>
    <testcase time="0.0040000000000191" classname="initialValues" name="intial_values_for_fixed_distributions_gives_valid_values"/>
    <testcase time="0.00399999999999068" classname="initialValues" name="intial_values_for_fixed_distributions_gives_valid_values"/>
    <testcase time="0.00399999999999068" classname="initialValues" name="intial_values_for_fixed_distributions_gives_valid_values"/>
[...]
    <testcase time="0.0040000000000191" classname="initialValues" name="intial_values_for_fixed_distributions_gives_valid_values"/>
    <testcase time="0.00499999999999545" classname="initialValues" name="intial_values_for_fixed_distributions_gives_valid_values"/>
    <testcase time="0.00499999999999545" classname="initialValues" name="intial_values_for_fixed_distributions_gives_valid_values"/>
    <testcase time="0.00399999999999068" classname="initialValues" name="intial_values_for_fixed_distributions_gives_valid_values"/>
    <testcase time="0.00500000000002387" classname="initialValues" name="intial_values_for_fixed_distributions_gives_valid_values"/>
    <testcase time="0.00399999999999068" classname="initialValues" name="intial_values_for_fixed_distributions_gives_valid_values"/>
    <testcase time="0.00399999999999068" classname="initialValues" name="intial_values_for_fixed_distributions_gives_valid_values"/>
    <testcase time="0.00499999999999545" classname="initialValues" name="intial_values_for_fixed_distributions_gives_valid_values"/>
    <testcase time="0.0040000000000191" classname="initialValues" name="intial_values_for_fixed_distributions_gives_valid_values"/>
    <testcase time="0.00499999999999545" classname="initialValues" name="intial_values_for_fixed_distributions_gives_valid_values"/>
    <testcase time="0.00399999999999068" classname="initialValues" name="intial_values_for_fixed_distributions_gives_valid_values"/>
    <testcase time="0.00499999999999545" classname="initialValues" name="intial_values_for_fixed_distributions_gives_valid_values"/>
    <testcase time="0.0040000000000191" classname="initialValues" name="intial_values_for_fixed_distributions_gives_valid_values"/>
    <testcase time="0.00399999999999068" classname="initialValues" name="intial_values_for_fixed_distributions_gives_valid_values"/>
    <testcase time="0.00499999999999545" classname="initialValues" name="intial_values_for_fixed_distributions_gives_valid_values"/>
    <testcase time="0.00399999999999068" classname="initialValues" name="intial_values_for_fixed_distributions_gives_valid_values"/>
    <testcase time="0.00500000000002387" classname="initialValues" name="intial_values_for_fixed_distributions_gives_valid_values"/>
    <testcase time="0.00399999999999068" classname="initialValues" name="intial_values_for_fixed_distributions_gives_valid_values"/>
    <testcase time="0.00499999999999545" classname="initialValues" name="intial_values_for_fixed_distributions_gives_valid_values"/>
    <testcase time="0.00399999999999068" classname="initialValues" name="intial_values_for_fixed_distributions_gives_valid_values"/>
    <testcase time="0.00500000000002387" classname="initialValues" name="intial_values_for_fixed_distributions_gives_valid_values"/>
    <testcase time="0.00399999999999068" classname="initialValues" name="intial_values_for_fixed_distributions_gives_valid_values"/>
    <testcase time="0.00499999999999545" classname="initialValues" name="intial_values_for_fixed_distributions_gives_valid_values"/>
    <testcase time="0.00499999999999545" classname="initialValues" name="intial_values_for_fixed_distributions_gives_valid_values"/>
    <testcase time="0.00399999999999068" classname="initialValues" name="intial_values_for_fixed_distributions_gives_valid_values"/>
    <testcase time="0.00500000000002387" classname="initialValues" name="intial_values_for_fixed_distributions_gives_valid_values"/>
    <testcase time="0.00499999999999545" classname="initialValues" name="intial_values_for_fixed_distributions_gives_valid_values"/>
    <testcase time="0.00499999999999545" classname="initialValues" name="intial_values_for_fixed_distributions_gives_valid_values"/>
    <testcase time="0.00399999999999068" classname="initialValues" name="intial_values_for_fixed_distributions_gives_valid_values"/>
    <testcase time="0.00499999999999545" classname="initialValues" name="intial_values_for_fixed_distributions_gives_valid_values"/>
    <testcase time="0.0040000000000191" classname="initialValues" name="intial_values_for_fixed_distributions_gives_valid_values"/>
    <testcase time="0.00499999999999545" classname="initialValues" name="intial_values_for_fixed_distributions_gives_valid_values"/>
    <testcase time="0.00499999999999545" classname="initialValues" name="intial_values_for_fixed_distributions_gives_valid_values"/>
    <testcase time="0.00399999999999068" classname="initialValues" name="intial_values_for_fixed_distributions_gives_valid_values"/>
    <testcase time="0.0040000000000191" classname="initialValues" name="intial_values_for_fixed_distributions_gives_valid_values"/>
    <testcase time="0.0240000000000009" classname="initialValues" name="intial_values_for_fixed_distributions_gives_valid_values"/>
    <testcase time="0.00499999999999545" classname="initialValues" name="intial_values_for_fixed_distributions_gives_valid_values"/>
    <testcase time="0.00499999999999545" classname="initialValues" name="intial_values_for_fixed_distributions_gives_valid_values"/>
    <testcase time="0.00499999999999545" classname="initialValues" name="intial_values_for_fixed_distributions_gives_valid_values"/>
    <testcase time="0.00499999999999545" classname="initialValues" name="intial_values_for_fixed_distributions_gives_valid_values"/>
    <testcase time="0.00500000000002387" classname="initialValues" name="intial_values_for_fixed_distributions_gives_valid_values"/>
    <testcase time="0.00499999999999545" classname="initialValues" name="intial_values_for_fixed_distributions_gives_valid_values"/>
    <testcase time="0.00399999999999068" classname="initialValues" name="intial_values_for_fixed_distributions_gives_valid_values"/>
    <testcase time="0.00499999999999545" classname="initialValues" name="intial_values_for_fixed_distributions_gives_valid_values"/>
    <testcase time="0.00499999999999545" classname="initialValues" name="intial_values_for_fixed_distributions_gives_valid_values"/>
    <testcase time="0.0040000000000191" classname="initialValues" name="intial_values_for_fixed_distributions_gives_valid_values"/>
    <testcase time="0.00499999999999545" classname="initialValues" name="intial_values_for_fixed_distributions_gives_valid_values"/>
    <testcase time="0.00499999999999545" classname="initialValues" name="intial_values_for_fixed_distributions_gives_valid_values"/>
    <testcase time="0.00399999999999068" classname="initialValues" name="intial_values_for_fixed_distributions_gives_valid_values"/>
    <testcase time="0.00499999999999545" classname="initialValues" name="intial_values_for_fixed_distributions_gives_valid_values"/>
    <testcase time="0.00500000000002387" classname="initialValues" name="intial_values_for_fixed_distributions_gives_valid_values"/>
    <testcase time="0.00499999999999545" classname="initialValues" name="intial_values_for_fixed_distributions_gives_valid_values"/>
    <testcase time="0.00499999999999545" classname="initialValues" name="intial_values_for_fixed_distributions_gives_valid_values"/>
    <testcase time="0.00399999999999068" classname="initialValues" name="intial_values_for_fixed_distributions_gives_valid_values"/>
    <testcase time="0.0040000000000191" classname="initialValues" name="intial_values_for_fixed_distributions_gives_valid_values"/>
    <testcase time="0.00499999999999545" classname="initialValues" name="intial_values_for_fixed_distributions_gives_valid_values"/>
    <testcase time="0.00399999999999068" classname="initialValues" name="intial_values_for_fixed_distributions_gives_valid_values"/>
    <testcase time="0.00399999999999068" classname="initialValues" name="intial_values_for_fixed_distributions_gives_valid_values"/>
    <testcase time="0.0040000000000191" classname="initialValues" name="intial_values_for_fixed_distributions_gives_valid_values"/>
    <testcase time="0.00499999999999545" classname="initialValues" name="intial_values_for_fixed_distributions_gives_valid_values"/>
    <testcase time="0.00399999999999068" classname="initialValues" name="intial_values_for_fixed_distributions_gives_valid_values"/>
    <testcase time="0.00499999999999545" classname="initialValues" name="intial_values_for_fixed_distributions_gives_valid_values"/>
    <testcase time="0.0040000000000191" classname="initialValues" name="intial_values_for_fixed_distributions_gives_valid_values"/>
    <testcase time="0.00499999999999545" classname="initialValues" name="intial_values_for_fixed_distributions_gives_valid_values"/>
    <testcase time="0.00399999999999068" classname="initialValues" name="intial_values_for_fixed_distributions_gives_valid_values"/>
    <testcase time="0.0040000000000191" classname="initialValues" name="intial_values_for_fixed_distributions_gives_valid_values"/>
    <testcase time="0.00499999999999545" classname="initialValues" name="intial_values_for_fixed_distributions_gives_valid_values"/>
  </testsuite>
  <testsuite name="jinjar_render" timestamp="2024-03-01T09:48:25Z" hostname="0b601273a53e" tests="3" skipped="0" failures="0" errors="0" time="0.025">
    <testcase time="0.0130000000000052" classname="jinjar_render" name="Basic_Jinjar_syntax_works_with_decorated_render_"/>
    <testcase time="0.0029999999999859" classname="jinjar_render" name="Basic_Jinjar_syntax_works_with_decorated_render_"/>
    <testcase time="0.00900000000001455" classname="jinjar_render" name="Global_variables_defined_by_decorated_render_are_usable"/>
  </testsuite>
  <testsuite name="longitudinal_plot" timestamp="2024-03-01T09:48:25Z" hostname="0b601273a53e" tests="1" skipped="1" failures="0" errors="0" time="0.307">
    <testcase time="0.306999999999988" classname="longitudinal_plot" name="longitudinal_plot_works_as_expected">
      <skipped message="Reason: On CRAN ('test-longitudinal_plot.R:42:5')"/>
    </testcase>
  </testsuite>
  <testsuite name="misc_models" timestamp="2024-03-01T09:48:26Z" hostname="0b601273a53e" tests="1" skipped="0" failures="0" errors="0" time="25.886">
    <testcase time="25.886" classname="misc_models" name="Longitudinal_Model_doesn_t_print_sampler_rejection_messages"/>
  </testsuite>
  <testsuite name="model_random_slope" timestamp="2024-03-01T09:48:51Z" hostname="0b601273a53e" tests="3" skipped="0" failures="0" errors="0" time="5.005">
    <testcase time="3.37899999999999" classname="model_random_slope" name="Random_Slope_Model_can_recover_known_parameter_values"/>
    <testcase time="1.35300000000001" classname="model_random_slope" name="Random_Slope_Model_can_recover_known_parameter_values"/>
    <testcase time="0.272999999999996" classname="model_random_slope" name="Random_Slope_Model_can_recover_known_parameter_values"/>
  </testsuite>
  <testsuite name="model_random_slope_2chain" timestamp="2024-03-01T09:48:56Z" hostname="0b601273a53e" tests="1" skipped="0" failures="0" errors="0" time="44.224">
    <testcase time="44.224" classname="model_random_slope_2chain" name="Can_recover_known_distribution_parameters_from_random_slope_model_when_using_multiple_chains"/>
  </testsuite>
  <testsuite name="options" timestamp="2024-03-01T09:49:41Z" hostname="0b601273a53e" tests="4" skipped="0" failures="0" errors="0" time="0.028">
    <testcase time="0.0150000000000432" classname="options" name="Can_alter_Gaussian_Quadrature_arguments"/>
    <testcase time="0.00399999999996226" classname="options" name="Can_alter_Gaussian_Quadrature_arguments"/>
    <testcase time="0.00499999999999545" classname="options" name="Can_alter_Gaussian_Quadrature_arguments"/>
    <testcase time="0.0040000000000191" classname="options" name="Can_alter_Gaussian_Quadrature_arguments"/>
  </testsuite>
  <testsuite name="simulations" timestamp="2024-03-01T09:49:41Z" hostname="0b601273a53e" tests="31" skipped="0" failures="0" errors="0" time="1.439">
    <testcase time="0.0230000000000246" classname="simulations" name="sim_lm_gsf_works_as_expected"/>
    <testcase time="0.0029999999999859" classname="simulations" name="sim_lm_gsf_works_as_expected"/>
    <testcase time="0.0229999999999677" classname="simulations" name="sim_lm_gsf_works_as_expected"/>
    <testcase time="0.00300000000004275" classname="simulations" name="sim_lm_gsf_works_as_expected"/>
    <testcase time="0.00399999999996226" classname="simulations" name="sim_lm_gsf_works_as_expected"/>
    <testcase time="0.0040000000000191" classname="simulations" name="sim_lm_gsf_works_as_expected"/>
    <testcase time="0.0029999999999859" classname="simulations" name="sim_lm_gsf_works_as_expected"/>
    <testcase time="0.0040000000000191" classname="simulations" name="sim_lm_gsf_works_as_expected"/>
    <testcase time="0.0029999999999859" classname="simulations" name="sim_lm_gsf_works_as_expected"/>
    <testcase time="0.00799999999998136" classname="simulations" name="sim_lm_random_slope_works_as_expected"/>
    <testcase time="0.0040000000000191" classname="simulations" name="sim_lm_random_slope_works_as_expected"/>
    <testcase time="0.0120000000000005" classname="simulations" name="sim_lm_random_slope_works_as_expected"/>
    <testcase time="0.0029999999999859" classname="simulations" name="sim_lm_random_slope_works_as_expected"/>
    <testcase time="0.0040000000000191" classname="simulations" name="sim_lm_random_slope_works_as_expected"/>
    <testcase time="0.0040000000000191" classname="simulations" name="sim_lm_random_slope_works_as_expected"/>
    <testcase time="0.0029999999999859" classname="simulations" name="sim_lm_random_slope_works_as_expected"/>
    <testcase time="0.0040000000000191" classname="simulations" name="sim_lm_random_slope_works_as_expected"/>
    <testcase time="0.00399999999996226" classname="simulations" name="sim_lm_random_slope_works_as_expected"/>
    <testcase time="0.393000000000029" classname="simulations" name="simulate_joint_data_works_as_expected"/>
    <testcase time="0.00200000000000955" classname="simulations" name="simulate_joint_data_works_as_expected"/>
    <testcase time="0.00199999999995271" classname="simulations" name="simulate_joint_data_works_as_expected"/>
    <testcase time="0.00300000000004275" classname="simulations" name="simulate_joint_data_works_as_expected"/>
    <testcase time="0.0040000000000191" classname="simulations" name="simulate_joint_data_works_as_expected"/>
    <testcase time="0.000999999999976353" classname="simulations" name="simulate_joint_data_works_as_expected"/>
    <testcase time="0.0040000000000191" classname="simulations" name="simulate_joint_data_works_as_expected"/>
    <testcase time="0.0109999999999673" classname="simulations" name="simulate_joint_data_works_as_expected"/>
    <testcase time="0.273000000000025" classname="simulations" name="simulate_joint_data_leads_to_valid_DataJoint_with_almost_only_default_arguments"/>
    <testcase time="0.307999999999993" classname="simulations" name="sim_os_exponential_creates_a_dataset_with_the_correct_parameter"/>
    <testcase time="0.314000000000021" classname="simulations" name="sim_os_weibull_creates_a_dataset_with_the_correct_parameter"/>
    <testcase time="0.00399999999996226" classname="simulations" name="sim_os_weibull_creates_a_dataset_with_the_correct_parameter"/>
    <testcase time="0.0040000000000191" classname="simulations" name="sim_os_weibull_creates_a_dataset_with_the_correct_parameter"/>
  </testsuite>
  <testsuite name="stan_functions" timestamp="2024-03-01T09:49:42Z" hostname="0b601273a53e" tests="4" skipped="0" failures="0" errors="0" time="55.779">
    <testcase time="17.264" classname="stan_functions" name="GSF_SLD_function_works_as_expected"/>
    <testcase time="18.956" classname="stan_functions" name="Normal_Log_Density_functions_work_as_expected"/>
    <testcase time="0.0209999999999582" classname="stan_functions" name="Normal_Log_Density_functions_work_as_expected"/>
    <testcase time="19.538" classname="stan_functions" name="GSF_Identity_Link_Function_works_as_expected"/>
  </testsuite>
  <testsuite name="survival_plot" timestamp="2024-03-01T09:50:38Z" hostname="0b601273a53e" tests="1" skipped="1" failures="0" errors="0" time="0.285">
    <testcase time="0.285000000000025" classname="survival_plot" name="survival_plot_works_as_expected">
      <skipped message="Reason: On CRAN ('test-survival_plot.R:66:5')"/>
    </testcase>
  </testsuite>
  <testsuite name="utilities" timestamp="2024-03-01T09:50:38Z" hostname="0b601273a53e" tests="31" skipped="0" failures="0" errors="0" time="0.241">
    <testcase time="0.0310000000000059" classname="utilities" name="get_missing_rownumbers_works_as_expected"/>
    <testcase time="0.00899999999995771" classname="utilities" name="remove_missing_rows_works_as_expected"/>
    <testcase time="0.0080000000000382" classname="utilities" name="expand_initial_values_works_as_expected"/>
    <testcase time="0.00899999999995771" classname="utilities" name="replace_with_lookup_works_and_sets_array_attributes_as_expected"/>
    <testcase time="0.0110000000000241" classname="utilities" name="replace_with_lookup_asserts_sizes_as_numbers_as_expected"/>
    <testcase time="0.0110000000000241" classname="utilities" name="replace_with_lookup_asserts_looked_up_sizes_as_numbers_as_expected"/>
    <testcase time="0.00799999999998136" classname="utilities" name="samples_median_ci_works_as_expected"/>
    <testcase time="0.00900000000001455" classname="utilities" name="samples_median_ci_works_as_expected"/>
    <testcase time="0.007000000000005" classname="utilities" name="samples_median_ci_works_with_a_custom_credibility_level"/>
    <testcase time="0.00799999999998136" classname="utilities" name="samples_median_ci_works_with_a_custom_credibility_level"/>
    <testcase time="0.007000000000005" classname="utilities" name="expand_time_grid_works_as_expected"/>
    <testcase time="0.00399999999996226" classname="utilities" name="expand_time_grid_works_as_expected"/>
    <testcase time="0.00300000000004275" classname="utilities" name="expand_time_grid_works_as_expected"/>
    <testcase time="0.00599999999997181" classname="utilities" name="expand_time_grid_works_as_expected"/>
    <testcase time="0.00499999999999545" classname="utilities" name="expand_time_grid_works_as_expected"/>
    <testcase time="0.00499999999999545" classname="utilities" name="expand_time_grid_works_as_expected"/>
    <testcase time="0.0209999999999582" classname="utilities" name="expand_time_grid_works_as_expected"/>
    <testcase time="0.007000000000005" classname="utilities" name="expand_patients_works_as_expected"/>
    <testcase time="0.00300000000004275" classname="utilities" name="expand_patients_works_as_expected"/>
    <testcase time="0.0029999999999859" classname="utilities" name="expand_patients_works_as_expected"/>
    <testcase time="0.0029999999999859" classname="utilities" name="expand_patients_works_as_expected"/>
    <testcase time="0.00499999999999545" classname="utilities" name="expand_patients_works_as_expected"/>
    <testcase time="0.00499999999999545" classname="utilities" name="expand_patients_works_as_expected"/>
    <testcase time="0.00499999999999545" classname="utilities" name="expand_patients_works_as_expected"/>
    <testcase time="0.0109999999999673" classname="utilities" name="decompose_patients_works_as_expected"/>
    <testcase time="0.007000000000005" classname="utilities" name="decompose_patients_works_as_expected"/>
    <testcase time="0.00900000000001455" classname="utilities" name="decompose_patients_works_as_expected"/>
    <testcase time="0.00499999999999545" classname="utilities" name="decompose_patients_works_as_expected"/>
    <testcase time="0.00600000000002865" classname="utilities" name="decompose_patients_works_as_expected"/>
    <testcase time="0.007000000000005" classname="utilities" name="add_missing_stan_blocks_works_as_expected"/>
    <testcase time="0.0029999999999859" classname="utilities" name="add_missing_stan_blocks_works_as_expected"/>
  </testsuite>
</testsuites>
