<?xml version="1.0" encoding="UTF-8"?>
<testsuites>
  <testsuite name="DataLongitudinal" timestamp="2026-03-15T04:55:09Z" hostname="fe776cb591c2" tests="10" skipped="0" failures="0" errors="0" time="3.337">
    <testcase time="3.303" classname="character(0)" name="DataLongitudinal_being_rendered_to_list_is_as_expected_for_simple_inputs"/>
    <testcase time="0.0209999999999999" classname="character(0)" name="DataLongitudinal_being_rendered_to_list_is_as_expected_for_simple_inputs"/>
    <testcase time="0.00800000000000001" classname="character(0)" name="DataLongitudinal_being_rendered_to_list_is_as_expected_for_simple_inputs"/>
    <testcase time="0.00100000000000033" classname="character(0)" name="DataLongitudinal_being_rendered_to_list_is_as_expected_for_simple_inputs"/>
    <testcase time="0.00100000000000033" classname="character(0)" name="DataLongitudinal_being_rendered_to_list_is_as_expected_for_simple_inputs"/>
    <testcase time="0" classname="character(0)" name="DataLongitudinal_being_rendered_to_list_is_as_expected_for_simple_inputs"/>
    <testcase time="0.000999999999999446" classname="character(0)" name="DataLongitudinal_being_rendered_to_list_is_as_expected_for_simple_inputs"/>
    <testcase time="0.00100000000000033" classname="character(0)" name="DataLongitudinal_being_rendered_to_list_is_as_expected_for_simple_inputs"/>
    <testcase time="0" classname="character(0)" name="DataLongitudinal_being_rendered_to_list_is_as_expected_for_simple_inputs"/>
    <testcase time="0.000999999999999446" classname="character(0)" name="DataLongitudinal_being_rendered_to_list_is_as_expected_for_simple_inputs"/>
  </testsuite>
  <testsuite name="DataLongitudinal" timestamp="2026-03-15T04:55:09Z" hostname="fe776cb591c2" tests="1" skipped="1" failures="0" errors="0" time="0.002">
    <testcase time="0.00200000000000067" classname="character(0)" name="DataSurvival_print_method_works_as_expected">
      <skipped message="Reason: On CRAN ('test-DataLongitudinal.R:41:1')"/>
    </testcase>
  </testsuite>
  <testsuite name="DataSubject" timestamp="2026-03-15T04:55:09Z" hostname="fe776cb591c2" tests="14" skipped="0" failures="0" errors="0" time="0.181">
    <testcase time="0.173999999999999" classname="character(0)" name="DataSubject_works_as_expected"/>
    <testcase time="0" classname="character(0)" name="DataSubject_works_as_expected"/>
    <testcase time="0.00100000000000033" classname="character(0)" name="DataSubject_works_as_expected"/>
    <testcase time="0.00100000000000033" classname="character(0)" name="DataSubject_works_as_expected"/>
    <testcase time="0" classname="character(0)" name="DataSubject_works_as_expected"/>
    <testcase time="0.000999999999999446" classname="character(0)" name="DataSubject_works_as_expected"/>
    <testcase time="0" classname="character(0)" name="DataSubject_works_as_expected"/>
    <testcase time="0.00100000000000033" classname="character(0)" name="DataSubject_works_as_expected"/>
    <testcase time="0.000999999999999446" classname="character(0)" name="DataSubject_works_as_expected"/>
    <testcase time="0" classname="character(0)" name="DataSubject_works_as_expected"/>
    <testcase time="0.00100000000000033" classname="character(0)" name="DataSubject_works_as_expected"/>
    <testcase time="0" classname="character(0)" name="DataSubject_works_as_expected"/>
    <testcase time="0.00100000000000033" classname="character(0)" name="DataSubject_works_as_expected"/>
    <testcase time="0" classname="character(0)" name="DataSubject_works_as_expected"/>
  </testsuite>
  <testsuite name="DataSubject" timestamp="2026-03-15T04:55:09Z" hostname="fe776cb591c2" tests="1" skipped="1" failures="0" errors="0" time="0.001">
    <testcase time="0.00100000000000033" classname="character(0)" name="DataSubject_print_method_works_as_expected">
      <skipped message="Reason: On CRAN ('test-DataSubject.R:44:1')"/>
    </testcase>
  </testsuite>
  <testsuite name="DataJoint" timestamp="2026-03-15T04:55:09Z" hostname="fe776cb591c2" tests="15" skipped="0" failures="0" errors="0" time="0.064">
    <testcase time="0.0549999999999997" classname="character(0)" name="DataJoint_basic_usage"/>
    <testcase time="0.00100000000000033" classname="character(0)" name="DataJoint_basic_usage"/>
    <testcase time="0.000999999999999446" classname="character(0)" name="DataJoint_basic_usage"/>
    <testcase time="0" classname="character(0)" name="DataJoint_basic_usage"/>
    <testcase time="0.00100000000000033" classname="character(0)" name="DataJoint_basic_usage"/>
    <testcase time="0.00100000000000033" classname="character(0)" name="DataJoint_basic_usage"/>
    <testcase time="0" classname="character(0)" name="DataJoint_basic_usage"/>
    <testcase time="0.000999999999999446" classname="character(0)" name="DataJoint_basic_usage"/>
    <testcase time="0" classname="character(0)" name="DataJoint_basic_usage"/>
    <testcase time="0.00100000000000033" classname="character(0)" name="DataJoint_basic_usage"/>
    <testcase time="0.00100000000000033" classname="character(0)" name="DataJoint_basic_usage"/>
    <testcase time="0" classname="character(0)" name="DataJoint_basic_usage"/>
    <testcase time="0.000999999999999446" classname="character(0)" name="DataJoint_basic_usage"/>
    <testcase time="0.00100000000000033" classname="character(0)" name="DataJoint_basic_usage"/>
    <testcase time="0" classname="character(0)" name="DataJoint_basic_usage"/>
  </testsuite>
  <testsuite name="DataJoint" timestamp="2026-03-15T04:55:09Z" hostname="fe776cb591c2" tests="6" skipped="0" failures="0" errors="0" time="0.005">
    <testcase time="0.00199999999999978" classname="character(0)" name="DataJoint_errors_if_inconsistent_subject_IDs"/>
    <testcase time="0" classname="character(0)" name="DataJoint_errors_if_inconsistent_subject_IDs"/>
    <testcase time="0.00100000000000033" classname="character(0)" name="DataJoint_errors_if_inconsistent_subject_IDs"/>
    <testcase time="0.000999999999999446" classname="character(0)" name="DataJoint_errors_if_inconsistent_subject_IDs"/>
    <testcase time="0" classname="character(0)" name="DataJoint_errors_if_inconsistent_subject_IDs"/>
    <testcase time="0.00100000000000033" classname="character(0)" name="DataJoint_errors_if_inconsistent_subject_IDs"/>
  </testsuite>
  <testsuite name="DataJoint" timestamp="2026-03-15T04:55:09Z" hostname="fe776cb591c2" tests="3" skipped="0" failures="0" errors="0" time="0.003">
    <testcase time="0.00100000000000033" classname="character(0)" name="DataJoint_sorts_handles_pre_factored_levels_correctly"/>
    <testcase time="0.000999999999999446" classname="character(0)" name="DataJoint_sorts_handles_pre_factored_levels_correctly"/>
    <testcase time="0.00100000000000033" classname="character(0)" name="DataJoint_sorts_handles_pre_factored_levels_correctly"/>
  </testsuite>
  <testsuite name="DataJoint" timestamp="2026-03-15T04:55:09Z" hostname="fe776cb591c2" tests="3" skipped="0" failures="0" errors="0" time="0.002">
    <testcase time="0.000999999999999446" classname="character(0)" name="DataJoint_sorts_handles_character_to_factor_levels_correctly"/>
    <testcase time="0.00100000000000033" classname="character(0)" name="DataJoint_sorts_handles_character_to_factor_levels_correctly"/>
    <testcase time="0" classname="character(0)" name="DataJoint_sorts_handles_character_to_factor_levels_correctly"/>
  </testsuite>
  <testsuite name="DataJoint" timestamp="2026-03-15T04:55:09Z" hostname="fe776cb591c2" tests="7" skipped="0" failures="0" errors="0" time="0.005">
    <testcase time="0.00199999999999978" classname="character(0)" name="subset_DataJoint_works_as_expected"/>
    <testcase time="0.00100000000000033" classname="character(0)" name="subset_DataJoint_works_as_expected"/>
    <testcase time="0" classname="character(0)" name="subset_DataJoint_works_as_expected"/>
    <testcase time="0.00100000000000033" classname="character(0)" name="subset_DataJoint_works_as_expected"/>
    <testcase time="0" classname="character(0)" name="subset_DataJoint_works_as_expected"/>
    <testcase time="0.000999999999999446" classname="character(0)" name="subset_DataJoint_works_as_expected"/>
    <testcase time="0" classname="character(0)" name="subset_DataJoint_works_as_expected"/>
  </testsuite>
  <testsuite name="DataJoint" timestamp="2026-03-15T04:55:09Z" hostname="fe776cb591c2" tests="1" skipped="0" failures="0" errors="0" time="0.002">
    <testcase time="0.00199999999999978" classname="character(0)" name="Error_Handling"/>
  </testsuite>
  <testsuite name="DataJoint" timestamp="2026-03-15T04:55:09Z" hostname="fe776cb591c2" tests="1" skipped="1" failures="0" errors="0" time="0.002">
    <testcase time="0.00200000000000067" classname="character(0)" name="DataJoint_print_method_works_as_expected">
      <skipped message="Reason: On CRAN ('test-DataJoint.R:513:1')"/>
    </testcase>
  </testsuite>
  <testsuite name="DataSurvival" timestamp="2026-03-15T04:55:10Z" hostname="fe776cb591c2" tests="14" skipped="0" failures="0" errors="0" time="0.347">
    <testcase time="0.339" classname="character(0)" name="DataSurvival_being_rendered_to_list_is_as_expected_for_simple_inputs"/>
    <testcase time="0" classname="character(0)" name="DataSurvival_being_rendered_to_list_is_as_expected_for_simple_inputs"/>
    <testcase time="0.00100000000000033" classname="character(0)" name="DataSurvival_being_rendered_to_list_is_as_expected_for_simple_inputs"/>
    <testcase time="0.000999999999999446" classname="character(0)" name="DataSurvival_being_rendered_to_list_is_as_expected_for_simple_inputs"/>
    <testcase time="0" classname="character(0)" name="DataSurvival_being_rendered_to_list_is_as_expected_for_simple_inputs"/>
    <testcase time="0.00100000000000033" classname="character(0)" name="DataSurvival_being_rendered_to_list_is_as_expected_for_simple_inputs"/>
    <testcase time="0" classname="character(0)" name="DataSurvival_being_rendered_to_list_is_as_expected_for_simple_inputs"/>
    <testcase time="0.00100000000000033" classname="character(0)" name="DataSurvival_being_rendered_to_list_is_as_expected_for_simple_inputs"/>
    <testcase time="0.000999999999999446" classname="character(0)" name="DataSurvival_being_rendered_to_list_is_as_expected_for_simple_inputs"/>
    <testcase time="0" classname="character(0)" name="DataSurvival_being_rendered_to_list_is_as_expected_for_simple_inputs"/>
    <testcase time="0.00100000000000033" classname="character(0)" name="DataSurvival_being_rendered_to_list_is_as_expected_for_simple_inputs"/>
    <testcase time="0" classname="character(0)" name="DataSurvival_being_rendered_to_list_is_as_expected_for_simple_inputs"/>
    <testcase time="0.00100000000000033" classname="character(0)" name="DataSurvival_being_rendered_to_list_is_as_expected_for_simple_inputs"/>
    <testcase time="0.000999999999999446" classname="character(0)" name="DataSurvival_being_rendered_to_list_is_as_expected_for_simple_inputs"/>
  </testsuite>
  <testsuite name="DataSurvival" timestamp="2026-03-15T04:55:10Z" hostname="fe776cb591c2" tests="1" skipped="1" failures="0" errors="0" time="0.002">
    <testcase time="0.00199999999999978" classname="character(0)" name="DataSurvival_print_method_works_as_expected">
      <skipped message="Reason: On CRAN ('test-DataSurvival.R:77:1')"/>
    </testcase>
  </testsuite>
  <testsuite name="DataSurvival" timestamp="2026-03-15T04:55:10Z" hostname="fe776cb591c2" tests="7" skipped="0" failures="0" errors="0" time="0.015">
    <testcase time="0.0110000000000001" classname="character(0)" name="mirror_design_matrix_works_as_expected"/>
    <testcase time="0.00100000000000033" classname="character(0)" name="mirror_design_matrix_works_as_expected"/>
    <testcase time="0" classname="character(0)" name="mirror_design_matrix_works_as_expected"/>
    <testcase time="0.00100000000000033" classname="character(0)" name="mirror_design_matrix_works_as_expected"/>
    <testcase time="0.000999999999999446" classname="character(0)" name="mirror_design_matrix_works_as_expected"/>
    <testcase time="0" classname="character(0)" name="mirror_design_matrix_works_as_expected"/>
    <testcase time="0.00100000000000033" classname="character(0)" name="mirror_design_matrix_works_as_expected"/>
  </testsuite>
  <testsuite name="GridPrediction" timestamp="2026-03-15T04:57:11Z" hostname="fe776cb591c2" tests="5" skipped="0" failures="0" errors="0" time="121.174">
    <testcase time="121.172" classname="character(0)" name="GridPrediction_works_as_expected_for_Survival_models"/>
    <testcase time="0.00100000000000477" classname="character(0)" name="GridPrediction_works_as_expected_for_Survival_models"/>
    <testcase time="0" classname="character(0)" name="GridPrediction_works_as_expected_for_Survival_models"/>
    <testcase time="0.00100000000000477" classname="character(0)" name="GridPrediction_works_as_expected_for_Survival_models"/>
    <testcase time="0" classname="character(0)" name="GridPrediction_works_as_expected_for_Survival_models"/>
  </testsuite>
  <testsuite name="GridPrediction" timestamp="2026-03-15T04:57:11Z" hostname="fe776cb591c2" tests="4" skipped="0" failures="0" errors="0" time="0.004">
    <testcase time="0.00199999999999534" classname="character(0)" name="GridPrediction_error_handling_works_as_expected"/>
    <testcase time="0.00100000000000477" classname="character(0)" name="GridPrediction_error_handling_works_as_expected"/>
    <testcase time="0" classname="character(0)" name="GridPrediction_error_handling_works_as_expected"/>
    <testcase time="0.000999999999990564" classname="character(0)" name="GridPrediction_error_handling_works_as_expected"/>
  </testsuite>
  <testsuite name="GridPrediction" timestamp="2026-03-15T04:57:11Z" hostname="fe776cb591c2" tests="3" skipped="0" failures="0" errors="0" time="0.003">
    <testcase time="0.00200000000000955" classname="character(0)" name="getPredictionNames_works_as_expected"/>
    <testcase time="0" classname="character(0)" name="getPredictionNames_works_as_expected"/>
    <testcase time="0.000999999999990564" classname="character(0)" name="getPredictionNames_works_as_expected"/>
  </testsuite>
  <testsuite name="GridPrediction" timestamp="2026-03-15T04:57:11Z" hostname="fe776cb591c2" tests="1" skipped="0" failures="0" errors="0" time="0.001">
    <testcase time="0.00100000000000477" classname="character(0)" name="GridPrediction_throws_an_error_if_key_column_already_exists"/>
  </testsuite>
  <testsuite name="GridPrediction" timestamp="2026-03-15T04:57:11Z" hostname="fe776cb591c2" tests="5" skipped="0" failures="0" errors="0" time="0.005">
    <testcase time="0.00199999999999534" classname="character(0)" name="GridPrediction_works_for_survival_only_models"/>
    <testcase time="0.00100000000000477" classname="character(0)" name="GridPrediction_works_for_survival_only_models"/>
    <testcase time="0" classname="character(0)" name="GridPrediction_works_for_survival_only_models"/>
    <testcase time="0.00100000000000477" classname="character(0)" name="GridPrediction_works_for_survival_only_models"/>
    <testcase time="0.000999999999990564" classname="character(0)" name="GridPrediction_works_for_survival_only_models"/>
  </testsuite>
  <testsuite name="JointModel" timestamp="2026-03-15T04:57:13Z" hostname="fe776cb591c2" tests="2" skipped="0" failures="0" errors="0" time="2.508">
    <testcase time="2.50700000000001" classname="character(0)" name="JointModel_smoke_tests"/>
    <testcase time="0.00100000000000477" classname="character(0)" name="JointModel_smoke_tests"/>
  </testsuite>
  <testsuite name="JointModel" timestamp="2026-03-15T04:57:13Z" hostname="fe776cb591c2" tests="1" skipped="1" failures="0" errors="0" time="0.002">
    <testcase time="0.00200000000000955" classname="character(0)" name="JointModel_print_method_works_as_expected">
      <skipped message="Reason: On CRAN ('test-JointModel.R:18:1')"/>
    </testcase>
  </testsuite>
  <testsuite name="JointModel" timestamp="2026-03-15T04:57:13Z" hostname="fe776cb591c2" tests="12" skipped="0" failures="0" errors="0" time="0.017">
    <testcase time="0.0109999999999957" classname="character(0)" name="Log_Lik_variables_are_produced_correctly"/>
    <testcase time="0" classname="character(0)" name="Log_Lik_variables_are_produced_correctly"/>
    <testcase time="0.00100000000000477" classname="character(0)" name="Log_Lik_variables_are_produced_correctly"/>
    <testcase time="0.000999999999976353" classname="character(0)" name="Log_Lik_variables_are_produced_correctly"/>
    <testcase time="0" classname="character(0)" name="Log_Lik_variables_are_produced_correctly"/>
    <testcase time="0.00100000000000477" classname="character(0)" name="Log_Lik_variables_are_produced_correctly"/>
    <testcase time="0" classname="character(0)" name="Log_Lik_variables_are_produced_correctly"/>
    <testcase time="0.00100000000000477" classname="character(0)" name="Log_Lik_variables_are_produced_correctly"/>
    <testcase time="0.00100000000000477" classname="character(0)" name="Log_Lik_variables_are_produced_correctly"/>
    <testcase time="0" classname="character(0)" name="Log_Lik_variables_are_produced_correctly"/>
    <testcase time="0.00100000000000477" classname="character(0)" name="Log_Lik_variables_are_produced_correctly"/>
    <testcase time="0" classname="character(0)" name="Log_Lik_variables_are_produced_correctly"/>
  </testsuite>
  <testsuite name="JointModelSamples" timestamp="2026-03-15T04:57:25Z" hostname="fe776cb591c2" tests="1" skipped="1" failures="0" errors="0" time="11.633">
    <testcase time="11.633" classname="character(0)" name="print_works_as_expected_for_JointModelSamples">
      <skipped message="Reason: On CRAN ('test-JointModelSamples.R:4:1')"/>
    </testcase>
  </testsuite>
  <testsuite name="JointModelSamples" timestamp="2026-03-15T04:57:25Z" hostname="fe776cb591c2" tests="3" skipped="0" failures="0" errors="0" time="0.013">
    <testcase time="0.0120000000000005" classname="character(0)" name="saving_and_restoring_samples_from_disk_works_as_expected"/>
    <testcase time="0.00100000000000477" classname="character(0)" name="saving_and_restoring_samples_from_disk_works_as_expected"/>
    <testcase time="0" classname="character(0)" name="saving_and_restoring_samples_from_disk_works_as_expected"/>
  </testsuite>
  <testsuite name="Link" timestamp="2026-03-15T04:57:27Z" hostname="fe776cb591c2" tests="4" skipped="0" failures="0" errors="0" time="1.71">
    <testcase time="1.709" classname="character(0)" name="link_none_works_as_expected"/>
    <testcase time="0.00100000000000477" classname="character(0)" name="link_none_works_as_expected"/>
    <testcase time="0" classname="character(0)" name="link_none_works_as_expected"/>
    <testcase time="0" classname="character(0)" name="link_none_works_as_expected"/>
  </testsuite>
  <testsuite name="Link" timestamp="2026-03-15T04:57:27Z" hostname="fe776cb591c2" tests="4" skipped="0" failures="0" errors="0" time="0.004">
    <testcase time="0.00199999999998113" classname="character(0)" name="Link_works_as_expected"/>
    <testcase time="0" classname="character(0)" name="Link_works_as_expected"/>
    <testcase time="0.00100000000000477" classname="character(0)" name="Link_works_as_expected"/>
    <testcase time="0.00100000000000477" classname="character(0)" name="Link_works_as_expected"/>
  </testsuite>
  <testsuite name="Link" timestamp="2026-03-15T04:57:27Z" hostname="fe776cb591c2" tests="1" skipped="1" failures="0" errors="0" time="0.001">
    <testcase time="0.00100000000000477" classname="character(0)" name="Link_prints_as_expected">
      <skipped message="Reason: On CRAN ('test-Link.R:76:1')"/>
    </testcase>
  </testsuite>
  <testsuite name="LinkComponent" timestamp="2026-03-15T04:57:30Z" hostname="fe776cb591c2" tests="5" skipped="0" failures="0" errors="0" time="3.367">
    <testcase time="3.36500000000001" classname="character(0)" name="all_link_files_pass_stan_s_syntax_checker"/>
    <testcase time="0" classname="character(0)" name="all_link_files_pass_stan_s_syntax_checker"/>
    <testcase time="0.000999999999976353" classname="character(0)" name="all_link_files_pass_stan_s_syntax_checker"/>
    <testcase time="0.00100000000000477" classname="character(0)" name="all_link_files_pass_stan_s_syntax_checker"/>
    <testcase time="0" classname="character(0)" name="all_link_files_pass_stan_s_syntax_checker"/>
  </testsuite>
  <testsuite name="LinkComponent" timestamp="2026-03-15T04:57:30Z" hostname="fe776cb591c2" tests="2" skipped="0" failures="0" errors="0" time="0.003">
    <testcase time="0.00200000000000955" classname="character(0)" name="complete_models_with_links_pass_stan_s_syntax_checker"/>
    <testcase time="0.00100000000000477" classname="character(0)" name="complete_models_with_links_pass_stan_s_syntax_checker"/>
  </testsuite>
  <testsuite name="LinkComponent" timestamp="2026-03-15T04:57:30Z" hostname="fe776cb591c2" tests="3" skipped="0" failures="0" errors="0" time="0.002">
    <testcase time="0.00100000000000477" classname="character(0)" name="LinkComponents_are_constructed_correctly_and_can_access_key_components"/>
    <testcase time="0.000999999999976353" classname="character(0)" name="LinkComponents_are_constructed_correctly_and_can_access_key_components"/>
    <testcase time="0" classname="character(0)" name="LinkComponents_are_constructed_correctly_and_can_access_key_components"/>
  </testsuite>
  <testsuite name="LinkComponent" timestamp="2026-03-15T04:57:30Z" hostname="fe776cb591c2" tests="6" skipped="0" failures="0" errors="0" time="0.005">
    <testcase time="0.00200000000000955" classname="character(0)" name="Model_specific_links_return_the_correct_stan_code"/>
    <testcase time="0.00100000000000477" classname="character(0)" name="Model_specific_links_return_the_correct_stan_code"/>
    <testcase time="0" classname="character(0)" name="Model_specific_links_return_the_correct_stan_code"/>
    <testcase time="0.00100000000000477" classname="character(0)" name="Model_specific_links_return_the_correct_stan_code"/>
    <testcase time="0.00100000000000477" classname="character(0)" name="Model_specific_links_return_the_correct_stan_code"/>
    <testcase time="0" classname="character(0)" name="Model_specific_links_return_the_correct_stan_code"/>
  </testsuite>
  <testsuite name="LinkComponent" timestamp="2026-03-15T04:57:30Z" hostname="fe776cb591c2" tests="1" skipped="1" failures="0" errors="0" time="0.002">
    <testcase time="0.00199999999998113" classname="character(0)" name="print_works_as_expected">
      <skipped message="Reason: On CRAN ('test-LinkComponent.R:120:1')"/>
    </testcase>
  </testsuite>
  <testsuite name="LinkComponent" timestamp="2026-03-15T04:57:30Z" hostname="fe776cb591c2" tests="4" skipped="0" failures="0" errors="0" time="0.014">
    <testcase time="0.0120000000000005" classname="character(0)" name="PromiseLinkComponents_work_as_expected"/>
    <testcase time="0.00100000000000477" classname="character(0)" name="PromiseLinkComponents_work_as_expected"/>
    <testcase time="0" classname="character(0)" name="PromiseLinkComponents_work_as_expected"/>
    <testcase time="0.00100000000000477" classname="character(0)" name="PromiseLinkComponents_work_as_expected"/>
  </testsuite>
  <testsuite name="Grid" timestamp="2026-03-15T04:59:18Z" hostname="fe776cb591c2" tests="15" skipped="0" failures="0" errors="0" time="108.321">
    <testcase time="108.307" classname="character(0)" name="Grid_objects_work_with_QuantityGenerator_and_QuantityCollapser"/>
    <testcase time="0.00100000000000477" classname="character(0)" name="Grid_objects_work_with_QuantityGenerator_and_QuantityCollapser"/>
    <testcase time="0.00100000000000477" classname="character(0)" name="Grid_objects_work_with_QuantityGenerator_and_QuantityCollapser"/>
    <testcase time="0.00100000000000477" classname="character(0)" name="Grid_objects_work_with_QuantityGenerator_and_QuantityCollapser"/>
    <testcase time="0.00100000000000477" classname="character(0)" name="Grid_objects_work_with_QuantityGenerator_and_QuantityCollapser"/>
    <testcase time="0.000999999999976353" classname="character(0)" name="Grid_objects_work_with_QuantityGenerator_and_QuantityCollapser"/>
    <testcase time="0.00100000000000477" classname="character(0)" name="Grid_objects_work_with_QuantityGenerator_and_QuantityCollapser"/>
    <testcase time="0.00100000000000477" classname="character(0)" name="Grid_objects_work_with_QuantityGenerator_and_QuantityCollapser"/>
    <testcase time="0.00100000000000477" classname="character(0)" name="Grid_objects_work_with_QuantityGenerator_and_QuantityCollapser"/>
    <testcase time="0.00100000000000477" classname="character(0)" name="Grid_objects_work_with_QuantityGenerator_and_QuantityCollapser"/>
    <testcase time="0.00100000000000477" classname="character(0)" name="Grid_objects_work_with_QuantityGenerator_and_QuantityCollapser"/>
    <testcase time="0.000999999999976353" classname="character(0)" name="Grid_objects_work_with_QuantityGenerator_and_QuantityCollapser"/>
    <testcase time="0.00100000000000477" classname="character(0)" name="Grid_objects_work_with_QuantityGenerator_and_QuantityCollapser"/>
    <testcase time="0.00100000000000477" classname="character(0)" name="Grid_objects_work_with_QuantityGenerator_and_QuantityCollapser"/>
    <testcase time="0.00100000000000477" classname="character(0)" name="Grid_objects_work_with_QuantityGenerator_and_QuantityCollapser"/>
  </testsuite>
  <testsuite name="Grid" timestamp="2026-03-15T04:59:18Z" hostname="fe776cb591c2" tests="11" skipped="0" failures="0" errors="0" time="0.014">
    <testcase time="0.0029999999999859" classname="character(0)" name="GridObservered_Constructs_correct_quantities"/>
    <testcase time="0.00100000000000477" classname="character(0)" name="GridObservered_Constructs_correct_quantities"/>
    <testcase time="0.00100000000000477" classname="character(0)" name="GridObservered_Constructs_correct_quantities"/>
    <testcase time="0.00200000000000955" classname="character(0)" name="GridObservered_Constructs_correct_quantities"/>
    <testcase time="0.000999999999976353" classname="character(0)" name="GridObservered_Constructs_correct_quantities"/>
    <testcase time="0.00100000000000477" classname="character(0)" name="GridObservered_Constructs_correct_quantities"/>
    <testcase time="0.00100000000000477" classname="character(0)" name="GridObservered_Constructs_correct_quantities"/>
    <testcase time="0.00100000000000477" classname="character(0)" name="GridObservered_Constructs_correct_quantities"/>
    <testcase time="0.00100000000000477" classname="character(0)" name="GridObservered_Constructs_correct_quantities"/>
    <testcase time="0.000999999999976353" classname="character(0)" name="GridObservered_Constructs_correct_quantities"/>
    <testcase time="0.00100000000000477" classname="character(0)" name="GridObservered_Constructs_correct_quantities"/>
  </testsuite>
  <testsuite name="Grid" timestamp="2026-03-15T04:59:18Z" hostname="fe776cb591c2" tests="4" skipped="0" failures="0" errors="0" time="0.007">
    <testcase time="0.0040000000000191" classname="character(0)" name="subjects_to_list_works_as_expected"/>
    <testcase time="0.000999999999976353" classname="character(0)" name="subjects_to_list_works_as_expected"/>
    <testcase time="0.00100000000000477" classname="character(0)" name="subjects_to_list_works_as_expected"/>
    <testcase time="0.00100000000000477" classname="character(0)" name="subjects_to_list_works_as_expected"/>
  </testsuite>
  <testsuite name="Grid" timestamp="2026-03-15T04:59:18Z" hostname="fe776cb591c2" tests="4" skipped="0" failures="0" errors="0" time="0.006">
    <testcase time="0.00300000000001432" classname="character(0)" name="coalesceGridTime_works_as_expected"/>
    <testcase time="0.000999999999976353" classname="character(0)" name="coalesceGridTime_works_as_expected"/>
    <testcase time="0.00100000000000477" classname="character(0)" name="coalesceGridTime_works_as_expected"/>
    <testcase time="0.00100000000000477" classname="character(0)" name="coalesceGridTime_works_as_expected"/>
  </testsuite>
  <testsuite name="Grid" timestamp="2026-03-15T04:59:18Z" hostname="fe776cb591c2" tests="5" skipped="0" failures="0" errors="0" time="0.008">
    <testcase time="0.00300000000001432" classname="character(0)" name="GridPopulation_works_as_expected_for_GSF_models"/>
    <testcase time="0.000999999999976353" classname="character(0)" name="GridPopulation_works_as_expected_for_GSF_models"/>
    <testcase time="0.00100000000000477" classname="character(0)" name="GridPopulation_works_as_expected_for_GSF_models"/>
    <testcase time="0.00100000000000477" classname="character(0)" name="GridPopulation_works_as_expected_for_GSF_models"/>
    <testcase time="0.00200000000000955" classname="character(0)" name="GridPopulation_works_as_expected_for_GSF_models"/>
  </testsuite>
  <testsuite name="Grid" timestamp="2026-03-15T04:59:18Z" hostname="fe776cb591c2" tests="5" skipped="0" failures="0" errors="0" time="0.007">
    <testcase time="0.0029999999999859" classname="character(0)" name="GridPopulation_works_as_expected_for_Longitudinal_models"/>
    <testcase time="0.00100000000000477" classname="character(0)" name="GridPopulation_works_as_expected_for_Longitudinal_models"/>
    <testcase time="0.00100000000000477" classname="character(0)" name="GridPopulation_works_as_expected_for_Longitudinal_models"/>
    <testcase time="0.00100000000000477" classname="character(0)" name="GridPopulation_works_as_expected_for_Longitudinal_models"/>
    <testcase time="0.00100000000000477" classname="character(0)" name="GridPopulation_works_as_expected_for_Longitudinal_models"/>
  </testsuite>
  <testsuite name="Grid" timestamp="2026-03-15T04:59:18Z" hostname="fe776cb591c2" tests="1" skipped="0" failures="0" errors="0" time="0.003">
    <testcase time="0.0029999999999859" classname="character(0)" name="GridPopulation_doesn_t_work_with_SurvivalQuantities"/>
  </testsuite>
  <testsuite name="Grid" timestamp="2026-03-15T04:59:18Z" hostname="fe776cb591c2" tests="1" skipped="0" failures="0" errors="0" time="0.004">
    <testcase time="0.00399999999999068" classname="character(0)" name="GridFixed_bug_has_been_fixed"/>
  </testsuite>
  <testsuite name="LongitudinalGSF" timestamp="2026-03-15T05:30:05Z" hostname="fe776cb591c2" tests="2" skipped="0" failures="0" errors="0" time="1846.188">
    <testcase time="1846.187" classname="character(0)" name="LongitudinalGSF_works_as_expected_with_default_arguments"/>
    <testcase time="0.00100000000020373" classname="character(0)" name="LongitudinalGSF_works_as_expected_with_default_arguments"/>
  </testsuite>
  <testsuite name="LongitudinalGSF" timestamp="2026-03-15T05:30:05Z" hostname="fe776cb591c2" tests="1" skipped="1" failures="0" errors="0" time="0.003">
    <testcase time="0.00299999999970169" classname="character(0)" name="Print_method_for_LongitudinalGSF_works_as_expected">
      <skipped message="Reason: On CRAN ('test-LongitudinalGSF.R:10:1')"/>
    </testcase>
  </testsuite>
  <testsuite name="LongitudinalGSF" timestamp="2026-03-15T05:30:05Z" hostname="fe776cb591c2" tests="3" skipped="0" failures="0" errors="0" time="0.024">
    <testcase time="0.0219999999999345" classname="character(0)" name="Centralised_parameterisation_compiles_without_issues"/>
    <testcase time="0.00100000000020373" classname="character(0)" name="Centralised_parameterisation_compiles_without_issues"/>
    <testcase time="0.000999999999748979" classname="character(0)" name="Centralised_parameterisation_compiles_without_issues"/>
  </testsuite>
  <testsuite name="LongitudinalGSF" timestamp="2026-03-15T05:30:05Z" hostname="fe776cb591c2" tests="3" skipped="0" failures="0" errors="0" time="0.006">
    <testcase time="0.00300000000015643" classname="character(0)" name="Non_Centralised_parameterisation_compiles_without_issues"/>
    <testcase time="0.00100000000020373" classname="character(0)" name="Non_Centralised_parameterisation_compiles_without_issues"/>
    <testcase time="0.00199999999995271" classname="character(0)" name="Non_Centralised_parameterisation_compiles_without_issues"/>
  </testsuite>
  <testsuite name="LongitudinalGSF" timestamp="2026-03-15T05:30:05Z" hostname="fe776cb591c2" tests="4" skipped="0" failures="0" errors="0" time="0.006">
    <testcase time="0.00299999999970169" classname="character(0)" name="Can_load_and_compile_growth_shrinkage_links"/>
    <testcase time="0.00100000000020373" classname="character(0)" name="Can_load_and_compile_growth_shrinkage_links"/>
    <testcase time="0.00100000000020373" classname="character(0)" name="Can_load_and_compile_growth_shrinkage_links"/>
    <testcase time="0.000999999999748979" classname="character(0)" name="Can_load_and_compile_growth_shrinkage_links"/>
  </testsuite>
  <testsuite name="LongitudinalGSF" timestamp="2026-03-15T05:30:05Z" hostname="fe776cb591c2" tests="9" skipped="0" failures="0" errors="0" time="0.012">
    <testcase time="0.00399999999990541" classname="character(0)" name="Can_recover_known_distributional_parameters_from_a_full_GSF_joint_model"/>
    <testcase time="0.00100000000020373" classname="character(0)" name="Can_recover_known_distributional_parameters_from_a_full_GSF_joint_model"/>
    <testcase time="0.00100000000020373" classname="character(0)" name="Can_recover_known_distributional_parameters_from_a_full_GSF_joint_model"/>
    <testcase time="0.00100000000020373" classname="character(0)" name="Can_recover_known_distributional_parameters_from_a_full_GSF_joint_model"/>
    <testcase time="0.000999999999748979" classname="character(0)" name="Can_recover_known_distributional_parameters_from_a_full_GSF_joint_model"/>
    <testcase time="0.00100000000020373" classname="character(0)" name="Can_recover_known_distributional_parameters_from_a_full_GSF_joint_model"/>
    <testcase time="0.00100000000020373" classname="character(0)" name="Can_recover_known_distributional_parameters_from_a_full_GSF_joint_model"/>
    <testcase time="0.000999999999748979" classname="character(0)" name="Can_recover_known_distributional_parameters_from_a_full_GSF_joint_model"/>
    <testcase time="0.00100000000020373" classname="character(0)" name="Can_recover_known_distributional_parameters_from_a_full_GSF_joint_model"/>
  </testsuite>
  <testsuite name="LongitudinalGSF" timestamp="2026-03-15T05:30:05Z" hostname="fe776cb591c2" tests="2" skipped="0" failures="0" errors="0" time="0.005">
    <testcase time="0.00299999999970169" classname="character(0)" name="Quantity_models_pass_the_parser"/>
    <testcase time="0.00200000000040745" classname="character(0)" name="Quantity_models_pass_the_parser"/>
  </testsuite>
  <testsuite name="LongitudinalGSF" timestamp="2026-03-15T05:30:05Z" hostname="fe776cb591c2" tests="7" skipped="0" failures="0" errors="0" time="0.009">
    <testcase time="0.00299999999970169" classname="character(0)" name="Can_generate_valid_initial_values"/>
    <testcase time="0.00100000000020373" classname="character(0)" name="Can_generate_valid_initial_values"/>
    <testcase time="0.000999999999748979" classname="character(0)" name="Can_generate_valid_initial_values"/>
    <testcase time="0.00100000000020373" classname="character(0)" name="Can_generate_valid_initial_values"/>
    <testcase time="0.000999999999748979" classname="character(0)" name="Can_generate_valid_initial_values"/>
    <testcase time="0.00100000000020373" classname="character(0)" name="Can_generate_valid_initial_values"/>
    <testcase time="0.00100000000020373" classname="character(0)" name="Can_generate_valid_initial_values"/>
  </testsuite>
  <testsuite name="LongitudinalGSF" timestamp="2026-03-15T05:30:05Z" hostname="fe776cb591c2" tests="1" skipped="0" failures="0" errors="0" time="0.004">
    <testcase time="0.00399999999990541" classname="character(0)" name="Unscaled_variance_GSF_mode_pass_the_parser"/>
  </testsuite>
  <testsuite name="LongitudinalGSF" timestamp="2026-03-15T05:30:05Z" hostname="fe776cb591c2" tests="3" skipped="0" failures="1" errors="0" time="0.032">
    <testcase time="0.0109999999999673" classname="character(0)" name="Can_recover_known_distributional_parameters_from_unscaled_variance_GSF_model">
      <failure type="failure" message="Expected `all(dat$q01 &lt;= true_values)` to be TRUE. ('test-LongitudinalGSF.R:482:5')">Expected `all(dat$q01 &lt;= true_values)` to be TRUE.
Differences:
`actual`:   FALSE
`expected`: TRUE 
</failure>
    </testcase>
    <testcase time="0.0199999999999818" classname="character(0)" name="Can_recover_known_distributional_parameters_from_unscaled_variance_GSF_model"/>
    <testcase time="0.000999999999748979" classname="character(0)" name="Can_recover_known_distributional_parameters_from_unscaled_variance_GSF_model"/>
  </testsuite>
  <testsuite name="LongitudinalQuantiles" timestamp="2026-03-15T05:30:56Z" hostname="fe776cb591c2" tests="10" skipped="0" failures="0" errors="0" time="51.699">
    <testcase time="51.6900000000001" classname="character(0)" name="Test_that_LongitudinalQuantities_works_as_expected"/>
    <testcase time="0.000999999999748979" classname="character(0)" name="Test_that_LongitudinalQuantities_works_as_expected"/>
    <testcase time="0.00100000000020373" classname="character(0)" name="Test_that_LongitudinalQuantities_works_as_expected"/>
    <testcase time="0.00100000000020373" classname="character(0)" name="Test_that_LongitudinalQuantities_works_as_expected"/>
    <testcase time="0.000999999999748979" classname="character(0)" name="Test_that_LongitudinalQuantities_works_as_expected"/>
    <testcase time="0.00100000000020373" classname="character(0)" name="Test_that_LongitudinalQuantities_works_as_expected"/>
    <testcase time="0.000999999999748979" classname="character(0)" name="Test_that_LongitudinalQuantities_works_as_expected"/>
    <testcase time="0.00100000000020373" classname="character(0)" name="Test_that_LongitudinalQuantities_works_as_expected"/>
    <testcase time="0.000999999999748979" classname="character(0)" name="Test_that_LongitudinalQuantities_works_as_expected"/>
    <testcase time="0.00100000000020373" classname="character(0)" name="Test_that_LongitudinalQuantities_works_as_expected"/>
  </testsuite>
  <testsuite name="LongitudinalQuantiles" timestamp="2026-03-15T05:30:56Z" hostname="fe776cb591c2" tests="15" skipped="0" failures="0" errors="0" time="0.02">
    <testcase time="0.00299999999970169" classname="character(0)" name="autoplot.LongitudinalQuantities_works_as_expected"/>
    <testcase time="0.00300000000015643" classname="character(0)" name="autoplot.LongitudinalQuantities_works_as_expected"/>
    <testcase time="0.00100000000020373" classname="character(0)" name="autoplot.LongitudinalQuantities_works_as_expected"/>
    <testcase time="0.000999999999748979" classname="character(0)" name="autoplot.LongitudinalQuantities_works_as_expected"/>
    <testcase time="0.00100000000020373" classname="character(0)" name="autoplot.LongitudinalQuantities_works_as_expected"/>
    <testcase time="0.000999999999748979" classname="character(0)" name="autoplot.LongitudinalQuantities_works_as_expected"/>
    <testcase time="0.00100000000020373" classname="character(0)" name="autoplot.LongitudinalQuantities_works_as_expected"/>
    <testcase time="0.000999999999748979" classname="character(0)" name="autoplot.LongitudinalQuantities_works_as_expected"/>
    <testcase time="0.00100000000020373" classname="character(0)" name="autoplot.LongitudinalQuantities_works_as_expected"/>
    <testcase time="0.00100000000020373" classname="character(0)" name="autoplot.LongitudinalQuantities_works_as_expected"/>
    <testcase time="0.00199999999995271" classname="character(0)" name="autoplot.LongitudinalQuantities_works_as_expected"/>
    <testcase time="0.000999999999748979" classname="character(0)" name="autoplot.LongitudinalQuantities_works_as_expected"/>
    <testcase time="0.00100000000020373" classname="character(0)" name="autoplot.LongitudinalQuantities_works_as_expected"/>
    <testcase time="0.000999999999748979" classname="character(0)" name="autoplot.LongitudinalQuantities_works_as_expected"/>
    <testcase time="0.00100000000020373" classname="character(0)" name="autoplot.LongitudinalQuantities_works_as_expected"/>
  </testsuite>
  <testsuite name="LongitudinalQuantiles" timestamp="2026-03-15T05:30:56Z" hostname="fe776cb591c2" tests="1" skipped="1" failures="0" errors="0" time="0.004">
    <testcase time="0.00399999999990541" classname="character(0)" name="LongitudinalQuantities_print_method_works_as_expected">
      <skipped message="Reason: On CRAN ('test-LongitudinalQuantiles.R:84:1')"/>
    </testcase>
  </testsuite>
  <testsuite name="LongitudinalQuantiles" timestamp="2026-03-15T05:30:56Z" hostname="fe776cb591c2" tests="1" skipped="0" failures="0" errors="0" time="0.021">
    <testcase time="0.0210000000001855" classname="character(0)" name="LongitudinalQuantities_can_recover_known_results"/>
  </testsuite>
  <testsuite name="LongitudinalQuantiles" timestamp="2026-03-15T05:30:56Z" hostname="fe776cb591c2" tests="1" skipped="0" failures="0" errors="0" time="0.003">
    <testcase time="0.00299999999970169" classname="character(0)" name="LongitudinalQuantities_correctly_subsets_subjects_and_rebuilds_correct_value_for_each_sample"/>
  </testsuite>
  <testsuite name="LongitudinalRandomEffects" timestamp="2026-03-15T05:32:31Z" hostname="fe776cb591c2" tests="4" skipped="0" failures="0" errors="0" time="94.935">
    <testcase time="94.9320000000002" classname="character(0)" name="LongitudinalRandomEffects_works_as_expected"/>
    <testcase time="0.000999999999748979" classname="character(0)" name="LongitudinalRandomEffects_works_as_expected"/>
    <testcase time="0.00100000000020373" classname="character(0)" name="LongitudinalRandomEffects_works_as_expected"/>
    <testcase time="0.000999999999748979" classname="character(0)" name="LongitudinalRandomEffects_works_as_expected"/>
  </testsuite>
  <testsuite name="LongitudinalRandomSlope" timestamp="2026-03-15T05:33:56Z" hostname="fe776cb591c2" tests="1" skipped="1" failures="0" errors="0" time="84.183">
    <testcase time="84.183" classname="character(0)" name="Print_method_for_LongitudinalRandomSlope_works_as_expected">
      <skipped message="Reason: On CRAN ('test-LongitudinalRandomSlope.R:2:1')"/>
    </testcase>
  </testsuite>
  <testsuite name="LongitudinalRandomSlope" timestamp="2026-03-15T05:33:56Z" hostname="fe776cb591c2" tests="1" skipped="0" failures="0" errors="0" time="0.021">
    <testcase time="0.0210000000001855" classname="character(0)" name="LongitudinalRandomSlope_correctly_generates_an_intercept_per_study"/>
  </testsuite>
  <testsuite name="LongitudinalRandomSlope" timestamp="2026-03-15T05:33:56Z" hostname="fe776cb591c2" tests="2" skipped="0" failures="0" errors="0" time="0.005">
    <testcase time="0.00399999999990541" classname="character(0)" name="Random_Slope_Model_can_recover_known_parameter_values"/>
    <testcase time="0.00100000000020373" classname="character(0)" name="Random_Slope_Model_can_recover_known_parameter_values"/>
  </testsuite>
  <testsuite name="LongitudinalRandomSlope" timestamp="2026-03-15T05:33:56Z" hostname="fe776cb591c2" tests="2" skipped="0" failures="0" errors="0" time="0.004">
    <testcase time="0.00299999999970169" classname="character(0)" name="Random_Slope_Model_left_censoring_works_as_expected"/>
    <testcase time="0.00100000000020373" classname="character(0)" name="Random_Slope_Model_left_censoring_works_as_expected"/>
  </testsuite>
  <testsuite name="LongitudinalRandomSlope" timestamp="2026-03-15T05:33:56Z" hostname="fe776cb591c2" tests="2" skipped="0" failures="0" errors="0" time="0.005">
    <testcase time="0.00399999999990541" classname="character(0)" name="Quantity_models_pass_the_parser"/>
    <testcase time="0.00100000000020373" classname="character(0)" name="Quantity_models_pass_the_parser"/>
  </testsuite>
  <testsuite name="LongitudinalRandomSlope" timestamp="2026-03-15T05:33:56Z" hostname="fe776cb591c2" tests="4" skipped="0" failures="0" errors="0" time="0.007">
    <testcase time="0.00299999999970169" classname="character(0)" name="Can_generate_valid_initial_values"/>
    <testcase time="0.00200000000040745" classname="character(0)" name="Can_generate_valid_initial_values"/>
    <testcase time="0.000999999999748979" classname="character(0)" name="Can_generate_valid_initial_values"/>
    <testcase time="0.00100000000020373" classname="character(0)" name="Can_generate_valid_initial_values"/>
  </testsuite>
  <testsuite name="LongitudinalSteinFojo" timestamp="2026-03-15T06:04:10Z" hostname="fe776cb591c2" tests="2" skipped="0" failures="0" errors="0" time="1814.119">
    <testcase time="1814.118" classname="character(0)" name="LongitudinalSteinFojo_works_as_expected_with_default_arguments"/>
    <testcase time="0.00100000000020373" classname="character(0)" name="LongitudinalSteinFojo_works_as_expected_with_default_arguments"/>
  </testsuite>
  <testsuite name="LongitudinalSteinFojo" timestamp="2026-03-15T06:04:10Z" hostname="fe776cb591c2" tests="1" skipped="1" failures="0" errors="0" time="0.003">
    <testcase time="0.00300000000061118" classname="character(0)" name="Print_method_for_LongitudinalSteinFojo_works_as_expected">
      <skipped message="Reason: On CRAN ('test-LongitudinalSteinFojo.R:9:1')"/>
    </testcase>
  </testsuite>
  <testsuite name="LongitudinalSteinFojo" timestamp="2026-03-15T06:04:10Z" hostname="fe776cb591c2" tests="3" skipped="0" failures="0" errors="0" time="0.026">
    <testcase time="0.0239999999994325" classname="character(0)" name="Centralised_parameterisation_compiles_without_issues"/>
    <testcase time="0.00100000000020373" classname="character(0)" name="Centralised_parameterisation_compiles_without_issues"/>
    <testcase time="0.00100000000020373" classname="character(0)" name="Centralised_parameterisation_compiles_without_issues"/>
  </testsuite>
  <testsuite name="LongitudinalSteinFojo" timestamp="2026-03-15T06:04:10Z" hostname="fe776cb591c2" tests="3" skipped="0" failures="0" errors="0" time="0.006">
    <testcase time="0.00399999999990541" classname="character(0)" name="Non_Centralised_parameterisation_compiles_without_issues"/>
    <testcase time="0.00100000000020373" classname="character(0)" name="Non_Centralised_parameterisation_compiles_without_issues"/>
    <testcase time="0.000999999999294232" classname="character(0)" name="Non_Centralised_parameterisation_compiles_without_issues"/>
  </testsuite>
  <testsuite name="LongitudinalSteinFojo" timestamp="2026-03-15T06:04:10Z" hostname="fe776cb591c2" tests="3" skipped="0" failures="0" errors="0" time="0.005">
    <testcase time="0.00300000000061118" classname="character(0)" name="Centralised_parameterisation_compiles_without_issues"/>
    <testcase time="0.000999999999294232" classname="character(0)" name="Centralised_parameterisation_compiles_without_issues"/>
    <testcase time="0.00100000000020373" classname="character(0)" name="Centralised_parameterisation_compiles_without_issues"/>
  </testsuite>
  <testsuite name="LongitudinalSteinFojo" timestamp="2026-03-15T06:04:10Z" hostname="fe776cb591c2" tests="3" skipped="0" failures="0" errors="0" time="0.006">
    <testcase time="0.00399999999990541" classname="character(0)" name="Non_Centralised_parameterisation_compiles_without_issues"/>
    <testcase time="0.00100000000020373" classname="character(0)" name="Non_Centralised_parameterisation_compiles_without_issues"/>
    <testcase time="0.00100000000020373" classname="character(0)" name="Non_Centralised_parameterisation_compiles_without_issues"/>
  </testsuite>
  <testsuite name="LongitudinalSteinFojo" timestamp="2026-03-15T06:04:10Z" hostname="fe776cb591c2" tests="4" skipped="0" failures="0" errors="0" time="0.007">
    <testcase time="0.00399999999990541" classname="character(0)" name="Can_load_and_compile_growth_shrinkage_links"/>
    <testcase time="0.00100000000020373" classname="character(0)" name="Can_load_and_compile_growth_shrinkage_links"/>
    <testcase time="0.00100000000020373" classname="character(0)" name="Can_load_and_compile_growth_shrinkage_links"/>
    <testcase time="0.000999999999294232" classname="character(0)" name="Can_load_and_compile_growth_shrinkage_links"/>
  </testsuite>
  <testsuite name="LongitudinalSteinFojo" timestamp="2026-03-15T06:04:10Z" hostname="fe776cb591c2" tests="9" skipped="0" failures="0" errors="0" time="0.012">
    <testcase time="0.00399999999990541" classname="character(0)" name="Can_recover_known_distributional_parameters_from_a_SF_joint_model"/>
    <testcase time="0.00100000000020373" classname="character(0)" name="Can_recover_known_distributional_parameters_from_a_SF_joint_model"/>
    <testcase time="0.00100000000020373" classname="character(0)" name="Can_recover_known_distributional_parameters_from_a_SF_joint_model"/>
    <testcase time="0.00100000000020373" classname="character(0)" name="Can_recover_known_distributional_parameters_from_a_SF_joint_model"/>
    <testcase time="0.00100000000020373" classname="character(0)" name="Can_recover_known_distributional_parameters_from_a_SF_joint_model"/>
    <testcase time="0.000999999999294232" classname="character(0)" name="Can_recover_known_distributional_parameters_from_a_SF_joint_model"/>
    <testcase time="0.00100000000020373" classname="character(0)" name="Can_recover_known_distributional_parameters_from_a_SF_joint_model"/>
    <testcase time="0.00100000000020373" classname="character(0)" name="Can_recover_known_distributional_parameters_from_a_SF_joint_model"/>
    <testcase time="0.00100000000020373" classname="character(0)" name="Can_recover_known_distributional_parameters_from_a_SF_joint_model"/>
  </testsuite>
  <testsuite name="LongitudinalSteinFojo" timestamp="2026-03-15T06:04:10Z" hostname="fe776cb591c2" tests="6" skipped="0" failures="0" errors="0" time="0.009">
    <testcase time="0.00399999999990541" classname="character(0)" name="Can_recover_known_distributional_parameters_from_a_SF_joint_model_with_growth_link"/>
    <testcase time="0.00100000000020373" classname="character(0)" name="Can_recover_known_distributional_parameters_from_a_SF_joint_model_with_growth_link"/>
    <testcase time="0.000999999999294232" classname="character(0)" name="Can_recover_known_distributional_parameters_from_a_SF_joint_model_with_growth_link"/>
    <testcase time="0.00100000000020373" classname="character(0)" name="Can_recover_known_distributional_parameters_from_a_SF_joint_model_with_growth_link"/>
    <testcase time="0.00100000000020373" classname="character(0)" name="Can_recover_known_distributional_parameters_from_a_SF_joint_model_with_growth_link"/>
    <testcase time="0.00100000000020373" classname="character(0)" name="Can_recover_known_distributional_parameters_from_a_SF_joint_model_with_growth_link"/>
  </testsuite>
  <testsuite name="LongitudinalSteinFojo" timestamp="2026-03-15T06:04:10Z" hostname="fe776cb591c2" tests="2" skipped="0" failures="0" errors="0" time="0.005">
    <testcase time="0.00399999999990541" classname="character(0)" name="Quantity_models_pass_the_parser"/>
    <testcase time="0.00100000000020373" classname="character(0)" name="Quantity_models_pass_the_parser"/>
  </testsuite>
  <testsuite name="LongitudinalSteinFojo" timestamp="2026-03-15T06:04:10Z" hostname="fe776cb591c2" tests="6" skipped="0" failures="0" errors="0" time="0.009">
    <testcase time="0.00399999999990541" classname="character(0)" name="Can_generate_valid_initial_values"/>
    <testcase time="0.000999999999294232" classname="character(0)" name="Can_generate_valid_initial_values"/>
    <testcase time="0.00100000000020373" classname="character(0)" name="Can_generate_valid_initial_values"/>
    <testcase time="0.00100000000020373" classname="character(0)" name="Can_generate_valid_initial_values"/>
    <testcase time="0.00100000000020373" classname="character(0)" name="Can_generate_valid_initial_values"/>
    <testcase time="0.00100000000020373" classname="character(0)" name="Can_generate_valid_initial_values"/>
  </testsuite>
  <testsuite name="LongitudinalSteinFojo" timestamp="2026-03-15T06:04:10Z" hostname="fe776cb591c2" tests="1" skipped="0" failures="0" errors="0" time="0.003">
    <testcase time="0.00299999999970169" classname="character(0)" name="Unscaled_variance_SF_mode_pass_the_parser"/>
  </testsuite>
  <testsuite name="LongitudinalSteinFojo" timestamp="2026-03-15T06:04:10Z" hostname="fe776cb591c2" tests="3" skipped="0" failures="0" errors="0" time="0.006">
    <testcase time="0.00399999999990541" classname="character(0)" name="Can_recover_known_distributional_parameters_from_unscaled_variance_SF_model"/>
    <testcase time="0.00100000000020373" classname="character(0)" name="Can_recover_known_distributional_parameters_from_unscaled_variance_SF_model"/>
    <testcase time="0.000999999999294232" classname="character(0)" name="Can_recover_known_distributional_parameters_from_unscaled_variance_SF_model"/>
  </testsuite>
  <testsuite name="Parameter" timestamp="2026-03-15T06:04:10Z" hostname="fe776cb591c2" tests="2" skipped="0" failures="0" errors="0" time="0.117">
    <testcase time="0.116000000000895" classname="character(0)" name="Parameters_smoke_tests"/>
    <testcase time="0.000999999999294232" classname="character(0)" name="Parameters_smoke_tests"/>
  </testsuite>
  <testsuite name="Parameter" timestamp="2026-03-15T06:04:10Z" hostname="fe776cb591c2" tests="1" skipped="1" failures="0" errors="0" time="0.004">
    <testcase time="0.00399999999990541" classname="character(0)" name="show_works_for_Paramneter_objects">
      <skipped message="Reason: On CRAN ('test-Parameter.R:15:1')"/>
    </testcase>
  </testsuite>
  <testsuite name="ParameterList" timestamp="2026-03-15T06:04:10Z" hostname="fe776cb591c2" tests="4" skipped="0" failures="0" errors="0" time="0.154">
    <testcase time="0.151000000000749" classname="character(0)" name="ParameterList_smoke_tests"/>
    <testcase time="0.000999999999294232" classname="character(0)" name="ParameterList_smoke_tests"/>
    <testcase time="0.00100000000020373" classname="character(0)" name="ParameterList_smoke_tests"/>
    <testcase time="0.00100000000020373" classname="character(0)" name="ParameterList_smoke_tests"/>
  </testsuite>
  <testsuite name="ParameterList" timestamp="2026-03-15T06:04:10Z" hostname="fe776cb591c2" tests="1" skipped="1" failures="0" errors="0" time="0.003">
    <testcase time="0.00299999999970169" classname="character(0)" name="show_works_for_ParameterList_objects">
      <skipped message="Reason: On CRAN ('test-ParameterList.R:44:1')"/>
    </testcase>
  </testsuite>
  <testsuite name="Prior" timestamp="2026-03-15T06:04:11Z" hostname="fe776cb591c2" tests="8" skipped="0" failures="0" errors="0" time="1.154">
    <testcase time="1.14699999999993" classname="character(0)" name="Priors_work_as_expected"/>
    <testcase time="0.00100000000020373" classname="character(0)" name="Priors_work_as_expected"/>
    <testcase time="0.00100000000020373" classname="character(0)" name="Priors_work_as_expected"/>
    <testcase time="0.000999999999294232" classname="character(0)" name="Priors_work_as_expected"/>
    <testcase time="0.00100000000020373" classname="character(0)" name="Priors_work_as_expected"/>
    <testcase time="0.00100000000020373" classname="character(0)" name="Priors_work_as_expected"/>
    <testcase time="0.00100000000020373" classname="character(0)" name="Priors_work_as_expected"/>
    <testcase time="0.000999999999294232" classname="character(0)" name="Priors_work_as_expected"/>
  </testsuite>
  <testsuite name="Prior" timestamp="2026-03-15T06:04:11Z" hostname="fe776cb591c2" tests="15" skipped="0" failures="0" errors="0" time="0.026">
    <testcase time="0.00300000000061118" classname="character(0)" name="Invalid_prior_parameters_are_rejected"/>
    <testcase time="0.00100000000020373" classname="character(0)" name="Invalid_prior_parameters_are_rejected"/>
    <testcase time="0.00199999999949796" classname="character(0)" name="Invalid_prior_parameters_are_rejected"/>
    <testcase time="0.00100000000020373" classname="character(0)" name="Invalid_prior_parameters_are_rejected"/>
    <testcase time="0.00100000000020373" classname="character(0)" name="Invalid_prior_parameters_are_rejected"/>
    <testcase time="0.000999999999294232" classname="character(0)" name="Invalid_prior_parameters_are_rejected"/>
    <testcase time="0.00100000000020373" classname="character(0)" name="Invalid_prior_parameters_are_rejected"/>
    <testcase time="0.00100000000020373" classname="character(0)" name="Invalid_prior_parameters_are_rejected"/>
    <testcase time="0.00799999999981083" classname="character(0)" name="Invalid_prior_parameters_are_rejected"/>
    <testcase time="0.00200000000040745" classname="character(0)" name="Invalid_prior_parameters_are_rejected"/>
    <testcase time="0.00100000000020373" classname="character(0)" name="Invalid_prior_parameters_are_rejected"/>
    <testcase time="0.000999999999294232" classname="character(0)" name="Invalid_prior_parameters_are_rejected"/>
    <testcase time="0.00100000000020373" classname="character(0)" name="Invalid_prior_parameters_are_rejected"/>
    <testcase time="0.00100000000020373" classname="character(0)" name="Invalid_prior_parameters_are_rejected"/>
    <testcase time="0.00100000000020373" classname="character(0)" name="Invalid_prior_parameters_are_rejected"/>
  </testsuite>
  <testsuite name="Prior" timestamp="2026-03-15T06:04:11Z" hostname="fe776cb591c2" tests="1" skipped="1" failures="0" errors="0" time="0.004">
    <testcase time="0.00399999999990541" classname="character(0)" name="show_works_for_Prior_objects">
      <skipped message="Reason: On CRAN ('test-Prior.R:146:1')"/>
    </testcase>
  </testsuite>
  <testsuite name="Prior" timestamp="2026-03-15T06:04:11Z" hostname="fe776cb591c2" tests="3" skipped="0" failures="0" errors="0" time="0.024">
    <testcase time="0.0209999999997308" classname="character(0)" name="jmpost.prior_shrinkage_works_as_expected"/>
    <testcase time="0.00100000000020373" classname="character(0)" name="jmpost.prior_shrinkage_works_as_expected"/>
    <testcase time="0.00199999999949796" classname="character(0)" name="jmpost.prior_shrinkage_works_as_expected"/>
  </testsuite>
  <testsuite name="Prior" timestamp="2026-03-15T06:04:11Z" hostname="fe776cb591c2" tests="7" skipped="0" failures="0" errors="0" time="0.01">
    <testcase time="0.00400000000081491" classname="character(0)" name="Limits_work_as_expected"/>
    <testcase time="0.000999999999294232" classname="character(0)" name="Limits_work_as_expected"/>
    <testcase time="0.00100000000020373" classname="character(0)" name="Limits_work_as_expected"/>
    <testcase time="0.00100000000020373" classname="character(0)" name="Limits_work_as_expected"/>
    <testcase time="0.00100000000020373" classname="character(0)" name="Limits_work_as_expected"/>
    <testcase time="0.000999999999294232" classname="character(0)" name="Limits_work_as_expected"/>
    <testcase time="0.00100000000020373" classname="character(0)" name="Limits_work_as_expected"/>
  </testsuite>
  <testsuite name="Prior" timestamp="2026-03-15T06:04:11Z" hostname="fe776cb591c2" tests="2" skipped="0" failures="0" errors="0" time="0.005">
    <testcase time="0.00399999999990541" classname="character(0)" name="median_Prior_works_as_expected"/>
    <testcase time="0.00100000000020373" classname="character(0)" name="median_Prior_works_as_expected"/>
  </testsuite>
  <testsuite name="Prior" timestamp="2026-03-15T06:04:11Z" hostname="fe776cb591c2" tests="4" skipped="0" failures="0" errors="0" time="0.007">
    <testcase time="0.00399999999990541" classname="character(0)" name="Parameters_in_priors_must_be_length_1_422"/>
    <testcase time="0.00100000000020373" classname="character(0)" name="Parameters_in_priors_must_be_length_1_422"/>
    <testcase time="0.00100000000020373" classname="character(0)" name="Parameters_in_priors_must_be_length_1_422"/>
    <testcase time="0.000999999999294232" classname="character(0)" name="Parameters_in_priors_must_be_length_1_422"/>
  </testsuite>
  <testsuite name="Quantities" timestamp="2026-03-15T06:04:12Z" hostname="fe776cb591c2" tests="3" skipped="0" failures="0" errors="0" time="0.212">
    <testcase time="0.210000000000036" classname="character(0)" name="Simple_utility_functions_work_as_expected"/>
    <testcase time="0.00100000000020373" classname="character(0)" name="Simple_utility_functions_work_as_expected"/>
    <testcase time="0.00100000000020373" classname="character(0)" name="Simple_utility_functions_work_as_expected"/>
  </testsuite>
  <testsuite name="Quantities" timestamp="2026-03-15T06:04:12Z" hostname="fe776cb591c2" tests="4" skipped="0" failures="0" errors="0" time="0.008">
    <testcase time="0.00399999999990541" classname="character(0)" name="collapse_quantities_works_as_expected"/>
    <testcase time="0.00200000000040745" classname="character(0)" name="collapse_quantities_works_as_expected"/>
    <testcase time="0.000999999999294232" classname="character(0)" name="collapse_quantities_works_as_expected"/>
    <testcase time="0.00100000000020373" classname="character(0)" name="collapse_quantities_works_as_expected"/>
  </testsuite>
  <testsuite name="Quantities" timestamp="2026-03-15T06:04:12Z" hostname="fe776cb591c2" tests="1" skipped="0" failures="0" errors="0" time="0.004">
    <testcase time="0.00399999999990541" classname="character(0)" name="summary.Quantiles_works_as_expected"/>
  </testsuite>
  <testsuite name="Quantities" timestamp="2026-03-15T06:04:12Z" hostname="fe776cb591c2" tests="1" skipped="0" failures="0" errors="0" time="0.004">
    <testcase time="0.00399999999990541" classname="character(0)" name="as.data.frame.Quantiles_works_as_expected"/>
  </testsuite>
  <testsuite name="Quantities" timestamp="2026-03-15T06:04:12Z" hostname="fe776cb591c2" tests="1" skipped="1" failures="0" errors="0" time="0.004">
    <testcase time="0.00400000000081491" classname="character(0)" name="Quantities_print_method_works_as_expected">
      <skipped message="Reason: On CRAN ('test-Quantities.R:139:1')"/>
    </testcase>
  </testsuite>
  <testsuite name="SimGroup" timestamp="2026-03-15T06:04:12Z" hostname="fe776cb591c2" tests="7" skipped="0" failures="0" errors="0" time="0.148">
    <testcase time="0.140999999999622" classname="character(0)" name="SimGroup_works_as_expected"/>
    <testcase time="0.00199999999949796" classname="character(0)" name="SimGroup_works_as_expected"/>
    <testcase time="0.00100000000020373" classname="character(0)" name="SimGroup_works_as_expected"/>
    <testcase time="0.00100000000020373" classname="character(0)" name="SimGroup_works_as_expected"/>
    <testcase time="0.00100000000020373" classname="character(0)" name="SimGroup_works_as_expected"/>
    <testcase time="0.00100000000020373" classname="character(0)" name="SimGroup_works_as_expected"/>
    <testcase time="0.000999999999294232" classname="character(0)" name="SimGroup_works_as_expected"/>
  </testsuite>
  <testsuite name="SimJointData" timestamp="2026-03-15T06:04:13Z" hostname="fe776cb591c2" tests="8" skipped="0" failures="0" errors="0" time="0.934">
    <testcase time="0.926000000000386" classname="character(0)" name="SimJointData_works_as_expected"/>
    <testcase time="0.00100000000020373" classname="character(0)" name="SimJointData_works_as_expected"/>
    <testcase time="0.000999999999294232" classname="character(0)" name="SimJointData_works_as_expected"/>
    <testcase time="0.00100000000020373" classname="character(0)" name="SimJointData_works_as_expected"/>
    <testcase time="0.00100000000020373" classname="character(0)" name="SimJointData_works_as_expected"/>
    <testcase time="0.00100000000020373" classname="character(0)" name="SimJointData_works_as_expected"/>
    <testcase time="0.00100000000020373" classname="character(0)" name="SimJointData_works_as_expected"/>
    <testcase time="0.00199999999949796" classname="character(0)" name="SimJointData_works_as_expected"/>
  </testsuite>
  <testsuite name="SimJointData" timestamp="2026-03-15T06:04:13Z" hostname="fe776cb591c2" tests="1" skipped="0" failures="0" errors="0" time="0.003">
    <testcase time="0.00299999999970169" classname="character(0)" name="SimJointData_leads_to_valid_DataJoint_with_almost_only_default_arguments"/>
  </testsuite>
  <testsuite name="SimJointData" timestamp="2026-03-15T06:04:13Z" hostname="fe776cb591c2" tests="1" skipped="1" failures="0" errors="0" time="0.004">
    <testcase time="0.00400000000081491" classname="character(0)" name="print_methods_work_as_expected">
      <skipped message="Reason: On CRAN ('test-SimJointData.R:94:1')"/>
    </testcase>
  </testsuite>
  <testsuite name="SimLongitudinalClaretBruno" timestamp="2026-03-15T06:04:13Z" hostname="fe776cb591c2" tests="16" skipped="0" failures="0" errors="0" time="0.23">
    <testcase time="0.213999999999942" classname="character(0)" name="SimLongitudinalClaretBruno_works_as_expected"/>
    <testcase time="0.000999999999294232" classname="character(0)" name="SimLongitudinalClaretBruno_works_as_expected"/>
    <testcase time="0.00100000000020373" classname="character(0)" name="SimLongitudinalClaretBruno_works_as_expected"/>
    <testcase time="0.00100000000020373" classname="character(0)" name="SimLongitudinalClaretBruno_works_as_expected"/>
    <testcase time="0.00100000000020373" classname="character(0)" name="SimLongitudinalClaretBruno_works_as_expected"/>
    <testcase time="0.00100000000020373" classname="character(0)" name="SimLongitudinalClaretBruno_works_as_expected"/>
    <testcase time="0.000999999999294232" classname="character(0)" name="SimLongitudinalClaretBruno_works_as_expected"/>
    <testcase time="0.00100000000020373" classname="character(0)" name="SimLongitudinalClaretBruno_works_as_expected"/>
    <testcase time="0.00100000000020373" classname="character(0)" name="SimLongitudinalClaretBruno_works_as_expected"/>
    <testcase time="0.00100000000020373" classname="character(0)" name="SimLongitudinalClaretBruno_works_as_expected"/>
    <testcase time="0.00199999999949796" classname="character(0)" name="SimLongitudinalClaretBruno_works_as_expected"/>
    <testcase time="0.00100000000020373" classname="character(0)" name="SimLongitudinalClaretBruno_works_as_expected"/>
    <testcase time="0.00100000000020373" classname="character(0)" name="SimLongitudinalClaretBruno_works_as_expected"/>
    <testcase time="0.000999999999294232" classname="character(0)" name="SimLongitudinalClaretBruno_works_as_expected"/>
    <testcase time="0.00100000000020373" classname="character(0)" name="SimLongitudinalClaretBruno_works_as_expected"/>
    <testcase time="0.00100000000020373" classname="character(0)" name="SimLongitudinalClaretBruno_works_as_expected"/>
  </testsuite>
  <testsuite name="SimLongitudinalClaretBruno" timestamp="2026-03-15T06:04:13Z" hostname="fe776cb591c2" tests="1" skipped="1" failures="0" errors="0" time="0.004">
    <testcase time="0.00399999999990541" classname="character(0)" name="print_methods_work_as_expected">
      <skipped message="Reason: On CRAN ('test-SimLongitudinalClaretBruno.R:64:1')"/>
    </testcase>
  </testsuite>
  <testsuite name="SimLongitudinalGSF" timestamp="2026-03-15T06:04:13Z" hostname="fe776cb591c2" tests="16" skipped="0" failures="0" errors="0" time="0.233">
    <testcase time="0.215000000000146" classname="character(0)" name="SimLongitudinalGSF_works_as_expected"/>
    <testcase time="0.00100000000020373" classname="character(0)" name="SimLongitudinalGSF_works_as_expected"/>
    <testcase time="0.00199999999949796" classname="character(0)" name="SimLongitudinalGSF_works_as_expected"/>
    <testcase time="0.00100000000020373" classname="character(0)" name="SimLongitudinalGSF_works_as_expected"/>
    <testcase time="0.00100000000020373" classname="character(0)" name="SimLongitudinalGSF_works_as_expected"/>
    <testcase time="0.000999999999294232" classname="character(0)" name="SimLongitudinalGSF_works_as_expected"/>
    <testcase time="0.00100000000020373" classname="character(0)" name="SimLongitudinalGSF_works_as_expected"/>
    <testcase time="0.00100000000020373" classname="character(0)" name="SimLongitudinalGSF_works_as_expected"/>
    <testcase time="0.00200000000040745" classname="character(0)" name="SimLongitudinalGSF_works_as_expected"/>
    <testcase time="0.000999999999294232" classname="character(0)" name="SimLongitudinalGSF_works_as_expected"/>
    <testcase time="0.00100000000020373" classname="character(0)" name="SimLongitudinalGSF_works_as_expected"/>
    <testcase time="0.00100000000020373" classname="character(0)" name="SimLongitudinalGSF_works_as_expected"/>
    <testcase time="0.00100000000020373" classname="character(0)" name="SimLongitudinalGSF_works_as_expected"/>
    <testcase time="0.000999999999294232" classname="character(0)" name="SimLongitudinalGSF_works_as_expected"/>
    <testcase time="0.00100000000020373" classname="character(0)" name="SimLongitudinalGSF_works_as_expected"/>
    <testcase time="0.00200000000040745" classname="character(0)" name="SimLongitudinalGSF_works_as_expected"/>
  </testsuite>
  <testsuite name="SimLongitudinalGSF" timestamp="2026-03-15T06:04:13Z" hostname="fe776cb591c2" tests="1" skipped="1" failures="0" errors="0" time="0.003">
    <testcase time="0.00299999999970169" classname="character(0)" name="print_methods_work_as_expected">
      <skipped message="Reason: On CRAN ('test-SimLongitudinalGSF.R:63:1')"/>
    </testcase>
  </testsuite>
  <testsuite name="SimLongitudinalRandomSlope" timestamp="2026-03-15T06:04:14Z" hostname="fe776cb591c2" tests="15" skipped="0" failures="0" errors="0" time="0.453">
    <testcase time="0.438000000000102" classname="character(0)" name="SimLongitudinalRandomSlope_works_as_expected"/>
    <testcase time="0.00100000000020373" classname="character(0)" name="SimLongitudinalRandomSlope_works_as_expected"/>
    <testcase time="0.000999999999294232" classname="character(0)" name="SimLongitudinalRandomSlope_works_as_expected"/>
    <testcase time="0.00100000000020373" classname="character(0)" name="SimLongitudinalRandomSlope_works_as_expected"/>
    <testcase time="0.00100000000020373" classname="character(0)" name="SimLongitudinalRandomSlope_works_as_expected"/>
    <testcase time="0.00100000000020373" classname="character(0)" name="SimLongitudinalRandomSlope_works_as_expected"/>
    <testcase time="0.000999999999294232" classname="character(0)" name="SimLongitudinalRandomSlope_works_as_expected"/>
    <testcase time="0.00100000000020373" classname="character(0)" name="SimLongitudinalRandomSlope_works_as_expected"/>
    <testcase time="0.00100000000020373" classname="character(0)" name="SimLongitudinalRandomSlope_works_as_expected"/>
    <testcase time="0.00100000000020373" classname="character(0)" name="SimLongitudinalRandomSlope_works_as_expected"/>
    <testcase time="0.00199999999949796" classname="character(0)" name="SimLongitudinalRandomSlope_works_as_expected"/>
    <testcase time="0.00100000000020373" classname="character(0)" name="SimLongitudinalRandomSlope_works_as_expected"/>
    <testcase time="0.00100000000020373" classname="character(0)" name="SimLongitudinalRandomSlope_works_as_expected"/>
    <testcase time="0.00100000000020373" classname="character(0)" name="SimLongitudinalRandomSlope_works_as_expected"/>
    <testcase time="0.000999999999294232" classname="character(0)" name="SimLongitudinalRandomSlope_works_as_expected"/>
  </testsuite>
  <testsuite name="SimLongitudinalRandomSlope" timestamp="2026-03-15T06:04:14Z" hostname="fe776cb591c2" tests="1" skipped="0" failures="0" errors="0" time="0.004">
    <testcase time="0.00399999999990541" classname="character(0)" name="SimLongitudinalRandomSlope_correctly_generates_a_dataset_with_known_parameters"/>
  </testsuite>
  <testsuite name="SimLongitudinalRandomSlope" timestamp="2026-03-15T06:04:14Z" hostname="fe776cb591c2" tests="1" skipped="1" failures="0" errors="0" time="0.004">
    <testcase time="0.00400000000081491" classname="character(0)" name="print_methods_work_as_expected">
      <skipped message="Reason: On CRAN ('test-SimLongitudinalRandomSlope.R:91:1')"/>
    </testcase>
  </testsuite>
  <testsuite name="SimLongitudinalSteinFojo" timestamp="2026-03-15T06:04:14Z" hostname="fe776cb591c2" tests="15" skipped="0" failures="0" errors="0" time="0.224">
    <testcase time="0.207999999999629" classname="character(0)" name="SimLongitudinalSteinFojo_works_as_expected"/>
    <testcase time="0.00200000000040745" classname="character(0)" name="SimLongitudinalSteinFojo_works_as_expected"/>
    <testcase time="0.000999999999294232" classname="character(0)" name="SimLongitudinalSteinFojo_works_as_expected"/>
    <testcase time="0.00100000000020373" classname="character(0)" name="SimLongitudinalSteinFojo_works_as_expected"/>
    <testcase time="0.00100000000020373" classname="character(0)" name="SimLongitudinalSteinFojo_works_as_expected"/>
    <testcase time="0.00100000000020373" classname="character(0)" name="SimLongitudinalSteinFojo_works_as_expected"/>
    <testcase time="0.000999999999294232" classname="character(0)" name="SimLongitudinalSteinFojo_works_as_expected"/>
    <testcase time="0.00100000000020373" classname="character(0)" name="SimLongitudinalSteinFojo_works_as_expected"/>
    <testcase time="0.00100000000020373" classname="character(0)" name="SimLongitudinalSteinFojo_works_as_expected"/>
    <testcase time="0.00100000000020373" classname="character(0)" name="SimLongitudinalSteinFojo_works_as_expected"/>
    <testcase time="0.00100000000020373" classname="character(0)" name="SimLongitudinalSteinFojo_works_as_expected"/>
    <testcase time="0.000999999999294232" classname="character(0)" name="SimLongitudinalSteinFojo_works_as_expected"/>
    <testcase time="0.00100000000020373" classname="character(0)" name="SimLongitudinalSteinFojo_works_as_expected"/>
    <testcase time="0.00200000000040745" classname="character(0)" name="SimLongitudinalSteinFojo_works_as_expected"/>
    <testcase time="0.000999999999294232" classname="character(0)" name="SimLongitudinalSteinFojo_works_as_expected"/>
  </testsuite>
  <testsuite name="SimLongitudinalSteinFojo" timestamp="2026-03-15T06:04:14Z" hostname="fe776cb591c2" tests="1" skipped="1" failures="0" errors="0" time="0.004">
    <testcase time="0.00400000000081491" classname="character(0)" name="print_methods_work_as_expected">
      <skipped message="Reason: On CRAN ('test-SimLongitudinalSteinFojo.R:61:1')"/>
    </testcase>
  </testsuite>
  <testsuite name="SimSurvival" timestamp="2026-03-15T06:04:18Z" hostname="fe776cb591c2" tests="1" skipped="0" failures="0" errors="0" time="4.44">
    <testcase time="4.4399999999996" classname="character(0)" name="SimSurvivalExponential_creates_a_dataset_with_the_correct_parameter"/>
  </testsuite>
  <testsuite name="SimSurvival" timestamp="2026-03-15T06:04:18Z" hostname="fe776cb591c2" tests="3" skipped="0" failures="0" errors="0" time="0.006">
    <testcase time="0.00399999999990541" classname="character(0)" name="SimSurvivalWeibullPH_creates_a_dataset_with_the_correct_parameter"/>
    <testcase time="0.00100000000020373" classname="character(0)" name="SimSurvivalWeibullPH_creates_a_dataset_with_the_correct_parameter"/>
    <testcase time="0.00100000000020373" classname="character(0)" name="SimSurvivalWeibullPH_creates_a_dataset_with_the_correct_parameter"/>
  </testsuite>
  <testsuite name="SimSurvival" timestamp="2026-03-15T06:04:18Z" hostname="fe776cb591c2" tests="1" skipped="1" failures="0" errors="0" time="0.004">
    <testcase time="0.00399999999990541" classname="character(0)" name="print_methods_work_as_expected">
      <skipped message="Reason: On CRAN ('test-SimSurvival.R:85:1')"/>
    </testcase>
  </testsuite>
  <testsuite name="StanModel" timestamp="2026-03-15T06:04:18Z" hostname="fe776cb591c2" tests="1" skipped="1" failures="0" errors="0" time="0.092">
    <testcase time="0.0919999999996435" classname="character(0)" name="StanModel_print_function_works_as_expected">
      <skipped message="Reason: On CRAN ('test-StanModel.R:2:1')"/>
    </testcase>
  </testsuite>
  <testsuite name="StanModule" timestamp="2026-03-15T06:04:19Z" hostname="fe776cb591c2" tests="1" skipped="1" failures="0" errors="0" time="0.659">
    <testcase time="0.658999999999651" classname="character(0)" name="StanModule_print_method_works_as_expected">
      <skipped message="Reason: On CRAN ('test-StanModule.R:2:1')"/>
    </testcase>
  </testsuite>
  <testsuite name="StanModule" timestamp="2026-03-15T06:04:19Z" hostname="fe776cb591c2" tests="7" skipped="0" failures="0" errors="0" time="0.028">
    <testcase time="0.0210000000006403" classname="character(0)" name="StanModule_can_read_basic_stan_programs"/>
    <testcase time="0.00100000000020373" classname="character(0)" name="StanModule_can_read_basic_stan_programs"/>
    <testcase time="0.000999999999294232" classname="character(0)" name="StanModule_can_read_basic_stan_programs"/>
    <testcase time="0.00100000000020373" classname="character(0)" name="StanModule_can_read_basic_stan_programs"/>
    <testcase time="0.00100000000020373" classname="character(0)" name="StanModule_can_read_basic_stan_programs"/>
    <testcase time="0.00199999999949796" classname="character(0)" name="StanModule_can_read_basic_stan_programs"/>
    <testcase time="0.00100000000020373" classname="character(0)" name="StanModule_can_read_basic_stan_programs"/>
  </testsuite>
  <testsuite name="StanModule" timestamp="2026-03-15T06:04:19Z" hostname="fe776cb591c2" tests="7" skipped="0" failures="0" errors="0" time="0.01">
    <testcase time="0.00300000000061118" classname="character(0)" name="StanModule_can_handle_trailing_characters"/>
    <testcase time="0.00199999999949796" classname="character(0)" name="StanModule_can_handle_trailing_characters"/>
    <testcase time="0.00100000000020373" classname="character(0)" name="StanModule_can_handle_trailing_characters"/>
    <testcase time="0.00100000000020373" classname="character(0)" name="StanModule_can_handle_trailing_characters"/>
    <testcase time="0.000999999999294232" classname="character(0)" name="StanModule_can_handle_trailing_characters"/>
    <testcase time="0.00100000000020373" classname="character(0)" name="StanModule_can_handle_trailing_characters"/>
    <testcase time="0.00100000000020373" classname="character(0)" name="StanModule_can_handle_trailing_characters"/>
  </testsuite>
  <testsuite name="StanModule" timestamp="2026-03-15T06:04:19Z" hostname="fe776cb591c2" tests="7" skipped="0" failures="0" errors="0" time="0.012">
    <testcase time="0.00399999999990541" classname="character(0)" name="StanModule_works_with_in_line_code"/>
    <testcase time="0.00100000000020373" classname="character(0)" name="StanModule_works_with_in_line_code"/>
    <testcase time="0.00199999999949796" classname="character(0)" name="StanModule_works_with_in_line_code"/>
    <testcase time="0.00100000000020373" classname="character(0)" name="StanModule_works_with_in_line_code"/>
    <testcase time="0.00200000000040745" classname="character(0)" name="StanModule_works_with_in_line_code"/>
    <testcase time="0.00100000000020373" classname="character(0)" name="StanModule_works_with_in_line_code"/>
    <testcase time="0.000999999999294232" classname="character(0)" name="StanModule_works_with_in_line_code"/>
  </testsuite>
  <testsuite name="StanModule" timestamp="2026-03-15T06:04:19Z" hostname="fe776cb591c2" tests="2" skipped="0" failures="0" errors="0" time="0.005">
    <testcase time="0.00399999999990541" classname="character(0)" name="StanModule_throws_an_error_for_1_line_blocks"/>
    <testcase time="0.00100000000020373" classname="character(0)" name="StanModule_throws_an_error_for_1_line_blocks"/>
  </testsuite>
[...]
    <testcase time="0.00399999999990541" classname="character(0)" name="intial_values_for_fixed_distributions_gives_valid_values"/>
    <testcase time="0.00399999999990541" classname="character(0)" name="intial_values_for_fixed_distributions_gives_valid_values"/>
    <testcase time="0.00400000000081491" classname="character(0)" name="intial_values_for_fixed_distributions_gives_valid_values"/>
    <testcase time="0.00399999999990541" classname="character(0)" name="intial_values_for_fixed_distributions_gives_valid_values"/>
    <testcase time="0.00399999999990541" classname="character(0)" name="intial_values_for_fixed_distributions_gives_valid_values"/>
    <testcase time="0.00399999999990541" classname="character(0)" name="intial_values_for_fixed_distributions_gives_valid_values"/>
    <testcase time="0.00399999999990541" classname="character(0)" name="intial_values_for_fixed_distributions_gives_valid_values"/>
    <testcase time="0.00500000000010914" classname="character(0)" name="intial_values_for_fixed_distributions_gives_valid_values"/>
    <testcase time="0.00399999999990541" classname="character(0)" name="intial_values_for_fixed_distributions_gives_valid_values"/>
    <testcase time="0.00399999999990541" classname="character(0)" name="intial_values_for_fixed_distributions_gives_valid_values"/>
    <testcase time="0.00500000000010914" classname="character(0)" name="intial_values_for_fixed_distributions_gives_valid_values"/>
    <testcase time="0.00399999999990541" classname="character(0)" name="intial_values_for_fixed_distributions_gives_valid_values"/>
    <testcase time="0.00399999999990541" classname="character(0)" name="intial_values_for_fixed_distributions_gives_valid_values"/>
    <testcase time="0.00399999999990541" classname="character(0)" name="intial_values_for_fixed_distributions_gives_valid_values"/>
    <testcase time="0.00500000000010914" classname="character(0)" name="intial_values_for_fixed_distributions_gives_valid_values"/>
    <testcase time="0.00399999999990541" classname="character(0)" name="intial_values_for_fixed_distributions_gives_valid_values"/>
  </testsuite>
  <testsuite name="jinjar_render" timestamp="2026-03-15T06:18:56Z" hostname="fe776cb591c2" tests="2" skipped="0" failures="0" errors="0" time="0.085">
    <testcase time="0.0839999999998327" classname="character(0)" name="Basic_Jinjar_syntax_works_with_decorated_render_"/>
    <testcase time="0.00100000000020373" classname="character(0)" name="Basic_Jinjar_syntax_works_with_decorated_render_"/>
  </testsuite>
  <testsuite name="jinjar_render" timestamp="2026-03-15T06:18:56Z" hostname="fe776cb591c2" tests="1" skipped="0" failures="0" errors="0" time="0.004">
    <testcase time="0.00399999999990541" classname="character(0)" name="Global_variables_defined_by_decorated_render_are_usable"/>
  </testsuite>
  <testsuite name="longitudinal_plot" timestamp="2026-03-15T06:18:57Z" hostname="fe776cb591c2" tests="1" skipped="1" failures="0" errors="0" time="1.138">
    <testcase time="1.13799999999992" classname="character(0)" name="longitudinal_plot_works_as_expected">
      <skipped message="Reason: On CRAN ('test-longitudinal_plot.R:2:1')"/>
    </testcase>
  </testsuite>
  <testsuite name="misc_models" timestamp="2026-03-15T06:19:13Z" hostname="fe776cb591c2" tests="1" skipped="0" failures="0" errors="0" time="15.913">
    <testcase time="15.9130000000005" classname="character(0)" name="Longitudinal_Model_doesn_t_print_sampler_rejection_messages"/>
  </testsuite>
  <testsuite name="model_multi_chain" timestamp="2026-03-15T06:20:06Z" hostname="fe776cb591c2" tests="1" skipped="0" failures="0" errors="0" time="53.038">
    <testcase time="53.0379999999996" classname="character(0)" name="Can_recover_known_distribution_parameters_from_random_slope_model_when_using_multiple_chains"/>
  </testsuite>
  <testsuite name="options" timestamp="2026-03-15T06:20:06Z" hostname="fe776cb591c2" tests="4" skipped="0" failures="0" errors="0" time="0.115">
    <testcase time="0.11200000000008" classname="character(0)" name="Can_alter_Gaussian_Quadrature_arguments"/>
    <testcase time="0.00100000000020373" classname="character(0)" name="Can_alter_Gaussian_Quadrature_arguments"/>
    <testcase time="0.00100000000020373" classname="character(0)" name="Can_alter_Gaussian_Quadrature_arguments"/>
    <testcase time="0.000999999999294232" classname="character(0)" name="Can_alter_Gaussian_Quadrature_arguments"/>
  </testsuite>
  <testsuite name="populationHR" timestamp="2026-03-15T06:20:38Z" hostname="fe776cb591c2" tests="4" skipped="0" failures="0" errors="0" time="31.79">
    <testcase time="31.7870000000003" classname="character(0)" name="populationHR_works_as_expected_for_default_parameters"/>
    <testcase time="0.00100000000020373" classname="character(0)" name="populationHR_works_as_expected_for_default_parameters"/>
    <testcase time="0.00100000000020373" classname="character(0)" name="populationHR_works_as_expected_for_default_parameters"/>
    <testcase time="0.000999999999294232" classname="character(0)" name="populationHR_works_as_expected_for_default_parameters"/>
  </testsuite>
  <testsuite name="populationHR" timestamp="2026-03-15T06:20:38Z" hostname="fe776cb591c2" tests="5" skipped="0" failures="0" errors="0" time="0.009">
    <testcase time="0.00400000000081491" classname="character(0)" name="populationHR_fails_for_bad_input"/>
    <testcase time="0.00199999999949796" classname="character(0)" name="populationHR_fails_for_bad_input"/>
    <testcase time="0.00100000000020373" classname="character(0)" name="populationHR_fails_for_bad_input"/>
    <testcase time="0.00100000000020373" classname="character(0)" name="populationHR_fails_for_bad_input"/>
    <testcase time="0.000999999999294232" classname="character(0)" name="populationHR_fails_for_bad_input"/>
  </testsuite>
  <testsuite name="populationHR" timestamp="2026-03-15T06:20:38Z" hostname="fe776cb591c2" tests="4" skipped="0" failures="0" errors="0" time="0.007">
    <testcase time="0.00400000000081491" classname="character(0)" name="populationHR_works_as_expected_for_alternative_specfications"/>
    <testcase time="0.000999999999294232" classname="character(0)" name="populationHR_works_as_expected_for_alternative_specfications"/>
    <testcase time="0.00100000000020373" classname="character(0)" name="populationHR_works_as_expected_for_alternative_specfications"/>
    <testcase time="0.00100000000020373" classname="character(0)" name="populationHR_works_as_expected_for_alternative_specfications"/>
  </testsuite>
  <testsuite name="stan_functions" timestamp="2026-03-15T06:21:07Z" hostname="fe776cb591c2" tests="1" skipped="0" failures="0" errors="0" time="29.452">
    <testcase time="29.4520000000002" classname="character(0)" name="GSF_SLD_function_works_as_expected"/>
  </testsuite>
  <testsuite name="stan_functions" timestamp="2026-03-15T06:21:07Z" hostname="fe776cb591c2" tests="2" skipped="0" failures="0" errors="0" time="0.003">
    <testcase time="0.00199999999949796" classname="character(0)" name="Normal_Log_Density_functions_work_as_expected"/>
    <testcase time="0.00100000000020373" classname="character(0)" name="Normal_Log_Density_functions_work_as_expected"/>
  </testsuite>
  <testsuite name="stan_functions" timestamp="2026-03-15T06:21:07Z" hostname="fe776cb591c2" tests="1" skipped="0" failures="0" errors="0" time="0.002">
    <testcase time="0.00200000000040745" classname="character(0)" name="GSF_Identity_Link_Function_works_as_expected"/>
  </testsuite>
  <testsuite name="survival_plot" timestamp="2026-03-15T06:21:08Z" hostname="fe776cb591c2" tests="4" skipped="1" failures="0" errors="0" time="1.02">
    <testcase time="1.01699999999983" classname="character(0)" name="survival_plot_works_as_expected"/>
    <testcase time="0.00100000000020373" classname="character(0)" name="survival_plot_works_as_expected"/>
    <testcase time="0.00100000000020373" classname="character(0)" name="survival_plot_works_as_expected"/>
    <testcase time="0.00100000000020373" classname="character(0)" name="survival_plot_works_as_expected">
      <skipped message="Reason: On CRAN ('test-survival_plot.R:9:1')"/>
    </testcase>
  </testsuite>
  <testsuite name="utilities" timestamp="2026-03-15T06:21:09Z" hostname="fe776cb591c2" tests="1" skipped="0" failures="0" errors="0" time="0.305">
    <testcase time="0.304999999999382" classname="character(0)" name="get_missing_rownumbers_works_as_expected"/>
  </testsuite>
  <testsuite name="utilities" timestamp="2026-03-15T06:21:09Z" hostname="fe776cb591c2" tests="1" skipped="0" failures="0" errors="0" time="0.004">
    <testcase time="0.00400000000081491" classname="character(0)" name="remove_missing_rows_works_as_expected"/>
  </testsuite>
  <testsuite name="utilities" timestamp="2026-03-15T06:21:09Z" hostname="fe776cb591c2" tests="1" skipped="0" failures="0" errors="0" time="0.004">
    <testcase time="0.00399999999990541" classname="character(0)" name="expand_initial_values_works_as_expected"/>
  </testsuite>
  <testsuite name="utilities" timestamp="2026-03-15T06:21:09Z" hostname="fe776cb591c2" tests="1" skipped="0" failures="0" errors="0" time="0.002">
    <testcase time="0.00199999999949796" classname="character(0)" name="replace_with_lookup_works_and_sets_array_attributes_as_expected"/>
  </testsuite>
  <testsuite name="utilities" timestamp="2026-03-15T06:21:09Z" hostname="fe776cb591c2" tests="1" skipped="0" failures="0" errors="0" time="0.002">
    <testcase time="0.00200000000040745" classname="character(0)" name="replace_with_lookup_asserts_sizes_as_numbers_as_expected"/>
  </testsuite>
  <testsuite name="utilities" timestamp="2026-03-15T06:21:09Z" hostname="fe776cb591c2" tests="1" skipped="0" failures="0" errors="0" time="0.003">
    <testcase time="0.00299999999970169" classname="character(0)" name="replace_with_lookup_asserts_looked_up_sizes_as_numbers_as_expected"/>
  </testsuite>
  <testsuite name="utilities" timestamp="2026-03-15T06:21:09Z" hostname="fe776cb591c2" tests="2" skipped="0" failures="0" errors="0" time="0.002">
    <testcase time="0.00200000000040745" classname="character(0)" name="samples_median_ci_works_as_expected"/>
    <testcase time="0" classname="character(0)" name="samples_median_ci_works_as_expected"/>
  </testsuite>
  <testsuite name="utilities" timestamp="2026-03-15T06:21:09Z" hostname="fe776cb591c2" tests="2" skipped="0" failures="0" errors="0" time="0.002">
    <testcase time="0.00199999999949796" classname="character(0)" name="samples_median_ci_works_with_a_custom_credibility_level"/>
    <testcase time="0" classname="character(0)" name="samples_median_ci_works_with_a_custom_credibility_level"/>
  </testsuite>
  <testsuite name="utilities" timestamp="2026-03-15T06:21:09Z" hostname="fe776cb591c2" tests="8" skipped="0" failures="0" errors="0" time="0.005">
    <testcase time="0.00200000000040745" classname="character(0)" name="validate_time_grid_works_as_expected"/>
    <testcase time="0.000999999999294232" classname="character(0)" name="validate_time_grid_works_as_expected"/>
    <testcase time="0" classname="character(0)" name="validate_time_grid_works_as_expected"/>
    <testcase time="0" classname="character(0)" name="validate_time_grid_works_as_expected"/>
    <testcase time="0.00100000000020373" classname="character(0)" name="validate_time_grid_works_as_expected"/>
    <testcase time="0" classname="character(0)" name="validate_time_grid_works_as_expected"/>
    <testcase time="0.00100000000020373" classname="character(0)" name="validate_time_grid_works_as_expected"/>
    <testcase time="0" classname="character(0)" name="validate_time_grid_works_as_expected"/>
  </testsuite>
  <testsuite name="utilities" timestamp="2026-03-15T06:21:09Z" hostname="fe776cb591c2" tests="7" skipped="0" failures="0" errors="0" time="0.006">
    <testcase time="0.00299999999970169" classname="character(0)" name="expand_subjects_works_as_expected"/>
    <testcase time="0" classname="character(0)" name="expand_subjects_works_as_expected"/>
    <testcase time="0.00100000000020373" classname="character(0)" name="expand_subjects_works_as_expected"/>
    <testcase time="0" classname="character(0)" name="expand_subjects_works_as_expected"/>
    <testcase time="0.00100000000020373" classname="character(0)" name="expand_subjects_works_as_expected"/>
    <testcase time="0.000999999999294232" classname="character(0)" name="expand_subjects_works_as_expected"/>
    <testcase time="0" classname="character(0)" name="expand_subjects_works_as_expected"/>
  </testsuite>
  <testsuite name="utilities" timestamp="2026-03-15T06:21:09Z" hostname="fe776cb591c2" tests="5" skipped="0" failures="0" errors="0" time="0.005">
    <testcase time="0.00200000000040745" classname="character(0)" name="decompose_subjects_works_as_expected"/>
    <testcase time="0.00100000000020373" classname="character(0)" name="decompose_subjects_works_as_expected"/>
    <testcase time="0" classname="character(0)" name="decompose_subjects_works_as_expected"/>
    <testcase time="0.000999999999294232" classname="character(0)" name="decompose_subjects_works_as_expected"/>
    <testcase time="0.00100000000020373" classname="character(0)" name="decompose_subjects_works_as_expected"/>
  </testsuite>
  <testsuite name="utilities" timestamp="2026-03-15T06:21:09Z" hostname="fe776cb591c2" tests="2" skipped="0" failures="0" errors="0" time="0.003">
    <testcase time="0.00200000000040745" classname="character(0)" name="add_missing_stan_blocks_works_as_expected"/>
    <testcase time="0.00100000000020373" classname="character(0)" name="add_missing_stan_blocks_works_as_expected"/>
  </testsuite>
  <testsuite name="LongitudinalClaretBruno" timestamp="2026-03-15T06:53:45Z" hostname="fe776cb591c2" tests="2" skipped="0" failures="0" errors="0" time="1956.103">
    <testcase time="1956.102" classname="character(0)" name="LongitudinalClaretBruno_works_as_expected_with_default_arguments"/>
    <testcase time="0.000999999999294232" classname="character(0)" name="LongitudinalClaretBruno_works_as_expected_with_default_arguments"/>
  </testsuite>
  <testsuite name="LongitudinalClaretBruno" timestamp="2026-03-15T06:53:45Z" hostname="fe776cb591c2" tests="1" skipped="1" failures="0" errors="0" time="0.002">
    <testcase time="0.00200000000040745" classname="character(0)" name="Print_method_for_LongitudinalClaretBruno_works_as_expected">
      <skipped message="Reason: On CRAN ('test-LongitudinalClaretBruno.R:10:1')"/>
    </testcase>
  </testsuite>
  <testsuite name="LongitudinalClaretBruno" timestamp="2026-03-15T06:53:45Z" hostname="fe776cb591c2" tests="3" skipped="0" failures="0" errors="0" time="0.012">
    <testcase time="0.011000000000422" classname="character(0)" name="Centralised_parameterisation_compiles_without_issues"/>
    <testcase time="0.000999999999294232" classname="character(0)" name="Centralised_parameterisation_compiles_without_issues"/>
    <testcase time="0" classname="character(0)" name="Centralised_parameterisation_compiles_without_issues"/>
  </testsuite>
  <testsuite name="LongitudinalClaretBruno" timestamp="2026-03-15T06:53:45Z" hostname="fe776cb591c2" tests="3" skipped="0" failures="0" errors="0" time="0.004">
    <testcase time="0.00300000000061118" classname="character(0)" name="Non_Centralised_parameterisation_compiles_without_issues"/>
    <testcase time="0" classname="character(0)" name="Non_Centralised_parameterisation_compiles_without_issues"/>
    <testcase time="0.000999999999294232" classname="character(0)" name="Non_Centralised_parameterisation_compiles_without_issues"/>
  </testsuite>
  <testsuite name="LongitudinalClaretBruno" timestamp="2026-03-15T06:53:45Z" hostname="fe776cb591c2" tests="3" skipped="0" failures="0" errors="0" time="0.003">
    <testcase time="0.00200000000040745" classname="character(0)" name="Centralised_parameterisation_compiles_without_issues"/>
    <testcase time="0" classname="character(0)" name="Centralised_parameterisation_compiles_without_issues"/>
    <testcase time="0.00100000000020373" classname="character(0)" name="Centralised_parameterisation_compiles_without_issues"/>
  </testsuite>
  <testsuite name="LongitudinalClaretBruno" timestamp="2026-03-15T06:53:45Z" hostname="fe776cb591c2" tests="3" skipped="0" failures="0" errors="0" time="0.002">
    <testcase time="0.00199999999949796" classname="character(0)" name="Non_Centralised_parameterisation_compiles_without_issues"/>
    <testcase time="0" classname="character(0)" name="Non_Centralised_parameterisation_compiles_without_issues"/>
    <testcase time="0" classname="character(0)" name="Non_Centralised_parameterisation_compiles_without_issues"/>
  </testsuite>
  <testsuite name="LongitudinalClaretBruno" timestamp="2026-03-15T06:53:45Z" hostname="fe776cb591c2" tests="6" skipped="0" failures="0" errors="0" time="0.005">
    <testcase time="0.00200000000040745" classname="character(0)" name="Can_recover_known_distributional_parameters_from_a_SF_joint_model"/>
    <testcase time="0.000999999999294232" classname="character(0)" name="Can_recover_known_distributional_parameters_from_a_SF_joint_model"/>
    <testcase time="0" classname="character(0)" name="Can_recover_known_distributional_parameters_from_a_SF_joint_model"/>
    <testcase time="0.00100000000020373" classname="character(0)" name="Can_recover_known_distributional_parameters_from_a_SF_joint_model"/>
    <testcase time="0" classname="character(0)" name="Can_recover_known_distributional_parameters_from_a_SF_joint_model"/>
    <testcase time="0.00100000000020373" classname="character(0)" name="Can_recover_known_distributional_parameters_from_a_SF_joint_model"/>
  </testsuite>
  <testsuite name="LongitudinalClaretBruno" timestamp="2026-03-15T06:53:45Z" hostname="fe776cb591c2" tests="2" skipped="0" failures="0" errors="0" time="0.002">
    <testcase time="0.00200000000040745" classname="character(0)" name="Quantity_models_pass_the_parser"/>
    <testcase time="0" classname="character(0)" name="Quantity_models_pass_the_parser"/>
  </testsuite>
  <testsuite name="LongitudinalClaretBruno" timestamp="2026-03-15T06:53:45Z" hostname="fe776cb591c2" tests="7" skipped="0" failures="0" errors="0" time="0.006">
    <testcase time="0.00199999999949796" classname="character(0)" name="Can_generate_valid_initial_values"/>
    <testcase time="0.00100000000020373" classname="character(0)" name="Can_generate_valid_initial_values"/>
    <testcase time="0.00100000000020373" classname="character(0)" name="Can_generate_valid_initial_values"/>
    <testcase time="0" classname="character(0)" name="Can_generate_valid_initial_values"/>
    <testcase time="0.000999999999294232" classname="character(0)" name="Can_generate_valid_initial_values"/>
    <testcase time="0" classname="character(0)" name="Can_generate_valid_initial_values"/>
    <testcase time="0.00100000000020373" classname="character(0)" name="Can_generate_valid_initial_values"/>
  </testsuite>
  <testsuite name="LongitudinalClaretBruno" timestamp="2026-03-15T06:53:45Z" hostname="fe776cb591c2" tests="1" skipped="0" failures="0" errors="0" time="0.002">
    <testcase time="0.00200000000040745" classname="character(0)" name="Unscaled_variance_pass_the_parser"/>
  </testsuite>
  <testsuite name="LongitudinalClaretBruno" timestamp="2026-03-15T06:53:45Z" hostname="fe776cb591c2" tests="3" skipped="0" failures="0" errors="0" time="0.003">
    <testcase time="0.00199999999949796" classname="character(0)" name="Can_recover_known_distributional_parameters_from_unscaled_variance_ClaretBruno_model"/>
    <testcase time="0" classname="character(0)" name="Can_recover_known_distributional_parameters_from_unscaled_variance_ClaretBruno_model"/>
    <testcase time="0.00100000000020373" classname="character(0)" name="Can_recover_known_distributional_parameters_from_unscaled_variance_ClaretBruno_model"/>
  </testsuite>
</testsuites>
