<?xml version="1.0" encoding="UTF-8"?>
<testsuites>
  <testsuite name="DataJoint" timestamp="2024-05-01T04:08:26Z" hostname="a5ce19b4f04a" tests="36" skipped="1" failures="0" errors="0" time="1.423">
    <testcase time="1.061" classname="DataJoint" name="DataJoint_basic_usage"/>
    <testcase time="0.0169999999999999" classname="DataJoint" name="DataJoint_basic_usage"/>
    <testcase time="0.0100000000000002" classname="DataJoint" name="DataJoint_basic_usage"/>
    <testcase time="0.00300000000000011" classname="DataJoint" name="DataJoint_basic_usage"/>
    <testcase time="0.00299999999999967" classname="DataJoint" name="DataJoint_basic_usage"/>
    <testcase time="0.00300000000000011" classname="DataJoint" name="DataJoint_basic_usage"/>
    <testcase time="0.00300000000000011" classname="DataJoint" name="DataJoint_basic_usage"/>
    <testcase time="0.00199999999999978" classname="DataJoint" name="DataJoint_basic_usage"/>
    <testcase time="0.00300000000000011" classname="DataJoint" name="DataJoint_basic_usage"/>
    <testcase time="0.00200000000000022" classname="DataJoint" name="DataJoint_basic_usage"/>
    <testcase time="0.00299999999999967" classname="DataJoint" name="DataJoint_basic_usage"/>
    <testcase time="0.00300000000000011" classname="DataJoint" name="DataJoint_basic_usage"/>
    <testcase time="0.00300000000000011" classname="DataJoint" name="DataJoint_basic_usage"/>
    <testcase time="0.00300000000000011" classname="DataJoint" name="DataJoint_basic_usage"/>
    <testcase time="0.00299999999999967" classname="DataJoint" name="DataJoint_basic_usage"/>
    <testcase time="0.0140000000000002" classname="DataJoint" name="DataJoint_errors_if_inconsistent_subject_IDs"/>
    <testcase time="0.00700000000000012" classname="DataJoint" name="DataJoint_errors_if_inconsistent_subject_IDs"/>
    <testcase time="0.00699999999999967" classname="DataJoint" name="DataJoint_errors_if_inconsistent_subject_IDs"/>
    <testcase time="0.00600000000000023" classname="DataJoint" name="DataJoint_errors_if_inconsistent_subject_IDs"/>
    <testcase time="0.00699999999999967" classname="DataJoint" name="DataJoint_errors_if_inconsistent_subject_IDs"/>
    <testcase time="0.00700000000000012" classname="DataJoint" name="DataJoint_errors_if_inconsistent_subject_IDs"/>
    <testcase time="0.0110000000000001" classname="DataJoint" name="DataJoint_sorts_handles_pre_factored_levels_correctly"/>
    <testcase time="0.0129999999999999" classname="DataJoint" name="DataJoint_sorts_handles_pre_factored_levels_correctly"/>
    <testcase time="0.00300000000000011" classname="DataJoint" name="DataJoint_sorts_handles_pre_factored_levels_correctly"/>
    <testcase time="0.0110000000000001" classname="DataJoint" name="DataJoint_sorts_handles_character_to_factor_levels_correctly"/>
    <testcase time="0.00699999999999967" classname="DataJoint" name="DataJoint_sorts_handles_character_to_factor_levels_correctly"/>
    <testcase time="0.00300000000000011" classname="DataJoint" name="DataJoint_sorts_handles_character_to_factor_levels_correctly"/>
    <testcase time="0.0100000000000002" classname="DataJoint" name="subset_DataJoint_works_as_expected"/>
    <testcase time="0.004" classname="DataJoint" name="subset_DataJoint_works_as_expected"/>
    <testcase time="0.00299999999999967" classname="DataJoint" name="subset_DataJoint_works_as_expected"/>
    <testcase time="0.00500000000000034" classname="DataJoint" name="subset_DataJoint_works_as_expected"/>
    <testcase time="0.00499999999999989" classname="DataJoint" name="subset_DataJoint_works_as_expected"/>
    <testcase time="0.00499999999999989" classname="DataJoint" name="subset_DataJoint_works_as_expected"/>
    <testcase time="0.0110000000000001" classname="DataJoint" name="subset_DataJoint_works_as_expected"/>
    <testcase time="0.0089999999999999" classname="DataJoint" name="Error_Handling"/>
    <testcase time="0.153" classname="DataJoint" name="DataJoint_print_method_works_as_expected">
      <skipped message="Reason: On CRAN ('test-DataJoint.R:515:5')"/>
    </testcase>
  </testsuite>
  <testsuite name="DataLongitudinal" timestamp="2024-05-01T04:08:28Z" hostname="a5ce19b4f04a" tests="11" skipped="1" failures="0" errors="0" time="0.102">
    <testcase time="0.0299999999999998" classname="DataLongitudinal" name="DataLongitudinal_being_rendered_to_list_is_as_expected_for_simple_inputs"/>
    <testcase time="0.004" classname="DataLongitudinal" name="DataLongitudinal_being_rendered_to_list_is_as_expected_for_simple_inputs"/>
    <testcase time="0.00300000000000011" classname="DataLongitudinal" name="DataLongitudinal_being_rendered_to_list_is_as_expected_for_simple_inputs"/>
    <testcase time="0.00300000000000011" classname="DataLongitudinal" name="DataLongitudinal_being_rendered_to_list_is_as_expected_for_simple_inputs"/>
    <testcase time="0.00199999999999978" classname="DataLongitudinal" name="DataLongitudinal_being_rendered_to_list_is_as_expected_for_simple_inputs"/>
    <testcase time="0.00300000000000011" classname="DataLongitudinal" name="DataLongitudinal_being_rendered_to_list_is_as_expected_for_simple_inputs"/>
    <testcase time="0.004" classname="DataLongitudinal" name="DataLongitudinal_being_rendered_to_list_is_as_expected_for_simple_inputs"/>
    <testcase time="0.00200000000000022" classname="DataLongitudinal" name="DataLongitudinal_being_rendered_to_list_is_as_expected_for_simple_inputs"/>
    <testcase time="0.00299999999999967" classname="DataLongitudinal" name="DataLongitudinal_being_rendered_to_list_is_as_expected_for_simple_inputs"/>
    <testcase time="0.00200000000000022" classname="DataLongitudinal" name="DataLongitudinal_being_rendered_to_list_is_as_expected_for_simple_inputs"/>
    <testcase time="0.0459999999999998" classname="DataLongitudinal" name="DataSurvival_print_method_works_as_expected">
      <skipped message="Reason: On CRAN ('test-DataLongitudinal.R:43:5')"/>
    </testcase>
  </testsuite>
  <testsuite name="DataSubject" timestamp="2024-05-01T04:08:28Z" hostname="a5ce19b4f04a" tests="11" skipped="1" failures="0" errors="0" time="0.111">
    <testcase time="0.04" classname="DataSubject" name="DataSubject_works_as_expected"/>
    <testcase time="0.00300000000000011" classname="DataSubject" name="DataSubject_works_as_expected"/>
    <testcase time="0.00300000000000011" classname="DataSubject" name="DataSubject_works_as_expected"/>
    <testcase time="0.004" classname="DataSubject" name="DataSubject_works_as_expected"/>
    <testcase time="0.00299999999999967" classname="DataSubject" name="DataSubject_works_as_expected"/>
    <testcase time="0.00300000000000011" classname="DataSubject" name="DataSubject_works_as_expected"/>
    <testcase time="0.00300000000000011" classname="DataSubject" name="DataSubject_works_as_expected"/>
    <testcase time="0.00300000000000011" classname="DataSubject" name="DataSubject_works_as_expected"/>
    <testcase time="0.00199999999999978" classname="DataSubject" name="DataSubject_works_as_expected"/>
    <testcase time="0.004" classname="DataSubject" name="DataSubject_works_as_expected"/>
    <testcase time="0.0430000000000001" classname="DataSubject" name="DataSubject_print_method_works_as_expected">
      <skipped message="Reason: On CRAN ('test-DataSubject.R:40:5')"/>
    </testcase>
  </testsuite>
  <testsuite name="DataSurvival" timestamp="2024-05-01T04:08:28Z" hostname="a5ce19b4f04a" tests="15" skipped="1" failures="0" errors="0" time="0.124">
    <testcase time="0.02" classname="DataSurvival" name="DataSurvival_being_rendered_to_list_is_as_expected_for_simple_inputs"/>
    <testcase time="0.00299999999999967" classname="DataSurvival" name="DataSurvival_being_rendered_to_list_is_as_expected_for_simple_inputs"/>
    <testcase time="0.00300000000000011" classname="DataSurvival" name="DataSurvival_being_rendered_to_list_is_as_expected_for_simple_inputs"/>
    <testcase time="0.00200000000000022" classname="DataSurvival" name="DataSurvival_being_rendered_to_list_is_as_expected_for_simple_inputs"/>
    <testcase time="0.00299999999999967" classname="DataSurvival" name="DataSurvival_being_rendered_to_list_is_as_expected_for_simple_inputs"/>
    <testcase time="0.00300000000000011" classname="DataSurvival" name="DataSurvival_being_rendered_to_list_is_as_expected_for_simple_inputs"/>
    <testcase time="0.00800000000000001" classname="DataSurvival" name="DataSurvival_being_rendered_to_list_is_as_expected_for_simple_inputs"/>
    <testcase time="0.00499999999999989" classname="DataSurvival" name="DataSurvival_being_rendered_to_list_is_as_expected_for_simple_inputs"/>
    <testcase time="0.004" classname="DataSurvival" name="DataSurvival_being_rendered_to_list_is_as_expected_for_simple_inputs"/>
    <testcase time="0.00200000000000022" classname="DataSurvival" name="DataSurvival_being_rendered_to_list_is_as_expected_for_simple_inputs"/>
    <testcase time="0.004" classname="DataSurvival" name="DataSurvival_being_rendered_to_list_is_as_expected_for_simple_inputs"/>
    <testcase time="0.00199999999999978" classname="DataSurvival" name="DataSurvival_being_rendered_to_list_is_as_expected_for_simple_inputs"/>
    <testcase time="0.00300000000000011" classname="DataSurvival" name="DataSurvival_being_rendered_to_list_is_as_expected_for_simple_inputs"/>
    <testcase time="0.00300000000000011" classname="DataSurvival" name="DataSurvival_being_rendered_to_list_is_as_expected_for_simple_inputs"/>
    <testcase time="0.0590000000000002" classname="DataSurvival" name="DataSurvival_print_method_works_as_expected">
      <skipped message="Reason: On CRAN ('test-DataSurvival.R:79:5')"/>
    </testcase>
  </testsuite>
  <testsuite name="Grid" timestamp="2024-05-01T04:08:28Z" hostname="a5ce19b4f04a" tests="29" skipped="0" failures="0" errors="0" time="105.42">
    <testcase time="0.0349999999999997" classname="Grid" name="Grid_objects_work_with_QuantityGenerator_and_QuantityCollapser"/>
    <testcase time="0.093" classname="Grid" name="Grid_objects_work_with_QuantityGenerator_and_QuantityCollapser"/>
    <testcase time="0.0140000000000002" classname="Grid" name="Grid_objects_work_with_QuantityGenerator_and_QuantityCollapser"/>
    <testcase time="0.0229999999999997" classname="Grid" name="Grid_objects_work_with_QuantityGenerator_and_QuantityCollapser"/>
    <testcase time="0.0100000000000002" classname="Grid" name="Grid_objects_work_with_QuantityGenerator_and_QuantityCollapser"/>
    <testcase time="0.016" classname="Grid" name="Grid_objects_work_with_QuantityGenerator_and_QuantityCollapser"/>
    <testcase time="0.00600000000000023" classname="Grid" name="Grid_objects_work_with_QuantityGenerator_and_QuantityCollapser"/>
    <testcase time="0.0129999999999999" classname="Grid" name="Grid_objects_work_with_QuantityGenerator_and_QuantityCollapser"/>
    <testcase time="0.0129999999999999" classname="Grid" name="Grid_objects_work_with_QuantityGenerator_and_QuantityCollapser"/>
    <testcase time="0.0129999999999999" classname="Grid" name="Grid_objects_work_with_QuantityGenerator_and_QuantityCollapser"/>
    <testcase time="104.383" classname="Grid" name="GridObservered_Constructs_correct_quantities"/>
    <testcase time="0.128999999999991" classname="Grid" name="GridObservered_Constructs_correct_quantities"/>
    <testcase time="0.00200000000000955" classname="Grid" name="GridObservered_Constructs_correct_quantities"/>
    <testcase time="0.000999999999990564" classname="Grid" name="GridObservered_Constructs_correct_quantities"/>
    <testcase time="0.00300000000000011" classname="Grid" name="GridObservered_Constructs_correct_quantities"/>
    <testcase time="0.00300000000000011" classname="Grid" name="GridObservered_Constructs_correct_quantities"/>
    <testcase time="0.609999999999999" classname="Grid" name="GridObservered_Constructs_correct_quantities"/>
    <testcase time="0.00200000000000955" classname="Grid" name="GridObservered_Constructs_correct_quantities"/>
    <testcase time="0.000999999999990564" classname="Grid" name="GridObservered_Constructs_correct_quantities"/>
    <testcase time="0.00300000000000011" classname="Grid" name="GridObservered_Constructs_correct_quantities"/>
    <testcase time="0.00300000000000011" classname="Grid" name="GridObservered_Constructs_correct_quantities"/>
    <testcase time="0.0120000000000005" classname="Grid" name="subjects_to_list_works_as_expected"/>
    <testcase time="0.00400000000000489" classname="Grid" name="subjects_to_list_works_as_expected"/>
    <testcase time="0.00400000000000489" classname="Grid" name="subjects_to_list_works_as_expected"/>
    <testcase time="0.007000000000005" classname="Grid" name="subjects_to_list_works_as_expected"/>
    <testcase time="0.007000000000005" classname="Grid" name="coalesceGridTime_works_as_expected"/>
    <testcase time="0.00300000000000011" classname="Grid" name="coalesceGridTime_works_as_expected"/>
    <testcase time="0.00399999999999068" classname="Grid" name="coalesceGridTime_works_as_expected"/>
    <testcase time="0.00300000000000011" classname="Grid" name="coalesceGridTime_works_as_expected"/>
  </testsuite>
  <testsuite name="JointModel" timestamp="2024-05-01T04:10:13Z" hostname="a5ce19b4f04a" tests="3" skipped="1" failures="0" errors="0" time="1.07">
    <testcase time="0.542000000000002" classname="JointModel" name="JointModel_smoke_tests"/>
    <testcase time="0.00300000000000011" classname="JointModel" name="JointModel_smoke_tests"/>
    <testcase time="0.525000000000006" classname="JointModel" name="JointModel_print_method_works_as_expected">
      <skipped message="Reason: On CRAN ('test-JointModel.R:19:5')"/>
    </testcase>
  </testsuite>
  <testsuite name="JointModelSamples" timestamp="2024-05-01T04:10:15Z" hostname="a5ce19b4f04a" tests="1" skipped="1" failures="0" errors="0" time="33.825">
    <testcase time="33.825" classname="JointModelSamples" name="print_works_as_expected_for_JointModelSamples">
      <skipped message="Reason: On CRAN ('test-JointModelSamples.R:5:5')"/>
    </testcase>
  </testsuite>
  <testsuite name="Link" timestamp="2024-05-01T04:10:48Z" hostname="a5ce19b4f04a" tests="9" skipped="1" failures="0" errors="0" time="1.106">
    <testcase time="0.0229999999999961" classname="Link" name="link_none_works_as_expected"/>
    <testcase time="0.00399999999999068" classname="Link" name="link_none_works_as_expected"/>
    <testcase time="0.671999999999997" classname="Link" name="link_none_works_as_expected"/>
    <testcase time="0.0040000000000191" classname="Link" name="link_none_works_as_expected"/>
    <testcase time="0.135999999999996" classname="Link" name="Link_works_as_expected"/>
    <testcase time="0.0289999999999964" classname="Link" name="Link_works_as_expected"/>
    <testcase time="0.191000000000003" classname="Link" name="Link_works_as_expected"/>
    <testcase time="0.0339999999999918" classname="Link" name="Link_works_as_expected"/>
    <testcase time="0.0130000000000052" classname="Link" name="Link_prints_as_expected">
      <skipped message="Reason: On CRAN ('test-Link.R:77:5')"/>
    </testcase>
  </testsuite>
  <testsuite name="LinkComponent" timestamp="2024-05-01T04:10:49Z" hostname="a5ce19b4f04a" tests="21" skipped="1" failures="0" errors="0" time="2.925">
    <testcase time="0.132000000000005" classname="LinkComponent" name="all_link_files_pass_stan_s_syntax_checker"/>
    <testcase time="0.109999999999985" classname="LinkComponent" name="all_link_files_pass_stan_s_syntax_checker"/>
    <testcase time="0.141999999999996" classname="LinkComponent" name="all_link_files_pass_stan_s_syntax_checker"/>
    <testcase time="0.106999999999999" classname="LinkComponent" name="all_link_files_pass_stan_s_syntax_checker"/>
    <testcase time="0.109000000000009" classname="LinkComponent" name="all_link_files_pass_stan_s_syntax_checker"/>
    <testcase time="0.663000000000011" classname="LinkComponent" name="complete_models_with_links_pass_stan_s_syntax_checker"/>
    <testcase time="0.936000000000007" classname="LinkComponent" name="complete_models_with_links_pass_stan_s_syntax_checker"/>
    <testcase time="0.0219999999999914" classname="LinkComponent" name="LinkComponents_are_constructed_correctly_and_can_access_key_components"/>
    <testcase time="0.0209999999999866" classname="LinkComponent" name="LinkComponents_are_constructed_correctly_and_can_access_key_components"/>
    <testcase time="0.0040000000000191" classname="LinkComponent" name="LinkComponents_are_constructed_correctly_and_can_access_key_components"/>
    <testcase time="0.149999999999977" classname="LinkComponent" name="Model_specific_links_return_the_correct_stan_code"/>
    <testcase time="0.130000000000024" classname="LinkComponent" name="Model_specific_links_return_the_correct_stan_code"/>
    <testcase time="0.123999999999995" classname="LinkComponent" name="Model_specific_links_return_the_correct_stan_code"/>
    <testcase time="0.0670000000000073" classname="LinkComponent" name="Model_specific_links_return_the_correct_stan_code"/>
    <testcase time="0.0669999999999789" classname="LinkComponent" name="Model_specific_links_return_the_correct_stan_code"/>
    <testcase time="0.0690000000000168" classname="LinkComponent" name="Model_specific_links_return_the_correct_stan_code"/>
    <testcase time="0.0139999999999816" classname="LinkComponent" name="print_works_as_expected">
      <skipped message="Reason: On CRAN ('test-LinkComponent.R:121:5')"/>
    </testcase>
    <testcase time="0.0270000000000152" classname="LinkComponent" name="PromiseLinkComponents_work_as_expected"/>
    <testcase time="0.0169999999999959" classname="LinkComponent" name="PromiseLinkComponents_work_as_expected"/>
    <testcase time="0.0029999999999859" classname="LinkComponent" name="PromiseLinkComponents_work_as_expected"/>
    <testcase time="0.0110000000000241" classname="LinkComponent" name="PromiseLinkComponents_work_as_expected"/>
  </testsuite>
  <testsuite name="LongitudinalGSF" timestamp="2024-05-01T04:10:52Z" hostname="a5ce19b4f04a" tests="15" skipped="1" failures="0" errors="0" time="229.836">
    <testcase time="0.114999999999981" classname="LongitudinalGSF" name="LongitudinalGSF_works_as_expected_with_default_arguments"/>
    <testcase time="0.00200000000000955" classname="LongitudinalGSF" name="LongitudinalGSF_works_as_expected_with_default_arguments"/>
    <testcase time="0.126000000000005" classname="LongitudinalGSF" name="Print_method_for_LongitudinalGSF_works_as_expected">
      <skipped message="Reason: On CRAN ('test-LongitudinalGSF.R:12:5')"/>
    </testcase>
    <testcase time="0.413999999999987" classname="LongitudinalGSF" name="Centralised_parameterisation_compiles_without_issues"/>
    <testcase time="0.00300000000001432" classname="LongitudinalGSF" name="Centralised_parameterisation_compiles_without_issues"/>
    <testcase time="0.0669999999999789" classname="LongitudinalGSF" name="Centralised_parameterisation_compiles_without_issues"/>
    <testcase time="0.453000000000003" classname="LongitudinalGSF" name="Non_Centralised_parameterisation_compiles_without_issues"/>
    <testcase time="0.00300000000001432" classname="LongitudinalGSF" name="Non_Centralised_parameterisation_compiles_without_issues"/>
    <testcase time="0.0679999999999836" classname="LongitudinalGSF" name="Non_Centralised_parameterisation_compiles_without_issues"/>
    <testcase time="227.792" classname="LongitudinalGSF" name="Can_recover_known_distributional_parameters_from_a_full_GSF_joint_model"/>
    <testcase time="0.00300000000004275" classname="LongitudinalGSF" name="Can_recover_known_distributional_parameters_from_a_full_GSF_joint_model"/>
    <testcase time="0.0029999999999859" classname="LongitudinalGSF" name="Can_recover_known_distributional_parameters_from_a_full_GSF_joint_model"/>
    <testcase time="0.781000000000006" classname="LongitudinalGSF" name="Can_recover_known_distributional_parameters_from_a_full_GSF_joint_model"/>
    <testcase time="0.0029999999999859" classname="LongitudinalGSF" name="Can_recover_known_distributional_parameters_from_a_full_GSF_joint_model"/>
    <testcase time="0.0029999999999859" classname="LongitudinalGSF" name="Can_recover_known_distributional_parameters_from_a_full_GSF_joint_model"/>
  </testsuite>
  <testsuite name="LongitudinalQuantiles" timestamp="2024-05-01T04:14:42Z" hostname="a5ce19b4f04a" tests="28" skipped="1" failures="0" errors="0" time="42.782">
    <testcase time="32.893" classname="LongitudinalQuantiles" name="Test_that_LongitudinalQuantities_works_as_expected"/>
    <testcase time="0.0139999999999532" classname="LongitudinalQuantiles" name="Test_that_LongitudinalQuantities_works_as_expected"/>
    <testcase time="0.0050000000000523" classname="LongitudinalQuantiles" name="Test_that_LongitudinalQuantities_works_as_expected"/>
    <testcase time="0.0029999999999859" classname="LongitudinalQuantiles" name="Test_that_LongitudinalQuantities_works_as_expected"/>
    <testcase time="1.52799999999996" classname="LongitudinalQuantiles" name="Test_that_LongitudinalQuantities_works_as_expected"/>
    <testcase time="0.00300000000004275" classname="LongitudinalQuantiles" name="Test_that_LongitudinalQuantities_works_as_expected"/>
    <testcase time="0.0029999999999859" classname="LongitudinalQuantiles" name="Test_that_LongitudinalQuantities_works_as_expected"/>
    <testcase time="0.954999999999984" classname="LongitudinalQuantiles" name="Test_that_LongitudinalQuantities_works_as_expected"/>
    <testcase time="0.0029999999999859" classname="LongitudinalQuantiles" name="Test_that_LongitudinalQuantities_works_as_expected"/>
    <testcase time="0.0040000000000191" classname="LongitudinalQuantiles" name="Test_that_LongitudinalQuantities_works_as_expected"/>
    <testcase time="1.17000000000002" classname="LongitudinalQuantiles" name="autoplot.LongitudinalQuantities_works_as_expected"/>
    <testcase time="0.0040000000000191" classname="LongitudinalQuantiles" name="autoplot.LongitudinalQuantities_works_as_expected"/>
    <testcase time="0.00199999999995271" classname="LongitudinalQuantiles" name="autoplot.LongitudinalQuantities_works_as_expected"/>
    <testcase time="0.00300000000004275" classname="LongitudinalQuantiles" name="autoplot.LongitudinalQuantities_works_as_expected"/>
    <testcase time="0.0029999999999859" classname="LongitudinalQuantiles" name="autoplot.LongitudinalQuantities_works_as_expected"/>
    <testcase time="0.00200000000000955" classname="LongitudinalQuantiles" name="autoplot.LongitudinalQuantities_works_as_expected"/>
    <testcase time="0.133999999999958" classname="LongitudinalQuantiles" name="autoplot.LongitudinalQuantities_works_as_expected"/>
    <testcase time="0.855000000000018" classname="LongitudinalQuantiles" name="autoplot.LongitudinalQuantities_works_as_expected"/>
    <testcase time="0.0040000000000191" classname="LongitudinalQuantiles" name="autoplot.LongitudinalQuantities_works_as_expected"/>
    <testcase time="0.0029999999999859" classname="LongitudinalQuantiles" name="autoplot.LongitudinalQuantities_works_as_expected"/>
    <testcase time="0.0040000000000191" classname="LongitudinalQuantiles" name="autoplot.LongitudinalQuantities_works_as_expected"/>
    <testcase time="0.0029999999999859" classname="LongitudinalQuantiles" name="autoplot.LongitudinalQuantities_works_as_expected"/>
    <testcase time="0.0029999999999859" classname="LongitudinalQuantiles" name="autoplot.LongitudinalQuantities_works_as_expected"/>
    <testcase time="0.0029999999999859" classname="LongitudinalQuantiles" name="autoplot.LongitudinalQuantities_works_as_expected"/>
    <testcase time="0.225000000000023" classname="LongitudinalQuantiles" name="autoplot.LongitudinalQuantities_works_as_expected"/>
    <testcase time="0.858000000000004" classname="LongitudinalQuantiles" name="LongitudinalQuantities_print_method_works_as_expected">
      <skipped message="Reason: On CRAN ('test-LongitudinalQuantiles.R:86:5')"/>
    </testcase>
    <testcase time="2.25099999999998" classname="LongitudinalQuantiles" name="LongitudinalQuantities_can_recover_known_results"/>
    <testcase time="1.84399999999999" classname="LongitudinalQuantiles" name="LongitudinalQuantities_correctly_subsets_patients_and_rebuilds_correct_value_for_each_sample"/>
  </testsuite>
  <testsuite name="LongitudinalRandomSlope" timestamp="2024-05-01T04:15:25Z" hostname="a5ce19b4f04a" tests="7" skipped="1" failures="0" errors="0" time="47.853">
    <testcase time="0.100999999999999" classname="LongitudinalRandomSlope" name="Print_method_for_LongitudinalRandomSlope_works_as_expected">
      <skipped message="Reason: On CRAN ('test-LongitudinalRandomSlope.R:4:5')"/>
    </testcase>
    <testcase time="30.051" classname="LongitudinalRandomSlope" name="LongitudinalRandomSlope_correctly_generates_an_intercept_per_study"/>
    <testcase time="6.27600000000001" classname="LongitudinalRandomSlope" name="Random_Slope_Model_can_recover_known_parameter_values"/>
    <testcase time="1.62599999999998" classname="LongitudinalRandomSlope" name="Random_Slope_Model_can_recover_known_parameter_values"/>
    <testcase time="8.19299999999998" classname="LongitudinalRandomSlope" name="Random_Slope_Model_left_censoring_works_as_expected"/>
    <testcase time="0.0080000000000382" classname="LongitudinalRandomSlope" name="Random_Slope_Model_left_censoring_works_as_expected"/>
    <testcase time="1.59799999999996" classname="LongitudinalRandomSlope" name="Random_Slope_Model_left_censoring_works_as_expected"/>
  </testsuite>
  <testsuite name="LongitudinalSteinFojo" timestamp="2024-05-01T04:16:13Z" hostname="a5ce19b4f04a" tests="10" skipped="1" failures="0" errors="1" time="2.619">
    <testcase time="0.105999999999995" classname="LongitudinalSteinFojo" name="LongitudinalSteinFojo_works_as_expected_with_default_arguments"/>
    <testcase time="0.00200000000000955" classname="LongitudinalSteinFojo" name="LongitudinalSteinFojo_works_as_expected_with_default_arguments"/>
    <testcase time="0.115000000000009" classname="LongitudinalSteinFojo" name="Print_method_for_LongitudinalSteinFojo_works_as_expected">
      <skipped message="Reason: On CRAN ('test-LongitudinalSteinFojo.R:12:5')"/>
    </testcase>
    <testcase time="0.364000000000033" classname="LongitudinalSteinFojo" name="Centralised_parameterisation_compiles_without_issues"/>
    <testcase time="0.0029999999999859" classname="LongitudinalSteinFojo" name="Centralised_parameterisation_compiles_without_issues"/>
    <testcase time="0.0659999999999741" classname="LongitudinalSteinFojo" name="Centralised_parameterisation_compiles_without_issues"/>
    <testcase time="0.41700000000003" classname="LongitudinalSteinFojo" name="Non_Centralised_parameterisation_compiles_without_issues"/>
    <testcase time="0.0029999999999859" classname="LongitudinalSteinFojo" name="Non_Centralised_parameterisation_compiles_without_issues"/>
    <testcase time="0.0679999999999836" classname="LongitudinalSteinFojo" name="Non_Centralised_parameterisation_compiles_without_issues"/>
    <testcase time="1.47500000000002" classname="LongitudinalSteinFojo" name="Can_recover_known_distributional_parameters_from_a_SF_joint_model">
      <error type="error" message="Error: An error occured during compilation! See the message above for more information. ('test-LongitudinalSteinFojo.R:141:9')">Error: An error occured during compilation! See the message above for more information.
Backtrace:
     x
  1. +-jmpost:::run_quietly(...) at test-LongitudinalSteinFojo.R:140:5
  2. | +-base::suppressMessages(capture.output((x &lt;- expr))) at tests/testthat/helper-setup.R:40:5
  3. | | \-base::withCallingHandlers(...)
  4. | \-utils::capture.output((x &lt;- expr))
  5. |   \-base::withVisible(...elt(i))
  6. +-jmpost::sampleStanModel(...) at test-LongitudinalSteinFojo.R:141:9
  7. \-jmpost:::sampleStanModel.JointModel(...)
  8.   +-jmpost::compileStanModel(object)
  9.   \-jmpost:::compileStanModel.JointModel(object)
 10.     +-jmpost::compileStanModel(stanObject)
 11.     \-jmpost:::compileStanModel.StanModule(stanObject)
 12.       +-base::withCallingHandlers(...)
 13.       \-cmdstanr::cmdstan_model(...)
 14.         \-CmdStanModel$new(...)
 15.           \-cmdstanr (local) initialize(...)
 16.             \-self$compile(...)</error>
    </testcase>
  </testsuite>
  <testsuite name="Parameter" timestamp="2024-05-01T04:16:15Z" hostname="a5ce19b4f04a" tests="3" skipped="1" failures="0" errors="0" time="0.075">
    <testcase time="0.0480000000000018" classname="Parameter" name="Parameters_smoke_tests"/>
    <testcase time="0.0029999999999859" classname="Parameter" name="Parameters_smoke_tests"/>
    <testcase time="0.0240000000000009" classname="Parameter" name="show_works_for_Paramneter_objects">
      <skipped message="Reason: On CRAN ('test-Parameter.R:17:5')"/>
    </testcase>
  </testsuite>
  <testsuite name="ParameterList" timestamp="2024-05-01T04:16:16Z" hostname="a5ce19b4f04a" tests="5" skipped="1" failures="0" errors="0" time="0.065">
    <testcase time="0.0219999999999914" classname="ParameterList" name="ParameterList_smoke_tests"/>
    <testcase time="0.0040000000000191" classname="ParameterList" name="ParameterList_smoke_tests"/>
    <testcase time="0.021000000000015" classname="ParameterList" name="ParameterList_smoke_tests"/>
    <testcase time="0.0029999999999859" classname="ParameterList" name="ParameterList_smoke_tests"/>
    <testcase time="0.0149999999999864" classname="ParameterList" name="show_works_for_ParameterList_objects">
      <skipped message="Reason: On CRAN ('test-ParameterList.R:53:5')"/>
    </testcase>
  </testsuite>
  <testsuite name="Prior" timestamp="2024-05-01T04:16:16Z" hostname="a5ce19b4f04a" tests="27" skipped="1" failures="0" errors="0" time="0.314">
    <testcase time="0.0230000000000246" classname="Prior" name="Priors_work_as_expected"/>
    <testcase time="0.00899999999995771" classname="Prior" name="Priors_work_as_expected"/>
    <testcase time="0.00300000000004275" classname="Prior" name="Priors_work_as_expected"/>
    <testcase time="0.00399999999996226" classname="Prior" name="Priors_work_as_expected"/>
    <testcase time="0.00900000000001455" classname="Prior" name="Priors_work_as_expected"/>
    <testcase time="0.0029999999999859" classname="Prior" name="Priors_work_as_expected"/>
    <testcase time="0.063000000000045" classname="Prior" name="Priors_work_as_expected"/>
    <testcase time="0.0559999999999832" classname="Prior" name="Priors_work_as_expected"/>
    <testcase time="0.01400000000001" classname="Prior" name="Invalid_prior_parameters_are_rejected"/>
    <testcase time="0.00899999999995771" classname="Prior" name="Invalid_prior_parameters_are_rejected"/>
    <testcase time="0.0080000000000382" classname="Prior" name="Invalid_prior_parameters_are_rejected"/>
    <testcase time="0.007000000000005" classname="Prior" name="Invalid_prior_parameters_are_rejected"/>
    <testcase time="0.00799999999998136" classname="Prior" name="Invalid_prior_parameters_are_rejected"/>
    <testcase time="0.007000000000005" classname="Prior" name="Invalid_prior_parameters_are_rejected"/>
    <testcase time="0.00799999999998136" classname="Prior" name="Invalid_prior_parameters_are_rejected"/>
    <testcase time="0.007000000000005" classname="Prior" name="Invalid_prior_parameters_are_rejected"/>
    <testcase time="0.00600000000002865" classname="Prior" name="Invalid_prior_parameters_are_rejected"/>
    <testcase time="0.007000000000005" classname="Prior" name="Invalid_prior_parameters_are_rejected"/>
    <testcase time="0.00699999999994816" classname="Prior" name="Invalid_prior_parameters_are_rejected"/>
    <testcase time="0.007000000000005" classname="Prior" name="Invalid_prior_parameters_are_rejected"/>
    <testcase time="0.00499999999999545" classname="Prior" name="Invalid_prior_parameters_are_rejected"/>
    <testcase time="0.00200000000000955" classname="Prior" name="Invalid_prior_parameters_are_rejected"/>
    <testcase time="0.00199999999995271" classname="Prior" name="Invalid_prior_parameters_are_rejected"/>
    <testcase time="0.01400000000001" classname="Prior" name="show_works_for_Prior_objects">
      <skipped message="Reason: On CRAN ('test-Prior.R:147:5')"/>
    </testcase>
    <testcase time="0.0190000000000055" classname="Prior" name="jmpost.prior_shrinkage_works_as_expected"/>
    <testcase time="0.0040000000000191" classname="Prior" name="jmpost.prior_shrinkage_works_as_expected"/>
    <testcase time="0.0029999999999859" classname="Prior" name="jmpost.prior_shrinkage_works_as_expected"/>
  </testsuite>
  <testsuite name="Quantities" timestamp="2024-05-01T04:16:16Z" hostname="a5ce19b4f04a" tests="10" skipped="1" failures="0" errors="0" time="0.105">
    <testcase time="0.0130000000000337" classname="Quantities" name="Simple_utility_functions_work_as_expected"/>
    <testcase time="0.00399999999996226" classname="Quantities" name="Simple_utility_functions_work_as_expected"/>
    <testcase time="0.0040000000000191" classname="Quantities" name="Simple_utility_functions_work_as_expected"/>
    <testcase time="0.00799999999998136" classname="Quantities" name="collapse_quantities_works_as_expected"/>
    <testcase time="0.00499999999999545" classname="Quantities" name="collapse_quantities_works_as_expected"/>
    <testcase time="0.00600000000002865" classname="Quantities" name="collapse_quantities_works_as_expected"/>
    <testcase time="0.00499999999999545" classname="Quantities" name="collapse_quantities_works_as_expected"/>
    <testcase time="0.0120000000000005" classname="Quantities" name="summary.Quantiles_works_as_expected"/>
    <testcase time="0.007000000000005" classname="Quantities" name="as.data.frame.Quantiles_works_as_expected"/>
    <testcase time="0.0409999999999968" classname="Quantities" name="Quantities_print_method_works_as_expected">
      <skipped message="Reason: On CRAN ('test-Quantities.R:140:5')"/>
    </testcase>
  </testsuite>
  <testsuite name="SimGroup" timestamp="2024-05-01T04:16:16Z" hostname="a5ce19b4f04a" tests="7" skipped="0" failures="0" errors="0" time="0.049">
    <testcase time="0.0190000000000055" classname="SimGroup" name="SimGroup_works_as_expected"/>
    <testcase time="0.0029999999999859" classname="SimGroup" name="SimGroup_works_as_expected"/>
    <testcase time="0.0029999999999859" classname="SimGroup" name="SimGroup_works_as_expected"/>
    <testcase time="0.0029999999999859" classname="SimGroup" name="SimGroup_works_as_expected"/>
    <testcase time="0.0080000000000382" classname="SimGroup" name="SimGroup_works_as_expected"/>
    <testcase time="0.007000000000005" classname="SimGroup" name="SimGroup_works_as_expected"/>
    <testcase time="0.00599999999997181" classname="SimGroup" name="SimGroup_works_as_expected"/>
  </testsuite>
  <testsuite name="SimJointData" timestamp="2024-05-01T04:16:16Z" hostname="a5ce19b4f04a" tests="10" skipped="1" failures="0" errors="0" time="0.517">
    <testcase time="0.175999999999988" classname="SimJointData" name="SimJointData_works_as_expected"/>
    <testcase time="0.00200000000000955" classname="SimJointData" name="SimJointData_works_as_expected"/>
    <testcase time="0.000999999999976353" classname="SimJointData" name="SimJointData_works_as_expected"/>
    <testcase time="0.0040000000000191" classname="SimJointData" name="SimJointData_works_as_expected"/>
    <testcase time="0.00399999999996226" classname="SimJointData" name="SimJointData_works_as_expected"/>
    <testcase time="0.0010000000000332" classname="SimJointData" name="SimJointData_works_as_expected"/>
    <testcase time="0.0029999999999859" classname="SimJointData" name="SimJointData_works_as_expected"/>
    <testcase time="0.00999999999999091" classname="SimJointData" name="SimJointData_works_as_expected"/>
    <testcase time="0.149000000000001" classname="SimJointData" name="SimJointData_leads_to_valid_DataJoint_with_almost_only_default_arguments"/>
    <testcase time="0.16700000000003" classname="SimJointData" name="print_methods_work_as_expected">
      <skipped message="Reason: On CRAN ('test-SimJointData.R:95:5')"/>
    </testcase>
  </testsuite>
  <testsuite name="SimLongitudinalGSF" timestamp="2024-05-01T04:16:17Z" hostname="a5ce19b4f04a" tests="17" skipped="1" failures="0" errors="0" time="0.084">
    <testcase time="0.0190000000000055" classname="SimLongitudinalGSF" name="SimLongitudinalGSF_works_as_expected"/>
    <testcase time="0.00999999999999091" classname="SimLongitudinalGSF" name="SimLongitudinalGSF_works_as_expected"/>
    <testcase time="0.0029999999999859" classname="SimLongitudinalGSF" name="SimLongitudinalGSF_works_as_expected"/>
    <testcase time="0.0029999999999859" classname="SimLongitudinalGSF" name="SimLongitudinalGSF_works_as_expected"/>
    <testcase time="0.0029999999999859" classname="SimLongitudinalGSF" name="SimLongitudinalGSF_works_as_expected"/>
    <testcase time="0.00300000000004275" classname="SimLongitudinalGSF" name="SimLongitudinalGSF_works_as_expected"/>
    <testcase time="0.0029999999999859" classname="SimLongitudinalGSF" name="SimLongitudinalGSF_works_as_expected"/>
    <testcase time="0.00300000000004275" classname="SimLongitudinalGSF" name="SimLongitudinalGSF_works_as_expected"/>
    <testcase time="0.00199999999995271" classname="SimLongitudinalGSF" name="SimLongitudinalGSF_works_as_expected"/>
    <testcase time="0.00300000000004275" classname="SimLongitudinalGSF" name="SimLongitudinalGSF_works_as_expected"/>
    <testcase time="0.00799999999998136" classname="SimLongitudinalGSF" name="SimLongitudinalGSF_works_as_expected"/>
    <testcase time="0.0029999999999859" classname="SimLongitudinalGSF" name="SimLongitudinalGSF_works_as_expected"/>
    <testcase time="0.00300000000004275" classname="SimLongitudinalGSF" name="SimLongitudinalGSF_works_as_expected"/>
    <testcase time="0.00199999999995271" classname="SimLongitudinalGSF" name="SimLongitudinalGSF_works_as_expected"/>
    <testcase time="0.00200000000000955" classname="SimLongitudinalGSF" name="SimLongitudinalGSF_works_as_expected"/>
    <testcase time="0.0029999999999859" classname="SimLongitudinalGSF" name="SimLongitudinalGSF_works_as_expected"/>
    <testcase time="0.0109999999999673" classname="SimLongitudinalGSF" name="print_methods_work_as_expected">
      <skipped message="Reason: On CRAN ('test-SimLongitudinalGSF.R:65:5')"/>
    </testcase>
  </testsuite>
  <testsuite name="SimLongitudinalRandomSlope" timestamp="2024-05-01T04:16:17Z" hostname="a5ce19b4f04a" tests="17" skipped="1" failures="0" errors="0" time="0.211">
    <testcase time="0.0190000000000055" classname="SimLongitudinalRandomSlope" name="SimLongitudinalRandomSlope_works_as_expected"/>
    <testcase time="0.00600000000002865" classname="SimLongitudinalRandomSlope" name="SimLongitudinalRandomSlope_works_as_expected"/>
    <testcase time="0.0029999999999859" classname="SimLongitudinalRandomSlope" name="SimLongitudinalRandomSlope_works_as_expected"/>
    <testcase time="0.0029999999999859" classname="SimLongitudinalRandomSlope" name="SimLongitudinalRandomSlope_works_as_expected"/>
    <testcase time="0.00200000000000955" classname="SimLongitudinalRandomSlope" name="SimLongitudinalRandomSlope_works_as_expected"/>
    <testcase time="0.0040000000000191" classname="SimLongitudinalRandomSlope" name="SimLongitudinalRandomSlope_works_as_expected"/>
    <testcase time="0.00200000000000955" classname="SimLongitudinalRandomSlope" name="SimLongitudinalRandomSlope_works_as_expected"/>
    <testcase time="0.0029999999999859" classname="SimLongitudinalRandomSlope" name="SimLongitudinalRandomSlope_works_as_expected"/>
    <testcase time="0.007000000000005" classname="SimLongitudinalRandomSlope" name="SimLongitudinalRandomSlope_works_as_expected"/>
    <testcase time="0.0029999999999859" classname="SimLongitudinalRandomSlope" name="SimLongitudinalRandomSlope_works_as_expected"/>
    <testcase time="0.00200000000000955" classname="SimLongitudinalRandomSlope" name="SimLongitudinalRandomSlope_works_as_expected"/>
    <testcase time="0.0029999999999859" classname="SimLongitudinalRandomSlope" name="SimLongitudinalRandomSlope_works_as_expected"/>
    <testcase time="0.0029999999999859" classname="SimLongitudinalRandomSlope" name="SimLongitudinalRandomSlope_works_as_expected"/>
    <testcase time="0.00200000000000955" classname="SimLongitudinalRandomSlope" name="SimLongitudinalRandomSlope_works_as_expected"/>
    <testcase time="0.0029999999999859" classname="SimLongitudinalRandomSlope" name="SimLongitudinalRandomSlope_works_as_expected"/>
    <testcase time="0.135000000000048" classname="SimLongitudinalRandomSlope" name="SimLongitudinalRandomSlope_correctly_generates_a_dataset_with_known_parameters"/>
    <testcase time="0.0109999999999673" classname="SimLongitudinalRandomSlope" name="print_methods_work_as_expected">
      <skipped message="Reason: On CRAN ('test-SimLongitudinalRandomSlope.R:92:5')"/>
    </testcase>
  </testsuite>
  <testsuite name="SimLongitudinalSteinFojo" timestamp="2024-05-01T04:16:17Z" hostname="a5ce19b4f04a" tests="16" skipped="1" failures="0" errors="0" time="0.091">
    <testcase time="0.0180000000000291" classname="SimLongitudinalSteinFojo" name="SimLongitudinalSteinFojo_works_as_expected"/>
    <testcase time="0.00999999999999091" classname="SimLongitudinalSteinFojo" name="SimLongitudinalSteinFojo_works_as_expected"/>
    <testcase time="0.00200000000000955" classname="SimLongitudinalSteinFojo" name="SimLongitudinalSteinFojo_works_as_expected"/>
    <testcase time="0.0029999999999859" classname="SimLongitudinalSteinFojo" name="SimLongitudinalSteinFojo_works_as_expected"/>
    <testcase time="0.0029999999999859" classname="SimLongitudinalSteinFojo" name="SimLongitudinalSteinFojo_works_as_expected"/>
    <testcase time="0.0029999999999859" classname="SimLongitudinalSteinFojo" name="SimLongitudinalSteinFojo_works_as_expected"/>
    <testcase time="0.0040000000000191" classname="SimLongitudinalSteinFojo" name="SimLongitudinalSteinFojo_works_as_expected"/>
    <testcase time="0.00200000000000955" classname="SimLongitudinalSteinFojo" name="SimLongitudinalSteinFojo_works_as_expected"/>
    <testcase time="0.0029999999999859" classname="SimLongitudinalSteinFojo" name="SimLongitudinalSteinFojo_works_as_expected"/>
    <testcase time="0.0180000000000291" classname="SimLongitudinalSteinFojo" name="SimLongitudinalSteinFojo_works_as_expected"/>
    <testcase time="0.0029999999999859" classname="SimLongitudinalSteinFojo" name="SimLongitudinalSteinFojo_works_as_expected"/>
    <testcase time="0.00200000000000955" classname="SimLongitudinalSteinFojo" name="SimLongitudinalSteinFojo_works_as_expected"/>
    <testcase time="0.0029999999999859" classname="SimLongitudinalSteinFojo" name="SimLongitudinalSteinFojo_works_as_expected"/>
    <testcase time="0.0029999999999859" classname="SimLongitudinalSteinFojo" name="SimLongitudinalSteinFojo_works_as_expected"/>
    <testcase time="0.00200000000000955" classname="SimLongitudinalSteinFojo" name="SimLongitudinalSteinFojo_works_as_expected"/>
    <testcase time="0.0120000000000005" classname="SimLongitudinalSteinFojo" name="print_methods_work_as_expected">
      <skipped message="Reason: On CRAN ('test-SimLongitudinalSteinFojo.R:62:5')"/>
    </testcase>
  </testsuite>
  <testsuite name="SimSurvival" timestamp="2024-05-01T04:16:17Z" hostname="a5ce19b4f04a" tests="5" skipped="1" failures="0" errors="0" time="2.699">
    <testcase time="0.980000000000018" classname="SimSurvival" name="SimSurvivalExponential_creates_a_dataset_with_the_correct_parameter"/>
    <testcase time="1.69900000000001" classname="SimSurvival" name="SimSurvivalWeibullPH_creates_a_dataset_with_the_correct_parameter"/>
    <testcase time="0.0029999999999859" classname="SimSurvival" name="SimSurvivalWeibullPH_creates_a_dataset_with_the_correct_parameter"/>
    <testcase time="0.0029999999999859" classname="SimSurvival" name="SimSurvivalWeibullPH_creates_a_dataset_with_the_correct_parameter"/>
    <testcase time="0.01400000000001" classname="SimSurvival" name="print_methods_work_as_expected">
      <skipped message="Reason: On CRAN ('test-SimSurvival.R:86:5')"/>
    </testcase>
  </testsuite>
  <testsuite name="StanModel" timestamp="2024-05-01T04:16:20Z" hostname="a5ce19b4f04a" tests="1" skipped="1" failures="0" errors="0" time="0.023">
    <testcase time="0.0229999999999677" classname="StanModel" name="StanModel_print_function_works_as_expected">
      <skipped message="Reason: On CRAN ('test-StanModel.R:11:5')"/>
    </testcase>
  </testsuite>
  <testsuite name="StanModule" timestamp="2024-05-01T04:16:20Z" hostname="a5ce19b4f04a" tests="53" skipped="1" failures="0" errors="0" time="0.245">
    <testcase time="0.0300000000000296" classname="StanModule" name="StanModule_print_method_works_as_expected">
      <skipped message="Reason: On CRAN ('test-StanModule.R:3:5')"/>
    </testcase>
    <testcase time="0.0190000000000055" classname="StanModule" name="StanModule_can_read_basic_stan_programs"/>
    <testcase time="0.00200000000000955" classname="StanModule" name="StanModule_can_read_basic_stan_programs"/>
    <testcase time="0.0029999999999859" classname="StanModule" name="StanModule_can_read_basic_stan_programs"/>
    <testcase time="0.0029999999999859" classname="StanModule" name="StanModule_can_read_basic_stan_programs"/>
    <testcase time="0.00200000000000955" classname="StanModule" name="StanModule_can_read_basic_stan_programs"/>
    <testcase time="0.0029999999999859" classname="StanModule" name="StanModule_can_read_basic_stan_programs"/>
    <testcase time="0.0029999999999859" classname="StanModule" name="StanModule_can_read_basic_stan_programs"/>
    <testcase time="0.0080000000000382" classname="StanModule" name="StanModule_can_handle_trailing_characters"/>
    <testcase time="0.0029999999999859" classname="StanModule" name="StanModule_can_handle_trailing_characters"/>
    <testcase time="0.0029999999999859" classname="StanModule" name="StanModule_can_handle_trailing_characters"/>
    <testcase time="0.00300000000004275" classname="StanModule" name="StanModule_can_handle_trailing_characters"/>
    <testcase time="0.00199999999995271" classname="StanModule" name="StanModule_can_handle_trailing_characters"/>
    <testcase time="0.00300000000004275" classname="StanModule" name="StanModule_can_handle_trailing_characters"/>
    <testcase time="0.00199999999995271" classname="StanModule" name="StanModule_can_handle_trailing_characters"/>
    <testcase time="0.0100000000000477" classname="StanModule" name="StanModule_works_with_in_line_code"/>
    <testcase time="0.0029999999999859" classname="StanModule" name="StanModule_works_with_in_line_code"/>
    <testcase time="0.00200000000000955" classname="StanModule" name="StanModule_works_with_in_line_code"/>
    <testcase time="0.0029999999999859" classname="StanModule" name="StanModule_works_with_in_line_code"/>
    <testcase time="0.0029999999999859" classname="StanModule" name="StanModule_works_with_in_line_code"/>
    <testcase time="0.0029999999999859" classname="StanModule" name="StanModule_works_with_in_line_code"/>
    <testcase time="0.00200000000000955" classname="StanModule" name="StanModule_works_with_in_line_code"/>
    <testcase time="0.00900000000001455" classname="StanModule" name="StanModule_throws_an_error_for_1_line_blocks"/>
    <testcase time="0.00600000000002865" classname="StanModule" name="StanModule_throws_an_error_for_1_line_blocks"/>
    <testcase time="0.00999999999999091" classname="StanModule" name="StanModule_throws_an_error_for_code_after_the_closing_bracket"/>
    <testcase time="0.00999999999999091" classname="StanModule" name="StanModule_can_load_vignette_example_code"/>
    <testcase time="0.0029999999999859" classname="StanModule" name="StanModule_can_load_vignette_example_code"/>
    <testcase time="0.0029999999999859" classname="StanModule" name="StanModule_can_load_vignette_example_code"/>
    <testcase time="0.00200000000000955" classname="StanModule" name="StanModule_can_load_vignette_example_code"/>
    <testcase time="0.0029999999999859" classname="StanModule" name="StanModule_can_load_vignette_example_code"/>
    <testcase time="0.00300000000004275" classname="StanModule" name="StanModule_can_load_vignette_example_code"/>
    <testcase time="0.0029999999999859" classname="StanModule" name="StanModule_can_load_vignette_example_code"/>
    <testcase time="0.00900000000001455" classname="StanModule" name="StanModule.merge_works_as_expected"/>
    <testcase time="0.0029999999999859" classname="StanModule" name="StanModule.merge_works_as_expected"/>
    <testcase time="0.0029999999999859" classname="StanModule" name="StanModule.merge_works_as_expected"/>
    <testcase time="0.0029999999999859" classname="StanModule" name="StanModule.merge_works_as_expected"/>
    <testcase time="0.00200000000000955" classname="StanModule" name="StanModule.merge_works_as_expected"/>
    <testcase time="0.0029999999999859" classname="StanModule" name="StanModule.merge_works_as_expected"/>
    <testcase time="0.00300000000004275" classname="StanModule" name="StanModule.merge_works_as_expected"/>
    <testcase time="0.00899999999995771" classname="StanModule" name="StanModule.merge_works_as_expected"/>
    <testcase time="0.00200000000000955" classname="StanModule" name="StanModule.merge_works_as_expected"/>
    <testcase time="0.00300000000004275" classname="StanModule" name="StanModule.merge_works_as_expected"/>
    <testcase time="0.0029999999999859" classname="StanModule" name="StanModule.merge_works_as_expected"/>
    <testcase time="0.0029999999999859" classname="StanModule" name="StanModule.merge_works_as_expected"/>
    <testcase time="0.00200000000000955" classname="StanModule" name="StanModule.merge_works_as_expected"/>
    <testcase time="0.0029999999999859" classname="StanModule" name="StanModule.merge_works_as_expected"/>
    <testcase time="0.0110000000000241" classname="StanModule" name="StanModule.merge_works_as_expected"/>
    <testcase time="0.0029999999999859" classname="StanModule" name="StanModule.merge_works_as_expected"/>
    <testcase time="0.0029999999999859" classname="StanModule" name="StanModule.merge_works_as_expected"/>
    <testcase time="0.00200000000000955" classname="StanModule" name="StanModule.merge_works_as_expected"/>
    <testcase time="0.00200000000000955" classname="StanModule" name="StanModule.merge_works_as_expected"/>
    <testcase time="0.00300000000004275" classname="StanModule" name="StanModule.merge_works_as_expected"/>
    <testcase time="0.0029999999999859" classname="StanModule" name="StanModule.merge_works_as_expected"/>
  </testsuite>
  <testsuite name="SurvivalExponential" timestamp="2024-05-01T04:16:20Z" hostname="a5ce19b4f04a" tests="2" skipped="1" failures="0" errors="0" time="27.66">
    <testcase time="27.57" classname="SurvivalExponential" name="SurvivalExponential_can_recover_true_parameter_including_covariates_"/>
    <testcase time="0.089999999999975" classname="SurvivalExponential" name="Print_method_for_SurvivalExponential_works_as_expected">
      <skipped message="Reason: On CRAN ('test-SurvivalExponential.R:62:5')"/>
    </testcase>
  </testsuite>
  <testsuite name="SurvivalLoglogistic" timestamp="2024-05-01T04:16:48Z" hostname="a5ce19b4f04a" tests="3" skipped="1" failures="0" errors="0" time="29.174">
    <testcase time="0.0790000000000077" classname="SurvivalLoglogistic" name="sim_os_loglogistic_is_consistant_with_flexsurv"/>
    <testcase time="29.0290000000001" classname="SurvivalLoglogistic" name="SurvivalLogLogistic_can_recover_known_values"/>
    <testcase time="0.0659999999999172" classname="SurvivalLoglogistic" name="Print_method_for_SurvivalLogLogistic_works_as_expected">
      <skipped message="Reason: On CRAN ('test-SurvivalLoglogistic.R:89:5')"/>
    </testcase>
  </testsuite>
  <testsuite name="SurvivalQuantities" timestamp="2024-05-01T04:17:17Z" hostname="a5ce19b4f04a" tests="39" skipped="1" failures="0" errors="0" time="13.374">
    <testcase time="0.923000000000002" classname="SurvivalQuantities" name="SurvivalQuantities_and_autoplot.SurvivalQuantities_works_as_expected"/>
    <testcase time="0.0040000000000191" classname="SurvivalQuantities" name="SurvivalQuantities_and_autoplot.SurvivalQuantities_works_as_expected"/>
    <testcase time="0.00300000000004275" classname="SurvivalQuantities" name="SurvivalQuantities_and_autoplot.SurvivalQuantities_works_as_expected"/>
    <testcase time="0.00299999999992906" classname="SurvivalQuantities" name="SurvivalQuantities_and_autoplot.SurvivalQuantities_works_as_expected"/>
    <testcase time="1.57300000000009" classname="SurvivalQuantities" name="SurvivalQuantities_and_autoplot.SurvivalQuantities_works_as_expected"/>
    <testcase time="0.00299999999992906" classname="SurvivalQuantities" name="SurvivalQuantities_and_autoplot.SurvivalQuantities_works_as_expected"/>
    <testcase time="0.00300000000004275" classname="SurvivalQuantities" name="SurvivalQuantities_and_autoplot.SurvivalQuantities_works_as_expected"/>
    <testcase time="1.13" classname="SurvivalQuantities" name="SurvivalQuantities_and_autoplot.SurvivalQuantities_works_as_expected"/>
    <testcase time="0.0040000000000191" classname="SurvivalQuantities" name="SurvivalQuantities_and_autoplot.SurvivalQuantities_works_as_expected"/>
    <testcase time="0.00299999999992906" classname="SurvivalQuantities" name="SurvivalQuantities_and_autoplot.SurvivalQuantities_works_as_expected"/>
    <testcase time="3.47000000000003" classname="SurvivalQuantities" name="SurvivalQuantities_and_autoplot.SurvivalQuantities_works_as_expected"/>
    <testcase time="0.0040000000000191" classname="SurvivalQuantities" name="SurvivalQuantities_and_autoplot.SurvivalQuantities_works_as_expected"/>
    <testcase time="0.00300000000004275" classname="SurvivalQuantities" name="SurvivalQuantities_and_autoplot.SurvivalQuantities_works_as_expected"/>
    <testcase time="1.0619999999999" classname="SurvivalQuantities" name="autoplot.SurvivalSamples_works_as_expected"/>
    <testcase time="0.00300000000004275" classname="SurvivalQuantities" name="autoplot.SurvivalSamples_works_as_expected"/>
    <testcase time="0.0040000000000191" classname="SurvivalQuantities" name="autoplot.SurvivalSamples_works_as_expected"/>
    <testcase time="0.00300000000004275" classname="SurvivalQuantities" name="autoplot.SurvivalSamples_works_as_expected"/>
    <testcase time="0.00299999999992906" classname="SurvivalQuantities" name="autoplot.SurvivalSamples_works_as_expected"/>
    <testcase time="0.923000000000002" classname="SurvivalQuantities" name="autoplot.SurvivalSamples_works_as_expected"/>
    <testcase time="0.00300000000004275" classname="SurvivalQuantities" name="autoplot.SurvivalSamples_works_as_expected"/>
    <testcase time="0.0040000000000191" classname="SurvivalQuantities" name="autoplot.SurvivalSamples_works_as_expected"/>
    <testcase time="0.00299999999992906" classname="SurvivalQuantities" name="autoplot.SurvivalSamples_works_as_expected"/>
    <testcase time="0.00300000000004275" classname="SurvivalQuantities" name="autoplot.SurvivalSamples_works_as_expected"/>
    <testcase time="0.00299999999992906" classname="SurvivalQuantities" name="autoplot.SurvivalSamples_works_as_expected"/>
    <testcase time="1.14200000000005" classname="SurvivalQuantities" name="autoplot.SurvivalSamples_works_as_expected"/>
    <testcase time="0.0040000000000191" classname="SurvivalQuantities" name="autoplot.SurvivalSamples_works_as_expected"/>
    <testcase time="0.00299999999992906" classname="SurvivalQuantities" name="autoplot.SurvivalSamples_works_as_expected"/>
    <testcase time="0.00300000000004275" classname="SurvivalQuantities" name="autoplot.SurvivalSamples_works_as_expected"/>
    <testcase time="0.00300000000004275" classname="SurvivalQuantities" name="autoplot.SurvivalSamples_works_as_expected"/>
    <testcase time="0.00299999999992906" classname="SurvivalQuantities" name="autoplot.SurvivalSamples_works_as_expected"/>
    <testcase time="0.00300000000004275" classname="SurvivalQuantities" name="autoplot.SurvivalSamples_works_as_expected"/>
    <testcase time="1.15700000000004" classname="SurvivalQuantities" name="SurvivalQuantities_print_method_works_as_expected">
      <skipped message="Reason: On CRAN ('test-SurvivalQuantities.R:140:5')"/>
    </testcase>
    <testcase time="0.0889999999999418" classname="SurvivalQuantities" name="SurvivalQuantities_works_with_time_0"/>
    <testcase time="0.909999999999968" classname="SurvivalQuantities" name="SurvivalQuantities_works_with_time_0"/>
    <testcase time="0.00300000000004275" classname="SurvivalQuantities" name="SurvivalQuantities_works_with_time_0"/>
    <testcase time="0.00300000000004275" classname="SurvivalQuantities" name="SurvivalQuantities_works_with_time_0"/>
    <testcase time="0.903999999999996" classname="SurvivalQuantities" name="SurvivalQuantities_works_with_time_0"/>
    <testcase time="0.00299999999992906" classname="SurvivalQuantities" name="SurvivalQuantities_works_with_time_0"/>
    <testcase time="0.0040000000000191" classname="SurvivalQuantities" name="SurvivalQuantities_works_with_time_0"/>
  </testsuite>
  <testsuite name="SurvivalWeibullPH" timestamp="2024-05-01T04:17:30Z" hostname="a5ce19b4f04a" tests="2" skipped="1" failures="0" errors="0" time="28.949">
    <testcase time="0.08299999999997" classname="SurvivalWeibullPH" name="Print_method_for_SurvivalWeibullPH_works_as_expected">
      <skipped message="Reason: On CRAN ('test-SurvivalWeibullPH.R:4:5')"/>
    </testcase>
    <testcase time="28.8660000000001" classname="SurvivalWeibullPH" name="SurvivalWeibullPH_can_recover_known_values"/>
  </testsuite>
  <testsuite name="brierScore" timestamp="2024-05-01T04:17:59Z" hostname="a5ce19b4f04a" tests="5" skipped="0" failures="0" errors="0" time="1.877">
    <testcase time="1.74899999999991" classname="brierScore" name="brierScore_SurvivalQuantities_returns_same_results_as_survreg"/>
    <testcase time="0.00700000000006185" classname="brierScore" name="brier_score_weight_matrix_is_correctly_calculated"/>
    <testcase time="0.00499999999999545" classname="brierScore" name="bs_get_squared_dist_works_as_expected"/>
    <testcase time="0.102999999999952" classname="brierScore" name="reverse_km_event_first_and_reverse_km_cen_first_work_as_expected"/>
    <testcase time="0.0130000000000337" classname="brierScore" name="reverse_km_event_first_and_reverse_km_cen_first_work_as_expected"/>
  </testsuite>
  <testsuite name="compile" timestamp="2024-05-01T04:18:01Z" hostname="a5ce19b4f04a" tests="1" skipped="0" failures="0" errors="0" time="13.83">
    <testcase time="13.83" classname="compile" name="compileStanModel_doesn_t_error_if_the_directory_doesn_t_exist"/>
  </testsuite>
  <testsuite name="extract_quantities" timestamp="2024-05-01T04:18:15Z" hostname="a5ce19b4f04a" tests="5" skipped="0" failures="0" errors="0" time="14.841">
    <testcase time="14.818" classname="extract_quantities" name="extract_quantities_works_as_expected"/>
    <testcase time="0.0109999999999673" classname="extract_quantities" name="extract_quantities_works_as_expected"/>
    <testcase time="0.0040000000000191" classname="extract_quantities" name="extract_quantities_works_as_expected"/>
    <testcase time="0.0040000000000191" classname="extract_quantities" name="extract_quantities_works_as_expected"/>
    <testcase time="0.0040000000000191" classname="extract_quantities" name="extract_quantities_works_as_expected"/>
  </testsuite>
  <testsuite name="initialValues" timestamp="2024-05-01T04:18:30Z" hostname="a5ce19b4f04a" tests="414" skipped="0" failures="0" errors="0" time="2.043">
    <testcase time="0.564999999999941" classname="initialValues" name="initialValues_works_as_expected"/>
    <testcase time="0.00300000000004275" classname="initialValues" name="initialValues_works_as_expected"/>
    <testcase time="0.00299999999992906" classname="initialValues" name="initialValues_works_as_expected"/>
    <testcase time="0.00200000000006639" classname="initialValues" name="initialValues_works_as_expected"/>
    <testcase time="0.0040000000000191" classname="initialValues" name="initialValues_works_as_expected"/>
    <testcase time="0.00599999999997181" classname="initialValues" name="ensure_initial_values_works_as_expected"/>
    <testcase time="0.000999999999976353" classname="initialValues" name="ensure_initial_values_works_as_expected"/>
    <testcase time="0.000999999999976353" classname="initialValues" name="ensure_initial_values_works_as_expected"/>
    <testcase time="0.000999999999976353" classname="initialValues" name="ensure_initial_values_works_as_expected"/>
    <testcase time="0.00100000000009004" classname="initialValues" name="ensure_initial_values_works_as_expected"/>
    <testcase time="0.000999999999976353" classname="initialValues" name="ensure_initial_values_works_as_expected"/>
    <testcase time="0.00299999999992906" classname="initialValues" name="ensure_initial_values_works_as_expected"/>
    <testcase time="0.00300000000004275" classname="initialValues" name="ensure_initial_values_works_as_expected"/>
    <testcase time="0.00200000000006639" classname="initialValues" name="ensure_initial_values_works_as_expected"/>
    <testcase time="0.118999999999915" classname="initialValues" name="intial_values_for_fixed_distributions_gives_valid_values"/>
    <testcase time="0.00300000000004275" classname="initialValues" name="intial_values_for_fixed_distributions_gives_valid_values"/>
    <testcase time="0.00199999999995271" classname="initialValues" name="intial_values_for_fixed_distributions_gives_valid_values"/>
    <testcase time="0.00300000000004275" classname="initialValues" name="intial_values_for_fixed_distributions_gives_valid_values"/>
    <testcase time="0.00300000000004275" classname="initialValues" name="intial_values_for_fixed_distributions_gives_valid_values"/>
    <testcase time="0.00199999999995271" classname="initialValues" name="intial_values_for_fixed_distributions_gives_valid_values"/>
    <testcase time="0.00300000000004275" classname="initialValues" name="intial_values_for_fixed_distributions_gives_valid_values"/>
    <testcase time="0.00199999999995271" classname="initialValues" name="intial_values_for_fixed_distributions_gives_valid_values"/>
    <testcase time="0.00300000000004275" classname="initialValues" name="intial_values_for_fixed_distributions_gives_valid_values"/>
    <testcase time="0.00299999999992906" classname="initialValues" name="intial_values_for_fixed_distributions_gives_valid_values"/>
    <testcase time="0.00200000000006639" classname="initialValues" name="intial_values_for_fixed_distributions_gives_valid_values"/>
    <testcase time="0.00299999999992906" classname="initialValues" name="intial_values_for_fixed_distributions_gives_valid_values"/>
    <testcase time="0.00300000000004275" classname="initialValues" name="intial_values_for_fixed_distributions_gives_valid_values"/>
    <testcase time="0.00199999999995271" classname="initialValues" name="intial_values_for_fixed_distributions_gives_valid_values"/>
    <testcase time="0.00300000000004275" classname="initialValues" name="intial_values_for_fixed_distributions_gives_valid_values"/>
    <testcase time="0.00300000000004275" classname="initialValues" name="intial_values_for_fixed_distributions_gives_valid_values"/>
    <testcase time="0.00199999999995271" classname="initialValues" name="intial_values_for_fixed_distributions_gives_valid_values"/>
    <testcase time="0.00300000000004275" classname="initialValues" name="intial_values_for_fixed_distributions_gives_valid_values"/>
    <testcase time="0.00299999999992906" classname="initialValues" name="intial_values_for_fixed_distributions_gives_valid_values"/>
    <testcase time="0.00200000000006639" classname="initialValues" name="intial_values_for_fixed_distributions_gives_valid_values"/>
    <testcase time="0.00299999999992906" classname="initialValues" name="intial_values_for_fixed_distributions_gives_valid_values"/>
    <testcase time="0.00300000000004275" classname="initialValues" name="intial_values_for_fixed_distributions_gives_valid_values"/>
    <testcase time="0.00199999999995271" classname="initialValues" name="intial_values_for_fixed_distributions_gives_valid_values"/>
    <testcase time="0.00300000000004275" classname="initialValues" name="intial_values_for_fixed_distributions_gives_valid_values"/>
    <testcase time="0.00300000000004275" classname="initialValues" name="intial_values_for_fixed_distributions_gives_valid_values"/>
    <testcase time="0.00199999999995271" classname="initialValues" name="intial_values_for_fixed_distributions_gives_valid_values"/>
    <testcase time="0.00300000000004275" classname="initialValues" name="intial_values_for_fixed_distributions_gives_valid_values"/>
    <testcase time="0.00299999999992906" classname="initialValues" name="intial_values_for_fixed_distributions_gives_valid_values"/>
    <testcase time="0.00200000000006639" classname="initialValues" name="intial_values_for_fixed_distributions_gives_valid_values"/>
    <testcase time="0.0119999999999436" classname="initialValues" name="intial_values_for_fixed_distributions_gives_valid_values"/>
    <testcase time="0.00300000000004275" classname="initialValues" name="intial_values_for_fixed_distributions_gives_valid_values"/>
    <testcase time="0.00199999999995271" classname="initialValues" name="intial_values_for_fixed_distributions_gives_valid_values"/>
    <testcase time="0.00300000000004275" classname="initialValues" name="intial_values_for_fixed_distributions_gives_valid_values"/>
    <testcase time="0.00299999999992906" classname="initialValues" name="intial_values_for_fixed_distributions_gives_valid_values"/>
    <testcase time="0.00200000000006639" classname="initialValues" name="intial_values_for_fixed_distributions_gives_valid_values"/>
    <testcase time="0.00199999999995271" classname="initialValues" name="intial_values_for_fixed_distributions_gives_valid_values"/>
    <testcase time="0.00300000000004275" classname="initialValues" name="intial_values_for_fixed_distributions_gives_valid_values"/>
    <testcase time="0.00300000000004275" classname="initialValues" name="intial_values_for_fixed_distributions_gives_valid_values"/>
    <testcase time="0.00199999999995271" classname="initialValues" name="intial_values_for_fixed_distributions_gives_valid_values"/>
    <testcase time="0.00300000000004275" classname="initialValues" name="intial_values_for_fixed_distributions_gives_valid_values"/>
    <testcase time="0.00299999999992906" classname="initialValues" name="intial_values_for_fixed_distributions_gives_valid_values"/>
    <testcase time="0.00200000000006639" classname="initialValues" name="intial_values_for_fixed_distributions_gives_valid_values"/>
    <testcase time="0.00299999999992906" classname="initialValues" name="intial_values_for_fixed_distributions_gives_valid_values"/>
    <testcase time="0.00300000000004275" classname="initialValues" name="intial_values_for_fixed_distributions_gives_valid_values"/>
    <testcase time="0.00199999999995271" classname="initialValues" name="intial_values_for_fixed_distributions_gives_valid_values"/>
    <testcase time="0.00300000000004275" classname="initialValues" name="intial_values_for_fixed_distributions_gives_valid_values"/>
    <testcase time="0.00300000000004275" classname="initialValues" name="intial_values_for_fixed_distributions_gives_valid_values"/>
    <testcase time="0.00199999999995271" classname="initialValues" name="intial_values_for_fixed_distributions_gives_valid_values"/>
    <testcase time="0.00300000000004275" classname="initialValues" name="intial_values_for_fixed_distributions_gives_valid_values"/>
    <testcase time="0.00299999999992906" classname="initialValues" name="intial_values_for_fixed_distributions_gives_valid_values"/>
    <testcase time="0.00300000000004275" classname="initialValues" name="intial_values_for_fixed_distributions_gives_valid_values"/>
    <testcase time="0.00199999999995271" classname="initialValues" name="intial_values_for_fixed_distributions_gives_valid_values"/>
    <testcase time="0.00300000000004275" classname="initialValues" name="intial_values_for_fixed_distributions_gives_valid_values"/>
    <testcase time="0.00300000000004275" classname="initialValues" name="intial_values_for_fixed_distributions_gives_valid_values"/>
    <testcase time="0.00199999999995271" classname="initialValues" name="intial_values_for_fixed_distributions_gives_valid_values"/>
    <testcase time="0.00300000000004275" classname="initialValues" name="intial_values_for_fixed_distributions_gives_valid_values"/>
    <testcase time="0.00299999999992906" classname="initialValues" name="intial_values_for_fixed_distributions_gives_valid_values"/>
    <testcase time="0.00300000000004275" classname="initialValues" name="intial_values_for_fixed_distributions_gives_valid_values"/>
    <testcase time="0.00199999999995271" classname="initialValues" name="intial_values_for_fixed_distributions_gives_valid_values"/>
    <testcase time="0.00300000000004275" classname="initialValues" name="intial_values_for_fixed_distributions_gives_valid_values"/>
    <testcase time="0.00300000000004275" classname="initialValues" name="intial_values_for_fixed_distributions_gives_valid_values"/>
    <testcase time="0.00199999999995271" classname="initialValues" name="intial_values_for_fixed_distributions_gives_valid_values"/>
    <testcase time="0.00200000000006639" classname="initialValues" name="intial_values_for_fixed_distributions_gives_valid_values"/>
    <testcase time="0.00299999999992906" classname="initialValues" name="intial_values_for_fixed_distributions_gives_valid_values"/>
    <testcase time="0.00300000000004275" classname="initialValues" name="intial_values_for_fixed_distributions_gives_valid_values"/>
    <testcase time="0.00199999999995271" classname="initialValues" name="intial_values_for_fixed_distributions_gives_valid_values"/>
    <testcase time="0.00300000000004275" classname="initialValues" name="intial_values_for_fixed_distributions_gives_valid_values"/>
    <testcase time="0.00300000000004275" classname="initialValues" name="intial_values_for_fixed_distributions_gives_valid_values"/>
    <testcase time="0.00299999999992906" classname="initialValues" name="intial_values_for_fixed_distributions_gives_valid_values"/>
    <testcase time="0.00300000000004275" classname="initialValues" name="intial_values_for_fixed_distributions_gives_valid_values"/>
    <testcase time="0.00199999999995271" classname="initialValues" name="intial_values_for_fixed_distributions_gives_valid_values"/>
    <testcase time="0.00300000000004275" classname="initialValues" name="intial_values_for_fixed_distributions_gives_valid_values"/>
    <testcase time="0.00299999999992906" classname="initialValues" name="intial_values_for_fixed_distributions_gives_valid_values"/>
    <testcase time="0.00300000000004275" classname="initialValues" name="intial_values_for_fixed_distributions_gives_valid_values"/>
    <testcase time="0.00200000000006639" classname="initialValues" name="intial_values_for_fixed_distributions_gives_valid_values"/>
    <testcase time="0.00299999999992906" classname="initialValues" name="intial_values_for_fixed_distributions_gives_valid_values"/>
    <testcase time="0.00300000000004275" classname="initialValues" name="intial_values_for_fixed_distributions_gives_valid_values"/>
    <testcase time="0.00299999999992906" classname="initialValues" name="intial_values_for_fixed_distributions_gives_valid_values"/>
    <testcase time="0.00300000000004275" classname="initialValues" name="intial_values_for_fixed_distributions_gives_valid_values"/>
    <testcase time="0.00199999999995271" classname="initialValues" name="intial_values_for_fixed_distributions_gives_valid_values"/>
    <testcase time="0.00300000000004275" classname="initialValues" name="intial_values_for_fixed_distributions_gives_valid_values"/>
    <testcase time="0.00300000000004275" classname="initialValues" name="intial_values_for_fixed_distributions_gives_valid_values"/>
    <testcase time="0.00299999999992906" classname="initialValues" name="intial_values_for_fixed_distributions_gives_valid_values"/>
    <testcase time="0.00300000000004275" classname="initialValues" name="intial_values_for_fixed_distributions_gives_valid_values"/>
    <testcase time="0.00300000000004275" classname="initialValues" name="intial_values_for_fixed_distributions_gives_valid_values"/>
    <testcase time="0.00299999999992906" classname="initialValues" name="intial_values_for_fixed_distributions_gives_valid_values"/>
    <testcase time="0.00300000000004275" classname="initialValues" name="intial_values_for_fixed_distributions_gives_valid_values"/>
    <testcase time="0.00199999999995271" classname="initialValues" name="intial_values_for_fixed_distributions_gives_valid_values"/>
    <testcase time="0.00300000000004275" classname="initialValues" name="intial_values_for_fixed_distributions_gives_valid_values"/>
    <testcase time="0.00299999999992906" classname="initialValues" name="intial_values_for_fixed_distributions_gives_valid_values"/>
    <testcase time="0.00300000000004275" classname="initialValues" name="intial_values_for_fixed_distributions_gives_valid_values"/>
    <testcase time="0.00300000000004275" classname="initialValues" name="intial_values_for_fixed_distributions_gives_valid_values"/>
    <testcase time="0.00299999999992906" classname="initialValues" name="intial_values_for_fixed_distributions_gives_valid_values"/>
    <testcase time="0.00300000000004275" classname="initialValues" name="intial_values_for_fixed_distributions_gives_valid_values"/>
    <testcase time="0.00300000000004275" classname="initialValues" name="intial_values_for_fixed_distributions_gives_valid_values"/>
    <testcase time="0.00199999999995271" classname="initialValues" name="intial_values_for_fixed_distributions_gives_valid_values"/>
    <testcase time="0.00200000000006639" classname="initialValues" name="intial_values_for_fixed_distributions_gives_valid_values"/>
    <testcase time="0.00299999999992906" classname="initialValues" name="intial_values_for_fixed_distributions_gives_valid_values"/>
    <testcase time="0.00300000000004275" classname="initialValues" name="intial_values_for_fixed_distributions_gives_valid_values"/>
    <testcase time="0.00300000000004275" classname="initialValues" name="intial_values_for_fixed_distributions_gives_valid_values"/>
    <testcase time="0.00299999999992906" classname="initialValues" name="intial_values_for_fixed_distributions_gives_valid_values"/>
    <testcase time="0.00300000000004275" classname="initialValues" name="intial_values_for_fixed_distributions_gives_valid_values"/>
    <testcase time="0.00299999999992906" classname="initialValues" name="intial_values_for_fixed_distributions_gives_valid_values"/>
    <testcase time="0.00300000000004275" classname="initialValues" name="intial_values_for_fixed_distributions_gives_valid_values"/>
    <testcase time="0.00300000000004275" classname="initialValues" name="intial_values_for_fixed_distributions_gives_valid_values"/>
    <testcase time="0.00199999999995271" classname="initialValues" name="intial_values_for_fixed_distributions_gives_valid_values"/>
    <testcase time="0.00300000000004275" classname="initialValues" name="intial_values_for_fixed_distributions_gives_valid_values"/>
    <testcase time="0.00299999999992906" classname="initialValues" name="intial_values_for_fixed_distributions_gives_valid_values"/>
    <testcase time="0.00300000000004275" classname="initialValues" name="intial_values_for_fixed_distributions_gives_valid_values"/>
    <testcase time="0.00300000000004275" classname="initialValues" name="intial_values_for_fixed_distributions_gives_valid_values"/>
    <testcase time="0.00299999999992906" classname="initialValues" name="intial_values_for_fixed_distributions_gives_valid_values"/>
    <testcase time="0.00300000000004275" classname="initialValues" name="intial_values_for_fixed_distributions_gives_valid_values"/>
    <testcase time="0.00299999999992906" classname="initialValues" name="intial_values_for_fixed_distributions_gives_valid_values"/>
    <testcase time="0.00300000000004275" classname="initialValues" name="intial_values_for_fixed_distributions_gives_valid_values"/>
    <testcase time="0.00300000000004275" classname="initialValues" name="intial_values_for_fixed_distributions_gives_valid_values"/>
    <testcase time="0.00299999999992906" classname="initialValues" name="intial_values_for_fixed_distributions_gives_valid_values"/>
    <testcase time="0.00300000000004275" classname="initialValues" name="intial_values_for_fixed_distributions_gives_valid_values"/>
    <testcase time="0.00300000000004275" classname="initialValues" name="intial_values_for_fixed_distributions_gives_valid_values"/>
    <testcase time="0.00299999999992906" classname="initialValues" name="intial_values_for_fixed_distributions_gives_valid_values"/>
    <testcase time="0.00300000000004275" classname="initialValues" name="intial_values_for_fixed_distributions_gives_valid_values"/>
    <testcase time="0.00299999999992906" classname="initialValues" name="intial_values_for_fixed_distributions_gives_valid_values"/>
    <testcase time="0.00300000000004275" classname="initialValues" name="intial_values_for_fixed_distributions_gives_valid_values"/>
    <testcase time="0.00300000000004275" classname="initialValues" name="intial_values_for_fixed_distributions_gives_valid_values"/>
    <testcase time="0.00299999999992906" classname="initialValues" name="intial_values_for_fixed_distributions_gives_valid_values"/>
    <testcase time="0.00300000000004275" classname="initialValues" name="intial_values_for_fixed_distributions_gives_valid_values"/>
    <testcase time="0.00300000000004275" classname="initialValues" name="intial_values_for_fixed_distributions_gives_valid_values"/>
    <testcase time="0.00299999999992906" classname="initialValues" name="intial_values_for_fixed_distributions_gives_valid_values"/>
    <testcase time="0.00300000000004275" classname="initialValues" name="intial_values_for_fixed_distributions_gives_valid_values"/>
    <testcase time="0.00299999999992906" classname="initialValues" name="intial_values_for_fixed_distributions_gives_valid_values"/>
    <testcase time="0.00300000000004275" classname="initialValues" name="intial_values_for_fixed_distributions_gives_valid_values"/>
    <testcase time="0.00300000000004275" classname="initialValues" name="intial_values_for_fixed_distributions_gives_valid_values"/>
    <testcase time="0.00299999999992906" classname="initialValues" name="intial_values_for_fixed_distributions_gives_valid_values"/>
    <testcase time="0.00300000000004275" classname="initialValues" name="intial_values_for_fixed_distributions_gives_valid_values"/>
    <testcase time="0.00300000000004275" classname="initialValues" name="intial_values_for_fixed_distributions_gives_valid_values"/>
    <testcase time="0.00299999999992906" classname="initialValues" name="intial_values_for_fixed_distributions_gives_valid_values"/>
    <testcase time="0.00300000000004275" classname="initialValues" name="intial_values_for_fixed_distributions_gives_valid_values"/>
    <testcase time="0.00299999999992906" classname="initialValues" name="intial_values_for_fixed_distributions_gives_valid_values"/>
    <testcase time="0.00300000000004275" classname="initialValues" name="intial_values_for_fixed_distributions_gives_valid_values"/>
    <testcase time="0.00300000000004275" classname="initialValues" name="intial_values_for_fixed_distributions_gives_valid_values"/>
    <testcase time="0.00399999999990541" classname="initialValues" name="intial_values_for_fixed_distributions_gives_valid_values"/>
[...]
    <testcase time="0.0040000000000191" classname="initialValues" name="intial_values_for_fixed_distributions_gives_valid_values"/>
    <testcase time="0.00300000000004275" classname="initialValues" name="intial_values_for_fixed_distributions_gives_valid_values"/>
    <testcase time="0.0040000000000191" classname="initialValues" name="intial_values_for_fixed_distributions_gives_valid_values"/>
    <testcase time="0.0040000000000191" classname="initialValues" name="intial_values_for_fixed_distributions_gives_valid_values"/>
    <testcase time="0.00299999999992906" classname="initialValues" name="intial_values_for_fixed_distributions_gives_valid_values"/>
    <testcase time="0.0040000000000191" classname="initialValues" name="intial_values_for_fixed_distributions_gives_valid_values"/>
    <testcase time="0.00300000000004275" classname="initialValues" name="intial_values_for_fixed_distributions_gives_valid_values"/>
    <testcase time="0.0040000000000191" classname="initialValues" name="intial_values_for_fixed_distributions_gives_valid_values"/>
    <testcase time="0.00299999999992906" classname="initialValues" name="intial_values_for_fixed_distributions_gives_valid_values"/>
    <testcase time="0.00300000000004275" classname="initialValues" name="intial_values_for_fixed_distributions_gives_valid_values"/>
    <testcase time="0.0119999999999436" classname="initialValues" name="intial_values_for_fixed_distributions_gives_valid_values"/>
    <testcase time="0.0040000000000191" classname="initialValues" name="intial_values_for_fixed_distributions_gives_valid_values"/>
    <testcase time="0.00300000000004275" classname="initialValues" name="intial_values_for_fixed_distributions_gives_valid_values"/>
    <testcase time="0.0040000000000191" classname="initialValues" name="intial_values_for_fixed_distributions_gives_valid_values"/>
    <testcase time="0.0040000000000191" classname="initialValues" name="intial_values_for_fixed_distributions_gives_valid_values"/>
    <testcase time="0.00299999999992906" classname="initialValues" name="intial_values_for_fixed_distributions_gives_valid_values"/>
    <testcase time="0.0040000000000191" classname="initialValues" name="intial_values_for_fixed_distributions_gives_valid_values"/>
    <testcase time="0.00300000000004275" classname="initialValues" name="intial_values_for_fixed_distributions_gives_valid_values"/>
    <testcase time="0.0040000000000191" classname="initialValues" name="intial_values_for_fixed_distributions_gives_valid_values"/>
    <testcase time="0.00399999999990541" classname="initialValues" name="intial_values_for_fixed_distributions_gives_valid_values"/>
    <testcase time="0.00300000000004275" classname="initialValues" name="intial_values_for_fixed_distributions_gives_valid_values"/>
    <testcase time="0.0040000000000191" classname="initialValues" name="intial_values_for_fixed_distributions_gives_valid_values"/>
    <testcase time="0.0040000000000191" classname="initialValues" name="intial_values_for_fixed_distributions_gives_valid_values"/>
    <testcase time="0.00299999999992906" classname="initialValues" name="intial_values_for_fixed_distributions_gives_valid_values"/>
    <testcase time="0.0040000000000191" classname="initialValues" name="intial_values_for_fixed_distributions_gives_valid_values"/>
    <testcase time="0.0040000000000191" classname="initialValues" name="intial_values_for_fixed_distributions_gives_valid_values"/>
    <testcase time="0.00300000000004275" classname="initialValues" name="intial_values_for_fixed_distributions_gives_valid_values"/>
    <testcase time="0.00399999999990541" classname="initialValues" name="intial_values_for_fixed_distributions_gives_valid_values"/>
    <testcase time="0.00300000000004275" classname="initialValues" name="intial_values_for_fixed_distributions_gives_valid_values"/>
    <testcase time="0.0040000000000191" classname="initialValues" name="intial_values_for_fixed_distributions_gives_valid_values"/>
    <testcase time="0.0040000000000191" classname="initialValues" name="intial_values_for_fixed_distributions_gives_valid_values"/>
    <testcase time="0.00299999999992906" classname="initialValues" name="intial_values_for_fixed_distributions_gives_valid_values"/>
    <testcase time="0.0040000000000191" classname="initialValues" name="intial_values_for_fixed_distributions_gives_valid_values"/>
    <testcase time="0.0040000000000191" classname="initialValues" name="intial_values_for_fixed_distributions_gives_valid_values"/>
    <testcase time="0.00300000000004275" classname="initialValues" name="intial_values_for_fixed_distributions_gives_valid_values"/>
    <testcase time="0.00399999999990541" classname="initialValues" name="intial_values_for_fixed_distributions_gives_valid_values"/>
    <testcase time="0.0040000000000191" classname="initialValues" name="intial_values_for_fixed_distributions_gives_valid_values"/>
    <testcase time="0.00300000000004275" classname="initialValues" name="intial_values_for_fixed_distributions_gives_valid_values"/>
    <testcase time="0.00300000000004275" classname="initialValues" name="intial_values_for_fixed_distributions_gives_valid_values"/>
    <testcase time="0.0040000000000191" classname="initialValues" name="intial_values_for_fixed_distributions_gives_valid_values"/>
    <testcase time="0.00399999999990541" classname="initialValues" name="intial_values_for_fixed_distributions_gives_valid_values"/>
    <testcase time="0.00300000000004275" classname="initialValues" name="intial_values_for_fixed_distributions_gives_valid_values"/>
    <testcase time="0.0040000000000191" classname="initialValues" name="intial_values_for_fixed_distributions_gives_valid_values"/>
    <testcase time="0.0040000000000191" classname="initialValues" name="intial_values_for_fixed_distributions_gives_valid_values"/>
    <testcase time="0.00399999999990541" classname="initialValues" name="intial_values_for_fixed_distributions_gives_valid_values"/>
    <testcase time="0.00300000000004275" classname="initialValues" name="intial_values_for_fixed_distributions_gives_valid_values"/>
    <testcase time="0.0040000000000191" classname="initialValues" name="intial_values_for_fixed_distributions_gives_valid_values"/>
    <testcase time="0.0040000000000191" classname="initialValues" name="intial_values_for_fixed_distributions_gives_valid_values"/>
    <testcase time="0.0040000000000191" classname="initialValues" name="intial_values_for_fixed_distributions_gives_valid_values"/>
    <testcase time="0.00299999999992906" classname="initialValues" name="intial_values_for_fixed_distributions_gives_valid_values"/>
    <testcase time="0.0040000000000191" classname="initialValues" name="intial_values_for_fixed_distributions_gives_valid_values"/>
    <testcase time="0.0040000000000191" classname="initialValues" name="intial_values_for_fixed_distributions_gives_valid_values"/>
    <testcase time="0.0040000000000191" classname="initialValues" name="intial_values_for_fixed_distributions_gives_valid_values"/>
    <testcase time="0.0040000000000191" classname="initialValues" name="intial_values_for_fixed_distributions_gives_valid_values"/>
    <testcase time="0.00299999999992906" classname="initialValues" name="intial_values_for_fixed_distributions_gives_valid_values"/>
    <testcase time="0.0040000000000191" classname="initialValues" name="intial_values_for_fixed_distributions_gives_valid_values"/>
    <testcase time="0.0040000000000191" classname="initialValues" name="intial_values_for_fixed_distributions_gives_valid_values"/>
    <testcase time="0.0040000000000191" classname="initialValues" name="intial_values_for_fixed_distributions_gives_valid_values"/>
    <testcase time="0.00299999999992906" classname="initialValues" name="intial_values_for_fixed_distributions_gives_valid_values"/>
    <testcase time="0.0040000000000191" classname="initialValues" name="intial_values_for_fixed_distributions_gives_valid_values"/>
    <testcase time="0.0040000000000191" classname="initialValues" name="intial_values_for_fixed_distributions_gives_valid_values"/>
    <testcase time="0.0040000000000191" classname="initialValues" name="intial_values_for_fixed_distributions_gives_valid_values"/>
    <testcase time="0.00299999999992906" classname="initialValues" name="intial_values_for_fixed_distributions_gives_valid_values"/>
    <testcase time="0.0040000000000191" classname="initialValues" name="intial_values_for_fixed_distributions_gives_valid_values"/>
    <testcase time="0.0040000000000191" classname="initialValues" name="intial_values_for_fixed_distributions_gives_valid_values"/>
    <testcase time="0.0040000000000191" classname="initialValues" name="intial_values_for_fixed_distributions_gives_valid_values"/>
    <testcase time="0.00300000000004275" classname="initialValues" name="intial_values_for_fixed_distributions_gives_valid_values"/>
    <testcase time="0.00299999999992906" classname="initialValues" name="intial_values_for_fixed_distributions_gives_valid_values"/>
    <testcase time="0.0040000000000191" classname="initialValues" name="intial_values_for_fixed_distributions_gives_valid_values"/>
    <testcase time="0.0040000000000191" classname="initialValues" name="intial_values_for_fixed_distributions_gives_valid_values"/>
    <testcase time="0.0040000000000191" classname="initialValues" name="intial_values_for_fixed_distributions_gives_valid_values"/>
    <testcase time="0.0040000000000191" classname="initialValues" name="intial_values_for_fixed_distributions_gives_valid_values"/>
    <testcase time="0.00299999999992906" classname="initialValues" name="intial_values_for_fixed_distributions_gives_valid_values"/>
    <testcase time="0.00499999999999545" classname="initialValues" name="intial_values_for_fixed_distributions_gives_valid_values"/>
    <testcase time="0.0040000000000191" classname="initialValues" name="intial_values_for_fixed_distributions_gives_valid_values"/>
    <testcase time="0.0040000000000191" classname="initialValues" name="intial_values_for_fixed_distributions_gives_valid_values"/>
    <testcase time="0.0040000000000191" classname="initialValues" name="intial_values_for_fixed_distributions_gives_valid_values"/>
    <testcase time="0.00299999999992906" classname="initialValues" name="intial_values_for_fixed_distributions_gives_valid_values"/>
    <testcase time="0.00299999999992906" classname="initialValues" name="intial_values_for_fixed_distributions_gives_valid_values"/>
    <testcase time="0.0040000000000191" classname="initialValues" name="intial_values_for_fixed_distributions_gives_valid_values"/>
    <testcase time="0.0040000000000191" classname="initialValues" name="intial_values_for_fixed_distributions_gives_valid_values"/>
    <testcase time="0.0119999999999436" classname="initialValues" name="intial_values_for_fixed_distributions_gives_valid_values"/>
    <testcase time="0.0040000000000191" classname="initialValues" name="intial_values_for_fixed_distributions_gives_valid_values"/>
    <testcase time="0.0040000000000191" classname="initialValues" name="intial_values_for_fixed_distributions_gives_valid_values"/>
    <testcase time="0.0040000000000191" classname="initialValues" name="intial_values_for_fixed_distributions_gives_valid_values"/>
    <testcase time="0.0040000000000191" classname="initialValues" name="intial_values_for_fixed_distributions_gives_valid_values"/>
    <testcase time="0.0040000000000191" classname="initialValues" name="intial_values_for_fixed_distributions_gives_valid_values"/>
    <testcase time="0.00299999999992906" classname="initialValues" name="intial_values_for_fixed_distributions_gives_valid_values"/>
    <testcase time="0.0040000000000191" classname="initialValues" name="intial_values_for_fixed_distributions_gives_valid_values"/>
    <testcase time="0.0040000000000191" classname="initialValues" name="intial_values_for_fixed_distributions_gives_valid_values"/>
    <testcase time="0.0040000000000191" classname="initialValues" name="intial_values_for_fixed_distributions_gives_valid_values"/>
    <testcase time="0.0040000000000191" classname="initialValues" name="intial_values_for_fixed_distributions_gives_valid_values"/>
    <testcase time="0.00399999999990541" classname="initialValues" name="intial_values_for_fixed_distributions_gives_valid_values"/>
    <testcase time="0.0040000000000191" classname="initialValues" name="intial_values_for_fixed_distributions_gives_valid_values"/>
    <testcase time="0.0040000000000191" classname="initialValues" name="intial_values_for_fixed_distributions_gives_valid_values"/>
    <testcase time="0.00300000000004275" classname="initialValues" name="intial_values_for_fixed_distributions_gives_valid_values"/>
    <testcase time="0.0040000000000191" classname="initialValues" name="intial_values_for_fixed_distributions_gives_valid_values"/>
    <testcase time="0.00399999999990541" classname="initialValues" name="intial_values_for_fixed_distributions_gives_valid_values"/>
  </testsuite>
  <testsuite name="jinjar_render" timestamp="2024-05-01T04:18:32Z" hostname="a5ce19b4f04a" tests="3" skipped="0" failures="0" errors="0" time="0.02">
    <testcase time="0.0110000000000809" classname="jinjar_render" name="Basic_Jinjar_syntax_works_with_decorated_render_"/>
    <testcase time="0.00199999999995271" classname="jinjar_render" name="Basic_Jinjar_syntax_works_with_decorated_render_"/>
    <testcase time="0.00700000000006185" classname="jinjar_render" name="Global_variables_defined_by_decorated_render_are_usable"/>
  </testsuite>
  <testsuite name="longitudinal_plot" timestamp="2024-05-01T04:18:32Z" hostname="a5ce19b4f04a" tests="1" skipped="1" failures="0" errors="0" time="0.32">
    <testcase time="0.319999999999936" classname="longitudinal_plot" name="longitudinal_plot_works_as_expected">
      <skipped message="Reason: On CRAN ('test-longitudinal_plot.R:42:5')"/>
    </testcase>
  </testsuite>
  <testsuite name="misc_models" timestamp="2024-05-01T04:18:32Z" hostname="a5ce19b4f04a" tests="1" skipped="0" failures="0" errors="0" time="0.465">
    <testcase time="0.465000000000032" classname="misc_models" name="Longitudinal_Model_doesn_t_print_sampler_rejection_messages"/>
  </testsuite>
  <testsuite name="model_multi_chain" timestamp="2024-05-01T04:18:32Z" hostname="a5ce19b4f04a" tests="1" skipped="0" failures="0" errors="0" time="42.635">
    <testcase time="42.635" classname="model_multi_chain" name="Can_recover_known_distribution_parameters_from_random_slope_model_when_using_multiple_chains"/>
  </testsuite>
  <testsuite name="options" timestamp="2024-05-01T04:19:15Z" hostname="a5ce19b4f04a" tests="4" skipped="0" failures="0" errors="0" time="0.024">
    <testcase time="0.0130000000000337" classname="options" name="Can_alter_Gaussian_Quadrature_arguments"/>
    <testcase time="0.00299999999992906" classname="options" name="Can_alter_Gaussian_Quadrature_arguments"/>
    <testcase time="0.00499999999999545" classname="options" name="Can_alter_Gaussian_Quadrature_arguments"/>
    <testcase time="0.00300000000004275" classname="options" name="Can_alter_Gaussian_Quadrature_arguments"/>
  </testsuite>
  <testsuite name="stan_functions" timestamp="2024-05-01T04:19:15Z" hostname="a5ce19b4f04a" tests="4" skipped="0" failures="0" errors="0" time="47.162">
    <testcase time="15.332" classname="stan_functions" name="GSF_SLD_function_works_as_expected"/>
    <testcase time="15.715" classname="stan_functions" name="Normal_Log_Density_functions_work_as_expected"/>
    <testcase time="0.0179999999999154" classname="stan_functions" name="Normal_Log_Density_functions_work_as_expected"/>
    <testcase time="16.0970000000001" classname="stan_functions" name="GSF_Identity_Link_Function_works_as_expected"/>
  </testsuite>
  <testsuite name="survival_plot" timestamp="2024-05-01T04:20:02Z" hostname="a5ce19b4f04a" tests="1" skipped="1" failures="0" errors="0" time="0.304">
    <testcase time="0.303999999999974" classname="survival_plot" name="survival_plot_works_as_expected">
      <skipped message="Reason: On CRAN ('test-survival_plot.R:66:5')"/>
    </testcase>
  </testsuite>
  <testsuite name="utilities" timestamp="2024-05-01T04:20:03Z" hostname="a5ce19b4f04a" tests="32" skipped="0" failures="0" errors="0" time="0.191">
    <testcase time="0.0209999999999582" classname="utilities" name="get_missing_rownumbers_works_as_expected"/>
    <testcase time="0.00599999999997181" classname="utilities" name="remove_missing_rows_works_as_expected"/>
    <testcase time="0.00600000000008549" classname="utilities" name="expand_initial_values_works_as_expected"/>
    <testcase time="0.00599999999997181" classname="utilities" name="replace_with_lookup_works_and_sets_array_attributes_as_expected"/>
    <testcase time="0.0080000000000382" classname="utilities" name="replace_with_lookup_asserts_sizes_as_numbers_as_expected"/>
    <testcase time="0.00799999999992451" classname="utilities" name="replace_with_lookup_asserts_looked_up_sizes_as_numbers_as_expected"/>
    <testcase time="0.00600000000008549" classname="utilities" name="samples_median_ci_works_as_expected"/>
    <testcase time="0.00599999999997181" classname="utilities" name="samples_median_ci_works_as_expected"/>
    <testcase time="0.00599999999997181" classname="utilities" name="samples_median_ci_works_with_a_custom_credibility_level"/>
    <testcase time="0.00599999999997181" classname="utilities" name="samples_median_ci_works_with_a_custom_credibility_level"/>
    <testcase time="0.00600000000008549" classname="utilities" name="validate_time_grid_works_as_expected"/>
    <testcase time="0.00299999999992906" classname="utilities" name="validate_time_grid_works_as_expected"/>
    <testcase time="0.00200000000006639" classname="utilities" name="validate_time_grid_works_as_expected"/>
    <testcase time="0.00299999999992906" classname="utilities" name="validate_time_grid_works_as_expected"/>
    <testcase time="0.00499999999999545" classname="utilities" name="validate_time_grid_works_as_expected"/>
    <testcase time="0.0040000000000191" classname="utilities" name="validate_time_grid_works_as_expected"/>
    <testcase time="0.00499999999999545" classname="utilities" name="validate_time_grid_works_as_expected"/>
    <testcase time="0.0040000000000191" classname="utilities" name="validate_time_grid_works_as_expected"/>
    <testcase time="0.00599999999997181" classname="utilities" name="expand_patients_works_as_expected"/>
    <testcase time="0.0130000000000337" classname="utilities" name="expand_patients_works_as_expected"/>
    <testcase time="0.00299999999992906" classname="utilities" name="expand_patients_works_as_expected"/>
    <testcase time="0.00300000000004275" classname="utilities" name="expand_patients_works_as_expected"/>
    <testcase time="0.0040000000000191" classname="utilities" name="expand_patients_works_as_expected"/>
    <testcase time="0.00499999999999545" classname="utilities" name="expand_patients_works_as_expected"/>
    <testcase time="0.0040000000000191" classname="utilities" name="expand_patients_works_as_expected"/>
    <testcase time="0.00999999999999091" classname="utilities" name="decompose_patients_works_as_expected"/>
    <testcase time="0.00699999999994816" classname="utilities" name="decompose_patients_works_as_expected"/>
    <testcase time="0.0080000000000382" classname="utilities" name="decompose_patients_works_as_expected"/>
    <testcase time="0.0040000000000191" classname="utilities" name="decompose_patients_works_as_expected"/>
    <testcase time="0.00499999999999545" classname="utilities" name="decompose_patients_works_as_expected"/>
    <testcase time="0.00499999999999545" classname="utilities" name="add_missing_stan_blocks_works_as_expected"/>
    <testcase time="0.00300000000004275" classname="utilities" name="add_missing_stan_blocks_works_as_expected"/>
  </testsuite>
</testsuites>
