<?xml version="1.0" encoding="UTF-8"?>
<testsuites>
  <testsuite name="DataLongitudinal" timestamp="2025-01-31T16:43:54Z" hostname="fb1fdeee018e" tests="10" skipped="0" failures="0" errors="0" time="2.716">
    <testcase time="2.681" classname="character(0)" name="DataLongitudinal_being_rendered_to_list_is_as_expected_for_simple_inputs"/>
    <testcase time="0.0220000000000002" classname="character(0)" name="DataLongitudinal_being_rendered_to_list_is_as_expected_for_simple_inputs"/>
    <testcase time="0.00800000000000001" classname="character(0)" name="DataLongitudinal_being_rendered_to_list_is_as_expected_for_simple_inputs"/>
    <testcase time="0.000999999999999446" classname="character(0)" name="DataLongitudinal_being_rendered_to_list_is_as_expected_for_simple_inputs"/>
    <testcase time="0.00100000000000033" classname="character(0)" name="DataLongitudinal_being_rendered_to_list_is_as_expected_for_simple_inputs"/>
    <testcase time="0" classname="character(0)" name="DataLongitudinal_being_rendered_to_list_is_as_expected_for_simple_inputs"/>
    <testcase time="0.00100000000000033" classname="character(0)" name="DataLongitudinal_being_rendered_to_list_is_as_expected_for_simple_inputs"/>
    <testcase time="0.000999999999999446" classname="character(0)" name="DataLongitudinal_being_rendered_to_list_is_as_expected_for_simple_inputs"/>
    <testcase time="0" classname="character(0)" name="DataLongitudinal_being_rendered_to_list_is_as_expected_for_simple_inputs"/>
    <testcase time="0.00100000000000033" classname="character(0)" name="DataLongitudinal_being_rendered_to_list_is_as_expected_for_simple_inputs"/>
  </testsuite>
  <testsuite name="DataLongitudinal" timestamp="2025-01-31T16:43:54Z" hostname="fb1fdeee018e" tests="2" skipped="0" failures="0" errors="0" time="0.002">
    <testcase time="0.00199999999999978" classname="character(0)" name="DataSurvival_print_method_works_as_expected"/>
    <testcase time="0" classname="character(0)" name="DataSurvival_print_method_works_as_expected"/>
  </testsuite>
  <testsuite name="DataSubject" timestamp="2025-01-31T16:43:54Z" hostname="fb1fdeee018e" tests="14" skipped="0" failures="0" errors="0" time="0.192">
    <testcase time="0.183" classname="character(0)" name="DataSubject_works_as_expected"/>
    <testcase time="0.00100000000000033" classname="character(0)" name="DataSubject_works_as_expected"/>
    <testcase time="0.00100000000000033" classname="character(0)" name="DataSubject_works_as_expected"/>
    <testcase time="0" classname="character(0)" name="DataSubject_works_as_expected"/>
    <testcase time="0.000999999999999446" classname="character(0)" name="DataSubject_works_as_expected"/>
    <testcase time="0.00100000000000033" classname="character(0)" name="DataSubject_works_as_expected"/>
    <testcase time="0" classname="character(0)" name="DataSubject_works_as_expected"/>
    <testcase time="0.00100000000000033" classname="character(0)" name="DataSubject_works_as_expected"/>
    <testcase time="0.000999999999999446" classname="character(0)" name="DataSubject_works_as_expected"/>
    <testcase time="0" classname="character(0)" name="DataSubject_works_as_expected"/>
    <testcase time="0.00100000000000033" classname="character(0)" name="DataSubject_works_as_expected"/>
    <testcase time="0.000999999999999446" classname="character(0)" name="DataSubject_works_as_expected"/>
    <testcase time="0" classname="character(0)" name="DataSubject_works_as_expected"/>
    <testcase time="0.00100000000000033" classname="character(0)" name="DataSubject_works_as_expected"/>
  </testsuite>
  <testsuite name="DataSubject" timestamp="2025-01-31T16:43:54Z" hostname="fb1fdeee018e" tests="1" skipped="0" failures="0" errors="0" time="0.002">
    <testcase time="0.00199999999999978" classname="character(0)" name="DataSubject_print_method_works_as_expected"/>
  </testsuite>
  <testsuite name="DataJoint" timestamp="2025-01-31T16:43:54Z" hostname="fb1fdeee018e" tests="15" skipped="0" failures="0" errors="0" time="0.124">
    <testcase time="0.115" classname="character(0)" name="DataJoint_basic_usage"/>
    <testcase time="0.00100000000000033" classname="character(0)" name="DataJoint_basic_usage"/>
    <testcase time="0.000999999999999446" classname="character(0)" name="DataJoint_basic_usage"/>
    <testcase time="0" classname="character(0)" name="DataJoint_basic_usage"/>
    <testcase time="0.00100000000000033" classname="character(0)" name="DataJoint_basic_usage"/>
    <testcase time="0.00100000000000033" classname="character(0)" name="DataJoint_basic_usage"/>
    <testcase time="0" classname="character(0)" name="DataJoint_basic_usage"/>
    <testcase time="0.000999999999999446" classname="character(0)" name="DataJoint_basic_usage"/>
    <testcase time="0.00100000000000033" classname="character(0)" name="DataJoint_basic_usage"/>
    <testcase time="0" classname="character(0)" name="DataJoint_basic_usage"/>
    <testcase time="0.000999999999999446" classname="character(0)" name="DataJoint_basic_usage"/>
    <testcase time="0.00100000000000033" classname="character(0)" name="DataJoint_basic_usage"/>
    <testcase time="0" classname="character(0)" name="DataJoint_basic_usage"/>
    <testcase time="0.00100000000000033" classname="character(0)" name="DataJoint_basic_usage"/>
    <testcase time="0" classname="character(0)" name="DataJoint_basic_usage"/>
  </testsuite>
  <testsuite name="DataJoint" timestamp="2025-01-31T16:43:54Z" hostname="fb1fdeee018e" tests="6" skipped="0" failures="0" errors="0" time="0.005">
    <testcase time="0.00199999999999978" classname="character(0)" name="DataJoint_errors_if_inconsistent_subject_IDs"/>
    <testcase time="0.00100000000000033" classname="character(0)" name="DataJoint_errors_if_inconsistent_subject_IDs"/>
    <testcase time="0" classname="character(0)" name="DataJoint_errors_if_inconsistent_subject_IDs"/>
    <testcase time="0.000999999999999446" classname="character(0)" name="DataJoint_errors_if_inconsistent_subject_IDs"/>
    <testcase time="0.00100000000000033" classname="character(0)" name="DataJoint_errors_if_inconsistent_subject_IDs"/>
    <testcase time="0" classname="character(0)" name="DataJoint_errors_if_inconsistent_subject_IDs"/>
  </testsuite>
  <testsuite name="DataJoint" timestamp="2025-01-31T16:43:54Z" hostname="fb1fdeee018e" tests="3" skipped="0" failures="0" errors="0" time="0.003">
    <testcase time="0.00199999999999978" classname="character(0)" name="DataJoint_sorts_handles_pre_factored_levels_correctly"/>
    <testcase time="0.00100000000000033" classname="character(0)" name="DataJoint_sorts_handles_pre_factored_levels_correctly"/>
    <testcase time="0" classname="character(0)" name="DataJoint_sorts_handles_pre_factored_levels_correctly"/>
  </testsuite>
  <testsuite name="DataJoint" timestamp="2025-01-31T16:43:54Z" hostname="fb1fdeee018e" tests="3" skipped="0" failures="0" errors="0" time="0.003">
    <testcase time="0.00199999999999978" classname="character(0)" name="DataJoint_sorts_handles_character_to_factor_levels_correctly"/>
    <testcase time="0.00100000000000033" classname="character(0)" name="DataJoint_sorts_handles_character_to_factor_levels_correctly"/>
    <testcase time="0" classname="character(0)" name="DataJoint_sorts_handles_character_to_factor_levels_correctly"/>
  </testsuite>
  <testsuite name="DataJoint" timestamp="2025-01-31T16:43:54Z" hostname="fb1fdeee018e" tests="7" skipped="0" failures="0" errors="0" time="0.006">
    <testcase time="0.00199999999999978" classname="character(0)" name="subset_DataJoint_works_as_expected"/>
    <testcase time="0.000999999999999446" classname="character(0)" name="subset_DataJoint_works_as_expected"/>
    <testcase time="0" classname="character(0)" name="subset_DataJoint_works_as_expected"/>
    <testcase time="0.00100000000000033" classname="character(0)" name="subset_DataJoint_works_as_expected"/>
    <testcase time="0" classname="character(0)" name="subset_DataJoint_works_as_expected"/>
    <testcase time="0.00100000000000033" classname="character(0)" name="subset_DataJoint_works_as_expected"/>
    <testcase time="0.000999999999999446" classname="character(0)" name="subset_DataJoint_works_as_expected"/>
  </testsuite>
  <testsuite name="DataJoint" timestamp="2025-01-31T16:43:54Z" hostname="fb1fdeee018e" tests="1" skipped="0" failures="0" errors="0" time="0.001">
    <testcase time="0.00100000000000033" classname="character(0)" name="Error_Handling"/>
  </testsuite>
  <testsuite name="DataJoint" timestamp="2025-01-31T16:43:54Z" hostname="fb1fdeee018e" tests="3" skipped="0" failures="0" errors="0" time="0.003">
    <testcase time="0.00199999999999978" classname="character(0)" name="DataJoint_print_method_works_as_expected"/>
    <testcase time="0.00100000000000033" classname="character(0)" name="DataJoint_print_method_works_as_expected"/>
    <testcase time="0" classname="character(0)" name="DataJoint_print_method_works_as_expected"/>
  </testsuite>
  <testsuite name="DataSurvival" timestamp="2025-01-31T16:43:55Z" hostname="fb1fdeee018e" tests="14" skipped="0" failures="0" errors="0" time="0.278">
    <testcase time="0.268" classname="character(0)" name="DataSurvival_being_rendered_to_list_is_as_expected_for_simple_inputs"/>
    <testcase time="0.00100000000000033" classname="character(0)" name="DataSurvival_being_rendered_to_list_is_as_expected_for_simple_inputs"/>
    <testcase time="0.000999999999999446" classname="character(0)" name="DataSurvival_being_rendered_to_list_is_as_expected_for_simple_inputs"/>
    <testcase time="0" classname="character(0)" name="DataSurvival_being_rendered_to_list_is_as_expected_for_simple_inputs"/>
    <testcase time="0.00100000000000033" classname="character(0)" name="DataSurvival_being_rendered_to_list_is_as_expected_for_simple_inputs"/>
    <testcase time="0.00100000000000033" classname="character(0)" name="DataSurvival_being_rendered_to_list_is_as_expected_for_simple_inputs"/>
    <testcase time="0.000999999999999446" classname="character(0)" name="DataSurvival_being_rendered_to_list_is_as_expected_for_simple_inputs"/>
    <testcase time="0.00100000000000033" classname="character(0)" name="DataSurvival_being_rendered_to_list_is_as_expected_for_simple_inputs"/>
    <testcase time="0.000999999999999446" classname="character(0)" name="DataSurvival_being_rendered_to_list_is_as_expected_for_simple_inputs"/>
    <testcase time="0.00100000000000033" classname="character(0)" name="DataSurvival_being_rendered_to_list_is_as_expected_for_simple_inputs"/>
    <testcase time="0" classname="character(0)" name="DataSurvival_being_rendered_to_list_is_as_expected_for_simple_inputs"/>
    <testcase time="0" classname="character(0)" name="DataSurvival_being_rendered_to_list_is_as_expected_for_simple_inputs"/>
    <testcase time="0.000999999999999446" classname="character(0)" name="DataSurvival_being_rendered_to_list_is_as_expected_for_simple_inputs"/>
    <testcase time="0.00100000000000033" classname="character(0)" name="DataSurvival_being_rendered_to_list_is_as_expected_for_simple_inputs"/>
  </testsuite>
  <testsuite name="DataSurvival" timestamp="2025-01-31T16:43:55Z" hostname="fb1fdeee018e" tests="1" skipped="0" failures="0" errors="0" time="0.001">
    <testcase time="0.00100000000000033" classname="character(0)" name="DataSurvival_print_method_works_as_expected"/>
  </testsuite>
  <testsuite name="DataSurvival" timestamp="2025-01-31T16:43:55Z" hostname="fb1fdeee018e" tests="7" skipped="0" failures="0" errors="0" time="0.006">
    <testcase time="0.00199999999999978" classname="character(0)" name="mirror_design_matrix_works_as_expected"/>
    <testcase time="0.000999999999999446" classname="character(0)" name="mirror_design_matrix_works_as_expected"/>
    <testcase time="0" classname="character(0)" name="mirror_design_matrix_works_as_expected"/>
    <testcase time="0.00100000000000033" classname="character(0)" name="mirror_design_matrix_works_as_expected"/>
    <testcase time="0.00100000000000033" classname="character(0)" name="mirror_design_matrix_works_as_expected"/>
    <testcase time="0" classname="character(0)" name="mirror_design_matrix_works_as_expected"/>
    <testcase time="0.000999999999999446" classname="character(0)" name="mirror_design_matrix_works_as_expected"/>
  </testsuite>
  <testsuite name="GridPrediction" timestamp="2025-01-31T16:46:02Z" hostname="fb1fdeee018e" tests="5" skipped="0" failures="0" errors="0" time="126.957">
    <testcase time="126.955" classname="character(0)" name="GridPrediction_works_as_expected_for_Survival_models"/>
    <testcase time="0" classname="character(0)" name="GridPrediction_works_as_expected_for_Survival_models"/>
    <testcase time="0.00100000000000477" classname="character(0)" name="GridPrediction_works_as_expected_for_Survival_models"/>
    <testcase time="0.00100000000000477" classname="character(0)" name="GridPrediction_works_as_expected_for_Survival_models"/>
    <testcase time="0" classname="character(0)" name="GridPrediction_works_as_expected_for_Survival_models"/>
  </testsuite>
  <testsuite name="GridPrediction" timestamp="2025-01-31T16:46:02Z" hostname="fb1fdeee018e" tests="4" skipped="0" failures="0" errors="0" time="0.004">
    <testcase time="0.00199999999998113" classname="character(0)" name="GridPrediction_error_handling_works_as_expected"/>
    <testcase time="0.00100000000000477" classname="character(0)" name="GridPrediction_error_handling_works_as_expected"/>
    <testcase time="0" classname="character(0)" name="GridPrediction_error_handling_works_as_expected"/>
    <testcase time="0.00100000000000477" classname="character(0)" name="GridPrediction_error_handling_works_as_expected"/>
  </testsuite>
  <testsuite name="GridPrediction" timestamp="2025-01-31T16:46:02Z" hostname="fb1fdeee018e" tests="3" skipped="0" failures="0" errors="0" time="0.003">
    <testcase time="0.00200000000000955" classname="character(0)" name="getPredictionNames_works_as_expected"/>
    <testcase time="0" classname="character(0)" name="getPredictionNames_works_as_expected"/>
    <testcase time="0.00100000000000477" classname="character(0)" name="getPredictionNames_works_as_expected"/>
  </testsuite>
  <testsuite name="GridPrediction" timestamp="2025-01-31T16:46:02Z" hostname="fb1fdeee018e" tests="1" skipped="0" failures="0" errors="0" time="0.002">
    <testcase time="0.00199999999998113" classname="character(0)" name="GridPrediction_throws_an_error_if_key_column_already_exists"/>
  </testsuite>
  <testsuite name="GridPrediction" timestamp="2025-01-31T16:46:02Z" hostname="fb1fdeee018e" tests="5" skipped="0" failures="0" errors="0" time="0.004">
    <testcase time="0.00100000000000477" classname="character(0)" name="GridPrediction_works_for_survival_only_models"/>
    <testcase time="0.00100000000000477" classname="character(0)" name="GridPrediction_works_for_survival_only_models"/>
    <testcase time="0.00100000000000477" classname="character(0)" name="GridPrediction_works_for_survival_only_models"/>
    <testcase time="0" classname="character(0)" name="GridPrediction_works_for_survival_only_models"/>
    <testcase time="0.00100000000000477" classname="character(0)" name="GridPrediction_works_for_survival_only_models"/>
  </testsuite>
  <testsuite name="JointModel" timestamp="2025-01-31T16:46:04Z" hostname="fb1fdeee018e" tests="2" skipped="0" failures="0" errors="0" time="2.6">
    <testcase time="2.59899999999999" classname="character(0)" name="JointModel_smoke_tests"/>
    <testcase time="0.00100000000000477" classname="character(0)" name="JointModel_smoke_tests"/>
  </testsuite>
  <testsuite name="JointModel" timestamp="2025-01-31T16:46:04Z" hostname="fb1fdeee018e" tests="5" skipped="0" failures="5" errors="0" time="0.057">
    <testcase time="0.00200000000000955" classname="character(0)" name="JointModel_print_method_works_as_expected">
      <failure type="failure" message="Snapshot of code has changed: ('test-JointModel.R:19:5')">Snapshot of code has changed:
old[8:25] vs new[8:25]
    
      Survival:     
         Weibull-PH Survival Model with parameters:
-            sm_weibull_ph_lambda ~ gamma(alpha = 2, beta = 0.5)
+            sm_weibull_ph_lambda ~ gamma(alpha = 2, beta = 0.5) T[0, ]
-            sm_weibull_ph_gamma ~ gamma(alpha = 2, beta = 0.5)
+            sm_weibull_ph_gamma ~ gamma(alpha = 2, beta = 0.5) T[0, ]
-            beta_os_cov ~ normal(mu = 0, sigma = 2)
+            beta_os_cov ~ normal(mu = 0, sigma = 2) 
         
      Longitudinal:     
         Random Slope Longitudinal Model with parameters:
-            lm_rs_intercept ~ normal(mu = 30, sigma = 10)
+            lm_rs_intercept ~ normal(mu = 30, sigma = 10) 
-            lm_rs_slope_mu ~ normal(mu = 1, sigma = 3)
+            lm_rs_slope_mu ~ normal(mu = 1, sigma = 3) 
-            lm_rs_slope_sigma ~ lognormal(mu = 0, sigma = 1.5)
+            lm_rs_slope_sigma ~ lognormal(mu = 0, sigma = 1.5) T[0, ]
-            lm_rs_sigma ~ lognormal(mu = 0, sigma = 1.5)
+            lm_rs_sigma ~ lognormal(mu = 0, sigma = 1.5) T[0, ]
-            lm_rs_ind_rnd_slope ~ &lt;None&gt;
+            lm_rs_ind_rnd_slope ~ &lt;None&gt; 
         
      Link:     
         Link with the following components/parameters:
-            link_dsld ~ normal(mu = 0, sigma = 2)
+            link_dsld ~ normal(mu = 0, sigma = 2) 

* Run `testthat::snapshot_accept('JointModel')` to accept the change.
* Run `testthat::snapshot_review('JointModel')` to interactively review the change.</failure>
    </testcase>
    <testcase time="0.0129999999999768" classname="character(0)" name="JointModel_print_method_works_as_expected">
      <failure type="failure" message="Snapshot of code has changed: ('test-JointModel.R:29:5')">Snapshot of code has changed:
old[8:26] vs new[8:26]
    
      Survival:     
         Weibull-PH Survival Model with parameters:
-            sm_weibull_ph_lambda ~ gamma(alpha = 2, beta = 0.5)
+            sm_weibull_ph_lambda ~ gamma(alpha = 2, beta = 0.5) T[0, ]
-            sm_weibull_ph_gamma ~ gamma(alpha = 2, beta = 0.5)
+            sm_weibull_ph_gamma ~ gamma(alpha = 2, beta = 0.5) T[0, ]
-            beta_os_cov ~ normal(mu = 0, sigma = 2)
+            beta_os_cov ~ normal(mu = 0, sigma = 2) 
         
      Longitudinal:     
         Random Slope Longitudinal Model with parameters:
-            lm_rs_intercept ~ normal(mu = 30, sigma = 10)
+            lm_rs_intercept ~ normal(mu = 30, sigma = 10) 
-            lm_rs_slope_mu ~ normal(mu = 1, sigma = 3)
+            lm_rs_slope_mu ~ normal(mu = 1, sigma = 3) 
-            lm_rs_slope_sigma ~ lognormal(mu = 0, sigma = 1.5)
+            lm_rs_slope_sigma ~ lognormal(mu = 0, sigma = 1.5) T[0, ]
-            lm_rs_sigma ~ lognormal(mu = 0, sigma = 1.5)
+            lm_rs_sigma ~ lognormal(mu = 0, sigma = 1.5) T[0, ]
-            lm_rs_ind_rnd_slope ~ &lt;None&gt;
+            lm_rs_ind_rnd_slope ~ &lt;None&gt; 
         
      Link:     
         Link with the following components/parameters:
-            link_dsld ~ normal(mu = 0, sigma = 2)
+            link_dsld ~ normal(mu = 0, sigma = 2) 
-            link_identity ~ normal(mu = 0, sigma = 2)
+            link_identity ~ normal(mu = 0, sigma = 2) 

* Run `testthat::snapshot_accept('JointModel')` to accept the change.
* Run `testthat::snapshot_review('JointModel')` to interactively review the change.</failure>
    </testcase>
    <testcase time="0.0240000000000009" classname="character(0)" name="JointModel_print_method_works_as_expected">
      <failure type="failure" message="Snapshot of code has changed: ('test-JointModel.R:41:5')">Snapshot of code has changed:
old[7:15] vs new[7:15]
    
      Survival:     
         Weibull-PH Survival Model with parameters:
-            sm_weibull_ph_lambda ~ gamma(alpha = 2, beta = 0.5)
+            sm_weibull_ph_lambda ~ gamma(alpha = 2, beta = 0.5) T[0, ]
-            sm_weibull_ph_gamma ~ gamma(alpha = 2, beta = 0.5)
+            sm_weibull_ph_gamma ~ gamma(alpha = 2, beta = 0.5) T[0, ]
-            beta_os_cov ~ normal(mu = 0, sigma = 2)
+            beta_os_cov ~ normal(mu = 0, sigma = 2) 
         
      Longitudinal:
         Not Specified

* Run `testthat::snapshot_accept('JointModel')` to accept the change.
* Run `testthat::snapshot_review('JointModel')` to interactively review the change.</failure>
    </testcase>
    <testcase time="0.00900000000001455" classname="character(0)" name="JointModel_print_method_works_as_expected">
      <failure type="failure" message="Snapshot of code has changed: ('test-JointModel.R:48:5')">Snapshot of code has changed:
old[10:28] vs new[10:28]
    
      Longitudinal:     
         Generalized Stein-Fojo Longitudinal Model with parameters:
-            lm_gsf_mu_bsld ~ normal(mu = 4.09434, sigma = 1)
+            lm_gsf_mu_bsld ~ normal(mu = 4.09434, sigma = 1) 
-            lm_gsf_mu_ks ~ normal(mu = -0.69315, sigma = 1)
+            lm_gsf_mu_ks ~ normal(mu = -0.69315, sigma = 1) 
-            lm_gsf_mu_kg ~ normal(mu = -1.20397, sigma = 1)
+            lm_gsf_mu_kg ~ normal(mu = -1.20397, sigma = 1) 
-            lm_gsf_mu_phi ~ normal(mu = 0, sigma = 1)
+            lm_gsf_mu_phi ~ normal(mu = 0, sigma = 1) 
-            lm_gsf_omega_bsld ~ lognormal(mu = -1.60944, sigma = 1)
+            lm_gsf_omega_bsld ~ lognormal(mu = -1.60944, sigma = 1) T[0, ]
-            lm_gsf_omega_ks ~ lognormal(mu = -1.60944, sigma = 1)
+            lm_gsf_omega_ks ~ lognormal(mu = -1.60944, sigma = 1) T[0, ]
-            lm_gsf_omega_kg ~ lognormal(mu = -1.60944, sigma = 1)
+            lm_gsf_omega_kg ~ lognormal(mu = -1.60944, sigma = 1) T[0, ]
-            lm_gsf_omega_phi ~ lognormal(mu = -1.60944, sigma = 1)
+            lm_gsf_omega_phi ~ lognormal(mu = -1.60944, sigma = 1) T[0, ]
-            lm_gsf_sigma ~ lognormal(mu = -2.30259, sigma = 1)
+            lm_gsf_sigma ~ lognormal(mu = -2.30259, sigma = 1) T[0, ]
-            lm_gsf_eta_tilde_bsld ~ std_normal()
+            lm_gsf_eta_tilde_bsld ~ std_normal() 
-            lm_gsf_eta_tilde_ks ~ std_normal()
+            lm_gsf_eta_tilde_ks ~ std_normal() 
-            lm_gsf_eta_tilde_kg ~ std_normal()
+            lm_gsf_eta_tilde_kg ~ std_normal() 
-            lm_gsf_eta_tilde_phi ~ std_normal()
+            lm_gsf_eta_tilde_phi ~ std_normal() 
         
      Link:     
         No Link

* Run `testthat::snapshot_accept('JointModel')` to accept the change.
* Run `testthat::snapshot_review('JointModel')` to interactively review the change.</failure>
    </testcase>
    <testcase time="0.00899999999998613" classname="character(0)" name="JointModel_print_method_works_as_expected">
      <failure type="failure" message="Snapshot of code has changed: ('test-JointModel.R:55:5')">Snapshot of code has changed:
old[8:24] vs new[8:24]
    
      Survival:     
         Weibull-PH Survival Model with parameters:
-            sm_weibull_ph_lambda ~ gamma(alpha = 2, beta = 0.5)
+            sm_weibull_ph_lambda ~ gamma(alpha = 2, beta = 0.5) T[0, ]
-            sm_weibull_ph_gamma ~ gamma(alpha = 2, beta = 0.5)
+            sm_weibull_ph_gamma ~ gamma(alpha = 2, beta = 0.5) T[0, ]
-            beta_os_cov ~ normal(mu = 0, sigma = 2)
+            beta_os_cov ~ normal(mu = 0, sigma = 2) 
         
      Longitudinal:     
         Random Slope Longitudinal Model with parameters:
-            lm_rs_intercept ~ normal(mu = 30, sigma = 10)
+            lm_rs_intercept ~ normal(mu = 30, sigma = 10) 
-            lm_rs_slope_mu ~ normal(mu = 1, sigma = 3)
+            lm_rs_slope_mu ~ normal(mu = 1, sigma = 3) 
-            lm_rs_slope_sigma ~ lognormal(mu = 0, sigma = 1.5)
+            lm_rs_slope_sigma ~ lognormal(mu = 0, sigma = 1.5) T[0, ]
-            lm_rs_sigma ~ lognormal(mu = 0, sigma = 1.5)
+            lm_rs_sigma ~ lognormal(mu = 0, sigma = 1.5) T[0, ]
-            lm_rs_ind_rnd_slope ~ &lt;None&gt;
+            lm_rs_ind_rnd_slope ~ &lt;None&gt; 
         
      Link:     
         No Link

* Run `testthat::snapshot_accept('JointModel')` to accept the change.
* Run `testthat::snapshot_review('JointModel')` to interactively review the change.</failure>
    </testcase>
  </testsuite>
  <testsuite name="JointModel" timestamp="2025-01-31T16:46:04Z" hostname="fb1fdeee018e" tests="12" skipped="0" failures="0" errors="0" time="0.017">
    <testcase time="0.0109999999999957" classname="character(0)" name="Log_Lik_variables_are_produced_correctly"/>
    <testcase time="0" classname="character(0)" name="Log_Lik_variables_are_produced_correctly"/>
    <testcase time="0.00100000000000477" classname="character(0)" name="Log_Lik_variables_are_produced_correctly"/>
    <testcase time="0" classname="character(0)" name="Log_Lik_variables_are_produced_correctly"/>
    <testcase time="0.00100000000000477" classname="character(0)" name="Log_Lik_variables_are_produced_correctly"/>
    <testcase time="0" classname="character(0)" name="Log_Lik_variables_are_produced_correctly"/>
    <testcase time="0.00100000000000477" classname="character(0)" name="Log_Lik_variables_are_produced_correctly"/>
    <testcase time="0" classname="character(0)" name="Log_Lik_variables_are_produced_correctly"/>
    <testcase time="0.00100000000000477" classname="character(0)" name="Log_Lik_variables_are_produced_correctly"/>
    <testcase time="0" classname="character(0)" name="Log_Lik_variables_are_produced_correctly"/>
    <testcase time="0.00100000000000477" classname="character(0)" name="Log_Lik_variables_are_produced_correctly"/>
    <testcase time="0.000999999999976353" classname="character(0)" name="Log_Lik_variables_are_produced_correctly"/>
  </testsuite>
  <testsuite name="JointModelSamples" timestamp="2025-01-31T16:46:36Z" hostname="fb1fdeee018e" tests="1" skipped="0" failures="0" errors="0" time="31.743">
    <testcase time="31.743" classname="character(0)" name="print_works_as_expected_for_JointModelSamples"/>
  </testsuite>
  <testsuite name="Link" timestamp="2025-01-31T16:46:38Z" hostname="fb1fdeee018e" tests="4" skipped="0" failures="0" errors="0" time="1.945">
    <testcase time="1.94199999999998" classname="character(0)" name="link_none_works_as_expected"/>
    <testcase time="0.00100000000000477" classname="character(0)" name="link_none_works_as_expected"/>
    <testcase time="0.00100000000000477" classname="character(0)" name="link_none_works_as_expected"/>
    <testcase time="0.00100000000000477" classname="character(0)" name="link_none_works_as_expected"/>
  </testsuite>
  <testsuite name="Link" timestamp="2025-01-31T16:46:38Z" hostname="fb1fdeee018e" tests="4" skipped="0" failures="0" errors="0" time="0.004">
    <testcase time="0.00200000000000955" classname="character(0)" name="Link_works_as_expected"/>
    <testcase time="0.000999999999976353" classname="character(0)" name="Link_works_as_expected"/>
    <testcase time="0" classname="character(0)" name="Link_works_as_expected"/>
    <testcase time="0.00100000000000477" classname="character(0)" name="Link_works_as_expected"/>
  </testsuite>
  <testsuite name="Link" timestamp="2025-01-31T16:46:38Z" hostname="fb1fdeee018e" tests="5" skipped="0" failures="4" errors="0" time="0.029">
    <testcase time="0.00100000000000477" classname="character(0)" name="Link_prints_as_expected"/>
    <testcase time="0.00100000000000477" classname="character(0)" name="Link_prints_as_expected">
      <failure type="failure" message="Snapshot of code has changed: ('test-Link.R:80:5')">Snapshot of code has changed:
old[3:6] vs new[3:6]
  Output
    
    Link with the following components/parameters:
-       link_dsld ~ normal(mu = 0, sigma = 2)
+       link_dsld ~ normal(mu = 0, sigma = 2) 

* Run `testthat::snapshot_accept('Link')` to accept the change.
* Run `testthat::snapshot_review('Link')` to interactively review the change.</failure>
    </testcase>
    <testcase time="0.00899999999998613" classname="character(0)" name="Link_prints_as_expected">
      <failure type="failure" message="Snapshot of code has changed: ('test-Link.R:83:5')">Snapshot of code has changed:
old[3:7] vs new[3:7]
  Output
    
    Link with the following components/parameters:
-       link_dsld ~ normal(mu = 0, sigma = 2)
+       link_dsld ~ normal(mu = 0, sigma = 2) 
-       link_identity ~ normal(mu = 0, sigma = 2)
+       link_identity ~ normal(mu = 0, sigma = 2) 

* Run `testthat::snapshot_accept('Link')` to accept the change.
* Run `testthat::snapshot_review('Link')` to interactively review the change.</failure>
    </testcase>
    <testcase time="0.00900000000001455" classname="character(0)" name="Link_prints_as_expected">
      <failure type="failure" message="Snapshot of code has changed: ('test-Link.R:88:5')">Snapshot of code has changed:
old[4:8] vs new[4:8]
  Output
    
    Link with the following components/parameters:
-       link_dsld ~ normal(mu = 0, sigma = 2)
+       link_dsld ~ normal(mu = 0, sigma = 2) 
-       link_identity ~ normal(mu = 0, sigma = 2)
+       link_identity ~ normal(mu = 0, sigma = 2) 

* Run `testthat::snapshot_accept('Link')` to accept the change.
* Run `testthat::snapshot_review('Link')` to interactively review the change.</failure>
    </testcase>
    <testcase time="0.00899999999998613" classname="character(0)" name="Link_prints_as_expected">
      <failure type="failure" message="Snapshot of code has changed: ('test-Link.R:96:5')">Snapshot of code has changed:
old[4:8] vs new[4:8]
  Output
    
    Link with the following components/parameters:
-       link_dsld ~ normal(mu = 0, sigma = 2)
+       link_dsld ~ normal(mu = 0, sigma = 2) 
-       link_identity ~ normal(mu = 0, sigma = 2)
+       link_identity ~ normal(mu = 0, sigma = 2) 

* Run `testthat::snapshot_accept('Link')` to accept the change.
* Run `testthat::snapshot_review('Link')` to interactively review the change.</failure>
    </testcase>
  </testsuite>
  <testsuite name="LinkComponent" timestamp="2025-01-31T16:46:41Z" hostname="fb1fdeee018e" tests="5" skipped="0" failures="0" errors="0" time="3.322">
    <testcase time="3.32000000000002" classname="character(0)" name="all_link_files_pass_stan_s_syntax_checker"/>
    <testcase time="0.000999999999976353" classname="character(0)" name="all_link_files_pass_stan_s_syntax_checker"/>
    <testcase time="0" classname="character(0)" name="all_link_files_pass_stan_s_syntax_checker"/>
    <testcase time="0.00100000000000477" classname="character(0)" name="all_link_files_pass_stan_s_syntax_checker"/>
    <testcase time="0" classname="character(0)" name="all_link_files_pass_stan_s_syntax_checker"/>
  </testsuite>
  <testsuite name="LinkComponent" timestamp="2025-01-31T16:46:41Z" hostname="fb1fdeee018e" tests="2" skipped="0" failures="0" errors="0" time="0.002">
    <testcase time="0.00200000000000955" classname="character(0)" name="complete_models_with_links_pass_stan_s_syntax_checker"/>
    <testcase time="0" classname="character(0)" name="complete_models_with_links_pass_stan_s_syntax_checker"/>
  </testsuite>
  <testsuite name="LinkComponent" timestamp="2025-01-31T16:46:41Z" hostname="fb1fdeee018e" tests="3" skipped="0" failures="0" errors="0" time="0.003">
    <testcase time="0.00200000000000955" classname="character(0)" name="LinkComponents_are_constructed_correctly_and_can_access_key_components"/>
    <testcase time="0.000999999999976353" classname="character(0)" name="LinkComponents_are_constructed_correctly_and_can_access_key_components"/>
    <testcase time="0" classname="character(0)" name="LinkComponents_are_constructed_correctly_and_can_access_key_components"/>
  </testsuite>
  <testsuite name="LinkComponent" timestamp="2025-01-31T16:46:41Z" hostname="fb1fdeee018e" tests="6" skipped="0" failures="0" errors="0" time="0.005">
    <testcase time="0.00200000000000955" classname="character(0)" name="Model_specific_links_return_the_correct_stan_code"/>
    <testcase time="0" classname="character(0)" name="Model_specific_links_return_the_correct_stan_code"/>
    <testcase time="0.00100000000000477" classname="character(0)" name="Model_specific_links_return_the_correct_stan_code"/>
    <testcase time="0.00100000000000477" classname="character(0)" name="Model_specific_links_return_the_correct_stan_code"/>
    <testcase time="0" classname="character(0)" name="Model_specific_links_return_the_correct_stan_code"/>
    <testcase time="0.00100000000000477" classname="character(0)" name="Model_specific_links_return_the_correct_stan_code"/>
  </testsuite>
  <testsuite name="LinkComponent" timestamp="2025-01-31T16:46:41Z" hostname="fb1fdeee018e" tests="3" skipped="0" failures="3" errors="0" time="0.02">
    <testcase time="0.000999999999976353" classname="character(0)" name="print_works_as_expected">
      <failure type="failure" message="Snapshot of code has changed: ('test-LinkComponent.R:121:5')">Snapshot of code has changed:
old[3:7] vs new[3:7]
  Output
    
    LinkComponent with parameter:
-       link_dsld ~ normal(mu = 0, sigma = 2)
+       link_dsld ~ normal(mu = 0, sigma = 2) 
    

* Run `testthat::snapshot_accept('LinkComponent')` to accept the change.
* Run `testthat::snapshot_review('LinkComponent')` to interactively review the change.</failure>
    </testcase>
    <testcase time="0.0100000000000193" classname="character(0)" name="print_works_as_expected">
      <failure type="failure" message="Snapshot of code has changed: ('test-LinkComponent.R:124:5')">Snapshot of code has changed:
old[3:7] vs new[3:7]
  Output
    
    LinkComponent with parameter:
-       link_ttg ~ beta(a = 4, b = 1)
+       link_ttg ~ beta(a = 4, b = 1) 
    

* Run `testthat::snapshot_accept('LinkComponent')` to accept the change.
* Run `testthat::snapshot_review('LinkComponent')` to interactively review the change.</failure>
    </testcase>
    <testcase time="0.00899999999998613" classname="character(0)" name="print_works_as_expected">
      <failure type="failure" message="Snapshot of code has changed: ('test-LinkComponent.R:127:5')">Snapshot of code has changed:
old[3:7] vs new[3:7]
  Output
    
    LinkComponent with parameter:
-       bob ~ normal(mu = 0, sigma = 5)
+       bob ~ normal(mu = 0, sigma = 5) 
    

* Run `testthat::snapshot_accept('LinkComponent')` to accept the change.
* Run `testthat::snapshot_review('LinkComponent')` to interactively review the change.</failure>
    </testcase>
  </testsuite>
  <testsuite name="LinkComponent" timestamp="2025-01-31T16:46:42Z" hostname="fb1fdeee018e" tests="4" skipped="0" failures="0" errors="0" time="0.013">
    <testcase time="0.0109999999999957" classname="character(0)" name="PromiseLinkComponents_work_as_expected"/>
    <testcase time="0.00100000000000477" classname="character(0)" name="PromiseLinkComponents_work_as_expected"/>
    <testcase time="0" classname="character(0)" name="PromiseLinkComponents_work_as_expected"/>
    <testcase time="0.00100000000000477" classname="character(0)" name="PromiseLinkComponents_work_as_expected"/>
  </testsuite>
  <testsuite name="LongitudinalClaretBruno" timestamp="2025-01-31T16:46:48Z" hostname="fb1fdeee018e" tests="2" skipped="0" failures="0" errors="0" time="6.311">
    <testcase time="6.31" classname="character(0)" name="LongitudinalClaretBruno_works_as_expected_with_default_arguments"/>
    <testcase time="0.00100000000000477" classname="character(0)" name="LongitudinalClaretBruno_works_as_expected_with_default_arguments"/>
  </testsuite>
  <testsuite name="LongitudinalClaretBruno" timestamp="2025-01-31T16:46:48Z" hostname="fb1fdeee018e" tests="2" skipped="0" failures="2" errors="0" time="0.01">
    <testcase time="0.00100000000000477" classname="character(0)" name="Print_method_for_LongitudinalClaretBruno_works_as_expected">
      <failure type="failure" message="Snapshot of code has changed: ('test-LongitudinalClaretBruno.R:12:5')">Snapshot of code has changed:
old[4:20] vs new[4:20]
  Output
    
    Claret-Bruno Longitudinal Model with parameters:
-       lm_clbr_mu_b ~ normal(mu = 4.09434, sigma = 0.5)
+       lm_clbr_mu_b ~ normal(mu = 4.09434, sigma = 0.5) 
-       lm_clbr_mu_g ~ normal(mu = 0, sigma = 0.5)
+       lm_clbr_mu_g ~ normal(mu = 0, sigma = 0.5) 
-       lm_clbr_mu_c ~ normal(mu = -0.91629, sigma = 0.5)
+       lm_clbr_mu_c ~ normal(mu = -0.91629, sigma = 0.5) 
-       lm_clbr_mu_p ~ normal(mu = 0.69315, sigma = 0.5)
+       lm_clbr_mu_p ~ normal(mu = 0.69315, sigma = 0.5) 
-       lm_clbr_omega_b ~ lognormal(mu = -1.60944, sigma = 0.5)
+       lm_clbr_omega_b ~ lognormal(mu = -1.60944, sigma = 0.5) T[0, ]
-       lm_clbr_omega_g ~ lognormal(mu = -1.60944, sigma = 0.5)
+       lm_clbr_omega_g ~ lognormal(mu = -1.60944, sigma = 0.5) T[0, ]
-       lm_clbr_omega_c ~ lognormal(mu = -1.60944, sigma = 0.5)
+       lm_clbr_omega_c ~ lognormal(mu = -1.60944, sigma = 0.5) T[0, ]
-       lm_clbr_omega_p ~ lognormal(mu = -1.60944, sigma = 0.5)
+       lm_clbr_omega_p ~ lognormal(mu = -1.60944, sigma = 0.5) T[0, ]
-       lm_clbr_sigma ~ lognormal(mu = -2.30259, sigma = 0.5)
+       lm_clbr_sigma ~ lognormal(mu = -2.30259, sigma = 0.5) T[0, ]
-       lm_clbr_eta_b ~ std_normal()
+       lm_clbr_eta_b ~ std_normal() 
-       lm_clbr_eta_g ~ std_normal()
+       lm_clbr_eta_g ~ std_normal() 
-       lm_clbr_eta_c ~ std_normal()
+       lm_clbr_eta_c ~ std_normal() 
-       lm_clbr_eta_p ~ std_normal()
+       lm_clbr_eta_p ~ std_normal() 
    

* Run `testthat::snapshot_accept('LongitudinalClaretBruno')` to accept the change.
* Run `testthat::snapshot_review('LongitudinalClaretBruno')` to interactively review the change.</failure>
    </testcase>
    <testcase time="0.00900000000001455" classname="character(0)" name="Print_method_for_LongitudinalClaretBruno_works_as_expected">
      <failure type="failure" message="Snapshot of code has changed: ('test-LongitudinalClaretBruno.R:17:5')">Snapshot of code has changed:
old[5:21] vs new[5:21]
  Output
    
    Claret-Bruno Longitudinal Model with parameters:
-       lm_clbr_mu_b ~ normal(mu = 4.09434, sigma = 0.5)
+       lm_clbr_mu_b ~ normal(mu = 4.09434, sigma = 0.5) 
-       lm_clbr_mu_g ~ gamma(alpha = 2, beta = 1)
+       lm_clbr_mu_g ~ gamma(alpha = 2, beta = 1) 
-       lm_clbr_mu_c ~ normal(mu = -0.91629, sigma = 0.5)
+       lm_clbr_mu_c ~ normal(mu = -0.91629, sigma = 0.5) 
-       lm_clbr_mu_p ~ normal(mu = 0.69315, sigma = 0.5)
+       lm_clbr_mu_p ~ normal(mu = 0.69315, sigma = 0.5) 
-       lm_clbr_omega_b ~ lognormal(mu = -1.60944, sigma = 0.5)
+       lm_clbr_omega_b ~ lognormal(mu = -1.60944, sigma = 0.5) T[0, ]
-       lm_clbr_omega_g ~ lognormal(mu = -1.60944, sigma = 0.5)
+       lm_clbr_omega_g ~ lognormal(mu = -1.60944, sigma = 0.5) T[0, ]
-       lm_clbr_omega_c ~ lognormal(mu = -1.60944, sigma = 0.5)
+       lm_clbr_omega_c ~ lognormal(mu = -1.60944, sigma = 0.5) T[0, ]
-       lm_clbr_omega_p ~ lognormal(mu = -1.60944, sigma = 0.5)
+       lm_clbr_omega_p ~ lognormal(mu = -1.60944, sigma = 0.5) T[0, ]
-       lm_clbr_sigma ~ normal(mu = 0, sigma = 1)
+       lm_clbr_sigma ~ normal(mu = 0, sigma = 1) T[0, ]
-       lm_clbr_eta_b ~ std_normal()
+       lm_clbr_eta_b ~ std_normal() 
-       lm_clbr_eta_g ~ std_normal()
+       lm_clbr_eta_g ~ std_normal() 
-       lm_clbr_eta_c ~ std_normal()
+       lm_clbr_eta_c ~ std_normal() 
-       lm_clbr_eta_p ~ std_normal()
+       lm_clbr_eta_p ~ std_normal() 
    

* Run `testthat::snapshot_accept('LongitudinalClaretBruno')` to accept the change.
* Run `testthat::snapshot_review('LongitudinalClaretBruno')` to interactively review the change.</failure>
    </testcase>
  </testsuite>
  <testsuite name="LongitudinalClaretBruno" timestamp="2025-01-31T16:46:48Z" hostname="fb1fdeee018e" tests="3" skipped="0" failures="0" errors="0" time="0.011">
    <testcase time="0.00999999999999091" classname="character(0)" name="Centralised_parameterisation_compiles_without_issues"/>
    <testcase time="0.00100000000000477" classname="character(0)" name="Centralised_parameterisation_compiles_without_issues"/>
    <testcase time="0" classname="character(0)" name="Centralised_parameterisation_compiles_without_issues"/>
  </testsuite>
  <testsuite name="LongitudinalClaretBruno" timestamp="2025-01-31T16:46:48Z" hostname="fb1fdeee018e" tests="3" skipped="0" failures="0" errors="0" time="0.003">
    <testcase time="0.00200000000000955" classname="character(0)" name="Non_Centralised_parameterisation_compiles_without_issues"/>
    <testcase time="0" classname="character(0)" name="Non_Centralised_parameterisation_compiles_without_issues"/>
    <testcase time="0.00100000000000477" classname="character(0)" name="Non_Centralised_parameterisation_compiles_without_issues"/>
  </testsuite>
  <testsuite name="LongitudinalClaretBruno" timestamp="2025-01-31T16:46:48Z" hostname="fb1fdeee018e" tests="3" skipped="0" failures="0" errors="0" time="0.002">
    <testcase time="0.000999999999976353" classname="character(0)" name="Centralised_parameterisation_compiles_without_issues"/>
    <testcase time="0.00100000000000477" classname="character(0)" name="Centralised_parameterisation_compiles_without_issues"/>
    <testcase time="0" classname="character(0)" name="Centralised_parameterisation_compiles_without_issues"/>
  </testsuite>
  <testsuite name="LongitudinalClaretBruno" timestamp="2025-01-31T16:46:48Z" hostname="fb1fdeee018e" tests="3" skipped="0" failures="0" errors="0" time="0.003">
    <testcase time="0.00200000000000955" classname="character(0)" name="Non_Centralised_parameterisation_compiles_without_issues"/>
    <testcase time="0" classname="character(0)" name="Non_Centralised_parameterisation_compiles_without_issues"/>
    <testcase time="0.00100000000000477" classname="character(0)" name="Non_Centralised_parameterisation_compiles_without_issues"/>
  </testsuite>
  <testsuite name="LongitudinalClaretBruno" timestamp="2025-01-31T16:46:48Z" hostname="fb1fdeee018e" tests="1" skipped="1" failures="0" errors="0" time="0.001">
    <testcase time="0.00100000000000477" classname="character(0)" name="Can_recover_known_distributional_parameters_from_a_SF_joint_model">
      <skipped message="Reason: is_full_test() is not TRUE ('test-LongitudinalClaretBruno.R:91:5')"/>
    </testcase>
  </testsuite>
  <testsuite name="LongitudinalClaretBruno" timestamp="2025-01-31T16:46:48Z" hostname="fb1fdeee018e" tests="2" skipped="0" failures="0" errors="0" time="0.016">
    <testcase time="0.0149999999999864" classname="character(0)" name="Quantity_models_pass_the_parser"/>
    <testcase time="0.00100000000000477" classname="character(0)" name="Quantity_models_pass_the_parser"/>
  </testsuite>
  <testsuite name="LongitudinalClaretBruno" timestamp="2025-01-31T16:46:48Z" hostname="fb1fdeee018e" tests="7" skipped="0" failures="0" errors="0" time="0.005">
    <testcase time="0.00200000000000955" classname="character(0)" name="Can_generate_valid_initial_values"/>
    <testcase time="0" classname="character(0)" name="Can_generate_valid_initial_values"/>
    <testcase time="0.000999999999976353" classname="character(0)" name="Can_generate_valid_initial_values"/>
    <testcase time="0" classname="character(0)" name="Can_generate_valid_initial_values"/>
    <testcase time="0.00100000000000477" classname="character(0)" name="Can_generate_valid_initial_values"/>
    <testcase time="0" classname="character(0)" name="Can_generate_valid_initial_values"/>
    <testcase time="0.00100000000000477" classname="character(0)" name="Can_generate_valid_initial_values"/>
  </testsuite>
  <testsuite name="LongitudinalClaretBruno" timestamp="2025-01-31T16:46:48Z" hostname="fb1fdeee018e" tests="1" skipped="0" failures="0" errors="0" time="0.001">
    <testcase time="0.00100000000000477" classname="character(0)" name="Unscaled_variance_pass_the_parser"/>
  </testsuite>
  <testsuite name="LongitudinalClaretBruno" timestamp="2025-01-31T16:46:48Z" hostname="fb1fdeee018e" tests="1" skipped="1" failures="0" errors="0" time="0.001">
    <testcase time="0.00100000000000477" classname="character(0)" name="Can_recover_known_distributional_parameters_from_unscaled_variance_ClaretBruno_model">
      <skipped message="Reason: is_full_test() is not TRUE ('test-LongitudinalClaretBruno.R:364:5')"/>
    </testcase>
  </testsuite>
  <testsuite name="LongitudinalGSF" timestamp="2025-01-31T16:46:55Z" hostname="fb1fdeee018e" tests="2" skipped="0" failures="0" errors="0" time="7.213">
    <testcase time="7.21199999999999" classname="character(0)" name="LongitudinalGSF_works_as_expected_with_default_arguments"/>
    <testcase time="0.00100000000000477" classname="character(0)" name="LongitudinalGSF_works_as_expected_with_default_arguments"/>
  </testsuite>
  <testsuite name="LongitudinalGSF" timestamp="2025-01-31T16:46:55Z" hostname="fb1fdeee018e" tests="2" skipped="0" failures="2" errors="0" time="0.01">
    <testcase time="0.00100000000000477" classname="character(0)" name="Print_method_for_LongitudinalGSF_works_as_expected">
      <failure type="failure" message="Snapshot of code has changed: ('test-LongitudinalGSF.R:12:5')">Snapshot of code has changed:
old[4:20] vs new[4:20]
  Output
    
    Generalized Stein-Fojo Longitudinal Model with parameters:
-       lm_gsf_mu_bsld ~ normal(mu = 4.09434, sigma = 1)
+       lm_gsf_mu_bsld ~ normal(mu = 4.09434, sigma = 1) 
-       lm_gsf_mu_ks ~ normal(mu = -0.69315, sigma = 1)
+       lm_gsf_mu_ks ~ normal(mu = -0.69315, sigma = 1) 
-       lm_gsf_mu_kg ~ normal(mu = -1.20397, sigma = 1)
+       lm_gsf_mu_kg ~ normal(mu = -1.20397, sigma = 1) 
-       lm_gsf_mu_phi ~ normal(mu = 0, sigma = 1)
+       lm_gsf_mu_phi ~ normal(mu = 0, sigma = 1) 
-       lm_gsf_omega_bsld ~ lognormal(mu = -1.60944, sigma = 1)
+       lm_gsf_omega_bsld ~ lognormal(mu = -1.60944, sigma = 1) T[0, ]
-       lm_gsf_omega_ks ~ lognormal(mu = -1.60944, sigma = 1)
+       lm_gsf_omega_ks ~ lognormal(mu = -1.60944, sigma = 1) T[0, ]
-       lm_gsf_omega_kg ~ lognormal(mu = -1.60944, sigma = 1)
+       lm_gsf_omega_kg ~ lognormal(mu = -1.60944, sigma = 1) T[0, ]
-       lm_gsf_omega_phi ~ lognormal(mu = -1.60944, sigma = 1)
+       lm_gsf_omega_phi ~ lognormal(mu = -1.60944, sigma = 1) T[0, ]
-       lm_gsf_sigma ~ lognormal(mu = -2.30259, sigma = 1)
+       lm_gsf_sigma ~ lognormal(mu = -2.30259, sigma = 1) T[0, ]
-       lm_gsf_eta_tilde_bsld ~ std_normal()
+       lm_gsf_eta_tilde_bsld ~ std_normal() 
-       lm_gsf_eta_tilde_ks ~ std_normal()
+       lm_gsf_eta_tilde_ks ~ std_normal() 
-       lm_gsf_eta_tilde_kg ~ std_normal()
+       lm_gsf_eta_tilde_kg ~ std_normal() 
-       lm_gsf_eta_tilde_phi ~ std_normal()
+       lm_gsf_eta_tilde_phi ~ std_normal() 
    

* Run `testthat::snapshot_accept('LongitudinalGSF')` to accept the change.
* Run `testthat::snapshot_review('LongitudinalGSF')` to interactively review the change.</failure>
    </testcase>
    <testcase time="0.00899999999998613" classname="character(0)" name="Print_method_for_LongitudinalGSF_works_as_expected">
      <failure type="failure" message="Snapshot of code has changed: ('test-LongitudinalGSF.R:17:5')">Snapshot of code has changed:
old[4:20] vs new[4:20]
  Output
    
    Generalized Stein-Fojo Longitudinal Model with parameters:
-       lm_gsf_mu_bsld ~ normal(mu = 4.09434, sigma = 1)
+       lm_gsf_mu_bsld ~ normal(mu = 4.09434, sigma = 1) 
-       lm_gsf_mu_ks ~ normal(mu = -0.69315, sigma = 1)
+       lm_gsf_mu_ks ~ normal(mu = -0.69315, sigma = 1) 
-       lm_gsf_mu_kg ~ gamma(alpha = 2, beta = 1)
+       lm_gsf_mu_kg ~ gamma(alpha = 2, beta = 1) 
-       lm_gsf_mu_phi ~ normal(mu = 0, sigma = 1)
+       lm_gsf_mu_phi ~ normal(mu = 0, sigma = 1) 
-       lm_gsf_omega_bsld ~ lognormal(mu = -1.60944, sigma = 1)
+       lm_gsf_omega_bsld ~ lognormal(mu = -1.60944, sigma = 1) T[0, ]
-       lm_gsf_omega_ks ~ lognormal(mu = -1.60944, sigma = 1)
+       lm_gsf_omega_ks ~ lognormal(mu = -1.60944, sigma = 1) T[0, ]
-       lm_gsf_omega_kg ~ lognormal(mu = -1.60944, sigma = 1)
+       lm_gsf_omega_kg ~ lognormal(mu = -1.60944, sigma = 1) T[0, ]
-       lm_gsf_omega_phi ~ lognormal(mu = -1.60944, sigma = 1)
+       lm_gsf_omega_phi ~ lognormal(mu = -1.60944, sigma = 1) T[0, ]
-       lm_gsf_sigma ~ normal(mu = 0, sigma = 1)
+       lm_gsf_sigma ~ normal(mu = 0, sigma = 1) T[0, ]
-       lm_gsf_eta_tilde_bsld ~ std_normal()
+       lm_gsf_eta_tilde_bsld ~ std_normal() 
-       lm_gsf_eta_tilde_ks ~ std_normal()
+       lm_gsf_eta_tilde_ks ~ std_normal() 
-       lm_gsf_eta_tilde_kg ~ std_normal()
+       lm_gsf_eta_tilde_kg ~ std_normal() 
-       lm_gsf_eta_tilde_phi ~ std_normal()
+       lm_gsf_eta_tilde_phi ~ std_normal() 
    

* Run `testthat::snapshot_accept('LongitudinalGSF')` to accept the change.
* Run `testthat::snapshot_review('LongitudinalGSF')` to interactively review the change.</failure>
    </testcase>
  </testsuite>
  <testsuite name="LongitudinalGSF" timestamp="2025-01-31T16:46:55Z" hostname="fb1fdeee018e" tests="3" skipped="0" failures="0" errors="0" time="0.012">
    <testcase time="0.0109999999999957" classname="character(0)" name="Centralised_parameterisation_compiles_without_issues"/>
    <testcase time="0.00100000000000477" classname="character(0)" name="Centralised_parameterisation_compiles_without_issues"/>
    <testcase time="0" classname="character(0)" name="Centralised_parameterisation_compiles_without_issues"/>
  </testsuite>
  <testsuite name="LongitudinalGSF" timestamp="2025-01-31T16:46:55Z" hostname="fb1fdeee018e" tests="3" skipped="0" failures="0" errors="0" time="0.003">
    <testcase time="0.00200000000000955" classname="character(0)" name="Non_Centralised_parameterisation_compiles_without_issues"/>
    <testcase time="0.00100000000000477" classname="character(0)" name="Non_Centralised_parameterisation_compiles_without_issues"/>
    <testcase time="0" classname="character(0)" name="Non_Centralised_parameterisation_compiles_without_issues"/>
  </testsuite>
  <testsuite name="LongitudinalGSF" timestamp="2025-01-31T16:46:55Z" hostname="fb1fdeee018e" tests="4" skipped="0" failures="0" errors="0" time="0.003">
    <testcase time="0.00199999999998113" classname="character(0)" name="Can_load_and_compile_growth_shrinkage_links"/>
    <testcase time="0" classname="character(0)" name="Can_load_and_compile_growth_shrinkage_links"/>
    <testcase time="0.00100000000000477" classname="character(0)" name="Can_load_and_compile_growth_shrinkage_links"/>
    <testcase time="0" classname="character(0)" name="Can_load_and_compile_growth_shrinkage_links"/>
  </testsuite>
  <testsuite name="LongitudinalGSF" timestamp="2025-01-31T16:46:55Z" hostname="fb1fdeee018e" tests="1" skipped="1" failures="0" errors="0" time="0.002">
    <testcase time="0.00200000000000955" classname="character(0)" name="Can_recover_known_distributional_parameters_from_a_full_GSF_joint_model">
      <skipped message="Reason: is_full_test() is not TRUE ('test-LongitudinalGSF.R:83:5')"/>
    </testcase>
  </testsuite>
  <testsuite name="LongitudinalGSF" timestamp="2025-01-31T16:46:55Z" hostname="fb1fdeee018e" tests="2" skipped="0" failures="0" errors="0" time="0.011">
    <testcase time="0.0109999999999957" classname="character(0)" name="Quantity_models_pass_the_parser"/>
    <testcase time="0" classname="character(0)" name="Quantity_models_pass_the_parser"/>
  </testsuite>
  <testsuite name="LongitudinalGSF" timestamp="2025-01-31T16:46:55Z" hostname="fb1fdeee018e" tests="7" skipped="0" failures="0" errors="0" time="0.005">
    <testcase time="0.00200000000000955" classname="character(0)" name="Can_generate_valid_initial_values"/>
    <testcase time="0" classname="character(0)" name="Can_generate_valid_initial_values"/>
    <testcase time="0.000999999999976353" classname="character(0)" name="Can_generate_valid_initial_values"/>
    <testcase time="0" classname="character(0)" name="Can_generate_valid_initial_values"/>
    <testcase time="0.00100000000000477" classname="character(0)" name="Can_generate_valid_initial_values"/>
    <testcase time="0" classname="character(0)" name="Can_generate_valid_initial_values"/>
    <testcase time="0.00100000000000477" classname="character(0)" name="Can_generate_valid_initial_values"/>
  </testsuite>
  <testsuite name="LongitudinalGSF" timestamp="2025-01-31T16:46:55Z" hostname="fb1fdeee018e" tests="1" skipped="0" failures="0" errors="0" time="0.002">
    <testcase time="0.00200000000000955" classname="character(0)" name="Unscaled_variance_GSF_mode_pass_the_parser"/>
  </testsuite>
  <testsuite name="LongitudinalGSF" timestamp="2025-01-31T16:46:55Z" hostname="fb1fdeee018e" tests="1" skipped="1" failures="0" errors="0" time="0.001">
    <testcase time="0.000999999999976353" classname="character(0)" name="Can_recover_known_distributional_parameters_from_unscaled_variance_GSF_model">
      <skipped message="Reason: is_full_test() is not TRUE ('test-LongitudinalGSF.R:334:5')"/>
    </testcase>
  </testsuite>
  <testsuite name="Grid" timestamp="2025-01-31T16:47:44Z" hostname="fb1fdeee018e" tests="15" skipped="0" failures="0" errors="0" time="49.258">
    <testcase time="49.247" classname="character(0)" name="Grid_objects_work_with_QuantityGenerator_and_QuantityCollapser"/>
    <testcase time="0.00100000000000477" classname="character(0)" name="Grid_objects_work_with_QuantityGenerator_and_QuantityCollapser"/>
    <testcase time="0.00100000000000477" classname="character(0)" name="Grid_objects_work_with_QuantityGenerator_and_QuantityCollapser"/>
    <testcase time="0.00100000000000477" classname="character(0)" name="Grid_objects_work_with_QuantityGenerator_and_QuantityCollapser"/>
    <testcase time="0" classname="character(0)" name="Grid_objects_work_with_QuantityGenerator_and_QuantityCollapser"/>
    <testcase time="0.000999999999976353" classname="character(0)" name="Grid_objects_work_with_QuantityGenerator_and_QuantityCollapser"/>
    <testcase time="0.00100000000000477" classname="character(0)" name="Grid_objects_work_with_QuantityGenerator_and_QuantityCollapser"/>
    <testcase time="0.00100000000000477" classname="character(0)" name="Grid_objects_work_with_QuantityGenerator_and_QuantityCollapser"/>
    <testcase time="0.00100000000000477" classname="character(0)" name="Grid_objects_work_with_QuantityGenerator_and_QuantityCollapser"/>
    <testcase time="0" classname="character(0)" name="Grid_objects_work_with_QuantityGenerator_and_QuantityCollapser"/>
    <testcase time="0.00100000000000477" classname="character(0)" name="Grid_objects_work_with_QuantityGenerator_and_QuantityCollapser"/>
    <testcase time="0.00100000000000477" classname="character(0)" name="Grid_objects_work_with_QuantityGenerator_and_QuantityCollapser"/>
    <testcase time="0.000999999999976353" classname="character(0)" name="Grid_objects_work_with_QuantityGenerator_and_QuantityCollapser"/>
    <testcase time="0" classname="character(0)" name="Grid_objects_work_with_QuantityGenerator_and_QuantityCollapser"/>
    <testcase time="0.00100000000000477" classname="character(0)" name="Grid_objects_work_with_QuantityGenerator_and_QuantityCollapser"/>
  </testsuite>
  <testsuite name="Grid" timestamp="2025-01-31T16:47:44Z" hostname="fb1fdeee018e" tests="11" skipped="0" failures="0" errors="0" time="0.007">
    <testcase time="0.00200000000000955" classname="character(0)" name="GridObservered_Constructs_correct_quantities"/>
    <testcase time="0" classname="character(0)" name="GridObservered_Constructs_correct_quantities"/>
    <testcase time="0.00100000000000477" classname="character(0)" name="GridObservered_Constructs_correct_quantities"/>
    <testcase time="0" classname="character(0)" name="GridObservered_Constructs_correct_quantities"/>
    <testcase time="0.00100000000000477" classname="character(0)" name="GridObservered_Constructs_correct_quantities"/>
    <testcase time="0" classname="character(0)" name="GridObservered_Constructs_correct_quantities"/>
    <testcase time="0.000999999999976353" classname="character(0)" name="GridObservered_Constructs_correct_quantities"/>
    <testcase time="0" classname="character(0)" name="GridObservered_Constructs_correct_quantities"/>
    <testcase time="0.00100000000000477" classname="character(0)" name="GridObservered_Constructs_correct_quantities"/>
    <testcase time="0" classname="character(0)" name="GridObservered_Constructs_correct_quantities"/>
    <testcase time="0.00100000000000477" classname="character(0)" name="GridObservered_Constructs_correct_quantities"/>
  </testsuite>
  <testsuite name="Grid" timestamp="2025-01-31T16:47:44Z" hostname="fb1fdeee018e" tests="4" skipped="0" failures="0" errors="0" time="0.003">
    <testcase time="0.00100000000000477" classname="character(0)" name="subjects_to_list_works_as_expected"/>
    <testcase time="0.00100000000000477" classname="character(0)" name="subjects_to_list_works_as_expected"/>
    <testcase time="0" classname="character(0)" name="subjects_to_list_works_as_expected"/>
    <testcase time="0.00100000000000477" classname="character(0)" name="subjects_to_list_works_as_expected"/>
  </testsuite>
  <testsuite name="Grid" timestamp="2025-01-31T16:47:44Z" hostname="fb1fdeee018e" tests="4" skipped="0" failures="0" errors="0" time="0.003">
    <testcase time="0.000999999999976353" classname="character(0)" name="coalesceGridTime_works_as_expected"/>
    <testcase time="0.00100000000000477" classname="character(0)" name="coalesceGridTime_works_as_expected"/>
    <testcase time="0" classname="character(0)" name="coalesceGridTime_works_as_expected"/>
    <testcase time="0.00100000000000477" classname="character(0)" name="coalesceGridTime_works_as_expected"/>
  </testsuite>
  <testsuite name="Grid" timestamp="2025-01-31T16:47:44Z" hostname="fb1fdeee018e" tests="5" skipped="0" failures="0" errors="0" time="0.003">
    <testcase time="0.00100000000000477" classname="character(0)" name="GridPopulation_works_as_expected_for_GSF_models"/>
    <testcase time="0.00100000000000477" classname="character(0)" name="GridPopulation_works_as_expected_for_GSF_models"/>
    <testcase time="0" classname="character(0)" name="GridPopulation_works_as_expected_for_GSF_models"/>
    <testcase time="0.00100000000000477" classname="character(0)" name="GridPopulation_works_as_expected_for_GSF_models"/>
    <testcase time="0" classname="character(0)" name="GridPopulation_works_as_expected_for_GSF_models"/>
  </testsuite>
  <testsuite name="Grid" timestamp="2025-01-31T16:47:44Z" hostname="fb1fdeee018e" tests="5" skipped="0" failures="0" errors="0" time="0.005">
    <testcase time="0.00199999999998113" classname="character(0)" name="GridPopulation_works_as_expected_for_Longitudinal_models"/>
    <testcase time="0" classname="character(0)" name="GridPopulation_works_as_expected_for_Longitudinal_models"/>
    <testcase time="0.00100000000000477" classname="character(0)" name="GridPopulation_works_as_expected_for_Longitudinal_models"/>
    <testcase time="0.00100000000000477" classname="character(0)" name="GridPopulation_works_as_expected_for_Longitudinal_models"/>
    <testcase time="0.00100000000000477" classname="character(0)" name="GridPopulation_works_as_expected_for_Longitudinal_models"/>
  </testsuite>
  <testsuite name="Grid" timestamp="2025-01-31T16:47:44Z" hostname="fb1fdeee018e" tests="1" skipped="0" failures="0" errors="0" time="0.001">
    <testcase time="0.000999999999976353" classname="character(0)" name="GridPopulation_doesn_t_work_with_SurvivalQuantities"/>
  </testsuite>
  <testsuite name="Grid" timestamp="2025-01-31T16:47:44Z" hostname="fb1fdeee018e" tests="1" skipped="0" failures="0" errors="0" time="0.002">
    <testcase time="0.00200000000000955" classname="character(0)" name="GridFixed_bug_has_been_fixed"/>
  </testsuite>
  <testsuite name="LongitudinalQuantiles" timestamp="2025-01-31T16:47:51Z" hostname="fb1fdeee018e" tests="10" skipped="0" failures="0" errors="0" time="6.878">
    <testcase time="6.87100000000001" classname="character(0)" name="Test_that_LongitudinalQuantities_works_as_expected"/>
    <testcase time="0.00100000000000477" classname="character(0)" name="Test_that_LongitudinalQuantities_works_as_expected"/>
    <testcase time="0.000999999999976353" classname="character(0)" name="Test_that_LongitudinalQuantities_works_as_expected"/>
    <testcase time="0.00100000000000477" classname="character(0)" name="Test_that_LongitudinalQuantities_works_as_expected"/>
    <testcase time="0.00100000000000477" classname="character(0)" name="Test_that_LongitudinalQuantities_works_as_expected"/>
    <testcase time="0.00100000000000477" classname="character(0)" name="Test_that_LongitudinalQuantities_works_as_expected"/>
    <testcase time="0" classname="character(0)" name="Test_that_LongitudinalQuantities_works_as_expected"/>
    <testcase time="0" classname="character(0)" name="Test_that_LongitudinalQuantities_works_as_expected"/>
    <testcase time="0.00100000000000477" classname="character(0)" name="Test_that_LongitudinalQuantities_works_as_expected"/>
    <testcase time="0.000999999999976353" classname="character(0)" name="Test_that_LongitudinalQuantities_works_as_expected"/>
  </testsuite>
  <testsuite name="LongitudinalQuantiles" timestamp="2025-01-31T16:47:51Z" hostname="fb1fdeee018e" tests="15" skipped="0" failures="0" errors="0" time="0.015">
    <testcase time="0.00200000000000955" classname="character(0)" name="autoplot.LongitudinalQuantities_works_as_expected"/>
    <testcase time="0.00100000000000477" classname="character(0)" name="autoplot.LongitudinalQuantities_works_as_expected"/>
    <testcase time="0.00100000000000477" classname="character(0)" name="autoplot.LongitudinalQuantities_works_as_expected"/>
    <testcase time="0.00100000000000477" classname="character(0)" name="autoplot.LongitudinalQuantities_works_as_expected"/>
    <testcase time="0.000999999999976353" classname="character(0)" name="autoplot.LongitudinalQuantities_works_as_expected"/>
    <testcase time="0.00100000000000477" classname="character(0)" name="autoplot.LongitudinalQuantities_works_as_expected"/>
    <testcase time="0.00100000000000477" classname="character(0)" name="autoplot.LongitudinalQuantities_works_as_expected"/>
    <testcase time="0.00100000000000477" classname="character(0)" name="autoplot.LongitudinalQuantities_works_as_expected"/>
    <testcase time="0.00100000000000477" classname="character(0)" name="autoplot.LongitudinalQuantities_works_as_expected"/>
    <testcase time="0.00100000000000477" classname="character(0)" name="autoplot.LongitudinalQuantities_works_as_expected"/>
    <testcase time="0.000999999999976353" classname="character(0)" name="autoplot.LongitudinalQuantities_works_as_expected"/>
    <testcase time="0.00100000000000477" classname="character(0)" name="autoplot.LongitudinalQuantities_works_as_expected"/>
    <testcase time="0" classname="character(0)" name="autoplot.LongitudinalQuantities_works_as_expected"/>
    <testcase time="0.00100000000000477" classname="character(0)" name="autoplot.LongitudinalQuantities_works_as_expected"/>
    <testcase time="0.00100000000000477" classname="character(0)" name="autoplot.LongitudinalQuantities_works_as_expected"/>
  </testsuite>
  <testsuite name="LongitudinalQuantiles" timestamp="2025-01-31T16:47:51Z" hostname="fb1fdeee018e" tests="2" skipped="0" failures="0" errors="0" time="0.002">
    <testcase time="0.00200000000000955" classname="character(0)" name="LongitudinalQuantities_print_method_works_as_expected"/>
    <testcase time="0" classname="character(0)" name="LongitudinalQuantities_print_method_works_as_expected"/>
  </testsuite>
  <testsuite name="LongitudinalQuantiles" timestamp="2025-01-31T16:47:51Z" hostname="fb1fdeee018e" tests="1" skipped="0" failures="0" errors="0" time="0.002">
    <testcase time="0.00199999999998113" classname="character(0)" name="LongitudinalQuantities_can_recover_known_results"/>
  </testsuite>
  <testsuite name="LongitudinalQuantiles" timestamp="2025-01-31T16:47:51Z" hostname="fb1fdeee018e" tests="1" skipped="0" failures="0" errors="0" time="0.002">
    <testcase time="0.00200000000000955" classname="character(0)" name="LongitudinalQuantities_correctly_subsets_subjects_and_rebuilds_correct_value_for_each_sample"/>
  </testsuite>
  <testsuite name="LongitudinalSteinFojo" timestamp="2025-01-31T16:47:59Z" hostname="fb1fdeee018e" tests="2" skipped="0" failures="0" errors="0" time="7.722">
    <testcase time="7.721" classname="character(0)" name="LongitudinalSteinFojo_works_as_expected_with_default_arguments"/>
    <testcase time="0.00100000000000477" classname="character(0)" name="LongitudinalSteinFojo_works_as_expected_with_default_arguments"/>
  </testsuite>
  <testsuite name="LongitudinalSteinFojo" timestamp="2025-01-31T16:47:59Z" hostname="fb1fdeee018e" tests="2" skipped="0" failures="2" errors="0" time="0.011">
    <testcase time="0.00199999999998113" classname="character(0)" name="Print_method_for_LongitudinalSteinFojo_works_as_expected">
      <failure type="failure" message="Snapshot of code has changed: ('test-LongitudinalSteinFojo.R:11:5')">Snapshot of code has changed:
old[4:17] vs new[4:17]
  Output
    
    Stein-Fojo Longitudinal Model with parameters:
-       lm_sf_mu_bsld ~ normal(mu = 4.09434, sigma = 1)
+       lm_sf_mu_bsld ~ normal(mu = 4.09434, sigma = 1) 
-       lm_sf_mu_ks ~ normal(mu = -0.69315, sigma = 1)
+       lm_sf_mu_ks ~ normal(mu = -0.69315, sigma = 1) 
-       lm_sf_mu_kg ~ normal(mu = -1.20397, sigma = 1)
+       lm_sf_mu_kg ~ normal(mu = -1.20397, sigma = 1) 
-       lm_sf_omega_bsld ~ lognormal(mu = -1.60944, sigma = 1)
+       lm_sf_omega_bsld ~ lognormal(mu = -1.60944, sigma = 1) T[0, ]
-       lm_sf_omega_ks ~ lognormal(mu = -1.60944, sigma = 1)
+       lm_sf_omega_ks ~ lognormal(mu = -1.60944, sigma = 1) T[0, ]
-       lm_sf_omega_kg ~ lognormal(mu = -1.60944, sigma = 1)
+       lm_sf_omega_kg ~ lognormal(mu = -1.60944, sigma = 1) T[0, ]
-       lm_sf_sigma ~ lognormal(mu = -2.30259, sigma = 1)
+       lm_sf_sigma ~ lognormal(mu = -2.30259, sigma = 1) T[0, ]
-       lm_sf_eta_tilde_bsld ~ std_normal()
+       lm_sf_eta_tilde_bsld ~ std_normal() 
-       lm_sf_eta_tilde_ks ~ std_normal()
+       lm_sf_eta_tilde_ks ~ std_normal() 
-       lm_sf_eta_tilde_kg ~ std_normal()
+       lm_sf_eta_tilde_kg ~ std_normal() 
    

* Run `testthat::snapshot_accept('LongitudinalSteinFojo')` to accept the change.
* Run `testthat::snapshot_review('LongitudinalSteinFojo')` to interactively review the change.</failure>
    </testcase>
    <testcase time="0.00900000000001455" classname="character(0)" name="Print_method_for_LongitudinalSteinFojo_works_as_expected">
      <failure type="failure" message="Snapshot of code has changed: ('test-LongitudinalSteinFojo.R:16:5')">Snapshot of code has changed:
old[4:17] vs new[4:17]
  Output
    
    Stein-Fojo Longitudinal Model with parameters:
-       lm_sf_mu_bsld ~ normal(mu = 4.09434, sigma = 1)
+       lm_sf_mu_bsld ~ normal(mu = 4.09434, sigma = 1) 
-       lm_sf_mu_ks ~ normal(mu = -0.69315, sigma = 1)
+       lm_sf_mu_ks ~ normal(mu = -0.69315, sigma = 1) 
-       lm_sf_mu_kg ~ gamma(alpha = 2, beta = 1)
+       lm_sf_mu_kg ~ gamma(alpha = 2, beta = 1) 
-       lm_sf_omega_bsld ~ lognormal(mu = -1.60944, sigma = 1)
+       lm_sf_omega_bsld ~ lognormal(mu = -1.60944, sigma = 1) T[0, ]
-       lm_sf_omega_ks ~ lognormal(mu = -1.60944, sigma = 1)
+       lm_sf_omega_ks ~ lognormal(mu = -1.60944, sigma = 1) T[0, ]
-       lm_sf_omega_kg ~ lognormal(mu = -1.60944, sigma = 1)
+       lm_sf_omega_kg ~ lognormal(mu = -1.60944, sigma = 1) T[0, ]
-       lm_sf_sigma ~ normal(mu = 0, sigma = 1)
+       lm_sf_sigma ~ normal(mu = 0, sigma = 1) T[0, ]
-       lm_sf_eta_tilde_bsld ~ std_normal()
+       lm_sf_eta_tilde_bsld ~ std_normal() 
-       lm_sf_eta_tilde_ks ~ std_normal()
+       lm_sf_eta_tilde_ks ~ std_normal() 
-       lm_sf_eta_tilde_kg ~ std_normal()
+       lm_sf_eta_tilde_kg ~ std_normal() 
    

* Run `testthat::snapshot_accept('LongitudinalSteinFojo')` to accept the change.
* Run `testthat::snapshot_review('LongitudinalSteinFojo')` to interactively review the change.</failure>
    </testcase>
  </testsuite>
  <testsuite name="LongitudinalSteinFojo" timestamp="2025-01-31T16:47:59Z" hostname="fb1fdeee018e" tests="3" skipped="0" failures="0" errors="0" time="0.016">
    <testcase time="0.0149999999999864" classname="character(0)" name="Centralised_parameterisation_compiles_without_issues"/>
    <testcase time="0" classname="character(0)" name="Centralised_parameterisation_compiles_without_issues"/>
    <testcase time="0.00100000000000477" classname="character(0)" name="Centralised_parameterisation_compiles_without_issues"/>
  </testsuite>
  <testsuite name="LongitudinalSteinFojo" timestamp="2025-01-31T16:47:59Z" hostname="fb1fdeee018e" tests="3" skipped="0" failures="0" errors="0" time="0.002">
    <testcase time="0.00100000000000477" classname="character(0)" name="Non_Centralised_parameterisation_compiles_without_issues"/>
    <testcase time="0.00100000000000477" classname="character(0)" name="Non_Centralised_parameterisation_compiles_without_issues"/>
    <testcase time="0" classname="character(0)" name="Non_Centralised_parameterisation_compiles_without_issues"/>
  </testsuite>
  <testsuite name="LongitudinalSteinFojo" timestamp="2025-01-31T16:47:59Z" hostname="fb1fdeee018e" tests="3" skipped="0" failures="0" errors="0" time="0.003">
    <testcase time="0.00199999999998113" classname="character(0)" name="Centralised_parameterisation_compiles_without_issues"/>
    <testcase time="0" classname="character(0)" name="Centralised_parameterisation_compiles_without_issues"/>
    <testcase time="0.00100000000000477" classname="character(0)" name="Centralised_parameterisation_compiles_without_issues"/>
  </testsuite>
  <testsuite name="LongitudinalSteinFojo" timestamp="2025-01-31T16:47:59Z" hostname="fb1fdeee018e" tests="3" skipped="0" failures="0" errors="0" time="0.002">
    <testcase time="0.00100000000000477" classname="character(0)" name="Non_Centralised_parameterisation_compiles_without_issues"/>
    <testcase time="0.00100000000000477" classname="character(0)" name="Non_Centralised_parameterisation_compiles_without_issues"/>
    <testcase time="0" classname="character(0)" name="Non_Centralised_parameterisation_compiles_without_issues"/>
  </testsuite>
  <testsuite name="LongitudinalSteinFojo" timestamp="2025-01-31T16:47:59Z" hostname="fb1fdeee018e" tests="4" skipped="0" failures="0" errors="0" time="0.003">
    <testcase time="0.00200000000000955" classname="character(0)" name="Can_load_and_compile_growth_shrinkage_links"/>
    <testcase time="0" classname="character(0)" name="Can_load_and_compile_growth_shrinkage_links"/>
    <testcase time="0.000999999999976353" classname="character(0)" name="Can_load_and_compile_growth_shrinkage_links"/>
    <testcase time="0" classname="character(0)" name="Can_load_and_compile_growth_shrinkage_links"/>
  </testsuite>
  <testsuite name="LongitudinalSteinFojo" timestamp="2025-01-31T16:47:59Z" hostname="fb1fdeee018e" tests="1" skipped="1" failures="0" errors="0" time="0.002">
    <testcase time="0.00200000000000955" classname="character(0)" name="Can_recover_known_distributional_parameters_from_a_SF_joint_model">
      <skipped message="Reason: is_full_test() is not TRUE ('test-LongitudinalSteinFojo.R:110:5')"/>
    </testcase>
  </testsuite>
  <testsuite name="LongitudinalSteinFojo" timestamp="2025-01-31T16:47:59Z" hostname="fb1fdeee018e" tests="1" skipped="1" failures="0" errors="0" time="0.01">
    <testcase time="0.00999999999999091" classname="character(0)" name="Can_recover_known_distributional_parameters_from_a_SF_joint_model_with_growth_link">
      <skipped message="Reason: is_full_test() is not TRUE ('test-LongitudinalSteinFojo.R:275:5')"/>
    </testcase>
  </testsuite>
  <testsuite name="LongitudinalSteinFojo" timestamp="2025-01-31T16:47:59Z" hostname="fb1fdeee018e" tests="2" skipped="0" failures="0" errors="0" time="0.01">
    <testcase time="0.0100000000000193" classname="character(0)" name="Quantity_models_pass_the_parser"/>
    <testcase time="0" classname="character(0)" name="Quantity_models_pass_the_parser"/>
  </testsuite>
  <testsuite name="LongitudinalSteinFojo" timestamp="2025-01-31T16:47:59Z" hostname="fb1fdeee018e" tests="6" skipped="0" failures="0" errors="0" time="0.004">
    <testcase time="0.00199999999998113" classname="character(0)" name="Can_generate_valid_initial_values"/>
    <testcase time="0" classname="character(0)" name="Can_generate_valid_initial_values"/>
    <testcase time="0.00100000000000477" classname="character(0)" name="Can_generate_valid_initial_values"/>
    <testcase time="0" classname="character(0)" name="Can_generate_valid_initial_values"/>
    <testcase time="0.00100000000000477" classname="character(0)" name="Can_generate_valid_initial_values"/>
    <testcase time="0" classname="character(0)" name="Can_generate_valid_initial_values"/>
  </testsuite>
  <testsuite name="LongitudinalSteinFojo" timestamp="2025-01-31T16:47:59Z" hostname="fb1fdeee018e" tests="1" skipped="0" failures="0" errors="0" time="0.002">
    <testcase time="0.00200000000000955" classname="character(0)" name="Unscaled_variance_SF_mode_pass_the_parser"/>
  </testsuite>
  <testsuite name="LongitudinalSteinFojo" timestamp="2025-01-31T16:47:59Z" hostname="fb1fdeee018e" tests="1" skipped="1" failures="0" errors="0" time="0.002">
    <testcase time="0.00199999999998113" classname="character(0)" name="Can_recover_known_distributional_parameters_from_unscaled_variance_SF_model">
      <skipped message="Reason: is_full_test() is not TRUE ('test-LongitudinalSteinFojo.R:539:5')"/>
    </testcase>
  </testsuite>
  <testsuite name="Parameter" timestamp="2025-01-31T16:47:59Z" hostname="fb1fdeee018e" tests="2" skipped="0" failures="0" errors="0" time="0.213">
    <testcase time="0.213000000000022" classname="character(0)" name="Parameters_smoke_tests"/>
    <testcase time="0" classname="character(0)" name="Parameters_smoke_tests"/>
  </testsuite>
  <testsuite name="Parameter" timestamp="2025-01-31T16:47:59Z" hostname="fb1fdeee018e" tests="3" skipped="0" failures="3" errors="0" time="0.019">
    <testcase time="0.00100000000000477" classname="character(0)" name="show_works_for_Paramneter_objects">
      <failure type="failure" message="Snapshot of code has changed: ('test-Parameter.R:17:5')">Snapshot of code has changed:
old[3:7] vs new[3:7]
  Output
    
    Parameter Object:
-      bob ~ normal(mu = 1, sigma = 3)
+      bob ~ normal(mu = 1, sigma = 3) 
    

* Run `testthat::snapshot_accept('Parameter')` to accept the change.
* Run `testthat::snapshot_review('Parameter')` to interactively review the change.</failure>
    </testcase>
    <testcase time="0.00900000000001455" classname="character(0)" name="show_works_for_Paramneter_objects">
      <failure type="failure" message="Snapshot of code has changed: ('test-Parameter.R:20:5')">Snapshot of code has changed:
    old                                | new                                    
[3] Output                             | Output                              [3]
[4]                                    |                                     [4]
[5]   Parameter Object:                |   Parameter Object:                 [5]
[6]      var1 ~ beta(a = 0.5, b = 0.2) -      var1 ~ beta(a = 0.5, b = 0.2)  [6]
[7]                                    |                                     [7]

* Run `testthat::snapshot_accept('Parameter')` to accept the change.
* Run `testthat::snapshot_review('Parameter')` to interactively review the change.</failure>
    </testcase>
    <testcase time="0.00899999999998613" classname="character(0)" name="show_works_for_Paramneter_objects">
      <failure type="failure" message="Snapshot of code has changed: ('test-Parameter.R:23:5')">Snapshot of code has changed:
    old                 | new                    
[3] Output              | Output              [3]
[4]                     |                     [4]
[5]   Parameter Object: |   Parameter Object: [5]
[6]      x ~ &lt;None&gt;     -      x ~ &lt;None&gt;     [6]
[7]                     |                     [7]

* Run `testthat::snapshot_accept('Parameter')` to accept the change.
* Run `testthat::snapshot_review('Parameter')` to interactively review the change.</failure>
    </testcase>
  </testsuite>
  <testsuite name="ParameterList" timestamp="2025-01-31T16:48:00Z" hostname="fb1fdeee018e" tests="4" skipped="0" failures="1" errors="0" time="0.193">
    <testcase time="0.183000000000021" classname="character(0)" name="ParameterList_smoke_tests"/>
    <testcase time="0" classname="character(0)" name="ParameterList_smoke_tests"/>
    <testcase time="0.000999999999976353" classname="character(0)" name="ParameterList_smoke_tests">
      <failure type="failure" message="as.StanModule(pl) (`actual`) not equal to StanModule(test_path(&quot;models&quot;, &quot;ParameterList.stan&quot;)) (`expected`). ('test-ParameterList.R:29:5')">as.StanModule(pl) (`actual`) not equal to StanModule(test_path("models", "ParameterList.stan")) (`expected`).

actual@model vs expected@model
- "    inter ~ gamma(prior_alpha_inter, prior_beta_inter) ;"
+ "    inter ~ gamma(prior_alpha_inter, prior_beta_inter);"
- "    myp ~ normal(prior_mu_myp, prior_sigma_myp) ;"
+ "    myp ~ normal(prior_mu_myp, prior_sigma_myp);"</failure>
    </testcase>
    <testcase time="0.00900000000001455" classname="character(0)" name="ParameterList_smoke_tests"/>
  </testsuite>
  <testsuite name="ParameterList" timestamp="2025-01-31T16:48:00Z" hostname="fb1fdeee018e" tests="1" skipped="0" failures="1" errors="0" time="0.002">
    <testcase time="0.00200000000000955" classname="character(0)" name="show_works_for_ParameterList_objects">
      <failure type="failure" message="Snapshot of code has changed: ('test-ParameterList.R:53:5')">Snapshot of code has changed:
old[3:10] vs new[3:10]
  Output
    
    ParameterList Object:
-       bob ~ normal(mu = 1, sigma = 4)
+       bob ~ normal(mu = 1, sigma = 4) 
-       sam ~ beta(a = 3, b = 1)
+       sam ~ beta(a = 3, b = 1) 
-       dave ~ lognormal(mu = 3, sigma = 2)
+       dave ~ lognormal(mu = 3, sigma = 2) 
-       steve ~ &lt;None&gt;
+       steve ~ &lt;None&gt; 
    

* Run `testthat::snapshot_accept('ParameterList')` to accept the change.
* Run `testthat::snapshot_review('ParameterList')` to interactively review the change.</failure>
    </testcase>
  </testsuite>
  <testsuite name="Prior" timestamp="2025-01-31T16:48:01Z" hostname="fb1fdeee018e" tests="8" skipped="0" failures="3" errors="0" time="1.253">
    <testcase time="1.22399999999999" classname="character(0)" name="Priors_work_as_expected"/>
    <testcase time="0.00100000000000477" classname="character(0)" name="Priors_work_as_expected">
      <failure type="failure" message="as.StanModule(x, name = &quot;bob&quot;) (`actual`) not equal to StanModule(test_path(&quot;models&quot;, &quot;Prior_1.stan&quot;)) (`expected`). ('test-Prior.R:11:5')">as.StanModule(x, name = "bob") (`actual`) not equal to StanModule(test_path("models", "Prior_1.stan")) (`expected`).

`actual@model`:   "    bob ~ normal(prior_mu_bob, prior_sigma_bob) ;"
`expected@model`: "    bob ~ normal(prior_mu_bob, prior_sigma_bob);" </failure>
    </testcase>
    <testcase time="0.00899999999998613" classname="character(0)" name="Priors_work_as_expected"/>
    <testcase time="0.00100000000000477" classname="character(0)" name="Priors_work_as_expected"/>
    <testcase time="0" classname="character(0)" name="Priors_work_as_expected">
      <failure type="failure" message="as.StanModule(x, name = &quot;tim&quot;) (`actual`) not equal to StanModule(test_path(&quot;models&quot;, &quot;Prior_2.stan&quot;)) (`expected`). ('test-Prior.R:28:5')">as.StanModule(x, name = "tim") (`actual`) not equal to StanModule(test_path("models", "Prior_2.stan")) (`expected`).

`actual@model`:   "    tim ~ lognormal(prior_mu_tim, prior_sigma_tim) ;"
`expected@model`: "    tim ~ lognormal(prior_mu_tim, prior_sigma_tim);" </failure>
    </testcase>
[...]
    <testcase time="0.00200000000000955" classname="character(0)" name="intial_values_for_fixed_distributions_gives_valid_values"/>
    <testcase time="0.00200000000000955" classname="character(0)" name="intial_values_for_fixed_distributions_gives_valid_values"/>
    <testcase time="0.000999999999976353" classname="character(0)" name="intial_values_for_fixed_distributions_gives_valid_values"/>
    <testcase time="0.00200000000000955" classname="character(0)" name="intial_values_for_fixed_distributions_gives_valid_values"/>
    <testcase time="0.00200000000000955" classname="character(0)" name="intial_values_for_fixed_distributions_gives_valid_values"/>
    <testcase time="0.000999999999976353" classname="character(0)" name="intial_values_for_fixed_distributions_gives_valid_values"/>
    <testcase time="0.00200000000000955" classname="character(0)" name="intial_values_for_fixed_distributions_gives_valid_values"/>
    <testcase time="0.0010000000000332" classname="character(0)" name="intial_values_for_fixed_distributions_gives_valid_values"/>
    <testcase time="0.00199999999995271" classname="character(0)" name="intial_values_for_fixed_distributions_gives_valid_values"/>
    <testcase time="0.00200000000000955" classname="character(0)" name="intial_values_for_fixed_distributions_gives_valid_values"/>
    <testcase time="0.0010000000000332" classname="character(0)" name="intial_values_for_fixed_distributions_gives_valid_values"/>
    <testcase time="0.00200000000000955" classname="character(0)" name="intial_values_for_fixed_distributions_gives_valid_values"/>
    <testcase time="0.00199999999995271" classname="character(0)" name="intial_values_for_fixed_distributions_gives_valid_values"/>
    <testcase time="0.0010000000000332" classname="character(0)" name="intial_values_for_fixed_distributions_gives_valid_values"/>
    <testcase time="0.00200000000000955" classname="character(0)" name="intial_values_for_fixed_distributions_gives_valid_values"/>
    <testcase time="0.00199999999995271" classname="character(0)" name="intial_values_for_fixed_distributions_gives_valid_values"/>
    <testcase time="0.0010000000000332" classname="character(0)" name="intial_values_for_fixed_distributions_gives_valid_values"/>
    <testcase time="0.00200000000000955" classname="character(0)" name="intial_values_for_fixed_distributions_gives_valid_values"/>
    <testcase time="0.00200000000000955" classname="character(0)" name="intial_values_for_fixed_distributions_gives_valid_values"/>
    <testcase time="0.000999999999976353" classname="character(0)" name="intial_values_for_fixed_distributions_gives_valid_values"/>
    <testcase time="0.00200000000000955" classname="character(0)" name="intial_values_for_fixed_distributions_gives_valid_values"/>
    <testcase time="0.00200000000000955" classname="character(0)" name="intial_values_for_fixed_distributions_gives_valid_values"/>
    <testcase time="0.000999999999976353" classname="character(0)" name="intial_values_for_fixed_distributions_gives_valid_values"/>
    <testcase time="0.00200000000000955" classname="character(0)" name="intial_values_for_fixed_distributions_gives_valid_values"/>
    <testcase time="0.00200000000000955" classname="character(0)" name="intial_values_for_fixed_distributions_gives_valid_values"/>
    <testcase time="0.000999999999976353" classname="character(0)" name="intial_values_for_fixed_distributions_gives_valid_values"/>
    <testcase time="0.00200000000000955" classname="character(0)" name="intial_values_for_fixed_distributions_gives_valid_values"/>
    <testcase time="0.00200000000000955" classname="character(0)" name="intial_values_for_fixed_distributions_gives_valid_values"/>
    <testcase time="0.000999999999976353" classname="character(0)" name="intial_values_for_fixed_distributions_gives_valid_values"/>
    <testcase time="0.00200000000000955" classname="character(0)" name="intial_values_for_fixed_distributions_gives_valid_values"/>
    <testcase time="0.00200000000000955" classname="character(0)" name="intial_values_for_fixed_distributions_gives_valid_values"/>
    <testcase time="0.000999999999976353" classname="character(0)" name="intial_values_for_fixed_distributions_gives_valid_values"/>
    <testcase time="0.00200000000000955" classname="character(0)" name="intial_values_for_fixed_distributions_gives_valid_values"/>
    <testcase time="0.00200000000000955" classname="character(0)" name="intial_values_for_fixed_distributions_gives_valid_values"/>
    <testcase time="0.00200000000000955" classname="character(0)" name="intial_values_for_fixed_distributions_gives_valid_values"/>
    <testcase time="0.000999999999976353" classname="character(0)" name="intial_values_for_fixed_distributions_gives_valid_values"/>
    <testcase time="0.00200000000000955" classname="character(0)" name="intial_values_for_fixed_distributions_gives_valid_values"/>
    <testcase time="0.00200000000000955" classname="character(0)" name="intial_values_for_fixed_distributions_gives_valid_values"/>
    <testcase time="0.00200000000000955" classname="character(0)" name="intial_values_for_fixed_distributions_gives_valid_values"/>
    <testcase time="0.00199999999995271" classname="character(0)" name="intial_values_for_fixed_distributions_gives_valid_values"/>
    <testcase time="0.00200000000000955" classname="character(0)" name="intial_values_for_fixed_distributions_gives_valid_values"/>
    <testcase time="0.0010000000000332" classname="character(0)" name="intial_values_for_fixed_distributions_gives_valid_values"/>
    <testcase time="0.00200000000000955" classname="character(0)" name="intial_values_for_fixed_distributions_gives_valid_values"/>
    <testcase time="0.00199999999995271" classname="character(0)" name="intial_values_for_fixed_distributions_gives_valid_values"/>
    <testcase time="0.00200000000000955" classname="character(0)" name="intial_values_for_fixed_distributions_gives_valid_values"/>
    <testcase time="0.0010000000000332" classname="character(0)" name="intial_values_for_fixed_distributions_gives_valid_values"/>
    <testcase time="0.00199999999995271" classname="character(0)" name="intial_values_for_fixed_distributions_gives_valid_values"/>
    <testcase time="0.00200000000000955" classname="character(0)" name="intial_values_for_fixed_distributions_gives_valid_values"/>
    <testcase time="0.00200000000000955" classname="character(0)" name="intial_values_for_fixed_distributions_gives_valid_values"/>
    <testcase time="0.0010000000000332" classname="character(0)" name="intial_values_for_fixed_distributions_gives_valid_values"/>
    <testcase time="0.00199999999995271" classname="character(0)" name="intial_values_for_fixed_distributions_gives_valid_values"/>
    <testcase time="0.00200000000000955" classname="character(0)" name="intial_values_for_fixed_distributions_gives_valid_values"/>
    <testcase time="0.00200000000000955" classname="character(0)" name="intial_values_for_fixed_distributions_gives_valid_values"/>
    <testcase time="0.00200000000000955" classname="character(0)" name="intial_values_for_fixed_distributions_gives_valid_values"/>
    <testcase time="0.00200000000000955" classname="character(0)" name="intial_values_for_fixed_distributions_gives_valid_values"/>
    <testcase time="0.000999999999976353" classname="character(0)" name="intial_values_for_fixed_distributions_gives_valid_values"/>
    <testcase time="0.00200000000000955" classname="character(0)" name="intial_values_for_fixed_distributions_gives_valid_values"/>
    <testcase time="0.00200000000000955" classname="character(0)" name="intial_values_for_fixed_distributions_gives_valid_values"/>
    <testcase time="0.00200000000000955" classname="character(0)" name="intial_values_for_fixed_distributions_gives_valid_values"/>
    <testcase time="0.00199999999995271" classname="character(0)" name="intial_values_for_fixed_distributions_gives_valid_values"/>
    <testcase time="0.00200000000000955" classname="character(0)" name="intial_values_for_fixed_distributions_gives_valid_values"/>
    <testcase time="0.0010000000000332" classname="character(0)" name="intial_values_for_fixed_distributions_gives_valid_values"/>
    <testcase time="0.00200000000000955" classname="character(0)" name="intial_values_for_fixed_distributions_gives_valid_values"/>
    <testcase time="0.00199999999995271" classname="character(0)" name="intial_values_for_fixed_distributions_gives_valid_values"/>
    <testcase time="0.00200000000000955" classname="character(0)" name="intial_values_for_fixed_distributions_gives_valid_values"/>
    <testcase time="0.00200000000000955" classname="character(0)" name="intial_values_for_fixed_distributions_gives_valid_values"/>
    <testcase time="0.000999999999976353" classname="character(0)" name="intial_values_for_fixed_distributions_gives_valid_values"/>
    <testcase time="0.00200000000000955" classname="character(0)" name="intial_values_for_fixed_distributions_gives_valid_values"/>
    <testcase time="0.00200000000000955" classname="character(0)" name="intial_values_for_fixed_distributions_gives_valid_values"/>
    <testcase time="0.00200000000000955" classname="character(0)" name="intial_values_for_fixed_distributions_gives_valid_values"/>
    <testcase time="0.00200000000000955" classname="character(0)" name="intial_values_for_fixed_distributions_gives_valid_values"/>
    <testcase time="0.00200000000000955" classname="character(0)" name="intial_values_for_fixed_distributions_gives_valid_values"/>
  </testsuite>
  <testsuite name="jinjar_render" timestamp="2025-01-31T16:49:21Z" hostname="fb1fdeee018e" tests="2" skipped="0" failures="0" errors="0" time="0.058">
    <testcase time="0.0579999999999927" classname="character(0)" name="Basic_Jinjar_syntax_works_with_decorated_render_"/>
    <testcase time="0" classname="character(0)" name="Basic_Jinjar_syntax_works_with_decorated_render_"/>
  </testsuite>
  <testsuite name="jinjar_render" timestamp="2025-01-31T16:49:21Z" hostname="fb1fdeee018e" tests="1" skipped="0" failures="0" errors="0" time="0.002">
    <testcase time="0.00200000000000955" classname="character(0)" name="Global_variables_defined_by_decorated_render_are_usable"/>
  </testsuite>
  <testsuite name="longitudinal_plot" timestamp="2025-01-31T16:49:21Z" hostname="fb1fdeee018e" tests="2" skipped="0" failures="0" errors="0" time="0.441">
    <testcase time="0.440999999999974" classname="character(0)" name="longitudinal_plot_works_as_expected"/>
    <testcase time="0" classname="character(0)" name="longitudinal_plot_works_as_expected"/>
  </testsuite>
  <testsuite name="extract_quantities" timestamp="2025-01-31T16:49:26Z" hostname="fb1fdeee018e" tests="5" skipped="0" failures="0" errors="0" time="5.168">
    <testcase time="5.16500000000002" classname="character(0)" name="extract_quantities_works_as_expected"/>
    <testcase time="0" classname="character(0)" name="extract_quantities_works_as_expected"/>
    <testcase time="0.0010000000000332" classname="character(0)" name="extract_quantities_works_as_expected"/>
    <testcase time="0.000999999999976353" classname="character(0)" name="extract_quantities_works_as_expected"/>
    <testcase time="0.000999999999976353" classname="character(0)" name="extract_quantities_works_as_expected"/>
  </testsuite>
  <testsuite name="misc_models" timestamp="2025-01-31T16:49:29Z" hostname="fb1fdeee018e" tests="1" skipped="0" failures="0" errors="0" time="2.86">
    <testcase time="2.86000000000001" classname="character(0)" name="Longitudinal_Model_doesn_t_print_sampler_rejection_messages"/>
  </testsuite>
  <testsuite name="options" timestamp="2025-01-31T16:49:29Z" hostname="fb1fdeee018e" tests="4" skipped="0" failures="0" errors="0" time="0.063">
    <testcase time="0.0600000000000023" classname="character(0)" name="Can_alter_Gaussian_Quadrature_arguments"/>
    <testcase time="0.000999999999976353" classname="character(0)" name="Can_alter_Gaussian_Quadrature_arguments"/>
    <testcase time="0.0010000000000332" classname="character(0)" name="Can_alter_Gaussian_Quadrature_arguments"/>
    <testcase time="0.000999999999976353" classname="character(0)" name="Can_alter_Gaussian_Quadrature_arguments"/>
  </testsuite>
  <testsuite name="stan_functions" timestamp="2025-01-31T16:49:57Z" hostname="fb1fdeee018e" tests="1" skipped="0" failures="0" errors="0" time="27.357">
    <testcase time="27.357" classname="character(0)" name="GSF_SLD_function_works_as_expected"/>
  </testsuite>
  <testsuite name="stan_functions" timestamp="2025-01-31T16:49:57Z" hostname="fb1fdeee018e" tests="2" skipped="0" failures="0" errors="0" time="0.005">
    <testcase time="0.00399999999996226" classname="character(0)" name="Normal_Log_Density_functions_work_as_expected"/>
    <testcase time="0.0010000000000332" classname="character(0)" name="Normal_Log_Density_functions_work_as_expected"/>
  </testsuite>
  <testsuite name="stan_functions" timestamp="2025-01-31T16:49:57Z" hostname="fb1fdeee018e" tests="1" skipped="0" failures="0" errors="0" time="0.005">
    <testcase time="0.00499999999999545" classname="character(0)" name="GSF_Identity_Link_Function_works_as_expected"/>
  </testsuite>
  <testsuite name="survival_plot" timestamp="2025-01-31T16:49:58Z" hostname="fb1fdeee018e" tests="6" skipped="0" failures="0" errors="0" time="1.185">
    <testcase time="1.18000000000001" classname="character(0)" name="survival_plot_works_as_expected"/>
    <testcase time="0.000999999999976353" classname="character(0)" name="survival_plot_works_as_expected"/>
    <testcase time="0.0010000000000332" classname="character(0)" name="survival_plot_works_as_expected"/>
    <testcase time="0.000999999999976353" classname="character(0)" name="survival_plot_works_as_expected"/>
    <testcase time="0.0010000000000332" classname="character(0)" name="survival_plot_works_as_expected"/>
    <testcase time="0.000999999999976353" classname="character(0)" name="survival_plot_works_as_expected"/>
  </testsuite>
  <testsuite name="utilities" timestamp="2025-01-31T16:49:58Z" hostname="fb1fdeee018e" tests="1" skipped="0" failures="0" errors="0" time="0.468">
    <testcase time="0.468000000000018" classname="character(0)" name="get_missing_rownumbers_works_as_expected"/>
  </testsuite>
  <testsuite name="utilities" timestamp="2025-01-31T16:49:58Z" hostname="fb1fdeee018e" tests="1" skipped="0" failures="0" errors="0" time="0.003">
    <testcase time="0.0029999999999859" classname="character(0)" name="remove_missing_rows_works_as_expected"/>
  </testsuite>
  <testsuite name="utilities" timestamp="2025-01-31T16:49:58Z" hostname="fb1fdeee018e" tests="1" skipped="0" failures="0" errors="0" time="0.004">
    <testcase time="0.0040000000000191" classname="character(0)" name="expand_initial_values_works_as_expected"/>
  </testsuite>
  <testsuite name="utilities" timestamp="2025-01-31T16:49:58Z" hostname="fb1fdeee018e" tests="1" skipped="0" failures="0" errors="0" time="0.003">
    <testcase time="0.0029999999999859" classname="character(0)" name="replace_with_lookup_works_and_sets_array_attributes_as_expected"/>
  </testsuite>
  <testsuite name="utilities" timestamp="2025-01-31T16:49:58Z" hostname="fb1fdeee018e" tests="1" skipped="0" failures="0" errors="0" time="0.004">
    <testcase time="0.00399999999996226" classname="character(0)" name="replace_with_lookup_asserts_sizes_as_numbers_as_expected"/>
  </testsuite>
  <testsuite name="utilities" timestamp="2025-01-31T16:49:58Z" hostname="fb1fdeee018e" tests="1" skipped="0" failures="0" errors="0" time="0.003">
    <testcase time="0.00300000000004275" classname="character(0)" name="replace_with_lookup_asserts_looked_up_sizes_as_numbers_as_expected"/>
  </testsuite>
  <testsuite name="utilities" timestamp="2025-01-31T16:49:58Z" hostname="fb1fdeee018e" tests="2" skipped="0" failures="0" errors="0" time="0.005">
    <testcase time="0.00399999999996226" classname="character(0)" name="samples_median_ci_works_as_expected"/>
    <testcase time="0.0010000000000332" classname="character(0)" name="samples_median_ci_works_as_expected"/>
  </testsuite>
  <testsuite name="utilities" timestamp="2025-01-31T16:49:58Z" hostname="fb1fdeee018e" tests="2" skipped="0" failures="0" errors="0" time="0.004">
    <testcase time="0.0029999999999859" classname="character(0)" name="samples_median_ci_works_with_a_custom_credibility_level"/>
    <testcase time="0.000999999999976353" classname="character(0)" name="samples_median_ci_works_with_a_custom_credibility_level"/>
  </testsuite>
  <testsuite name="utilities" timestamp="2025-01-31T16:49:58Z" hostname="fb1fdeee018e" tests="8" skipped="0" failures="0" errors="0" time="0.009">
    <testcase time="0.00300000000004275" classname="character(0)" name="validate_time_grid_works_as_expected"/>
    <testcase time="0.000999999999976353" classname="character(0)" name="validate_time_grid_works_as_expected"/>
    <testcase time="0.0010000000000332" classname="character(0)" name="validate_time_grid_works_as_expected"/>
    <testcase time="0" classname="character(0)" name="validate_time_grid_works_as_expected"/>
    <testcase time="0.000999999999976353" classname="character(0)" name="validate_time_grid_works_as_expected"/>
    <testcase time="0.000999999999976353" classname="character(0)" name="validate_time_grid_works_as_expected"/>
    <testcase time="0.0010000000000332" classname="character(0)" name="validate_time_grid_works_as_expected"/>
    <testcase time="0.000999999999976353" classname="character(0)" name="validate_time_grid_works_as_expected"/>
  </testsuite>
  <testsuite name="utilities" timestamp="2025-01-31T16:49:58Z" hostname="fb1fdeee018e" tests="7" skipped="0" failures="0" errors="0" time="0.008">
    <testcase time="0.0029999999999859" classname="character(0)" name="expand_subjects_works_as_expected"/>
    <testcase time="0.0010000000000332" classname="character(0)" name="expand_subjects_works_as_expected"/>
    <testcase time="0.000999999999976353" classname="character(0)" name="expand_subjects_works_as_expected"/>
    <testcase time="0.0010000000000332" classname="character(0)" name="expand_subjects_works_as_expected"/>
    <testcase time="0" classname="character(0)" name="expand_subjects_works_as_expected"/>
    <testcase time="0.000999999999976353" classname="character(0)" name="expand_subjects_works_as_expected"/>
    <testcase time="0.0010000000000332" classname="character(0)" name="expand_subjects_works_as_expected"/>
  </testsuite>
  <testsuite name="utilities" timestamp="2025-01-31T16:49:58Z" hostname="fb1fdeee018e" tests="5" skipped="0" failures="0" errors="0" time="0.007">
    <testcase time="0.0029999999999859" classname="character(0)" name="decompose_subjects_works_as_expected"/>
    <testcase time="0.000999999999976353" classname="character(0)" name="decompose_subjects_works_as_expected"/>
    <testcase time="0.0010000000000332" classname="character(0)" name="decompose_subjects_works_as_expected"/>
    <testcase time="0.000999999999976353" classname="character(0)" name="decompose_subjects_works_as_expected"/>
    <testcase time="0.000999999999976353" classname="character(0)" name="decompose_subjects_works_as_expected"/>
  </testsuite>
  <testsuite name="utilities" timestamp="2025-01-31T16:49:58Z" hostname="fb1fdeee018e" tests="2" skipped="0" failures="0" errors="0" time="0.004">
    <testcase time="0.00300000000004275" classname="character(0)" name="add_missing_stan_blocks_works_as_expected"/>
    <testcase time="0.000999999999976353" classname="character(0)" name="add_missing_stan_blocks_works_as_expected"/>
  </testsuite>
  <testsuite name="model_multi_chain" timestamp="2025-01-31T16:50:03Z" hostname="fb1fdeee018e" tests="1" skipped="0" failures="0" errors="0" time="4.322">
    <testcase time="4.322" classname="character(0)" name="Can_recover_known_distribution_parameters_from_random_slope_model_when_using_multiple_chains"/>
  </testsuite>
</testsuites>
