<?xml version="1.0" encoding="UTF-8"?>
<testsuites>
  <testsuite name="DataLongitudinal" timestamp="2025-01-31T16:43:54Z" hostname="fb1fdeee018e" tests="10" skipped="0" failures="0" errors="0" time="2.716">
    <testcase time="2.681" classname="character(0)" name="DataLongitudinal_being_rendered_to_list_is_as_expected_for_simple_inputs"/>
    <testcase time="0.0220000000000002" classname="character(0)" name="DataLongitudinal_being_rendered_to_list_is_as_expected_for_simple_inputs"/>
    <testcase time="0.00800000000000001" classname="character(0)" name="DataLongitudinal_being_rendered_to_list_is_as_expected_for_simple_inputs"/>
    <testcase time="0.000999999999999446" classname="character(0)" name="DataLongitudinal_being_rendered_to_list_is_as_expected_for_simple_inputs"/>
    <testcase time="0.00100000000000033" classname="character(0)" name="DataLongitudinal_being_rendered_to_list_is_as_expected_for_simple_inputs"/>
    <testcase time="0" classname="character(0)" name="DataLongitudinal_being_rendered_to_list_is_as_expected_for_simple_inputs"/>
    <testcase time="0.00100000000000033" classname="character(0)" name="DataLongitudinal_being_rendered_to_list_is_as_expected_for_simple_inputs"/>
    <testcase time="0.000999999999999446" classname="character(0)" name="DataLongitudinal_being_rendered_to_list_is_as_expected_for_simple_inputs"/>
    <testcase time="0" classname="character(0)" name="DataLongitudinal_being_rendered_to_list_is_as_expected_for_simple_inputs"/>
    <testcase time="0.00100000000000033" classname="character(0)" name="DataLongitudinal_being_rendered_to_list_is_as_expected_for_simple_inputs"/>
  </testsuite>
  <testsuite name="DataLongitudinal" timestamp="2025-01-31T16:43:54Z" hostname="fb1fdeee018e" tests="2" skipped="0" failures="0" errors="0" time="0.002">
    <testcase time="0.00199999999999978" classname="character(0)" name="DataSurvival_print_method_works_as_expected"/>
    <testcase time="0" classname="character(0)" name="DataSurvival_print_method_works_as_expected"/>
  </testsuite>
  <testsuite name="DataSubject" timestamp="2025-01-31T16:43:54Z" hostname="fb1fdeee018e" tests="14" skipped="0" failures="0" errors="0" time="0.192">
    <testcase time="0.183" classname="character(0)" name="DataSubject_works_as_expected"/>
    <testcase time="0.00100000000000033" classname="character(0)" name="DataSubject_works_as_expected"/>
    <testcase time="0.00100000000000033" classname="character(0)" name="DataSubject_works_as_expected"/>
    <testcase time="0" classname="character(0)" name="DataSubject_works_as_expected"/>
    <testcase time="0.000999999999999446" classname="character(0)" name="DataSubject_works_as_expected"/>
    <testcase time="0.00100000000000033" classname="character(0)" name="DataSubject_works_as_expected"/>
    <testcase time="0" classname="character(0)" name="DataSubject_works_as_expected"/>
    <testcase time="0.00100000000000033" classname="character(0)" name="DataSubject_works_as_expected"/>
    <testcase time="0.000999999999999446" classname="character(0)" name="DataSubject_works_as_expected"/>
    <testcase time="0" classname="character(0)" name="DataSubject_works_as_expected"/>
    <testcase time="0.00100000000000033" classname="character(0)" name="DataSubject_works_as_expected"/>
    <testcase time="0.000999999999999446" classname="character(0)" name="DataSubject_works_as_expected"/>
    <testcase time="0" classname="character(0)" name="DataSubject_works_as_expected"/>
    <testcase time="0.00100000000000033" classname="character(0)" name="DataSubject_works_as_expected"/>
  </testsuite>
  <testsuite name="DataSubject" timestamp="2025-01-31T16:43:54Z" hostname="fb1fdeee018e" tests="1" skipped="0" failures="0" errors="0" time="0.002">
    <testcase time="0.00199999999999978" classname="character(0)" name="DataSubject_print_method_works_as_expected"/>
  </testsuite>
  <testsuite name="DataJoint" timestamp="2025-01-31T16:43:54Z" hostname="fb1fdeee018e" tests="15" skipped="0" failures="0" errors="0" time="0.124">
    <testcase time="0.115" classname="character(0)" name="DataJoint_basic_usage"/>
    <testcase time="0.00100000000000033" classname="character(0)" name="DataJoint_basic_usage"/>
    <testcase time="0.000999999999999446" classname="character(0)" name="DataJoint_basic_usage"/>
    <testcase time="0" classname="character(0)" name="DataJoint_basic_usage"/>
    <testcase time="0.00100000000000033" classname="character(0)" name="DataJoint_basic_usage"/>
    <testcase time="0.00100000000000033" classname="character(0)" name="DataJoint_basic_usage"/>
    <testcase time="0" classname="character(0)" name="DataJoint_basic_usage"/>
    <testcase time="0.000999999999999446" classname="character(0)" name="DataJoint_basic_usage"/>
    <testcase time="0.00100000000000033" classname="character(0)" name="DataJoint_basic_usage"/>
    <testcase time="0" classname="character(0)" name="DataJoint_basic_usage"/>
    <testcase time="0.000999999999999446" classname="character(0)" name="DataJoint_basic_usage"/>
    <testcase time="0.00100000000000033" classname="character(0)" name="DataJoint_basic_usage"/>
    <testcase time="0" classname="character(0)" name="DataJoint_basic_usage"/>
    <testcase time="0.00100000000000033" classname="character(0)" name="DataJoint_basic_usage"/>
    <testcase time="0" classname="character(0)" name="DataJoint_basic_usage"/>
  </testsuite>
  <testsuite name="DataJoint" timestamp="2025-01-31T16:43:54Z" hostname="fb1fdeee018e" tests="6" skipped="0" failures="0" errors="0" time="0.005">
    <testcase time="0.00199999999999978" classname="character(0)" name="DataJoint_errors_if_inconsistent_subject_IDs"/>
    <testcase time="0.00100000000000033" classname="character(0)" name="DataJoint_errors_if_inconsistent_subject_IDs"/>
    <testcase time="0" classname="character(0)" name="DataJoint_errors_if_inconsistent_subject_IDs"/>
    <testcase time="0.000999999999999446" classname="character(0)" name="DataJoint_errors_if_inconsistent_subject_IDs"/>
    <testcase time="0.00100000000000033" classname="character(0)" name="DataJoint_errors_if_inconsistent_subject_IDs"/>
    <testcase time="0" classname="character(0)" name="DataJoint_errors_if_inconsistent_subject_IDs"/>
  </testsuite>
  <testsuite name="DataJoint" timestamp="2025-01-31T16:43:54Z" hostname="fb1fdeee018e" tests="3" skipped="0" failures="0" errors="0" time="0.003">
    <testcase time="0.00199999999999978" classname="character(0)" name="DataJoint_sorts_handles_pre_factored_levels_correctly"/>
    <testcase time="0.00100000000000033" classname="character(0)" name="DataJoint_sorts_handles_pre_factored_levels_correctly"/>
    <testcase time="0" classname="character(0)" name="DataJoint_sorts_handles_pre_factored_levels_correctly"/>
  </testsuite>
  <testsuite name="DataJoint" timestamp="2025-01-31T16:43:54Z" hostname="fb1fdeee018e" tests="3" skipped="0" failures="0" errors="0" time="0.003">
    <testcase time="0.00199999999999978" classname="character(0)" name="DataJoint_sorts_handles_character_to_factor_levels_correctly"/>
    <testcase time="0.00100000000000033" classname="character(0)" name="DataJoint_sorts_handles_character_to_factor_levels_correctly"/>
    <testcase time="0" classname="character(0)" name="DataJoint_sorts_handles_character_to_factor_levels_correctly"/>
  </testsuite>
  <testsuite name="DataJoint" timestamp="2025-01-31T16:43:54Z" hostname="fb1fdeee018e" tests="7" skipped="0" failures="0" errors="0" time="0.006">
    <testcase time="0.00199999999999978" classname="character(0)" name="subset_DataJoint_works_as_expected"/>
    <testcase time="0.000999999999999446" classname="character(0)" name="subset_DataJoint_works_as_expected"/>
    <testcase time="0" classname="character(0)" name="subset_DataJoint_works_as_expected"/>
    <testcase time="0.00100000000000033" classname="character(0)" name="subset_DataJoint_works_as_expected"/>
    <testcase time="0" classname="character(0)" name="subset_DataJoint_works_as_expected"/>
    <testcase time="0.00100000000000033" classname="character(0)" name="subset_DataJoint_works_as_expected"/>
    <testcase time="0.000999999999999446" classname="character(0)" name="subset_DataJoint_works_as_expected"/>
  </testsuite>
  <testsuite name="DataJoint" timestamp="2025-01-31T16:43:54Z" hostname="fb1fdeee018e" tests="1" skipped="0" failures="0" errors="0" time="0.001">
    <testcase time="0.00100000000000033" classname="character(0)" name="Error_Handling"/>
  </testsuite>
  <testsuite name="DataJoint" timestamp="2025-01-31T16:43:54Z" hostname="fb1fdeee018e" tests="3" skipped="0" failures="0" errors="0" time="0.003">
    <testcase time="0.00199999999999978" classname="character(0)" name="DataJoint_print_method_works_as_expected"/>
    <testcase time="0.00100000000000033" classname="character(0)" name="DataJoint_print_method_works_as_expected"/>
    <testcase time="0" classname="character(0)" name="DataJoint_print_method_works_as_expected"/>
  </testsuite>
  <testsuite name="DataSurvival" timestamp="2025-01-31T16:43:55Z" hostname="fb1fdeee018e" tests="14" skipped="0" failures="0" errors="0" time="0.278">
    <testcase time="0.268" classname="character(0)" name="DataSurvival_being_rendered_to_list_is_as_expected_for_simple_inputs"/>
    <testcase time="0.00100000000000033" classname="character(0)" name="DataSurvival_being_rendered_to_list_is_as_expected_for_simple_inputs"/>
    <testcase time="0.000999999999999446" classname="character(0)" name="DataSurvival_being_rendered_to_list_is_as_expected_for_simple_inputs"/>
    <testcase time="0" classname="character(0)" name="DataSurvival_being_rendered_to_list_is_as_expected_for_simple_inputs"/>
    <testcase time="0.00100000000000033" classname="character(0)" name="DataSurvival_being_rendered_to_list_is_as_expected_for_simple_inputs"/>
    <testcase time="0.00100000000000033" classname="character(0)" name="DataSurvival_being_rendered_to_list_is_as_expected_for_simple_inputs"/>
    <testcase time="0.000999999999999446" classname="character(0)" name="DataSurvival_being_rendered_to_list_is_as_expected_for_simple_inputs"/>
    <testcase time="0.00100000000000033" classname="character(0)" name="DataSurvival_being_rendered_to_list_is_as_expected_for_simple_inputs"/>
    <testcase time="0.000999999999999446" classname="character(0)" name="DataSurvival_being_rendered_to_list_is_as_expected_for_simple_inputs"/>
    <testcase time="0.00100000000000033" classname="character(0)" name="DataSurvival_being_rendered_to_list_is_as_expected_for_simple_inputs"/>
    <testcase time="0" classname="character(0)" name="DataSurvival_being_rendered_to_list_is_as_expected_for_simple_inputs"/>
    <testcase time="0" classname="character(0)" name="DataSurvival_being_rendered_to_list_is_as_expected_for_simple_inputs"/>
    <testcase time="0.000999999999999446" classname="character(0)" name="DataSurvival_being_rendered_to_list_is_as_expected_for_simple_inputs"/>
    <testcase time="0.00100000000000033" classname="character(0)" name="DataSurvival_being_rendered_to_list_is_as_expected_for_simple_inputs"/>
  </testsuite>
  <testsuite name="DataSurvival" timestamp="2025-01-31T16:43:55Z" hostname="fb1fdeee018e" tests="1" skipped="0" failures="0" errors="0" time="0.001">
    <testcase time="0.00100000000000033" classname="character(0)" name="DataSurvival_print_method_works_as_expected"/>
  </testsuite>
  <testsuite name="DataSurvival" timestamp="2025-01-31T16:43:55Z" hostname="fb1fdeee018e" tests="7" skipped="0" failures="0" errors="0" time="0.006">
    <testcase time="0.00199999999999978" classname="character(0)" name="mirror_design_matrix_works_as_expected"/>
    <testcase time="0.000999999999999446" classname="character(0)" name="mirror_design_matrix_works_as_expected"/>
    <testcase time="0" classname="character(0)" name="mirror_design_matrix_works_as_expected"/>
    <testcase time="0.00100000000000033" classname="character(0)" name="mirror_design_matrix_works_as_expected"/>
    <testcase time="0.00100000000000033" classname="character(0)" name="mirror_design_matrix_works_as_expected"/>
    <testcase time="0" classname="character(0)" name="mirror_design_matrix_works_as_expected"/>
    <testcase time="0.000999999999999446" classname="character(0)" name="mirror_design_matrix_works_as_expected"/>
  </testsuite>
  <testsuite name="GridPrediction" timestamp="2025-01-31T16:46:02Z" hostname="fb1fdeee018e" tests="5" skipped="0" failures="0" errors="0" time="126.957">
    <testcase time="126.955" classname="character(0)" name="GridPrediction_works_as_expected_for_Survival_models"/>
    <testcase time="0" classname="character(0)" name="GridPrediction_works_as_expected_for_Survival_models"/>
    <testcase time="0.00100000000000477" classname="character(0)" name="GridPrediction_works_as_expected_for_Survival_models"/>
    <testcase time="0.00100000000000477" classname="character(0)" name="GridPrediction_works_as_expected_for_Survival_models"/>
    <testcase time="0" classname="character(0)" name="GridPrediction_works_as_expected_for_Survival_models"/>
  </testsuite>
  <testsuite name="GridPrediction" timestamp="2025-01-31T16:46:02Z" hostname="fb1fdeee018e" tests="4" skipped="0" failures="0" errors="0" time="0.004">
    <testcase time="0.00199999999998113" classname="character(0)" name="GridPrediction_error_handling_works_as_expected"/>
    <testcase time="0.00100000000000477" classname="character(0)" name="GridPrediction_error_handling_works_as_expected"/>
    <testcase time="0" classname="character(0)" name="GridPrediction_error_handling_works_as_expected"/>
    <testcase time="0.00100000000000477" classname="character(0)" name="GridPrediction_error_handling_works_as_expected"/>
  </testsuite>
  <testsuite name="GridPrediction" timestamp="2025-01-31T16:46:02Z" hostname="fb1fdeee018e" tests="3" skipped="0" failures="0" errors="0" time="0.003">
    <testcase time="0.00200000000000955" classname="character(0)" name="getPredictionNames_works_as_expected"/>
    <testcase time="0" classname="character(0)" name="getPredictionNames_works_as_expected"/>
    <testcase time="0.00100000000000477" classname="character(0)" name="getPredictionNames_works_as_expected"/>
  </testsuite>
  <testsuite name="GridPrediction" timestamp="2025-01-31T16:46:02Z" hostname="fb1fdeee018e" tests="1" skipped="0" failures="0" errors="0" time="0.002">
    <testcase time="0.00199999999998113" classname="character(0)" name="GridPrediction_throws_an_error_if_key_column_already_exists"/>
  </testsuite>
  <testsuite name="GridPrediction" timestamp="2025-01-31T16:46:02Z" hostname="fb1fdeee018e" tests="5" skipped="0" failures="0" errors="0" time="0.004">
    <testcase time="0.00100000000000477" classname="character(0)" name="GridPrediction_works_for_survival_only_models"/>
    <testcase time="0.00100000000000477" classname="character(0)" name="GridPrediction_works_for_survival_only_models"/>
    <testcase time="0.00100000000000477" classname="character(0)" name="GridPrediction_works_for_survival_only_models"/>
    <testcase time="0" classname="character(0)" name="GridPrediction_works_for_survival_only_models"/>
    <testcase time="0.00100000000000477" classname="character(0)" name="GridPrediction_works_for_survival_only_models"/>
  </testsuite>
  <testsuite name="JointModel" timestamp="2025-01-31T16:46:04Z" hostname="fb1fdeee018e" tests="2" skipped="0" failures="0" errors="0" time="2.6">
    <testcase time="2.59899999999999" classname="character(0)" name="JointModel_smoke_tests"/>
    <testcase time="0.00100000000000477" classname="character(0)" name="JointModel_smoke_tests"/>
  </testsuite>
  <testsuite name="JointModel" timestamp="2025-01-31T16:46:04Z" hostname="fb1fdeee018e" tests="5" skipped="0" failures="5" errors="0" time="0.057">
    <testcase time="0.00200000000000955" classname="character(0)" name="JointModel_print_method_works_as_expected">
      <failure type="failure" message="Snapshot of code has changed: ('test-JointModel.R:19:5')">Snapshot of code has changed:
old[8:25] vs new[8:25]
    
      Survival:     
         Weibull-PH Survival Model with parameters:
-            sm_weibull_ph_lambda ~ gamma(alpha = 2, beta = 0.5)
+            sm_weibull_ph_lambda ~ gamma(alpha = 2, beta = 0.5) T[0, ]
-            sm_weibull_ph_gamma ~ gamma(alpha = 2, beta = 0.5)
+            sm_weibull_ph_gamma ~ gamma(alpha = 2, beta = 0.5) T[0, ]
-            beta_os_cov ~ normal(mu = 0, sigma = 2)
+            beta_os_cov ~ normal(mu = 0, sigma = 2) 
         
      Longitudinal:     
         Random Slope Longitudinal Model with parameters:
-            lm_rs_intercept ~ normal(mu = 30, sigma = 10)
+            lm_rs_intercept ~ normal(mu = 30, sigma = 10) 
-            lm_rs_slope_mu ~ normal(mu = 1, sigma = 3)
+            lm_rs_slope_mu ~ normal(mu = 1, sigma = 3) 
-            lm_rs_slope_sigma ~ lognormal(mu = 0, sigma = 1.5)
+            lm_rs_slope_sigma ~ lognormal(mu = 0, sigma = 1.5) T[0, ]
-            lm_rs_sigma ~ lognormal(mu = 0, sigma = 1.5)
+            lm_rs_sigma ~ lognormal(mu = 0, sigma = 1.5) T[0, ]
-            lm_rs_ind_rnd_slope ~ &lt;None&gt;
+            lm_rs_ind_rnd_slope ~ &lt;None&gt; 
         
      Link:     
         Link with the following components/parameters:
-            link_dsld ~ normal(mu = 0, sigma = 2)
+            link_dsld ~ normal(mu = 0, sigma = 2) 

* Run `testthat::snapshot_accept('JointModel')` to accept the change.
* Run `testthat::snapshot_review('JointModel')` to interactively review the change.</failure>
    </testcase>
    <testcase time="0.0129999999999768" classname="character(0)" name="JointModel_print_method_works_as_expected">
      <failure type="failure" message="Snapshot of code has changed: ('test-JointModel.R:29:5')">Snapshot of code has changed:
old[8:26] vs new[8:26]
    
      Survival:     
         Weibull-PH Survival Model with parameters:
-            sm_weibull_ph_lambda ~ gamma(alpha = 2, beta = 0.5)
+            sm_weibull_ph_lambda ~ gamma(alpha = 2, beta = 0.5) T[0, ]
-            sm_weibull_ph_gamma ~ gamma(alpha = 2, beta = 0.5)
+            sm_weibull_ph_gamma ~ gamma(alpha = 2, beta = 0.5) T[0, ]
-            beta_os_cov ~ normal(mu = 0, sigma = 2)
+            beta_os_cov ~ normal(mu = 0, sigma = 2) 
         
      Longitudinal:     
         Random Slope Longitudinal Model with parameters:
-            lm_rs_intercept ~ normal(mu = 30, sigma = 10)
+            lm_rs_intercept ~ normal(mu = 30, sigma = 10) 
-            lm_rs_slope_mu ~ normal(mu = 1, sigma = 3)
+            lm_rs_slope_mu ~ normal(mu = 1, sigma = 3) 
-            lm_rs_slope_sigma ~ lognormal(mu = 0, sigma = 1.5)
+            lm_rs_slope_sigma ~ lognormal(mu = 0, sigma = 1.5) T[0, ]
-            lm_rs_sigma ~ lognormal(mu = 0, sigma = 1.5)
+            lm_rs_sigma ~ lognormal(mu = 0, sigma = 1.5) T[0, ]
-            lm_rs_ind_rnd_slope ~ &lt;None&gt;
+            lm_rs_ind_rnd_slope ~ &lt;None&gt; 
         
      Link:     
         Link with the following components/parameters:
-            link_dsld ~ normal(mu = 0, sigma = 2)
+            link_dsld ~ normal(mu = 0, sigma = 2) 
-            link_identity ~ normal(mu = 0, sigma = 2)
+            link_identity ~ normal(mu = 0, sigma = 2) 

* Run `testthat::snapshot_accept('JointModel')` to accept the change.
* Run `testthat::snapshot_review('JointModel')` to interactively review the change.</failure>
    </testcase>
    <testcase time="0.0240000000000009" classname="character(0)" name="JointModel_print_method_works_as_expected">
      <failure type="failure" message="Snapshot of code has changed: ('test-JointModel.R:41:5')">Snapshot of code has changed:
old[7:15] vs new[7:15]
    
      Survival:     
         Weibull-PH Survival Model with parameters:
-            sm_weibull_ph_lambda ~ gamma(alpha = 2, beta = 0.5)
+            sm_weibull_ph_lambda ~ gamma(alpha = 2, beta = 0.5) T[0, ]
-            sm_weibull_ph_gamma ~ gamma(alpha = 2, beta = 0.5)
+            sm_weibull_ph_gamma ~ gamma(alpha = 2, beta = 0.5) T[0, ]
-            beta_os_cov ~ normal(mu = 0, sigma = 2)
+            beta_os_cov ~ normal(mu = 0, sigma = 2) 
         
      Longitudinal:
         Not Specified

* Run `testthat::snapshot_accept('JointModel')` to accept the change.
* Run `testthat::snapshot_review('JointModel')` to interactively review the change.</failure>
    </testcase>
    <testcase time="0.00900000000001455" classname="character(0)" name="JointModel_print_method_works_as_expected">
      <failure type="failure" message="Snapshot of code has changed: ('test-JointModel.R:48:5')">Snapshot of code has changed:
old[10:28] vs new[10:28]
    
      Longitudinal:     
         Generalized Stein-Fojo Longitudinal Model with parameters:
-            lm_gsf_mu_bsld ~ normal(mu = 4.09434, sigma = 1)
+            lm_gsf_mu_bsld ~ normal(mu = 4.09434, sigma = 1) 
-            lm_gsf_mu_ks ~ normal(mu = -0.69315, sigma = 1)
+            lm_gsf_mu_ks ~ normal(mu = -0.69315, sigma = 1) 
-            lm_gsf_mu_kg ~ normal(mu = -1.20397, sigma = 1)
+            lm_gsf_mu_kg ~ normal(mu = -1.20397, sigma = 1) 
-            lm_gsf_mu_phi ~ normal(mu = 0, sigma = 1)
+            lm_gsf_mu_phi ~ normal(mu = 0, sigma = 1) 
-            lm_gsf_omega_bsld ~ lognormal(mu = -1.60944, sigma = 1)
+            lm_gsf_omega_bsld ~ lognormal(mu = -1.60944, sigma = 1) T[0, ]
-            lm_gsf_omega_ks ~ lognormal(mu = -1.60944, sigma = 1)
+            lm_gsf_omega_ks ~ lognormal(mu = -1.60944, sigma = 1) T[0, ]
-            lm_gsf_omega_kg ~ lognormal(mu = -1.60944, sigma = 1)
+            lm_gsf_omega_kg ~ lognormal(mu = -1.60944, sigma = 1) T[0, ]
-            lm_gsf_omega_phi ~ lognormal(mu = -1.60944, sigma = 1)
+            lm_gsf_omega_phi ~ lognormal(mu = -1.60944, sigma = 1) T[0, ]
-            lm_gsf_sigma ~ lognormal(mu = -2.30259, sigma = 1)
+            lm_gsf_sigma ~ lognormal(mu = -2.30259, sigma = 1) T[0, ]
-            lm_gsf_eta_tilde_bsld ~ std_normal()
+            lm_gsf_eta_tilde_bsld ~ std_normal() 
-            lm_gsf_eta_tilde_ks ~ std_normal()
+            lm_gsf_eta_tilde_ks ~ std_normal() 
-            lm_gsf_eta_tilde_kg ~ std_normal()
+            lm_gsf_eta_tilde_kg ~ std_normal() 
-            lm_gsf_eta_tilde_phi ~ std_normal()
+            lm_gsf_eta_tilde_phi ~ std_normal() 
         
      Link:     
         No Link

* Run `testthat::snapshot_accept('JointModel')` to accept the change.
* Run `testthat::snapshot_review('JointModel')` to interactively review the change.</failure>
    </testcase>
    <testcase time="0.00899999999998613" classname="character(0)" name="JointModel_print_method_works_as_expected">
      <failure type="failure" message="Snapshot of code has changed: ('test-JointModel.R:55:5')">Snapshot of code has changed:
old[8:24] vs new[8:24]
    
      Survival:     
         Weibull-PH Survival Model with parameters:
-            sm_weibull_ph_lambda ~ gamma(alpha = 2, beta = 0.5)
+            sm_weibull_ph_lambda ~ gamma(alpha = 2, beta = 0.5) T[0, ]
-            sm_weibull_ph_gamma ~ gamma(alpha = 2, beta = 0.5)
+            sm_weibull_ph_gamma ~ gamma(alpha = 2, beta = 0.5) T[0, ]
-            beta_os_cov ~ normal(mu = 0, sigma = 2)
+            beta_os_cov ~ normal(mu = 0, sigma = 2) 
         
      Longitudinal:     
         Random Slope Longitudinal Model with parameters:
-            lm_rs_intercept ~ normal(mu = 30, sigma = 10)
+            lm_rs_intercept ~ normal(mu = 30, sigma = 10) 
-            lm_rs_slope_mu ~ normal(mu = 1, sigma = 3)
+            lm_rs_slope_mu ~ normal(mu = 1, sigma = 3) 
-            lm_rs_slope_sigma ~ lognormal(mu = 0, sigma = 1.5)
+            lm_rs_slope_sigma ~ lognormal(mu = 0, sigma = 1.5) T[0, ]
-            lm_rs_sigma ~ lognormal(mu = 0, sigma = 1.5)
+            lm_rs_sigma ~ lognormal(mu = 0, sigma = 1.5) T[0, ]
-            lm_rs_ind_rnd_slope ~ &lt;None&gt;
+            lm_rs_ind_rnd_slope ~ &lt;None&gt; 
         
      Link:     
         No Link

* Run `testthat::snapshot_accept('JointModel')` to accept the change.
* Run `testthat::snapshot_review('JointModel')` to interactively review the change.</failure>
    </testcase>
  </testsuite>
  <testsuite name="JointModel" timestamp="2025-01-31T16:46:04Z" hostname="fb1fdeee018e" tests="12" skipped="0" failures="0" errors="0" time="0.017">
    <testcase time="0.0109999999999957" classname="character(0)" name="Log_Lik_variables_are_produced_correctly"/>
    <testcase time="0" classname="character(0)" name="Log_Lik_variables_are_produced_correctly"/>
    <testcase time="0.00100000000000477" classname="character(0)" name="Log_Lik_variables_are_produced_correctly"/>
    <testcase time="0" classname="character(0)" name="Log_Lik_variables_are_produced_correctly"/>
    <testcase time="0.00100000000000477" classname="character(0)" name="Log_Lik_variables_are_produced_correctly"/>
    <testcase time="0" classname="character(0)" name="Log_Lik_variables_are_produced_correctly"/>
    <testcase time="0.00100000000000477" classname="character(0)" name="Log_Lik_variables_are_produced_correctly"/>
    <testcase time="0" classname="character(0)" name="Log_Lik_variables_are_produced_correctly"/>
    <testcase time="0.00100000000000477" classname="character(0)" name="Log_Lik_variables_are_produced_correctly"/>
    <testcase time="0" classname="character(0)" name="Log_Lik_variables_are_produced_correctly"/>
    <testcase time="0.00100000000000477" classname="character(0)" name="Log_Lik_variables_are_produced_correctly"/>
    <testcase time="0.000999999999976353" classname="character(0)" name="Log_Lik_variables_are_produced_correctly"/>
  </testsuite>
  <testsuite name="JointModelSamples" timestamp="2025-01-31T16:46:36Z" hostname="fb1fdeee018e" tests="1" skipped="0" failures="0" errors="0" time="31.743">
    <testcase time="31.743" classname="character(0)" name="print_works_as_expected_for_JointModelSamples"/>
  </testsuite>
  <testsuite name="Link" timestamp="2025-01-31T16:46:38Z" hostname="fb1fdeee018e" tests="4" skipped="0" failures="0" errors="0" time="1.945">
    <testcase time="1.94199999999998" classname="character(0)" name="link_none_works_as_expected"/>
    <testcase time="0.00100000000000477" classname="character(0)" name="link_none_works_as_expected"/>
    <testcase time="0.00100000000000477" classname="character(0)" name="link_none_works_as_expected"/>
    <testcase time="0.00100000000000477" classname="character(0)" name="link_none_works_as_expected"/>
  </testsuite>
  <testsuite name="Link" timestamp="2025-01-31T16:46:38Z" hostname="fb1fdeee018e" tests="4" skipped="0" failures="0" errors="0" time="0.004">
    <testcase time="0.00200000000000955" classname="character(0)" name="Link_works_as_expected"/>
    <testcase time="0.000999999999976353" classname="character(0)" name="Link_works_as_expected"/>
    <testcase time="0" classname="character(0)" name="Link_works_as_expected"/>
    <testcase time="0.00100000000000477" classname="character(0)" name="Link_works_as_expected"/>
  </testsuite>
  <testsuite name="Link" timestamp="2025-01-31T16:46:38Z" hostname="fb1fdeee018e" tests="5" skipped="0" failures="4" errors="0" time="0.029">
    <testcase time="0.00100000000000477" classname="character(0)" name="Link_prints_as_expected"/>
    <testcase time="0.00100000000000477" classname="character(0)" name="Link_prints_as_expected">
      <failure type="failure" message="Snapshot of code has changed: ('test-Link.R:80:5')">Snapshot of code has changed:
old[3:6] vs new[3:6]
  Output
    
    Link with the following components/parameters:
-       link_dsld ~ normal(mu = 0, sigma = 2)
+       link_dsld ~ normal(mu = 0, sigma = 2) 

* Run `testthat::snapshot_accept('Link')` to accept the change.
* Run `testthat::snapshot_review('Link')` to interactively review the change.</failure>
    </testcase>
    <testcase time="0.00899999999998613" classname="character(0)" name="Link_prints_as_expected">
      <failure type="failure" message="Snapshot of code has changed: ('test-Link.R:83:5')">Snapshot of code has changed:
old[3:7] vs new[3:7]
  Output
    
    Link with the following components/parameters:
-       link_dsld ~ normal(mu = 0, sigma = 2)
+       link_dsld ~ normal(mu = 0, sigma = 2) 
-       link_identity ~ normal(mu = 0, sigma = 2)
+       link_identity ~ normal(mu = 0, sigma = 2) 

* Run `testthat::snapshot_accept('Link')` to accept the change.
* Run `testthat::snapshot_review('Link')` to interactively review the change.</failure>
    </testcase>
    <testcase time="0.00900000000001455" classname="character(0)" name="Link_prints_as_expected">
      <failure type="failure" message="Snapshot of code has changed: ('test-Link.R:88:5')">Snapshot of code has changed:
old[4:8] vs new[4:8]
  Output
    
    Link with the following components/parameters:
-       link_dsld ~ normal(mu = 0, sigma = 2)
+       link_dsld ~ normal(mu = 0, sigma = 2) 
-       link_identity ~ normal(mu = 0, sigma = 2)
+       link_identity ~ normal(mu = 0, sigma = 2) 

* Run `testthat::snapshot_accept('Link')` to accept the change.
* Run `testthat::snapshot_review('Link')` to interactively review the change.</failure>
    </testcase>
    <testcase time="0.00899999999998613" classname="character(0)" name="Link_prints_as_expected">
      <failure type="failure" message="Snapshot of code has changed: ('test-Link.R:96:5')">Snapshot of code has changed:
old[4:8] vs new[4:8]
  Output
    
    Link with the following components/parameters:
-       link_dsld ~ normal(mu = 0, sigma = 2)
+       link_dsld ~ normal(mu = 0, sigma = 2) 
-       link_identity ~ normal(mu = 0, sigma = 2)
+       link_identity ~ normal(mu = 0, sigma = 2) 

* Run `testthat::snapshot_accept('Link')` to accept the change.
* Run `testthat::snapshot_review('Link')` to interactively review the change.</failure>
    </testcase>
  </testsuite>
  <testsuite name="LinkComponent" timestamp="2025-01-31T16:46:41Z" hostname="fb1fdeee018e" tests="5" skipped="0" failures="0" errors="0" time="3.322">
    <testcase time="3.32000000000002" classname="character(0)" name="all_link_files_pass_stan_s_syntax_checker"/>
    <testcase time="0.000999999999976353" classname="character(0)" name="all_link_files_pass_stan_s_syntax_checker"/>
    <testcase time="0" classname="character(0)" name="all_link_files_pass_stan_s_syntax_checker"/>
    <testcase time="0.00100000000000477" classname="character(0)" name="all_link_files_pass_stan_s_syntax_checker"/>
    <testcase time="0" classname="character(0)" name="all_link_files_pass_stan_s_syntax_checker"/>
  </testsuite>
  <testsuite name="LinkComponent" timestamp="2025-01-31T16:46:41Z" hostname="fb1fdeee018e" tests="2" skipped="0" failures="0" errors="0" time="0.002">
    <testcase time="0.00200000000000955" classname="character(0)" name="complete_models_with_links_pass_stan_s_syntax_checker"/>
    <testcase time="0" classname="character(0)" name="complete_models_with_links_pass_stan_s_syntax_checker"/>
  </testsuite>
  <testsuite name="LinkComponent" timestamp="2025-01-31T16:46:41Z" hostname="fb1fdeee018e" tests="3" skipped="0" failures="0" errors="0" time="0.003">
    <testcase time="0.00200000000000955" classname="character(0)" name="LinkComponents_are_constructed_correctly_and_can_access_key_components"/>
    <testcase time="0.000999999999976353" classname="character(0)" name="LinkComponents_are_constructed_correctly_and_can_access_key_components"/>
    <testcase time="0" classname="character(0)" name="LinkComponents_are_constructed_correctly_and_can_access_key_components"/>
  </testsuite>
  <testsuite name="LinkComponent" timestamp="2025-01-31T16:46:41Z" hostname="fb1fdeee018e" tests="6" skipped="0" failures="0" errors="0" time="0.005">
    <testcase time="0.00200000000000955" classname="character(0)" name="Model_specific_links_return_the_correct_stan_code"/>
    <testcase time="0" classname="character(0)" name="Model_specific_links_return_the_correct_stan_code"/>
    <testcase time="0.00100000000000477" classname="character(0)" name="Model_specific_links_return_the_correct_stan_code"/>
    <testcase time="0.00100000000000477" classname="character(0)" name="Model_specific_links_return_the_correct_stan_code"/>
    <testcase time="0" classname="character(0)" name="Model_specific_links_return_the_correct_stan_code"/>
    <testcase time="0.00100000000000477" classname="character(0)" name="Model_specific_links_return_the_correct_stan_code"/>
  </testsuite>
  <testsuite name="LinkComponent" timestamp="2025-01-31T16:46:41Z" hostname="fb1fdeee018e" tests="3" skipped="0" failures="3" errors="0" time="0.02">
    <testcase time="0.000999999999976353" classname="character(0)" name="print_works_as_expected">
      <failure type="failure" message="Snapshot of code has changed: ('test-LinkComponent.R:121:5')">Snapshot of code has changed:
old[3:7] vs new[3:7]
  Output
    
    LinkComponent with parameter:
-       link_dsld ~ normal(mu = 0, sigma = 2)
+       link_dsld ~ normal(mu = 0, sigma = 2) 
    

* Run `testthat::snapshot_accept('LinkComponent')` to accept the change.
* Run `testthat::snapshot_review('LinkComponent')` to interactively review the change.</failure>
    </testcase>
    <testcase time="0.0100000000000193" classname="character(0)" name="print_works_as_expected">
      <failure type="failure" message="Snapshot of code has changed: ('test-LinkComponent.R:124:5')">Snapshot of code has changed:
old[3:7] vs new[3:7]
  Output
    
    LinkComponent with parameter:
-       link_ttg ~ beta(a = 4, b = 1)
+       link_ttg ~ beta(a = 4, b = 1) 
    

* Run `testthat::snapshot_accept('LinkComponent')` to accept the change.
* Run `testthat::snapshot_review('LinkComponent')` to interactively review the change.</failure>
    </testcase>
    <testcase time="0.00899999999998613" classname="character(0)" name="print_works_as_expected">
      <failure type="failure" message="Snapshot of code has changed: ('test-LinkComponent.R:127:5')">Snapshot of code has changed:
old[3:7] vs new[3:7]
  Output
    
    LinkComponent with parameter:
-       bob ~ normal(mu = 0, sigma = 5)
+       bob ~ normal(mu = 0, sigma = 5) 
    

* Run `testthat::snapshot_accept('LinkComponent')` to accept the change.
* Run `testthat::snapshot_review('LinkComponent')` to interactively review the change.</failure>
    </testcase>
  </testsuite>
  <testsuite name="LinkComponent" timestamp="2025-01-31T16:46:42Z" hostname="fb1fdeee018e" tests="4" skipped="0" failures="0" errors="0" time="0.013">
    <testcase time="0.0109999999999957" classname="character(0)" name="PromiseLinkComponents_work_as_expected"/>
    <testcase time="0.00100000000000477" classname="character(0)" name="PromiseLinkComponents_work_as_expected"/>
    <testcase time="0" classname="character(0)" name="PromiseLinkComponents_work_as_expected"/>
    <testcase time="0.00100000000000477" classname="character(0)" name="PromiseLinkComponents_work_as_expected"/>
  </testsuite>
  <testsuite name="LongitudinalClaretBruno" timestamp="2025-01-31T16:46:48Z" hostname="fb1fdeee018e" tests="2" skipped="0" failures="0" errors="0" time="6.311">
    <testcase time="6.31" classname="character(0)" name="LongitudinalClaretBruno_works_as_expected_with_default_arguments"/>
    <testcase time="0.00100000000000477" classname="character(0)" name="LongitudinalClaretBruno_works_as_expected_with_default_arguments"/>
  </testsuite>
  <testsuite name="LongitudinalClaretBruno" timestamp="2025-01-31T16:46:48Z" hostname="fb1fdeee018e" tests="2" skipped="0" failures="2" errors="0" time="0.01">
    <testcase time="0.00100000000000477" classname="character(0)" name="Print_method_for_LongitudinalClaretBruno_works_as_expected">
      <failure type="failure" message="Snapshot of code has changed: ('test-LongitudinalClaretBruno.R:12:5')">Snapshot of code has changed:
old[4:20] vs new[4:20]
  Output
    
    Claret-Bruno Longitudinal Model with parameters:
-       lm_clbr_mu_b ~ normal(mu = 4.09434, sigma = 0.5)
+       lm_clbr_mu_b ~ normal(mu = 4.09434, sigma = 0.5) 
-       lm_clbr_mu_g ~ normal(mu = 0, sigma = 0.5)
+       lm_clbr_mu_g ~ normal(mu = 0, sigma = 0.5) 
-       lm_clbr_mu_c ~ normal(mu = -0.91629, sigma = 0.5)
+       lm_clbr_mu_c ~ normal(mu = -0.91629, sigma = 0.5) 
-       lm_clbr_mu_p ~ normal(mu = 0.69315, sigma = 0.5)
+       lm_clbr_mu_p ~ normal(mu = 0.69315, sigma = 0.5) 
-       lm_clbr_omega_b ~ lognormal(mu = -1.60944, sigma = 0.5)
+       lm_clbr_omega_b ~ lognormal(mu = -1.60944, sigma = 0.5) T[0, ]
-       lm_clbr_omega_g ~ lognormal(mu = -1.60944, sigma = 0.5)
+       lm_clbr_omega_g ~ lognormal(mu = -1.60944, sigma = 0.5) T[0, ]
-       lm_clbr_omega_c ~ lognormal(mu = -1.60944, sigma = 0.5)
+       lm_clbr_omega_c ~ lognormal(mu = -1.60944, sigma = 0.5) T[0, ]
-       lm_clbr_omega_p ~ lognormal(mu = -1.60944, sigma = 0.5)
+       lm_clbr_omega_p ~ lognormal(mu = -1.60944, sigma = 0.5) T[0, ]
-       lm_clbr_sigma ~ lognormal(mu = -2.30259, sigma = 0.5)
+       lm_clbr_sigma ~ lognormal(mu = -2.30259, sigma = 0.5) T[0, ]
-       lm_clbr_eta_b ~ std_normal()
+       lm_clbr_eta_b ~ std_normal() 
-       lm_clbr_eta_g ~ std_normal()
+       lm_clbr_eta_g ~ std_normal() 
-       lm_clbr_eta_c ~ std_normal()
+       lm_clbr_eta_c ~ std_normal() 
-       lm_clbr_eta_p ~ std_normal()
+       lm_clbr_eta_p ~ std_normal() 
    

* Run `testthat::snapshot_accept('LongitudinalClaretBruno')` to accept the change.
* Run `testthat::snapshot_review('LongitudinalClaretBruno')` to interactively review the change.</failure>
    </testcase>
    <testcase time="0.00900000000001455" classname="character(0)" name="Print_method_for_LongitudinalClaretBruno_works_as_expected">
      <failure type="failure" message="Snapshot of code has changed: ('test-LongitudinalClaretBruno.R:17:5')">Snapshot of code has changed:
old[5:21] vs new[5:21]
  Output
    
    Claret-Bruno Longitudinal Model with parameters:
-       lm_clbr_mu_b ~ normal(mu = 4.09434, sigma = 0.5)
+       lm_clbr_mu_b ~ normal(mu = 4.09434, sigma = 0.5) 
-       lm_clbr_mu_g ~ gamma(alpha = 2, beta = 1)
+       lm_clbr_mu_g ~ gamma(alpha = 2, beta = 1) 
-       lm_clbr_mu_c ~ normal(mu = -0.91629, sigma = 0.5)
+       lm_clbr_mu_c ~ normal(mu = -0.91629, sigma = 0.5) 
-       lm_clbr_mu_p ~ normal(mu = 0.69315, sigma = 0.5)
+       lm_clbr_mu_p ~ normal(mu = 0.69315, sigma = 0.5) 
-       lm_clbr_omega_b ~ lognormal(mu = -1.60944, sigma = 0.5)
+       lm_clbr_omega_b ~ lognormal(mu = -1.60944, sigma = 0.5) T[0, ]
-       lm_clbr_omega_g ~ lognormal(mu = -1.60944, sigma = 0.5)
+       lm_clbr_omega_g ~ lognormal(mu = -1.60944, sigma = 0.5) T[0, ]
-       lm_clbr_omega_c ~ lognormal(mu = -1.60944, sigma = 0.5)
+       lm_clbr_omega_c ~ lognormal(mu = -1.60944, sigma = 0.5) T[0, ]
-       lm_clbr_omega_p ~ lognormal(mu = -1.60944, sigma = 0.5)
+       lm_clbr_omega_p ~ lognormal(mu = -1.60944, sigma = 0.5) T[0, ]
-       lm_clbr_sigma ~ normal(mu = 0, sigma = 1)
+       lm_clbr_sigma ~ normal(mu = 0, sigma = 1) T[0, ]
-       lm_clbr_eta_b ~ std_normal()
+       lm_clbr_eta_b ~ std_normal() 
-       lm_clbr_eta_g ~ std_normal()
+       lm_clbr_eta_g ~ std_normal() 
-       lm_clbr_eta_c ~ std_normal()
+       lm_clbr_eta_c ~ std_normal() 
-       lm_clbr_eta_p ~ std_normal()
+       lm_clbr_eta_p ~ std_normal() 
    

* Run `testthat::snapshot_accept('LongitudinalClaretBruno')` to accept the change.
* Run `testthat::snapshot_review('LongitudinalClaretBruno')` to interactively review the change.</failure>
    </testcase>
  </testsuite>
  <testsuite name="LongitudinalClaretBruno" timestamp="2025-01-31T16:46:48Z" hostname="fb1fdeee018e" tests="3" skipped="0" failures="0" errors="0" time="0.011">
    <testcase time="0.00999999999999091" classname="character(0)" name="Centralised_parameterisation_compiles_without_issues"/>
    <testcase time="0.00100000000000477" classname="character(0)" name="Centralised_parameterisation_compiles_without_issues"/>
    <testcase time="0" classname="character(0)" name="Centralised_parameterisation_compiles_without_issues"/>
  </testsuite>
  <testsuite name="LongitudinalClaretBruno" timestamp="2025-01-31T16:46:48Z" hostname="fb1fdeee018e" tests="3" skipped="0" failures="0" errors="0" time="0.003">
    <testcase time="0.00200000000000955" classname="character(0)" name="Non_Centralised_parameterisation_compiles_without_issues"/>
    <testcase time="0" classname="character(0)" name="Non_Centralised_parameterisation_compiles_without_issues"/>
    <testcase time="0.00100000000000477" classname="character(0)" name="Non_Centralised_parameterisation_compiles_without_issues"/>
  </testsuite>
  <testsuite name="LongitudinalClaretBruno" timestamp="2025-01-31T16:46:48Z" hostname="fb1fdeee018e" tests="3" skipped="0" failures="0" errors="0" time="0.002">
    <testcase time="0.000999999999976353" classname="character(0)" name="Centralised_parameterisation_compiles_without_issues"/>
    <testcase time="0.00100000000000477" classname="character(0)" name="Centralised_parameterisation_compiles_without_issues"/>
    <testcase time="0" classname="character(0)" name="Centralised_parameterisation_compiles_without_issues"/>
  </testsuite>
  <testsuite name="LongitudinalClaretBruno" timestamp="2025-01-31T16:46:48Z" hostname="fb1fdeee018e" tests="3" skipped="0" failures="0" errors="0" time="0.003">
    <testcase time="0.00200000000000955" classname="character(0)" name="Non_Centralised_parameterisation_compiles_without_issues"/>
    <testcase time="0" classname="character(0)" name="Non_Centralised_parameterisation_compiles_without_issues"/>
    <testcase time="0.00100000000000477" classname="character(0)" name="Non_Centralised_parameterisation_compiles_without_issues"/>
  </testsuite>
  <testsuite name="LongitudinalClaretBruno" timestamp="2025-01-31T16:46:48Z" hostname="fb1fdeee018e" tests="1" skipped="1" failures="0" errors="0" time="0.001">
    <testcase time="0.00100000000000477" classname="character(0)" name="Can_recover_known_distributional_parameters_from_a_SF_joint_model">
      <skipped message="Reason: is_full_test() is not TRUE ('test-LongitudinalClaretBruno.R:91:5')"/>
    </testcase>
  </testsuite>
  <testsuite name="LongitudinalClaretBruno" timestamp="2025-01-31T16:46:48Z" hostname="fb1fdeee018e" tests="2" skipped="0" failures="0" errors="0" time="0.016">
    <testcase time="0.0149999999999864" classname="character(0)" name="Quantity_models_pass_the_parser"/>
    <testcase time="0.00100000000000477" classname="character(0)" name="Quantity_models_pass_the_parser"/>
  </testsuite>
  <testsuite name="LongitudinalClaretBruno" timestamp="2025-01-31T16:46:48Z" hostname="fb1fdeee018e" tests="7" skipped="0" failures="0" errors="0" time="0.005">
    <testcase time="0.00200000000000955" classname="character(0)" name="Can_generate_valid_initial_values"/>
    <testcase time="0" classname="character(0)" name="Can_generate_valid_initial_values"/>
    <testcase time="0.000999999999976353" classname="character(0)" name="Can_generate_valid_initial_values"/>
    <testcase time="0" classname="character(0)" name="Can_generate_valid_initial_values"/>
    <testcase time="0.00100000000000477" classname="character(0)" name="Can_generate_valid_initial_values"/>
    <testcase time="0" classname="character(0)" name="Can_generate_valid_initial_values"/>
    <testcase time="0.00100000000000477" classname="character(0)" name="Can_generate_valid_initial_values"/>
  </testsuite>
  <testsuite name="LongitudinalClaretBruno" timestamp="2025-01-31T16:46:48Z" hostname="fb1fdeee018e" tests="1" skipped="0" failures="0" errors="0" time="0.001">
    <testcase time="0.00100000000000477" classname="character(0)" name="Unscaled_variance_pass_the_parser"/>
  </testsuite>
  <testsuite name="LongitudinalClaretBruno" timestamp="2025-01-31T16:46:48Z" hostname="fb1fdeee018e" tests="1" skipped="1" failures="0" errors="0" time="0.001">
    <testcase time="0.00100000000000477" classname="character(0)" name="Can_recover_known_distributional_parameters_from_unscaled_variance_ClaretBruno_model">
      <skipped message="Reason: is_full_test() is not TRUE ('test-LongitudinalClaretBruno.R:364:5')"/>
    </testcase>
  </testsuite>
  <testsuite name="LongitudinalGSF" timestamp="2025-01-31T16:46:55Z" hostname="fb1fdeee018e" tests="2" skipped="0" failures="0" errors="0" time="7.213">
    <testcase time="7.21199999999999" classname="character(0)" name="LongitudinalGSF_works_as_expected_with_default_arguments"/>
    <testcase time="0.00100000000000477" classname="character(0)" name="LongitudinalGSF_works_as_expected_with_default_arguments"/>
  </testsuite>
  <testsuite name="LongitudinalGSF" timestamp="2025-01-31T16:46:55Z" hostname="fb1fdeee018e" tests="2" skipped="0" failures="2" errors="0" time="0.01">
    <testcase time="0.00100000000000477" classname="character(0)" name="Print_method_for_LongitudinalGSF_works_as_expected">
      <failure type="failure" message="Snapshot of code has changed: ('test-LongitudinalGSF.R:12:5')">Snapshot of code has changed:
old[4:20] vs new[4:20]
  Output
    
    Generalized Stein-Fojo Longitudinal Model with parameters:
-       lm_gsf_mu_bsld ~ normal(mu = 4.09434, sigma = 1)
+       lm_gsf_mu_bsld ~ normal(mu = 4.09434, sigma = 1) 
-       lm_gsf_mu_ks ~ normal(mu = -0.69315, sigma = 1)
+       lm_gsf_mu_ks ~ normal(mu = -0.69315, sigma = 1) 
-       lm_gsf_mu_kg ~ normal(mu = -1.20397, sigma = 1)
+       lm_gsf_mu_kg ~ normal(mu = -1.20397, sigma = 1) 
-       lm_gsf_mu_phi ~ normal(mu = 0, sigma = 1)
+       lm_gsf_mu_phi ~ normal(mu = 0, sigma = 1) 
-       lm_gsf_omega_bsld ~ lognormal(mu = -1.60944, sigma = 1)
+       lm_gsf_omega_bsld ~ lognormal(mu = -1.60944, sigma = 1) T[0, ]
-       lm_gsf_omega_ks ~ lognormal(mu = -1.60944, sigma = 1)
+       lm_gsf_omega_ks ~ lognormal(mu = -1.60944, sigma = 1) T[0, ]
-       lm_gsf_omega_kg ~ lognormal(mu = -1.60944, sigma = 1)
+       lm_gsf_omega_kg ~ lognormal(mu = -1.60944, sigma = 1) T[0, ]
-       lm_gsf_omega_phi ~ lognormal(mu = -1.60944, sigma = 1)
+       lm_gsf_omega_phi ~ lognormal(mu = -1.60944, sigma = 1) T[0, ]
-       lm_gsf_sigma ~ lognormal(mu = -2.30259, sigma = 1)
+       lm_gsf_sigma ~ lognormal(mu = -2.30259, sigma = 1) T[0, ]
-       lm_gsf_eta_tilde_bsld ~ std_normal()
+       lm_gsf_eta_tilde_bsld ~ std_normal() 
-       lm_gsf_eta_tilde_ks ~ std_normal()
+       lm_gsf_eta_tilde_ks ~ std_normal() 
-       lm_gsf_eta_tilde_kg ~ std_normal()
+       lm_gsf_eta_tilde_kg ~ std_normal() 
-       lm_gsf_eta_tilde_phi ~ std_normal()
+       lm_gsf_eta_tilde_phi ~ std_normal() 
    

* Run `testthat::snapshot_accept('LongitudinalGSF')` to accept the change.
* Run `testthat::snapshot_review('LongitudinalGSF')` to interactively review the change.</failure>
    </testcase>
    <testcase time="0.00899999999998613" classname="character(0)" name="Print_method_for_LongitudinalGSF_works_as_expected">
      <failure type="failure" message="Snapshot of code has changed: ('test-LongitudinalGSF.R:17:5')">Snapshot of code has changed:
old[4:20] vs new[4:20]
  Output
    
    Generalized Stein-Fojo Longitudinal Model with parameters:
-       lm_gsf_mu_bsld ~ normal(mu = 4.09434, sigma = 1)
+       lm_gsf_mu_bsld ~ normal(mu = 4.09434, sigma = 1) 
-       lm_gsf_mu_ks ~ normal(mu = -0.69315, sigma = 1)
+       lm_gsf_mu_ks ~ normal(mu = -0.69315, sigma = 1) 
-       lm_gsf_mu_kg ~ gamma(alpha = 2, beta = 1)
+       lm_gsf_mu_kg ~ gamma(alpha = 2, beta = 1) 
-       lm_gsf_mu_phi ~ normal(mu = 0, sigma = 1)
+       lm_gsf_mu_phi ~ normal(mu = 0, sigma = 1) 
-       lm_gsf_omega_bsld ~ lognormal(mu = -1.60944, sigma = 1)
+       lm_gsf_omega_bsld ~ lognormal(mu = -1.60944, sigma = 1) T[0, ]
-       lm_gsf_omega_ks ~ lognormal(mu = -1.60944, sigma = 1)
+       lm_gsf_omega_ks ~ lognormal(mu = -1.60944, sigma = 1) T[0, ]
-       lm_gsf_omega_kg ~ lognormal(mu = -1.60944, sigma = 1)
+       lm_gsf_omega_kg ~ lognormal(mu = -1.60944, sigma = 1) T[0, ]
-       lm_gsf_omega_phi ~ lognormal(mu = -1.60944, sigma = 1)
+       lm_gsf_omega_phi ~ lognormal(mu = -1.60944, sigma = 1) T[0, ]
-       lm_gsf_sigma ~ normal(mu = 0, sigma = 1)
+       lm_gsf_sigma ~ normal(mu = 0, sigma = 1) T[0, ]
-       lm_gsf_eta_tilde_bsld ~ std_normal()
+       lm_gsf_eta_tilde_bsld ~ std_normal() 
-       lm_gsf_eta_tilde_ks ~ std_normal()
+       lm_gsf_eta_tilde_ks ~ std_normal() 
-       lm_gsf_eta_tilde_kg ~ std_normal()
+       lm_gsf_eta_tilde_kg ~ std_normal() 
-       lm_gsf_eta_tilde_phi ~ std_normal()
+       lm_gsf_eta_tilde_phi ~ std_normal() 
    

* Run `testthat::snapshot_accept('LongitudinalGSF')` to accept the change.
* Run `testthat::snapshot_review('LongitudinalGSF')` to interactively review the change.</failure>
    </testcase>
  </testsuite>
  <testsuite name="LongitudinalGSF" timestamp="2025-01-31T16:46:55Z" hostname="fb1fdeee018e" tests="3" skipped="0" failures="0" errors="0" time="0.012">
    <testcase time="0.0109999999999957" classname="character(0)" name="Centralised_parameterisation_compiles_without_issues"/>
    <testcase time="0.00100000000000477" classname="character(0)" name="Centralised_parameterisation_compiles_without_issues"/>
    <testcase time="0" classname="character(0)" name="Centralised_parameterisation_compiles_without_issues"/>
  </testsuite>
  <testsuite name="LongitudinalGSF" timestamp="2025-01-31T16:46:55Z" hostname="fb1fdeee018e" tests="3" skipped="0" failures="0" errors="0" time="0.003">
    <testcase time="0.00200000000000955" classname="character(0)" name="Non_Centralised_parameterisation_compiles_without_issues"/>
    <testcase time="0.00100000000000477" classname="character(0)" name="Non_Centralised_parameterisation_compiles_without_issues"/>
    <testcase time="0" classname="character(0)" name="Non_Centralised_parameterisation_compiles_without_issues"/>
  </testsuite>
  <testsuite name="LongitudinalGSF" timestamp="2025-01-31T16:46:55Z" hostname="fb1fdeee018e" tests="4" skipped="0" failures="0" errors="0" time="0.003">
    <testcase time="0.00199999999998113" classname="character(0)" name="Can_load_and_compile_growth_shrinkage_links"/>
    <testcase time="0" classname="character(0)" name="Can_load_and_compile_growth_shrinkage_links"/>
    <testcase time="0.00100000000000477" classname="character(0)" name="Can_load_and_compile_growth_shrinkage_links"/>
    <testcase time="0" classname="character(0)" name="Can_load_and_compile_growth_shrinkage_links"/>
  </testsuite>
  <testsuite name="LongitudinalGSF" timestamp="2025-01-31T16:46:55Z" hostname="fb1fdeee018e" tests="1" skipped="1" failures="0" errors="0" time="0.002">
    <testcase time="0.00200000000000955" classname="character(0)" name="Can_recover_known_distributional_parameters_from_a_full_GSF_joint_model">
      <skipped message="Reason: is_full_test() is not TRUE ('test-LongitudinalGSF.R:83:5')"/>
    </testcase>
  </testsuite>
  <testsuite name="LongitudinalGSF" timestamp="2025-01-31T16:46:55Z" hostname="fb1fdeee018e" tests="2" skipped="0" failures="0" errors="0" time="0.011">
    <testcase time="0.0109999999999957" classname="character(0)" name="Quantity_models_pass_the_parser"/>
    <testcase time="0" classname="character(0)" name="Quantity_models_pass_the_parser"/>
  </testsuite>
  <testsuite name="LongitudinalGSF" timestamp="2025-01-31T16:46:55Z" hostname="fb1fdeee018e" tests="7" skipped="0" failures="0" errors="0" time="0.005">
    <testcase time="0.00200000000000955" classname="character(0)" name="Can_generate_valid_initial_values"/>
    <testcase time="0" classname="character(0)" name="Can_generate_valid_initial_values"/>
    <testcase time="0.000999999999976353" classname="character(0)" name="Can_generate_valid_initial_values"/>
    <testcase time="0" classname="character(0)" name="Can_generate_valid_initial_values"/>
    <testcase time="0.00100000000000477" classname="character(0)" name="Can_generate_valid_initial_values"/>
    <testcase time="0" classname="character(0)" name="Can_generate_valid_initial_values"/>
    <testcase time="0.00100000000000477" classname="character(0)" name="Can_generate_valid_initial_values"/>
  </testsuite>
  <testsuite name="LongitudinalGSF" timestamp="2025-01-31T16:46:55Z" hostname="fb1fdeee018e" tests="1" skipped="0" failures="0" errors="0" time="0.002">
    <testcase time="0.00200000000000955" classname="character(0)" name="Unscaled_variance_GSF_mode_pass_the_parser"/>
  </testsuite>
  <testsuite name="LongitudinalGSF" timestamp="2025-01-31T16:46:55Z" hostname="fb1fdeee018e" tests="1" skipped="1" failures="0" errors="0" time="0.001">
    <testcase time="0.000999999999976353" classname="character(0)" name="Can_recover_known_distributional_parameters_from_unscaled_variance_GSF_model">
      <skipped message="Reason: is_full_test() is not TRUE ('test-LongitudinalGSF.R:334:5')"/>
    </testcase>
  </testsuite>
  <testsuite name="Grid" timestamp="2025-01-31T16:47:44Z" hostname="fb1fdeee018e" tests="15" skipped="0" failures="0" errors="0" time="49.258">
    <testcase time="49.247" classname="character(0)" name="Grid_objects_work_with_QuantityGenerator_and_QuantityCollapser"/>
    <testcase time="0.00100000000000477" classname="character(0)" name="Grid_objects_work_with_QuantityGenerator_and_QuantityCollapser"/>
    <testcase time="0.00100000000000477" classname="character(0)" name="Grid_objects_work_with_QuantityGenerator_and_QuantityCollapser"/>
    <testcase time="0.00100000000000477" classname="character(0)" name="Grid_objects_work_with_QuantityGenerator_and_QuantityCollapser"/>
    <testcase time="0" classname="character(0)" name="Grid_objects_work_with_QuantityGenerator_and_QuantityCollapser"/>
    <testcase time="0.000999999999976353" classname="character(0)" name="Grid_objects_work_with_QuantityGenerator_and_QuantityCollapser"/>
    <testcase time="0.00100000000000477" classname="character(0)" name="Grid_objects_work_with_QuantityGenerator_and_QuantityCollapser"/>
    <testcase time="0.00100000000000477" classname="character(0)" name="Grid_objects_work_with_QuantityGenerator_and_QuantityCollapser"/>
    <testcase time="0.00100000000000477" classname="character(0)" name="Grid_objects_work_with_QuantityGenerator_and_QuantityCollapser"/>
    <testcase time="0" classname="character(0)" name="Grid_objects_work_with_QuantityGenerator_and_QuantityCollapser"/>
    <testcase time="0.00100000000000477" classname="character(0)" name="Grid_objects_work_with_QuantityGenerator_and_QuantityCollapser"/>
    <testcase time="0.00100000000000477" classname="character(0)" name="Grid_objects_work_with_QuantityGenerator_and_QuantityCollapser"/>
    <testcase time="0.000999999999976353" classname="character(0)" name="Grid_objects_work_with_QuantityGenerator_and_QuantityCollapser"/>
    <testcase time="0" classname="character(0)" name="Grid_objects_work_with_QuantityGenerator_and_QuantityCollapser"/>
    <testcase time="0.00100000000000477" classname="character(0)" name="Grid_objects_work_with_QuantityGenerator_and_QuantityCollapser"/>
  </testsuite>
  <testsuite name="Grid" timestamp="2025-01-31T16:47:44Z" hostname="fb1fdeee018e" tests="11" skipped="0" failures="0" errors="0" time="0.007">
    <testcase time="0.00200000000000955" classname="character(0)" name="GridObservered_Constructs_correct_quantities"/>
    <testcase time="0" classname="character(0)" name="GridObservered_Constructs_correct_quantities"/>
    <testcase time="0.00100000000000477" classname="character(0)" name="GridObservered_Constructs_correct_quantities"/>
    <testcase time="0" classname="character(0)" name="GridObservered_Constructs_correct_quantities"/>
    <testcase time="0.00100000000000477" classname="character(0)" name="GridObservered_Constructs_correct_quantities"/>
    <testcase time="0" classname="character(0)" name="GridObservered_Constructs_correct_quantities"/>
    <testcase time="0.000999999999976353" classname="character(0)" name="GridObservered_Constructs_correct_quantities"/>
    <testcase time="0" classname="character(0)" name="GridObservered_Constructs_correct_quantities"/>
    <testcase time="0.00100000000000477" classname="character(0)" name="GridObservered_Constructs_correct_quantities"/>
    <testcase time="0" classname="character(0)" name="GridObservered_Constructs_correct_quantities"/>
    <testcase time="0.00100000000000477" classname="character(0)" name="GridObservered_Constructs_correct_quantities"/>
  </testsuite>
  <testsuite name="Grid" timestamp="2025-01-31T16:47:44Z" hostname="fb1fdeee018e" tests="4" skipped="0" failures="0" errors="0" time="0.003">
    <testcase time="0.00100000000000477" classname="character(0)" name="subjects_to_list_works_as_expected"/>
    <testcase time="0.00100000000000477" classname="character(0)" name="subjects_to_list_works_as_expected"/>
    <testcase time="0" classname="character(0)" name="subjects_to_list_works_as_expected"/>
    <testcase time="0.00100000000000477" classname="character(0)" name="subjects_to_list_works_as_expected"/>
  </testsuite>
  <testsuite name="Grid" timestamp="2025-01-31T16:47:44Z" hostname="fb1fdeee018e" tests="4" skipped="0" failures="0" errors="0" time="0.003">
    <testcase time="0.000999999999976353" classname="character(0)" name="coalesceGridTime_works_as_expected"/>
    <testcase time="0.00100000000000477" classname="character(0)" name="coalesceGridTime_works_as_expected"/>
    <testcase time="0" classname="character(0)" name="coalesceGridTime_works_as_expected"/>
    <testcase time="0.00100000000000477" classname="character(0)" name="coalesceGridTime_works_as_expected"/>
  </testsuite>
  <testsuite name="Grid" timestamp="2025-01-31T16:47:44Z" hostname="fb1fdeee018e" tests="5" skipped="0" failures="0" errors="0" time="0.003">
    <testcase time="0.00100000000000477" classname="character(0)" name="GridPopulation_works_as_expected_for_GSF_models"/>
    <testcase time="0.00100000000000477" classname="character(0)" name="GridPopulation_works_as_expected_for_GSF_models"/>
    <testcase time="0" classname="character(0)" name="GridPopulation_works_as_expected_for_GSF_models"/>
    <testcase time="0.00100000000000477" classname="character(0)" name="GridPopulation_works_as_expected_for_GSF_models"/>
    <testcase time="0" classname="character(0)" name="GridPopulation_works_as_expected_for_GSF_models"/>
  </testsuite>
  <testsuite name="Grid" timestamp="2025-01-31T16:47:44Z" hostname="fb1fdeee018e" tests="5" skipped="0" failures="0" errors="0" time="0.005">
    <testcase time="0.00199999999998113" classname="character(0)" name="GridPopulation_works_as_expected_for_Longitudinal_models"/>
    <testcase time="0" classname="character(0)" name="GridPopulation_works_as_expected_for_Longitudinal_models"/>
    <testcase time="0.00100000000000477" classname="character(0)" name="GridPopulation_works_as_expected_for_Longitudinal_models"/>
    <testcase time="0.00100000000000477" classname="character(0)" name="GridPopulation_works_as_expected_for_Longitudinal_models"/>
    <testcase time="0.00100000000000477" classname="character(0)" name="GridPopulation_works_as_expected_for_Longitudinal_models"/>
  </testsuite>
  <testsuite name="Grid" timestamp="2025-01-31T16:47:44Z" hostname="fb1fdeee018e" tests="1" skipped="0" failures="0" errors="0" time="0.001">
    <testcase time="0.000999999999976353" classname="character(0)" name="GridPopulation_doesn_t_work_with_SurvivalQuantities"/>
  </testsuite>
  <testsuite name="Grid" timestamp="2025-01-31T16:47:44Z" hostname="fb1fdeee018e" tests="1" skipped="0" failures="0" errors="0" time="0.002">
    <testcase time="0.00200000000000955" classname="character(0)" name="GridFixed_bug_has_been_fixed"/>
  </testsuite>
  <testsuite name="LongitudinalQuantiles" timestamp="2025-01-31T16:47:51Z" hostname="fb1fdeee018e" tests="10" skipped="0" failures="0" errors="0" time="6.878">
    <testcase time="6.87100000000001" classname="character(0)" name="Test_that_LongitudinalQuantities_works_as_expected"/>
    <testcase time="0.00100000000000477" classname="character(0)" name="Test_that_LongitudinalQuantities_works_as_expected"/>
    <testcase time="0.000999999999976353" classname="character(0)" name="Test_that_LongitudinalQuantities_works_as_expected"/>
    <testcase time="0.00100000000000477" classname="character(0)" name="Test_that_LongitudinalQuantities_works_as_expected"/>
    <testcase time="0.00100000000000477" classname="character(0)" name="Test_that_LongitudinalQuantities_works_as_expected"/>
    <testcase time="0.00100000000000477" classname="character(0)" name="Test_that_LongitudinalQuantities_works_as_expected"/>
    <testcase time="0" classname="character(0)" name="Test_that_LongitudinalQuantities_works_as_expected"/>
    <testcase time="0" classname="character(0)" name="Test_that_LongitudinalQuantities_works_as_expected"/>
    <testcase time="0.00100000000000477" classname="character(0)" name="Test_that_LongitudinalQuantities_works_as_expected"/>
    <testcase time="0.000999999999976353" classname="character(0)" name="Test_that_LongitudinalQuantities_works_as_expected"/>
  </testsuite>
  <testsuite name="LongitudinalQuantiles" timestamp="2025-01-31T16:47:51Z" hostname="fb1fdeee018e" tests="15" skipped="0" failures="0" errors="0" time="0.015">
    <testcase time="0.00200000000000955" classname="character(0)" name="autoplot.LongitudinalQuantities_works_as_expected"/>
    <testcase time="0.00100000000000477" classname="character(0)" name="autoplot.LongitudinalQuantities_works_as_expected"/>
    <testcase time="0.00100000000000477" classname="character(0)" name="autoplot.LongitudinalQuantities_works_as_expected"/>
    <testcase time="0.00100000000000477" classname="character(0)" name="autoplot.LongitudinalQuantities_works_as_expected"/>
    <testcase time="0.000999999999976353" classname="character(0)" name="autoplot.LongitudinalQuantities_works_as_expected"/>
    <testcase time="0.00100000000000477" classname="character(0)" name="autoplot.LongitudinalQuantities_works_as_expected"/>
    <testcase time="0.00100000000000477" classname="character(0)" name="autoplot.LongitudinalQuantities_works_as_expected"/>
    <testcase time="0.00100000000000477" classname="character(0)" name="autoplot.LongitudinalQuantities_works_as_expected"/>
    <testcase time="0.00100000000000477" classname="character(0)" name="autoplot.LongitudinalQuantities_works_as_expected"/>
    <testcase time="0.00100000000000477" classname="character(0)" name="autoplot.LongitudinalQuantities_works_as_expected"/>
    <testcase time="0.000999999999976353" classname="character(0)" name="autoplot.LongitudinalQuantities_works_as_expected"/>
    <testcase time="0.00100000000000477" classname="character(0)" name="autoplot.LongitudinalQuantities_works_as_expected"/>
    <testcase time="0" classname="character(0)" name="autoplot.LongitudinalQuantities_works_as_expected"/>
    <testcase time="0.00100000000000477" classname="character(0)" name="autoplot.LongitudinalQuantities_works_as_expected"/>
    <testcase time="0.00100000000000477" classname="character(0)" name="autoplot.LongitudinalQuantities_works_as_expected"/>
  </testsuite>
  <testsuite name="LongitudinalQuantiles" timestamp="2025-01-31T16:47:51Z" hostname="fb1fdeee018e" tests="2" skipped="0" failures="0" errors="0" time="0.002">
    <testcase time="0.00200000000000955" classname="character(0)" name="LongitudinalQuantities_print_method_works_as_expected"/>
    <testcase time="0" classname="character(0)" name="LongitudinalQuantities_print_method_works_as_expected"/>
  </testsuite>
  <testsuite name="LongitudinalQuantiles" timestamp="2025-01-31T16:47:51Z" hostname="fb1fdeee018e" tests="1" skipped="0" failures="0" errors="0" time="0.002">
    <testcase time="0.00199999999998113" classname="character(0)" name="LongitudinalQuantities_can_recover_known_results"/>
  </testsuite>
  <testsuite name="LongitudinalQuantiles" timestamp="2025-01-31T16:47:51Z" hostname="fb1fdeee018e" tests="1" skipped="0" failures="0" errors="0" time="0.002">
    <testcase time="0.00200000000000955" classname="character(0)" name="LongitudinalQuantities_correctly_subsets_subjects_and_rebuilds_correct_value_for_each_sample"/>
  </testsuite>
  <testsuite name="LongitudinalSteinFojo" timestamp="2025-01-31T16:47:59Z" hostname="fb1fdeee018e" tests="2" skipped="0" failures="0" errors="0" time="7.722">
    <testcase time="7.721" classname="character(0)" name="LongitudinalSteinFojo_works_as_expected_with_default_arguments"/>
    <testcase time="0.00100000000000477" classname="character(0)" name="LongitudinalSteinFojo_works_as_expected_with_default_arguments"/>
  </testsuite>
  <testsuite name="LongitudinalSteinFojo" timestamp="2025-01-31T16:47:59Z" hostname="fb1fdeee018e" tests="2" skipped="0" failures="2" errors="0" time="0.011">
    <testcase time="0.00199999999998113" classname="character(0)" name="Print_method_for_LongitudinalSteinFojo_works_as_expected">
      <failure type="failure" message="Snapshot of code has changed: ('test-LongitudinalSteinFojo.R:11:5')">Snapshot of code has changed:
old[4:17] vs new[4:17]
  Output
    
    Stein-Fojo Longitudinal Model with parameters:
-       lm_sf_mu_bsld ~ normal(mu = 4.09434, sigma = 1)
+       lm_sf_mu_bsld ~ normal(mu = 4.09434, sigma = 1) 
-       lm_sf_mu_ks ~ normal(mu = -0.69315, sigma = 1)
+       lm_sf_mu_ks ~ normal(mu = -0.69315, sigma = 1) 
-       lm_sf_mu_kg ~ normal(mu = -1.20397, sigma = 1)
+       lm_sf_mu_kg ~ normal(mu = -1.20397, sigma = 1) 
-       lm_sf_omega_bsld ~ lognormal(mu = -1.60944, sigma = 1)
+       lm_sf_omega_bsld ~ lognormal(mu = -1.60944, sigma = 1) T[0, ]
-       lm_sf_omega_ks ~ lognormal(mu = -1.60944, sigma = 1)
+       lm_sf_omega_ks ~ lognormal(mu = -1.60944, sigma = 1) T[0, ]
-       lm_sf_omega_kg ~ lognormal(mu = -1.60944, sigma = 1)
+       lm_sf_omega_kg ~ lognormal(mu = -1.60944, sigma = 1) T[0, ]
-       lm_sf_sigma ~ lognormal(mu = -2.30259, sigma = 1)
+       lm_sf_sigma ~ lognormal(mu = -2.30259, sigma = 1) T[0, ]
-       lm_sf_eta_tilde_bsld ~ std_normal()
+       lm_sf_eta_tilde_bsld ~ std_normal() 
-       lm_sf_eta_tilde_ks ~ std_normal()
+       lm_sf_eta_tilde_ks ~ std_normal() 
-       lm_sf_eta_tilde_kg ~ std_normal()
+       lm_sf_eta_tilde_kg ~ std_normal() 
    

* Run `testthat::snapshot_accept('LongitudinalSteinFojo')` to accept the change.
* Run `testthat::snapshot_review('LongitudinalSteinFojo')` to interactively review the change.</failure>
    </testcase>
    <testcase time="0.00900000000001455" classname="character(0)" name="Print_method_for_LongitudinalSteinFojo_works_as_expected">
      <failure type="failure" message="Snapshot of code has changed: ('test-LongitudinalSteinFojo.R:16:5')">Snapshot of code has changed:
old[4:17] vs new[4:17]
  Output
    
    Stein-Fojo Longitudinal Model with parameters:
-       lm_sf_mu_bsld ~ normal(mu = 4.09434, sigma = 1)
+       lm_sf_mu_bsld ~ normal(mu = 4.09434, sigma = 1) 
-       lm_sf_mu_ks ~ normal(mu = -0.69315, sigma = 1)
+       lm_sf_mu_ks ~ normal(mu = -0.69315, sigma = 1) 
-       lm_sf_mu_kg ~ gamma(alpha = 2, beta = 1)
+       lm_sf_mu_kg ~ gamma(alpha = 2, beta = 1) 
-       lm_sf_omega_bsld ~ lognormal(mu = -1.60944, sigma = 1)
+       lm_sf_omega_bsld ~ lognormal(mu = -1.60944, sigma = 1) T[0, ]
-       lm_sf_omega_ks ~ lognormal(mu = -1.60944, sigma = 1)
+       lm_sf_omega_ks ~ lognormal(mu = -1.60944, sigma = 1) T[0, ]
-       lm_sf_omega_kg ~ lognormal(mu = -1.60944, sigma = 1)
+       lm_sf_omega_kg ~ lognormal(mu = -1.60944, sigma = 1) T[0, ]
-       lm_sf_sigma ~ normal(mu = 0, sigma = 1)
+       lm_sf_sigma ~ normal(mu = 0, sigma = 1) T[0, ]
-       lm_sf_eta_tilde_bsld ~ std_normal()
+       lm_sf_eta_tilde_bsld ~ std_normal() 
-       lm_sf_eta_tilde_ks ~ std_normal()
+       lm_sf_eta_tilde_ks ~ std_normal() 
-       lm_sf_eta_tilde_kg ~ std_normal()
+       lm_sf_eta_tilde_kg ~ std_normal() 
    

* Run `testthat::snapshot_accept('LongitudinalSteinFojo')` to accept the change.
* Run `testthat::snapshot_review('LongitudinalSteinFojo')` to interactively review the change.</failure>
    </testcase>
  </testsuite>
  <testsuite name="LongitudinalSteinFojo" timestamp="2025-01-31T16:47:59Z" hostname="fb1fdeee018e" tests="3" skipped="0" failures="0" errors="0" time="0.016">
    <testcase time="0.0149999999999864" classname="character(0)" name="Centralised_parameterisation_compiles_without_issues"/>
    <testcase time="0" classname="character(0)" name="Centralised_parameterisation_compiles_without_issues"/>
    <testcase time="0.00100000000000477" classname="character(0)" name="Centralised_parameterisation_compiles_without_issues"/>
  </testsuite>
  <testsuite name="LongitudinalSteinFojo" timestamp="2025-01-31T16:47:59Z" hostname="fb1fdeee018e" tests="3" skipped="0" failures="0" errors="0" time="0.002">
    <testcase time="0.00100000000000477" classname="character(0)" name="Non_Centralised_parameterisation_compiles_without_issues"/>
    <testcase time="0.00100000000000477" classname="character(0)" name="Non_Centralised_parameterisation_compiles_without_issues"/>
    <testcase time="0" classname="character(0)" name="Non_Centralised_parameterisation_compiles_without_issues"/>
  </testsuite>
  <testsuite name="LongitudinalSteinFojo" timestamp="2025-01-31T16:47:59Z" hostname="fb1fdeee018e" tests="3" skipped="0" failures="0" errors="0" time="0.003">
    <testcase time="0.00199999999998113" classname="character(0)" name="Centralised_parameterisation_compiles_without_issues"/>
    <testcase time="0" classname="character(0)" name="Centralised_parameterisation_compiles_without_issues"/>
    <testcase time="0.00100000000000477" classname="character(0)" name="Centralised_parameterisation_compiles_without_issues"/>
  </testsuite>
  <testsuite name="LongitudinalSteinFojo" timestamp="2025-01-31T16:47:59Z" hostname="fb1fdeee018e" tests="3" skipped="0" failures="0" errors="0" time="0.002">
    <testcase time="0.00100000000000477" classname="character(0)" name="Non_Centralised_parameterisation_compiles_without_issues"/>
    <testcase time="0.00100000000000477" classname="character(0)" name="Non_Centralised_parameterisation_compiles_without_issues"/>
    <testcase time="0" classname="character(0)" name="Non_Centralised_parameterisation_compiles_without_issues"/>
  </testsuite>
  <testsuite name="LongitudinalSteinFojo" timestamp="2025-01-31T16:47:59Z" hostname="fb1fdeee018e" tests="4" skipped="0" failures="0" errors="0" time="0.003">
    <testcase time="0.00200000000000955" classname="character(0)" name="Can_load_and_compile_growth_shrinkage_links"/>
    <testcase time="0" classname="character(0)" name="Can_load_and_compile_growth_shrinkage_links"/>
    <testcase time="0.000999999999976353" classname="character(0)" name="Can_load_and_compile_growth_shrinkage_links"/>
    <testcase time="0" classname="character(0)" name="Can_load_and_compile_growth_shrinkage_links"/>
  </testsuite>
  <testsuite name="LongitudinalSteinFojo" timestamp="2025-01-31T16:47:59Z" hostname="fb1fdeee018e" tests="1" skipped="1" failures="0" errors="0" time="0.002">
    <testcase time="0.00200000000000955" classname="character(0)" name="Can_recover_known_distributional_parameters_from_a_SF_joint_model">
      <skipped message="Reason: is_full_test() is not TRUE ('test-LongitudinalSteinFojo.R:110:5')"/>
    </testcase>
  </testsuite>
  <testsuite name="LongitudinalSteinFojo" timestamp="2025-01-31T16:47:59Z" hostname="fb1fdeee018e" tests="1" skipped="1" failures="0" errors="0" time="0.01">
    <testcase time="0.00999999999999091" classname="character(0)" name="Can_recover_known_distributional_parameters_from_a_SF_joint_model_with_growth_link">
      <skipped message="Reason: is_full_test() is not TRUE ('test-LongitudinalSteinFojo.R:275:5')"/>
    </testcase>
  </testsuite>
  <testsuite name="LongitudinalSteinFojo" timestamp="2025-01-31T16:47:59Z" hostname="fb1fdeee018e" tests="2" skipped="0" failures="0" errors="0" time="0.01">
    <testcase time="0.0100000000000193" classname="character(0)" name="Quantity_models_pass_the_parser"/>
    <testcase time="0" classname="character(0)" name="Quantity_models_pass_the_parser"/>
  </testsuite>
  <testsuite name="LongitudinalSteinFojo" timestamp="2025-01-31T16:47:59Z" hostname="fb1fdeee018e" tests="6" skipped="0" failures="0" errors="0" time="0.004">
    <testcase time="0.00199999999998113" classname="character(0)" name="Can_generate_valid_initial_values"/>
    <testcase time="0" classname="character(0)" name="Can_generate_valid_initial_values"/>
    <testcase time="0.00100000000000477" classname="character(0)" name="Can_generate_valid_initial_values"/>
    <testcase time="0" classname="character(0)" name="Can_generate_valid_initial_values"/>
    <testcase time="0.00100000000000477" classname="character(0)" name="Can_generate_valid_initial_values"/>
    <testcase time="0" classname="character(0)" name="Can_generate_valid_initial_values"/>
  </testsuite>
  <testsuite name="LongitudinalSteinFojo" timestamp="2025-01-31T16:47:59Z" hostname="fb1fdeee018e" tests="1" skipped="0" failures="0" errors="0" time="0.002">
    <testcase time="0.00200000000000955" classname="character(0)" name="Unscaled_variance_SF_mode_pass_the_parser"/>
  </testsuite>
  <testsuite name="LongitudinalSteinFojo" timestamp="2025-01-31T16:47:59Z" hostname="fb1fdeee018e" tests="1" skipped="1" failures="0" errors="0" time="0.002">
    <testcase time="0.00199999999998113" classname="character(0)" name="Can_recover_known_distributional_parameters_from_unscaled_variance_SF_model">
      <skipped message="Reason: is_full_test() is not TRUE ('test-LongitudinalSteinFojo.R:539:5')"/>
    </testcase>
  </testsuite>
  <testsuite name="Parameter" timestamp="2025-01-31T16:47:59Z" hostname="fb1fdeee018e" tests="2" skipped="0" failures="0" errors="0" time="0.213">
    <testcase time="0.213000000000022" classname="character(0)" name="Parameters_smoke_tests"/>
    <testcase time="0" classname="character(0)" name="Parameters_smoke_tests"/>
  </testsuite>
  <testsuite name="Parameter" timestamp="2025-01-31T16:47:59Z" hostname="fb1fdeee018e" tests="3" skipped="0" failures="3" errors="0" time="0.019">
    <testcase time="0.00100000000000477" classname="character(0)" name="show_works_for_Paramneter_objects">
      <failure type="failure" message="Snapshot of code has changed: ('test-Parameter.R:17:5')">Snapshot of code has changed:
old[3:7] vs new[3:7]
  Output
    
    Parameter Object:
-      bob ~ normal(mu = 1, sigma = 3)
+      bob ~ normal(mu = 1, sigma = 3) 
    

* Run `testthat::snapshot_accept('Parameter')` to accept the change.
* Run `testthat::snapshot_review('Parameter')` to interactively review the change.</failure>
    </testcase>
    <testcase time="0.00900000000001455" classname="character(0)" name="show_works_for_Paramneter_objects">
      <failure type="failure" message="Snapshot of code has changed: ('test-Parameter.R:20:5')">Snapshot of code has changed:
    old                                | new                                    
[3] Output                             | Output                              [3]
[4]                                    |                                     [4]
[5]   Parameter Object:                |   Parameter Object:                 [5]
[6]      var1 ~ beta(a = 0.5, b = 0.2) -      var1 ~ beta(a = 0.5, b = 0.2)  [6]
[7]                                    |                                     [7]

* Run `testthat::snapshot_accept('Parameter')` to accept the change.
* Run `testthat::snapshot_review('Parameter')` to interactively review the change.</failure>
    </testcase>
    <testcase time="0.00899999999998613" classname="character(0)" name="show_works_for_Paramneter_objects">
      <failure type="failure" message="Snapshot of code has changed: ('test-Parameter.R:23:5')">Snapshot of code has changed:
    old                 | new                    
[3] Output              | Output              [3]
[4]                     |                     [4]
[5]   Parameter Object: |   Parameter Object: [5]
[6]      x ~ &lt;None&gt;     -      x ~ &lt;None&gt;     [6]
[7]                     |                     [7]

* Run `testthat::snapshot_accept('Parameter')` to accept the change.
* Run `testthat::snapshot_review('Parameter')` to interactively review the change.</failure>
    </testcase>
  </testsuite>
  <testsuite name="ParameterList" timestamp="2025-01-31T16:48:00Z" hostname="fb1fdeee018e" tests="4" skipped="0" failures="1" errors="0" time="0.193">
    <testcase time="0.183000000000021" classname="character(0)" name="ParameterList_smoke_tests"/>
    <testcase time="0" classname="character(0)" name="ParameterList_smoke_tests"/>
    <testcase time="0.000999999999976353" classname="character(0)" name="ParameterList_smoke_tests">
      <failure type="failure" message="as.StanModule(pl) (`actual`) not equal to StanModule(test_path(&quot;models&quot;, &quot;ParameterList.stan&quot;)) (`expected`). ('test-ParameterList.R:29:5')">as.StanModule(pl) (`actual`) not equal to StanModule(test_path("models", "ParameterList.stan")) (`expected`).

actual@model vs expected@model
- "    inter ~ gamma(prior_alpha_inter, prior_beta_inter) ;"
+ "    inter ~ gamma(prior_alpha_inter, prior_beta_inter);"
- "    myp ~ normal(prior_mu_myp, prior_sigma_myp) ;"
+ "    myp ~ normal(prior_mu_myp, prior_sigma_myp);"</failure>
    </testcase>
    <testcase time="0.00900000000001455" classname="character(0)" name="ParameterList_smoke_tests"/>
  </testsuite>
  <testsuite name="ParameterList" timestamp="2025-01-31T16:48:00Z" hostname="fb1fdeee018e" tests="1" skipped="0" failures="1" errors="0" time="0.002">
    <testcase time="0.00200000000000955" classname="character(0)" name="show_works_for_ParameterList_objects">
      <failure type="failure" message="Snapshot of code has changed: ('test-ParameterList.R:53:5')">Snapshot of code has changed:
old[3:10] vs new[3:10]
  Output
    
    ParameterList Object:
-       bob ~ normal(mu = 1, sigma = 4)
+       bob ~ normal(mu = 1, sigma = 4) 
-       sam ~ beta(a = 3, b = 1)
+       sam ~ beta(a = 3, b = 1) 
-       dave ~ lognormal(mu = 3, sigma = 2)
+       dave ~ lognormal(mu = 3, sigma = 2) 
-       steve ~ &lt;None&gt;
+       steve ~ &lt;None&gt; 
    

* Run `testthat::snapshot_accept('ParameterList')` to accept the change.
* Run `testthat::snapshot_review('ParameterList')` to interactively review the change.</failure>
    </testcase>
  </testsuite>
  <testsuite name="Prior" timestamp="2025-01-31T16:48:01Z" hostname="fb1fdeee018e" tests="8" skipped="0" failures="3" errors="0" time="1.253">
    <testcase time="1.22399999999999" classname="character(0)" name="Priors_work_as_expected"/>
    <testcase time="0.00100000000000477" classname="character(0)" name="Priors_work_as_expected">
      <failure type="failure" message="as.StanModule(x, name = &quot;bob&quot;) (`actual`) not equal to StanModule(test_path(&quot;models&quot;, &quot;Prior_1.stan&quot;)) (`expected`). ('test-Prior.R:11:5')">as.StanModule(x, name = "bob") (`actual`) not equal to StanModule(test_path("models", "Prior_1.stan")) (`expected`).

`actual@model`:   "    bob ~ normal(prior_mu_bob, prior_sigma_bob) ;"
`expected@model`: "    bob ~ normal(prior_mu_bob, prior_sigma_bob);" </failure>
    </testcase>
    <testcase time="0.00899999999998613" classname="character(0)" name="Priors_work_as_expected"/>
    <testcase time="0.00100000000000477" classname="character(0)" name="Priors_work_as_expected"/>
    <testcase time="0" classname="character(0)" name="Priors_work_as_expected">
      <failure type="failure" message="as.StanModule(x, name = &quot;tim&quot;) (`actual`) not equal to StanModule(test_path(&quot;models&quot;, &quot;Prior_2.stan&quot;)) (`expected`). ('test-Prior.R:28:5')">as.StanModule(x, name = "tim") (`actual`) not equal to StanModule(test_path("models", "Prior_2.stan")) (`expected`).

`actual@model`:   "    tim ~ lognormal(prior_mu_tim, prior_sigma_tim) ;"
`expected@model`: "    tim ~ lognormal(prior_mu_tim, prior_sigma_tim);" </failure>
    </testcase>
    <testcase time="0.00900000000001455" classname="character(0)" name="Priors_work_as_expected"/>
    <testcase time="0" classname="character(0)" name="Priors_work_as_expected">
      <failure type="failure" message="`full_sm` (`actual`) not equal to StanModule(test_path(&quot;models&quot;, &quot;Prior_3.stan&quot;)) (`expected`). ('test-Prior.R:59:5')">`full_sm` (`actual`) not equal to StanModule(test_path("models", "Prior_3.stan")) (`expected`).

actual@model vs expected@model
- "    tom ~ logistic(prior_mu_tom, prior_sigma_tom) ;"
+ "    tom ~ logistic(prior_mu_tom, prior_sigma_tom);"
- "    dave ~ loglogistic(prior_alpha_dave, prior_beta_dave) ;"
+ "    dave ~ loglogistic(prior_alpha_dave, prior_beta_dave);"
- "    jim ~ inv_gamma(prior_alpha_jim, prior_beta_jim) ;"
+ "    jim ~ inv_gamma(prior_alpha_jim, prior_beta_jim);"
- "    ben ~ student_t(prior_nu_ben, prior_mu_ben, prior_sigma_ben) ;"
+ "    ben ~ student_t(prior_nu_ben, prior_mu_ben, prior_sigma_ben);"
- "    kim ~ uniform(prior_alpha_kim, prior_beta_kim) ;"
+ "    kim ~ uniform(prior_alpha_kim, prior_beta_kim);"</failure>
    </testcase>
    <testcase time="0.00899999999998613" classname="character(0)" name="Priors_work_as_expected"/>
  </testsuite>
  <testsuite name="Prior" timestamp="2025-01-31T16:48:01Z" hostname="fb1fdeee018e" tests="15" skipped="0" failures="0" errors="0" time="0.008">
    <testcase time="0.00200000000000955" classname="character(0)" name="Invalid_prior_parameters_are_rejected"/>
    <testcase time="0" classname="character(0)" name="Invalid_prior_parameters_are_rejected"/>
    <testcase time="0.00100000000000477" classname="character(0)" name="Invalid_prior_parameters_are_rejected"/>
    <testcase time="0" classname="character(0)" name="Invalid_prior_parameters_are_rejected"/>
    <testcase time="0.000999999999976353" classname="character(0)" name="Invalid_prior_parameters_are_rejected"/>
    <testcase time="0" classname="character(0)" name="Invalid_prior_parameters_are_rejected"/>
    <testcase time="0.00100000000000477" classname="character(0)" name="Invalid_prior_parameters_are_rejected"/>
    <testcase time="0" classname="character(0)" name="Invalid_prior_parameters_are_rejected"/>
    <testcase time="0.00100000000000477" classname="character(0)" name="Invalid_prior_parameters_are_rejected"/>
    <testcase time="0" classname="character(0)" name="Invalid_prior_parameters_are_rejected"/>
    <testcase time="0.00100000000000477" classname="character(0)" name="Invalid_prior_parameters_are_rejected"/>
    <testcase time="0" classname="character(0)" name="Invalid_prior_parameters_are_rejected"/>
    <testcase time="0.00100000000000477" classname="character(0)" name="Invalid_prior_parameters_are_rejected"/>
    <testcase time="0" classname="character(0)" name="Invalid_prior_parameters_are_rejected"/>
    <testcase time="0" classname="character(0)" name="Invalid_prior_parameters_are_rejected"/>
  </testsuite>
  <testsuite name="Prior" timestamp="2025-01-31T16:48:01Z" hostname="fb1fdeee018e" tests="11" skipped="0" failures="11" errors="0" time="0.095">
    <testcase time="0.00200000000000955" classname="character(0)" name="show_works_for_Prior_objects">
      <failure type="failure" message="Snapshot of code has changed: ('test-Prior.R:147:5')">Snapshot of code has changed:
    old                              | new                                  
[3] Output                           | Output                            [3]
[4]                                  |                                   [4]
[5]   Prior Object:                  |   Prior Object:                   [5]
[6]      cauchy(mu = 0, sigma = 0.8) -      cauchy(mu = 0, sigma = 0.8)  [6]
[7]                                  |                                   [7]

* Run `testthat::snapshot_accept('Prior')` to accept the change.
* Run `testthat::snapshot_review('Prior')` to interactively review the change.</failure>
    </testcase>
    <testcase time="0.00900000000001455" classname="character(0)" name="show_works_for_Prior_objects">
      <failure type="failure" message="Snapshot of code has changed: ('test-Prior.R:148:5')">Snapshot of code has changed:
    old                              | new                                  
[3] Output                           | Output                            [3]
[4]                                  |                                   [4]
[5]   Prior Object:                  |   Prior Object:                   [5]
[6]      normal(mu = 0, sigma = 0.8) -      normal(mu = 0, sigma = 0.8)  [6]
[7]                                  |                                   [7]

* Run `testthat::snapshot_accept('Prior')` to accept the change.
* Run `testthat::snapshot_review('Prior')` to interactively review the change.</failure>
    </testcase>
    <testcase time="0.00899999999998613" classname="character(0)" name="show_works_for_Prior_objects">
      <failure type="failure" message="Snapshot of code has changed: ('test-Prior.R:149:5')">Snapshot of code has changed:
    old               | new                   
[3] Output            | Output             [3]
[4]                   |                    [4]
[5]   Prior Object:   |   Prior Object:    [5]
[6]      std_normal() -      std_normal()  [6]
[7]                   |                    [7]

* Run `testthat::snapshot_accept('Prior')` to accept the change.
* Run `testthat::snapshot_review('Prior')` to interactively review the change.</failure>
    </testcase>
    <testcase time="0.00800000000000978" classname="character(0)" name="show_works_for_Prior_objects">
      <failure type="failure" message="Snapshot of code has changed: ('test-Prior.R:150:5')">Snapshot of code has changed:
    old                     | new                         
[3] Output                  | Output                   [3]
[4]                         |                          [4]
[5]   Prior Object:         |   Prior Object:          [5]
[6]      beta(a = 5, b = 1) -      beta(a = 5, b = 1)  [6]
[7]                         |                          [7]

* Run `testthat::snapshot_accept('Prior')` to accept the change.
* Run `testthat::snapshot_review('Prior')` to interactively review the change.</failure>
    </testcase>
    <testcase time="0.0130000000000052" classname="character(0)" name="show_works_for_Prior_objects">
      <failure type="failure" message="Snapshot of code has changed: ('test-Prior.R:151:5')">Snapshot of code has changed:
old[3:7] vs new[3:7]
  Output
    
    Prior Object:
-      gamma(alpha = 2.56, beta = 12)
+      gamma(alpha = 2.56, beta = 12) 
    

* Run `testthat::snapshot_accept('Prior')` to accept the change.
* Run `testthat::snapshot_review('Prior')` to interactively review the change.</failure>
    </testcase>
    <testcase time="0.00899999999998613" classname="character(0)" name="show_works_for_Prior_objects">
      <failure type="failure" message="Snapshot of code has changed: ('test-Prior.R:152:5')">Snapshot of code has changed:
    old             | new                
[3] Output          | Output          [3]
[4]                 |                 [4]
[5]   Prior Object: |   Prior Object: [5]
[6]      &lt;None&gt;     -      &lt;None&gt;     [6]
[7]                 |                 [7]

* Run `testthat::snapshot_accept('Prior')` to accept the change.
* Run `testthat::snapshot_review('Prior')` to interactively review the change.</failure>
    </testcase>
    <testcase time="0.00900000000001455" classname="character(0)" name="show_works_for_Prior_objects">
      <failure type="failure" message="Snapshot of code has changed: ('test-Prior.R:153:5')">Snapshot of code has changed:
    old                                | new                                    
[3] Output                             | Output                              [3]
[4]                                    |                                     [4]
[5]   Prior Object:                    |   Prior Object:                     [5]
[6]      uniform(alpha = 8, beta = 10) -      uniform(alpha = 8, beta = 10)  [6]
[7]                                    |                                     [7]

* Run `testthat::snapshot_accept('Prior')` to accept the change.
* Run `testthat::snapshot_review('Prior')` to interactively review the change.</failure>
    </testcase>
    <testcase time="0.00899999999998613" classname="character(0)" name="show_works_for_Prior_objects">
      <failure type="failure" message="Snapshot of code has changed: ('test-Prior.R:154:5')">Snapshot of code has changed:
old[3:7] vs new[3:7]
  Output
    
    Prior Object:
-      student_t(nu = 3, mu = 10, sigma = 4)
+      student_t(nu = 3, mu = 10, sigma = 4) 
    

* Run `testthat::snapshot_accept('Prior')` to accept the change.
* Run `testthat::snapshot_review('Prior')` to interactively review the change.</failure>
    </testcase>
    <testcase time="0.00900000000001455" classname="character(0)" name="show_works_for_Prior_objects">
      <failure type="failure" message="Snapshot of code has changed: ('test-Prior.R:155:5')">Snapshot of code has changed:
    old                               | new                                   
[3] Output                            | Output                             [3]
[4]                                   |                                    [4]
[5]   Prior Object:                   |   Prior Object:                    [5]
[6]      logistic(mu = 10, sigma = 2) -      logistic(mu = 10, sigma = 2)  [6]
[7]                                   |                                    [7]

* Run `testthat::snapshot_accept('Prior')` to accept the change.
* Run `testthat::snapshot_review('Prior')` to interactively review the change.</failure>
    </testcase>
    <testcase time="0.00899999999998613" classname="character(0)" name="show_works_for_Prior_objects">
      <failure type="failure" message="Snapshot of code has changed: ('test-Prior.R:156:5')">Snapshot of code has changed:
old[3:7] vs new[3:7]
  Output
    
    Prior Object:
-      loglogistic(alpha = 1, beta = 2)
+      loglogistic(alpha = 1, beta = 2) 
    

* Run `testthat::snapshot_accept('Prior')` to accept the change.
* Run `testthat::snapshot_review('Prior')` to interactively review the change.</failure>
    </testcase>
    <testcase time="0.00900000000001455" classname="character(0)" name="show_works_for_Prior_objects">
      <failure type="failure" message="Snapshot of code has changed: ('test-Prior.R:157:5')">Snapshot of code has changed:
old[3:7] vs new[3:7]
  Output
    
    Prior Object:
-      inv_gamma(alpha = 1, beta = 2)
+      inv_gamma(alpha = 1, beta = 2) 
    

* Run `testthat::snapshot_accept('Prior')` to accept the change.
* Run `testthat::snapshot_review('Prior')` to interactively review the change.</failure>
    </testcase>
  </testsuite>
  <testsuite name="Prior" timestamp="2025-01-31T16:48:01Z" hostname="fb1fdeee018e" tests="3" skipped="0" failures="0" errors="0" time="0.011">
    <testcase time="0.00999999999999091" classname="character(0)" name="jmpost.prior_shrinkage_works_as_expected"/>
    <testcase time="0.00100000000000477" classname="character(0)" name="jmpost.prior_shrinkage_works_as_expected"/>
    <testcase time="0" classname="character(0)" name="jmpost.prior_shrinkage_works_as_expected"/>
  </testsuite>
  <testsuite name="Prior" timestamp="2025-01-31T16:48:01Z" hostname="fb1fdeee018e" tests="7" skipped="0" failures="0" errors="0" time="0.005">
    <testcase time="0.00199999999998113" classname="character(0)" name="Limits_work_as_expected"/>
    <testcase time="0.00100000000000477" classname="character(0)" name="Limits_work_as_expected"/>
    <testcase time="0" classname="character(0)" name="Limits_work_as_expected"/>
    <testcase time="0.00100000000000477" classname="character(0)" name="Limits_work_as_expected"/>
    <testcase time="0" classname="character(0)" name="Limits_work_as_expected"/>
    <testcase time="0.00100000000000477" classname="character(0)" name="Limits_work_as_expected"/>
    <testcase time="0" classname="character(0)" name="Limits_work_as_expected"/>
  </testsuite>
  <testsuite name="Prior" timestamp="2025-01-31T16:48:01Z" hostname="fb1fdeee018e" tests="2" skipped="0" failures="0" errors="0" time="0.002">
    <testcase time="0.00200000000000955" classname="character(0)" name="median_Prior_works_as_expected"/>
    <testcase time="0" classname="character(0)" name="median_Prior_works_as_expected"/>
  </testsuite>
  <testsuite name="Prior" timestamp="2025-01-31T16:48:01Z" hostname="fb1fdeee018e" tests="4" skipped="0" failures="0" errors="0" time="0.003">
    <testcase time="0.00199999999998113" classname="character(0)" name="Parameters_in_priors_must_be_length_1_422"/>
    <testcase time="0" classname="character(0)" name="Parameters_in_priors_must_be_length_1_422"/>
    <testcase time="0.00100000000000477" classname="character(0)" name="Parameters_in_priors_must_be_length_1_422"/>
    <testcase time="0" classname="character(0)" name="Parameters_in_priors_must_be_length_1_422"/>
  </testsuite>
  <testsuite name="Quantities" timestamp="2025-01-31T16:48:01Z" hostname="fb1fdeee018e" tests="3" skipped="0" failures="0" errors="0" time="0.146">
    <testcase time="0.14500000000001" classname="character(0)" name="Simple_utility_functions_work_as_expected"/>
    <testcase time="0" classname="character(0)" name="Simple_utility_functions_work_as_expected"/>
    <testcase time="0.000999999999976353" classname="character(0)" name="Simple_utility_functions_work_as_expected"/>
  </testsuite>
  <testsuite name="Quantities" timestamp="2025-01-31T16:48:01Z" hostname="fb1fdeee018e" tests="4" skipped="0" failures="0" errors="0" time="0.003">
    <testcase time="0.00200000000000955" classname="character(0)" name="collapse_quantities_works_as_expected"/>
    <testcase time="0" classname="character(0)" name="collapse_quantities_works_as_expected"/>
    <testcase time="0.00100000000000477" classname="character(0)" name="collapse_quantities_works_as_expected"/>
    <testcase time="0" classname="character(0)" name="collapse_quantities_works_as_expected"/>
  </testsuite>
  <testsuite name="Quantities" timestamp="2025-01-31T16:48:01Z" hostname="fb1fdeee018e" tests="1" skipped="0" failures="0" errors="0" time="0.002">
    <testcase time="0.00200000000000955" classname="character(0)" name="summary.Quantiles_works_as_expected"/>
  </testsuite>
  <testsuite name="Quantities" timestamp="2025-01-31T16:48:01Z" hostname="fb1fdeee018e" tests="1" skipped="0" failures="0" errors="0" time="0.002">
    <testcase time="0.00199999999998113" classname="character(0)" name="as.data.frame.Quantiles_works_as_expected"/>
  </testsuite>
  <testsuite name="Quantities" timestamp="2025-01-31T16:48:01Z" hostname="fb1fdeee018e" tests="1" skipped="0" failures="0" errors="0" time="0.001">
    <testcase time="0.00100000000000477" classname="character(0)" name="Quantities_print_method_works_as_expected"/>
  </testsuite>
  <testsuite name="SimGroup" timestamp="2025-01-31T16:48:01Z" hostname="fb1fdeee018e" tests="7" skipped="0" failures="0" errors="0" time="0.085">
    <testcase time="0.0819999999999936" classname="character(0)" name="SimGroup_works_as_expected"/>
    <testcase time="0.00100000000000477" classname="character(0)" name="SimGroup_works_as_expected"/>
    <testcase time="0" classname="character(0)" name="SimGroup_works_as_expected"/>
    <testcase time="0.00100000000000477" classname="character(0)" name="SimGroup_works_as_expected"/>
    <testcase time="0" classname="character(0)" name="SimGroup_works_as_expected"/>
    <testcase time="0.00100000000000477" classname="character(0)" name="SimGroup_works_as_expected"/>
    <testcase time="0" classname="character(0)" name="SimGroup_works_as_expected"/>
  </testsuite>
  <testsuite name="SimJointData" timestamp="2025-01-31T16:48:02Z" hostname="fb1fdeee018e" tests="8" skipped="0" failures="0" errors="0" time="0.714">
    <testcase time="0.706999999999994" classname="character(0)" name="SimJointData_works_as_expected"/>
    <testcase time="0.00100000000000477" classname="character(0)" name="SimJointData_works_as_expected"/>
    <testcase time="0.00100000000000477" classname="character(0)" name="SimJointData_works_as_expected"/>
    <testcase time="0.00100000000000477" classname="character(0)" name="SimJointData_works_as_expected"/>
    <testcase time="0.000999999999976353" classname="character(0)" name="SimJointData_works_as_expected"/>
    <testcase time="0.00100000000000477" classname="character(0)" name="SimJointData_works_as_expected"/>
    <testcase time="0.00100000000000477" classname="character(0)" name="SimJointData_works_as_expected"/>
    <testcase time="0.00100000000000477" classname="character(0)" name="SimJointData_works_as_expected"/>
  </testsuite>
  <testsuite name="SimJointData" timestamp="2025-01-31T16:48:02Z" hostname="fb1fdeee018e" tests="1" skipped="0" failures="0" errors="0" time="0.003">
    <testcase time="0.0029999999999859" classname="character(0)" name="SimJointData_leads_to_valid_DataJoint_with_almost_only_default_arguments"/>
  </testsuite>
  <testsuite name="SimJointData" timestamp="2025-01-31T16:48:02Z" hostname="fb1fdeee018e" tests="1" skipped="0" failures="0" errors="0" time="0.003">
    <testcase time="0.00300000000001432" classname="character(0)" name="print_methods_work_as_expected"/>
  </testsuite>
  <testsuite name="SimLongitudinalClaretBruno" timestamp="2025-01-31T16:48:02Z" hostname="fb1fdeee018e" tests="16" skipped="0" failures="0" errors="0" time="0.219">
    <testcase time="0.205999999999989" classname="character(0)" name="SimLongitudinalClaretBruno_works_as_expected"/>
    <testcase time="0.00100000000000477" classname="character(0)" name="SimLongitudinalClaretBruno_works_as_expected"/>
    <testcase time="0.00100000000000477" classname="character(0)" name="SimLongitudinalClaretBruno_works_as_expected"/>
    <testcase time="0.00100000000000477" classname="character(0)" name="SimLongitudinalClaretBruno_works_as_expected"/>
    <testcase time="0.00100000000000477" classname="character(0)" name="SimLongitudinalClaretBruno_works_as_expected"/>
    <testcase time="0" classname="character(0)" name="SimLongitudinalClaretBruno_works_as_expected"/>
    <testcase time="0.000999999999976353" classname="character(0)" name="SimLongitudinalClaretBruno_works_as_expected"/>
    <testcase time="0.00100000000000477" classname="character(0)" name="SimLongitudinalClaretBruno_works_as_expected"/>
    <testcase time="0.00100000000000477" classname="character(0)" name="SimLongitudinalClaretBruno_works_as_expected"/>
    <testcase time="0.00100000000000477" classname="character(0)" name="SimLongitudinalClaretBruno_works_as_expected"/>
    <testcase time="0.00100000000000477" classname="character(0)" name="SimLongitudinalClaretBruno_works_as_expected"/>
    <testcase time="0.00100000000000477" classname="character(0)" name="SimLongitudinalClaretBruno_works_as_expected"/>
    <testcase time="0.000999999999976353" classname="character(0)" name="SimLongitudinalClaretBruno_works_as_expected"/>
    <testcase time="0" classname="character(0)" name="SimLongitudinalClaretBruno_works_as_expected"/>
    <testcase time="0.00100000000000477" classname="character(0)" name="SimLongitudinalClaretBruno_works_as_expected"/>
    <testcase time="0.00100000000000477" classname="character(0)" name="SimLongitudinalClaretBruno_works_as_expected"/>
  </testsuite>
  <testsuite name="SimLongitudinalClaretBruno" timestamp="2025-01-31T16:48:02Z" hostname="fb1fdeee018e" tests="1" skipped="0" failures="0" errors="0" time="0.003">
    <testcase time="0.00300000000001432" classname="character(0)" name="print_methods_work_as_expected"/>
  </testsuite>
  <testsuite name="SimLongitudinalGSF" timestamp="2025-01-31T16:48:02Z" hostname="fb1fdeee018e" tests="16" skipped="0" failures="0" errors="0" time="0.221">
    <testcase time="0.207999999999998" classname="character(0)" name="SimLongitudinalGSF_works_as_expected"/>
    <testcase time="0.000999999999976353" classname="character(0)" name="SimLongitudinalGSF_works_as_expected"/>
    <testcase time="0.00100000000000477" classname="character(0)" name="SimLongitudinalGSF_works_as_expected"/>
    <testcase time="0.00100000000000477" classname="character(0)" name="SimLongitudinalGSF_works_as_expected"/>
    <testcase time="0" classname="character(0)" name="SimLongitudinalGSF_works_as_expected"/>
    <testcase time="0.00100000000000477" classname="character(0)" name="SimLongitudinalGSF_works_as_expected"/>
    <testcase time="0.00100000000000477" classname="character(0)" name="SimLongitudinalGSF_works_as_expected"/>
    <testcase time="0.00100000000000477" classname="character(0)" name="SimLongitudinalGSF_works_as_expected"/>
    <testcase time="0.000999999999976353" classname="character(0)" name="SimLongitudinalGSF_works_as_expected"/>
    <testcase time="0.00100000000000477" classname="character(0)" name="SimLongitudinalGSF_works_as_expected"/>
    <testcase time="0.00100000000000477" classname="character(0)" name="SimLongitudinalGSF_works_as_expected"/>
    <testcase time="0.00100000000000477" classname="character(0)" name="SimLongitudinalGSF_works_as_expected"/>
    <testcase time="0.00100000000000477" classname="character(0)" name="SimLongitudinalGSF_works_as_expected"/>
    <testcase time="0.00100000000000477" classname="character(0)" name="SimLongitudinalGSF_works_as_expected"/>
    <testcase time="0.000999999999976353" classname="character(0)" name="SimLongitudinalGSF_works_as_expected"/>
    <testcase time="0" classname="character(0)" name="SimLongitudinalGSF_works_as_expected"/>
  </testsuite>
  <testsuite name="SimLongitudinalGSF" timestamp="2025-01-31T16:48:02Z" hostname="fb1fdeee018e" tests="1" skipped="0" failures="0" errors="0" time="0.003">
    <testcase time="0.00300000000001432" classname="character(0)" name="print_methods_work_as_expected"/>
  </testsuite>
  <testsuite name="SimLongitudinalRandomSlope" timestamp="2025-01-31T16:48:03Z" hostname="fb1fdeee018e" tests="15" skipped="0" failures="0" errors="0" time="0.776">
    <testcase time="0.764999999999986" classname="character(0)" name="SimLongitudinalRandomSlope_works_as_expected"/>
    <testcase time="0.00100000000000477" classname="character(0)" name="SimLongitudinalRandomSlope_works_as_expected"/>
    <testcase time="0.00100000000000477" classname="character(0)" name="SimLongitudinalRandomSlope_works_as_expected"/>
    <testcase time="0.00100000000000477" classname="character(0)" name="SimLongitudinalRandomSlope_works_as_expected"/>
    <testcase time="0.00100000000000477" classname="character(0)" name="SimLongitudinalRandomSlope_works_as_expected"/>
    <testcase time="0" classname="character(0)" name="SimLongitudinalRandomSlope_works_as_expected"/>
    <testcase time="0.000999999999976353" classname="character(0)" name="SimLongitudinalRandomSlope_works_as_expected"/>
    <testcase time="0.00100000000000477" classname="character(0)" name="SimLongitudinalRandomSlope_works_as_expected"/>
    <testcase time="0.00100000000000477" classname="character(0)" name="SimLongitudinalRandomSlope_works_as_expected"/>
    <testcase time="0.00100000000000477" classname="character(0)" name="SimLongitudinalRandomSlope_works_as_expected"/>
    <testcase time="0.00100000000000477" classname="character(0)" name="SimLongitudinalRandomSlope_works_as_expected"/>
    <testcase time="0.00100000000000477" classname="character(0)" name="SimLongitudinalRandomSlope_works_as_expected"/>
    <testcase time="0" classname="character(0)" name="SimLongitudinalRandomSlope_works_as_expected"/>
    <testcase time="0" classname="character(0)" name="SimLongitudinalRandomSlope_works_as_expected"/>
    <testcase time="0.00100000000000477" classname="character(0)" name="SimLongitudinalRandomSlope_works_as_expected"/>
  </testsuite>
  <testsuite name="SimLongitudinalRandomSlope" timestamp="2025-01-31T16:48:03Z" hostname="fb1fdeee018e" tests="1" skipped="0" failures="0" errors="0" time="0.003">
    <testcase time="0.00300000000001432" classname="character(0)" name="SimLongitudinalRandomSlope_correctly_generates_a_dataset_with_known_parameters"/>
  </testsuite>
  <testsuite name="SimLongitudinalRandomSlope" timestamp="2025-01-31T16:48:03Z" hostname="fb1fdeee018e" tests="1" skipped="0" failures="0" errors="0" time="0.003">
    <testcase time="0.0029999999999859" classname="character(0)" name="print_methods_work_as_expected"/>
  </testsuite>
  <testsuite name="SimLongitudinalSteinFojo" timestamp="2025-01-31T16:48:03Z" hostname="fb1fdeee018e" tests="15" skipped="0" failures="0" errors="0" time="0.244">
    <testcase time="0.230999999999995" classname="character(0)" name="SimLongitudinalSteinFojo_works_as_expected"/>
    <testcase time="0.00100000000000477" classname="character(0)" name="SimLongitudinalSteinFojo_works_as_expected"/>
    <testcase time="0.00100000000000477" classname="character(0)" name="SimLongitudinalSteinFojo_works_as_expected"/>
    <testcase time="0.00100000000000477" classname="character(0)" name="SimLongitudinalSteinFojo_works_as_expected"/>
    <testcase time="0.00100000000000477" classname="character(0)" name="SimLongitudinalSteinFojo_works_as_expected"/>
    <testcase time="0.00100000000000477" classname="character(0)" name="SimLongitudinalSteinFojo_works_as_expected"/>
    <testcase time="0.000999999999976353" classname="character(0)" name="SimLongitudinalSteinFojo_works_as_expected"/>
    <testcase time="0.00100000000000477" classname="character(0)" name="SimLongitudinalSteinFojo_works_as_expected"/>
    <testcase time="0" classname="character(0)" name="SimLongitudinalSteinFojo_works_as_expected"/>
    <testcase time="0.00100000000000477" classname="character(0)" name="SimLongitudinalSteinFojo_works_as_expected"/>
    <testcase time="0.00100000000000477" classname="character(0)" name="SimLongitudinalSteinFojo_works_as_expected"/>
    <testcase time="0.00100000000000477" classname="character(0)" name="SimLongitudinalSteinFojo_works_as_expected"/>
    <testcase time="0.00100000000000477" classname="character(0)" name="SimLongitudinalSteinFojo_works_as_expected"/>
    <testcase time="0.000999999999976353" classname="character(0)" name="SimLongitudinalSteinFojo_works_as_expected"/>
    <testcase time="0.00100000000000477" classname="character(0)" name="SimLongitudinalSteinFojo_works_as_expected"/>
  </testsuite>
  <testsuite name="SimLongitudinalSteinFojo" timestamp="2025-01-31T16:48:03Z" hostname="fb1fdeee018e" tests="1" skipped="0" failures="0" errors="0" time="0.003">
    <testcase time="0.00300000000001432" classname="character(0)" name="print_methods_work_as_expected"/>
  </testsuite>
  <testsuite name="SimSurvival" timestamp="2025-01-31T16:48:08Z" hostname="fb1fdeee018e" tests="1" skipped="0" failures="0" errors="0" time="4.148">
    <testcase time="4.148" classname="character(0)" name="SimSurvivalExponential_creates_a_dataset_with_the_correct_parameter"/>
  </testsuite>
  <testsuite name="SimSurvival" timestamp="2025-01-31T16:48:08Z" hostname="fb1fdeee018e" tests="3" skipped="0" failures="0" errors="0" time="0.005">
    <testcase time="0.0029999999999859" classname="character(0)" name="SimSurvivalWeibullPH_creates_a_dataset_with_the_correct_parameter"/>
    <testcase time="0.0010000000000332" classname="character(0)" name="SimSurvivalWeibullPH_creates_a_dataset_with_the_correct_parameter"/>
    <testcase time="0.000999999999976353" classname="character(0)" name="SimSurvivalWeibullPH_creates_a_dataset_with_the_correct_parameter"/>
  </testsuite>
  <testsuite name="SimSurvival" timestamp="2025-01-31T16:48:08Z" hostname="fb1fdeee018e" tests="4" skipped="0" failures="0" errors="0" time="0.006">
    <testcase time="0.0029999999999859" classname="character(0)" name="print_methods_work_as_expected"/>
    <testcase time="0.0010000000000332" classname="character(0)" name="print_methods_work_as_expected"/>
    <testcase time="0.000999999999976353" classname="character(0)" name="print_methods_work_as_expected"/>
    <testcase time="0.0010000000000332" classname="character(0)" name="print_methods_work_as_expected"/>
  </testsuite>
  <testsuite name="StanModel" timestamp="2025-01-31T16:48:08Z" hostname="fb1fdeee018e" tests="1" skipped="0" failures="1" errors="0" time="0.147">
    <testcase time="0.146999999999991" classname="character(0)" name="StanModel_print_function_works_as_expected">
      <failure type="failure" message="Snapshot of code has changed: ('test-StanModel.R:11:5')">Snapshot of code has changed:
old[3:8] vs new[3:8]
  Output
    
    MyModel Model Object with parameters:
-       x ~ normal(mu = 3, sigma = 1)
+       x ~ normal(mu = 3, sigma = 1) 
-       z ~ gamma(alpha = 3, beta = 1)
+       z ~ gamma(alpha = 3, beta = 1) 
    

* Run `testthat::snapshot_accept('StanModel')` to accept the change.
* Run `testthat::snapshot_review('StanModel')` to interactively review the change.</failure>
    </testcase>
  </testsuite>
  <testsuite name="StanModule" timestamp="2025-01-31T16:48:08Z" hostname="fb1fdeee018e" tests="4" skipped="0" failures="0" errors="0" time="0.467">
    <testcase time="0.463999999999999" classname="character(0)" name="StanModule_print_method_works_as_expected"/>
    <testcase time="0.000999999999976353" classname="character(0)" name="StanModule_print_method_works_as_expected"/>
    <testcase time="0.0010000000000332" classname="character(0)" name="StanModule_print_method_works_as_expected"/>
    <testcase time="0.000999999999976353" classname="character(0)" name="StanModule_print_method_works_as_expected"/>
  </testsuite>
  <testsuite name="StanModule" timestamp="2025-01-31T16:48:08Z" hostname="fb1fdeee018e" tests="7" skipped="0" failures="0" errors="0" time="0.007">
    <testcase time="0.0029999999999859" classname="character(0)" name="StanModule_can_read_basic_stan_programs"/>
    <testcase time="0" classname="character(0)" name="StanModule_can_read_basic_stan_programs"/>
    <testcase time="0.0010000000000332" classname="character(0)" name="StanModule_can_read_basic_stan_programs"/>
    <testcase time="0.000999999999976353" classname="character(0)" name="StanModule_can_read_basic_stan_programs"/>
    <testcase time="0.000999999999976353" classname="character(0)" name="StanModule_can_read_basic_stan_programs"/>
    <testcase time="0.0010000000000332" classname="character(0)" name="StanModule_can_read_basic_stan_programs"/>
    <testcase time="0" classname="character(0)" name="StanModule_can_read_basic_stan_programs"/>
  </testsuite>
  <testsuite name="StanModule" timestamp="2025-01-31T16:48:08Z" hostname="fb1fdeee018e" tests="7" skipped="0" failures="0" errors="0" time="0.006">
    <testcase time="0.0029999999999859" classname="character(0)" name="StanModule_can_handle_trailing_characters"/>
    <testcase time="0" classname="character(0)" name="StanModule_can_handle_trailing_characters"/>
    <testcase time="0.0010000000000332" classname="character(0)" name="StanModule_can_handle_trailing_characters"/>
    <testcase time="0" classname="character(0)" name="StanModule_can_handle_trailing_characters"/>
    <testcase time="0.000999999999976353" classname="character(0)" name="StanModule_can_handle_trailing_characters"/>
    <testcase time="0" classname="character(0)" name="StanModule_can_handle_trailing_characters"/>
    <testcase time="0.000999999999976353" classname="character(0)" name="StanModule_can_handle_trailing_characters"/>
  </testsuite>
  <testsuite name="StanModule" timestamp="2025-01-31T16:48:08Z" hostname="fb1fdeee018e" tests="7" skipped="0" failures="0" errors="0" time="0.005">
    <testcase time="0.00200000000000955" classname="character(0)" name="StanModule_works_with_in_line_code"/>
    <testcase time="0.0010000000000332" classname="character(0)" name="StanModule_works_with_in_line_code"/>
    <testcase time="0" classname="character(0)" name="StanModule_works_with_in_line_code"/>
    <testcase time="0.000999999999976353" classname="character(0)" name="StanModule_works_with_in_line_code"/>
    <testcase time="0" classname="character(0)" name="StanModule_works_with_in_line_code"/>
    <testcase time="0.000999999999976353" classname="character(0)" name="StanModule_works_with_in_line_code"/>
    <testcase time="0" classname="character(0)" name="StanModule_works_with_in_line_code"/>
  </testsuite>
  <testsuite name="StanModule" timestamp="2025-01-31T16:48:08Z" hostname="fb1fdeee018e" tests="2" skipped="0" failures="0" errors="0" time="0.003">
    <testcase time="0.00200000000000955" classname="character(0)" name="StanModule_throws_an_error_for_1_line_blocks"/>
    <testcase time="0.0010000000000332" classname="character(0)" name="StanModule_throws_an_error_for_1_line_blocks"/>
  </testsuite>
  <testsuite name="StanModule" timestamp="2025-01-31T16:48:08Z" hostname="fb1fdeee018e" tests="1" skipped="0" failures="0" errors="0" time="0.001">
    <testcase time="0.000999999999976353" classname="character(0)" name="StanModule_throws_an_error_for_code_after_the_closing_bracket"/>
  </testsuite>
  <testsuite name="StanModule" timestamp="2025-01-31T16:48:08Z" hostname="fb1fdeee018e" tests="7" skipped="0" failures="0" errors="0" time="0.005">
    <testcase time="0.00200000000000955" classname="character(0)" name="StanModule_can_load_vignette_example_code"/>
    <testcase time="0.000999999999976353" classname="character(0)" name="StanModule_can_load_vignette_example_code"/>
    <testcase time="0" classname="character(0)" name="StanModule_can_load_vignette_example_code"/>
    <testcase time="0.0010000000000332" classname="character(0)" name="StanModule_can_load_vignette_example_code"/>
    <testcase time="0" classname="character(0)" name="StanModule_can_load_vignette_example_code"/>
    <testcase time="0.000999999999976353" classname="character(0)" name="StanModule_can_load_vignette_example_code"/>
    <testcase time="0" classname="character(0)" name="StanModule_can_load_vignette_example_code"/>
  </testsuite>
  <testsuite name="StanModule" timestamp="2025-01-31T16:48:08Z" hostname="fb1fdeee018e" tests="21" skipped="0" failures="0" errors="0" time="0.012">
    <testcase time="0.00200000000000955" classname="character(0)" name="StanModule.merge_works_as_expected"/>
    <testcase time="0" classname="character(0)" name="StanModule.merge_works_as_expected"/>
    <testcase time="0.000999999999976353" classname="character(0)" name="StanModule.merge_works_as_expected"/>
    <testcase time="0" classname="character(0)" name="StanModule.merge_works_as_expected"/>
    <testcase time="0.0010000000000332" classname="character(0)" name="StanModule.merge_works_as_expected"/>
    <testcase time="0" classname="character(0)" name="StanModule.merge_works_as_expected"/>
    <testcase time="0.000999999999976353" classname="character(0)" name="StanModule.merge_works_as_expected"/>
    <testcase time="0" classname="character(0)" name="StanModule.merge_works_as_expected"/>
    <testcase time="0.0010000000000332" classname="character(0)" name="StanModule.merge_works_as_expected"/>
    <testcase time="0" classname="character(0)" name="StanModule.merge_works_as_expected"/>
    <testcase time="0.000999999999976353" classname="character(0)" name="StanModule.merge_works_as_expected"/>
    <testcase time="0" classname="character(0)" name="StanModule.merge_works_as_expected"/>
    <testcase time="0.0010000000000332" classname="character(0)" name="StanModule.merge_works_as_expected"/>
    <testcase time="0.000999999999976353" classname="character(0)" name="StanModule.merge_works_as_expected"/>
    <testcase time="0" classname="character(0)" name="StanModule.merge_works_as_expected"/>
    <testcase time="0.000999999999976353" classname="character(0)" name="StanModule.merge_works_as_expected"/>
    <testcase time="0" classname="character(0)" name="StanModule.merge_works_as_expected"/>
    <testcase time="0.0010000000000332" classname="character(0)" name="StanModule.merge_works_as_expected"/>
    <testcase time="0" classname="character(0)" name="StanModule.merge_works_as_expected"/>
    <testcase time="0.000999999999976353" classname="character(0)" name="StanModule.merge_works_as_expected"/>
    <testcase time="0" classname="character(0)" name="StanModule.merge_works_as_expected"/>
  </testsuite>
  <testsuite name="StanModule" timestamp="2025-01-31T16:48:08Z" hostname="fb1fdeee018e" tests="1" skipped="0" failures="0" errors="0" time="0.002">
    <testcase time="0.00200000000000955" classname="character(0)" name="StanModule_throws_a_warning_if_non_empty_string_generates_empty_object"/>
  </testsuite>
  <testsuite name="SurvivalExponential" timestamp="2025-01-31T16:48:10Z" hostname="fb1fdeee018e" tests="2" skipped="0" failures="0" errors="0" time="1.712">
    <testcase time="1.71100000000001" classname="character(0)" name="Can_load_and_compile_SurvivalExponential_model"/>
    <testcase time="0.000999999999976353" classname="character(0)" name="Can_load_and_compile_SurvivalExponential_model"/>
  </testsuite>
  <testsuite name="SurvivalExponential" timestamp="2025-01-31T16:48:10Z" hostname="fb1fdeee018e" tests="1" skipped="1" failures="0" errors="0" time="0.003">
    <testcase time="0.0029999999999859" classname="character(0)" name="SurvivalExponential_can_recover_true_parameter_including_covariates_">
      <skipped message="Reason: is_full_test() is not TRUE ('test-SurvivalExponential.R:23:5')"/>
    </testcase>
  </testsuite>
  <testsuite name="SurvivalExponential" timestamp="2025-01-31T16:48:10Z" hostname="fb1fdeee018e" tests="2" skipped="0" failures="2" errors="0" time="0.023">
    <testcase time="0.01400000000001" classname="character(0)" name="Print_method_for_SurvivalExponential_works_as_expected">
      <failure type="failure" message="Snapshot of code has changed: ('test-SurvivalExponential.R:85:5')">Snapshot of code has changed:
old[4:9] vs new[4:9]
  Output
    
    Exponential Survival Model with parameters:
-       sm_exp_lambda ~ gamma(alpha = 2, beta = 5)
+       sm_exp_lambda ~ gamma(alpha = 2, beta = 5) 
-       beta_os_cov ~ normal(mu = 0, sigma = 2)
+       beta_os_cov ~ normal(mu = 0, sigma = 2) 
    

* Run `testthat::snapshot_accept('SurvivalExponential')` to accept the change.
* Run `testthat::snapshot_review('SurvivalExponential')` to interactively review the change.</failure>
    </testcase>
    <testcase time="0.00900000000001455" classname="character(0)" name="Print_method_for_SurvivalExponential_works_as_expected">
      <failure type="failure" message="Snapshot of code has changed: ('test-SurvivalExponential.R:90:5')">Snapshot of code has changed:
old[4:9] vs new[4:9]
  Output
    
    Exponential Survival Model with parameters:
-       sm_exp_lambda ~ gamma(alpha = 2, beta = 5)
+       sm_exp_lambda ~ gamma(alpha = 2, beta = 5) 
-       beta_os_cov ~ gamma(alpha = 3, beta = 4)
+       beta_os_cov ~ gamma(alpha = 3, beta = 4) 
    

* Run `testthat::snapshot_accept('SurvivalExponential')` to accept the change.
* Run `testthat::snapshot_review('SurvivalExponential')` to interactively review the change.</failure>
    </testcase>
  </testsuite>
  <testsuite name="SurvivalGamma" timestamp="2025-01-31T16:48:11Z" hostname="fb1fdeee018e" tests="2" skipped="0" failures="2" errors="0" time="1.474">
    <testcase time="1.464" classname="character(0)" name="Print_method_for_SurvivalGamma_works_as_expected">
      <failure type="failure" message="Snapshot of code has changed: ('test-SurvivalGamma.R:4:5')">Snapshot of code has changed:
old[4:10] vs new[4:10]
  Output
    
    Gamma Survival Model with parameters:
-       sm_gamma_k ~ gamma(alpha = 2, beta = 0.5)
+       sm_gamma_k ~ gamma(alpha = 2, beta = 0.5) T[0, ]
-       sm_gamma_theta ~ gamma(alpha = 2, beta = 0.5)
+       sm_gamma_theta ~ gamma(alpha = 2, beta = 0.5) T[0, ]
-       beta_os_cov ~ normal(mu = 0, sigma = 2)
+       beta_os_cov ~ normal(mu = 0, sigma = 2) 
    

* Run `testthat::snapshot_accept('SurvivalGamma')` to accept the change.
* Run `testthat::snapshot_review('SurvivalGamma')` to interactively review the change.</failure>
    </testcase>
    <testcase time="0.00999999999999091" classname="character(0)" name="Print_method_for_SurvivalGamma_works_as_expected">
      <failure type="failure" message="Snapshot of code has changed: ('test-SurvivalGamma.R:9:5')">Snapshot of code has changed:
old[4:10] vs new[4:10]
  Output
    
    Gamma Survival Model with parameters:
-       sm_gamma_k ~ gamma(alpha = 3, beta = 4)
+       sm_gamma_k ~ gamma(alpha = 3, beta = 4) T[0, ]
-       sm_gamma_theta ~ cauchy(mu = 0, sigma = 1)
+       sm_gamma_theta ~ cauchy(mu = 0, sigma = 1) T[0, ]
-       beta_os_cov ~ normal(mu = 0, sigma = 2)
+       beta_os_cov ~ normal(mu = 0, sigma = 2) 
    

* Run `testthat::snapshot_accept('SurvivalGamma')` to accept the change.
* Run `testthat::snapshot_review('SurvivalGamma')` to interactively review the change.</failure>
    </testcase>
  </testsuite>
  <testsuite name="SurvivalGamma" timestamp="2025-01-31T16:48:11Z" hostname="fb1fdeee018e" tests="2" skipped="0" failures="0" errors="0" time="0.01">
    <testcase time="0.00999999999999091" classname="character(0)" name="Can_load_and_compile_SurvivalGamma_model"/>
    <testcase time="0" classname="character(0)" name="Can_load_and_compile_SurvivalGamma_model"/>
  </testsuite>
  <testsuite name="SurvivalGamma" timestamp="2025-01-31T16:48:11Z" hostname="fb1fdeee018e" tests="1" skipped="0" failures="0" errors="0" time="0.002">
    <testcase time="0.00200000000000955" classname="character(0)" name="SimSurvivalGamma_is_consistant_with_flexsurv"/>
  </testsuite>
  <testsuite name="SurvivalGamma" timestamp="2025-01-31T16:48:11Z" hostname="fb1fdeee018e" tests="1" skipped="1" failures="0" errors="0" time="0.002">
    <testcase time="0.00200000000000955" classname="character(0)" name="SurvivalGamma_can_recover_known_values">
      <skipped message="Reason: is_full_test() is not TRUE ('test-SurvivalGamma.R:50:5')"/>
    </testcase>
  </testsuite>
  <testsuite name="SurvivalLoglogistic" timestamp="2025-01-31T16:48:13Z" hostname="fb1fdeee018e" tests="2" skipped="0" failures="0" errors="0" time="1.515">
    <testcase time="1.51400000000001" classname="character(0)" name="Can_load_and_compile_SurvivalLogLogistic_model"/>
    <testcase time="0.000999999999976353" classname="character(0)" name="Can_load_and_compile_SurvivalLogLogistic_model"/>
  </testsuite>
  <testsuite name="SurvivalLoglogistic" timestamp="2025-01-31T16:48:13Z" hostname="fb1fdeee018e" tests="1" skipped="0" failures="0" errors="0" time="0.002">
    <testcase time="0.00200000000000955" classname="character(0)" name="sim_os_loglogistic_is_consistant_with_flexsurv"/>
  </testsuite>
  <testsuite name="SurvivalLoglogistic" timestamp="2025-01-31T16:48:13Z" hostname="fb1fdeee018e" tests="1" skipped="1" failures="0" errors="0" time="0.002">
    <testcase time="0.00200000000000955" classname="character(0)" name="SurvivalLogLogistic_can_recover_known_values">
      <skipped message="Reason: is_full_test() is not TRUE ('test-SurvivalLoglogistic.R:35:5')"/>
    </testcase>
  </testsuite>
  <testsuite name="SurvivalLoglogistic" timestamp="2025-01-31T16:48:13Z" hostname="fb1fdeee018e" tests="2" skipped="0" failures="2" errors="0" time="0.019">
    <testcase time="0.00999999999999091" classname="character(0)" name="Print_method_for_SurvivalLogLogistic_works_as_expected">
      <failure type="failure" message="Snapshot of code has changed: ('test-SurvivalLoglogistic.R:107:5')">Snapshot of code has changed:
old[4:10] vs new[4:10]
  Output
    
    Log-Logistic Survival Model with parameters:
-       sm_loglogis_a ~ lognormal(mu = -2.30259, sigma = 5)
+       sm_loglogis_a ~ lognormal(mu = -2.30259, sigma = 5) 
-       sm_loglogis_b ~ gamma(alpha = 2, beta = 5)
+       sm_loglogis_b ~ gamma(alpha = 2, beta = 5) 
-       beta_os_cov ~ normal(mu = 0, sigma = 2)
+       beta_os_cov ~ normal(mu = 0, sigma = 2) 
    

* Run `testthat::snapshot_accept('SurvivalLoglogistic')` to accept the change.
* Run `testthat::snapshot_review('SurvivalLoglogistic')` to interactively review the change.</failure>
    </testcase>
    <testcase time="0.00900000000001455" classname="character(0)" name="Print_method_for_SurvivalLogLogistic_works_as_expected">
      <failure type="failure" message="Snapshot of code has changed: ('test-SurvivalLoglogistic.R:112:5')">Snapshot of code has changed:
old[4:10] vs new[4:10]
  Output
    
    Log-Logistic Survival Model with parameters:
-       sm_loglogis_a ~ lognormal(mu = -2.30259, sigma = 5)
+       sm_loglogis_a ~ lognormal(mu = -2.30259, sigma = 5) 
-       sm_loglogis_b ~ cauchy(mu = 0, sigma = 1)
+       sm_loglogis_b ~ cauchy(mu = 0, sigma = 1) 
-       beta_os_cov ~ gamma(alpha = 3, beta = 4)
+       beta_os_cov ~ gamma(alpha = 3, beta = 4) 
    

* Run `testthat::snapshot_accept('SurvivalLoglogistic')` to accept the change.
* Run `testthat::snapshot_review('SurvivalLoglogistic')` to interactively review the change.</failure>
    </testcase>
  </testsuite>
  <testsuite name="LongitudinalRandomSlope" timestamp="2025-01-31T16:48:34Z" hostname="fb1fdeee018e" tests="2" skipped="0" failures="2" errors="0" time="20.847">
    <testcase time="20.834" classname="character(0)" name="Print_method_for_LongitudinalRandomSlope_works_as_expected">
      <failure type="failure" message="Snapshot of code has changed: ('test-LongitudinalRandomSlope.R:4:5')">Snapshot of code has changed:
old[4:12] vs new[4:12]
  Output
    
    Random Slope Longitudinal Model with parameters:
-       lm_rs_intercept ~ normal(mu = 30, sigma = 10)
+       lm_rs_intercept ~ normal(mu = 30, sigma = 10) 
-       lm_rs_slope_mu ~ normal(mu = 1, sigma = 3)
+       lm_rs_slope_mu ~ normal(mu = 1, sigma = 3) 
-       lm_rs_slope_sigma ~ lognormal(mu = 0, sigma = 1.5)
+       lm_rs_slope_sigma ~ lognormal(mu = 0, sigma = 1.5) T[0, ]
-       lm_rs_sigma ~ lognormal(mu = 0, sigma = 1.5)
+       lm_rs_sigma ~ lognormal(mu = 0, sigma = 1.5) T[0, ]
-       lm_rs_ind_rnd_slope ~ &lt;None&gt;
+       lm_rs_ind_rnd_slope ~ &lt;None&gt; 
    

* Run `testthat::snapshot_accept('LongitudinalRandomSlope')` to accept the change.
* Run `testthat::snapshot_review('LongitudinalRandomSlope')` to interactively review the change.</failure>
    </testcase>
    <testcase time="0.0129999999999768" classname="character(0)" name="Print_method_for_LongitudinalRandomSlope_works_as_expected">
      <failure type="failure" message="Snapshot of code has changed: ('test-LongitudinalRandomSlope.R:9:5')">Snapshot of code has changed:
old[5:13] vs new[5:13]
  Output
    
    Random Slope Longitudinal Model with parameters:
-       lm_rs_intercept ~ normal(mu = 0, sigma = 1)
+       lm_rs_intercept ~ normal(mu = 0, sigma = 1) 
-       lm_rs_slope_mu ~ normal(mu = 1, sigma = 3)
+       lm_rs_slope_mu ~ normal(mu = 1, sigma = 3) 
-       lm_rs_slope_sigma ~ lognormal(mu = 0, sigma = 1.5)
+       lm_rs_slope_sigma ~ lognormal(mu = 0, sigma = 1.5) T[0, ]
-       lm_rs_sigma ~ gamma(alpha = 2, beta = 1)
+       lm_rs_sigma ~ gamma(alpha = 2, beta = 1) T[0, ]
-       lm_rs_ind_rnd_slope ~ &lt;None&gt;
+       lm_rs_ind_rnd_slope ~ &lt;None&gt; 
    

* Run `testthat::snapshot_accept('LongitudinalRandomSlope')` to accept the change.
* Run `testthat::snapshot_review('LongitudinalRandomSlope')` to interactively review the change.</failure>
    </testcase>
  </testsuite>
  <testsuite name="LongitudinalRandomSlope" timestamp="2025-01-31T16:48:34Z" hostname="fb1fdeee018e" tests="1" skipped="0" failures="0" errors="0" time="0.169">
    <testcase time="0.168999999999983" classname="character(0)" name="LongitudinalRandomSlope_correctly_generates_an_intercept_per_study"/>
  </testsuite>
  <testsuite name="LongitudinalRandomSlope" timestamp="2025-01-31T16:48:34Z" hostname="fb1fdeee018e" tests="2" skipped="0" failures="0" errors="0" time="0.002">
    <testcase time="0.0010000000000332" classname="character(0)" name="Random_Slope_Model_can_recover_known_parameter_values"/>
    <testcase time="0.000999999999976353" classname="character(0)" name="Random_Slope_Model_can_recover_known_parameter_values"/>
  </testsuite>
  <testsuite name="LongitudinalRandomSlope" timestamp="2025-01-31T16:48:34Z" hostname="fb1fdeee018e" tests="2" skipped="0" failures="0" errors="0" time="0.002">
    <testcase time="0.00200000000000955" classname="character(0)" name="Random_Slope_Model_left_censoring_works_as_expected"/>
    <testcase time="0" classname="character(0)" name="Random_Slope_Model_left_censoring_works_as_expected"/>
  </testsuite>
  <testsuite name="LongitudinalRandomSlope" timestamp="2025-01-31T16:48:34Z" hostname="fb1fdeee018e" tests="2" skipped="0" failures="0" errors="0" time="0.002">
    <testcase time="0.00200000000000955" classname="character(0)" name="Quantity_models_pass_the_parser"/>
    <testcase time="0" classname="character(0)" name="Quantity_models_pass_the_parser"/>
  </testsuite>
  <testsuite name="LongitudinalRandomSlope" timestamp="2025-01-31T16:48:34Z" hostname="fb1fdeee018e" tests="4" skipped="0" failures="0" errors="0" time="0.003">
    <testcase time="0.00200000000000955" classname="character(0)" name="Can_generate_valid_initial_values"/>
    <testcase time="0.000999999999976353" classname="character(0)" name="Can_generate_valid_initial_values"/>
    <testcase time="0" classname="character(0)" name="Can_generate_valid_initial_values"/>
    <testcase time="0" classname="character(0)" name="Can_generate_valid_initial_values"/>
  </testsuite>
  <testsuite name="SurvivalWeibullPH" timestamp="2025-01-31T16:48:35Z" hostname="fb1fdeee018e" tests="2" skipped="0" failures="2" errors="0" time="1.468">
    <testcase time="1.459" classname="character(0)" name="Print_method_for_SurvivalWeibullPH_works_as_expected">
      <failure type="failure" message="Snapshot of code has changed: ('test-SurvivalWeibullPH.R:4:5')">Snapshot of code has changed:
old[4:10] vs new[4:10]
  Output
    
    Weibull-PH Survival Model with parameters:
-       sm_weibull_ph_lambda ~ gamma(alpha = 2, beta = 0.5)
+       sm_weibull_ph_lambda ~ gamma(alpha = 2, beta = 0.5) T[0, ]
-       sm_weibull_ph_gamma ~ gamma(alpha = 2, beta = 0.5)
+       sm_weibull_ph_gamma ~ gamma(alpha = 2, beta = 0.5) T[0, ]
-       beta_os_cov ~ normal(mu = 0, sigma = 2)
+       beta_os_cov ~ normal(mu = 0, sigma = 2) 
    

* Run `testthat::snapshot_accept('SurvivalWeibullPH')` to accept the change.
* Run `testthat::snapshot_review('SurvivalWeibullPH')` to interactively review the change.</failure>
    </testcase>
    <testcase time="0.00899999999995771" classname="character(0)" name="Print_method_for_SurvivalWeibullPH_works_as_expected">
      <failure type="failure" message="Snapshot of code has changed: ('test-SurvivalWeibullPH.R:10:5')">Snapshot of code has changed:
old[4:10] vs new[4:10]
  Output
    
    Weibull-PH Survival Model with parameters:
-       sm_weibull_ph_lambda ~ gamma(alpha = 2, beta = 0.5)
+       sm_weibull_ph_lambda ~ gamma(alpha = 2, beta = 0.5) T[0, ]
-       sm_weibull_ph_gamma ~ cauchy(mu = 0, sigma = 1)
+       sm_weibull_ph_gamma ~ cauchy(mu = 0, sigma = 1) T[0, ]
-       beta_os_cov ~ gamma(alpha = 3, beta = 4)
+       beta_os_cov ~ gamma(alpha = 3, beta = 4) 
    

* Run `testthat::snapshot_accept('SurvivalWeibullPH')` to accept the change.
* Run `testthat::snapshot_review('SurvivalWeibullPH')` to interactively review the change.</failure>
    </testcase>
  </testsuite>
  <testsuite name="SurvivalWeibullPH" timestamp="2025-01-31T16:48:35Z" hostname="fb1fdeee018e" tests="2" skipped="0" failures="0" errors="0" time="0.011">
    <testcase time="0.0100000000000477" classname="character(0)" name="Can_load_and_compile_SurvivalWeibullPH_model"/>
    <testcase time="0.000999999999976353" classname="character(0)" name="Can_load_and_compile_SurvivalWeibullPH_model"/>
  </testsuite>
  <testsuite name="SurvivalWeibullPH" timestamp="2025-01-31T16:48:35Z" hostname="fb1fdeee018e" tests="1" skipped="1" failures="0" errors="0" time="0.001">
    <testcase time="0.000999999999976353" classname="character(0)" name="SurvivalWeibullPH_can_recover_known_values">
      <skipped message="Reason: is_full_test() is not TRUE ('test-SurvivalWeibullPH.R:41:5')"/>
    </testcase>
  </testsuite>
  <testsuite name="brierScore" timestamp="2025-01-31T16:49:11Z" hostname="fb1fdeee018e" tests="1" skipped="0" failures="0" errors="0" time="35.967">
    <testcase time="35.967" classname="character(0)" name="brierScore_SurvivalQuantities_returns_same_results_as_survreg"/>
  </testsuite>
  <testsuite name="brierScore" timestamp="2025-01-31T16:49:11Z" hostname="fb1fdeee018e" tests="1" skipped="0" failures="0" errors="0" time="0.003">
    <testcase time="0.0029999999999859" classname="character(0)" name="brier_score_weight_matrix_is_correctly_calculated"/>
  </testsuite>
  <testsuite name="brierScore" timestamp="2025-01-31T16:49:11Z" hostname="fb1fdeee018e" tests="1" skipped="0" failures="0" errors="0" time="0.003">
    <testcase time="0.00300000000004275" classname="character(0)" name="match_order_works_as_expected"/>
  </testsuite>
  <testsuite name="brierScore" timestamp="2025-01-31T16:49:11Z" hostname="fb1fdeee018e" tests="1" skipped="0" failures="0" errors="0" time="0.002">
    <testcase time="0.00199999999995271" classname="character(0)" name="bs_get_squared_dist_works_as_expected"/>
  </testsuite>
  <testsuite name="brierScore" timestamp="2025-01-31T16:49:11Z" hostname="fb1fdeee018e" tests="2" skipped="0" failures="0" errors="0" time="0.003">
    <testcase time="0.00300000000004275" classname="character(0)" name="reverse_km_event_first_and_reverse_km_cen_first_work_as_expected"/>
    <testcase time="0" classname="character(0)" name="reverse_km_event_first_and_reverse_km_cen_first_work_as_expected"/>
  </testsuite>
  <testsuite name="brms_compare" timestamp="2025-01-31T16:49:11Z" hostname="fb1fdeee018e" tests="1" skipped="1" failures="0" errors="0" time="0.066">
    <testcase time="0.0659999999999741" classname="character(0)" name="jmpost_and_brms_get_similar_loo_for_longitudinal_models">
      <skipped message="Reason: is_full_test() is not TRUE ('test-brms_compare.R:5:5')"/>
    </testcase>
  </testsuite>
  <testsuite name="brms_compare" timestamp="2025-01-31T16:49:11Z" hostname="fb1fdeee018e" tests="1" skipped="1" failures="0" errors="0" time="0.011">
    <testcase time="0.0110000000000241" classname="character(0)" name="jmpost_and_brms_get_similar_loo_for_survival_models">
      <skipped message="Reason: is_full_test() is not TRUE ('test-brms_compare.R:182:5')"/>
    </testcase>
  </testsuite>
  <testsuite name="compile" timestamp="2025-01-31T16:49:18Z" hostname="fb1fdeee018e" tests="1" skipped="0" failures="0" errors="0" time="6.87">
    <testcase time="6.87" classname="character(0)" name="compileStanModel_doesn_t_error_if_the_directory_doesn_t_exist"/>
  </testsuite>
  <testsuite name="SurvivalQuantities" timestamp="2025-01-31T16:49:19Z" hostname="fb1fdeee018e" tests="13" skipped="0" failures="0" errors="0" time="0.2">
    <testcase time="0.190999999999974" classname="character(0)" name="SurvivalQuantities_and_autoplot.SurvivalQuantities_works_as_expected"/>
    <testcase time="0.000999999999976353" classname="character(0)" name="SurvivalQuantities_and_autoplot.SurvivalQuantities_works_as_expected"/>
    <testcase time="0.0010000000000332" classname="character(0)" name="SurvivalQuantities_and_autoplot.SurvivalQuantities_works_as_expected"/>
    <testcase time="0" classname="character(0)" name="SurvivalQuantities_and_autoplot.SurvivalQuantities_works_as_expected"/>
    <testcase time="0.000999999999976353" classname="character(0)" name="SurvivalQuantities_and_autoplot.SurvivalQuantities_works_as_expected"/>
    <testcase time="0.0010000000000332" classname="character(0)" name="SurvivalQuantities_and_autoplot.SurvivalQuantities_works_as_expected"/>
    <testcase time="0" classname="character(0)" name="SurvivalQuantities_and_autoplot.SurvivalQuantities_works_as_expected"/>
    <testcase time="0.000999999999976353" classname="character(0)" name="SurvivalQuantities_and_autoplot.SurvivalQuantities_works_as_expected"/>
    <testcase time="0.0010000000000332" classname="character(0)" name="SurvivalQuantities_and_autoplot.SurvivalQuantities_works_as_expected"/>
    <testcase time="0.000999999999976353" classname="character(0)" name="SurvivalQuantities_and_autoplot.SurvivalQuantities_works_as_expected"/>
    <testcase time="0" classname="character(0)" name="SurvivalQuantities_and_autoplot.SurvivalQuantities_works_as_expected"/>
    <testcase time="0.000999999999976353" classname="character(0)" name="SurvivalQuantities_and_autoplot.SurvivalQuantities_works_as_expected"/>
    <testcase time="0.0010000000000332" classname="character(0)" name="SurvivalQuantities_and_autoplot.SurvivalQuantities_works_as_expected"/>
  </testsuite>
  <testsuite name="SurvivalQuantities" timestamp="2025-01-31T16:49:19Z" hostname="fb1fdeee018e" tests="18" skipped="0" failures="0" errors="0" time="0.01">
    <testcase time="0.00200000000000955" classname="character(0)" name="autoplot.SurvivalSamples_works_as_expected"/>
    <testcase time="0" classname="character(0)" name="autoplot.SurvivalSamples_works_as_expected"/>
    <testcase time="0.000999999999976353" classname="character(0)" name="autoplot.SurvivalSamples_works_as_expected"/>
    <testcase time="0" classname="character(0)" name="autoplot.SurvivalSamples_works_as_expected"/>
    <testcase time="0.000999999999976353" classname="character(0)" name="autoplot.SurvivalSamples_works_as_expected"/>
    <testcase time="0" classname="character(0)" name="autoplot.SurvivalSamples_works_as_expected"/>
    <testcase time="0.0010000000000332" classname="character(0)" name="autoplot.SurvivalSamples_works_as_expected"/>
    <testcase time="0" classname="character(0)" name="autoplot.SurvivalSamples_works_as_expected"/>
    <testcase time="0.000999999999976353" classname="character(0)" name="autoplot.SurvivalSamples_works_as_expected"/>
    <testcase time="0" classname="character(0)" name="autoplot.SurvivalSamples_works_as_expected"/>
    <testcase time="0.0010000000000332" classname="character(0)" name="autoplot.SurvivalSamples_works_as_expected"/>
    <testcase time="0" classname="character(0)" name="autoplot.SurvivalSamples_works_as_expected"/>
    <testcase time="0.000999999999976353" classname="character(0)" name="autoplot.SurvivalSamples_works_as_expected"/>
    <testcase time="0" classname="character(0)" name="autoplot.SurvivalSamples_works_as_expected"/>
    <testcase time="0.0010000000000332" classname="character(0)" name="autoplot.SurvivalSamples_works_as_expected"/>
    <testcase time="0" classname="character(0)" name="autoplot.SurvivalSamples_works_as_expected"/>
    <testcase time="0.000999999999976353" classname="character(0)" name="autoplot.SurvivalSamples_works_as_expected"/>
    <testcase time="0" classname="character(0)" name="autoplot.SurvivalSamples_works_as_expected"/>
  </testsuite>
  <testsuite name="SurvivalQuantities" timestamp="2025-01-31T16:49:19Z" hostname="fb1fdeee018e" tests="2" skipped="0" failures="0" errors="0" time="0.004">
    <testcase time="0.0029999999999859" classname="character(0)" name="SurvivalQuantities_print_method_works_as_expected"/>
    <testcase time="0.0010000000000332" classname="character(0)" name="SurvivalQuantities_print_method_works_as_expected"/>
  </testsuite>
  <testsuite name="SurvivalQuantities" timestamp="2025-01-31T16:49:19Z" hostname="fb1fdeee018e" tests="7" skipped="0" failures="0" errors="0" time="0.005">
    <testcase time="0.00199999999995271" classname="character(0)" name="SurvivalQuantities_works_with_time_0"/>
    <testcase time="0" classname="character(0)" name="SurvivalQuantities_works_with_time_0"/>
    <testcase time="0.0010000000000332" classname="character(0)" name="SurvivalQuantities_works_with_time_0"/>
    <testcase time="0" classname="character(0)" name="SurvivalQuantities_works_with_time_0"/>
    <testcase time="0.000999999999976353" classname="character(0)" name="SurvivalQuantities_works_with_time_0"/>
    <testcase time="0" classname="character(0)" name="SurvivalQuantities_works_with_time_0"/>
    <testcase time="0.0010000000000332" classname="character(0)" name="SurvivalQuantities_works_with_time_0"/>
  </testsuite>
  <testsuite name="initialValues" timestamp="2025-01-31T16:49:20Z" hostname="fb1fdeee018e" tests="5" skipped="0" failures="0" errors="0" time="1.721">
    <testcase time="1.71899999999999" classname="character(0)" name="initialValues_works_as_expected"/>
    <testcase time="0" classname="character(0)" name="initialValues_works_as_expected"/>
    <testcase time="0.000999999999976353" classname="character(0)" name="initialValues_works_as_expected"/>
    <testcase time="0" classname="character(0)" name="initialValues_works_as_expected"/>
    <testcase time="0.0010000000000332" classname="character(0)" name="initialValues_works_as_expected"/>
  </testsuite>
  <testsuite name="initialValues" timestamp="2025-01-31T16:49:20Z" hostname="fb1fdeee018e" tests="9" skipped="0" failures="0" errors="0" time="0.006">
    <testcase time="0.00199999999995271" classname="character(0)" name="ensure_initial_values_works_as_expected"/>
    <testcase time="0" classname="character(0)" name="ensure_initial_values_works_as_expected"/>
    <testcase time="0.0010000000000332" classname="character(0)" name="ensure_initial_values_works_as_expected"/>
    <testcase time="0" classname="character(0)" name="ensure_initial_values_works_as_expected"/>
    <testcase time="0.000999999999976353" classname="character(0)" name="ensure_initial_values_works_as_expected"/>
    <testcase time="0" classname="character(0)" name="ensure_initial_values_works_as_expected"/>
    <testcase time="0.0010000000000332" classname="character(0)" name="ensure_initial_values_works_as_expected"/>
    <testcase time="0" classname="character(0)" name="ensure_initial_values_works_as_expected"/>
    <testcase time="0.000999999999976353" classname="character(0)" name="ensure_initial_values_works_as_expected"/>
  </testsuite>
  <testsuite name="initialValues" timestamp="2025-01-31T16:49:20Z" hostname="fb1fdeee018e" tests="400" skipped="0" failures="0" errors="0" time="0.479">
    <testcase time="0.00200000000000955" classname="character(0)" name="intial_values_for_fixed_distributions_gives_valid_values"/>
    <testcase time="0" classname="character(0)" name="intial_values_for_fixed_distributions_gives_valid_values"/>
    <testcase time="0.000999999999976353" classname="character(0)" name="intial_values_for_fixed_distributions_gives_valid_values"/>
    <testcase time="0" classname="character(0)" name="intial_values_for_fixed_distributions_gives_valid_values"/>
    <testcase time="0.0010000000000332" classname="character(0)" name="intial_values_for_fixed_distributions_gives_valid_values"/>
    <testcase time="0" classname="character(0)" name="intial_values_for_fixed_distributions_gives_valid_values"/>
    <testcase time="0.000999999999976353" classname="character(0)" name="intial_values_for_fixed_distributions_gives_valid_values"/>
    <testcase time="0" classname="character(0)" name="intial_values_for_fixed_distributions_gives_valid_values"/>
    <testcase time="0.0010000000000332" classname="character(0)" name="intial_values_for_fixed_distributions_gives_valid_values"/>
    <testcase time="0" classname="character(0)" name="intial_values_for_fixed_distributions_gives_valid_values"/>
    <testcase time="0.000999999999976353" classname="character(0)" name="intial_values_for_fixed_distributions_gives_valid_values"/>
    <testcase time="0" classname="character(0)" name="intial_values_for_fixed_distributions_gives_valid_values"/>
    <testcase time="0.000999999999976353" classname="character(0)" name="intial_values_for_fixed_distributions_gives_valid_values"/>
    <testcase time="0" classname="character(0)" name="intial_values_for_fixed_distributions_gives_valid_values"/>
    <testcase time="0.0010000000000332" classname="character(0)" name="intial_values_for_fixed_distributions_gives_valid_values"/>
    <testcase time="0" classname="character(0)" name="intial_values_for_fixed_distributions_gives_valid_values"/>
    <testcase time="0.000999999999976353" classname="character(0)" name="intial_values_for_fixed_distributions_gives_valid_values"/>
    <testcase time="0" classname="character(0)" name="intial_values_for_fixed_distributions_gives_valid_values"/>
    <testcase time="0.0010000000000332" classname="character(0)" name="intial_values_for_fixed_distributions_gives_valid_values"/>
    <testcase time="0" classname="character(0)" name="intial_values_for_fixed_distributions_gives_valid_values"/>
    <testcase time="0.000999999999976353" classname="character(0)" name="intial_values_for_fixed_distributions_gives_valid_values"/>
    <testcase time="0" classname="character(0)" name="intial_values_for_fixed_distributions_gives_valid_values"/>
    <testcase time="0.0010000000000332" classname="character(0)" name="intial_values_for_fixed_distributions_gives_valid_values"/>
    <testcase time="0" classname="character(0)" name="intial_values_for_fixed_distributions_gives_valid_values"/>
    <testcase time="0.000999999999976353" classname="character(0)" name="intial_values_for_fixed_distributions_gives_valid_values"/>
    <testcase time="0" classname="character(0)" name="intial_values_for_fixed_distributions_gives_valid_values"/>
    <testcase time="0.000999999999976353" classname="character(0)" name="intial_values_for_fixed_distributions_gives_valid_values"/>
    <testcase time="0" classname="character(0)" name="intial_values_for_fixed_distributions_gives_valid_values"/>
    <testcase time="0.0010000000000332" classname="character(0)" name="intial_values_for_fixed_distributions_gives_valid_values"/>
    <testcase time="0.000999999999976353" classname="character(0)" name="intial_values_for_fixed_distributions_gives_valid_values"/>
    <testcase time="0" classname="character(0)" name="intial_values_for_fixed_distributions_gives_valid_values"/>
    <testcase time="0.0010000000000332" classname="character(0)" name="intial_values_for_fixed_distributions_gives_valid_values"/>
    <testcase time="0" classname="character(0)" name="intial_values_for_fixed_distributions_gives_valid_values"/>
    <testcase time="0.000999999999976353" classname="character(0)" name="intial_values_for_fixed_distributions_gives_valid_values"/>
    <testcase time="0" classname="character(0)" name="intial_values_for_fixed_distributions_gives_valid_values"/>
    <testcase time="0.000999999999976353" classname="character(0)" name="intial_values_for_fixed_distributions_gives_valid_values"/>
    <testcase time="0.0010000000000332" classname="character(0)" name="intial_values_for_fixed_distributions_gives_valid_values"/>
    <testcase time="0" classname="character(0)" name="intial_values_for_fixed_distributions_gives_valid_values"/>
    <testcase time="0.000999999999976353" classname="character(0)" name="intial_values_for_fixed_distributions_gives_valid_values"/>
    <testcase time="0" classname="character(0)" name="intial_values_for_fixed_distributions_gives_valid_values"/>
    <testcase time="0.0010000000000332" classname="character(0)" name="intial_values_for_fixed_distributions_gives_valid_values"/>
    <testcase time="0" classname="character(0)" name="intial_values_for_fixed_distributions_gives_valid_values"/>
    <testcase time="0" classname="character(0)" name="intial_values_for_fixed_distributions_gives_valid_values"/>
    <testcase time="0.0010000000000332" classname="character(0)" name="intial_values_for_fixed_distributions_gives_valid_values"/>
    <testcase time="0" classname="character(0)" name="intial_values_for_fixed_distributions_gives_valid_values"/>
    <testcase time="0.000999999999976353" classname="character(0)" name="intial_values_for_fixed_distributions_gives_valid_values"/>
    <testcase time="0.000999999999976353" classname="character(0)" name="intial_values_for_fixed_distributions_gives_valid_values"/>
    <testcase time="0" classname="character(0)" name="intial_values_for_fixed_distributions_gives_valid_values"/>
    <testcase time="0.0010000000000332" classname="character(0)" name="intial_values_for_fixed_distributions_gives_valid_values"/>
    <testcase time="0" classname="character(0)" name="intial_values_for_fixed_distributions_gives_valid_values"/>
    <testcase time="0.000999999999976353" classname="character(0)" name="intial_values_for_fixed_distributions_gives_valid_values"/>
    <testcase time="0.0010000000000332" classname="character(0)" name="intial_values_for_fixed_distributions_gives_valid_values"/>
    <testcase time="0" classname="character(0)" name="intial_values_for_fixed_distributions_gives_valid_values"/>
    <testcase time="0.000999999999976353" classname="character(0)" name="intial_values_for_fixed_distributions_gives_valid_values"/>
    <testcase time="0.000999999999976353" classname="character(0)" name="intial_values_for_fixed_distributions_gives_valid_values"/>
    <testcase time="0" classname="character(0)" name="intial_values_for_fixed_distributions_gives_valid_values"/>
    <testcase time="0.0010000000000332" classname="character(0)" name="intial_values_for_fixed_distributions_gives_valid_values"/>
    <testcase time="0" classname="character(0)" name="intial_values_for_fixed_distributions_gives_valid_values"/>
    <testcase time="0.000999999999976353" classname="character(0)" name="intial_values_for_fixed_distributions_gives_valid_values"/>
    <testcase time="0.0010000000000332" classname="character(0)" name="intial_values_for_fixed_distributions_gives_valid_values"/>
    <testcase time="0" classname="character(0)" name="intial_values_for_fixed_distributions_gives_valid_values"/>
    <testcase time="0.000999999999976353" classname="character(0)" name="intial_values_for_fixed_distributions_gives_valid_values"/>
    <testcase time="0.000999999999976353" classname="character(0)" name="intial_values_for_fixed_distributions_gives_valid_values"/>
    <testcase time="0" classname="character(0)" name="intial_values_for_fixed_distributions_gives_valid_values"/>
    <testcase time="0.0010000000000332" classname="character(0)" name="intial_values_for_fixed_distributions_gives_valid_values"/>
    <testcase time="0.000999999999976353" classname="character(0)" name="intial_values_for_fixed_distributions_gives_valid_values"/>
    <testcase time="0" classname="character(0)" name="intial_values_for_fixed_distributions_gives_valid_values"/>
    <testcase time="0.0010000000000332" classname="character(0)" name="intial_values_for_fixed_distributions_gives_valid_values"/>
    <testcase time="0.000999999999976353" classname="character(0)" name="intial_values_for_fixed_distributions_gives_valid_values"/>
    <testcase time="0.0010000000000332" classname="character(0)" name="intial_values_for_fixed_distributions_gives_valid_values"/>
    <testcase time="0.000999999999976353" classname="character(0)" name="intial_values_for_fixed_distributions_gives_valid_values"/>
    <testcase time="0" classname="character(0)" name="intial_values_for_fixed_distributions_gives_valid_values"/>
    <testcase time="0.000999999999976353" classname="character(0)" name="intial_values_for_fixed_distributions_gives_valid_values"/>
    <testcase time="0.0010000000000332" classname="character(0)" name="intial_values_for_fixed_distributions_gives_valid_values"/>
    <testcase time="0" classname="character(0)" name="intial_values_for_fixed_distributions_gives_valid_values"/>
    <testcase time="0.000999999999976353" classname="character(0)" name="intial_values_for_fixed_distributions_gives_valid_values"/>
    <testcase time="0.0010000000000332" classname="character(0)" name="intial_values_for_fixed_distributions_gives_valid_values"/>
    <testcase time="0.000999999999976353" classname="character(0)" name="intial_values_for_fixed_distributions_gives_valid_values"/>
    <testcase time="0" classname="character(0)" name="intial_values_for_fixed_distributions_gives_valid_values"/>
    <testcase time="0.000999999999976353" classname="character(0)" name="intial_values_for_fixed_distributions_gives_valid_values"/>
    <testcase time="0.0010000000000332" classname="character(0)" name="intial_values_for_fixed_distributions_gives_valid_values"/>
    <testcase time="0.000999999999976353" classname="character(0)" name="intial_values_for_fixed_distributions_gives_valid_values"/>
    <testcase time="0" classname="character(0)" name="intial_values_for_fixed_distributions_gives_valid_values"/>
    <testcase time="0.0010000000000332" classname="character(0)" name="intial_values_for_fixed_distributions_gives_valid_values"/>
    <testcase time="0.000999999999976353" classname="character(0)" name="intial_values_for_fixed_distributions_gives_valid_values"/>
    <testcase time="0.0010000000000332" classname="character(0)" name="intial_values_for_fixed_distributions_gives_valid_values"/>
    <testcase time="0" classname="character(0)" name="intial_values_for_fixed_distributions_gives_valid_values"/>
    <testcase time="0.000999999999976353" classname="character(0)" name="intial_values_for_fixed_distributions_gives_valid_values"/>
    <testcase time="0.000999999999976353" classname="character(0)" name="intial_values_for_fixed_distributions_gives_valid_values"/>
    <testcase time="0.0010000000000332" classname="character(0)" name="intial_values_for_fixed_distributions_gives_valid_values"/>
    <testcase time="0.000999999999976353" classname="character(0)" name="intial_values_for_fixed_distributions_gives_valid_values"/>
    <testcase time="0" classname="character(0)" name="intial_values_for_fixed_distributions_gives_valid_values"/>
    <testcase time="0.0010000000000332" classname="character(0)" name="intial_values_for_fixed_distributions_gives_valid_values"/>
    <testcase time="0.000999999999976353" classname="character(0)" name="intial_values_for_fixed_distributions_gives_valid_values"/>
    <testcase time="0.000999999999976353" classname="character(0)" name="intial_values_for_fixed_distributions_gives_valid_values"/>
    <testcase time="0" classname="character(0)" name="intial_values_for_fixed_distributions_gives_valid_values"/>
    <testcase time="0.0010000000000332" classname="character(0)" name="intial_values_for_fixed_distributions_gives_valid_values"/>
    <testcase time="0.000999999999976353" classname="character(0)" name="intial_values_for_fixed_distributions_gives_valid_values"/>
    <testcase time="0.0010000000000332" classname="character(0)" name="intial_values_for_fixed_distributions_gives_valid_values"/>
    <testcase time="0.000999999999976353" classname="character(0)" name="intial_values_for_fixed_distributions_gives_valid_values"/>
    <testcase time="0" classname="character(0)" name="intial_values_for_fixed_distributions_gives_valid_values"/>
    <testcase time="0.0010000000000332" classname="character(0)" name="intial_values_for_fixed_distributions_gives_valid_values"/>
    <testcase time="0.000999999999976353" classname="character(0)" name="intial_values_for_fixed_distributions_gives_valid_values"/>
    <testcase time="0.000999999999976353" classname="character(0)" name="intial_values_for_fixed_distributions_gives_valid_values"/>
    <testcase time="0.0010000000000332" classname="character(0)" name="intial_values_for_fixed_distributions_gives_valid_values"/>
    <testcase time="0" classname="character(0)" name="intial_values_for_fixed_distributions_gives_valid_values"/>
    <testcase time="0.000999999999976353" classname="character(0)" name="intial_values_for_fixed_distributions_gives_valid_values"/>
    <testcase time="0.0010000000000332" classname="character(0)" name="intial_values_for_fixed_distributions_gives_valid_values"/>
    <testcase time="0.000999999999976353" classname="character(0)" name="intial_values_for_fixed_distributions_gives_valid_values"/>
    <testcase time="0.000999999999976353" classname="character(0)" name="intial_values_for_fixed_distributions_gives_valid_values"/>
    <testcase time="0.0010000000000332" classname="character(0)" name="intial_values_for_fixed_distributions_gives_valid_values"/>
    <testcase time="0" classname="character(0)" name="intial_values_for_fixed_distributions_gives_valid_values"/>
    <testcase time="0.000999999999976353" classname="character(0)" name="intial_values_for_fixed_distributions_gives_valid_values"/>
    <testcase time="0.0010000000000332" classname="character(0)" name="intial_values_for_fixed_distributions_gives_valid_values"/>
    <testcase time="0.000999999999976353" classname="character(0)" name="intial_values_for_fixed_distributions_gives_valid_values"/>
    <testcase time="0.0010000000000332" classname="character(0)" name="intial_values_for_fixed_distributions_gives_valid_values"/>
    <testcase time="0.000999999999976353" classname="character(0)" name="intial_values_for_fixed_distributions_gives_valid_values"/>
    <testcase time="0.000999999999976353" classname="character(0)" name="intial_values_for_fixed_distributions_gives_valid_values"/>
    <testcase time="0.0010000000000332" classname="character(0)" name="intial_values_for_fixed_distributions_gives_valid_values"/>
    <testcase time="0.000999999999976353" classname="character(0)" name="intial_values_for_fixed_distributions_gives_valid_values"/>
    <testcase time="0" classname="character(0)" name="intial_values_for_fixed_distributions_gives_valid_values"/>
    <testcase time="0.0010000000000332" classname="character(0)" name="intial_values_for_fixed_distributions_gives_valid_values"/>
    <testcase time="0.000999999999976353" classname="character(0)" name="intial_values_for_fixed_distributions_gives_valid_values"/>
    <testcase time="0.000999999999976353" classname="character(0)" name="intial_values_for_fixed_distributions_gives_valid_values"/>
    <testcase time="0.0010000000000332" classname="character(0)" name="intial_values_for_fixed_distributions_gives_valid_values"/>
    <testcase time="0.000999999999976353" classname="character(0)" name="intial_values_for_fixed_distributions_gives_valid_values"/>
    <testcase time="0.0010000000000332" classname="character(0)" name="intial_values_for_fixed_distributions_gives_valid_values"/>
    <testcase time="0.000999999999976353" classname="character(0)" name="intial_values_for_fixed_distributions_gives_valid_values"/>
    <testcase time="0.0010000000000332" classname="character(0)" name="intial_values_for_fixed_distributions_gives_valid_values"/>
    <testcase time="0" classname="character(0)" name="intial_values_for_fixed_distributions_gives_valid_values"/>
    <testcase time="0.000999999999976353" classname="character(0)" name="intial_values_for_fixed_distributions_gives_valid_values"/>
    <testcase time="0.000999999999976353" classname="character(0)" name="intial_values_for_fixed_distributions_gives_valid_values"/>
    <testcase time="0.0010000000000332" classname="character(0)" name="intial_values_for_fixed_distributions_gives_valid_values"/>
    <testcase time="0.000999999999976353" classname="character(0)" name="intial_values_for_fixed_distributions_gives_valid_values"/>
    <testcase time="0.0010000000000332" classname="character(0)" name="intial_values_for_fixed_distributions_gives_valid_values"/>
    <testcase time="0.000999999999976353" classname="character(0)" name="intial_values_for_fixed_distributions_gives_valid_values"/>
    <testcase time="0.000999999999976353" classname="character(0)" name="intial_values_for_fixed_distributions_gives_valid_values"/>
    <testcase time="0.0010000000000332" classname="character(0)" name="intial_values_for_fixed_distributions_gives_valid_values"/>
    <testcase time="0.000999999999976353" classname="character(0)" name="intial_values_for_fixed_distributions_gives_valid_values"/>
    <testcase time="0.0010000000000332" classname="character(0)" name="intial_values_for_fixed_distributions_gives_valid_values"/>
    <testcase time="0.000999999999976353" classname="character(0)" name="intial_values_for_fixed_distributions_gives_valid_values"/>
    <testcase time="0.0010000000000332" classname="character(0)" name="intial_values_for_fixed_distributions_gives_valid_values"/>
    <testcase time="0.000999999999976353" classname="character(0)" name="intial_values_for_fixed_distributions_gives_valid_values"/>
    <testcase time="0.000999999999976353" classname="character(0)" name="intial_values_for_fixed_distributions_gives_valid_values"/>
    <testcase time="0.0010000000000332" classname="character(0)" name="intial_values_for_fixed_distributions_gives_valid_values"/>
    <testcase time="0.000999999999976353" classname="character(0)" name="intial_values_for_fixed_distributions_gives_valid_values"/>
    <testcase time="0.0010000000000332" classname="character(0)" name="intial_values_for_fixed_distributions_gives_valid_values"/>
    <testcase time="0.000999999999976353" classname="character(0)" name="intial_values_for_fixed_distributions_gives_valid_values"/>
    <testcase time="0.000999999999976353" classname="character(0)" name="intial_values_for_fixed_distributions_gives_valid_values"/>
    <testcase time="0.0010000000000332" classname="character(0)" name="intial_values_for_fixed_distributions_gives_valid_values"/>
    <testcase time="0.00499999999999545" classname="character(0)" name="intial_values_for_fixed_distributions_gives_valid_values"/>
    <testcase time="0.000999999999976353" classname="character(0)" name="intial_values_for_fixed_distributions_gives_valid_values"/>
    <testcase time="0.0010000000000332" classname="character(0)" name="intial_values_for_fixed_distributions_gives_valid_values"/>
    <testcase time="0.000999999999976353" classname="character(0)" name="intial_values_for_fixed_distributions_gives_valid_values"/>
    <testcase time="0.0010000000000332" classname="character(0)" name="intial_values_for_fixed_distributions_gives_valid_values"/>
    <testcase time="0.000999999999976353" classname="character(0)" name="intial_values_for_fixed_distributions_gives_valid_values"/>
    <testcase time="0.000999999999976353" classname="character(0)" name="intial_values_for_fixed_distributions_gives_valid_values"/>
    <testcase time="0.0010000000000332" classname="character(0)" name="intial_values_for_fixed_distributions_gives_valid_values"/>
    <testcase time="0.00200000000000955" classname="character(0)" name="intial_values_for_fixed_distributions_gives_valid_values"/>
    <testcase time="0.00200000000000955" classname="character(0)" name="intial_values_for_fixed_distributions_gives_valid_values"/>
    <testcase time="0.000999999999976353" classname="character(0)" name="intial_values_for_fixed_distributions_gives_valid_values"/>
    <testcase time="0.000999999999976353" classname="character(0)" name="intial_values_for_fixed_distributions_gives_valid_values"/>
    <testcase time="0.000999999999976353" classname="character(0)" name="intial_values_for_fixed_distributions_gives_valid_values"/>
    <testcase time="0.00200000000000955" classname="character(0)" name="intial_values_for_fixed_distributions_gives_valid_values"/>
    <testcase time="0.000999999999976353" classname="character(0)" name="intial_values_for_fixed_distributions_gives_valid_values"/>
    <testcase time="0.00200000000000955" classname="character(0)" name="intial_values_for_fixed_distributions_gives_valid_values"/>
    <testcase time="0.0010000000000332" classname="character(0)" name="intial_values_for_fixed_distributions_gives_valid_values"/>
    <testcase time="0.00200000000000955" classname="character(0)" name="intial_values_for_fixed_distributions_gives_valid_values"/>
    <testcase time="0.000999999999976353" classname="character(0)" name="intial_values_for_fixed_distributions_gives_valid_values"/>
    <testcase time="0.00200000000000955" classname="character(0)" name="intial_values_for_fixed_distributions_gives_valid_values"/>
    <testcase time="0.000999999999976353" classname="character(0)" name="intial_values_for_fixed_distributions_gives_valid_values"/>
    <testcase time="0.000999999999976353" classname="character(0)" name="intial_values_for_fixed_distributions_gives_valid_values"/>
    <testcase time="0.00200000000000955" classname="character(0)" name="intial_values_for_fixed_distributions_gives_valid_values"/>
    <testcase time="0.000999999999976353" classname="character(0)" name="intial_values_for_fixed_distributions_gives_valid_values"/>
    <testcase time="0.00200000000000955" classname="character(0)" name="intial_values_for_fixed_distributions_gives_valid_values"/>
    <testcase time="0.0010000000000332" classname="character(0)" name="intial_values_for_fixed_distributions_gives_valid_values"/>
    <testcase time="0.00199999999995271" classname="character(0)" name="intial_values_for_fixed_distributions_gives_valid_values"/>
    <testcase time="0.0010000000000332" classname="character(0)" name="intial_values_for_fixed_distributions_gives_valid_values"/>
    <testcase time="0.00200000000000955" classname="character(0)" name="intial_values_for_fixed_distributions_gives_valid_values"/>
    <testcase time="0.000999999999976353" classname="character(0)" name="intial_values_for_fixed_distributions_gives_valid_values"/>
    <testcase time="0.000999999999976353" classname="character(0)" name="intial_values_for_fixed_distributions_gives_valid_values"/>
    <testcase time="0.0010000000000332" classname="character(0)" name="intial_values_for_fixed_distributions_gives_valid_values"/>
    <testcase time="0.000999999999976353" classname="character(0)" name="intial_values_for_fixed_distributions_gives_valid_values"/>
    <testcase time="0.0010000000000332" classname="character(0)" name="intial_values_for_fixed_distributions_gives_valid_values"/>
    <testcase time="0.000999999999976353" classname="character(0)" name="intial_values_for_fixed_distributions_gives_valid_values"/>
    <testcase time="0.000999999999976353" classname="character(0)" name="intial_values_for_fixed_distributions_gives_valid_values"/>
    <testcase time="0.0010000000000332" classname="character(0)" name="intial_values_for_fixed_distributions_gives_valid_values"/>
    <testcase time="0.000999999999976353" classname="character(0)" name="intial_values_for_fixed_distributions_gives_valid_values"/>
    <testcase time="0.0010000000000332" classname="character(0)" name="intial_values_for_fixed_distributions_gives_valid_values"/>
    <testcase time="0.000999999999976353" classname="character(0)" name="intial_values_for_fixed_distributions_gives_valid_values"/>
    <testcase time="0.00200000000000955" classname="character(0)" name="intial_values_for_fixed_distributions_gives_valid_values"/>
    <testcase time="0.000999999999976353" classname="character(0)" name="intial_values_for_fixed_distributions_gives_valid_values"/>
    <testcase time="0.0010000000000332" classname="character(0)" name="intial_values_for_fixed_distributions_gives_valid_values"/>
    <testcase time="0.000999999999976353" classname="character(0)" name="intial_values_for_fixed_distributions_gives_valid_values"/>
    <testcase time="0.0010000000000332" classname="character(0)" name="intial_values_for_fixed_distributions_gives_valid_values"/>
    <testcase time="0.000999999999976353" classname="character(0)" name="intial_values_for_fixed_distributions_gives_valid_values"/>
    <testcase time="0.000999999999976353" classname="character(0)" name="intial_values_for_fixed_distributions_gives_valid_values"/>
    <testcase time="0.0010000000000332" classname="character(0)" name="intial_values_for_fixed_distributions_gives_valid_values"/>
    <testcase time="0.00200000000000955" classname="character(0)" name="intial_values_for_fixed_distributions_gives_valid_values"/>
    <testcase time="0.000999999999976353" classname="character(0)" name="intial_values_for_fixed_distributions_gives_valid_values"/>
    <testcase time="0.0010000000000332" classname="character(0)" name="intial_values_for_fixed_distributions_gives_valid_values"/>
    <testcase time="0.000999999999976353" classname="character(0)" name="intial_values_for_fixed_distributions_gives_valid_values"/>
    <testcase time="0.000999999999976353" classname="character(0)" name="intial_values_for_fixed_distributions_gives_valid_values"/>
    <testcase time="0.0010000000000332" classname="character(0)" name="intial_values_for_fixed_distributions_gives_valid_values"/>
    <testcase time="0.00200000000000955" classname="character(0)" name="intial_values_for_fixed_distributions_gives_valid_values"/>
    <testcase time="0.000999999999976353" classname="character(0)" name="intial_values_for_fixed_distributions_gives_valid_values"/>
    <testcase time="0.000999999999976353" classname="character(0)" name="intial_values_for_fixed_distributions_gives_valid_values"/>
    <testcase time="0.0010000000000332" classname="character(0)" name="intial_values_for_fixed_distributions_gives_valid_values"/>
    <testcase time="0.000999999999976353" classname="character(0)" name="intial_values_for_fixed_distributions_gives_valid_values"/>
    <testcase time="0.0010000000000332" classname="character(0)" name="intial_values_for_fixed_distributions_gives_valid_values"/>
    <testcase time="0.00200000000000955" classname="character(0)" name="intial_values_for_fixed_distributions_gives_valid_values"/>
    <testcase time="0.000999999999976353" classname="character(0)" name="intial_values_for_fixed_distributions_gives_valid_values"/>
    <testcase time="0.000999999999976353" classname="character(0)" name="intial_values_for_fixed_distributions_gives_valid_values"/>
    <testcase time="0.0010000000000332" classname="character(0)" name="intial_values_for_fixed_distributions_gives_valid_values"/>
    <testcase time="0.000999999999976353" classname="character(0)" name="intial_values_for_fixed_distributions_gives_valid_values"/>
    <testcase time="0.00200000000000955" classname="character(0)" name="intial_values_for_fixed_distributions_gives_valid_values"/>
    <testcase time="0.000999999999976353" classname="character(0)" name="intial_values_for_fixed_distributions_gives_valid_values"/>
    <testcase time="0.0010000000000332" classname="character(0)" name="intial_values_for_fixed_distributions_gives_valid_values"/>
    <testcase time="0.000999999999976353" classname="character(0)" name="intial_values_for_fixed_distributions_gives_valid_values"/>
    <testcase time="0.0010000000000332" classname="character(0)" name="intial_values_for_fixed_distributions_gives_valid_values"/>
    <testcase time="0.00200000000000955" classname="character(0)" name="intial_values_for_fixed_distributions_gives_valid_values"/>
    <testcase time="0.000999999999976353" classname="character(0)" name="intial_values_for_fixed_distributions_gives_valid_values"/>
    <testcase time="0.000999999999976353" classname="character(0)" name="intial_values_for_fixed_distributions_gives_valid_values"/>
    <testcase time="0.0010000000000332" classname="character(0)" name="intial_values_for_fixed_distributions_gives_valid_values"/>
    <testcase time="0.000999999999976353" classname="character(0)" name="intial_values_for_fixed_distributions_gives_valid_values"/>
    <testcase time="0.00200000000000955" classname="character(0)" name="intial_values_for_fixed_distributions_gives_valid_values"/>
    <testcase time="0.000999999999976353" classname="character(0)" name="intial_values_for_fixed_distributions_gives_valid_values"/>
    <testcase time="0.0010000000000332" classname="character(0)" name="intial_values_for_fixed_distributions_gives_valid_values"/>
    <testcase time="0.000999999999976353" classname="character(0)" name="intial_values_for_fixed_distributions_gives_valid_values"/>
    <testcase time="0.00200000000000955" classname="character(0)" name="intial_values_for_fixed_distributions_gives_valid_values"/>
    <testcase time="0.0010000000000332" classname="character(0)" name="intial_values_for_fixed_distributions_gives_valid_values"/>
    <testcase time="0.000999999999976353" classname="character(0)" name="intial_values_for_fixed_distributions_gives_valid_values"/>
    <testcase time="0.000999999999976353" classname="character(0)" name="intial_values_for_fixed_distributions_gives_valid_values"/>
    <testcase time="0.00200000000000955" classname="character(0)" name="intial_values_for_fixed_distributions_gives_valid_values"/>
    <testcase time="0.0010000000000332" classname="character(0)" name="intial_values_for_fixed_distributions_gives_valid_values"/>
    <testcase time="0.000999999999976353" classname="character(0)" name="intial_values_for_fixed_distributions_gives_valid_values"/>
    <testcase time="0.000999999999976353" classname="character(0)" name="intial_values_for_fixed_distributions_gives_valid_values"/>
    <testcase time="0.00200000000000955" classname="character(0)" name="intial_values_for_fixed_distributions_gives_valid_values"/>
    <testcase time="0.0010000000000332" classname="character(0)" name="intial_values_for_fixed_distributions_gives_valid_values"/>
    <testcase time="0.000999999999976353" classname="character(0)" name="intial_values_for_fixed_distributions_gives_valid_values"/>
    <testcase time="0.00200000000000955" classname="character(0)" name="intial_values_for_fixed_distributions_gives_valid_values"/>
    <testcase time="0.000999999999976353" classname="character(0)" name="intial_values_for_fixed_distributions_gives_valid_values"/>
    <testcase time="0.0010000000000332" classname="character(0)" name="intial_values_for_fixed_distributions_gives_valid_values"/>
    <testcase time="0.00200000000000955" classname="character(0)" name="intial_values_for_fixed_distributions_gives_valid_values"/>
    <testcase time="0.000999999999976353" classname="character(0)" name="intial_values_for_fixed_distributions_gives_valid_values"/>
    <testcase time="0.000999999999976353" classname="character(0)" name="intial_values_for_fixed_distributions_gives_valid_values"/>
    <testcase time="0.0010000000000332" classname="character(0)" name="intial_values_for_fixed_distributions_gives_valid_values"/>
    <testcase time="0.00200000000000955" classname="character(0)" name="intial_values_for_fixed_distributions_gives_valid_values"/>
    <testcase time="0.000999999999976353" classname="character(0)" name="intial_values_for_fixed_distributions_gives_valid_values"/>
    <testcase time="0.0010000000000332" classname="character(0)" name="intial_values_for_fixed_distributions_gives_valid_values"/>
    <testcase time="0.00199999999995271" classname="character(0)" name="intial_values_for_fixed_distributions_gives_valid_values"/>
    <testcase time="0.0010000000000332" classname="character(0)" name="intial_values_for_fixed_distributions_gives_valid_values"/>
    <testcase time="0.00200000000000955" classname="character(0)" name="intial_values_for_fixed_distributions_gives_valid_values"/>
    <testcase time="0.000999999999976353" classname="character(0)" name="intial_values_for_fixed_distributions_gives_valid_values"/>
    <testcase time="0.000999999999976353" classname="character(0)" name="intial_values_for_fixed_distributions_gives_valid_values"/>
    <testcase time="0.00200000000000955" classname="character(0)" name="intial_values_for_fixed_distributions_gives_valid_values"/>
    <testcase time="0.0010000000000332" classname="character(0)" name="intial_values_for_fixed_distributions_gives_valid_values"/>
    <testcase time="0.000999999999976353" classname="character(0)" name="intial_values_for_fixed_distributions_gives_valid_values"/>
    <testcase time="0.00200000000000955" classname="character(0)" name="intial_values_for_fixed_distributions_gives_valid_values"/>
    <testcase time="0.000999999999976353" classname="character(0)" name="intial_values_for_fixed_distributions_gives_valid_values"/>
    <testcase time="0.0010000000000332" classname="character(0)" name="intial_values_for_fixed_distributions_gives_valid_values"/>
    <testcase time="0.00200000000000955" classname="character(0)" name="intial_values_for_fixed_distributions_gives_valid_values"/>
    <testcase time="0.000999999999976353" classname="character(0)" name="intial_values_for_fixed_distributions_gives_valid_values"/>
    <testcase time="0.000999999999976353" classname="character(0)" name="intial_values_for_fixed_distributions_gives_valid_values"/>
    <testcase time="0.00200000000000955" classname="character(0)" name="intial_values_for_fixed_distributions_gives_valid_values"/>
    <testcase time="0.0010000000000332" classname="character(0)" name="intial_values_for_fixed_distributions_gives_valid_values"/>
    <testcase time="0.000999999999976353" classname="character(0)" name="intial_values_for_fixed_distributions_gives_valid_values"/>
    <testcase time="0.00200000000000955" classname="character(0)" name="intial_values_for_fixed_distributions_gives_valid_values"/>
    <testcase time="0.000999999999976353" classname="character(0)" name="intial_values_for_fixed_distributions_gives_valid_values"/>
    <testcase time="0.00200000000000955" classname="character(0)" name="intial_values_for_fixed_distributions_gives_valid_values"/>
    <testcase time="0.0010000000000332" classname="character(0)" name="intial_values_for_fixed_distributions_gives_valid_values"/>
    <testcase time="0.000999999999976353" classname="character(0)" name="intial_values_for_fixed_distributions_gives_valid_values"/>
    <testcase time="0.00200000000000955" classname="character(0)" name="intial_values_for_fixed_distributions_gives_valid_values"/>
    <testcase time="0.000999999999976353" classname="character(0)" name="intial_values_for_fixed_distributions_gives_valid_values"/>
    <testcase time="0.0010000000000332" classname="character(0)" name="intial_values_for_fixed_distributions_gives_valid_values"/>
    <testcase time="0.00200000000000955" classname="character(0)" name="intial_values_for_fixed_distributions_gives_valid_values"/>
    <testcase time="0.000999999999976353" classname="character(0)" name="intial_values_for_fixed_distributions_gives_valid_values"/>
    <testcase time="0.00200000000000955" classname="character(0)" name="intial_values_for_fixed_distributions_gives_valid_values"/>
    <testcase time="0.000999999999976353" classname="character(0)" name="intial_values_for_fixed_distributions_gives_valid_values"/>
    <testcase time="0.0010000000000332" classname="character(0)" name="intial_values_for_fixed_distributions_gives_valid_values"/>
    <testcase time="0.00199999999995271" classname="character(0)" name="intial_values_for_fixed_distributions_gives_valid_values"/>
    <testcase time="0.0010000000000332" classname="character(0)" name="intial_values_for_fixed_distributions_gives_valid_values"/>
    <testcase time="0.00200000000000955" classname="character(0)" name="intial_values_for_fixed_distributions_gives_valid_values"/>
    <testcase time="0.000999999999976353" classname="character(0)" name="intial_values_for_fixed_distributions_gives_valid_values"/>
    <testcase time="0.00200000000000955" classname="character(0)" name="intial_values_for_fixed_distributions_gives_valid_values"/>
    <testcase time="0.000999999999976353" classname="character(0)" name="intial_values_for_fixed_distributions_gives_valid_values"/>
    <testcase time="0.0010000000000332" classname="character(0)" name="intial_values_for_fixed_distributions_gives_valid_values"/>
    <testcase time="0.00200000000000955" classname="character(0)" name="intial_values_for_fixed_distributions_gives_valid_values"/>
    <testcase time="0.000999999999976353" classname="character(0)" name="intial_values_for_fixed_distributions_gives_valid_values"/>
    <testcase time="0.00200000000000955" classname="character(0)" name="intial_values_for_fixed_distributions_gives_valid_values"/>
    <testcase time="0.000999999999976353" classname="character(0)" name="intial_values_for_fixed_distributions_gives_valid_values"/>
    <testcase time="0.00200000000000955" classname="character(0)" name="intial_values_for_fixed_distributions_gives_valid_values"/>
    <testcase time="0.000999999999976353" classname="character(0)" name="intial_values_for_fixed_distributions_gives_valid_values"/>
    <testcase time="0.00200000000000955" classname="character(0)" name="intial_values_for_fixed_distributions_gives_valid_values"/>
    <testcase time="0.0010000000000332" classname="character(0)" name="intial_values_for_fixed_distributions_gives_valid_values"/>
    <testcase time="0.000999999999976353" classname="character(0)" name="intial_values_for_fixed_distributions_gives_valid_values"/>
    <testcase time="0.00200000000000955" classname="character(0)" name="intial_values_for_fixed_distributions_gives_valid_values"/>
    <testcase time="0.00499999999999545" classname="character(0)" name="intial_values_for_fixed_distributions_gives_valid_values"/>
    <testcase time="0.000999999999976353" classname="character(0)" name="intial_values_for_fixed_distributions_gives_valid_values"/>
    <testcase time="0.00200000000000955" classname="character(0)" name="intial_values_for_fixed_distributions_gives_valid_values"/>
    <testcase time="0.0010000000000332" classname="character(0)" name="intial_values_for_fixed_distributions_gives_valid_values"/>
    <testcase time="0.00200000000000955" classname="character(0)" name="intial_values_for_fixed_distributions_gives_valid_values"/>
    <testcase time="0.000999999999976353" classname="character(0)" name="intial_values_for_fixed_distributions_gives_valid_values"/>
    <testcase time="0.00200000000000955" classname="character(0)" name="intial_values_for_fixed_distributions_gives_valid_values"/>
    <testcase time="0.000999999999976353" classname="character(0)" name="intial_values_for_fixed_distributions_gives_valid_values"/>
    <testcase time="0.00200000000000955" classname="character(0)" name="intial_values_for_fixed_distributions_gives_valid_values"/>
    <testcase time="0.000999999999976353" classname="character(0)" name="intial_values_for_fixed_distributions_gives_valid_values"/>
    <testcase time="0.00200000000000955" classname="character(0)" name="intial_values_for_fixed_distributions_gives_valid_values"/>
    <testcase time="0.0010000000000332" classname="character(0)" name="intial_values_for_fixed_distributions_gives_valid_values"/>
    <testcase time="0.00200000000000955" classname="character(0)" name="intial_values_for_fixed_distributions_gives_valid_values"/>
    <testcase time="0.000999999999976353" classname="character(0)" name="intial_values_for_fixed_distributions_gives_valid_values"/>
    <testcase time="0.00200000000000955" classname="character(0)" name="intial_values_for_fixed_distributions_gives_valid_values"/>
    <testcase time="0.000999999999976353" classname="character(0)" name="intial_values_for_fixed_distributions_gives_valid_values"/>
    <testcase time="0.00200000000000955" classname="character(0)" name="intial_values_for_fixed_distributions_gives_valid_values"/>
    <testcase time="0.000999999999976353" classname="character(0)" name="intial_values_for_fixed_distributions_gives_valid_values"/>
    <testcase time="0.00200000000000955" classname="character(0)" name="intial_values_for_fixed_distributions_gives_valid_values"/>
    <testcase time="0.0010000000000332" classname="character(0)" name="intial_values_for_fixed_distributions_gives_valid_values"/>
    <testcase time="0.00200000000000955" classname="character(0)" name="intial_values_for_fixed_distributions_gives_valid_values"/>
    <testcase time="0.000999999999976353" classname="character(0)" name="intial_values_for_fixed_distributions_gives_valid_values"/>
    <testcase time="0.00200000000000955" classname="character(0)" name="intial_values_for_fixed_distributions_gives_valid_values"/>
    <testcase time="0.000999999999976353" classname="character(0)" name="intial_values_for_fixed_distributions_gives_valid_values"/>
    <testcase time="0.00200000000000955" classname="character(0)" name="intial_values_for_fixed_distributions_gives_valid_values"/>
    <testcase time="0.00200000000000955" classname="character(0)" name="intial_values_for_fixed_distributions_gives_valid_values"/>
    <testcase time="0.000999999999976353" classname="character(0)" name="intial_values_for_fixed_distributions_gives_valid_values"/>
    <testcase time="0.00200000000000955" classname="character(0)" name="intial_values_for_fixed_distributions_gives_valid_values"/>
    <testcase time="0.00200000000000955" classname="character(0)" name="intial_values_for_fixed_distributions_gives_valid_values"/>
    <testcase time="0.000999999999976353" classname="character(0)" name="intial_values_for_fixed_distributions_gives_valid_values"/>
    <testcase time="0.00200000000000955" classname="character(0)" name="intial_values_for_fixed_distributions_gives_valid_values"/>
    <testcase time="0.00200000000000955" classname="character(0)" name="intial_values_for_fixed_distributions_gives_valid_values"/>
    <testcase time="0.00200000000000955" classname="character(0)" name="intial_values_for_fixed_distributions_gives_valid_values"/>
    <testcase time="0.000999999999976353" classname="character(0)" name="intial_values_for_fixed_distributions_gives_valid_values"/>
    <testcase time="0.00200000000000955" classname="character(0)" name="intial_values_for_fixed_distributions_gives_valid_values"/>
    <testcase time="0.00200000000000955" classname="character(0)" name="intial_values_for_fixed_distributions_gives_valid_values"/>
    <testcase time="0.000999999999976353" classname="character(0)" name="intial_values_for_fixed_distributions_gives_valid_values"/>
    <testcase time="0.00200000000000955" classname="character(0)" name="intial_values_for_fixed_distributions_gives_valid_values"/>
    <testcase time="0.0010000000000332" classname="character(0)" name="intial_values_for_fixed_distributions_gives_valid_values"/>
    <testcase time="0.00199999999995271" classname="character(0)" name="intial_values_for_fixed_distributions_gives_valid_values"/>
    <testcase time="0.00200000000000955" classname="character(0)" name="intial_values_for_fixed_distributions_gives_valid_values"/>
    <testcase time="0.0010000000000332" classname="character(0)" name="intial_values_for_fixed_distributions_gives_valid_values"/>
    <testcase time="0.00200000000000955" classname="character(0)" name="intial_values_for_fixed_distributions_gives_valid_values"/>
    <testcase time="0.00199999999995271" classname="character(0)" name="intial_values_for_fixed_distributions_gives_valid_values"/>
    <testcase time="0.0010000000000332" classname="character(0)" name="intial_values_for_fixed_distributions_gives_valid_values"/>
    <testcase time="0.00200000000000955" classname="character(0)" name="intial_values_for_fixed_distributions_gives_valid_values"/>
    <testcase time="0.00199999999995271" classname="character(0)" name="intial_values_for_fixed_distributions_gives_valid_values"/>
    <testcase time="0.0010000000000332" classname="character(0)" name="intial_values_for_fixed_distributions_gives_valid_values"/>
    <testcase time="0.00200000000000955" classname="character(0)" name="intial_values_for_fixed_distributions_gives_valid_values"/>
    <testcase time="0.00200000000000955" classname="character(0)" name="intial_values_for_fixed_distributions_gives_valid_values"/>
    <testcase time="0.000999999999976353" classname="character(0)" name="intial_values_for_fixed_distributions_gives_valid_values"/>
    <testcase time="0.00200000000000955" classname="character(0)" name="intial_values_for_fixed_distributions_gives_valid_values"/>
    <testcase time="0.00200000000000955" classname="character(0)" name="intial_values_for_fixed_distributions_gives_valid_values"/>
    <testcase time="0.000999999999976353" classname="character(0)" name="intial_values_for_fixed_distributions_gives_valid_values"/>
    <testcase time="0.00200000000000955" classname="character(0)" name="intial_values_for_fixed_distributions_gives_valid_values"/>
    <testcase time="0.00200000000000955" classname="character(0)" name="intial_values_for_fixed_distributions_gives_valid_values"/>
    <testcase time="0.000999999999976353" classname="character(0)" name="intial_values_for_fixed_distributions_gives_valid_values"/>
    <testcase time="0.00200000000000955" classname="character(0)" name="intial_values_for_fixed_distributions_gives_valid_values"/>
    <testcase time="0.00200000000000955" classname="character(0)" name="intial_values_for_fixed_distributions_gives_valid_values"/>
    <testcase time="0.000999999999976353" classname="character(0)" name="intial_values_for_fixed_distributions_gives_valid_values"/>
    <testcase time="0.00200000000000955" classname="character(0)" name="intial_values_for_fixed_distributions_gives_valid_values"/>
    <testcase time="0.00200000000000955" classname="character(0)" name="intial_values_for_fixed_distributions_gives_valid_values"/>
    <testcase time="0.000999999999976353" classname="character(0)" name="intial_values_for_fixed_distributions_gives_valid_values"/>
    <testcase time="0.00200000000000955" classname="character(0)" name="intial_values_for_fixed_distributions_gives_valid_values"/>
    <testcase time="0.00200000000000955" classname="character(0)" name="intial_values_for_fixed_distributions_gives_valid_values"/>
    <testcase time="0.00200000000000955" classname="character(0)" name="intial_values_for_fixed_distributions_gives_valid_values"/>
    <testcase time="0.000999999999976353" classname="character(0)" name="intial_values_for_fixed_distributions_gives_valid_values"/>
    <testcase time="0.00200000000000955" classname="character(0)" name="intial_values_for_fixed_distributions_gives_valid_values"/>
    <testcase time="0.00200000000000955" classname="character(0)" name="intial_values_for_fixed_distributions_gives_valid_values"/>
    <testcase time="0.00200000000000955" classname="character(0)" name="intial_values_for_fixed_distributions_gives_valid_values"/>
    <testcase time="0.00199999999995271" classname="character(0)" name="intial_values_for_fixed_distributions_gives_valid_values"/>
    <testcase time="0.00200000000000955" classname="character(0)" name="intial_values_for_fixed_distributions_gives_valid_values"/>
    <testcase time="0.0010000000000332" classname="character(0)" name="intial_values_for_fixed_distributions_gives_valid_values"/>
    <testcase time="0.00200000000000955" classname="character(0)" name="intial_values_for_fixed_distributions_gives_valid_values"/>
    <testcase time="0.00199999999995271" classname="character(0)" name="intial_values_for_fixed_distributions_gives_valid_values"/>
    <testcase time="0.00200000000000955" classname="character(0)" name="intial_values_for_fixed_distributions_gives_valid_values"/>
    <testcase time="0.0010000000000332" classname="character(0)" name="intial_values_for_fixed_distributions_gives_valid_values"/>
    <testcase time="0.00199999999995271" classname="character(0)" name="intial_values_for_fixed_distributions_gives_valid_values"/>
    <testcase time="0.00200000000000955" classname="character(0)" name="intial_values_for_fixed_distributions_gives_valid_values"/>
    <testcase time="0.00200000000000955" classname="character(0)" name="intial_values_for_fixed_distributions_gives_valid_values"/>
    <testcase time="0.0010000000000332" classname="character(0)" name="intial_values_for_fixed_distributions_gives_valid_values"/>
    <testcase time="0.00199999999995271" classname="character(0)" name="intial_values_for_fixed_distributions_gives_valid_values"/>
    <testcase time="0.00200000000000955" classname="character(0)" name="intial_values_for_fixed_distributions_gives_valid_values"/>
    <testcase time="0.00200000000000955" classname="character(0)" name="intial_values_for_fixed_distributions_gives_valid_values"/>
    <testcase time="0.00200000000000955" classname="character(0)" name="intial_values_for_fixed_distributions_gives_valid_values"/>
    <testcase time="0.00200000000000955" classname="character(0)" name="intial_values_for_fixed_distributions_gives_valid_values"/>
    <testcase time="0.000999999999976353" classname="character(0)" name="intial_values_for_fixed_distributions_gives_valid_values"/>
    <testcase time="0.00200000000000955" classname="character(0)" name="intial_values_for_fixed_distributions_gives_valid_values"/>
    <testcase time="0.00200000000000955" classname="character(0)" name="intial_values_for_fixed_distributions_gives_valid_values"/>
    <testcase time="0.00200000000000955" classname="character(0)" name="intial_values_for_fixed_distributions_gives_valid_values"/>
    <testcase time="0.00199999999995271" classname="character(0)" name="intial_values_for_fixed_distributions_gives_valid_values"/>
    <testcase time="0.00200000000000955" classname="character(0)" name="intial_values_for_fixed_distributions_gives_valid_values"/>
    <testcase time="0.0010000000000332" classname="character(0)" name="intial_values_for_fixed_distributions_gives_valid_values"/>
    <testcase time="0.00200000000000955" classname="character(0)" name="intial_values_for_fixed_distributions_gives_valid_values"/>
    <testcase time="0.00199999999995271" classname="character(0)" name="intial_values_for_fixed_distributions_gives_valid_values"/>
    <testcase time="0.00200000000000955" classname="character(0)" name="intial_values_for_fixed_distributions_gives_valid_values"/>
    <testcase time="0.00200000000000955" classname="character(0)" name="intial_values_for_fixed_distributions_gives_valid_values"/>
    <testcase time="0.000999999999976353" classname="character(0)" name="intial_values_for_fixed_distributions_gives_valid_values"/>
    <testcase time="0.00200000000000955" classname="character(0)" name="intial_values_for_fixed_distributions_gives_valid_values"/>
    <testcase time="0.00200000000000955" classname="character(0)" name="intial_values_for_fixed_distributions_gives_valid_values"/>
    <testcase time="0.00200000000000955" classname="character(0)" name="intial_values_for_fixed_distributions_gives_valid_values"/>
    <testcase time="0.00200000000000955" classname="character(0)" name="intial_values_for_fixed_distributions_gives_valid_values"/>
    <testcase time="0.00200000000000955" classname="character(0)" name="intial_values_for_fixed_distributions_gives_valid_values"/>
  </testsuite>
  <testsuite name="jinjar_render" timestamp="2025-01-31T16:49:21Z" hostname="fb1fdeee018e" tests="2" skipped="0" failures="0" errors="0" time="0.058">
    <testcase time="0.0579999999999927" classname="character(0)" name="Basic_Jinjar_syntax_works_with_decorated_render_"/>
    <testcase time="0" classname="character(0)" name="Basic_Jinjar_syntax_works_with_decorated_render_"/>
  </testsuite>
  <testsuite name="jinjar_render" timestamp="2025-01-31T16:49:21Z" hostname="fb1fdeee018e" tests="1" skipped="0" failures="0" errors="0" time="0.002">
    <testcase time="0.00200000000000955" classname="character(0)" name="Global_variables_defined_by_decorated_render_are_usable"/>
  </testsuite>
  <testsuite name="longitudinal_plot" timestamp="2025-01-31T16:49:21Z" hostname="fb1fdeee018e" tests="2" skipped="0" failures="0" errors="0" time="0.441">
    <testcase time="0.440999999999974" classname="character(0)" name="longitudinal_plot_works_as_expected"/>
    <testcase time="0" classname="character(0)" name="longitudinal_plot_works_as_expected"/>
  </testsuite>
  <testsuite name="extract_quantities" timestamp="2025-01-31T16:49:26Z" hostname="fb1fdeee018e" tests="5" skipped="0" failures="0" errors="0" time="5.168">
    <testcase time="5.16500000000002" classname="character(0)" name="extract_quantities_works_as_expected"/>
    <testcase time="0" classname="character(0)" name="extract_quantities_works_as_expected"/>
    <testcase time="0.0010000000000332" classname="character(0)" name="extract_quantities_works_as_expected"/>
    <testcase time="0.000999999999976353" classname="character(0)" name="extract_quantities_works_as_expected"/>
    <testcase time="0.000999999999976353" classname="character(0)" name="extract_quantities_works_as_expected"/>
  </testsuite>
  <testsuite name="misc_models" timestamp="2025-01-31T16:49:29Z" hostname="fb1fdeee018e" tests="1" skipped="0" failures="0" errors="0" time="2.86">
    <testcase time="2.86000000000001" classname="character(0)" name="Longitudinal_Model_doesn_t_print_sampler_rejection_messages"/>
  </testsuite>
  <testsuite name="options" timestamp="2025-01-31T16:49:29Z" hostname="fb1fdeee018e" tests="4" skipped="0" failures="0" errors="0" time="0.063">
    <testcase time="0.0600000000000023" classname="character(0)" name="Can_alter_Gaussian_Quadrature_arguments"/>
    <testcase time="0.000999999999976353" classname="character(0)" name="Can_alter_Gaussian_Quadrature_arguments"/>
    <testcase time="0.0010000000000332" classname="character(0)" name="Can_alter_Gaussian_Quadrature_arguments"/>
    <testcase time="0.000999999999976353" classname="character(0)" name="Can_alter_Gaussian_Quadrature_arguments"/>
  </testsuite>
  <testsuite name="stan_functions" timestamp="2025-01-31T16:49:57Z" hostname="fb1fdeee018e" tests="1" skipped="0" failures="0" errors="0" time="27.357">
    <testcase time="27.357" classname="character(0)" name="GSF_SLD_function_works_as_expected"/>
  </testsuite>
  <testsuite name="stan_functions" timestamp="2025-01-31T16:49:57Z" hostname="fb1fdeee018e" tests="2" skipped="0" failures="0" errors="0" time="0.005">
    <testcase time="0.00399999999996226" classname="character(0)" name="Normal_Log_Density_functions_work_as_expected"/>
    <testcase time="0.0010000000000332" classname="character(0)" name="Normal_Log_Density_functions_work_as_expected"/>
  </testsuite>
  <testsuite name="stan_functions" timestamp="2025-01-31T16:49:57Z" hostname="fb1fdeee018e" tests="1" skipped="0" failures="0" errors="0" time="0.005">
    <testcase time="0.00499999999999545" classname="character(0)" name="GSF_Identity_Link_Function_works_as_expected"/>
  </testsuite>
  <testsuite name="survival_plot" timestamp="2025-01-31T16:49:58Z" hostname="fb1fdeee018e" tests="6" skipped="0" failures="0" errors="0" time="1.185">
    <testcase time="1.18000000000001" classname="character(0)" name="survival_plot_works_as_expected"/>
    <testcase time="0.000999999999976353" classname="character(0)" name="survival_plot_works_as_expected"/>
    <testcase time="0.0010000000000332" classname="character(0)" name="survival_plot_works_as_expected"/>
    <testcase time="0.000999999999976353" classname="character(0)" name="survival_plot_works_as_expected"/>
    <testcase time="0.0010000000000332" classname="character(0)" name="survival_plot_works_as_expected"/>
    <testcase time="0.000999999999976353" classname="character(0)" name="survival_plot_works_as_expected"/>
  </testsuite>
  <testsuite name="utilities" timestamp="2025-01-31T16:49:58Z" hostname="fb1fdeee018e" tests="1" skipped="0" failures="0" errors="0" time="0.468">
    <testcase time="0.468000000000018" classname="character(0)" name="get_missing_rownumbers_works_as_expected"/>
  </testsuite>
  <testsuite name="utilities" timestamp="2025-01-31T16:49:58Z" hostname="fb1fdeee018e" tests="1" skipped="0" failures="0" errors="0" time="0.003">
    <testcase time="0.0029999999999859" classname="character(0)" name="remove_missing_rows_works_as_expected"/>
  </testsuite>
  <testsuite name="utilities" timestamp="2025-01-31T16:49:58Z" hostname="fb1fdeee018e" tests="1" skipped="0" failures="0" errors="0" time="0.004">
    <testcase time="0.0040000000000191" classname="character(0)" name="expand_initial_values_works_as_expected"/>
  </testsuite>
  <testsuite name="utilities" timestamp="2025-01-31T16:49:58Z" hostname="fb1fdeee018e" tests="1" skipped="0" failures="0" errors="0" time="0.003">
    <testcase time="0.0029999999999859" classname="character(0)" name="replace_with_lookup_works_and_sets_array_attributes_as_expected"/>
  </testsuite>
  <testsuite name="utilities" timestamp="2025-01-31T16:49:58Z" hostname="fb1fdeee018e" tests="1" skipped="0" failures="0" errors="0" time="0.004">
    <testcase time="0.00399999999996226" classname="character(0)" name="replace_with_lookup_asserts_sizes_as_numbers_as_expected"/>
  </testsuite>
  <testsuite name="utilities" timestamp="2025-01-31T16:49:58Z" hostname="fb1fdeee018e" tests="1" skipped="0" failures="0" errors="0" time="0.003">
    <testcase time="0.00300000000004275" classname="character(0)" name="replace_with_lookup_asserts_looked_up_sizes_as_numbers_as_expected"/>
  </testsuite>
  <testsuite name="utilities" timestamp="2025-01-31T16:49:58Z" hostname="fb1fdeee018e" tests="2" skipped="0" failures="0" errors="0" time="0.005">
    <testcase time="0.00399999999996226" classname="character(0)" name="samples_median_ci_works_as_expected"/>
    <testcase time="0.0010000000000332" classname="character(0)" name="samples_median_ci_works_as_expected"/>
  </testsuite>
  <testsuite name="utilities" timestamp="2025-01-31T16:49:58Z" hostname="fb1fdeee018e" tests="2" skipped="0" failures="0" errors="0" time="0.004">
    <testcase time="0.0029999999999859" classname="character(0)" name="samples_median_ci_works_with_a_custom_credibility_level"/>
    <testcase time="0.000999999999976353" classname="character(0)" name="samples_median_ci_works_with_a_custom_credibility_level"/>
  </testsuite>
  <testsuite name="utilities" timestamp="2025-01-31T16:49:58Z" hostname="fb1fdeee018e" tests="8" skipped="0" failures="0" errors="0" time="0.009">
    <testcase time="0.00300000000004275" classname="character(0)" name="validate_time_grid_works_as_expected"/>
    <testcase time="0.000999999999976353" classname="character(0)" name="validate_time_grid_works_as_expected"/>
    <testcase time="0.0010000000000332" classname="character(0)" name="validate_time_grid_works_as_expected"/>
    <testcase time="0" classname="character(0)" name="validate_time_grid_works_as_expected"/>
    <testcase time="0.000999999999976353" classname="character(0)" name="validate_time_grid_works_as_expected"/>
    <testcase time="0.000999999999976353" classname="character(0)" name="validate_time_grid_works_as_expected"/>
    <testcase time="0.0010000000000332" classname="character(0)" name="validate_time_grid_works_as_expected"/>
    <testcase time="0.000999999999976353" classname="character(0)" name="validate_time_grid_works_as_expected"/>
  </testsuite>
  <testsuite name="utilities" timestamp="2025-01-31T16:49:58Z" hostname="fb1fdeee018e" tests="7" skipped="0" failures="0" errors="0" time="0.008">
    <testcase time="0.0029999999999859" classname="character(0)" name="expand_subjects_works_as_expected"/>
    <testcase time="0.0010000000000332" classname="character(0)" name="expand_subjects_works_as_expected"/>
    <testcase time="0.000999999999976353" classname="character(0)" name="expand_subjects_works_as_expected"/>
    <testcase time="0.0010000000000332" classname="character(0)" name="expand_subjects_works_as_expected"/>
    <testcase time="0" classname="character(0)" name="expand_subjects_works_as_expected"/>
    <testcase time="0.000999999999976353" classname="character(0)" name="expand_subjects_works_as_expected"/>
    <testcase time="0.0010000000000332" classname="character(0)" name="expand_subjects_works_as_expected"/>
  </testsuite>
  <testsuite name="utilities" timestamp="2025-01-31T16:49:58Z" hostname="fb1fdeee018e" tests="5" skipped="0" failures="0" errors="0" time="0.007">
    <testcase time="0.0029999999999859" classname="character(0)" name="decompose_subjects_works_as_expected"/>
    <testcase time="0.000999999999976353" classname="character(0)" name="decompose_subjects_works_as_expected"/>
    <testcase time="0.0010000000000332" classname="character(0)" name="decompose_subjects_works_as_expected"/>
    <testcase time="0.000999999999976353" classname="character(0)" name="decompose_subjects_works_as_expected"/>
    <testcase time="0.000999999999976353" classname="character(0)" name="decompose_subjects_works_as_expected"/>
  </testsuite>
  <testsuite name="utilities" timestamp="2025-01-31T16:49:58Z" hostname="fb1fdeee018e" tests="2" skipped="0" failures="0" errors="0" time="0.004">
    <testcase time="0.00300000000004275" classname="character(0)" name="add_missing_stan_blocks_works_as_expected"/>
    <testcase time="0.000999999999976353" classname="character(0)" name="add_missing_stan_blocks_works_as_expected"/>
  </testsuite>
  <testsuite name="model_multi_chain" timestamp="2025-01-31T16:50:03Z" hostname="fb1fdeee018e" tests="1" skipped="0" failures="0" errors="0" time="4.322">
    <testcase time="4.322" classname="character(0)" name="Can_recover_known_distribution_parameters_from_random_slope_model_when_using_multiple_chains"/>
  </testsuite>
</testsuites>
